Running T1-THOMAS on sub-16
INFO:    Mounting image with FUSE.
Some packages in this Docker container are non-free
If you are considering commercial use of this container, please consult the relevant license:
https://fsl.fmrib.ox.ac.uk/fsl/fslwiki/Licence
THOMAS_HOME setting of /opt/thomas_new
Linux OS detected
File name OK
Running left and right thalamus MV big
All_Command_lines_OK
Using double precision for computations.
=============================================================================
The composite transform comprises the following transforms (in order): 
  1. Center of mass alignment using fixed image: sub-16_desc-preproc_T1w.nii.gz and moving image: /opt/thomas_new/origtemplate.nii.gz (type = Euler3DTransform)
=============================================================================
  number of levels = 4
  number of levels = 4
  fixed image: sub-16_desc-preproc_T1w.nii.gz
  moving image: /opt/thomas_new/origtemplate.nii.gz
  fixed image: sub-16_desc-preproc_T1w.nii.gz
  moving image: /opt/thomas_new/origtemplate.nii.gz
Dimension = 3
Number of stages = 2
Use Histogram Matching false
Winsorize image intensities false
Lower quantile = 0
Upper quantile = 1
Stage 1 State
   Image metric = Mattes
     Fixed image = Image (0x45bd960)
  RTTI typeinfo:   itk::Image<double, 3u>
  Reference Count: 2
  Modified Time: 1696
  Debug: Off
  Object Name: 
  Observers: 
    none
  Source: (none)
  Source output name: (none)
  Release Data: Off
  Data Released: False
  Global Release Data: Off
  PipelineMTime: 0
  UpdateMTime: 1479
  RealTimeStamp: 0 seconds 
  LargestPossibleRegion: 
    Dimension: 3
    Index: [0, 0, 0]
    Size: [170, 352, 352]
  BufferedRegion: 
    Dimension: 3
    Index: [0, 0, 0]
    Size: [170, 352, 352]
  RequestedRegion: 
    Dimension: 3
    Index: [0, 0, 0]
    Size: [170, 352, 352]
  Spacing: [0.999997, 0.727273, 0.727273]
  Origin: [81.5283, 122.346, -134.188]
  Direction: 
-0.999156 0.0391427 -0.0124314
-0.0398463 -0.997245 0.0625696
-0.00994798 0.0630122 0.997963

  IndexToPointMatrix: 
-0.999153 0.0284674 -0.009041
-0.0398462 -0.725269 0.0455052
-0.00994795 0.045827 0.725791

  PointToIndexMatrix: 
-0.999159 -0.0398464 -0.00994801
0.0538212 -1.37121 0.0866417
-0.0170931 0.0860332 1.3722

  Inverse Direction: 
-0.999156 -0.0398463 -0.00994798
0.0391427 -0.997245 0.0630122
-0.0124314 0.0625696 0.997963

  PixelContainer: 
    ImportImageContainer (0x45b6440)
      RTTI typeinfo:   itk::ImportImageContainer<unsigned long, double>
      Reference Count: 1
      Modified Time: 1476
      Debug: Off
      Object Name: 
      Observers: 
        none
      Pointer: 0x150e7c6f2010
      Container manages memory: true
      Size: 21063680
      Capacity: 21063680

     Moving image = Image (0x45b7210)
  RTTI typeinfo:   itk::Image<double, 3u>
  Reference Count: 2
  Modified Time: 1697
  Debug: Off
  Object Name: 
  Observers: 
    none
  Source: (none)
  Source output name: (none)
  Release Data: Off
  Data Released: False
  Global Release Data: Off
  PipelineMTime: 0
  UpdateMTime: 1694
  RealTimeStamp: 0 seconds 
  LargestPossibleRegion: 
    Dimension: 3
    Index: [0, 0, 0]
    Size: [256, 440, 256]
  BufferedRegion: 
    Dimension: 3
    Index: [0, 0, 0]
    Size: [256, 440, 256]
  RequestedRegion: 
    Dimension: 3
    Index: [0, 0, 0]
    Size: [256, 440, 256]
  Spacing: [0.7031, 0.5, 0.7031]
  Origin: [83.5844, 59.822, -106.951]
  Direction: 
-1 0 0
0 -1 0
0 0 1

  IndexToPointMatrix: 
-0.7031 0 0
0 -0.5 0
0 0 0.7031

  PointToIndexMatrix: 
-1.42227 0 0
0 -2 0
0 0 1.42227

  Inverse Direction: 
-1 0 0
0 -1 0
0 0 1

  PixelContainer: 
    ImportImageContainer (0x45b74a0)
      RTTI typeinfo:   itk::ImportImageContainer<unsigned long, double>
      Reference Count: 1
      Modified Time: 1691
      Debug: Off
      Object Name: 
      Observers: 
        none
      Pointer: 0x150e6eaf1010
      Container manages memory: true
      Size: 28835840
      Capacity: 28835840

     Weighting = 1
     Sampling strategy = regular
     Number of bins = 32
     Radius = 4
     Sampling percentage  = 0.25
   Transform = Rigid
     Gradient step = 0.1
     Update field sigma (voxel space) = 0
     Total field sigma (voxel space) = 0
     Update field time sigma = 0
     Total field time sigma  = 0
     Number of time indices = 0
     Number of time point samples = 0
Stage 2 State
   Image metric = Mattes
     Fixed image = Image (0x45c9980)
  RTTI typeinfo:   itk::Image<double, 3u>
  Reference Count: 2
  Modified Time: 2128
  Debug: Off
  Object Name: 
  Observers: 
    none
  Source: (none)
  Source output name: (none)
  Release Data: Off
  Data Released: False
  Global Release Data: Off
  PipelineMTime: 0
  UpdateMTime: 1911
  RealTimeStamp: 0 seconds 
  LargestPossibleRegion: 
    Dimension: 3
    Index: [0, 0, 0]
    Size: [170, 352, 352]
  BufferedRegion: 
    Dimension: 3
    Index: [0, 0, 0]
    Size: [170, 352, 352]
  RequestedRegion: 
    Dimension: 3
    Index: [0, 0, 0]
    Size: [170, 352, 352]
  Spacing: [0.999997, 0.727273, 0.727273]
  Origin: [81.5283, 122.346, -134.188]
  Direction: 
-0.999156 0.0391427 -0.0124314
-0.0398463 -0.997245 0.0625696
-0.00994798 0.0630122 0.997963

  IndexToPointMatrix: 
-0.999153 0.0284674 -0.009041
-0.0398462 -0.725269 0.0455052
-0.00994795 0.045827 0.725791

  PointToIndexMatrix: 
-0.999159 -0.0398464 -0.00994801
0.0538212 -1.37121 0.0866417
-0.0170931 0.0860332 1.3722

  Inverse Direction: 
-0.999156 -0.0398463 -0.00994798
0.0391427 -0.997245 0.0630122
-0.0124314 0.0625696 0.997963

  PixelContainer: 
    ImportImageContainer (0x45b5240)
      RTTI typeinfo:   itk::ImportImageContainer<unsigned long, double>
      Reference Count: 1
      Modified Time: 1908
      Debug: Off
      Object Name: 
      Observers: 
        none
      Pointer: 0x150e64a3c010
      Container manages memory: true
      Size: 21063680
      Capacity: 21063680

     Moving image = Image (0x45cb410)
  RTTI typeinfo:   itk::Image<double, 3u>
  Reference Count: 2
  Modified Time: 2129
  Debug: Off
  Object Name: 
  Observers: 
    none
  Source: (none)
  Source output name: (none)
  Release Data: Off
  Data Released: False
  Global Release Data: Off
  PipelineMTime: 0
  UpdateMTime: 2126
  RealTimeStamp: 0 seconds 
  LargestPossibleRegion: 
    Dimension: 3
    Index: [0, 0, 0]
    Size: [256, 440, 256]
  BufferedRegion: 
    Dimension: 3
    Index: [0, 0, 0]
    Size: [256, 440, 256]
  RequestedRegion: 
    Dimension: 3
    Index: [0, 0, 0]
    Size: [256, 440, 256]
  Spacing: [0.7031, 0.5, 0.7031]
  Origin: [83.5844, 59.822, -106.951]
  Direction: 
-1 0 0
0 -1 0
0 0 1

  IndexToPointMatrix: 
-0.7031 0 0
0 -0.5 0
0 0 0.7031

  PointToIndexMatrix: 
-1.42227 0 0
0 -2 0
0 0 1.42227

  Inverse Direction: 
-1 0 0
0 -1 0
0 0 1

  PixelContainer: 
    ImportImageContainer (0x45bbd50)
      RTTI typeinfo:   itk::ImportImageContainer<unsigned long, double>
      Reference Count: 1
      Modified Time: 2123
      Debug: Off
      Object Name: 
      Observers: 
        none
      Pointer: 0x150e56e3b010
      Container manages memory: true
      Size: 28835840
      Capacity: 28835840

     Weighting = 1
     Sampling strategy = regular
     Number of bins = 32
     Radius = 4
     Sampling percentage  = 0.25
   Transform = Affine
     Gradient step = 0.1
     Update field sigma (voxel space) = 0
     Total field sigma (voxel space) = 0
     Update field time sigma = 0
     Total field time sigma  = 0
     Number of time indices = 0
     Number of time point samples = 0
Registration using 2 total stages.

Stage 0
  iterations = 1000x500x250x100
  convergence threshold = 5e-07
  convergence window size = 10
  number of levels = 4
  using the Mattes MI metric (number of bins = 32, weight = 1)
  Shrink factors (level 1 out of 4): [6, 8, 8]
  Shrink factors (level 2 out of 4): [3, 4, 4]
  Shrink factors (level 3 out of 4): [1, 2, 2]
  Shrink factors (level 4 out of 4): [1, 1, 1]
  smoothing sigmas per level: [3, 2, 1, 0]
  regular sampling (percentage = 0.25)

*** Running Euler3DTransform registration ***

DIAGNOSTIC,Iteration,metricValue,convergenceValue,ITERATION_TIME_INDEX,SINCE_LAST
 2DIAGNOSTIC,     1, -2.835446621054e-01, 1.797693134862e+308, 3.8081e-01, 3.8081e-01, 
 2DIAGNOSTIC,     2, -2.844526935112e-01, 1.797693134862e+308, 3.8405e-01, 3.2432e-03, 
 2DIAGNOSTIC,     3, -2.858583394691e-01, 1.797693134862e+308, 3.8726e-01, 3.2041e-03, 
 2DIAGNOSTIC,     4, -2.876715986871e-01, 1.797693134862e+308, 3.9033e-01, 3.0730e-03, 
 2DIAGNOSTIC,     5, -2.926197968495e-01, 1.797693134862e+308, 3.9360e-01, 3.2690e-03, 
 2DIAGNOSTIC,     6, -3.021703944799e-01, 1.797693134862e+308, 3.9682e-01, 3.2270e-03, 
 2DIAGNOSTIC,     7, -3.260294881486e-01, 1.797693134862e+308, 4.0009e-01, 3.2659e-03, 
 2DIAGNOSTIC,     8, -3.397126192418e-01, 1.797693134862e+308, 4.0387e-01, 3.7830e-03, 
 2DIAGNOSTIC,     9, -3.585664346894e-01, 1.797693134862e+308, 4.0816e-01, 4.2901e-03, 
 2DIAGNOSTIC,    10, -3.774807277235e-01, 1.956363112821e-02, 4.1398e-01, 5.8172e-03, 
 2DIAGNOSTIC,    11, -3.840988917671e-01, 2.061070530704e-02, 4.2024e-01, 6.2580e-03, 
 2DIAGNOSTIC,    12, -3.856585298683e-01, 1.980003630292e-02, 4.3262e-01, 1.2378e-02, 
 2DIAGNOSTIC,    13, -3.856585014562e-01, 1.747317344798e-02, 4.3606e-01, 3.4389e-03, 
 2DIAGNOSTIC,    14, -3.856585466059e-01, 1.407492879623e-02, 4.3960e-01, 3.5422e-03, 
 2DIAGNOSTIC,    15, -3.856586229411e-01, 1.019163938086e-02, 4.4280e-01, 3.2060e-03, 
 2DIAGNOSTIC,    16, -3.856587519750e-01, 6.408880547035e-03, 4.4598e-01, 3.1791e-03, 
 2DIAGNOSTIC,    17, -3.856589700330e-01, 3.707200048539e-03, 4.4931e-01, 3.3288e-03, 
 2DIAGNOSTIC,    18, -3.856593383767e-01, 1.615934057840e-03, 4.5268e-01, 3.3722e-03, 
 2DIAGNOSTIC,    19, -3.856599599333e-01, 4.123225077906e-04, 4.5599e-01, 3.3059e-03, 
 2DIAGNOSTIC,    20, -3.856610077406e-01, 6.532430695670e-05, 4.5937e-01, 3.3760e-03, 
 2DIAGNOSTIC,    21, -3.856627695769e-01, 1.962675907262e-06, 4.6248e-01, 3.1099e-03, 
 2DIAGNOSTIC,    22, -3.856657211108e-01, 2.063453069995e-06, 4.6566e-01, 3.1850e-03, 
 2DIAGNOSTIC,    23, -3.856706356087e-01, 2.278145955624e-06, 4.6893e-01, 3.2721e-03, 
 2DIAGNOSTIC,    24, -3.856787532773e-01, 2.670061494285e-06, 4.7243e-01, 3.4940e-03, 
 2DIAGNOSTIC,    25, -3.856857634345e-01, 3.133790529256e-06, 4.7557e-01, 3.1459e-03, 
 2DIAGNOSTIC,    26, -3.856532157524e-01, 2.402483232078e-06, 4.7927e-01, 3.7019e-03, 
 2DIAGNOSTIC,    27, -3.856612738727e-01, 1.902045289846e-06, 4.8263e-01, 3.3581e-03, 
DIAGNOSTIC,Iteration,metricValue,convergenceValue,ITERATION_TIME_INDEX,SINCE_LAST
 2DIAGNOSTIC,     1, -2.755596179633e-01, 1.797693134862e+308, 9.2475e-01, 4.4211e-01, 
 2DIAGNOSTIC,     2, -2.762512507076e-01, 1.797693134862e+308, 9.4608e-01, 2.1334e-02, 
 2DIAGNOSTIC,     3, -2.772946428387e-01, 1.797693134862e+308, 9.6596e-01, 1.9882e-02, 
 2DIAGNOSTIC,     4, -2.783523571153e-01, 1.797693134862e+308, 9.8545e-01, 1.9486e-02, 
 2DIAGNOSTIC,     5, -2.793371947163e-01, 1.797693134862e+308, 1.0049e+00, 1.9446e-02, 
 2DIAGNOSTIC,     6, -2.826262753129e-01, 1.797693134862e+308, 1.0240e+00, 1.9115e-02, 
 2DIAGNOSTIC,     7, -2.849770759467e-01, 1.797693134862e+308, 1.0432e+00, 1.9164e-02, 
 2DIAGNOSTIC,     8, -2.892174480986e-01, 1.797693134862e+308, 1.0638e+00, 2.0594e-02, 
 2DIAGNOSTIC,     9, -2.961926213399e-01, 1.797693134862e+308, 1.0838e+00, 1.9999e-02, 
 2DIAGNOSTIC,    10, -3.503967218048e-01, 1.025586571492e-02, 1.1142e+00, 3.0476e-02, 
 2DIAGNOSTIC,    11, -3.926930935806e-01, 1.712904885978e-02, 1.1564e+00, 4.2118e-02, 
 2DIAGNOSTIC,    12, -3.931443634217e-01, 2.108359970771e-02, 1.1758e+00, 1.9400e-02, 
 2DIAGNOSTIC,    13, -3.931378426846e-01, 2.257509625442e-02, 1.1982e+00, 2.2399e-02, 
 2DIAGNOSTIC,    14, -3.931701046956e-01, 2.188559230337e-02, 1.2420e+00, 4.3872e-02, 
 2DIAGNOSTIC,    15, -3.931737560554e-01, 1.933463651304e-02, 1.2733e+00, 3.1305e-02, 
 2DIAGNOSTIC,    16, -3.931749861572e-01, 1.555023676841e-02, 1.2957e+00, 2.2341e-02, 
 2DIAGNOSTIC,    17, -3.931721666002e-01, 1.103102934981e-02, 1.3151e+00, 1.9441e-02, 
 2DIAGNOSTIC,    18, -3.931681680706e-01, 6.345438398018e-03, 1.3351e+00, 1.9934e-02, 
 2DIAGNOSTIC,    19, -3.931687853845e-01, 1.913031732579e-03, 1.3576e+00, 2.2561e-02, 
 2DIAGNOSTIC,    20, -3.931720043921e-01, 2.361185740717e-05, 1.3802e+00, 2.2552e-02, 
 2DIAGNOSTIC,    21, -3.931372486583e-01, 2.471273679590e-06, 1.3994e+00, 1.9259e-02, 
DIAGNOSTIC,Iteration,metricValue,convergenceValue,ITERATION_TIME_INDEX,SINCE_LAST
 2DIAGNOSTIC,     1, -3.077409279892e-01, 1.797693134862e+308, 2.4371e+00, 1.0377e+00, 
 2DIAGNOSTIC,     2, -3.080704974435e-01, 1.797693134862e+308, 2.6265e+00, 1.8938e-01, 
 2DIAGNOSTIC,     3, -3.084192142510e-01, 1.797693134862e+308, 2.8153e+00, 1.8881e-01, 
 2DIAGNOSTIC,     4, -3.085763970410e-01, 1.797693134862e+308, 3.0388e+00, 2.2344e-01, 
 2DIAGNOSTIC,     5, -3.085583216502e-01, 1.797693134862e+308, 3.4366e+00, 3.9779e-01, 
 2DIAGNOSTIC,     6, -3.085583240541e-01, 1.797693134862e+308, 3.6350e+00, 1.9841e-01, 
 2DIAGNOSTIC,     7, -3.085540725169e-01, 1.797693134862e+308, 3.8324e+00, 1.9739e-01, 
 2DIAGNOSTIC,     8, -3.085554240718e-01, 1.797693134862e+308, 4.0606e+00, 2.2819e-01, 
 2DIAGNOSTIC,     9, -3.085600727745e-01, 1.797693134862e+308, 4.3474e+00, 2.8686e-01, 
 2DIAGNOSTIC,    10, -3.085576526764e-01, 1.257089862427e-04, 4.6347e+00, 2.8728e-01, 
 2DIAGNOSTIC,    11, -3.085569103237e-01, 5.263790476706e-05, 4.8886e+00, 2.5388e-01, 
 2DIAGNOSTIC,    12, -3.085539224631e-01, 1.173245181660e-05, 5.1111e+00, 2.2249e-01, 
 2DIAGNOSTIC,    13, -3.085536264944e-01, 6.639926986157e-07, 5.3381e+00, 2.2704e-01, 
 2DIAGNOSTIC,    14, -3.085537270663e-01, 1.712814992005e-06, 5.5959e+00, 2.5777e-01, 
 2DIAGNOSTIC,    15, -3.085511330855e-01, 1.399683317221e-06, 5.8192e+00, 2.2335e-01, 
 2DIAGNOSTIC,    16, -3.085506797724e-01, 1.184194258819e-06, 6.0133e+00, 1.9408e-01, 
 2DIAGNOSTIC,    17, -3.085509646230e-01, 8.539781800390e-07, 6.2454e+00, 2.3207e-01, 
 2DIAGNOSTIC,    18, -3.085516759734e-01, 7.490760826831e-07, 6.4682e+00, 2.2278e-01, 
 2DIAGNOSTIC,    19, -3.085503015630e-01, 9.082176693140e-07, 6.6962e+00, 2.2807e-01, 
 2DIAGNOSTIC,    20, -3.085492280149e-01, 9.653146815294e-07, 6.9256e+00, 2.2935e-01, 
 2DIAGNOSTIC,    21, -3.085488430166e-01, 1.031306894848e-06, 7.1233e+00, 1.9775e-01, 
 2DIAGNOSTIC,    22, -3.085462118681e-01, 8.985374647455e-07, 7.3472e+00, 2.2383e-01, 
 2DIAGNOSTIC,    23, -3.085468303655e-01, 8.416183686979e-07, 7.5742e+00, 2.2699e-01, 
 2DIAGNOSTIC,    24, -3.085467204017e-01, 8.414890693767e-07, 7.8007e+00, 2.2655e-01, 
 2DIAGNOSTIC,    25, -3.085454545082e-01, 7.453488752376e-07, 8.0254e+00, 2.2473e-01, 
 2DIAGNOSTIC,    26, -3.085455964463e-01, 6.966989622229e-07, 8.2557e+00, 2.3028e-01, 
 2DIAGNOSTIC,    27, -3.085437880489e-01, 6.482104282779e-07, 8.4546e+00, 1.9887e-01, 
 2DIAGNOSTIC,    28, -3.085444752001e-01, 7.009383440754e-07, 8.6865e+00, 2.3195e-01, 
 2DIAGNOSTIC,    29, -3.085439552748e-01, 7.293226105959e-07, 9.0300e+00, 3.4352e-01, 
 2DIAGNOSTIC,    30, -3.085441058306e-01, 7.623718424679e-07, 9.2585e+00, 2.2846e-01, 
 2DIAGNOSTIC,    31, -3.085439045106e-01, 8.067850235660e-07, 9.4884e+00, 2.2992e-01, 
 2DIAGNOSTIC,    32, -3.085437096275e-01, 7.874791299531e-07, 9.6832e+00, 1.9479e-01, 
 2DIAGNOSTIC,    33, -3.085435584316e-01, 8.017987218681e-07, 9.8818e+00, 1.9856e-01, 
 2DIAGNOSTIC,    34, -3.085438893681e-01, 8.370142256728e-07, 1.0081e+01, 1.9965e-01, 
 2DIAGNOSTIC,    35, -3.085431466886e-01, 8.259646021962e-07, 1.0274e+01, 1.9279e-01, 
 2DIAGNOSTIC,    36, -3.085434421593e-01, 8.366097208057e-07, 1.0475e+01, 2.0027e-01, 
 2DIAGNOSTIC,    37, -3.085425770202e-01, 7.838266083554e-07, 1.0669e+01, 1.9426e-01, 
 2DIAGNOSTIC,    38, -3.085436186451e-01, 7.837361756351e-07, 1.0898e+01, 2.2930e-01, 
 2DIAGNOSTIC,    39, -3.085459271732e-01, 8.298683056469e-07, 1.1126e+01, 2.2745e-01, 
 2DIAGNOSTIC,    40, -3.085446713647e-01, 8.455910632012e-07, 1.1326e+01, 2.0034e-01, 
 2DIAGNOSTIC,    41, -3.085461126350e-01, 8.856517686347e-07, 1.1522e+01, 1.9570e-01, 
 2DIAGNOSTIC,    42, -3.085476045231e-01, 9.414902782667e-07, 1.1781e+01, 2.5947e-01, 
 2DIAGNOSTIC,    43, -3.085476726299e-01, 9.736028487410e-07, 1.2041e+01, 2.5952e-01, 
 2DIAGNOSTIC,    44, -3.085470576417e-01, 9.762174811162e-07, 1.2270e+01, 2.2963e-01, 
 2DIAGNOSTIC,    45, -3.085453979331e-01, 9.063013550366e-07, 1.2495e+01, 2.2492e-01, 
 2DIAGNOSTIC,    46, -3.085454213792e-01, 8.285588112486e-07, 1.2723e+01, 2.2776e-01, 
 2DIAGNOSTIC,    47, -3.085442020036e-01, 6.985084263431e-07, 1.2949e+01, 2.2658e-01, 
 2DIAGNOSTIC,    48, -3.085445234529e-01, 5.969239274192e-07, 1.3173e+01, 2.2365e-01, 
 2DIAGNOSTIC,    49, -3.085432278516e-01, 5.261661189804e-07, 1.3401e+01, 2.2775e-01, 
DIAGNOSTIC,Iteration,metricValue,convergenceValue,ITERATION_TIME_INDEX,SINCE_LAST
 2DIAGNOSTIC,     1, -2.483464201577e-01, 1.797693134862e+308, 1.5782e+01, 2.3815e+00, 
 2DIAGNOSTIC,     2, -2.484280109074e-01, 1.797693134862e+308, 1.6391e+01, 6.0892e-01, 
 2DIAGNOSTIC,     3, -2.484582967898e-01, 1.797693134862e+308, 1.7173e+01, 7.8188e-01, 
 2DIAGNOSTIC,     4, -2.484503212191e-01, 1.797693134862e+308, 1.8218e+01, 1.0447e+00, 
 2DIAGNOSTIC,     5, -2.484524204610e-01, 1.797693134862e+308, 1.8911e+01, 6.9363e-01, 
 2DIAGNOSTIC,     6, -2.484505413915e-01, 1.797693134862e+308, 1.9616e+01, 7.0477e-01, 
 2DIAGNOSTIC,     7, -2.484495421975e-01, 1.797693134862e+308, 2.0315e+01, 6.9836e-01, 
 2DIAGNOSTIC,     8, -2.484503492114e-01, 1.797693134862e+308, 2.1097e+01, 7.8268e-01, 
 2DIAGNOSTIC,     9, -2.484489429221e-01, 1.797693134862e+308, 2.1810e+01, 7.1304e-01, 
 2DIAGNOSTIC,    10, -2.484488771114e-01, 1.627813274448e-05, 2.3021e+01, 1.2111e+00, 
 2DIAGNOSTIC,    11, -2.484490120781e-01, 4.001937812165e-06, 2.3715e+01, 6.9405e-01, 
 2DIAGNOSTIC,    12, -2.484486588278e-01, 1.327478576965e-06, 2.4411e+01, 6.9537e-01, 
 2DIAGNOSTIC,    13, -2.484484963797e-01, 1.854988373309e-06, 2.5109e+01, 6.9850e-01, 
 2DIAGNOSTIC,    14, -2.484481382421e-01, 1.673760860813e-06, 2.5797e+01, 6.8750e-01, 
 2DIAGNOSTIC,    15, -2.484480644340e-01, 1.730638569133e-06, 2.6395e+01, 5.9835e-01, 
 2DIAGNOSTIC,    16, -2.484481725581e-01, 1.690265551399e-06, 2.7083e+01, 6.8824e-01, 
 2DIAGNOSTIC,    17, -2.484480533487e-01, 1.603784557373e-06, 2.7693e+01, 6.1011e-01, 
 2DIAGNOSTIC,    18, -2.484478187205e-01, 1.591216239639e-06, 2.8309e+01, 6.1519e-01, 
 2DIAGNOSTIC,    19, -2.484478343586e-01, 1.513259970339e-06, 2.9182e+01, 8.7296e-01, 
 2DIAGNOSTIC,    20, -2.484479029223e-01, 1.457425621139e-06, 2.9803e+01, 6.2187e-01, 
 2DIAGNOSTIC,    21, -2.484475351707e-01, 1.406390661630e-06, 3.0508e+01, 7.0426e-01, 
 2DIAGNOSTIC,    22, -2.484472290123e-01, 1.336516000171e-06, 3.1218e+01, 7.1041e-01, 
 2DIAGNOSTIC,    23, -2.484473611372e-01, 1.282487053729e-06, 3.1831e+01, 6.1248e-01, 
 2DIAGNOSTIC,    24, -2.484474944624e-01, 1.231118249005e-06, 3.2539e+01, 7.0877e-01, 
 2DIAGNOSTIC,    25, -2.484475473575e-01, 1.191053278130e-06, 3.3342e+01, 8.0240e-01, 
 2DIAGNOSTIC,    26, -2.484472432128e-01, 1.153546814250e-06, 3.4046e+01, 7.0378e-01, 
 2DIAGNOSTIC,    27, -2.484472301048e-01, 1.120883427429e-06, 3.4664e+01, 6.1853e-01, 
 2DIAGNOSTIC,    28, -2.484472092207e-01, 1.085123195910e-06, 3.5279e+01, 6.1476e-01, 
 2DIAGNOSTIC,    29, -2.484476823121e-01, 1.075175961152e-06, 3.6066e+01, 7.8687e-01, 
 2DIAGNOSTIC,    30, -2.484479865904e-01, 1.081963815749e-06, 3.6767e+01, 7.0150e-01, 
 2DIAGNOSTIC,    31, -2.484474963716e-01, 1.055130703267e-06, 3.7475e+01, 7.0759e-01, 
 2DIAGNOSTIC,    32, -2.484475939823e-01, 1.020684180869e-06, 3.8099e+01, 6.2382e-01, 
 2DIAGNOSTIC,    33, -2.484477542610e-01, 9.954773000018e-07, 3.8796e+01, 6.9758e-01, 
 2DIAGNOSTIC,    34, -2.484476280759e-01, 9.681307735730e-07, 3.9587e+01, 7.9122e-01, 
 2DIAGNOSTIC,    35, -2.484473607966e-01, 9.325851594646e-07, 4.0292e+01, 7.0458e-01, 
 2DIAGNOSTIC,    36, -2.484470225931e-01, 8.770887267549e-07, 4.1004e+01, 7.1205e-01, 
 2DIAGNOSTIC,    37, -2.484470533068e-01, 8.262293645471e-07, 4.1704e+01, 6.9990e-01, 
 2DIAGNOSTIC,    38, -2.484471607524e-01, 7.829465793717e-07, 4.2421e+01, 7.1749e-01, 
 2DIAGNOSTIC,    39, -2.484468813770e-01, 7.521787105357e-07, 4.3037e+01, 6.1544e-01, 
 2DIAGNOSTIC,    40, -2.484469711755e-01, 7.412412836270e-07, 4.3744e+01, 7.0708e-01, 
 2DIAGNOSTIC,    41, -2.484469599663e-01, 7.219869010422e-07, 4.4360e+01, 6.1574e-01, 
 2DIAGNOSTIC,    42, -2.484469378530e-01, 7.104878656274e-07, 4.5063e+01, 7.0342e-01, 
 2DIAGNOSTIC,    43, -2.484472348697e-01, 7.160621649828e-07, 4.5768e+01, 7.0505e-01, 
 2DIAGNOSTIC,    44, -2.484471701855e-01, 7.186640677039e-07, 4.6632e+01, 8.6359e-01, 
 2DIAGNOSTIC,    45, -2.484470681650e-01, 7.125916549541e-07, 4.7334e+01, 7.0171e-01, 
 2DIAGNOSTIC,    46, -2.484470263288e-01, 6.968557689606e-07, 4.7949e+01, 6.1569e-01, 
 2DIAGNOSTIC,    47, -2.484469244605e-01, 6.793824074321e-07, 4.8561e+01, 6.1164e-01, 
 2DIAGNOSTIC,    48, -2.484468277113e-01, 6.627644433266e-07, 4.9267e+01, 7.0625e-01, 
 2DIAGNOSTIC,    49, -2.484468837382e-01, 6.415619070478e-07, 4.9883e+01, 6.1542e-01, 
 2DIAGNOSTIC,    50, -2.484470606111e-01, 6.280985994853e-07, 5.0585e+01, 7.0275e-01, 
 2DIAGNOSTIC,    51, -2.484471910305e-01, 6.185843986657e-07, 5.1301e+01, 7.1523e-01, 
 2DIAGNOSTIC,    52, -2.484469881523e-01, 6.047731150940e-07, 5.1918e+01, 6.1781e-01, 
 2DIAGNOSTIC,    53, -2.484470986910e-01, 6.012065235303e-07, 5.2536e+01, 6.1765e-01, 
 2DIAGNOSTIC,    54, -2.484474753525e-01, 6.041991279619e-07, 5.3234e+01, 6.9816e-01, 
 2DIAGNOSTIC,    55, -2.484476192548e-01, 6.061263408096e-07, 5.3850e+01, 6.1629e-01, 
 2DIAGNOSTIC,    56, -2.484478836677e-01, 6.099213472367e-07, 5.4537e+01, 6.8619e-01, 
 2DIAGNOSTIC,    57, -2.484481041322e-01, 6.121220730362e-07, 5.5231e+01, 6.9467e-01, 
 2DIAGNOSTIC,    58, -2.484483397970e-01, 6.117782711916e-07, 5.5841e+01, 6.0921e-01, 
 2DIAGNOSTIC,    59, -2.484484909865e-01, 6.091050203209e-07, 5.6442e+01, 6.0157e-01, 
 2DIAGNOSTIC,    60, -2.484489675047e-01, 6.121142617117e-07, 5.7215e+01, 7.7261e-01, 
 2DIAGNOSTIC,    61, -2.484491312171e-01, 6.126473501046e-07, 5.7827e+01, 6.1182e-01, 
 2DIAGNOSTIC,    62, -2.484486773658e-01, 5.923029402048e-07, 5.8528e+01, 7.0160e-01, 
 2DIAGNOSTIC,    63, -2.484488864255e-01, 5.710087890055e-07, 5.9228e+01, 6.9964e-01, 
 2DIAGNOSTIC,    64, -2.484486341323e-01, 5.460373896857e-07, 5.9916e+01, 6.8872e-01, 
 2DIAGNOSTIC,    65, -2.484481552386e-01, 5.110794897983e-07, 6.0611e+01, 6.9413e-01, 
  Elapsed time (stage 0): 6.1076e+01


Stage 1
  iterations = 1000x500x250x100
  convergence threshold = 4.0000e-07
  convergence window size = 10
  number of levels = 4
  using the Mattes MI metric (number of bins = 32, weight = 1.0000e+00)
  Shrink factors (level 1 out of 4): [6, 8, 8]
  Shrink factors (level 2 out of 4): [3, 4, 4]
  Shrink factors (level 3 out of 4): [1, 2, 2]
  Shrink factors (level 4 out of 4): [1, 1, 1]
  smoothing sigmas per level: [3, 2, 1, 0]
  regular sampling (percentage = 2.5000e-01)

*** Running AffineTransform registration ***

DIAGNOSTIC,Iteration,metricValue,convergenceValue,ITERATION_TIME_INDEX,SINCE_LAST
 2DIAGNOSTIC,     1, -4.844836070160e-01, 1.797693134862e+308, 3.8643e-01, 3.8643e-01, 
 2DIAGNOSTIC,     2, -4.865097972181e-01, 1.797693134862e+308, 3.8982e-01, 3.3891e-03, 
 2DIAGNOSTIC,     3, -4.896889700666e-01, 1.797693134862e+308, 3.9304e-01, 3.2239e-03, 
 2DIAGNOSTIC,     4, -4.936529930164e-01, 1.797693134862e+308, 3.9637e-01, 3.3309e-03, 
 2DIAGNOSTIC,     5, -4.977056538966e-01, 1.797693134862e+308, 3.9979e-01, 3.4208e-03, 
 2DIAGNOSTIC,     6, -5.019971011772e-01, 1.797693134862e+308, 4.0315e-01, 3.3610e-03, 
 2DIAGNOSTIC,     7, -5.077116949350e-01, 1.797693134862e+308, 4.0651e-01, 3.3591e-03, 
 2DIAGNOSTIC,     8, -5.211178904741e-01, 1.797693134862e+308, 4.1143e-01, 4.9210e-03, 
 2DIAGNOSTIC,     9, -5.319063076884e-01, 1.797693134862e+308, 4.1835e-01, 6.9170e-03, 
 2DIAGNOSTIC,    10, -5.326471671606e-01, 6.600302298425e-03, 4.2222e-01, 3.8750e-03, 
 2DIAGNOSTIC,    11, -5.343283432801e-01, 6.320778407105e-03, 4.2585e-01, 3.6280e-03, 
 2DIAGNOSTIC,    12, -5.362345991459e-01, 5.706899581175e-03, 4.2950e-01, 3.6440e-03, 
 2DIAGNOSTIC,    13, -5.383542900661e-01, 4.890695648605e-03, 4.3302e-01, 3.5229e-03, 
 2DIAGNOSTIC,    14, -5.416134849105e-01, 4.029229834705e-03, 4.3657e-01, 3.5501e-03, 
 2DIAGNOSTIC,    15, -5.431374837047e-01, 3.128692848526e-03, 4.4032e-01, 3.7460e-03, 
 2DIAGNOSTIC,    16, -5.467574466405e-01, 2.336549145081e-03, 4.4496e-01, 4.6470e-03, 
 2DIAGNOSTIC,    17, -5.515438153583e-01, 1.754779236979e-03, 4.5543e-01, 1.0472e-02, 
 2DIAGNOSTIC,    18, -5.515516337653e-01, 1.473923318635e-03, 4.5927e-01, 3.8331e-03, 
 2DIAGNOSTIC,    19, -5.515791361904e-01, 1.399625118070e-03, 4.6362e-01, 4.3480e-03, 
 2DIAGNOSTIC,    20, -5.515971786789e-01, 1.225092504870e-03, 4.6814e-01, 4.5218e-03, 
 2DIAGNOSTIC,    21, -5.515564115249e-01, 9.949452313470e-04, 4.7227e-01, 4.1289e-03, 
 2DIAGNOSTIC,    22, -5.515610706031e-01, 7.387898624534e-04, 4.7568e-01, 3.4111e-03, 
 2DIAGNOSTIC,    23, -5.515548692838e-01, 4.856844650980e-04, 4.7939e-01, 3.7079e-03, 
 2DIAGNOSTIC,    24, -5.516340086553e-01, 2.856814289807e-04, 4.8293e-01, 3.5460e-03, 
 2DIAGNOSTIC,    25, -5.515585996332e-01, 1.057056946180e-04, 4.8719e-01, 4.2570e-03, 
 2DIAGNOSTIC,    26, -5.515379822738e-01, 1.679117921524e-06, 4.9191e-01, 4.7209e-03, 
DIAGNOSTIC,Iteration,metricValue,convergenceValue,ITERATION_TIME_INDEX,SINCE_LAST
 2DIAGNOSTIC,     1, -4.484428026898e-01, 1.797693134862e+308, 9.3513e-01, 4.4322e-01, 
 2DIAGNOSTIC,     2, -4.484772475917e-01, 1.797693134862e+308, 9.5805e-01, 2.2919e-02, 
 2DIAGNOSTIC,     3, -4.487277202352e-01, 1.797693134862e+308, 9.8294e-01, 2.4892e-02, 
 2DIAGNOSTIC,     4, -4.488568631714e-01, 1.797693134862e+308, 1.0052e+00, 2.2250e-02, 
 2DIAGNOSTIC,     5, -4.489572145473e-01, 1.797693134862e+308, 1.0340e+00, 2.8825e-02, 
 2DIAGNOSTIC,     6, -4.489802643057e-01, 1.797693134862e+308, 1.0621e+00, 2.8056e-02, 
 2DIAGNOSTIC,     7, -4.489640578227e-01, 1.797693134862e+308, 1.0933e+00, 3.1223e-02, 
 2DIAGNOSTIC,     8, -4.489344759399e-01, 1.797693134862e+308, 1.1185e+00, 2.5253e-02, 
 2DIAGNOSTIC,     9, -4.489059269730e-01, 1.797693134862e+308, 1.1436e+00, 2.5058e-02, 
 2DIAGNOSTIC,    10, -4.488948834623e-01, 6.812622149679e-05, 1.1690e+00, 2.5390e-02, 
 2DIAGNOSTIC,    11, -4.488979807436e-01, 3.673719579041e-05, 1.1943e+00, 2.5333e-02, 
 2DIAGNOSTIC,    12, -4.488979363693e-01, 9.130104620850e-06, 1.2197e+00, 2.5328e-02, 
DIAGNOSTIC,Iteration,metricValue,convergenceValue,ITERATION_TIME_INDEX,SINCE_LAST
 2DIAGNOSTIC,     1, -3.539965651335e-01, 1.797693134862e+308, 2.3061e+00, 1.0865e+00, 
 2DIAGNOSTIC,     2, -3.541298375540e-01, 1.797693134862e+308, 2.6200e+00, 3.1389e-01, 
 2DIAGNOSTIC,     3, -3.541382975081e-01, 1.797693134862e+308, 2.8793e+00, 2.5925e-01, 
 2DIAGNOSTIC,     4, -3.541460301122e-01, 1.797693134862e+308, 3.1368e+00, 2.5754e-01, 
 2DIAGNOSTIC,     5, -3.541351518243e-01, 1.797693134862e+308, 3.4580e+00, 3.2121e-01, 
 2DIAGNOSTIC,     6, -3.541372444805e-01, 1.797693134862e+308, 3.7427e+00, 2.8467e-01, 
 2DIAGNOSTIC,     7, -3.541348908338e-01, 1.797693134862e+308, 4.1274e+00, 3.8467e-01, 
 2DIAGNOSTIC,     8, -3.541343727363e-01, 1.797693134862e+308, 4.4540e+00, 3.2668e-01, 
 2DIAGNOSTIC,     9, -3.541338728962e-01, 1.797693134862e+308, 4.7095e+00, 2.5549e-01, 
 2DIAGNOSTIC,    10, -3.541336714889e-01, 1.385720482149e-05, 4.9697e+00, 2.6020e-01, 
 2DIAGNOSTIC,    11, -3.541333490447e-01, 2.175418051462e-06, 5.2592e+00, 2.8948e-01, 
 2DIAGNOSTIC,    12, -3.541333609294e-01, 1.399406644592e-06, 5.5174e+00, 2.5823e-01, 
 2DIAGNOSTIC,    13, -3.541333013566e-01, 1.355447795698e-06, 5.7432e+00, 2.2577e-01, 
 2DIAGNOSTIC,    14, -3.541320434775e-01, 1.805661866153e-06, 5.9707e+00, 2.2752e-01, 
 2DIAGNOSTIC,    15, -3.541322311101e-01, 1.663498875717e-06, 6.2570e+00, 2.8622e-01, 
 2DIAGNOSTIC,    16, -3.541324488780e-01, 1.698819042453e-06, 6.4772e+00, 2.2023e-01, 
 2DIAGNOSTIC,    17, -3.541311173148e-01, 1.581810369092e-06, 6.7052e+00, 2.2797e-01, 
 2DIAGNOSTIC,    18, -3.541317403384e-01, 1.511715644241e-06, 6.9635e+00, 2.5829e-01, 
 2DIAGNOSTIC,    19, -3.541316559693e-01, 1.447684917527e-06, 7.2199e+00, 2.5641e-01, 
 2DIAGNOSTIC,    20, -3.541309499106e-01, 1.374589904624e-06, 7.4744e+00, 2.5451e-01, 
 2DIAGNOSTIC,    21, -3.541310043845e-01, 1.318650919173e-06, 7.7024e+00, 2.2799e-01, 
 2DIAGNOSTIC,    22, -3.541311485068e-01, 1.291707273109e-06, 7.9588e+00, 2.5644e-01, 
 2DIAGNOSTIC,    23, -3.541314230725e-01, 1.289795178654e-06, 8.1838e+00, 2.2503e-01, 
 2DIAGNOSTIC,    24, -3.541328031372e-01, 1.299933132554e-06, 8.4395e+00, 2.5571e-01, 
 2DIAGNOSTIC,    25, -3.541347148243e-01, 1.377955490815e-06, 8.7314e+00, 2.9184e-01, 
 2DIAGNOSTIC,    26, -3.541344115246e-01, 1.437778699681e-06, 8.9533e+00, 2.2195e-01, 
 2DIAGNOSTIC,    27, -3.541324288294e-01, 1.375070864090e-06, 9.2150e+00, 2.6167e-01, 
 2DIAGNOSTIC,    28, -3.541317537699e-01, 1.298745762192e-06, 9.4409e+00, 2.2591e-01, 
 2DIAGNOSTIC,    29, -3.541328097356e-01, 1.238717537738e-06, 9.6708e+00, 2.2994e-01, 
 2DIAGNOSTIC,    30, -3.541332983319e-01, 1.160728076266e-06, 9.9283e+00, 2.5743e-01, 
 2DIAGNOSTIC,    31, -3.541339725872e-01, 1.097516945263e-06, 1.0158e+01, 2.2937e-01, 
 2DIAGNOSTIC,    32, -3.541313238712e-01, 9.707091598171e-07, 1.0417e+01, 2.5961e-01, 
 2DIAGNOSTIC,    33, -3.541296859640e-01, 8.227201664934e-07, 1.0642e+01, 2.2449e-01, 
 2DIAGNOSTIC,    34, -3.541297412965e-01, 7.287902634885e-07, 1.0897e+01, 2.5519e-01, 
 2DIAGNOSTIC,    35, -3.541317923332e-01, 7.483243776273e-07, 1.1158e+01, 2.6153e-01, 
 2DIAGNOSTIC,    36, -3.541325260743e-01, 7.911454970311e-07, 1.1415e+01, 2.5658e-01, 
 2DIAGNOSTIC,    37, -3.541380311768e-01, 9.188677756317e-07, 1.1678e+01, 2.6259e-01, 
 2DIAGNOSTIC,    38, -3.541372228481e-01, 1.000982048222e-06, 1.1907e+01, 2.2923e-01, 
 2DIAGNOSTIC,    39, -3.541432820982e-01, 1.210706568579e-06, 1.2168e+01, 2.6120e-01, 
 2DIAGNOSTIC,    40, -3.541467883076e-01, 1.448227182559e-06, 1.2431e+01, 2.6335e-01, 
 2DIAGNOSTIC,    41, -3.541467743564e-01, 1.624302017150e-06, 1.2659e+01, 2.2744e-01, 
 2DIAGNOSTIC,    42, -3.541622233921e-01, 1.958042487493e-06, 1.2918e+01, 2.5877e-01, 
 2DIAGNOSTIC,    43, -3.541676824479e-01, 2.225779450638e-06, 1.3182e+01, 2.6397e-01, 
 2DIAGNOSTIC,    44, -3.541745378867e-01, 2.464563648826e-06, 1.3510e+01, 3.2878e-01, 
 2DIAGNOSTIC,    45, -3.541764459963e-01, 2.598058355615e-06, 1.3772e+01, 2.6129e-01, 
 2DIAGNOSTIC,    46, -3.541734742075e-01, 2.505346856228e-06, 1.4036e+01, 2.6462e-01, 
 2DIAGNOSTIC,    47, -3.541741198376e-01, 2.349541854116e-06, 1.4297e+01, 2.6044e-01, 
 2DIAGNOSTIC,    48, -3.541722628678e-01, 1.989932953465e-06, 1.4712e+01, 4.1487e-01, 
 2DIAGNOSTIC,    49, -3.541722656175e-01, 1.617456402665e-06, 1.4974e+01, 2.6260e-01, 
 2DIAGNOSTIC,    50, -3.541721895865e-01, 1.225610066848e-06, 1.5204e+01, 2.2973e-01, 
 2DIAGNOSTIC,    51, -3.541712935681e-01, 7.743148811822e-07, 1.5461e+01, 2.5710e-01, 
 2DIAGNOSTIC,    52, -3.541697980318e-01, 5.411231064241e-07, 1.5725e+01, 2.6401e-01, 
DIAGNOSTIC,Iteration,metricValue,convergenceValue,ITERATION_TIME_INDEX,SINCE_LAST
 2DIAGNOSTIC,     1, -2.858140385436e-01, 1.797693134862e+308, 1.8683e+01, 2.9575e+00, 
 2DIAGNOSTIC,     2, -2.858142374585e-01, 1.797693134862e+308, 1.9505e+01, 8.2297e-01, 
 2DIAGNOSTIC,     3, -2.858134669446e-01, 1.797693134862e+308, 2.0526e+01, 1.0209e+00, 
 2DIAGNOSTIC,     4, -2.858125815931e-01, 1.797693134862e+308, 2.1353e+01, 8.2685e-01, 
 2DIAGNOSTIC,     5, -2.858120407205e-01, 1.797693134862e+308, 2.2190e+01, 8.3641e-01, 
 2DIAGNOSTIC,     6, -2.858106375061e-01, 1.797693134862e+308, 2.3030e+01, 8.4070e-01, 
 2DIAGNOSTIC,     7, -2.858108128415e-01, 1.797693134862e+308, 2.3864e+01, 8.3401e-01, 
 2DIAGNOSTIC,     8, -2.858102055216e-01, 1.797693134862e+308, 2.5184e+01, 1.3202e+00, 
 2DIAGNOSTIC,     9, -2.858103715742e-01, 1.797693134862e+308, 2.6016e+01, 8.3147e-01, 
 2DIAGNOSTIC,    10, -2.858102920744e-01, 2.139722923136e-06, 2.6843e+01, 8.2659e-01, 
 2DIAGNOSTIC,    11, -2.858099765915e-01, 2.040805426540e-06, 2.7740e+01, 8.9780e-01, 
 2DIAGNOSTIC,    12, -2.858097847994e-01, 2.036758321278e-06, 2.8545e+01, 8.0424e-01, 
 2DIAGNOSTIC,    13, -2.858094001516e-01, 2.000825630205e-06, 2.9352e+01, 8.0728e-01, 
 2DIAGNOSTIC,    14, -2.858094916083e-01, 1.954492911016e-06, 3.0071e+01, 7.1892e-01, 
 2DIAGNOSTIC,    15, -2.858094023884e-01, 1.903155161020e-06, 3.0895e+01, 8.2381e-01, 
 2DIAGNOSTIC,    16, -2.858094185314e-01, 1.791604850879e-06, 3.1620e+01, 7.2549e-01, 
 2DIAGNOSTIC,    17, -2.858094279409e-01, 1.723475842409e-06, 3.2344e+01, 7.2389e-01, 
 2DIAGNOSTIC,    18, -2.858093573102e-01, 1.638801621844e-06, 3.3167e+01, 8.2330e-01, 
 2DIAGNOSTIC,    19, -2.858093790240e-01, 1.584661133300e-06, 3.4090e+01, 9.2236e-01, 
 2DIAGNOSTIC,    20, -2.858093770180e-01, 1.540214503958e-06, 3.4916e+01, 8.2638e-01, 
 2DIAGNOSTIC,    21, -2.858093570083e-01, 1.488871336552e-06, 3.5638e+01, 7.2152e-01, 
 2DIAGNOSTIC,    22, -2.858093586337e-01, 1.436542165993e-06, 3.6455e+01, 8.1753e-01, 
 2DIAGNOSTIC,    23, -2.858088761144e-01, 1.352032032859e-06, 3.7275e+01, 8.1952e-01, 
 2DIAGNOSTIC,    24, -2.858086933713e-01, 1.274364110633e-06, 3.7994e+01, 7.1943e-01, 
 2DIAGNOSTIC,    25, -2.858085873393e-01, 1.199855599147e-06, 3.8915e+01, 9.2089e-01, 
