Running T1-THOMAS on sub-8
INFO:    Mounting image with FUSE.
Some packages in this Docker container are non-free
If you are considering commercial use of this container, please consult the relevant license:
https://fsl.fmrib.ox.ac.uk/fsl/fslwiki/Licence
THOMAS_HOME setting of /opt/thomas_new
Linux OS detected
File name OK
Running left and right thalamus MV big
All_Command_lines_OK
Using double precision for computations.
=============================================================================
The composite transform comprises the following transforms (in order): 
  1. Center of mass alignment using fixed image: sub-8_desc-preproc_T1w.nii.gz and moving image: /opt/thomas_new/origtemplate.nii.gz (type = Euler3DTransform)
=============================================================================
  number of levels = 4
  number of levels = 4
  fixed image: sub-8_desc-preproc_T1w.nii.gz
  moving image: /opt/thomas_new/origtemplate.nii.gz
  fixed image: sub-8_desc-preproc_T1w.nii.gz
  moving image: /opt/thomas_new/origtemplate.nii.gz
Dimension = 3
Number of stages = 2
Use Histogram Matching false
Winsorize image intensities false
Lower quantile = 0
Upper quantile = 1
Stage 1 State
   Image metric = Mattes
     Fixed image = Image (0x3af7940)
  RTTI typeinfo:   itk::Image<double, 3u>
  Reference Count: 2
  Modified Time: 1696
  Debug: Off
  Object Name: 
  Observers: 
    none
  Source: (none)
  Source output name: (none)
  Release Data: Off
  Data Released: False
  Global Release Data: Off
  PipelineMTime: 0
  UpdateMTime: 1479
  RealTimeStamp: 0 seconds 
  LargestPossibleRegion: 
    Dimension: 3
    Index: [0, 0, 0]
    Size: [160, 256, 256]
  BufferedRegion: 
    Dimension: 3
    Index: [0, 0, 0]
    Size: [160, 256, 256]
  RequestedRegion: 
    Dimension: 3
    Index: [0, 0, 0]
    Size: [160, 256, 256]
  Spacing: [0.9, 0.828247, 0.828247]
  Origin: [68.4398, 71.9869, -102.564]
  Direction: 
-0.997104 0.0751739 0.0115444
-0.074502 -0.995942 0.0504791
0.0152922 0.0494728 0.998658

  IndexToPointMatrix: 
-0.897393 0.0622626 0.0095616
-0.0670518 -0.824886 0.0418091
0.013763 0.0409757 0.827136

  PointToIndexMatrix: 
-1.10789 -0.08278 0.0169914
0.0907627 -1.20247 0.0597319
0.0139383 0.0609469 1.20575

  Inverse Direction: 
-0.997104 -0.074502 0.0152922
0.0751739 -0.995942 0.0494728
0.0115444 0.0504791 0.998658

  PixelContainer: 
    ImportImageContainer (0x3af0420)
      RTTI typeinfo:   itk::ImportImageContainer<unsigned long, double>
      Reference Count: 1
      Modified Time: 1476
      Debug: Off
      Object Name: 
      Observers: 
        none
      Pointer: 0x14bd91725010
      Container manages memory: true
      Size: 10485760
      Capacity: 10485760

     Moving image = Image (0x3af11f0)
  RTTI typeinfo:   itk::Image<double, 3u>
  Reference Count: 2
  Modified Time: 1697
  Debug: Off
  Object Name: 
  Observers: 
    none
  Source: (none)
  Source output name: (none)
  Release Data: Off
  Data Released: False
  Global Release Data: Off
  PipelineMTime: 0
  UpdateMTime: 1694
  RealTimeStamp: 0 seconds 
  LargestPossibleRegion: 
    Dimension: 3
    Index: [0, 0, 0]
    Size: [256, 440, 256]
  BufferedRegion: 
    Dimension: 3
    Index: [0, 0, 0]
    Size: [256, 440, 256]
  RequestedRegion: 
    Dimension: 3
    Index: [0, 0, 0]
    Size: [256, 440, 256]
  Spacing: [0.7031, 0.5, 0.7031]
  Origin: [83.5844, 59.822, -106.951]
  Direction: 
-1 0 0
0 -1 0
0 0 1

  IndexToPointMatrix: 
-0.7031 0 0
0 -0.5 0
0 0 0.7031

  PointToIndexMatrix: 
-1.42227 0 0
0 -2 0
0 0 1.42227

  Inverse Direction: 
-1 0 0
0 -1 0
0 0 1

  PixelContainer: 
    ImportImageContainer (0x3af1480)
      RTTI typeinfo:   itk::ImportImageContainer<unsigned long, double>
      Reference Count: 1
      Modified Time: 1691
      Debug: Off
      Object Name: 
      Observers: 
        none
      Pointer: 0x14bd83b24010
      Container manages memory: true
      Size: 28835840
      Capacity: 28835840

     Weighting = 1
     Sampling strategy = regular
     Number of bins = 32
     Radius = 4
     Sampling percentage  = 0.25
   Transform = Rigid
     Gradient step = 0.1
     Update field sigma (voxel space) = 0
     Total field sigma (voxel space) = 0
     Update field time sigma = 0
     Total field time sigma  = 0
     Number of time indices = 0
     Number of time point samples = 0
Stage 2 State
   Image metric = Mattes
     Fixed image = Image (0x3b03960)
  RTTI typeinfo:   itk::Image<double, 3u>
  Reference Count: 2
  Modified Time: 2128
  Debug: Off
  Object Name: 
  Observers: 
    none
  Source: (none)
  Source output name: (none)
  Release Data: Off
  Data Released: False
  Global Release Data: Off
  PipelineMTime: 0
  UpdateMTime: 1911
  RealTimeStamp: 0 seconds 
  LargestPossibleRegion: 
    Dimension: 3
    Index: [0, 0, 0]
    Size: [160, 256, 256]
  BufferedRegion: 
    Dimension: 3
    Index: [0, 0, 0]
    Size: [160, 256, 256]
  RequestedRegion: 
    Dimension: 3
    Index: [0, 0, 0]
    Size: [160, 256, 256]
  Spacing: [0.9, 0.828247, 0.828247]
  Origin: [68.4398, 71.9869, -102.564]
  Direction: 
-0.997104 0.0751739 0.0115444
-0.074502 -0.995942 0.0504791
0.0152922 0.0494728 0.998658

  IndexToPointMatrix: 
-0.897393 0.0622626 0.0095616
-0.0670518 -0.824886 0.0418091
0.013763 0.0409757 0.827136

  PointToIndexMatrix: 
-1.10789 -0.08278 0.0169914
0.0907627 -1.20247 0.0597319
0.0139383 0.0609469 1.20575

  Inverse Direction: 
-0.997104 -0.074502 0.0152922
0.0751739 -0.995942 0.0494728
0.0115444 0.0504791 0.998658

  PixelContainer: 
    ImportImageContainer (0x3aef220)
      RTTI typeinfo:   itk::ImportImageContainer<unsigned long, double>
      Reference Count: 1
      Modified Time: 1908
      Debug: Off
      Object Name: 
      Observers: 
        none
      Pointer: 0x14bd7eb23010
      Container manages memory: true
      Size: 10485760
      Capacity: 10485760

     Moving image = Image (0x3b053f0)
  RTTI typeinfo:   itk::Image<double, 3u>
  Reference Count: 2
  Modified Time: 2129
  Debug: Off
  Object Name: 
  Observers: 
    none
  Source: (none)
  Source output name: (none)
  Release Data: Off
  Data Released: False
  Global Release Data: Off
  PipelineMTime: 0
  UpdateMTime: 2126
  RealTimeStamp: 0 seconds 
  LargestPossibleRegion: 
    Dimension: 3
    Index: [0, 0, 0]
    Size: [256, 440, 256]
  BufferedRegion: 
    Dimension: 3
    Index: [0, 0, 0]
    Size: [256, 440, 256]
  RequestedRegion: 
    Dimension: 3
    Index: [0, 0, 0]
    Size: [256, 440, 256]
  Spacing: [0.7031, 0.5, 0.7031]
  Origin: [83.5844, 59.822, -106.951]
  Direction: 
-1 0 0
0 -1 0
0 0 1

  IndexToPointMatrix: 
-0.7031 0 0
0 -0.5 0
0 0 0.7031

  PointToIndexMatrix: 
-1.42227 0 0
0 -2 0
0 0 1.42227

  Inverse Direction: 
-1 0 0
0 -1 0
0 0 1

  PixelContainer: 
    ImportImageContainer (0x3af5d30)
      RTTI typeinfo:   itk::ImportImageContainer<unsigned long, double>
      Reference Count: 1
      Modified Time: 2123
      Debug: Off
      Object Name: 
      Observers: 
        none
      Pointer: 0x14bd70f22010
      Container manages memory: true
      Size: 28835840
      Capacity: 28835840

     Weighting = 1
     Sampling strategy = regular
     Number of bins = 32
     Radius = 4
     Sampling percentage  = 0.25
   Transform = Affine
     Gradient step = 0.1
     Update field sigma (voxel space) = 0
     Total field sigma (voxel space) = 0
     Update field time sigma = 0
     Total field time sigma  = 0
     Number of time indices = 0
     Number of time point samples = 0
Registration using 2 total stages.

Stage 0
  iterations = 1000x500x250x100
  convergence threshold = 5e-07
  convergence window size = 10
  number of levels = 4
  using the Mattes MI metric (number of bins = 32, weight = 1)
  Shrink factors (level 1 out of 4): [7, 8, 8]
  Shrink factors (level 2 out of 4): [4, 4, 4]
  Shrink factors (level 3 out of 4): [2, 2, 2]
  Shrink factors (level 4 out of 4): [1, 1, 1]
  smoothing sigmas per level: [3, 2, 1, 0]
  regular sampling (percentage = 0.25)

*** Running Euler3DTransform registration ***

DIAGNOSTIC,Iteration,metricValue,convergenceValue,ITERATION_TIME_INDEX,SINCE_LAST
 2DIAGNOSTIC,     1, -1.823921508150e-01, 1.797693134862e+308, 3.2902e-01, 3.2902e-01, 
 2DIAGNOSTIC,     2, -1.838148527398e-01, 1.797693134862e+308, 3.3212e-01, 3.0971e-03, 
 2DIAGNOSTIC,     3, -1.853577435971e-01, 1.797693134862e+308, 3.3519e-01, 3.0708e-03, 
 2DIAGNOSTIC,     4, -1.873734395299e-01, 1.797693134862e+308, 3.3851e-01, 3.3240e-03, 
 2DIAGNOSTIC,     5, -1.895436754023e-01, 1.797693134862e+308, 3.4138e-01, 2.8648e-03, 
 2DIAGNOSTIC,     6, -1.901435706650e-01, 1.797693134862e+308, 3.4551e-01, 4.1289e-03, 
 2DIAGNOSTIC,     7, -1.901602393992e-01, 1.797693134862e+308, 3.4890e-01, 3.3910e-03, 
 2DIAGNOSTIC,     8, -1.901708347906e-01, 1.797693134862e+308, 3.5157e-01, 2.6729e-03, 
 2DIAGNOSTIC,     9, -1.902299044835e-01, 1.797693134862e+308, 3.5439e-01, 2.8172e-03, 
 2DIAGNOSTIC,    10, -1.904206563778e-01, 2.787247813068e-03, 3.5965e-01, 5.2621e-03, 
 2DIAGNOSTIC,    11, -1.898492050648e-01, 1.755107980785e-03, 3.6330e-01, 3.6449e-03, 
 2DIAGNOSTIC,    12, -1.901946580789e-01, 9.658028235515e-04, 3.6598e-01, 2.6839e-03, 
 2DIAGNOSTIC,    13, -1.928931154249e-01, 6.992477789513e-04, 3.6896e-01, 2.9781e-03, 
 2DIAGNOSTIC,    14, -2.026744626898e-01, 1.654709392387e-03, 3.7185e-01, 2.8949e-03, 
 2DIAGNOSTIC,    15, -2.348581591332e-01, 5.651298907549e-03, 3.7490e-01, 3.0501e-03, 
 2DIAGNOSTIC,    16, -2.879066054798e-01, 1.312415917257e-02, 3.7908e-01, 4.1759e-03, 
 2DIAGNOSTIC,    17, -3.187314991169e-01, 2.044535916824e-02, 3.8184e-01, 2.7640e-03, 
 2DIAGNOSTIC,    18, -3.265180124725e-01, 2.525415874263e-02, 3.8475e-01, 2.9099e-03, 
 2DIAGNOSTIC,    19, -3.314568681705e-01, 2.738888558357e-02, 3.8808e-01, 3.3281e-03, 
 2DIAGNOSTIC,    20, -3.350653575035e-01, 2.692983367425e-02, 3.9135e-01, 3.2740e-03, 
 2DIAGNOSTIC,    21, -3.347465391613e-01, 2.398164292030e-02, 3.9494e-01, 3.5810e-03, 
 2DIAGNOSTIC,    22, -3.352820191279e-01, 1.926642480365e-02, 3.9996e-01, 5.0280e-03, 
 2DIAGNOSTIC,    23, -3.360757728536e-01, 1.357450601686e-02, 4.0334e-01, 3.3770e-03, 
 2DIAGNOSTIC,    24, -3.367197455895e-01, 7.798201856073e-03, 4.0611e-01, 2.7680e-03, 
 2DIAGNOSTIC,    25, -3.373066186164e-01, 3.390098789564e-03, 4.0953e-01, 3.4242e-03, 
 2DIAGNOSTIC,    26, -3.374617065656e-01, 1.417172915348e-03, 4.1343e-01, 3.8979e-03, 
 2DIAGNOSTIC,    27, -3.377490711477e-01, 7.947018888334e-04, 4.1623e-01, 2.8012e-03, 
 2DIAGNOSTIC,    28, -3.380387378993e-01, 4.717089313027e-04, 4.1956e-01, 3.3278e-03, 
 2DIAGNOSTIC,    29, -3.383455756671e-01, 3.276141307579e-04, 4.2307e-01, 3.5119e-03, 
 2DIAGNOSTIC,    30, -3.383912978121e-01, 2.980708570130e-04, 4.2578e-01, 2.7099e-03, 
 2DIAGNOSTIC,    31, -3.389024927610e-01, 2.500004288568e-04, 4.2837e-01, 2.5909e-03, 
 2DIAGNOSTIC,    32, -3.416693890812e-01, 2.915212288684e-04, 4.3167e-01, 3.2940e-03, 
 2DIAGNOSTIC,    33, -3.423439392783e-01, 3.466816041523e-04, 4.3545e-01, 3.7801e-03, 
 2DIAGNOSTIC,    34, -3.425186791947e-01, 3.906003899324e-04, 4.4038e-01, 4.9341e-03, 
 2DIAGNOSTIC,    35, -3.425620862050e-01, 4.147965691231e-04, 4.4332e-01, 2.9390e-03, 
 2DIAGNOSTIC,    36, -3.422878549671e-01, 3.946472180076e-04, 4.4611e-01, 2.7869e-03, 
 2DIAGNOSTIC,    37, -3.418100601954e-01, 3.321570857363e-04, 4.4939e-01, 3.2811e-03, 
 2DIAGNOSTIC,    38, -3.417146398911e-01, 2.472691412276e-04, 4.5321e-01, 3.8202e-03, 
 2DIAGNOSTIC,    39, -3.417428620561e-01, 1.540181099159e-04, 4.5611e-01, 2.9001e-03, 
 2DIAGNOSTIC,    40, -3.418476660673e-01, 5.619144617620e-05, 4.5935e-01, 3.2420e-03, 
DIAGNOSTIC,Iteration,metricValue,convergenceValue,ITERATION_TIME_INDEX,SINCE_LAST
 2DIAGNOSTIC,     1, -2.903603985371e-01, 1.797693134862e+308, 8.0601e-01, 3.4666e-01, 
 2DIAGNOSTIC,     2, -2.908660987750e-01, 1.797693134862e+308, 8.1523e-01, 9.2180e-03, 
 2DIAGNOSTIC,     3, -2.912790554128e-01, 1.797693134862e+308, 8.2439e-01, 9.1672e-03, 
 2DIAGNOSTIC,     4, -2.918450006018e-01, 1.797693134862e+308, 8.3401e-01, 9.6180e-03, 
 2DIAGNOSTIC,     5, -2.922707572515e-01, 1.797693134862e+308, 8.4386e-01, 9.8431e-03, 
 2DIAGNOSTIC,     6, -2.924457471798e-01, 1.797693134862e+308, 8.5344e-01, 9.5840e-03, 
 2DIAGNOSTIC,     7, -2.925376013775e-01, 1.797693134862e+308, 8.6296e-01, 9.5191e-03, 
 2DIAGNOSTIC,     8, -2.925305915496e-01, 1.797693134862e+308, 8.7129e-01, 8.3320e-03, 
 2DIAGNOSTIC,     9, -2.926489940221e-01, 1.797693134862e+308, 8.7994e-01, 8.6460e-03, 
 2DIAGNOSTIC,    10, -2.930273669695e-01, 5.342096933134e-04, 8.8915e-01, 9.2180e-03, 
 2DIAGNOSTIC,    11, -2.939302638495e-01, 4.709324574838e-04, 8.9950e-01, 1.0346e-02, 
 2DIAGNOSTIC,    12, -2.947408273554e-01, 4.812654109910e-04, 9.1848e-01, 1.8976e-02, 
 2DIAGNOSTIC,    13, -2.947179803384e-01, 4.748407114383e-04, 9.2960e-01, 1.1124e-02, 
 2DIAGNOSTIC,    14, -2.947254659399e-01, 4.671374857395e-04, 9.3916e-01, 9.5620e-03, 
 2DIAGNOSTIC,    15, -2.947288058449e-01, 4.457128999985e-04, 9.4900e-01, 9.8379e-03, 
 2DIAGNOSTIC,    16, -2.947117502905e-01, 3.946341070982e-04, 9.5727e-01, 8.2710e-03, 
 2DIAGNOSTIC,    17, -2.947069253962e-01, 3.179431885250e-04, 9.6584e-01, 8.5661e-03, 
 2DIAGNOSTIC,    18, -2.946710560578e-01, 2.190320820425e-04, 9.7437e-01, 8.5289e-03, 
 2DIAGNOSTIC,    19, -2.946592621548e-01, 1.166041471575e-04, 9.8283e-01, 8.4591e-03, 
 2DIAGNOSTIC,    20, -2.947068410082e-01, 3.361837685593e-05, 9.9284e-01, 1.0012e-02, 
DIAGNOSTIC,Iteration,metricValue,convergenceValue,ITERATION_TIME_INDEX,SINCE_LAST
 2DIAGNOSTIC,     1, -2.360895763013e-01, 1.797693134862e+308, 1.5066e+00, 5.1381e-01, 
 2DIAGNOSTIC,     2, -2.361932824363e-01, 1.797693134862e+308, 1.5733e+00, 6.6623e-02, 
 2DIAGNOSTIC,     3, -2.364024203036e-01, 1.797693134862e+308, 1.6408e+00, 6.7536e-02, 
 2DIAGNOSTIC,     4, -2.367862997814e-01, 1.797693134862e+308, 1.7038e+00, 6.2951e-02, 
 2DIAGNOSTIC,     5, -2.371896843877e-01, 1.797693134862e+308, 1.8060e+00, 1.0222e-01, 
 2DIAGNOSTIC,     6, -2.372105819790e-01, 1.797693134862e+308, 1.9057e+00, 9.9737e-02, 
 2DIAGNOSTIC,     7, -2.372053450334e-01, 1.797693134862e+308, 1.9801e+00, 7.4341e-02, 
 2DIAGNOSTIC,     8, -2.372007518494e-01, 1.797693134862e+308, 2.0630e+00, 8.2991e-02, 
 2DIAGNOSTIC,     9, -2.371986957649e-01, 1.797693134862e+308, 2.1408e+00, 7.7800e-02, 
 2DIAGNOSTIC,    10, -2.371913364044e-01, 3.319119991878e-04, 2.2234e+00, 8.2575e-02, 
 2DIAGNOSTIC,    11, -2.371887010239e-01, 2.186791554403e-04, 2.2870e+00, 6.3585e-02, 
 2DIAGNOSTIC,    12, -2.371895436063e-01, 1.159640497585e-04, 2.3713e+00, 8.4316e-02, 
 2DIAGNOSTIC,    13, -2.371907361127e-01, 3.770265237177e-05, 2.4465e+00, 7.5164e-02, 
DIAGNOSTIC,Iteration,metricValue,convergenceValue,ITERATION_TIME_INDEX,SINCE_LAST
 2DIAGNOSTIC,     1, -2.004749948384e-01, 1.797693134862e+308, 4.2556e+00, 1.8091e+00, 
 2DIAGNOSTIC,     2, -2.004745195358e-01, 1.797693134862e+308, 4.6983e+00, 4.4269e-01, 
 2DIAGNOSTIC,     3, -2.004745054894e-01, 1.797693134862e+308, 5.1978e+00, 4.9949e-01, 
 2DIAGNOSTIC,     4, -2.004744212224e-01, 1.797693134862e+308, 5.6455e+00, 4.4778e-01, 
 2DIAGNOSTIC,     5, -2.004738602506e-01, 1.797693134862e+308, 6.0397e+00, 3.9419e-01, 
 2DIAGNOSTIC,     6, -2.004734098778e-01, 1.797693134862e+308, 6.4943e+00, 4.5459e-01, 
 2DIAGNOSTIC,     7, -2.004736925050e-01, 1.797693134862e+308, 6.9470e+00, 4.5273e-01, 
 2DIAGNOSTIC,     8, -2.004737123323e-01, 1.797693134862e+308, 7.3829e+00, 4.3588e-01, 
 2DIAGNOSTIC,     9, -2.004737951991e-01, 1.797693134862e+308, 7.8104e+00, 4.2748e-01, 
 2DIAGNOSTIC,    10, -2.004726246694e-01, 2.617541997221e-06, 8.2493e+00, 4.3895e-01, 
 2DIAGNOSTIC,    11, -2.004727698717e-01, 2.395030310631e-06, 8.6551e+00, 4.0575e-01, 
 2DIAGNOSTIC,    12, -2.004729093224e-01, 2.210945573872e-06, 9.0584e+00, 4.0332e-01, 
 2DIAGNOSTIC,    13, -2.004732691571e-01, 2.128818858804e-06, 9.5032e+00, 4.4477e-01, 
 2DIAGNOSTIC,    14, -2.004733726350e-01, 2.090472408900e-06, 9.9428e+00, 4.3965e-01, 
 2DIAGNOSTIC,    15, -2.004732183244e-01, 2.009923147570e-06, 1.0555e+01, 6.1171e-01, 
 2DIAGNOSTIC,    16, -2.004735273116e-01, 1.937638338126e-06, 1.0953e+01, 3.9872e-01, 
 2DIAGNOSTIC,    17, -2.004730349079e-01, 1.858350536191e-06, 1.1458e+01, 5.0507e-01, 
 2DIAGNOSTIC,    18, -2.004731242018e-01, 1.797192472890e-06, 1.1855e+01, 3.9621e-01, 
 2DIAGNOSTIC,    19, -2.004726838615e-01, 1.715382911903e-06, 1.2313e+01, 4.5883e-01, 
 2DIAGNOSTIC,    20, -2.004724012014e-01, 1.535633721579e-06, 1.2766e+01, 4.5302e-01, 
 2DIAGNOSTIC,    21, -2.004717066215e-01, 1.341263233791e-06, 1.3278e+01, 5.1156e-01, 
 2DIAGNOSTIC,    22, -2.004717407999e-01, 1.192239403175e-06, 1.3681e+01, 4.0354e-01, 
 2DIAGNOSTIC,    23, -2.004714990646e-01, 1.086463827404e-06, 1.4133e+01, 4.5182e-01, 
 2DIAGNOSTIC,    24, -2.004715501192e-01, 1.026683739913e-06, 1.4534e+01, 4.0099e-01, 
 2DIAGNOSTIC,    25, -2.004713876731e-01, 9.813140661452e-07, 1.4932e+01, 3.9804e-01, 
 2DIAGNOSTIC,    26, -2.004715332899e-01, 9.927971540216e-07, 1.5374e+01, 4.4163e-01, 
 2DIAGNOSTIC,    27, -2.004721641873e-01, 1.031647417424e-06, 1.5762e+01, 3.8837e-01, 
 2DIAGNOSTIC,    28, -2.004721479922e-01, 1.084365785560e-06, 1.6255e+01, 4.9236e-01, 
 2DIAGNOSTIC,    29, -2.004722341347e-01, 1.121571728456e-06, 1.6695e+01, 4.4031e-01, 
 2DIAGNOSTIC,    30, -2.004720172845e-01, 1.131588021008e-06, 1.7082e+01, 3.8682e-01, 
 2DIAGNOSTIC,    31, -2.004719121004e-01, 1.097623501554e-06, 1.7528e+01, 4.4624e-01, 
 2DIAGNOSTIC,    32, -2.004720181510e-01, 1.065022648239e-06, 1.7916e+01, 3.8821e-01, 
 2DIAGNOSTIC,    33, -2.004716971609e-01, 1.003006211635e-06, 1.8357e+01, 4.4060e-01, 
 2DIAGNOSTIC,    34, -2.004716020851e-01, 9.401299323614e-07, 1.8796e+01, 4.3917e-01, 
 2DIAGNOSTIC,    35, -2.004712507349e-01, 8.599061738605e-07, 1.9185e+01, 3.8904e-01, 
 2DIAGNOSTIC,    36, -2.004705639694e-01, 7.670499931681e-07, 1.9621e+01, 4.3630e-01, 
 2DIAGNOSTIC,    37, -2.004707170516e-01, 7.207904009036e-07, 2.0168e+01, 5.4697e-01, 
 2DIAGNOSTIC,    38, -2.004705089261e-01, 6.810899097279e-07, 2.0611e+01, 4.4286e-01, 
 2DIAGNOSTIC,    39, -2.004704419422e-01, 6.592599335331e-07, 2.0997e+01, 3.8543e-01, 
 2DIAGNOSTIC,    40, -2.004700062290e-01, 6.306552636087e-07, 2.1435e+01, 4.3845e-01, 
 2DIAGNOSTIC,    41, -2.004700598111e-01, 6.177869557554e-07, 2.1828e+01, 3.9241e-01, 
 2DIAGNOSTIC,    42, -2.004699019133e-01, 6.187131943447e-07, 2.2266e+01, 4.3803e-01, 
 2DIAGNOSTIC,    43, -2.004699685554e-01, 6.240797722420e-07, 2.2703e+01, 4.3793e-01, 
 2DIAGNOSTIC,    44, -2.004699688346e-01, 6.373641668507e-07, 2.3148e+01, 4.4448e-01, 
 2DIAGNOSTIC,    45, -2.004696358451e-01, 6.374326129675e-07, 2.3539e+01, 3.9118e-01, 
 2DIAGNOSTIC,    46, -2.004690917804e-01, 6.063319748055e-07, 2.3980e+01, 4.4074e-01, 
 2DIAGNOSTIC,    47, -2.004695314625e-01, 6.029452672002e-07, 2.4375e+01, 3.9488e-01, 
 2DIAGNOSTIC,    48, -2.004694164957e-01, 5.964170677296e-07, 2.4874e+01, 4.9959e-01, 
 2DIAGNOSTIC,    49, -2.004696577369e-01, 6.018741727891e-07, 2.5330e+01, 4.5612e-01, 
 2DIAGNOSTIC,    50, -2.004691565958e-01, 5.852029752035e-07, 2.5716e+01, 3.8534e-01, 
 2DIAGNOSTIC,    51, -2.004692475646e-01, 5.789124407490e-07, 2.6097e+01, 3.8111e-01, 
 2DIAGNOSTIC,    52, -2.004694011926e-01, 5.765825288537e-07, 2.6479e+01, 3.8211e-01, 
 2DIAGNOSTIC,    53, -2.004694066754e-01, 5.789737364120e-07, 2.6912e+01, 4.3250e-01, 
 2DIAGNOSTIC,    54, -2.004687706542e-01, 5.669266280421e-07, 2.7288e+01, 3.7664e-01, 
 2DIAGNOSTIC,    55, -2.004690738806e-01, 5.578873794633e-07, 2.7776e+01, 4.8743e-01, 
 2DIAGNOSTIC,    56, -2.004692283530e-01, 5.406023599851e-07, 2.8159e+01, 3.8298e-01, 
 2DIAGNOSTIC,    57, -2.004686706518e-01, 5.232253078268e-07, 2.8636e+01, 4.7769e-01, 
 2DIAGNOSTIC,    58, -2.004685211241e-01, 5.036490145077e-07, 2.9068e+01, 4.3140e-01, 
  Elapsed time (stage 0): 2.9403e+01


Stage 1
  iterations = 1000x500x250x100
  convergence threshold = 4.0000e-07
  convergence window size = 10
  number of levels = 4
  using the Mattes MI metric (number of bins = 32, weight = 1.0000e+00)
  Shrink factors (level 1 out of 4): [7, 8, 8]
  Shrink factors (level 2 out of 4): [4, 4, 4]
  Shrink factors (level 3 out of 4): [2, 2, 2]
  Shrink factors (level 4 out of 4): [1, 1, 1]
  smoothing sigmas per level: [3, 2, 1, 0]
  regular sampling (percentage = 2.5000e-01)

*** Running AffineTransform registration ***

DIAGNOSTIC,Iteration,metricValue,convergenceValue,ITERATION_TIME_INDEX,SINCE_LAST
 2DIAGNOSTIC,     1, -3.372744412934e-01, 1.797693134862e+308, 3.3951e-01, 3.3951e-01, 
 2DIAGNOSTIC,     2, -3.382441080491e-01, 1.797693134862e+308, 3.4232e-01, 2.8021e-03, 
 2DIAGNOSTIC,     3, -3.393040527784e-01, 1.797693134862e+308, 3.4520e-01, 2.8811e-03, 
 2DIAGNOSTIC,     4, -3.398531774777e-01, 1.797693134862e+308, 3.4801e-01, 2.8160e-03, 
 2DIAGNOSTIC,     5, -3.417675541709e-01, 1.797693134862e+308, 3.5067e-01, 2.6588e-03, 
 2DIAGNOSTIC,     6, -3.430391587336e-01, 1.797693134862e+308, 3.5446e-01, 3.7870e-03, 
 2DIAGNOSTIC,     7, -3.443629894476e-01, 1.797693134862e+308, 3.5782e-01, 3.3650e-03, 
 2DIAGNOSTIC,     8, -3.453070657069e-01, 1.797693134862e+308, 3.6132e-01, 3.4928e-03, 
 2DIAGNOSTIC,     9, -3.463766713333e-01, 1.797693134862e+308, 3.6609e-01, 4.7760e-03, 
 2DIAGNOSTIC,    10, -3.474262933500e-01, 1.978198995375e-03, 3.6930e-01, 3.2041e-03, 
 2DIAGNOSTIC,    11, -3.480877156118e-01, 1.765773783617e-03, 3.7277e-01, 3.4781e-03, 
 2DIAGNOSTIC,    12, -3.485123199672e-01, 1.526599903966e-03, 3.7638e-01, 3.6049e-03, 
 2DIAGNOSTIC,    13, -3.492337879228e-01, 1.301427320043e-03, 3.8047e-01, 4.0870e-03, 
 2DIAGNOSTIC,    14, -3.501333707708e-01, 1.073459248645e-03, 3.8422e-01, 3.7541e-03, 
 2DIAGNOSTIC,    15, -3.500846837840e-01, 8.791178559071e-04, 3.8787e-01, 3.6519e-03, 
 2DIAGNOSTIC,    16, -3.504773169463e-01, 7.146460128864e-04, 3.9175e-01, 3.8781e-03, 
 2DIAGNOSTIC,    17, -3.501414276889e-01, 5.518181489950e-04, 3.9491e-01, 3.1600e-03, 
 2DIAGNOSTIC,    18, -3.503619007385e-01, 4.092638593608e-04, 3.9945e-01, 4.5431e-03, 
 2DIAGNOSTIC,    19, -3.501198709621e-01, 2.783958765727e-04, 4.0248e-01, 3.0260e-03, 
 2DIAGNOSTIC,    20, -3.503174298416e-01, 1.862063594789e-04, 4.0606e-01, 3.5858e-03, 
 2DIAGNOSTIC,    21, -3.503803829268e-01, 1.140697667284e-04, 4.1090e-01, 4.8330e-03, 
 2DIAGNOSTIC,    22, -3.506437429041e-01, 6.332028941589e-05, 4.2281e-01, 1.1914e-02, 
 2DIAGNOSTIC,    23, -3.506437281912e-01, 3.607685514476e-05, 4.2603e-01, 3.2220e-03, 
 2DIAGNOSTIC,    24, -3.506437541794e-01, 3.885159387940e-05, 4.2913e-01, 3.0990e-03, 
 2DIAGNOSTIC,    25, -3.506437981218e-01, 3.595679998981e-05, 4.3211e-01, 2.9790e-03, 
 2DIAGNOSTIC,    26, -3.506438724138e-01, 4.257035528969e-05, 4.3527e-01, 3.1540e-03, 
 2DIAGNOSTIC,    27, -3.506439980007e-01, 3.429362654449e-05, 4.3816e-01, 2.8930e-03, 
 2DIAGNOSTIC,    28, -3.506442102531e-01, 3.021516456923e-05, 4.4103e-01, 2.8701e-03, 
 2DIAGNOSTIC,    29, -3.506445687985e-01, 1.684206516541e-05, 4.4390e-01, 2.8689e-03, 
 2DIAGNOSTIC,    30, -3.506451740738e-01, 8.319821427426e-06, 4.4696e-01, 3.0630e-03, 
 2DIAGNOSTIC,    31, -3.506461970680e-01, 1.153686940911e-06, 4.4996e-01, 2.9988e-03, 
 2DIAGNOSTIC,    32, -3.506479262425e-01, 1.197938831930e-06, 4.5302e-01, 3.0560e-03, 
 2DIAGNOSTIC,    33, -3.506508287149e-01, 1.291653696917e-06, 4.5620e-01, 3.1831e-03, 
 2DIAGNOSTIC,    34, -3.506556669480e-01, 1.465038305719e-06, 4.5904e-01, 2.8389e-03, 
 2DIAGNOSTIC,    35, -3.506636735485e-01, 1.764637959003e-06, 4.6213e-01, 3.0961e-03, 
 2DIAGNOSTIC,    36, -3.506764420196e-01, 2.254761213086e-06, 4.6522e-01, 3.0911e-03, 
 2DIAGNOSTIC,    37, -3.506962305333e-01, 3.022737548278e-06, 4.6829e-01, 3.0680e-03, 
 2DIAGNOSTIC,    38, -3.507250719098e-01, 4.161308343683e-06, 4.7135e-01, 3.0620e-03, 
 2DIAGNOSTIC,    39, -3.507647058856e-01, 5.751659981408e-06, 4.7423e-01, 2.8720e-03, 
 2DIAGNOSTIC,    40, -3.508099968294e-01, 7.715165797697e-06, 4.7708e-01, 2.8510e-03, 
 2DIAGNOSTIC,    41, -3.508481900024e-01, 9.690711680679e-06, 4.8002e-01, 2.9409e-03, 
 2DIAGNOSTIC,    42, -3.508748790674e-01, 1.126723000065e-05, 4.8298e-01, 2.9562e-03, 
 2DIAGNOSTIC,    43, -3.509033478278e-01, 1.235930095095e-05, 4.8587e-01, 2.8949e-03, 
 2DIAGNOSTIC,    44, -3.509544215058e-01, 1.331675673178e-05, 4.8910e-01, 3.2279e-03, 
 2DIAGNOSTIC,    45, -3.510830315491e-01, 1.547699600385e-05, 4.9226e-01, 3.1621e-03, 
 2DIAGNOSTIC,    46, -3.512163817885e-01, 1.866422010275e-05, 4.9631e-01, 4.0491e-03, 
 2DIAGNOSTIC,    47, -3.514564667634e-01, 2.447036354665e-05, 5.0124e-01, 4.9350e-03, 
 2DIAGNOSTIC,    48, -3.514955567392e-01, 2.884149744115e-05, 5.0476e-01, 3.5200e-03, 
 2DIAGNOSTIC,    49, -3.516489606025e-01, 3.357758755764e-05, 5.0884e-01, 4.0789e-03, 
 2DIAGNOSTIC,    50, -3.515236992517e-01, 3.361302807103e-05, 5.1250e-01, 3.6609e-03, 
 2DIAGNOSTIC,    51, -3.512726215120e-01, 2.713185458839e-05, 5.1657e-01, 4.0641e-03, 
 2DIAGNOSTIC,    52, -3.515855944063e-01, 2.376210857065e-05, 5.2009e-01, 3.5229e-03, 
 2DIAGNOSTIC,    53, -3.514793267189e-01, 1.689094384632e-05, 5.2325e-01, 3.1550e-03, 
 2DIAGNOSTIC,    54, -3.515269791950e-01, 1.023552068935e-05, 5.2696e-01, 3.7110e-03, 
 2DIAGNOSTIC,    55, -3.515579577994e-01, 5.328593831625e-06, 5.3054e-01, 3.5820e-03, 
DIAGNOSTIC,Iteration,metricValue,convergenceValue,ITERATION_TIME_INDEX,SINCE_LAST
 2DIAGNOSTIC,     1, -2.951263817296e-01, 1.797693134862e+308, 8.8423e-01, 3.5369e-01, 
 2DIAGNOSTIC,     2, -2.955986158469e-01, 1.797693134862e+308, 8.9446e-01, 1.0232e-02, 
 2DIAGNOSTIC,     3, -2.963382445516e-01, 1.797693134862e+308, 9.0459e-01, 1.0121e-02, 
 2DIAGNOSTIC,     4, -2.967067331073e-01, 1.797693134862e+308, 9.1451e-01, 9.9280e-03, 
 2DIAGNOSTIC,     5, -2.977074867470e-01, 1.797693134862e+308, 9.2417e-01, 9.6560e-03, 
 2DIAGNOSTIC,     6, -2.987023025039e-01, 1.797693134862e+308, 9.3626e-01, 1.2091e-02, 
 2DIAGNOSTIC,     7, -2.987575434239e-01, 1.797693134862e+308, 9.4708e-01, 1.0821e-02, 
 2DIAGNOSTIC,     8, -2.988461532574e-01, 1.797693134862e+308, 9.5674e-01, 9.6571e-03, 
 2DIAGNOSTIC,     9, -2.989064815876e-01, 1.797693134862e+308, 9.6775e-01, 1.1015e-02, 
 2DIAGNOSTIC,    10, -2.992551635202e-01, 9.487651179541e-04, 9.7900e-01, 1.1242e-02, 
 2DIAGNOSTIC,    11, -2.995461619544e-01, 7.474548361671e-04, 9.9600e-01, 1.7007e-02, 
 2DIAGNOSTIC,    12, -2.994949126240e-01, 5.459460346407e-04, 1.0070e+00, 1.0972e-02, 
 2DIAGNOSTIC,    13, -2.994846147866e-01, 3.819976454486e-04, 1.0181e+00, 1.1127e-02, 
 2DIAGNOSTIC,    14, -2.994823150753e-01, 2.310929122026e-04, 1.0296e+00, 1.1494e-02, 
 2DIAGNOSTIC,    15, -2.994879076109e-01, 1.412535001457e-04, 1.0390e+00, 9.4390e-03, 
 2DIAGNOSTIC,    16, -2.995033157438e-01, 1.097365595457e-04, 1.0506e+00, 1.1535e-02, 
 2DIAGNOSTIC,    17, -2.994878125802e-01, 7.443512832167e-05, 1.0629e+00, 1.2282e-02, 
 2DIAGNOSTIC,    18, -2.994805880640e-01, 4.111420682554e-05, 1.0740e+00, 1.1100e-02, 
 2DIAGNOSTIC,    19, -2.994966743435e-01, 1.114592440214e-05, 1.0849e+00, 1.0922e-02, 
 2DIAGNOSTIC,    20, -2.995382969586e-01, 1.403052971853e-06, 1.0959e+00, 1.1013e-02, 
 2DIAGNOSTIC,    21, -2.995797178310e-01, 7.674463153882e-06, 1.1071e+00, 1.1192e-02, 
 2DIAGNOSTIC,    22, -2.995888372195e-01, 1.098415636301e-05, 1.1182e+00, 1.1141e-02, 
 2DIAGNOSTIC,    23, -2.995615567215e-01, 1.161749260826e-05, 1.1292e+00, 1.1022e-02, 
 2DIAGNOSTIC,    24, -2.995417099895e-01, 1.039827155441e-05, 1.1402e+00, 1.0958e-02, 
 2DIAGNOSTIC,    25, -2.995333289171e-01, 8.270620770884e-06, 1.1511e+00, 1.0878e-02, 
 2DIAGNOSTIC,    26, -2.994877148147e-01, 4.518108291447e-06, 1.1607e+00, 9.6700e-03, 
 2DIAGNOSTIC,    27, -2.995198856599e-01, 1.383058947257e-06, 1.1706e+00, 9.8119e-03, 
DIAGNOSTIC,Iteration,metricValue,convergenceValue,ITERATION_TIME_INDEX,SINCE_LAST
 2DIAGNOSTIC,     1, -2.386191875494e-01, 1.797693134862e+308, 1.7097e+00, 5.3915e-01, 
 2DIAGNOSTIC,     2, -2.387573003516e-01, 1.797693134862e+308, 1.7875e+00, 7.7785e-02, 
 2DIAGNOSTIC,     3, -2.389279660052e-01, 1.797693134862e+308, 1.8755e+00, 8.7990e-02, 
 2DIAGNOSTIC,     4, -2.389818916612e-01, 1.797693134862e+308, 1.9528e+00, 7.7318e-02, 
 2DIAGNOSTIC,     5, -2.389675300429e-01, 1.797693134862e+308, 2.0509e+00, 9.8142e-02, 
 2DIAGNOSTIC,     6, -2.389668496061e-01, 1.797693134862e+308, 2.1319e+00, 8.0958e-02, 
 2DIAGNOSTIC,     7, -2.389627261203e-01, 1.797693134862e+308, 2.2109e+00, 7.8962e-02, 
 2DIAGNOSTIC,     8, -2.389633314047e-01, 1.797693134862e+308, 2.2883e+00, 7.7442e-02, 
 2DIAGNOSTIC,     9, -2.389650883570e-01, 1.797693134862e+308, 2.3664e+00, 7.8088e-02, 
 2DIAGNOSTIC,    10, -2.389586900756e-01, 6.703949592884e-05, 2.4547e+00, 8.8316e-02, 
 2DIAGNOSTIC,    11, -2.389552452368e-01, 2.563994315417e-05, 2.5452e+00, 9.0536e-02, 
 2DIAGNOSTIC,    12, -2.389567203855e-01, 2.507436172541e-06, 2.6239e+00, 7.8680e-02, 
DIAGNOSTIC,Iteration,metricValue,convergenceValue,ITERATION_TIME_INDEX,SINCE_LAST
 2DIAGNOSTIC,     1, -2.016941181571e-01, 1.797693134862e+308, 4.0035e+00, 1.3795e+00, 
 2DIAGNOSTIC,     2, -2.017642330169e-01, 1.797693134862e+308, 4.4484e+00, 4.4495e-01, 
 2DIAGNOSTIC,     3, -2.018272184267e-01, 1.797693134862e+308, 4.9500e+00, 5.0155e-01, 
 2DIAGNOSTIC,     4, -2.018687178186e-01, 1.797693134862e+308, 5.6854e+00, 7.3540e-01, 
 2DIAGNOSTIC,     5, -2.018698668810e-01, 1.797693134862e+308, 6.1820e+00, 4.9666e-01, 
 2DIAGNOSTIC,     6, -2.018673993757e-01, 1.797693134862e+308, 6.7827e+00, 6.0064e-01, 
 2DIAGNOSTIC,     7, -2.018668999751e-01, 1.797693134862e+308, 7.2736e+00, 4.9093e-01, 
 2DIAGNOSTIC,     8, -2.018671667752e-01, 1.797693134862e+308, 7.8228e+00, 5.4920e-01, 
 2DIAGNOSTIC,     9, -2.018668148173e-01, 1.797693134862e+308, 8.3148e+00, 4.9197e-01, 
 2DIAGNOSTIC,    10, -2.018662944727e-01, 4.381745169087e-05, 8.7599e+00, 4.4510e-01, 
 2DIAGNOSTIC,    11, -2.018659945463e-01, 1.994511358328e-05, 9.3842e+00, 6.2429e-01, 
 2DIAGNOSTIC,    12, -2.018656763392e-01, 6.563494058268e-06, 1.0012e+01, 6.2768e-01, 
 2DIAGNOSTIC,    13, -2.018657828237e-01, 1.589051774400e-06, 1.0458e+01, 4.4569e-01, 
 2DIAGNOSTIC,    14, -2.018655137266e-01, 1.542435283608e-06, 1.0965e+01, 5.0737e-01, 
 2DIAGNOSTIC,    15, -2.018653189172e-01, 1.666147369767e-06, 1.1416e+01, 4.5158e-01, 
 2DIAGNOSTIC,    16, -2.018651220781e-01, 1.583741904301e-06, 1.1877e+01, 4.6018e-01, 
 2DIAGNOSTIC,    17, -2.018648086928e-01, 1.479682533584e-06, 1.2479e+01, 6.0225e-01, 
 2DIAGNOSTIC,    18, -2.018652758997e-01, 1.480997977962e-06, 1.3016e+01, 5.3674e-01, 
 2DIAGNOSTIC,    19, -2.018650840928e-01, 1.467721878402e-06, 1.3625e+01, 6.0889e-01, 
 2DIAGNOSTIC,    20, -2.018645649358e-01, 1.403027400274e-06, 1.4161e+01, 5.3637e-01, 
 2DIAGNOSTIC,    21, -2.018646206049e-01, 1.347697605771e-06, 1.4690e+01, 5.2957e-01, 
 2DIAGNOSTIC,    22, -2.018644926893e-01, 1.283418364362e-06, 1.5150e+01, 4.5987e-01, 
 2DIAGNOSTIC,    23, -2.018641607682e-01, 1.225653538529e-06, 1.5668e+01, 5.1742e-01, 
 2DIAGNOSTIC,    24, -2.018643896382e-01, 1.185712922555e-06, 1.6160e+01, 4.9224e-01, 
 2DIAGNOSTIC,    25, -2.018644122136e-01, 1.152737760884e-06, 1.6642e+01, 4.8159e-01, 
 2DIAGNOSTIC,    26, -2.018647322463e-01, 1.140755444891e-06, 1.7199e+01, 5.5749e-01, 
 2DIAGNOSTIC,    27, -2.018648825072e-01, 1.127587161441e-06, 1.7877e+01, 6.7764e-01, 
 2DIAGNOSTIC,    28, -2.018648090980e-01, 1.140202561589e-06, 1.8427e+01, 5.4989e-01, 
 2DIAGNOSTIC,    29, -2.018638755352e-01, 1.097892943017e-06, 1.8976e+01, 5.4946e-01, 
 2DIAGNOSTIC,    30, -2.018641838482e-01, 1.049228384828e-06, 1.9460e+01, 4.8431e-01, 
 2DIAGNOSTIC,    31, -2.018640744340e-01, 1.001232512836e-06, 1.9945e+01, 4.8461e-01, 
 2DIAGNOSTIC,    32, -2.018646097937e-01, 9.765616644300e-07, 2.0559e+01, 6.1370e-01, 
 2DIAGNOSTIC,    33, -2.018643783142e-01, 9.306501495762e-07, 2.1107e+01, 5.4831e-01, 
 2DIAGNOSTIC,    34, -2.018638727477e-01, 8.804630173519e-07, 2.1658e+01, 5.5067e-01, 
 2DIAGNOSTIC,    35, -2.018639198153e-01, 8.416112330864e-07, 2.2211e+01, 5.5316e-01, 
 2DIAGNOSTIC,    36, -2.018637380450e-01, 8.154346583591e-07, 2.2824e+01, 6.1366e-01, 
 2DIAGNOSTIC,    37, -2.018633546936e-01, 7.877493102063e-07, 2.3380e+01, 5.5531e-01, 
 2DIAGNOSTIC,    38, -2.018631312832e-01, 7.589395881157e-07, 2.3858e+01, 4.7790e-01, 
 2DIAGNOSTIC,    39, -2.018628480851e-01, 6.953705681927e-07, 2.4342e+01, 4.8441e-01, 
 2DIAGNOSTIC,    40, -2.018631399053e-01, 6.678145483864e-07, 2.4819e+01, 4.7706e-01, 
 2DIAGNOSTIC,    41, -2.018632067459e-01, 6.510174472563e-07, 2.5345e+01, 5.2550e-01, 
 2DIAGNOSTIC,    42, -2.018632657236e-01, 6.670770692531e-07, 2.5798e+01, 4.5295e-01, 
 2DIAGNOSTIC,    43, -2.018631179673e-01, 6.793305462570e-07, 2.6285e+01, 4.8725e-01, 
 2DIAGNOSTIC,    44, -2.018631398678e-01, 6.813528896817e-07, 2.6776e+01, 4.9115e-01, 
 2DIAGNOSTIC,    45, -2.018632088552e-01, 6.906276416342e-07, 2.7330e+01, 5.5381e-01, 
 2DIAGNOSTIC,    46, -2.018629772803e-01, 6.883171154333e-07, 2.7811e+01, 4.8143e-01, 
 2DIAGNOSTIC,    47, -2.018624058811e-01, 6.582582145198e-07, 2.8357e+01, 5.4568e-01, 
 2DIAGNOSTIC,    48, -2.018629926744e-01, 6.427561211435e-07, 2.8910e+01, 5.5300e-01, 
 2DIAGNOSTIC,    49, -2.018626916025e-01, 6.120316360728e-07, 2.9523e+01, 6.1333e-01, 
 2DIAGNOSTIC,    50, -2.018624391006e-01, 5.872730813594e-07, 3.0008e+01, 4.8513e-01, 
 2DIAGNOSTIC,    51, -2.018621958878e-01, 5.637470355986e-07, 3.0495e+01, 4.8683e-01, 
 2DIAGNOSTIC,    52, -2.018625519619e-01, 5.584685690875e-07, 3.1050e+01, 5.5490e-01, 
 2DIAGNOSTIC,    53, -2.018623876375e-01, 5.494832410330e-07, 3.1660e+01, 6.1015e-01, 
 2DIAGNOSTIC,    54, -2.018621794146e-01, 5.407049502477e-07, 3.2203e+01, 5.4252e-01, 
 2DIAGNOSTIC,    55, -2.018620539353e-01, 5.360963798058e-07, 3.2740e+01, 5.3724e-01, 
 2DIAGNOSTIC,    56, -2.018620532541e-01, 5.303938664068e-07, 3.3239e+01, 4.9848e-01, 
 2DIAGNOSTIC,    57, -2.018617477246e-01, 5.060104977909e-07, 3.3679e+01, 4.4019e-01, 
 2DIAGNOSTIC,    58, -2.018613599716e-01, 4.925606963309e-07, 3.4128e+01, 4.4959e-01, 
 2DIAGNOSTIC,    59, -2.018616251003e-01, 4.846111782870e-07, 3.4627e+01, 4.9865e-01, 
 2DIAGNOSTIC,    60, -2.018615224018e-01, 4.737034872276e-07, 3.5142e+01, 5.1482e-01, 
 2DIAGNOSTIC,    61, -2.018612067967e-01, 4.553618951318e-07, 3.5727e+01, 5.8483e-01, 
 2DIAGNOSTIC,    62, -2.018610511684e-01, 4.489559061564e-07, 3.6256e+01, 5.2947e-01, 
 2DIAGNOSTIC,    63, -2.018608470029e-01, 4.409158967759e-07, 3.6726e+01, 4.6962e-01, 
 2DIAGNOSTIC,    64, -2.018606614474e-01, 4.305132132489e-07, 3.7314e+01, 5.8807e-01, 
 2DIAGNOSTIC,    65, -2.018609584715e-01, 4.303848567290e-07, 3.7785e+01, 4.7092e-01, 
 2DIAGNOSTIC,    66, -2.018609939263e-01, 4.366999623237e-07, 3.8248e+01, 4.6284e-01, 
 2DIAGNOSTIC,    67, -2.018616679027e-01, 4.552831202806e-07, 3.8777e+01, 5.2963e-01, 
 2DIAGNOSTIC,    68, -2.018613140020e-01, 4.593610789232e-07, 3.9253e+01, 4.7565e-01, 
 2DIAGNOSTIC,    69, -2.018608024862e-01, 4.594782287131e-07, 3.9916e+01, 6.6321e-01, 
 2DIAGNOSTIC,    70, -2.018606357271e-01, 4.547381593067e-07, 4.0457e+01, 5.4142e-01, 
 2DIAGNOSTIC,    71, -2.018606937999e-01, 4.447482803080e-07, 4.0933e+01, 4.7546e-01, 
 2DIAGNOSTIC,    72, -2.018604812667e-01, 4.278851698375e-07, 4.1469e+01, 5.3659e-01, 
 2DIAGNOSTIC,    73, -2.018605535050e-01, 4.106472012537e-07, 4.2013e+01, 5.4386e-01, 
  Elapsed time (stage 1): 4.2398e+01


Total elapsed time: 7.1803e+01
