Running T1-THOMAS on sub-146
INFO:    Mounting image with FUSE.
Some packages in this Docker container are non-free
If you are considering commercial use of this container, please consult the relevant license:
https://fsl.fmrib.ox.ac.uk/fsl/fslwiki/Licence
THOMAS_HOME setting of /opt/thomas_new
Linux OS detected
File name OK
Running left and right thalamus MV big
All_Command_lines_OK
Using double precision for computations.
=============================================================================
The composite transform comprises the following transforms (in order): 
  1. Center of mass alignment using fixed image: sub-146_desc-preproc_T1w.nii.gz and moving image: /opt/thomas_new/origtemplate.nii.gz (type = Euler3DTransform)
=============================================================================
  number of levels = 4
  number of levels = 4
  fixed image: sub-146_desc-preproc_T1w.nii.gz
  moving image: /opt/thomas_new/origtemplate.nii.gz
  fixed image: sub-146_desc-preproc_T1w.nii.gz
  moving image: /opt/thomas_new/origtemplate.nii.gz
Dimension = 3
Number of stages = 2
Use Histogram Matching false
Winsorize image intensities false
Lower quantile = 0
Upper quantile = 1
Stage 1 State
   Image metric = Mattes
     Fixed image = Image (0x3685960)
  RTTI typeinfo:   itk::Image<double, 3u>
  Reference Count: 2
  Modified Time: 1696
  Debug: Off
  Object Name: 
  Observers: 
    none
  Source: (none)
  Source output name: (none)
  Release Data: Off
  Data Released: False
  Global Release Data: Off
  PipelineMTime: 0
  UpdateMTime: 1479
  RealTimeStamp: 0 seconds 
  LargestPossibleRegion: 
    Dimension: 3
    Index: [0, 0, 0]
    Size: [142, 352, 352]
  BufferedRegion: 
    Dimension: 3
    Index: [0, 0, 0]
    Size: [142, 352, 352]
  RequestedRegion: 
    Dimension: 3
    Index: [0, 0, 0]
    Size: [142, 352, 352]
  Spacing: [1.2, 0.727273, 0.727273]
  Origin: [78.2259, 109.33, -146.913]
  Direction: 
-0.998809 0.00551954 0.0484784
0.000912333 -0.991294 0.131661
0.0487831 0.131549 0.990109

  IndexToPointMatrix: 
-1.19857 0.00401421 0.035257
0.0010948 -0.720941 0.0957537
0.0585397 0.0956719 0.720079

  PointToIndexMatrix: 
-0.832341 0.000760278 0.0406526
0.00758937 -1.36303 0.18088
0.0666578 0.181034 1.3614

  Inverse Direction: 
-0.998809 0.000912333 0.0487831
0.00551954 -0.991294 0.131549
0.0484784 0.131661 0.990109

  PixelContainer: 
    ImportImageContainer (0x367e440)
      RTTI typeinfo:   itk::ImportImageContainer<unsigned long, double>
      Reference Count: 1
      Modified Time: 1476
      Debug: Off
      Object Name: 
      Observers: 
        none
      Pointer: 0x1531bfcd7010
      Container manages memory: true
      Size: 17594368
      Capacity: 17594368

     Moving image = Image (0x367f210)
  RTTI typeinfo:   itk::Image<double, 3u>
  Reference Count: 2
  Modified Time: 1697
  Debug: Off
  Object Name: 
  Observers: 
    none
  Source: (none)
  Source output name: (none)
  Release Data: Off
  Data Released: False
  Global Release Data: Off
  PipelineMTime: 0
  UpdateMTime: 1694
  RealTimeStamp: 0 seconds 
  LargestPossibleRegion: 
    Dimension: 3
    Index: [0, 0, 0]
    Size: [256, 440, 256]
  BufferedRegion: 
    Dimension: 3
    Index: [0, 0, 0]
    Size: [256, 440, 256]
  RequestedRegion: 
    Dimension: 3
    Index: [0, 0, 0]
    Size: [256, 440, 256]
  Spacing: [0.7031, 0.5, 0.7031]
  Origin: [83.5844, 59.822, -106.951]
  Direction: 
-1 0 0
0 -1 0
0 0 1

  IndexToPointMatrix: 
-0.7031 0 0
0 -0.5 0
0 0 0.7031

  PointToIndexMatrix: 
-1.42227 0 0
0 -2 0
0 0 1.42227

  Inverse Direction: 
-1 0 0
0 -1 0
0 0 1

  PixelContainer: 
    ImportImageContainer (0x367f4a0)
      RTTI typeinfo:   itk::ImportImageContainer<unsigned long, double>
      Reference Count: 1
      Modified Time: 1691
      Debug: Off
      Object Name: 
      Observers: 
        none
      Pointer: 0x1531b20d6010
      Container manages memory: true
      Size: 28835840
      Capacity: 28835840

     Weighting = 1
     Sampling strategy = regular
     Number of bins = 32
     Radius = 4
     Sampling percentage  = 0.25
   Transform = Rigid
     Gradient step = 0.1
     Update field sigma (voxel space) = 0
     Total field sigma (voxel space) = 0
     Update field time sigma = 0
     Total field time sigma  = 0
     Number of time indices = 0
     Number of time point samples = 0
Stage 2 State
   Image metric = Mattes
     Fixed image = Image (0x3691980)
  RTTI typeinfo:   itk::Image<double, 3u>
  Reference Count: 2
  Modified Time: 2128
  Debug: Off
  Object Name: 
  Observers: 
    none
  Source: (none)
  Source output name: (none)
  Release Data: Off
  Data Released: False
  Global Release Data: Off
  PipelineMTime: 0
  UpdateMTime: 1911
  RealTimeStamp: 0 seconds 
  LargestPossibleRegion: 
    Dimension: 3
    Index: [0, 0, 0]
    Size: [142, 352, 352]
  BufferedRegion: 
    Dimension: 3
    Index: [0, 0, 0]
    Size: [142, 352, 352]
  RequestedRegion: 
    Dimension: 3
    Index: [0, 0, 0]
    Size: [142, 352, 352]
  Spacing: [1.2, 0.727273, 0.727273]
  Origin: [78.2259, 109.33, -146.913]
  Direction: 
-0.998809 0.00551954 0.0484784
0.000912333 -0.991294 0.131661
0.0487831 0.131549 0.990109

  IndexToPointMatrix: 
-1.19857 0.00401421 0.035257
0.0010948 -0.720941 0.0957537
0.0585397 0.0956719 0.720079

  PointToIndexMatrix: 
-0.832341 0.000760278 0.0406526
0.00758937 -1.36303 0.18088
0.0666578 0.181034 1.3614

  Inverse Direction: 
-0.998809 0.000912333 0.0487831
0.00551954 -0.991294 0.131549
0.0484784 0.131661 0.990109

  PixelContainer: 
    ImportImageContainer (0x367d240)
      RTTI typeinfo:   itk::ImportImageContainer<unsigned long, double>
      Reference Count: 1
      Modified Time: 1908
      Debug: Off
      Object Name: 
      Observers: 
        none
      Pointer: 0x1531a9a99010
      Container manages memory: true
      Size: 17594368
      Capacity: 17594368

     Moving image = Image (0x3693410)
  RTTI typeinfo:   itk::Image<double, 3u>
  Reference Count: 2
  Modified Time: 2129
  Debug: Off
  Object Name: 
  Observers: 
    none
  Source: (none)
  Source output name: (none)
  Release Data: Off
  Data Released: False
  Global Release Data: Off
  PipelineMTime: 0
  UpdateMTime: 2126
  RealTimeStamp: 0 seconds 
  LargestPossibleRegion: 
    Dimension: 3
    Index: [0, 0, 0]
    Size: [256, 440, 256]
  BufferedRegion: 
    Dimension: 3
    Index: [0, 0, 0]
    Size: [256, 440, 256]
  RequestedRegion: 
    Dimension: 3
    Index: [0, 0, 0]
    Size: [256, 440, 256]
  Spacing: [0.7031, 0.5, 0.7031]
  Origin: [83.5844, 59.822, -106.951]
  Direction: 
-1 0 0
0 -1 0
0 0 1

  IndexToPointMatrix: 
-0.7031 0 0
0 -0.5 0
0 0 0.7031

  PointToIndexMatrix: 
-1.42227 0 0
0 -2 0
0 0 1.42227

  Inverse Direction: 
-1 0 0
0 -1 0
0 0 1

  PixelContainer: 
    ImportImageContainer (0x3683d50)
      RTTI typeinfo:   itk::ImportImageContainer<unsigned long, double>
      Reference Count: 1
      Modified Time: 2123
      Debug: Off
      Object Name: 
      Observers: 
        none
      Pointer: 0x15319be98010
      Container manages memory: true
      Size: 28835840
      Capacity: 28835840

     Weighting = 1
     Sampling strategy = regular
     Number of bins = 32
     Radius = 4
     Sampling percentage  = 0.25
   Transform = Affine
     Gradient step = 0.1
     Update field sigma (voxel space) = 0
     Total field sigma (voxel space) = 0
     Update field time sigma = 0
     Total field time sigma  = 0
     Number of time indices = 0
     Number of time point samples = 0
Registration using 2 total stages.

Stage 0
  iterations = 1000x500x250x100
  convergence threshold = 5e-07
  convergence window size = 10
  number of levels = 4
  using the Mattes MI metric (number of bins = 32, weight = 1)
  Shrink factors (level 1 out of 4): [5, 8, 8]
  Shrink factors (level 2 out of 4): [2, 4, 4]
  Shrink factors (level 3 out of 4): [1, 2, 2]
  Shrink factors (level 4 out of 4): [1, 1, 1]
  smoothing sigmas per level: [3, 2, 1, 0]
  regular sampling (percentage = 0.25)

*** Running Euler3DTransform registration ***

DIAGNOSTIC,Iteration,metricValue,convergenceValue,ITERATION_TIME_INDEX,SINCE_LAST
 2DIAGNOSTIC,     1, -2.249857732779e-01, 1.797693134862e+308, 3.7635e-01, 3.7635e-01, 
 2DIAGNOSTIC,     2, -2.253943166719e-01, 1.797693134862e+308, 3.7961e-01, 3.2570e-03, 
 2DIAGNOSTIC,     3, -2.267049011342e-01, 1.797693134862e+308, 3.8298e-01, 3.3751e-03, 
 2DIAGNOSTIC,     4, -2.342615663414e-01, 1.797693134862e+308, 3.8627e-01, 3.2818e-03, 
 2DIAGNOSTIC,     5, -2.501960750357e-01, 1.797693134862e+308, 3.8957e-01, 3.3090e-03, 
 2DIAGNOSTIC,     6, -2.586996812276e-01, 1.797693134862e+308, 3.9301e-01, 3.4349e-03, 
 2DIAGNOSTIC,     7, -2.839052524304e-01, 1.797693134862e+308, 3.9668e-01, 3.6681e-03, 
 2DIAGNOSTIC,     8, -3.059923350491e-01, 1.797693134862e+308, 4.0013e-01, 3.4499e-03, 
 2DIAGNOSTIC,     9, -3.201107332564e-01, 1.797693134862e+308, 4.0373e-01, 3.6030e-03, 
 2DIAGNOSTIC,    10, -3.433368438347e-01, 2.991091329151e-02, 4.0915e-01, 5.4221e-03, 
 2DIAGNOSTIC,    11, -4.290607972534e-01, 3.628126471798e-02, 4.1685e-01, 7.6959e-03, 
 2DIAGNOSTIC,    12, -4.306595911756e-01, 3.795623208572e-02, 4.2025e-01, 3.4058e-03, 
 2DIAGNOSTIC,    13, -4.343229817313e-01, 3.634999959960e-02, 4.2377e-01, 3.5129e-03, 
 2DIAGNOSTIC,    14, -4.384373973758e-01, 3.264123425500e-02, 4.2928e-01, 5.5182e-03, 
 2DIAGNOSTIC,    15, -4.382272560055e-01, 2.760071313506e-02, 4.3362e-01, 4.3340e-03, 
 2DIAGNOSTIC,    16, -4.381969997740e-01, 2.128818006925e-02, 4.3759e-01, 3.9680e-03, 
 2DIAGNOSTIC,    17, -4.381581185194e-01, 1.525157021134e-02, 4.4142e-01, 3.8381e-03, 
 2DIAGNOSTIC,    18, -4.376898016798e-01, 9.741587065594e-03, 4.4536e-01, 3.9332e-03, 
 2DIAGNOSTIC,    19, -4.376665390640e-01, 4.694707769779e-03, 4.5094e-01, 5.5811e-03, 
 2DIAGNOSTIC,    20, -4.376214377811e-01, 6.852875975326e-04, 4.5468e-01, 3.7360e-03, 
 2DIAGNOSTIC,    21, -4.376249640708e-01, 3.460537948138e-04, 4.5908e-01, 4.4012e-03, 
 2DIAGNOSTIC,    22, -4.376456662919e-01, 6.869345190581e-05, 4.6287e-01, 3.7901e-03, 
DIAGNOSTIC,Iteration,metricValue,convergenceValue,ITERATION_TIME_INDEX,SINCE_LAST
 2DIAGNOSTIC,     1, -3.385117324175e-01, 1.797693134862e+308, 9.0209e-01, 4.3922e-01, 
 2DIAGNOSTIC,     2, -3.391693703434e-01, 1.797693134862e+308, 9.2853e-01, 2.6443e-02, 
 2DIAGNOSTIC,     3, -3.400982690557e-01, 1.797693134862e+308, 9.5352e-01, 2.4985e-02, 
 2DIAGNOSTIC,     4, -3.412790782885e-01, 1.797693134862e+308, 9.7766e-01, 2.4147e-02, 
 2DIAGNOSTIC,     5, -3.422822492350e-01, 1.797693134862e+308, 1.0059e+00, 2.8207e-02, 
 2DIAGNOSTIC,     6, -3.427430987347e-01, 1.797693134862e+308, 1.0414e+00, 3.5567e-02, 
 2DIAGNOSTIC,     7, -3.426075115513e-01, 1.797693134862e+308, 1.0735e+00, 3.2061e-02, 
 2DIAGNOSTIC,     8, -3.426078179334e-01, 1.797693134862e+308, 1.1053e+00, 3.1792e-02, 
 2DIAGNOSTIC,     9, -3.426006323925e-01, 1.797693134862e+308, 1.1336e+00, 2.8351e-02, 
 2DIAGNOSTIC,    10, -3.425941312550e-01, 7.971185007938e-04, 1.1625e+00, 2.8877e-02, 
 2DIAGNOSTIC,    11, -3.425904351352e-01, 5.066208628324e-04, 1.1869e+00, 2.4404e-02, 
 2DIAGNOSTIC,    12, -3.425772925721e-01, 2.645073255281e-04, 1.2154e+00, 2.8459e-02, 
 2DIAGNOSTIC,    13, -3.425982568369e-01, 9.600631105749e-05, 1.2435e+00, 2.8070e-02, 
 2DIAGNOSTIC,    14, -3.425890072487e-01, 1.117707570705e-05, 1.2755e+00, 3.2054e-02, 
DIAGNOSTIC,Iteration,metricValue,convergenceValue,ITERATION_TIME_INDEX,SINCE_LAST
 2DIAGNOSTIC,     1, -2.690589109372e-01, 1.797693134862e+308, 2.3204e+00, 1.0448e+00, 
 2DIAGNOSTIC,     2, -2.690546399680e-01, 1.797693134862e+308, 2.5379e+00, 2.1752e-01, 
 2DIAGNOSTIC,     3, -2.690513125371e-01, 1.797693134862e+308, 2.7552e+00, 2.1735e-01, 
 2DIAGNOSTIC,     4, -2.690526776978e-01, 1.797693134862e+308, 2.9757e+00, 2.2050e-01, 
 2DIAGNOSTIC,     5, -2.690504351034e-01, 1.797693134862e+308, 3.1682e+00, 1.9250e-01, 
 2DIAGNOSTIC,     6, -2.690480590886e-01, 1.797693134862e+308, 3.3621e+00, 1.9389e-01, 
 2DIAGNOSTIC,     7, -2.690471517090e-01, 1.797693134862e+308, 3.5297e+00, 1.6757e-01, 
 2DIAGNOSTIC,     8, -2.690470967974e-01, 1.797693134862e+308, 3.7284e+00, 1.9868e-01, 
 2DIAGNOSTIC,     9, -2.690470630253e-01, 1.797693134862e+308, 3.8946e+00, 1.6625e-01, 
 2DIAGNOSTIC,    10, -2.690472986849e-01, 6.285030537817e-07, 4.0873e+00, 1.9272e-01, 
 2DIAGNOSTIC,    11, -2.690440560257e-01, 9.960205444859e-07, 4.2550e+00, 1.6763e-01, 
 2DIAGNOSTIC,    12, -2.690463247086e-01, 1.313143568882e-06, 4.4522e+00, 1.9721e-01, 
 2DIAGNOSTIC,    13, -2.690477884691e-01, 1.534515095880e-06, 4.6526e+00, 2.0040e-01, 
 2DIAGNOSTIC,    14, -2.690466993586e-01, 1.824446692847e-06, 4.8474e+00, 1.9477e-01, 
 2DIAGNOSTIC,    15, -2.690461737594e-01, 1.932240615815e-06, 5.0430e+00, 1.9561e-01, 
 2DIAGNOSTIC,    16, -2.690465002640e-01, 1.914850102938e-06, 5.2619e+00, 2.1897e-01, 
 2DIAGNOSTIC,    17, -2.690450682392e-01, 1.757159335501e-06, 5.4764e+00, 2.1444e-01, 
 2DIAGNOSTIC,    18, -2.690430565614e-01, 1.503787929062e-06, 5.6853e+00, 2.0891e-01, 
 2DIAGNOSTIC,    19, -2.690422543209e-01, 1.257885730244e-06, 5.8952e+00, 2.0987e-01, 
 2DIAGNOSTIC,    20, -2.690417270787e-01, 1.066794487227e-06, 6.1356e+00, 2.4044e-01, 
 2DIAGNOSTIC,    21, -2.690424924612e-01, 8.135084668889e-07, 6.3399e+00, 2.0429e-01, 
 2DIAGNOSTIC,    22, -2.690420440087e-01, 7.325451456958e-07, 6.5447e+00, 2.0480e-01, 
 2DIAGNOSTIC,    23, -2.690385225333e-01, 6.348125046879e-07, 6.7236e+00, 1.7889e-01, 
 2DIAGNOSTIC,    24, -2.690402080635e-01, 6.471761096263e-07, 6.9045e+00, 1.8091e-01, 
 2DIAGNOSTIC,    25, -2.690391374657e-01, 6.485235955894e-07, 7.1192e+00, 2.1478e-01, 
 2DIAGNOSTIC,    26, -2.690396351524e-01, 7.414402672171e-07, 7.3340e+00, 2.1477e-01, 
 2DIAGNOSTIC,    27, -2.690388288040e-01, 7.875584813535e-07, 7.5039e+00, 1.6984e-01, 
 2DIAGNOSTIC,    28, -2.690383759449e-01, 7.778425245991e-07, 7.7361e+00, 2.3223e-01, 
 2DIAGNOSTIC,    29, -2.690395929591e-01, 8.183604057188e-07, 7.9485e+00, 2.1244e-01, 
 2DIAGNOSTIC,    30, -2.690380844114e-01, 8.063094195376e-07, 8.1592e+00, 2.1065e-01, 
 2DIAGNOSTIC,    31, -2.690374679645e-01, 8.257561934996e-07, 8.3369e+00, 1.7775e-01, 
 2DIAGNOSTIC,    32, -2.690382903647e-01, 8.798243328403e-07, 8.5457e+00, 2.0875e-01, 
 2DIAGNOSTIC,    33, -2.690400560075e-01, 8.819561727255e-07, 8.7253e+00, 1.7964e-01, 
 2DIAGNOSTIC,    34, -2.690388115220e-01, 9.041993196540e-07, 8.9017e+00, 1.7638e-01, 
 2DIAGNOSTIC,    35, -2.690354995996e-01, 7.977562867488e-07, 9.1099e+00, 2.0822e-01, 
 2DIAGNOSTIC,    36, -2.690365981729e-01, 7.592936513111e-07, 9.3177e+00, 2.0777e-01, 
 2DIAGNOSTIC,    37, -2.690362178064e-01, 6.978109860153e-07, 9.5295e+00, 2.1182e-01, 
 2DIAGNOSTIC,    38, -2.690325875676e-01, 5.381110681976e-07, 9.7375e+00, 2.0802e-01, 
DIAGNOSTIC,Iteration,metricValue,convergenceValue,ITERATION_TIME_INDEX,SINCE_LAST
 2DIAGNOSTIC,     1, -2.116428559501e-01, 1.797693134862e+308, 1.1842e+01, 2.1046e+00, 
 2DIAGNOSTIC,     2, -2.116795596330e-01, 1.797693134862e+308, 1.2541e+01, 6.9905e-01, 
 2DIAGNOSTIC,     3, -2.116800597803e-01, 1.797693134862e+308, 1.3266e+01, 7.2502e-01, 
 2DIAGNOSTIC,     4, -2.116781671295e-01, 1.797693134862e+308, 1.3904e+01, 6.3762e-01, 
 2DIAGNOSTIC,     5, -2.116778637977e-01, 1.797693134862e+308, 1.4842e+01, 9.3852e-01, 
 2DIAGNOSTIC,     6, -2.116773933884e-01, 1.797693134862e+308, 1.5468e+01, 6.2538e-01, 
 2DIAGNOSTIC,     7, -2.116775577932e-01, 1.797693134862e+308, 1.6100e+01, 6.3267e-01, 
 2DIAGNOSTIC,     8, -2.116768459982e-01, 1.797693134862e+308, 1.6749e+01, 6.4893e-01, 
 2DIAGNOSTIC,     9, -2.116759628562e-01, 1.797693134862e+308, 1.7393e+01, 6.4327e-01, 
 2DIAGNOSTIC,    10, -2.116768258617e-01, 6.968583872641e-06, 1.8244e+01, 8.5130e-01, 
 2DIAGNOSTIC,    11, -2.116764392132e-01, 1.922536892129e-06, 1.9000e+01, 7.5571e-01, 
 2DIAGNOSTIC,    12, -2.116766340471e-01, 1.929243675050e-06, 1.9654e+01, 6.5421e-01, 
 2DIAGNOSTIC,    13, -2.116762255582e-01, 2.015894187662e-06, 2.0306e+01, 6.5244e-01, 
 2DIAGNOSTIC,    14, -2.116759978324e-01, 1.928624098327e-06, 2.1037e+01, 7.3114e-01, 
 2DIAGNOSTIC,    15, -2.116758172677e-01, 1.840936293990e-06, 2.1655e+01, 6.1723e-01, 
 2DIAGNOSTIC,    16, -2.116755067615e-01, 1.721863793297e-06, 2.2282e+01, 6.2696e-01, 
 2DIAGNOSTIC,    17, -2.116754767962e-01, 1.654027125160e-06, 2.2942e+01, 6.6052e-01, 
 2DIAGNOSTIC,    18, -2.116752630214e-01, 1.547032028398e-06, 2.3690e+01, 7.4755e-01, 
 2DIAGNOSTIC,    19, -2.116753861417e-01, 1.416617858886e-06, 2.4276e+01, 5.8649e-01, 
 2DIAGNOSTIC,    20, -2.116749262013e-01, 1.350595760653e-06, 2.4946e+01, 6.7023e-01, 
 2DIAGNOSTIC,    21, -2.116752643301e-01, 1.310295542893e-06, 2.5690e+01, 7.4320e-01, 
 2DIAGNOSTIC,    22, -2.116750189727e-01, 1.289380054330e-06, 2.6360e+01, 6.7062e-01, 
 2DIAGNOSTIC,    23, -2.116751064063e-01, 1.266543881190e-06, 2.7025e+01, 6.6439e-01, 
 2DIAGNOSTIC,    24, -2.116751142237e-01, 1.244310145594e-06, 2.7602e+01, 5.7780e-01, 
 2DIAGNOSTIC,    25, -2.116751938880e-01, 1.226476348933e-06, 2.8177e+01, 5.7503e-01, 
 2DIAGNOSTIC,    26, -2.116751842221e-01, 1.197617716837e-06, 2.8921e+01, 7.4390e-01, 
 2DIAGNOSTIC,    27, -2.116755314975e-01, 1.189308998936e-06, 2.9583e+01, 6.6167e-01, 
 2DIAGNOSTIC,    28, -2.116754311183e-01, 1.164858423386e-06, 3.0154e+01, 5.7056e-01, 
 2DIAGNOSTIC,    29, -2.116754240356e-01, 1.145645966323e-06, 3.0811e+01, 6.5778e-01, 
 2DIAGNOSTIC,    30, -2.116757119327e-01, 1.115050077508e-06, 3.1471e+01, 6.5931e-01, 
 2DIAGNOSTIC,    31, -2.116758018091e-01, 1.099648429148e-06, 3.2219e+01, 7.4806e-01, 
 2DIAGNOSTIC,    32, -2.116752379594e-01, 1.044048497947e-06, 3.2872e+01, 6.5322e-01, 
 2DIAGNOSTIC,    33, -2.116749449834e-01, 9.796459645370e-07, 3.3450e+01, 5.7852e-01, 
 2DIAGNOSTIC,    34, -2.116746600356e-01, 9.068231991254e-07, 3.4029e+01, 5.7832e-01, 
 2DIAGNOSTIC,    35, -2.116747372039e-01, 8.466459495045e-07, 3.4771e+01, 7.4174e-01, 
 2DIAGNOSTIC,    36, -2.116748181886e-01, 7.975605432857e-07, 3.5347e+01, 5.7614e-01, 
 2DIAGNOSTIC,    37, -2.116743150881e-01, 7.540895980047e-07, 3.5919e+01, 5.7268e-01, 
 2DIAGNOSTIC,    38, -2.116743799057e-01, 7.227671787562e-07, 3.6582e+01, 6.6255e-01, 
 2DIAGNOSTIC,    39, -2.116747043595e-01, 7.142764476900e-07, 3.7243e+01, 6.6071e-01, 
 2DIAGNOSTIC,    40, -2.116746314151e-01, 7.220388139849e-07, 3.7821e+01, 5.7858e-01, 
 2DIAGNOSTIC,    41, -2.116748020695e-01, 7.454407481740e-07, 3.8476e+01, 6.5453e-01, 
 2DIAGNOSTIC,    42, -2.116747582465e-01, 7.516433981544e-07, 3.9052e+01, 5.7629e-01, 
 2DIAGNOSTIC,    43, -2.116740058614e-01, 7.258435819439e-07, 3.9717e+01, 6.6457e-01, 
 2DIAGNOSTIC,    44, -2.116746715416e-01, 7.144355322272e-07, 4.0324e+01, 6.0776e-01, 
 2DIAGNOSTIC,    45, -2.116746918122e-01, 7.061589139962e-07, 4.0930e+01, 6.0581e-01, 
 2DIAGNOSTIC,    46, -2.116741662417e-01, 6.857220043593e-07, 4.1539e+01, 6.0868e-01, 
 2DIAGNOSTIC,    47, -2.116740458944e-01, 6.497541438118e-07, 4.2225e+01, 6.8618e-01, 
 2DIAGNOSTIC,    48, -2.116741494179e-01, 6.225953008351e-07, 4.2835e+01, 6.1010e-01, 
 2DIAGNOSTIC,    49, -2.116740013801e-01, 6.047288445797e-07, 4.3449e+01, 6.1395e-01, 
 2DIAGNOSTIC,    50, -2.116737934730e-01, 5.838925416848e-07, 4.4052e+01, 6.0297e-01, 
 2DIAGNOSTIC,    51, -2.116736531611e-01, 5.701654337102e-07, 4.4582e+01, 5.2965e-01, 
 2DIAGNOSTIC,    52, -2.116736801949e-01, 5.625135365249e-07, 4.5190e+01, 6.0787e-01, 
 2DIAGNOSTIC,    53, -2.116737974137e-01, 5.429206674581e-07, 4.5855e+01, 6.6504e-01, 
 2DIAGNOSTIC,    54, -2.116737895153e-01, 5.456252207409e-07, 4.6436e+01, 5.8147e-01, 
 2DIAGNOSTIC,    55, -2.116738343903e-01, 5.545306001817e-07, 4.7105e+01, 6.6854e-01, 
 2DIAGNOSTIC,    56, -2.116739286230e-01, 5.552057215953e-07, 4.7693e+01, 5.8876e-01, 
 2DIAGNOSTIC,    57, -2.116737282153e-01, 5.492799738070e-07, 4.8445e+01, 7.5216e-01, 
 2DIAGNOSTIC,    58, -2.116737256722e-01, 5.468565576552e-07, 4.9032e+01, 5.8634e-01, 
 2DIAGNOSTIC,    59, -2.116733037017e-01, 5.317746662424e-07, 4.9696e+01, 6.6426e-01, 
 2DIAGNOSTIC,    60, -2.116732630883e-01, 5.126555700750e-07, 5.0285e+01, 5.8898e-01, 
  Elapsed time (stage 0): 5.0726e+01


Stage 1
  iterations = 1000x500x250x100
  convergence threshold = 4.0000e-07
  convergence window size = 10
  number of levels = 4
  using the Mattes MI metric (number of bins = 32, weight = 1.0000e+00)
  Shrink factors (level 1 out of 4): [5, 8, 8]
  Shrink factors (level 2 out of 4): [2, 4, 4]
  Shrink factors (level 3 out of 4): [1, 2, 2]
  Shrink factors (level 4 out of 4): [1, 1, 1]
  smoothing sigmas per level: [3, 2, 1, 0]
  regular sampling (percentage = 2.5000e-01)

*** Running AffineTransform registration ***

DIAGNOSTIC,Iteration,metricValue,convergenceValue,ITERATION_TIME_INDEX,SINCE_LAST
 2DIAGNOSTIC,     1, -4.322636070366e-01, 1.797693134862e+308, 3.9920e-01, 3.9920e-01, 
 2DIAGNOSTIC,     2, -4.333885236205e-01, 1.797693134862e+308, 4.0312e-01, 3.9248e-03, 
 2DIAGNOSTIC,     3, -4.350775090287e-01, 1.797693134862e+308, 4.0682e-01, 3.6950e-03, 
 2DIAGNOSTIC,     4, -4.373771912457e-01, 1.797693134862e+308, 4.1087e-01, 4.0538e-03, 
 2DIAGNOSTIC,     5, -4.410456489065e-01, 1.797693134862e+308, 4.1468e-01, 3.8080e-03, 
 2DIAGNOSTIC,     6, -4.438925383083e-01, 1.797693134862e+308, 4.1854e-01, 3.8619e-03, 
 2DIAGNOSTIC,     7, -4.477715010799e-01, 1.797693134862e+308, 4.2316e-01, 4.6139e-03, 
 2DIAGNOSTIC,     8, -4.507982788473e-01, 1.797693134862e+308, 4.2728e-01, 4.1201e-03, 
 2DIAGNOSTIC,     9, -4.598348954148e-01, 1.797693134862e+308, 4.3177e-01, 4.4971e-03, 
 2DIAGNOSTIC,    10, -4.621947992435e-01, 4.441581639001e-03, 4.3595e-01, 4.1771e-03, 
 2DIAGNOSTIC,    11, -4.687343790805e-01, 4.631256827358e-03, 4.4387e-01, 7.9191e-03, 
 2DIAGNOSTIC,    12, -4.689856378208e-01, 4.443931384663e-03, 4.5305e-01, 9.1832e-03, 
 2DIAGNOSTIC,    13, -4.687603707136e-01, 3.960013056299e-03, 4.5699e-01, 3.9361e-03, 
 2DIAGNOSTIC,    14, -4.689763651499e-01, 3.299656621520e-03, 4.6110e-01, 4.1111e-03, 
 2DIAGNOSTIC,    15, -4.694097676357e-01, 2.598162267171e-03, 4.6540e-01, 4.3039e-03, 
 2DIAGNOSTIC,    16, -4.699906060154e-01, 1.881592789532e-03, 4.7018e-01, 4.7760e-03, 
 2DIAGNOSTIC,    17, -4.705073839678e-01, 1.241988114543e-03, 4.7497e-01, 4.7939e-03, 
 2DIAGNOSTIC,    18, -4.708360895080e-01, 6.734772777664e-04, 4.7913e-01, 4.1599e-03, 
 2DIAGNOSTIC,    19, -4.709514241975e-01, 4.051205904796e-04, 4.8351e-01, 4.3809e-03, 
 2DIAGNOSTIC,    20, -4.712399164056e-01, 2.034289365540e-04, 4.8786e-01, 4.3430e-03, 
 2DIAGNOSTIC,    21, -4.710829802047e-01, 1.908136281121e-04, 4.9189e-01, 4.0340e-03, 
 2DIAGNOSTIC,    22, -4.712850711211e-01, 1.748931058166e-04, 4.9635e-01, 4.4608e-03, 
 2DIAGNOSTIC,    23, -4.716304465623e-01, 1.473541913775e-04, 5.0053e-01, 4.1771e-03, 
 2DIAGNOSTIC,    24, -4.723251832556e-01, 1.316791922600e-04, 5.0592e-01, 5.3909e-03, 
 2DIAGNOSTIC,    25, -4.721149105760e-01, 1.100361454991e-04, 5.1070e-01, 4.7781e-03, 
 2DIAGNOSTIC,    26, -4.719775005608e-01, 9.069223176675e-05, 5.1540e-01, 4.7021e-03, 
 2DIAGNOSTIC,    27, -4.720294180223e-01, 7.750707116478e-05, 5.1997e-01, 4.5662e-03, 
 2DIAGNOSTIC,    28, -4.720363800559e-01, 6.508133525961e-05, 5.2464e-01, 4.6780e-03, 
 2DIAGNOSTIC,    29, -4.720278437165e-01, 4.932333147777e-05, 5.2934e-01, 4.6921e-03, 
 2DIAGNOSTIC,    30, -4.718082496526e-01, 3.180936729123e-05, 5.3379e-01, 4.4489e-03, 
 2DIAGNOSTIC,    31, -4.714227939775e-01, 2.161416536757e-06, 5.3788e-01, 4.0941e-03, 
DIAGNOSTIC,Iteration,metricValue,convergenceValue,ITERATION_TIME_INDEX,SINCE_LAST
 2DIAGNOSTIC,     1, -3.707838650919e-01, 1.797693134862e+308, 1.0161e+00, 4.7820e-01, 
 2DIAGNOSTIC,     2, -3.715751875574e-01, 1.797693134862e+308, 1.0447e+00, 2.8584e-02, 
 2DIAGNOSTIC,     3, -3.726686989207e-01, 1.797693134862e+308, 1.0734e+00, 2.8725e-02, 
 2DIAGNOSTIC,     4, -3.740520247759e-01, 1.797693134862e+308, 1.1018e+00, 2.8369e-02, 
 2DIAGNOSTIC,     5, -3.759100364369e-01, 1.797693134862e+308, 1.1299e+00, 2.8182e-02, 
 2DIAGNOSTIC,     6, -3.776505101175e-01, 1.797693134862e+308, 1.1582e+00, 2.8294e-02, 
 2DIAGNOSTIC,     7, -3.790944184835e-01, 1.797693134862e+308, 1.1863e+00, 2.8042e-02, 
 2DIAGNOSTIC,     8, -3.811184529123e-01, 1.797693134862e+308, 1.2187e+00, 3.2417e-02, 
 2DIAGNOSTIC,     9, -3.841066988610e-01, 1.797693134862e+308, 1.2689e+00, 5.0220e-02, 
 2DIAGNOSTIC,    10, -3.842816853471e-01, 2.491619346476e-03, 1.3023e+00, 3.3401e-02, 
 2DIAGNOSTIC,    11, -3.843431347628e-01, 2.235432866915e-03, 1.3315e+00, 2.9207e-02, 
 2DIAGNOSTIC,    12, -3.843793198632e-01, 1.876164440274e-03, 1.3647e+00, 3.3178e-02, 
 2DIAGNOSTIC,    13, -3.844327398000e-01, 1.468068501837e-03, 1.3936e+00, 2.8858e-02, 
 2DIAGNOSTIC,    14, -3.846218746247e-01, 1.066630605870e-03, 1.4225e+00, 2.8966e-02, 
 2DIAGNOSTIC,    15, -3.848963103083e-01, 7.278618204807e-04, 1.4513e+00, 2.8798e-02, 
 2DIAGNOSTIC,    16, -3.853120176543e-01, 4.674584098003e-04, 1.4807e+00, 2.9370e-02, 
 2DIAGNOSTIC,    17, -3.864687947332e-01, 3.084336657991e-04, 1.5133e+00, 3.2564e-02, 
 2DIAGNOSTIC,    18, -3.870764676839e-01, 2.437111367551e-04, 1.5465e+00, 3.3224e-02, 
 2DIAGNOSTIC,    19, -3.868537401151e-01, 2.718965871384e-04, 1.5803e+00, 3.3847e-02, 
 2DIAGNOSTIC,    20, -3.866800994107e-01, 2.731288444878e-04, 1.6137e+00, 3.3410e-02, 
 2DIAGNOSTIC,    21, -3.866538123295e-01, 2.503012954298e-04, 1.6469e+00, 3.3167e-02, 
 2DIAGNOSTIC,    22, -3.865194504631e-01, 2.022620593633e-04, 1.6806e+00, 3.3651e-02, 
 2DIAGNOSTIC,    23, -3.865199411257e-01, 1.411447945588e-04, 1.7092e+00, 2.8671e-02, 
 2DIAGNOSTIC,    24, -3.867042720700e-01, 8.415311615000e-05, 1.7471e+00, 3.7900e-02, 
 2DIAGNOSTIC,    25, -3.866569372101e-01, 3.100006617463e-05, 1.7935e+00, 4.6374e-02, 
DIAGNOSTIC,Iteration,metricValue,convergenceValue,ITERATION_TIME_INDEX,SINCE_LAST
 2DIAGNOSTIC,     1, -3.104457403132e-01, 1.797693134862e+308, 2.8917e+00, 1.0982e+00, 
 2DIAGNOSTIC,     2, -3.104348086114e-01, 1.797693134862e+308, 3.1251e+00, 2.3335e-01, 
 2DIAGNOSTIC,     3, -3.104301379557e-01, 1.797693134862e+308, 3.3926e+00, 2.6750e-01, 
 2DIAGNOSTIC,     4, -3.104268384835e-01, 1.797693134862e+308, 3.5966e+00, 2.0396e-01, 
 2DIAGNOSTIC,     5, -3.104222115210e-01, 1.797693134862e+308, 3.8609e+00, 2.6438e-01, 
 2DIAGNOSTIC,     6, -3.104187134608e-01, 1.797693134862e+308, 4.1099e+00, 2.4898e-01, 
 2DIAGNOSTIC,     7, -3.104172771652e-01, 1.797693134862e+308, 4.3567e+00, 2.4674e-01, 
 2DIAGNOSTIC,     8, -3.104165466939e-01, 1.797693134862e+308, 4.6089e+00, 2.5223e-01, 
 2DIAGNOSTIC,     9, -3.104152020869e-01, 1.797693134862e+308, 4.8317e+00, 2.2283e-01, 
DIAGNOSTIC,Iteration,metricValue,convergenceValue,ITERATION_TIME_INDEX,SINCE_LAST
 2DIAGNOSTIC,     1, -2.470092771408e-01, 1.797693134862e+308, 7.5686e+00, 2.7368e+00, 
 2DIAGNOSTIC,     2, -2.470095160951e-01, 1.797693134862e+308, 8.3160e+00, 7.4739e-01, 
 2DIAGNOSTIC,     3, -2.470090124796e-01, 1.797693134862e+308, 9.0716e+00, 7.5562e-01, 
 2DIAGNOSTIC,     4, -2.470093748539e-01, 1.797693134862e+308, 9.9020e+00, 8.3044e-01, 
 2DIAGNOSTIC,     5, -2.470082131890e-01, 1.797693134862e+308, 1.0746e+01, 8.4373e-01, 
 2DIAGNOSTIC,     6, -2.470081101920e-01, 1.797693134862e+308, 1.1687e+01, 9.4170e-01, 
 2DIAGNOSTIC,     7, -2.470079889230e-01, 1.797693134862e+308, 1.2453e+01, 7.6574e-01, 
 2DIAGNOSTIC,     8, -2.470076181625e-01, 1.797693134862e+308, 1.3401e+01, 9.4768e-01, 
 2DIAGNOSTIC,     9, -2.470076138254e-01, 1.797693134862e+308, 1.4165e+01, 7.6380e-01, 
 2DIAGNOSTIC,    10, -2.470074591304e-01, 2.591565376991e-06, 1.4934e+01, 7.6918e-01, 
 2DIAGNOSTIC,    11, -2.470072130383e-01, 2.348463985724e-06, 1.5708e+01, 7.7372e-01, 
 2DIAGNOSTIC,    12, -2.470072474831e-01, 2.221655262841e-06, 1.6473e+01, 7.6523e-01, 
 2DIAGNOSTIC,    13, -2.470072668852e-01, 2.107961997705e-06, 1.7157e+01, 6.8442e-01, 
 2DIAGNOSTIC,    14, -2.470066361283e-01, 2.021542685735e-06, 1.7920e+01, 7.6270e-01, 
 2DIAGNOSTIC,    15, -2.470068070370e-01, 1.894891381138e-06, 1.8684e+01, 7.6455e-01, 
 2DIAGNOSTIC,    16, -2.470065077863e-01, 1.775227673709e-06, 1.9460e+01, 7.7532e-01, 
 2DIAGNOSTIC,    17, -2.470065226003e-01, 1.682621522010e-06, 2.0242e+01, 7.8206e-01, 
 2DIAGNOSTIC,    18, -2.470062604285e-01, 1.576939915156e-06, 2.1016e+01, 7.7376e-01, 
 2DIAGNOSTIC,    19, -2.470059903249e-01, 1.484288524603e-06, 2.1707e+01, 6.9100e-01, 
 2DIAGNOSTIC,    20, -2.470058720168e-01, 1.403603940492e-06, 2.2494e+01, 7.8781e-01, 
 2DIAGNOSTIC,    21, -2.470059456159e-01, 1.337967995077e-06, 2.3285e+01, 7.9046e-01, 
 2DIAGNOSTIC,    22, -2.470059235678e-01, 1.294854766416e-06, 2.4160e+01, 8.7537e-01, 
 2DIAGNOSTIC,    23, -2.470058306299e-01, 1.266956499317e-06, 2.4861e+01, 7.0095e-01, 
 2DIAGNOSTIC,    24, -2.470058624319e-01, 1.223611388997e-06, 2.5547e+01, 6.8570e-01, 
 2DIAGNOSTIC,    25, -2.470061167373e-01, 1.213084756785e-06, 2.6332e+01, 7.8525e-01, 
 2DIAGNOSTIC,    26, -2.470062096798e-01, 1.199058354676e-06, 2.7119e+01, 7.8681e-01, 
 2DIAGNOSTIC,    27, -2.470060562325e-01, 1.182618860590e-06, 2.7822e+01, 7.0261e-01, 
 2DIAGNOSTIC,    28, -2.470061534172e-01, 1.160919679791e-06, 2.8599e+01, 7.7728e-01, 
 2DIAGNOSTIC,    29, -2.470062494285e-01, 1.131448688026e-06, 2.9376e+01, 7.7697e-01, 
 2DIAGNOSTIC,    30, -2.470063683971e-01, 1.100211717731e-06, 3.0074e+01, 6.9801e-01, 
 2DIAGNOSTIC,    31, -2.470062739717e-01, 1.066346101218e-06, 3.0755e+01, 6.8155e-01, 
 2DIAGNOSTIC,    32, -2.470063836559e-01, 1.034467534682e-06, 3.1448e+01, 6.9292e-01, 
 2DIAGNOSTIC,    33, -2.470061314563e-01, 9.886514204180e-07, 3.2236e+01, 7.8819e-01, 
 2DIAGNOSTIC,    34, -2.470064667027e-01, 9.554655147417e-07, 3.3024e+01, 7.8725e-01, 
 2DIAGNOSTIC,    35, -2.470062399396e-01, 9.226738281604e-07, 3.3809e+01, 7.8556e-01, 
 2DIAGNOSTIC,    36, -2.470057815929e-01, 8.791677772076e-07, 3.4968e+01, 1.1590e+00, 
 2DIAGNOSTIC,    37, -2.470057026542e-01, 8.316945526894e-07, 3.5746e+01, 7.7764e-01, 
 2DIAGNOSTIC,    38, -2.470054989306e-01, 7.859445953912e-07, 3.6628e+01, 8.8205e-01, 
 2DIAGNOSTIC,    39, -2.470054646598e-01, 7.489661258513e-07, 3.7323e+01, 6.9504e-01, 
 2DIAGNOSTIC,    40, -2.470054343437e-01, 7.227865857842e-07, 3.8101e+01, 7.7807e-01, 
 2DIAGNOSTIC,    41, -2.470054060292e-01, 7.015027332254e-07, 3.8777e+01, 6.7572e-01, 
 2DIAGNOSTIC,    42, -2.470052953646e-01, 6.886137789638e-07, 3.9556e+01, 7.7919e-01, 
 2DIAGNOSTIC,    43, -2.470051459462e-01, 6.717824090237e-07, 4.0337e+01, 7.8094e-01, 
 2DIAGNOSTIC,    44, -2.470050626144e-01, 6.688969638804e-07, 4.1019e+01, 6.8251e-01, 
 2DIAGNOSTIC,    45, -2.470052305050e-01, 6.700185324754e-07, 4.1777e+01, 7.5760e-01, 
 2DIAGNOSTIC,    46, -2.470048478996e-01, 6.533844979159e-07, 4.2544e+01, 7.6729e-01, 
 2DIAGNOSTIC,    47, -2.470040676565e-01, 6.205427608083e-07, 4.3219e+01, 6.7458e-01, 
 2DIAGNOSTIC,    48, -2.470041992241e-01, 5.932995652755e-07, 4.3997e+01, 7.7854e-01, 
 2DIAGNOSTIC,    49, -2.470043903979e-01, 5.770484408224e-07, 4.4678e+01, 6.8084e-01, 
 2DIAGNOSTIC,    50, -2.470045787503e-01, 5.715232390922e-07, 4.5459e+01, 7.8061e-01, 
 2DIAGNOSTIC,    51, -2.470045728039e-01, 5.718202011687e-07, 4.6151e+01, 6.9197e-01, 
 2DIAGNOSTIC,    52, -2.470046006746e-01, 5.758207052460e-07, 4.6842e+01, 6.9075e-01, 
 2DIAGNOSTIC,    53, -2.470048443733e-01, 5.851705747392e-07, 4.7630e+01, 7.8868e-01, 
 2DIAGNOSTIC,    54, -2.470050998387e-01, 5.985731333230e-07, 4.8495e+01, 8.6485e-01, 
 2DIAGNOSTIC,    55, -2.470050469090e-01, 6.128953765408e-07, 4.9278e+01, 7.8327e-01, 
 2DIAGNOSTIC,    56, -2.470046559398e-01, 6.082118914619e-07, 4.9971e+01, 6.9287e-01, 
 2DIAGNOSTIC,    57, -2.470045573556e-01, 5.823928724037e-07, 5.0849e+01, 8.7746e-01, 
 2DIAGNOSTIC,    58, -2.470045548112e-01, 5.574622643917e-07, 5.1622e+01, 7.7310e-01, 
 2DIAGNOSTIC,    59, -2.470042253538e-01, 5.294711261893e-07, 5.2404e+01, 7.8206e-01, 
 2DIAGNOSTIC,    60, -2.470040679982e-01, 5.042004727895e-07, 5.3185e+01, 7.8139e-01, 
 2DIAGNOSTIC,    61, -2.470040590629e-01, 4.822387405443e-07, 5.3973e+01, 7.8777e-01, 
 2DIAGNOSTIC,    62, -2.470040558449e-01, 4.650581706366e-07, 5.4661e+01, 6.8809e-01, 
 2DIAGNOSTIC,    63, -2.470040413972e-01, 4.569519010053e-07, 5.5631e+01, 9.7026e-01, 
 2DIAGNOSTIC,    64, -2.470040813195e-01, 4.590562552552e-07, 5.6513e+01, 8.8114e-01, 
 2DIAGNOSTIC,    65, -2.470039347333e-01, 4.614430758540e-07, 5.7294e+01, 7.8188e-01, 
 2DIAGNOSTIC,    66, -2.470035705712e-01, 4.533299425985e-07, 5.8068e+01, 7.7320e-01, 
 2DIAGNOSTIC,    67, -2.470032549095e-01, 4.411553745504e-07, 5.8757e+01, 6.8937e-01, 
 2DIAGNOSTIC,    68, -2.470032167996e-01, 4.320559249937e-07, 5.9438e+01, 6.8128e-01, 
 2DIAGNOSTIC,    69, -2.470032821998e-01, 4.221886435278e-07, 6.0127e+01, 6.8916e-01, 
 2DIAGNOSTIC,    70, -2.470034666596e-01, 4.167291958856e-07, 6.0824e+01, 6.9641e-01, 
 2DIAGNOSTIC,    71, -2.470036668480e-01, 4.182121082549e-07, 6.1611e+01, 7.8750e-01, 
 2DIAGNOSTIC,    72, -2.470038945680e-01, 4.261632790287e-07, 6.2396e+01, 7.8421e-01, 
 2DIAGNOSTIC,    73, -2.470039954669e-01, 4.366359958978e-07, 6.3182e+01, 7.8663e-01, 
 2DIAGNOSTIC,    74, -2.470035397380e-01, 4.402148640181e-07, 6.3967e+01, 7.8527e-01, 
 2DIAGNOSTIC,    75, -2.470036126912e-01, 4.418740368640e-07, 6.4931e+01, 9.6399e-01, 
 2DIAGNOSTIC,    76, -2.470035868211e-01, 4.358535367552e-07, 6.5714e+01, 7.8238e-01, 
 2DIAGNOSTIC,    77, -2.470033167200e-01, 4.194776586138e-07, 6.6495e+01, 7.8145e-01, 
  Elapsed time (stage 1): 6.7014e+01


Total elapsed time: 1.1774e+02
