Running T1-THOMAS on sub-7
INFO:    Mounting image with FUSE.
Some packages in this Docker container are non-free
If you are considering commercial use of this container, please consult the relevant license:
https://fsl.fmrib.ox.ac.uk/fsl/fslwiki/Licence
THOMAS_HOME setting of /opt/thomas_new
Linux OS detected
File name OK
Running left and right thalamus MV big
All_Command_lines_OK
Using double precision for computations.
=============================================================================
The composite transform comprises the following transforms (in order): 
  1. Center of mass alignment using fixed image: sub-7_desc-preproc_T1w.nii.gz and moving image: /opt/thomas_new/origtemplate.nii.gz (type = Euler3DTransform)
=============================================================================
  number of levels = 4
  number of levels = 4
  fixed image: sub-7_desc-preproc_T1w.nii.gz
  moving image: /opt/thomas_new/origtemplate.nii.gz
  fixed image: sub-7_desc-preproc_T1w.nii.gz
  moving image: /opt/thomas_new/origtemplate.nii.gz
Dimension = 3
Number of stages = 2
Use Histogram Matching false
Winsorize image intensities false
Lower quantile = 0
Upper quantile = 1
Stage 1 State
   Image metric = Mattes
     Fixed image = Image (0x318b940)
  RTTI typeinfo:   itk::Image<double, 3u>
  Reference Count: 2
  Modified Time: 1696
  Debug: Off
  Object Name: 
  Observers: 
    none
  Source: (none)
  Source output name: (none)
  Release Data: Off
  Data Released: False
  Global Release Data: Off
  PipelineMTime: 0
  UpdateMTime: 1479
  RealTimeStamp: 0 seconds 
  LargestPossibleRegion: 
    Dimension: 3
    Index: [0, 0, 0]
    Size: [256, 256, 324]
  BufferedRegion: 
    Dimension: 3
    Index: [0, 0, 0]
    Size: [256, 256, 324]
  RequestedRegion: 
    Dimension: 3
    Index: [0, 0, 0]
    Size: [256, 256, 324]
  Spacing: [0.9375, 0.9375, 0.5]
  Origin: [116.637, 125.452, -75.5879]
  Direction: 
-0.988424 0.0960065 -0.117481
-0.104081 -0.992467 0.0646305
-0.110391 0.0761098 0.99097

  IndexToPointMatrix: 
-0.926647 0.0900061 -0.0587403
-0.0975758 -0.930438 0.0323152
-0.103491 0.0713529 0.495485

  PointToIndexMatrix: 
-1.05432 -0.11102 -0.11775
0.102407 -1.05863 0.0811837
-0.234961 0.129261 1.98194

  Inverse Direction: 
-0.988424 -0.104081 -0.110391
0.0960065 -0.992467 0.0761098
-0.117481 0.0646305 0.99097

  PixelContainer: 
    ImportImageContainer (0x3184420)
      RTTI typeinfo:   itk::ImportImageContainer<unsigned long, double>
      Reference Count: 1
      Modified Time: 1476
      Debug: Off
      Object Name: 
      Observers: 
        none
      Pointer: 0x14670a0fb010
      Container manages memory: true
      Size: 21233664
      Capacity: 21233664

     Moving image = Image (0x31851f0)
  RTTI typeinfo:   itk::Image<double, 3u>
  Reference Count: 2
  Modified Time: 1697
  Debug: Off
  Object Name: 
  Observers: 
    none
  Source: (none)
  Source output name: (none)
  Release Data: Off
  Data Released: False
  Global Release Data: Off
  PipelineMTime: 0
  UpdateMTime: 1694
  RealTimeStamp: 0 seconds 
  LargestPossibleRegion: 
    Dimension: 3
    Index: [0, 0, 0]
    Size: [256, 440, 256]
  BufferedRegion: 
    Dimension: 3
    Index: [0, 0, 0]
    Size: [256, 440, 256]
  RequestedRegion: 
    Dimension: 3
    Index: [0, 0, 0]
    Size: [256, 440, 256]
  Spacing: [0.7031, 0.5, 0.7031]
  Origin: [83.5844, 59.822, -106.951]
  Direction: 
-1 0 0
0 -1 0
0 0 1

  IndexToPointMatrix: 
-0.7031 0 0
0 -0.5 0
0 0 0.7031

  PointToIndexMatrix: 
-1.42227 0 0
0 -2 0
0 0 1.42227

  Inverse Direction: 
-1 0 0
0 -1 0
0 0 1

  PixelContainer: 
    ImportImageContainer (0x3185480)
      RTTI typeinfo:   itk::ImportImageContainer<unsigned long, double>
      Reference Count: 1
      Modified Time: 1691
      Debug: Off
      Object Name: 
      Observers: 
        none
      Pointer: 0x1466fc4fa010
      Container manages memory: true
      Size: 28835840
      Capacity: 28835840

     Weighting = 1
     Sampling strategy = regular
     Number of bins = 32
     Radius = 4
     Sampling percentage  = 0.25
   Transform = Rigid
     Gradient step = 0.1
     Update field sigma (voxel space) = 0
     Total field sigma (voxel space) = 0
     Update field time sigma = 0
     Total field time sigma  = 0
     Number of time indices = 0
     Number of time point samples = 0
Stage 2 State
   Image metric = Mattes
     Fixed image = Image (0x3197960)
  RTTI typeinfo:   itk::Image<double, 3u>
  Reference Count: 2
  Modified Time: 2128
  Debug: Off
  Object Name: 
  Observers: 
    none
  Source: (none)
  Source output name: (none)
  Release Data: Off
  Data Released: False
  Global Release Data: Off
  PipelineMTime: 0
  UpdateMTime: 1911
  RealTimeStamp: 0 seconds 
  LargestPossibleRegion: 
    Dimension: 3
    Index: [0, 0, 0]
    Size: [256, 256, 324]
  BufferedRegion: 
    Dimension: 3
    Index: [0, 0, 0]
    Size: [256, 256, 324]
  RequestedRegion: 
    Dimension: 3
    Index: [0, 0, 0]
    Size: [256, 256, 324]
  Spacing: [0.9375, 0.9375, 0.5]
  Origin: [116.637, 125.452, -75.5879]
  Direction: 
-0.988424 0.0960065 -0.117481
-0.104081 -0.992467 0.0646305
-0.110391 0.0761098 0.99097

  IndexToPointMatrix: 
-0.926647 0.0900061 -0.0587403
-0.0975758 -0.930438 0.0323152
-0.103491 0.0713529 0.495485

  PointToIndexMatrix: 
-1.05432 -0.11102 -0.11775
0.102407 -1.05863 0.0811837
-0.234961 0.129261 1.98194

  Inverse Direction: 
-0.988424 -0.104081 -0.110391
0.0960065 -0.992467 0.0761098
-0.117481 0.0646305 0.99097

  PixelContainer: 
    ImportImageContainer (0x3183220)
      RTTI typeinfo:   itk::ImportImageContainer<unsigned long, double>
      Reference Count: 1
      Modified Time: 1908
      Debug: Off
      Object Name: 
      Observers: 
        none
      Pointer: 0x1466f22f9010
      Container manages memory: true
      Size: 21233664
      Capacity: 21233664

     Moving image = Image (0x31993f0)
  RTTI typeinfo:   itk::Image<double, 3u>
  Reference Count: 2
  Modified Time: 2129
  Debug: Off
  Object Name: 
  Observers: 
    none
  Source: (none)
  Source output name: (none)
  Release Data: Off
  Data Released: False
  Global Release Data: Off
  PipelineMTime: 0
  UpdateMTime: 2126
  RealTimeStamp: 0 seconds 
  LargestPossibleRegion: 
    Dimension: 3
    Index: [0, 0, 0]
    Size: [256, 440, 256]
  BufferedRegion: 
    Dimension: 3
    Index: [0, 0, 0]
    Size: [256, 440, 256]
  RequestedRegion: 
    Dimension: 3
    Index: [0, 0, 0]
    Size: [256, 440, 256]
  Spacing: [0.7031, 0.5, 0.7031]
  Origin: [83.5844, 59.822, -106.951]
  Direction: 
-1 0 0
0 -1 0
0 0 1

  IndexToPointMatrix: 
-0.7031 0 0
0 -0.5 0
0 0 0.7031

  PointToIndexMatrix: 
-1.42227 0 0
0 -2 0
0 0 1.42227

  Inverse Direction: 
-1 0 0
0 -1 0
0 0 1

  PixelContainer: 
    ImportImageContainer (0x3189d30)
      RTTI typeinfo:   itk::ImportImageContainer<unsigned long, double>
      Reference Count: 1
      Modified Time: 2123
      Debug: Off
      Object Name: 
      Observers: 
        none
      Pointer: 0x1466e46f8010
      Container manages memory: true
      Size: 28835840
      Capacity: 28835840

     Weighting = 1
     Sampling strategy = regular
     Number of bins = 32
     Radius = 4
     Sampling percentage  = 0.25
   Transform = Affine
     Gradient step = 0.1
     Update field sigma (voxel space) = 0
     Total field sigma (voxel space) = 0
     Update field time sigma = 0
     Total field time sigma  = 0
     Number of time indices = 0
     Number of time point samples = 0
Registration using 2 total stages.

Stage 0
  iterations = 1000x500x250x100
  convergence threshold = 5e-07
  convergence window size = 10
  number of levels = 4
  using the Mattes MI metric (number of bins = 32, weight = 1)
  Shrink factors (level 1 out of 4): [4, 4, 8]
  Shrink factors (level 2 out of 4): [2, 2, 4]
  Shrink factors (level 3 out of 4): [1, 1, 2]
  Shrink factors (level 4 out of 4): [1, 1, 1]
  smoothing sigmas per level: [3, 2, 1, 0]
  regular sampling (percentage = 0.25)

*** Running Euler3DTransform registration ***

DIAGNOSTIC,Iteration,metricValue,convergenceValue,ITERATION_TIME_INDEX,SINCE_LAST
 2DIAGNOSTIC,     1, -4.531640673666e-01, 1.797693134862e+308, 3.9718e-01, 3.9718e-01, 
 2DIAGNOSTIC,     2, -4.546504414927e-01, 1.797693134862e+308, 4.0507e-01, 7.8959e-03, 
 2DIAGNOSTIC,     3, -4.572551858707e-01, 1.797693134862e+308, 4.1297e-01, 7.8940e-03, 
 2DIAGNOSTIC,     4, -4.619191650322e-01, 1.797693134862e+308, 4.2109e-01, 8.1210e-03, 
 2DIAGNOSTIC,     5, -4.681617561840e-01, 1.797693134862e+308, 4.2920e-01, 8.1120e-03, 
 2DIAGNOSTIC,     6, -4.771510916409e-01, 1.797693134862e+308, 4.3696e-01, 7.7591e-03, 
 2DIAGNOSTIC,     7, -4.876683979998e-01, 1.797693134862e+308, 4.4504e-01, 8.0822e-03, 
 2DIAGNOSTIC,     8, -4.969627594458e-01, 1.797693134862e+308, 4.5311e-01, 8.0719e-03, 
 2DIAGNOSTIC,     9, -5.035292580347e-01, 1.797693134862e+308, 4.6103e-01, 7.9141e-03, 
 2DIAGNOSTIC,    10, -5.092082871351e-01, 8.353125110817e-03, 4.7229e-01, 1.1266e-02, 
 2DIAGNOSTIC,    11, -5.187950039435e-01, 8.275289883925e-03, 4.8420e-01, 1.1911e-02, 
 2DIAGNOSTIC,    12, -5.273709013260e-01, 7.942403260715e-03, 4.9244e-01, 8.2400e-03, 
 2DIAGNOSTIC,    13, -5.300223474478e-01, 7.177703314381e-03, 5.0168e-01, 9.2330e-03, 
 2DIAGNOSTIC,    14, -5.314018787081e-01, 6.136593681132e-03, 5.1122e-01, 9.5389e-03, 
 2DIAGNOSTIC,    15, -5.349183456353e-01, 5.059685198969e-03, 5.2065e-01, 9.4340e-03, 
 2DIAGNOSTIC,    16, -5.430061654120e-01, 4.260628064287e-03, 5.3253e-01, 1.1885e-02, 
 2DIAGNOSTIC,    17, -5.467303470917e-01, 3.633334109161e-03, 5.4085e-01, 8.3170e-03, 
 2DIAGNOSTIC,    18, -5.491708092212e-01, 3.115926425866e-03, 5.4911e-01, 8.2591e-03, 
 2DIAGNOSTIC,    19, -5.509226909094e-01, 2.620850835010e-03, 5.5864e-01, 9.5289e-03, 
 2DIAGNOSTIC,    20, -5.519285981568e-01, 2.119012563204e-03, 5.7070e-01, 1.2060e-02, 
 2DIAGNOSTIC,    21, -5.519986765243e-01, 1.720265407069e-03, 5.8343e-01, 1.2726e-02, 
 2DIAGNOSTIC,    22, -5.520737499177e-01, 1.417481673138e-03, 5.9170e-01, 8.2760e-03, 
 2DIAGNOSTIC,    23, -5.527070032515e-01, 1.092088360438e-03, 5.9957e-01, 7.8700e-03, 
 2DIAGNOSTIC,    24, -5.535123448310e-01, 7.440300859208e-04, 6.0752e-01, 7.9510e-03, 
 2DIAGNOSTIC,    25, -5.543191864461e-01, 4.472889975536e-04, 6.1568e-01, 8.1549e-03, 
 2DIAGNOSTIC,    26, -5.553436484821e-01, 3.241355568999e-04, 6.2495e-01, 9.2709e-03, 
 2DIAGNOSTIC,    27, -5.555834198187e-01, 2.598359161338e-04, 6.3331e-01, 8.3590e-03, 
 2DIAGNOSTIC,    28, -5.558696443064e-01, 2.286041040621e-04, 6.4232e-01, 9.0101e-03, 
 2DIAGNOSTIC,    29, -5.561779843034e-01, 2.162612431443e-04, 6.5074e-01, 8.4262e-03, 
 2DIAGNOSTIC,    30, -5.571765983303e-01, 2.205459952671e-04, 6.6112e-01, 1.0379e-02, 
 2DIAGNOSTIC,    31, -5.574648041279e-01, 2.096721728595e-04, 6.7141e-01, 1.0286e-02, 
 2DIAGNOSTIC,    32, -5.574105695677e-01, 1.802230287192e-04, 6.7946e-01, 8.0540e-03, 
 2DIAGNOSTIC,    33, -5.577643177572e-01, 1.521363683401e-04, 6.8765e-01, 8.1899e-03, 
 2DIAGNOSTIC,    34, -5.579382376100e-01, 1.266330915994e-04, 6.9684e-01, 9.1872e-03, 
 2DIAGNOSTIC,    35, -5.582382900962e-01, 1.071115109189e-04, 7.1068e-01, 1.3839e-02, 
 2DIAGNOSTIC,    36, -5.581036991066e-01, 9.182292236160e-05, 7.1881e-01, 8.1279e-03, 
 2DIAGNOSTIC,    37, -5.582609096497e-01, 7.482063722445e-05, 7.2705e-01, 8.2400e-03, 
 2DIAGNOSTIC,    38, -5.584779198157e-01, 5.882663570358e-05, 7.3832e-01, 1.1274e-02, 
 2DIAGNOSTIC,    39, -5.585463066870e-01, 4.282611152498e-05, 7.4863e-01, 1.0306e-02, 
 2DIAGNOSTIC,    40, -5.585482585639e-01, 3.696316937964e-05, 7.5806e-01, 9.4290e-03, 
 2DIAGNOSTIC,    41, -5.585363077360e-01, 3.172781462333e-05, 7.6734e-01, 9.2819e-03, 
 2DIAGNOSTIC,    42, -5.585015179388e-01, 2.261660453020e-05, 7.7633e-01, 8.9910e-03, 
 2DIAGNOSTIC,    43, -5.584935370240e-01, 1.605802558235e-05, 7.8574e-01, 9.4121e-03, 
 2DIAGNOSTIC,    44, -5.585102375308e-01, 1.053434519661e-05, 7.9374e-01, 8.0020e-03, 
 2DIAGNOSTIC,    45, -5.584897703265e-01, 7.727040378876e-06, 8.0197e-01, 8.2309e-03, 
 2DIAGNOSTIC,    46, -5.585425413475e-01, 3.437127282416e-06, 8.1153e-01, 9.5530e-03, 
 2DIAGNOSTIC,    47, -5.585803060231e-01, 1.207775675412e-06, 8.2196e-01, 1.0432e-02, 
 2DIAGNOSTIC,    48, -5.585797866576e-01, 1.386869315043e-06, 8.3008e-01, 8.1248e-03, 
 2DIAGNOSTIC,    49, -5.585497133060e-01, 1.909788389029e-06, 8.3986e-01, 9.7802e-03, 
 2DIAGNOSTIC,    50, -5.585802481721e-01, 2.650641202421e-06, 8.4913e-01, 9.2640e-03, 
 2DIAGNOSTIC,    51, -5.585711471525e-01, 2.941901375546e-06, 8.5827e-01, 9.1400e-03, 
 2DIAGNOSTIC,    52, -5.586216104867e-01, 3.154708306394e-06, 8.6734e-01, 9.0680e-03, 
 2DIAGNOSTIC,    53, -5.586328236230e-01, 3.140364039658e-06, 8.7777e-01, 1.0431e-02, 
 2DIAGNOSTIC,    54, -5.586324331899e-01, 3.067490322552e-06, 8.8830e-01, 1.0534e-02, 
 2DIAGNOSTIC,    55, -5.586249180766e-01, 2.488962971354e-06, 8.9673e-01, 8.4260e-03, 
 2DIAGNOSTIC,    56, -5.586125261779e-01, 2.117607007680e-06, 9.0595e-01, 9.2199e-03, 
 2DIAGNOSTIC,    57, -5.586208119058e-01, 2.033944864206e-06, 9.1414e-01, 8.1899e-03, 
 2DIAGNOSTIC,    58, -5.586176883634e-01, 1.782072202864e-06, 9.2374e-01, 9.6078e-03, 
 2DIAGNOSTIC,    59, -5.586407325945e-01, 1.357985816297e-06, 9.3195e-01, 8.2061e-03, 
 2DIAGNOSTIC,    60, -5.586323892491e-01, 1.071709007917e-06, 9.4107e-01, 9.1181e-03, 
 2DIAGNOSTIC,    61, -5.586434862018e-01, 7.563305027096e-07, 9.4939e-01, 8.3251e-03, 
 2DIAGNOSTIC,    62, -5.586488144810e-01, 8.979985402537e-07, 9.5855e-01, 9.1560e-03, 
 2DIAGNOSTIC,    63, -5.586345150380e-01, 9.696876155166e-07, 9.6649e-01, 7.9401e-03, 
 2DIAGNOSTIC,    64, -5.586423484781e-01, 1.061019543974e-06, 9.7567e-01, 9.1820e-03, 
 2DIAGNOSTIC,    65, -5.586834882384e-01, 1.368635020385e-06, 9.8374e-01, 8.0721e-03, 
 2DIAGNOSTIC,    66, -5.587769879856e-01, 2.216190464734e-06, 9.9190e-01, 8.1558e-03, 
 2DIAGNOSTIC,    67, -5.588809566403e-01, 3.734587496970e-06, 9.9998e-01, 8.0760e-03, 
 2DIAGNOSTIC,    68, -5.589966122692e-01, 5.748483996187e-06, 1.0091e+00, 9.1610e-03, 
 2DIAGNOSTIC,    69, -5.590464874961e-01, 7.745414018871e-06, 1.0184e+00, 9.3009e-03, 
 2DIAGNOSTIC,    70, -5.591437208747e-01, 9.647709812559e-06, 1.0277e+00, 9.2461e-03, 
 2DIAGNOSTIC,    71, -5.592221743191e-01, 1.125001478060e-05, 1.0361e+00, 8.4200e-03, 
 2DIAGNOSTIC,    72, -5.594994454302e-01, 1.380544052353e-05, 1.0466e+00, 1.0536e-02, 
 2DIAGNOSTIC,    73, -5.594694038986e-01, 1.464016909813e-05, 1.0584e+00, 1.1758e-02, 
 2DIAGNOSTIC,    74, -5.594317940804e-01, 1.391134649566e-05, 1.0669e+00, 8.4801e-03, 
 2DIAGNOSTIC,    75, -5.594465673394e-01, 1.231698607337e-05, 1.0761e+00, 9.2678e-03, 
 2DIAGNOSTIC,    76, -5.595939241813e-01, 1.123938001882e-05, 1.0857e+00, 9.5220e-03, 
 2DIAGNOSTIC,    77, -5.595688433101e-01, 9.609651549574e-06, 1.0951e+00, 9.3870e-03, 
 2DIAGNOSTIC,    78, -5.595963001070e-01, 8.115323223345e-06, 1.1065e+00, 1.1489e-02, 
 2DIAGNOSTIC,    79, -5.595978520509e-01, 6.286991818500e-06, 1.1171e+00, 1.0544e-02, 
 2DIAGNOSTIC,    80, -5.596086634780e-01, 4.640940804499e-06, 1.1253e+00, 8.1809e-03, 
 2DIAGNOSTIC,    81, -5.595963507472e-01, 2.980988203831e-06, 1.1347e+00, 9.3851e-03, 
 2DIAGNOSTIC,    82, -5.596055103864e-01, 2.938372578599e-06, 1.1429e+00, 8.2090e-03, 
 2DIAGNOSTIC,    83, -5.595910280384e-01, 2.391252327073e-06, 1.1523e+00, 9.4051e-03, 
 2DIAGNOSTIC,    84, -5.595966950702e-01, 1.473282531970e-06, 1.1608e+00, 8.5011e-03, 
DIAGNOSTIC,Iteration,metricValue,convergenceValue,ITERATION_TIME_INDEX,SINCE_LAST
 2DIAGNOSTIC,     1, -4.694561044565e-01, 1.797693134862e+308, 1.7274e+00, 5.6660e-01, 
 2DIAGNOSTIC,     2, -4.696320275249e-01, 1.797693134862e+308, 1.7967e+00, 6.9366e-02, 
 2DIAGNOSTIC,     3, -4.696680512166e-01, 1.797693134862e+308, 1.8733e+00, 7.6607e-02, 
 2DIAGNOSTIC,     4, -4.696972622596e-01, 1.797693134862e+308, 1.9409e+00, 6.7581e-02, 
 2DIAGNOSTIC,     5, -4.696983188067e-01, 1.797693134862e+308, 2.0165e+00, 7.5614e-02, 
 2DIAGNOSTIC,     6, -4.697011228059e-01, 1.797693134862e+308, 2.1020e+00, 8.5459e-02, 
 2DIAGNOSTIC,     7, -4.697021403382e-01, 1.797693134862e+308, 2.1694e+00, 6.7404e-02, 
 2DIAGNOSTIC,     8, -4.696987404708e-01, 1.797693134862e+308, 2.2369e+00, 6.7544e-02, 
 2DIAGNOSTIC,     9, -4.696981985678e-01, 1.797693134862e+308, 2.3131e+00, 7.6179e-02, 
 2DIAGNOSTIC,    10, -4.696965960821e-01, 2.270200434545e-05, 2.3811e+00, 6.7961e-02, 
 2DIAGNOSTIC,    11, -4.696945248706e-01, 7.758034729327e-06, 2.4405e+00, 5.9419e-02, 
 2DIAGNOSTIC,    12, -4.696945974765e-01, 3.710896959261e-06, 2.4994e+00, 5.8940e-02, 
 2DIAGNOSTIC,    13, -4.696965402841e-01, 1.921827112630e-06, 2.5748e+00, 7.5383e-02, 
 2DIAGNOSTIC,    14, -4.696948185019e-01, 1.622485211461e-06, 2.6435e+00, 6.8651e-02, 
 2DIAGNOSTIC,    15, -4.696921229854e-01, 1.355741739623e-06, 2.7143e+00, 7.0815e-02, 
 2DIAGNOSTIC,    16, -4.696940283620e-01, 1.372478629511e-06, 2.7723e+00, 5.7974e-02, 
 2DIAGNOSTIC,    17, -4.696992078988e-01, 1.662694321107e-06, 2.8406e+00, 6.8372e-02, 
 2DIAGNOSTIC,    18, -4.696980603761e-01, 1.779217991042e-06, 2.9101e+00, 6.9418e-02, 
 2DIAGNOSTIC,    19, -4.696968692915e-01, 1.832921704699e-06, 2.9781e+00, 6.8001e-02, 
 2DIAGNOSTIC,    20, -4.696986250746e-01, 1.878450823480e-06, 3.0463e+00, 6.8223e-02, 
 2DIAGNOSTIC,    21, -4.696989406622e-01, 1.838446098912e-06, 3.1143e+00, 6.8053e-02, 
 2DIAGNOSTIC,    22, -4.696947346604e-01, 1.652183043217e-06, 3.1727e+00, 5.8403e-02, 
 2DIAGNOSTIC,    23, -4.696974154598e-01, 1.589855490682e-06, 3.2413e+00, 6.8597e-02, 
 2DIAGNOSTIC,    24, -4.696972277272e-01, 1.467221638837e-06, 3.3090e+00, 6.7656e-02, 
 2DIAGNOSTIC,    25, -4.696966338172e-01, 1.259819417357e-06, 3.3891e+00, 8.0073e-02, 
 2DIAGNOSTIC,    26, -4.696968360795e-01, 1.115829122995e-06, 3.4583e+00, 6.9205e-02, 
 2DIAGNOSTIC,    27, -4.696958134262e-01, 1.087844543772e-06, 3.5207e+00, 6.2419e-02, 
 2DIAGNOSTIC,    28, -4.696980937652e-01, 1.096020645186e-06, 3.5813e+00, 6.0591e-02, 
 2DIAGNOSTIC,    29, -4.696989339996e-01, 1.096046962301e-06, 3.6503e+00, 6.8990e-02, 
 2DIAGNOSTIC,    30, -4.696974452353e-01, 1.101151967900e-06, 3.7198e+00, 6.9567e-02, 
 2DIAGNOSTIC,    31, -4.696957515981e-01, 1.079900726467e-06, 3.7894e+00, 6.9543e-02, 
 2DIAGNOSTIC,    32, -4.696963207426e-01, 9.854174882681e-07, 3.8595e+00, 7.0166e-02, 
 2DIAGNOSTIC,    33, -4.696942572887e-01, 9.070220005486e-07, 3.9187e+00, 5.9127e-02, 
 2DIAGNOSTIC,    34, -4.696937000250e-01, 8.258103934185e-07, 3.9904e+00, 7.1753e-02, 
 2DIAGNOSTIC,    35, -4.696950214023e-01, 7.730733842942e-07, 4.0605e+00, 7.0083e-02, 
 2DIAGNOSTIC,    36, -4.696955641598e-01, 7.491128520727e-07, 4.1308e+00, 7.0267e-02, 
 2DIAGNOSTIC,    37, -4.696937117869e-01, 6.908629156428e-07, 4.1906e+00, 5.9786e-02, 
 2DIAGNOSTIC,    38, -4.696896803058e-01, 6.246153980219e-07, 4.2695e+00, 7.8898e-02, 
 2DIAGNOSTIC,    39, -4.696901954920e-01, 6.053057612573e-07, 4.3294e+00, 5.9925e-02, 
 2DIAGNOSTIC,    40, -4.696894775971e-01, 5.722197099975e-07, 4.3993e+00, 6.9924e-02, 
 2DIAGNOSTIC,    41, -4.696889102415e-01, 5.272397656034e-07, 4.4592e+00, 5.9878e-02, 
 2DIAGNOSTIC,    42, -4.696889997734e-01, 5.195667234503e-07, 4.5282e+00, 6.8988e-02, 
 2DIAGNOSTIC,    43, -4.696913560966e-01, 5.403955903663e-07, 4.6008e+00, 7.2592e-02, 
 2DIAGNOSTIC,    44, -4.696912646655e-01, 5.686556946577e-07, 4.6702e+00, 6.9483e-02, 
 2DIAGNOSTIC,    45, -4.696904584512e-01, 6.165531085990e-07, 4.7399e+00, 6.9611e-02, 
 2DIAGNOSTIC,    46, -4.696917933328e-01, 6.968316930527e-07, 4.8093e+00, 6.9424e-02, 
 2DIAGNOSTIC,    47, -4.696899104191e-01, 7.257728885518e-07, 4.8803e+00, 7.1049e-02, 
 2DIAGNOSTIC,    48, -4.696904529675e-01, 7.046386045206e-07, 4.9416e+00, 6.1283e-02, 
 2DIAGNOSTIC,    49, -4.696900415603e-01, 6.815631810701e-07, 5.0023e+00, 6.0734e-02, 
 2DIAGNOSTIC,    50, -4.696929519068e-01, 6.834716666619e-07, 5.0718e+00, 6.9495e-02, 
 2DIAGNOSTIC,    51, -4.696954831042e-01, 7.032722337819e-07, 5.1323e+00, 6.0422e-02, 
 2DIAGNOSTIC,    52, -4.697005930718e-01, 7.740048477770e-07, 5.2024e+00, 7.0173e-02, 
 2DIAGNOSTIC,    53, -4.697039825434e-01, 8.914768071175e-07, 5.2634e+00, 6.1000e-02, 
 2DIAGNOSTIC,    54, -4.697048163314e-01, 9.850454677704e-07, 5.3338e+00, 7.0402e-02, 
 2DIAGNOSTIC,    55, -4.697094010638e-01, 1.078655128210e-06, 5.4033e+00, 6.9498e-02, 
 2DIAGNOSTIC,    56, -4.697083537177e-01, 1.123051369373e-06, 5.4829e+00, 7.9520e-02, 
 2DIAGNOSTIC,    57, -4.697088618207e-01, 1.098143161467e-06, 5.5530e+00, 7.0137e-02, 
 2DIAGNOSTIC,    58, -4.697071497807e-01, 1.010565835905e-06, 5.6223e+00, 6.9290e-02, 
 2DIAGNOSTIC,    59, -4.697055778423e-01, 8.614322717301e-07, 5.6931e+00, 7.0773e-02, 
 2DIAGNOSTIC,    60, -4.697050337291e-01, 7.101411252271e-07, 5.7639e+00, 7.0803e-02, 
 2DIAGNOSTIC,    61, -4.697075347182e-01, 5.951743737784e-07, 5.8258e+00, 6.1925e-02, 
DIAGNOSTIC,Iteration,metricValue,convergenceValue,ITERATION_TIME_INDEX,SINCE_LAST
 2DIAGNOSTIC,     1, -3.769530370194e-01, 1.797693134862e+308, 7.4999e+00, 1.6741e+00, 
 2DIAGNOSTIC,     2, -3.769533373453e-01, 1.797693134862e+308, 7.9629e+00, 4.6298e-01, 
 2DIAGNOSTIC,     3, -3.769536419185e-01, 1.797693134862e+308, 8.4220e+00, 4.5913e-01, 
 2DIAGNOSTIC,     4, -3.769525814726e-01, 1.797693134862e+308, 8.8219e+00, 3.9990e-01, 
 2DIAGNOSTIC,     5, -3.769518610920e-01, 1.797693134862e+308, 9.3863e+00, 5.6443e-01, 
 2DIAGNOSTIC,     6, -3.769518527191e-01, 1.797693134862e+308, 9.8528e+00, 4.6646e-01, 
 2DIAGNOSTIC,     7, -3.769518180261e-01, 1.797693134862e+308, 1.0262e+01, 4.0934e-01, 
 2DIAGNOSTIC,     8, -3.769517295820e-01, 1.797693134862e+308, 1.0674e+01, 4.1180e-01, 
 2DIAGNOSTIC,     9, -3.769518194125e-01, 1.797693134862e+308, 1.1186e+01, 5.1197e-01, 
 2DIAGNOSTIC,    10, -3.769513942007e-01, 2.828927873011e-06, 1.1596e+01, 4.1041e-01, 
 2DIAGNOSTIC,    11, -3.769511143919e-01, 2.563581779774e-06, 1.2002e+01, 4.0611e-01, 
 2DIAGNOSTIC,    12, -3.769511060141e-01, 2.388475205173e-06, 1.2467e+01, 4.6500e-01, 
 2DIAGNOSTIC,    13, -3.769510093468e-01, 2.276797013243e-06, 1.2829e+01, 3.6185e-01, 
 2DIAGNOSTIC,    14, -3.769509240625e-01, 2.135818183063e-06, 1.3243e+01, 4.1409e-01, 
 2DIAGNOSTIC,    15, -3.769509993593e-01, 1.994028184807e-06, 1.3652e+01, 4.0912e-01, 
 2DIAGNOSTIC,    16, -3.769509904562e-01, 1.880900629650e-06, 1.4014e+01, 3.6194e-01, 
 2DIAGNOSTIC,    17, -3.769512273955e-01, 1.799833793302e-06, 1.4377e+01, 3.6257e-01, 
 2DIAGNOSTIC,    18, -3.769513042804e-01, 1.733212307384e-06, 1.4780e+01, 4.0335e-01, 
 2DIAGNOSTIC,    19, -3.769518089809e-01, 1.700771243097e-06, 1.5140e+01, 3.5972e-01, 
 2DIAGNOSTIC,    20, -3.769518166074e-01, 1.653204446013e-06, 1.5555e+01, 4.1502e-01, 
 2DIAGNOSTIC,    21, -3.769520269644e-01, 1.601967503019e-06, 1.5911e+01, 3.5554e-01, 
 2DIAGNOSTIC,    22, -3.769521625901e-01, 1.551641621050e-06, 1.6322e+01, 4.1122e-01, 
 2DIAGNOSTIC,    23, -3.769518975527e-01, 1.483873430262e-06, 1.6930e+01, 6.0826e-01, 
 2DIAGNOSTIC,    24, -3.769521083127e-01, 1.416412087264e-06, 1.7331e+01, 4.0064e-01, 
 2DIAGNOSTIC,    25, -3.769520197182e-01, 1.345237100082e-06, 1.7783e+01, 4.5191e-01, 
 2DIAGNOSTIC,    26, -3.769519107548e-01, 1.269240319082e-06, 1.8139e+01, 3.5615e-01, 
 2DIAGNOSTIC,    27, -3.769516776983e-01, 1.194876335139e-06, 1.8547e+01, 4.0820e-01, 
 2DIAGNOSTIC,    28, -3.769515592784e-01, 1.123023246993e-06, 1.8959e+01, 4.1149e-01, 
 2DIAGNOSTIC,    29, -3.769514438643e-01, 1.067507604417e-06, 1.9316e+01, 3.5774e-01, 
 2DIAGNOSTIC,    30, -3.769513344010e-01, 1.015672696524e-06, 1.9672e+01, 3.5532e-01, 
 2DIAGNOSTIC,    31, -3.769513890530e-01, 9.778354177550e-07, 2.0086e+01, 4.1485e-01, 
 2DIAGNOSTIC,    32, -3.769511992052e-01, 9.458670169604e-07, 2.0496e+01, 4.0920e-01, 
 2DIAGNOSTIC,    33, -3.769513205138e-01, 9.170939426623e-07, 2.0904e+01, 4.0850e-01, 
 2DIAGNOSTIC,    34, -3.769512841276e-01, 8.982246061696e-07, 2.1318e+01, 4.1401e-01, 
 2DIAGNOSTIC,    35, -3.769507040400e-01, 8.695764066521e-07, 2.1674e+01, 3.5608e-01, 
 2DIAGNOSTIC,    36, -3.769509648203e-01, 8.498888962455e-07, 2.2073e+01, 3.9902e-01, 
 2DIAGNOSTIC,    37, -3.769513660064e-01, 8.376501050046e-07, 2.2430e+01, 3.5670e-01, 
 2DIAGNOSTIC,    38, -3.769512060010e-01, 8.223144172988e-07, 2.2790e+01, 3.5959e-01, 
 2DIAGNOSTIC,    39, -3.769524312120e-01, 8.309516060720e-07, 2.3290e+01, 5.0015e-01, 
 2DIAGNOSTIC,    40, -3.769526258265e-01, 8.388610157721e-07, 2.3752e+01, 4.6235e-01, 
 2DIAGNOSTIC,    41, -3.769525515592e-01, 8.420306830785e-07, 2.4168e+01, 4.1639e-01, 
 2DIAGNOSTIC,    42, -3.769523391121e-01, 8.315789320583e-07, 2.4581e+01, 4.1233e-01, 
 2DIAGNOSTIC,    43, -3.769521142340e-01, 8.127651208688e-07, 2.4979e+01, 3.9785e-01, 
 2DIAGNOSTIC,    44, -3.769520827678e-01, 7.868061503123e-07, 2.5336e+01, 3.5712e-01, 
 2DIAGNOSTIC,    45, -3.769521867504e-01, 7.476129799261e-07, 2.5738e+01, 4.0221e-01, 
 2DIAGNOSTIC,    46, -3.769524174267e-01, 7.142960286068e-07, 2.6093e+01, 3.5510e-01, 
 2DIAGNOSTIC,    47, -3.769523172753e-01, 6.853888520134e-07, 2.6501e+01, 4.0810e-01, 
 2DIAGNOSTIC,    48, -3.769524470236e-01, 6.560440010579e-07, 2.6905e+01, 4.0433e-01, 
 2DIAGNOSTIC,    49, -3.769520362483e-01, 6.409119088467e-07, 2.7309e+01, 4.0358e-01, 
 2DIAGNOSTIC,    50, -3.769518722528e-01, 6.277162673159e-07, 2.7708e+01, 3.9924e-01, 
 2DIAGNOSTIC,    51, -3.769517842128e-01, 6.134642653935e-07, 2.8062e+01, 3.5420e-01, 
 2DIAGNOSTIC,    52, -3.769516018069e-01, 5.950478904372e-07, 2.8417e+01, 3.5443e-01, 
 2DIAGNOSTIC,    53, -3.769516170055e-01, 5.760460442747e-07, 2.8824e+01, 4.0715e-01, 
 2DIAGNOSTIC,    54, -3.769515283846e-01, 5.584050966484e-07, 2.9229e+01, 4.0455e-01, 
 2DIAGNOSTIC,    55, -3.769515168522e-01, 5.456000809999e-07, 2.9626e+01, 3.9769e-01, 
 2DIAGNOSTIC,    56, -3.769513500824e-01, 5.372607701087e-07, 2.9986e+01, 3.5948e-01, 
 2DIAGNOSTIC,    57, -3.769515558324e-01, 5.335043480950e-07, 3.0390e+01, 4.0408e-01, 
 2DIAGNOSTIC,    58, -3.769518893302e-01, 5.382742035570e-07, 3.0740e+01, 3.5051e-01, 
 2DIAGNOSTIC,    59, -3.769519456059e-01, 5.392327965918e-07, 3.1144e+01, 4.0360e-01, 
 2DIAGNOSTIC,    60, -3.769524463682e-01, 5.444773033131e-07, 3.1544e+01, 3.9993e-01, 
 2DIAGNOSTIC,    61, -3.769520297491e-01, 5.419088208274e-07, 3.1948e+01, 4.0411e-01, 
 2DIAGNOSTIC,    62, -3.769524988523e-01, 5.411018072776e-07, 3.2401e+01, 4.5256e-01, 
 2DIAGNOSTIC,    63, -3.769526834400e-01, 5.398064930953e-07, 3.2954e+01, 5.5324e-01, 
 2DIAGNOSTIC,    64, -3.769525924432e-01, 5.329725147468e-07, 3.3356e+01, 4.0216e-01, 
 2DIAGNOSTIC,    65, -3.769524196610e-01, 5.209592118804e-07, 3.3760e+01, 4.0453e-01, 
 2DIAGNOSTIC,    66, -3.769522938263e-01, 5.030315065740e-07, 3.4114e+01, 3.5349e-01, 
DIAGNOSTIC,Iteration,metricValue,convergenceValue,ITERATION_TIME_INDEX,SINCE_LAST
 2DIAGNOSTIC,     1, -3.131384237904e-01, 1.797693134862e+308, 3.6636e+01, 2.5224e+00, 
 2DIAGNOSTIC,     2, -3.133047098961e-01, 1.797693134862e+308, 3.7313e+01, 6.7658e-01, 
 2DIAGNOSTIC,     3, -3.134317438206e-01, 1.797693134862e+308, 3.7991e+01, 6.7777e-01, 
 2DIAGNOSTIC,     4, -3.135885135904e-01, 1.797693134862e+308, 3.8668e+01, 6.7705e-01, 
 2DIAGNOSTIC,     5, -3.136390263854e-01, 1.797693134862e+308, 3.9526e+01, 8.5832e-01, 
 2DIAGNOSTIC,     6, -3.137038521396e-01, 1.797693134862e+308, 4.0210e+01, 6.8361e-01, 
 2DIAGNOSTIC,     7, -3.137174270797e-01, 1.797693134862e+308, 4.1128e+01, 9.1864e-01, 
 2DIAGNOSTIC,     8, -3.137313204843e-01, 1.797693134862e+308, 4.2634e+01, 1.5059e+00, 
 2DIAGNOSTIC,     9, -3.137312189048e-01, 1.797693134862e+308, 4.3531e+01, 8.9722e-01, 
 2DIAGNOSTIC,    10, -3.137312926014e-01, 1.161786312670e-04, 4.4518e+01, 9.8606e-01, 
 2DIAGNOSTIC,    11, -3.137312118397e-01, 7.158384847966e-05, 4.5343e+01, 8.2508e-01, 
 2DIAGNOSTIC,    12, -3.137310332484e-01, 4.070123700904e-05, 4.6268e+01, 9.2561e-01, 
 2DIAGNOSTIC,    13, -3.137310656051e-01, 1.977756611334e-05, 4.7094e+01, 8.2532e-01, 
 2DIAGNOSTIC,    14, -3.137310249786e-01, 1.038290154907e-05, 4.7818e+01, 7.2417e-01, 
 2DIAGNOSTIC,    15, -3.137310118120e-01, 4.462940549191e-06, 4.8632e+01, 8.1437e-01, 
 2DIAGNOSTIC,    16, -3.137311767150e-01, 2.736833146888e-06, 4.9446e+01, 8.1413e-01, 
 2DIAGNOSTIC,    17, -3.137309644919e-01, 1.835916224741e-06, 5.0270e+01, 8.2388e-01, 
 2DIAGNOSTIC,    18, -3.137309198143e-01, 1.736148045842e-06, 5.0998e+01, 7.2757e-01, 
 2DIAGNOSTIC,    19, -3.137308223901e-01, 1.640129502288e-06, 5.1806e+01, 8.0851e-01, 
 2DIAGNOSTIC,    20, -3.137307222511e-01, 1.555690760019e-06, 5.2522e+01, 7.1576e-01, 
 2DIAGNOSTIC,    21, -3.137306897894e-01, 1.477857648605e-06, 5.3237e+01, 7.1503e-01, 
 2DIAGNOSTIC,    22, -3.137308632138e-01, 1.410352887671e-06, 5.3925e+01, 6.8841e-01, 
 2DIAGNOSTIC,    23, -3.137308192654e-01, 1.351566443611e-06, 5.4727e+01, 8.0116e-01, 
 2DIAGNOSTIC,    24, -3.137308830150e-01, 1.301679213229e-06, 5.5550e+01, 8.2330e-01, 
 2DIAGNOSTIC,    25, -3.137308091195e-01, 1.254688953033e-06, 5.6373e+01, 8.2366e-01, 
 2DIAGNOSTIC,    26, -3.137308721514e-01, 1.221169861766e-06, 5.7500e+01, 1.1264e+00, 
 2DIAGNOSTIC,    27, -3.137307626223e-01, 1.179379664068e-06, 5.8419e+01, 9.1944e-01, 
 2DIAGNOSTIC,    28, -3.137306360678e-01, 1.135054884978e-06, 5.9256e+01, 8.3709e-01, 
 2DIAGNOSTIC,    29, -3.137305755881e-01, 1.089219365043e-06, 6.0076e+01, 8.1905e-01, 
 2DIAGNOSTIC,    30, -3.137305932263e-01, 1.044737212436e-06, 6.0897e+01, 8.2169e-01, 
 2DIAGNOSTIC,    31, -3.137305330656e-01, 1.001673595048e-06, 6.1661e+01, 7.6399e-01, 
 2DIAGNOSTIC,    32, -3.137304199047e-01, 9.654504969578e-07, 6.2428e+01, 7.6666e-01, 
 2DIAGNOSTIC,    33, -3.137303685373e-01, 9.316412141538e-07, 6.3102e+01, 6.7411e-01, 
 2DIAGNOSTIC,    34, -3.137303924442e-01, 9.052808316104e-07, 6.3869e+01, 7.6722e-01, 
 2DIAGNOSTIC,    35, -3.137304080368e-01, 8.815986021968e-07, 6.4670e+01, 8.0102e-01, 
 2DIAGNOSTIC,    36, -3.137303574125e-01, 8.621743733291e-07, 6.5473e+01, 8.0243e-01, 
 2DIAGNOSTIC,    37, -3.137302403953e-01, 8.404892311575e-07, 6.6264e+01, 7.9136e-01, 
 2DIAGNOSTIC,    38, -3.137301361245e-01, 8.164085348907e-07, 6.6968e+01, 7.0383e-01, 
 2DIAGNOSTIC,    39, -3.137301683033e-01, 7.948278974886e-07, 6.7770e+01, 8.0185e-01, 
 2DIAGNOSTIC,    40, -3.137300677885e-01, 7.743371034617e-07, 6.8677e+01, 9.0777e-01, 
 2DIAGNOSTIC,    41, -3.137301370182e-01, 7.571798041270e-07, 6.9495e+01, 8.1790e-01, 
 2DIAGNOSTIC,    42, -3.137300776312e-01, 7.389505783349e-07, 7.0213e+01, 7.1756e-01, 
 2DIAGNOSTIC,    43, -3.137299631450e-01, 7.198788667395e-07, 7.1000e+01, 7.8757e-01, 
 2DIAGNOSTIC,    44, -3.137298428268e-01, 7.016177960319e-07, 7.1780e+01, 7.7990e-01, 
 2DIAGNOSTIC,    45, -3.137297921056e-01, 6.855245670394e-07, 7.2550e+01, 7.6965e-01, 
 2DIAGNOSTIC,    46, -3.137297415090e-01, 6.701929665988e-07, 7.3231e+01, 6.8092e-01, 
 2DIAGNOSTIC,    47, -3.137295494136e-01, 6.516386369948e-07, 7.4006e+01, 7.7460e-01, 
 2DIAGNOSTIC,    48, -3.137296302991e-01, 6.359401793221e-07, 7.4699e+01, 6.9303e-01, 
 2DIAGNOSTIC,    49, -3.137296613058e-01, 6.246211075693e-07, 7.5788e+01, 1.0896e+00, 
 2DIAGNOSTIC,    50, -3.137296662627e-01, 6.142731925063e-07, 7.6598e+01, 8.1014e-01, 
 2DIAGNOSTIC,    51, -3.137294764433e-01, 6.043274339736e-07, 7.7400e+01, 8.0152e-01, 
 2DIAGNOSTIC,    52, -3.137294233602e-01, 5.948476577942e-07, 7.8097e+01, 6.9680e-01, 
 2DIAGNOSTIC,    53, -3.137294449673e-01, 5.857733044283e-07, 7.8889e+01, 7.9225e-01, 
 2DIAGNOSTIC,    54, -3.137291460398e-01, 5.712648796855e-07, 7.9597e+01, 7.0774e-01, 
 2DIAGNOSTIC,    55, -3.137291077538e-01, 5.576800520546e-07, 8.0416e+01, 8.1914e-01, 
 2DIAGNOSTIC,    56, -3.137290650351e-01, 5.451955775448e-07, 8.1322e+01, 9.0585e-01, 
 2DIAGNOSTIC,    57, -3.137290052171e-01, 5.312739827408e-07, 8.2243e+01, 9.2172e-01, 
 2DIAGNOSTIC,    58, -3.137288825644e-01, 5.197230849262e-07, 8.3063e+01, 8.1989e-01, 
 2DIAGNOSTIC,    59, -3.137288868850e-01, 5.119324886955e-07, 8.3784e+01, 7.2027e-01, 
 2DIAGNOSTIC,    60, -3.137288281785e-01, 5.062804157088e-07, 8.4613e+01, 8.2983e-01, 
  Elapsed time (stage 0): 8.5150e+01


Stage 1
  iterations = 1000x500x250x100
  convergence threshold = 4.0000e-07
  convergence window size = 10
  number of levels = 4
  using the Mattes MI metric (number of bins = 32, weight = 1.0000e+00)
  Shrink factors (level 1 out of 4): [4, 4, 8]
  Shrink factors (level 2 out of 4): [2, 2, 4]
  Shrink factors (level 3 out of 4): [1, 1, 2]
  Shrink factors (level 4 out of 4): [1, 1, 1]
  smoothing sigmas per level: [3, 2, 1, 0]
  regular sampling (percentage = 2.5000e-01)

*** Running AffineTransform registration ***

DIAGNOSTIC,Iteration,metricValue,convergenceValue,ITERATION_TIME_INDEX,SINCE_LAST
 2DIAGNOSTIC,     1, -5.558668972502e-01, 1.797693134862e+308, 4.6632e-01, 4.6632e-01, 
 2DIAGNOSTIC,     2, -5.570558577596e-01, 1.797693134862e+308, 4.7575e-01, 9.4328e-03, 
 2DIAGNOSTIC,     3, -5.590777315541e-01, 1.797693134862e+308, 4.8549e-01, 9.7411e-03, 
 2DIAGNOSTIC,     4, -5.621387174110e-01, 1.797693134862e+308, 4.9498e-01, 9.4821e-03, 
 2DIAGNOSTIC,     5, -5.666554617947e-01, 1.797693134862e+308, 5.0420e-01, 9.2299e-03, 
 2DIAGNOSTIC,     6, -5.736806607233e-01, 1.797693134862e+308, 5.1372e-01, 9.5179e-03, 
 2DIAGNOSTIC,     7, -5.843540764961e-01, 1.797693134862e+308, 5.2623e-01, 1.2503e-02, 
 2DIAGNOSTIC,     8, -6.006151280634e-01, 1.797693134862e+308, 5.4735e-01, 2.1127e-02, 
 2DIAGNOSTIC,     9, -6.008185591223e-01, 1.797693134862e+308, 5.5742e-01, 1.0070e-02, 
 2DIAGNOSTIC,    10, -6.009554766280e-01, 6.121154891774e-03, 5.6814e-01, 1.0718e-02, 
 2DIAGNOSTIC,    11, -6.011624197005e-01, 5.607519511902e-03, 5.7819e-01, 1.0046e-02, 
 2DIAGNOSTIC,    12, -6.014256097315e-01, 4.731958837248e-03, 5.8824e-01, 1.0051e-02, 
 2DIAGNOSTIC,    13, -6.018096973576e-01, 3.651105999557e-03, 5.9874e-01, 1.0506e-02, 
 2DIAGNOSTIC,    14, -6.024877329912e-01, 2.530924728633e-03, 6.0863e-01, 9.8908e-03, 
 2DIAGNOSTIC,    15, -6.034750949199e-01, 1.518259735335e-03, 6.1835e-01, 9.7120e-03, 
 2DIAGNOSTIC,    16, -6.047361525540e-01, 7.445122293365e-04, 6.2990e-01, 1.1556e-02, 
 2DIAGNOSTIC,    17, -6.065327619174e-01, 3.376119969130e-04, 6.4370e-01, 1.3797e-02, 
 2DIAGNOSTIC,    18, -6.071337451801e-01, 3.980800724877e-04, 6.5571e-01, 1.2012e-02, 
 2DIAGNOSTIC,    19, -6.071167889082e-01, 4.203519676301e-04, 6.6747e-01, 1.1761e-02, 
 2DIAGNOSTIC,    20, -6.071320495299e-01, 4.055527581385e-04, 6.7990e-01, 1.2429e-02, 
 2DIAGNOSTIC,    21, -6.071285921506e-01, 3.589536895095e-04, 6.9694e-01, 1.7039e-02, 
 2DIAGNOSTIC,    22, -6.071175378853e-01, 2.883524230120e-04, 7.0885e-01, 1.1914e-02, 
 2DIAGNOSTIC,    23, -6.071100113685e-01, 2.050191844532e-04, 7.1937e-01, 1.0513e-02, 
 2DIAGNOSTIC,    24, -6.070932908060e-01, 1.232185679977e-04, 7.3034e-01, 1.0974e-02, 
 2DIAGNOSTIC,    25, -6.070866037315e-01, 5.537090768283e-05, 7.4106e-01, 1.0715e-02, 
 2DIAGNOSTIC,    26, -6.070792507292e-01, 1.002107924678e-05, 7.5203e-01, 1.0973e-02, 
DIAGNOSTIC,Iteration,metricValue,convergenceValue,ITERATION_TIME_INDEX,SINCE_LAST
 2DIAGNOSTIC,     1, -5.185172638451e-01, 1.797693134862e+308, 1.3921e+00, 6.4011e-01, 
 2DIAGNOSTIC,     2, -5.186192634386e-01, 1.797693134862e+308, 1.4695e+00, 7.7310e-02, 
 2DIAGNOSTIC,     3, -5.187235219566e-01, 1.797693134862e+308, 1.5416e+00, 7.2172e-02, 
 2DIAGNOSTIC,     4, -5.189073528059e-01, 1.797693134862e+308, 1.6120e+00, 7.0374e-02, 
 2DIAGNOSTIC,     5, -5.190623507042e-01, 1.797693134862e+308, 1.7132e+00, 1.0124e-01, 
 2DIAGNOSTIC,     6, -5.191888347680e-01, 1.797693134862e+308, 1.7815e+00, 6.8294e-02, 
 2DIAGNOSTIC,     7, -5.192351022692e-01, 1.797693134862e+308, 1.8534e+00, 7.1907e-02, 
 2DIAGNOSTIC,     8, -5.192929078773e-01, 1.797693134862e+308, 1.9418e+00, 8.8352e-02, 
 2DIAGNOSTIC,     9, -5.193485370523e-01, 1.797693134862e+308, 2.0132e+00, 7.1415e-02, 
 2DIAGNOSTIC,    10, -5.194639858170e-01, 1.213202793844e-04, 2.0844e+00, 7.1168e-02, 
 2DIAGNOSTIC,    11, -5.195986012253e-01, 1.049914242705e-04, 2.1869e+00, 1.0253e-01, 
 2DIAGNOSTIC,    12, -5.196323565538e-01, 8.836777146429e-05, 2.2674e+00, 8.0453e-02, 
 2DIAGNOSTIC,    13, -5.196438765661e-01, 7.143369518546e-05, 2.3504e+00, 8.3037e-02, 
 2DIAGNOSTIC,    14, -5.196464365852e-01, 5.788517511751e-05, 2.4336e+00, 8.3194e-02, 
 2DIAGNOSTIC,    15, -5.196686438861e-01, 4.738174218344e-05, 2.5045e+00, 7.0932e-02, 
 2DIAGNOSTIC,    16, -5.197738038238e-01, 4.186397248883e-05, 2.5731e+00, 6.8556e-02, 
 2DIAGNOSTIC,    17, -5.201797421552e-01, 4.778673499860e-05, 2.6644e+00, 9.1303e-02, 
 2DIAGNOSTIC,    18, -5.201943439017e-01, 5.075751985927e-05, 2.7846e+00, 1.2021e-01, 
 2DIAGNOSTIC,    19, -5.201992932897e-01, 5.076094524977e-05, 2.8536e+00, 6.8982e-02, 
 2DIAGNOSTIC,    20, -5.202464348217e-01, 5.072210590116e-05, 2.9215e+00, 6.7913e-02, 
 2DIAGNOSTIC,    21, -5.202850000704e-01, 5.048589966072e-05, 3.0012e+00, 7.9710e-02, 
 2DIAGNOSTIC,    22, -5.202841962261e-01, 4.632753488908e-05, 3.0932e+00, 9.2046e-02, 
 2DIAGNOSTIC,    23, -5.202850793262e-01, 3.866014857690e-05, 3.1703e+00, 7.7051e-02, 
 2DIAGNOSTIC,    24, -5.202830137566e-01, 2.832148951940e-05, 3.2516e+00, 8.1332e-02, 
 2DIAGNOSTIC,    25, -5.202820283108e-01, 1.676714574334e-05, 3.3223e+00, 7.0653e-02, 
 2DIAGNOSTIC,    26, -5.202810298782e-01, 6.580209938246e-06, 3.3982e+00, 7.5924e-02, 
 2DIAGNOSTIC,    27, -5.202800566808e-01, 4.852433756433e-06, 3.4791e+00, 8.0855e-02, 
 2DIAGNOSTIC,    28, -5.202779664168e-01, 3.166690213399e-06, 3.5711e+00, 9.2094e-02, 
 2DIAGNOSTIC,    29, -5.202771043006e-01, 1.467048360571e-06, 3.6524e+00, 8.1225e-02, 
 2DIAGNOSTIC,    30, -5.202749081510e-01, 6.453552195765e-07, 3.7361e+00, 8.3773e-02, 
 2DIAGNOSTIC,    31, -5.202738956222e-01, 5.792740035843e-07, 3.8168e+00, 8.0660e-02, 
 2DIAGNOSTIC,    32, -5.202717202112e-01, 5.080090836121e-07, 3.9013e+00, 8.4529e-02, 
 2DIAGNOSTIC,    33, -5.202723188397e-01, 5.132605007396e-07, 3.9684e+00, 6.7035e-02, 
 2DIAGNOSTIC,    34, -5.202703493388e-01, 4.957226423206e-07, 4.0482e+00, 7.9830e-02, 
 2DIAGNOSTIC,    35, -5.202701362794e-01, 5.032004721205e-07, 4.1181e+00, 6.9878e-02, 
 2DIAGNOSTIC,    36, -5.202691407656e-01, 5.188504750807e-07, 4.2004e+00, 8.2349e-02, 
 2DIAGNOSTIC,    37, -5.202692038335e-01, 5.556679033118e-07, 4.2782e+00, 7.7796e-02, 
 2DIAGNOSTIC,    38, -5.202691812791e-01, 5.887430015485e-07, 4.3595e+00, 8.1275e-02, 
 2DIAGNOSTIC,    39, -5.202682834374e-01, 6.196367276050e-07, 4.4399e+00, 8.0382e-02, 
 2DIAGNOSTIC,    40, -5.202639714784e-01, 5.795265927457e-07, 4.5112e+00, 7.1344e-02, 
 2DIAGNOSTIC,    41, -5.202629353328e-01, 5.369288917020e-07, 4.6116e+00, 1.0041e-01, 
 2DIAGNOSTIC,    42, -5.202622614813e-01, 4.811213386163e-07, 4.6921e+00, 8.0449e-02, 
 2DIAGNOSTIC,    43, -5.202612965177e-01, 4.494173036253e-07, 4.7756e+00, 8.3527e-02, 
 2DIAGNOSTIC,    44, -5.202604018597e-01, 4.117386828636e-07, 4.8456e+00, 6.9964e-02, 
DIAGNOSTIC,Iteration,metricValue,convergenceValue,ITERATION_TIME_INDEX,SINCE_LAST
 2DIAGNOSTIC,     1, -4.139954038966e-01, 1.797693134862e+308, 6.5884e+00, 1.7428e+00, 
 2DIAGNOSTIC,     2, -4.142764721798e-01, 1.797693134862e+308, 7.0161e+00, 4.2777e-01, 
 2DIAGNOSTIC,     3, -4.145005937607e-01, 1.797693134862e+308, 7.4389e+00, 4.2281e-01, 
 2DIAGNOSTIC,     4, -4.147801750342e-01, 1.797693134862e+308, 7.8593e+00, 4.2032e-01, 
 2DIAGNOSTIC,     5, -4.152873689798e-01, 1.797693134862e+308, 8.2881e+00, 4.2885e-01, 
 2DIAGNOSTIC,     6, -4.155412624464e-01, 1.797693134862e+308, 8.7157e+00, 4.2760e-01, 
 2DIAGNOSTIC,     7, -4.158445916619e-01, 1.797693134862e+308, 9.4921e+00, 7.7640e-01, 
 2DIAGNOSTIC,     8, -4.158707974094e-01, 1.797693134862e+308, 1.0023e+01, 5.3087e-01, 
 2DIAGNOSTIC,     9, -4.158675130637e-01, 1.797693134862e+308, 1.0683e+01, 6.5967e-01, 
 2DIAGNOSTIC,    10, -4.158674889258e-01, 3.292235412301e-04, 1.1175e+01, 4.9278e-01, 
 2DIAGNOSTIC,    11, -4.158665979405e-01, 2.437047113129e-04, 1.1664e+01, 4.8855e-01, 
 2DIAGNOSTIC,    12, -4.158663178674e-01, 1.668266979941e-04, 1.2132e+01, 4.6790e-01, 
 2DIAGNOSTIC,    13, -4.158659472464e-01, 9.878195257360e-05, 1.2662e+01, 5.3044e-01, 
 2DIAGNOSTIC,    14, -4.158652596941e-01, 4.502879634610e-05, 1.3202e+01, 5.3971e-01, 
 2DIAGNOSTIC,    15, -4.158648436574e-01, 1.751782928450e-05, 1.3853e+01, 6.5063e-01, 
 2DIAGNOSTIC,    16, -4.158647468244e-01, 2.529174060489e-06, 1.4337e+01, 4.8473e-01, 
 2DIAGNOSTIC,    17, -4.158645580860e-01, 1.422323162970e-06, 1.4810e+01, 4.7220e-01, 
 2DIAGNOSTIC,    18, -4.158643338967e-01, 1.470854388307e-06, 1.5300e+01, 4.9050e-01, 
 2DIAGNOSTIC,    19, -4.158642293619e-01, 1.419972069129e-06, 1.5739e+01, 4.3870e-01, 
 2DIAGNOSTIC,    20, -4.158641393067e-01, 1.394831895540e-06, 1.6227e+01, 4.8775e-01, 
 2DIAGNOSTIC,    21, -4.158638004607e-01, 1.350183857232e-06, 1.6658e+01, 4.3132e-01, 
 2DIAGNOSTIC,    22, -4.158638650645e-01, 1.318587832158e-06, 1.7143e+01, 4.8512e-01, 
 2DIAGNOSTIC,    23, -4.158639173675e-01, 1.292603821257e-06, 1.7627e+01, 4.8427e-01, 
 2DIAGNOSTIC,    24, -4.158637644326e-01, 1.253531384957e-06, 1.8111e+01, 4.8344e-01, 
 2DIAGNOSTIC,    25, -4.158639871699e-01, 1.219299928558e-06, 1.8589e+01, 4.7861e-01, 
 2DIAGNOSTIC,    26, -4.158637624284e-01, 1.184303300740e-06, 1.9076e+01, 4.8642e-01, 
 2DIAGNOSTIC,    27, -4.158636680971e-01, 1.148752818293e-06, 1.9533e+01, 4.5762e-01, 
 2DIAGNOSTIC,    28, -4.158635943655e-01, 1.111293657471e-06, 1.9992e+01, 4.5914e-01, 
 2DIAGNOSTIC,    29, -4.158631335582e-01, 1.065454040293e-06, 2.0456e+01, 4.6379e-01, 
 2DIAGNOSTIC,    30, -4.158631366021e-01, 1.024170479376e-06, 2.0857e+01, 4.0077e-01, 
 2DIAGNOSTIC,    31, -4.158629236988e-01, 9.766993627133e-07, 2.1258e+01, 4.0090e-01, 
 2DIAGNOSTIC,    32, -4.158634078776e-01, 9.486917675050e-07, 2.1715e+01, 4.5675e-01, 
 2DIAGNOSTIC,    33, -4.158638831104e-01, 9.374644415333e-07, 2.2171e+01, 4.5608e-01, 
 2DIAGNOSTIC,    34, -4.158636956268e-01, 9.223325078411e-07, 2.2628e+01, 4.5699e-01, 
 2DIAGNOSTIC,    35, -4.158635607903e-01, 9.115844457862e-07, 2.3084e+01, 4.5652e-01, 
 2DIAGNOSTIC,    36, -4.158628753237e-01, 8.840304716422e-07, 2.3758e+01, 6.7391e-01, 
 2DIAGNOSTIC,    37, -4.158625569240e-01, 8.503818295785e-07, 2.4161e+01, 4.0316e-01, 
 2DIAGNOSTIC,    38, -4.158624912854e-01, 8.169109594024e-07, 2.4625e+01, 4.6348e-01, 
 2DIAGNOSTIC,    39, -4.158623066690e-01, 7.756958069795e-07, 2.5084e+01, 4.5874e-01, 
 2DIAGNOSTIC,    40, -4.158620418787e-01, 7.363300244846e-07, 2.5554e+01, 4.7002e-01, 
 2DIAGNOSTIC,    41, -4.158619896595e-01, 7.002230852857e-07, 2.6022e+01, 4.6841e-01, 
 2DIAGNOSTIC,    42, -4.158617442359e-01, 6.767359496916e-07, 2.6545e+01, 5.2304e-01, 
 2DIAGNOSTIC,    43, -4.158617841923e-01, 6.702279695195e-07, 2.7075e+01, 5.2950e-01, 
 2DIAGNOSTIC,    44, -4.158616785352e-01, 6.659767144424e-07, 2.7546e+01, 4.7098e-01, 
 2DIAGNOSTIC,    45, -4.158613333513e-01, 6.603944623235e-07, 2.8007e+01, 4.6130e-01, 
 2DIAGNOSTIC,    46, -4.158612302864e-01, 6.480670619695e-07, 2.8465e+01, 4.5849e-01, 
 2DIAGNOSTIC,    47, -4.158613659257e-01, 6.377394088514e-07, 2.8928e+01, 4.6313e-01, 
 2DIAGNOSTIC,    48, -4.158612518355e-01, 6.289204161139e-07, 2.9341e+01, 4.1240e-01, 
 2DIAGNOSTIC,    49, -4.158610323632e-01, 6.182095464331e-07, 2.9794e+01, 4.5333e-01, 
 2DIAGNOSTIC,    50, -4.158609339996e-01, 6.061278738298e-07, 3.0254e+01, 4.6015e-01, 
 2DIAGNOSTIC,    51, -4.158607054478e-01, 5.937488277152e-07, 3.0716e+01, 4.6193e-01, 
 2DIAGNOSTIC,    52, -4.158604787148e-01, 5.784314356556e-07, 3.1135e+01, 4.1842e-01, 
 2DIAGNOSTIC,    53, -4.158604081267e-01, 5.665309149860e-07, 3.1597e+01, 4.6249e-01, 
 2DIAGNOSTIC,    54, -4.158604483329e-01, 5.576296242087e-07, 3.2055e+01, 4.5777e-01, 
 2DIAGNOSTIC,    55, -4.158603521659e-01, 5.466075488764e-07, 3.2468e+01, 4.1312e-01, 
 2DIAGNOSTIC,    56, -4.158602754697e-01, 5.368310660864e-07, 3.2930e+01, 4.6172e-01, 
 2DIAGNOSTIC,    57, -4.158602288805e-01, 5.315478314762e-07, 3.3392e+01, 4.6195e-01, 
 2DIAGNOSTIC,    58, -4.158601559891e-01, 5.268323913926e-07, 3.3796e+01, 4.0382e-01, 
 2DIAGNOSTIC,    59, -4.158600781048e-01, 5.208849250884e-07, 3.4203e+01, 4.0763e-01, 
 2DIAGNOSTIC,    60, -4.158599065680e-01, 5.138889039996e-07, 3.4668e+01, 4.6461e-01, 
 2DIAGNOSTIC,    61, -4.158597842579e-01, 5.048922845433e-07, 3.5130e+01, 4.6267e-01, 
 2DIAGNOSTIC,    62, -4.158593925338e-01, 4.910030602413e-07, 3.5589e+01, 4.5899e-01, 
 2DIAGNOSTIC,    63, -4.158593521641e-01, 4.785421334579e-07, 3.6055e+01, 4.6535e-01, 
 2DIAGNOSTIC,    64, -4.158590362464e-01, 4.660539282692e-07, 3.6469e+01, 4.1456e-01, 
 2DIAGNOSTIC,    65, -4.158587565287e-01, 4.530580631837e-07, 3.6934e+01, 4.6492e-01, 
 2DIAGNOSTIC,    66, -4.158586596746e-01, 4.422409415096e-07, 3.7561e+01, 6.2712e-01, 
 2DIAGNOSTIC,    67, -4.158584480439e-01, 4.329495658824e-07, 3.8023e+01, 4.6173e-01, 
 2DIAGNOSTIC,    68, -4.158581082314e-01, 4.238431123502e-07, 3.8491e+01, 4.6799e-01, 
 2DIAGNOSTIC,    69, -4.158582467608e-01, 4.199394328767e-07, 3.8960e+01, 4.6849e-01, 
 2DIAGNOSTIC,    70, -4.158577897911e-01, 4.139107935650e-07, 3.9372e+01, 4.1220e-01, 
 2DIAGNOSTIC,    71, -4.158577149592e-01, 4.102470531238e-07, 3.9833e+01, 4.6112e-01, 
 2DIAGNOSTIC,    72, -4.158578720970e-01, 4.080819862393e-07, 4.0254e+01, 4.2065e-01, 
 2DIAGNOSTIC,    73, -4.158578085509e-01, 4.082402591029e-07, 4.0669e+01, 4.1494e-01, 
 2DIAGNOSTIC,    74, -4.158580289656e-01, 4.102362433020e-07, 4.1136e+01, 4.6754e-01, 
 2DIAGNOSTIC,    75, -4.158578409741e-01, 4.097977702074e-07, 4.1602e+01, 4.6570e-01, 
 2DIAGNOSTIC,    76, -4.158577575895e-01, 4.092644078756e-07, 4.2012e+01, 4.1024e-01, 
 2DIAGNOSTIC,    77, -4.158576947959e-01, 4.072628911351e-07, 4.2418e+01, 4.0643e-01, 
 2DIAGNOSTIC,    78, -4.158577993534e-01, 4.037074278103e-07, 4.2883e+01, 4.6498e-01, 
 2DIAGNOSTIC,    79, -4.158577651284e-01, 4.016091767808e-07, 4.3342e+01, 4.5904e-01, 
DIAGNOSTIC,Iteration,metricValue,convergenceValue,ITERATION_TIME_INDEX,SINCE_LAST
 2DIAGNOSTIC,     1, -3.431880646296e-01, 1.797693134862e+308, 4.6134e+01, 2.7911e+00, 
 2DIAGNOSTIC,     2, -3.431968402746e-01, 1.797693134862e+308, 4.7198e+01, 1.0646e+00, 
 2DIAGNOSTIC,     3, -3.431970630921e-01, 1.797693134862e+308, 4.8063e+01, 8.6476e-01, 
 2DIAGNOSTIC,     4, -3.431966386413e-01, 1.797693134862e+308, 4.9018e+01, 9.5530e-01, 
 2DIAGNOSTIC,     5, -3.431965118301e-01, 1.797693134862e+308, 5.0269e+01, 1.2505e+00, 
 2DIAGNOSTIC,     6, -3.431965178210e-01, 1.797693134862e+308, 5.1328e+01, 1.0589e+00, 
 2DIAGNOSTIC,     7, -3.431964005109e-01, 1.797693134862e+308, 5.2188e+01, 8.6083e-01, 
 2DIAGNOSTIC,     8, -3.431964549744e-01, 1.797693134862e+308, 5.3058e+01, 8.6982e-01, 
 2DIAGNOSTIC,     9, -3.431963932582e-01, 1.797693134862e+308, 5.3913e+01, 8.5526e-01, 
 2DIAGNOSTIC,    10, -3.431962821121e-01, 3.784688699229e-06, 5.4676e+01, 7.6213e-01, 
 2DIAGNOSTIC,    11, -3.431962007705e-01, 2.775882432970e-06, 5.5538e+01, 8.6246e-01, 
 2DIAGNOSTIC,    12, -3.431961468273e-01, 2.546680013538e-06, 5.6399e+01, 8.6081e-01, 
 2DIAGNOSTIC,    13, -3.431961481863e-01, 2.377013076024e-06, 5.7250e+01, 8.5084e-01, 
 2DIAGNOSTIC,    14, -3.431960931611e-01, 2.209633258823e-06, 5.8100e+01, 8.5036e-01, 
 2DIAGNOSTIC,    15, -3.431960178518e-01, 2.059252537476e-06, 5.8947e+01, 8.4691e-01, 
 2DIAGNOSTIC,    16, -3.431960070452e-01, 1.933389132167e-06, 5.9801e+01, 8.5381e-01, 
 2DIAGNOSTIC,    17, -3.431959924055e-01, 1.820729699835e-06, 6.0557e+01, 7.5596e-01, 
 2DIAGNOSTIC,    18, -3.431958724939e-01, 1.722170514300e-06, 6.1417e+01, 8.6015e-01, 
 2DIAGNOSTIC,    19, -3.431959465312e-01, 1.638941825498e-06, 6.2276e+01, 8.5872e-01, 
 2DIAGNOSTIC,    20, -3.431959012877e-01, 1.560813616706e-06, 6.3134e+01, 8.5881e-01, 
 2DIAGNOSTIC,    21, -3.431959189913e-01, 1.490437681925e-06, 6.4069e+01, 9.3468e-01, 
 2DIAGNOSTIC,    22, -3.431958947600e-01, 1.425748751976e-06, 6.4899e+01, 8.3009e-01, 
 2DIAGNOSTIC,    23, -3.431958137927e-01, 1.365793275303e-06, 6.5638e+01, 7.3877e-01, 
 2DIAGNOSTIC,    24, -3.431958644280e-01, 1.312419172748e-06, 6.6382e+01, 7.4420e-01, 
 2DIAGNOSTIC,    25, -3.431960083639e-01, 1.266668352255e-06, 6.7220e+01, 8.3808e-01, 
 2DIAGNOSTIC,    26, -3.431958768639e-01, 1.220294097985e-06, 6.7957e+01, 7.3700e-01, 
 2DIAGNOSTIC,    27, -3.431958651062e-01, 1.177167319392e-06, 6.8795e+01, 8.3752e-01, 
 2DIAGNOSTIC,    28, -3.431961059938e-01, 1.140790456752e-06, 6.9541e+01, 7.4614e-01, 
 2DIAGNOSTIC,    29, -3.431961714384e-01, 1.110198152000e-06, 7.0474e+01, 9.3290e-01, 
 2DIAGNOSTIC,    30, -3.431962156986e-01, 1.080266217181e-06, 7.1317e+01, 8.4300e-01, 
 2DIAGNOSTIC,    31, -3.431961862475e-01, 1.050217210481e-06, 7.2149e+01, 8.3231e-01, 
 2DIAGNOSTIC,    32, -3.431961047004e-01, 1.017220485643e-06, 7.2998e+01, 8.4890e-01, 
 2DIAGNOSTIC,    33, -3.431960833743e-01, 9.813738138936e-07, 7.3832e+01, 8.3428e-01, 
 2DIAGNOSTIC,    34, -3.431960159626e-01, 9.453542554258e-07, 7.4659e+01, 8.2648e-01, 
 2DIAGNOSTIC,    35, -3.431959768459e-01, 9.131110376114e-07, 7.5493e+01, 8.3452e-01, 
 2DIAGNOSTIC,    36, -3.431959480001e-01, 8.786787459615e-07, 7.6728e+01, 1.2351e+00, 
 2DIAGNOSTIC,    37, -3.431959557853e-01, 8.463855419895e-07, 7.7561e+01, 8.3225e-01, 
 2DIAGNOSTIC,    38, -3.431959079751e-01, 8.212244609444e-07, 7.8395e+01, 8.3385e-01, 
 2DIAGNOSTIC,    39, -3.431958057772e-01, 7.980740045037e-07, 7.9236e+01, 8.4106e-01, 
 2DIAGNOSTIC,    40, -3.431958155111e-01, 7.789363737735e-07, 7.9986e+01, 7.5045e-01, 
 2DIAGNOSTIC,    41, -3.431957756517e-01, 7.608747905410e-07, 8.0721e+01, 7.3524e-01, 
 2DIAGNOSTIC,    42, -3.431958035172e-01, 7.440233677838e-07, 8.1459e+01, 7.3796e-01, 
 2DIAGNOSTIC,    43, -3.431957948606e-01, 7.286742318771e-07, 8.2296e+01, 8.3636e-01, 
 2DIAGNOSTIC,    44, -3.431958253434e-01, 7.144387783008e-07, 8.3130e+01, 8.3451e-01, 
 2DIAGNOSTIC,    45, -3.431957497284e-01, 6.995387730815e-07, 8.3968e+01, 8.3764e-01, 
 2DIAGNOSTIC,    46, -3.431957347839e-01, 6.852095325929e-07, 8.4810e+01, 8.4174e-01, 
 2DIAGNOSTIC,    47, -3.431957064666e-01, 6.717328232021e-07, 8.5557e+01, 7.4727e-01, 
 2DIAGNOSTIC,    48, -3.431956414250e-01, 6.573863527599e-07, 8.6388e+01, 8.3141e-01, 
 2DIAGNOSTIC,    49, -3.431956394839e-01, 6.423882712644e-07, 8.7226e+01, 8.3774e-01, 
 2DIAGNOSTIC,    50, -3.431955928291e-01, 6.280524646601e-07, 8.7967e+01, 7.4150e-01, 
 2DIAGNOSTIC,    51, -3.431956515196e-01, 6.153736272219e-07, 8.8803e+01, 8.3598e-01, 
 2DIAGNOSTIC,    52, -3.431957699960e-01, 6.062803591424e-07, 8.9638e+01, 8.3472e-01, 
 2DIAGNOSTIC,    53, -3.431956484823e-01, 5.959527227123e-07, 9.0484e+01, 8.4588e-01, 
 2DIAGNOSTIC,    54, -3.431957042238e-01, 5.878565603017e-07, 9.1331e+01, 8.4744e-01, 
 2DIAGNOSTIC,    55, -3.431954924513e-01, 5.758215489669e-07, 9.2162e+01, 8.3084e-01, 
 2DIAGNOSTIC,    56, -3.431954902298e-01, 5.642580435429e-07, 9.2988e+01, 8.2533e-01, 
 2DIAGNOSTIC,    57, -3.431954685206e-01, 5.527035170892e-07, 9.3833e+01, 8.4517e-01, 
 2DIAGNOSTIC,    58, -3.431953298796e-01, 5.391405467070e-07, 9.4582e+01, 7.4953e-01, 
 2DIAGNOSTIC,    59, -3.431953261348e-01, 5.269640773846e-07, 9.5421e+01, 8.3875e-01, 
 2DIAGNOSTIC,    60, -3.431952653231e-01, 5.148716017769e-07, 9.6167e+01, 7.4555e-01, 
 2DIAGNOSTIC,    61, -3.431953007617e-01, 5.058759017622e-07, 9.7008e+01, 8.4136e-01, 
 2DIAGNOSTIC,    62, -3.431953039073e-01, 5.002931787457e-07, 9.7851e+01, 8.4327e-01, 
 2DIAGNOSTIC,    63, -3.431952261756e-01, 4.934662099221e-07, 9.8588e+01, 7.3681e-01, 
 2DIAGNOSTIC,    64, -3.431952396088e-01, 4.889712999327e-07, 9.9433e+01, 8.4500e-01, 
 2DIAGNOSTIC,    65, -3.431952792072e-01, 4.831612026857e-07, 1.0027e+02, 8.3447e-01, 
 2DIAGNOSTIC,    66, -3.431952828202e-01, 4.780971795855e-07, 1.0109e+02, 8.2304e-01, 
 2DIAGNOSTIC,    67, -3.431951808044e-01, 4.720730472085e-07, 1.0184e+02, 7.4891e-01, 
 2DIAGNOSTIC,    68, -3.431951654074e-01, 4.646690402454e-07, 1.0269e+02, 8.4729e-01, 
 2DIAGNOSTIC,    69, -3.431951037683e-01, 4.570129345880e-07, 1.0350e+02, 8.1363e-01, 
 2DIAGNOSTIC,    70, -3.431951135916e-01, 4.493217480358e-07, 1.0425e+02, 7.5390e-01, 
 2DIAGNOSTIC,    71, -3.431951185196e-01, 4.427880909187e-07, 1.0510e+02, 8.4847e-01, 
 2DIAGNOSTIC,    72, -3.431951425038e-01, 4.372966287466e-07, 1.0594e+02, 8.3770e-01, 
 2DIAGNOSTIC,    73, -3.431951384903e-01, 4.314694623114e-07, 1.0679e+02, 8.4657e-01, 
 2DIAGNOSTIC,    74, -3.431950453227e-01, 4.253071698400e-07, 1.0763e+02, 8.4579e-01, 
 2DIAGNOSTIC,    75, -3.431950551870e-01, 4.203112735114e-07, 1.0837e+02, 7.4056e-01, 
 2DIAGNOSTIC,    76, -3.431949615859e-01, 4.148357037673e-07, 1.0921e+02, 8.3545e-01, 
 2DIAGNOSTIC,    77, -3.431949608860e-01, 4.087641577739e-07, 1.0996e+02, 7.4946e-01, 
 2DIAGNOSTIC,    78, -3.431949482028e-01, 4.029846175577e-07, 1.1079e+02, 8.3537e-01, 
  Elapsed time (stage 1): 1.1135e+02


Total elapsed time: 1.9650e+02
