Running T1-THOMAS on sub-5
INFO:    Mounting image with FUSE.
Some packages in this Docker container are non-free
If you are considering commercial use of this container, please consult the relevant license:
https://fsl.fmrib.ox.ac.uk/fsl/fslwiki/Licence
THOMAS_HOME setting of /opt/thomas_new
Linux OS detected
File name OK
Running left and right thalamus MV big
All_Command_lines_OK
Using double precision for computations.
=============================================================================
The composite transform comprises the following transforms (in order): 
  1. Center of mass alignment using fixed image: sub-5_desc-preproc_T1w.nii.gz and moving image: /opt/thomas_new/origtemplate.nii.gz (type = Euler3DTransform)
=============================================================================
  number of levels = 4
  number of levels = 4
  fixed image: sub-5_desc-preproc_T1w.nii.gz
  moving image: /opt/thomas_new/origtemplate.nii.gz
  fixed image: sub-5_desc-preproc_T1w.nii.gz
  moving image: /opt/thomas_new/origtemplate.nii.gz
Dimension = 3
Number of stages = 2
Use Histogram Matching false
Winsorize image intensities false
Lower quantile = 0
Upper quantile = 1
Stage 1 State
   Image metric = Mattes
     Fixed image = Image (0x3c999c0)
  RTTI typeinfo:   itk::Image<double, 3u>
  Reference Count: 2
  Modified Time: 1696
  Debug: Off
  Object Name: 
  Observers: 
    none
  Source: (none)
  Source output name: (none)
  Release Data: Off
  Data Released: False
  Global Release Data: Off
  PipelineMTime: 0
  UpdateMTime: 1479
  RealTimeStamp: 0 seconds 
  LargestPossibleRegion: 
    Dimension: 3
    Index: [0, 0, 0]
    Size: [176, 512, 512]
  BufferedRegion: 
    Dimension: 3
    Index: [0, 0, 0]
    Size: [176, 512, 512]
  RequestedRegion: 
    Dimension: 3
    Index: [0, 0, 0]
    Size: [176, 512, 512]
  Spacing: [1, 0.488281, 0.488281]
  Origin: [90.5883, 124.512, -122.641]
  Direction: 
-0.999781 2.65541e-17 -0.0209435
-2.8954e-17 -1 1.14286e-16
-0.0209435 1.14867e-16 0.999781

  IndexToPointMatrix: 
-0.999781 1.29659e-17 -0.0102263
-2.8954e-17 -0.488281 5.58036e-17
-0.0209435 5.60875e-17 0.488174

  PointToIndexMatrix: 
-0.999781 -2.8954e-17 -0.0209435
6.88218e-17 -2.048 -4.54027e-16
-0.0428923 -6.2102e-19 2.04755

  Inverse Direction: 
-0.999781 -2.8954e-17 -0.0209435
2.43036e-17 -1 2.22299e-16
-0.0209435 1.10719e-16 0.999781

  PixelContainer: 
    ImportImageContainer (0x3c93420)
      RTTI typeinfo:   itk::ImportImageContainer<unsigned long, double>
      Reference Count: 1
      Modified Time: 1476
      Debug: Off
      Object Name: 
      Observers: 
        none
      Pointer: 0x1535a1503010
      Container manages memory: true
      Size: 46137344
      Capacity: 46137344

     Moving image = Image (0x3c9a970)
  RTTI typeinfo:   itk::Image<double, 3u>
  Reference Count: 2
  Modified Time: 1697
  Debug: Off
  Object Name: 
  Observers: 
    none
  Source: (none)
  Source output name: (none)
  Release Data: Off
  Data Released: False
  Global Release Data: Off
  PipelineMTime: 0
  UpdateMTime: 1694
  RealTimeStamp: 0 seconds 
  LargestPossibleRegion: 
    Dimension: 3
    Index: [0, 0, 0]
    Size: [256, 440, 256]
  BufferedRegion: 
    Dimension: 3
    Index: [0, 0, 0]
    Size: [256, 440, 256]
  RequestedRegion: 
    Dimension: 3
    Index: [0, 0, 0]
    Size: [256, 440, 256]
  Spacing: [0.7031, 0.5, 0.7031]
  Origin: [83.5844, 59.822, -106.951]
  Direction: 
-1 0 0
0 -1 0
0 0 1

  IndexToPointMatrix: 
-0.7031 0 0
0 -0.5 0
0 0 0.7031

  PointToIndexMatrix: 
-1.42227 0 0
0 -2 0
0 0 1.42227

  Inverse Direction: 
-1 0 0
0 -1 0
0 0 1

  PixelContainer: 
    ImportImageContainer (0x3c9af20)
      RTTI typeinfo:   itk::ImportImageContainer<unsigned long, double>
      Reference Count: 1
      Modified Time: 1691
      Debug: Off
      Object Name: 
      Observers: 
        none
      Pointer: 0x153593902010
      Container manages memory: true
      Size: 28835840
      Capacity: 28835840

     Weighting = 1
     Sampling strategy = regular
     Number of bins = 32
     Radius = 4
     Sampling percentage  = 0.25
   Transform = Rigid
     Gradient step = 0.1
     Update field sigma (voxel space) = 0
     Total field sigma (voxel space) = 0
     Update field time sigma = 0
     Total field time sigma  = 0
     Number of time indices = 0
     Number of time point samples = 0
Stage 2 State
   Image metric = Mattes
     Fixed image = Image (0x3c98f20)
  RTTI typeinfo:   itk::Image<double, 3u>
  Reference Count: 2
  Modified Time: 2128
  Debug: Off
  Object Name: 
  Observers: 
    none
  Source: (none)
  Source output name: (none)
  Release Data: Off
  Data Released: False
  Global Release Data: Off
  PipelineMTime: 0
  UpdateMTime: 1911
  RealTimeStamp: 0 seconds 
  LargestPossibleRegion: 
    Dimension: 3
    Index: [0, 0, 0]
    Size: [176, 512, 512]
  BufferedRegion: 
    Dimension: 3
    Index: [0, 0, 0]
    Size: [176, 512, 512]
  RequestedRegion: 
    Dimension: 3
    Index: [0, 0, 0]
    Size: [176, 512, 512]
  Spacing: [1, 0.488281, 0.488281]
  Origin: [90.5883, 124.512, -122.641]
  Direction: 
-0.999781 2.65541e-17 -0.0209435
-2.8954e-17 -1 1.14286e-16
-0.0209435 1.14867e-16 0.999781

  IndexToPointMatrix: 
-0.999781 1.29659e-17 -0.0102263
-2.8954e-17 -0.488281 5.58036e-17
-0.0209435 5.60875e-17 0.488174

  PointToIndexMatrix: 
-0.999781 -2.8954e-17 -0.0209435
6.88218e-17 -2.048 -4.54027e-16
-0.0428923 -6.2102e-19 2.04755

  Inverse Direction: 
-0.999781 -2.8954e-17 -0.0209435
2.43036e-17 -1 2.22299e-16
-0.0209435 1.10719e-16 0.999781

  PixelContainer: 
    ImportImageContainer (0x3c91210)
      RTTI typeinfo:   itk::ImportImageContainer<unsigned long, double>
      Reference Count: 1
      Modified Time: 1908
      Debug: Off
      Object Name: 
      Observers: 
        none
      Pointer: 0x15357d901010
      Container manages memory: true
      Size: 46137344
      Capacity: 46137344

     Moving image = Image (0x3ca9630)
  RTTI typeinfo:   itk::Image<double, 3u>
  Reference Count: 2
  Modified Time: 2129
  Debug: Off
  Object Name: 
  Observers: 
    none
  Source: (none)
  Source output name: (none)
  Release Data: Off
  Data Released: False
  Global Release Data: Off
  PipelineMTime: 0
  UpdateMTime: 2126
  RealTimeStamp: 0 seconds 
  LargestPossibleRegion: 
    Dimension: 3
    Index: [0, 0, 0]
    Size: [256, 440, 256]
  BufferedRegion: 
    Dimension: 3
    Index: [0, 0, 0]
    Size: [256, 440, 256]
  RequestedRegion: 
    Dimension: 3
    Index: [0, 0, 0]
    Size: [256, 440, 256]
  Spacing: [0.7031, 0.5, 0.7031]
  Origin: [83.5844, 59.822, -106.951]
  Direction: 
-1 0 0
0 -1 0
0 0 1

  IndexToPointMatrix: 
-0.7031 0 0
0 -0.5 0
0 0 0.7031

  PointToIndexMatrix: 
-1.42227 0 0
0 -2 0
0 0 1.42227

  Inverse Direction: 
-1 0 0
0 -1 0
0 0 1

  PixelContainer: 
    ImportImageContainer (0x3ca6c20)
      RTTI typeinfo:   itk::ImportImageContainer<unsigned long, double>
      Reference Count: 1
      Modified Time: 2123
      Debug: Off
      Object Name: 
      Observers: 
        none
      Pointer: 0x15356fd00010
      Container manages memory: true
      Size: 28835840
      Capacity: 28835840

     Weighting = 1
     Sampling strategy = regular
     Number of bins = 32
     Radius = 4
     Sampling percentage  = 0.25
   Transform = Affine
     Gradient step = 0.1
     Update field sigma (voxel space) = 0
     Total field sigma (voxel space) = 0
     Update field time sigma = 0
     Total field time sigma  = 0
     Number of time indices = 0
     Number of time point samples = 0
Registration using 2 total stages.

Stage 0
  iterations = 1000x500x250x100
  convergence threshold = 5e-07
  convergence window size = 10
  number of levels = 4
  using the Mattes MI metric (number of bins = 32, weight = 1)
  Shrink factors (level 1 out of 4): [4, 8, 8]
  Shrink factors (level 2 out of 4): [2, 4, 4]
  Shrink factors (level 3 out of 4): [1, 2, 2]
  Shrink factors (level 4 out of 4): [1, 1, 1]
  smoothing sigmas per level: [3, 2, 1, 0]
  regular sampling (percentage = 0.25)

*** Running Euler3DTransform registration ***

DIAGNOSTIC,Iteration,metricValue,convergenceValue,ITERATION_TIME_INDEX,SINCE_LAST
 2DIAGNOSTIC,     1, -2.447595649351e-01, 1.797693134862e+308, 5.8902e-01, 5.8902e-01, 
 2DIAGNOSTIC,     2, -2.455290794684e-01, 1.797693134862e+308, 5.9863e-01, 9.6071e-03, 
 2DIAGNOSTIC,     3, -2.476700712530e-01, 1.797693134862e+308, 6.0748e-01, 8.8580e-03, 
 2DIAGNOSTIC,     4, -2.495884557430e-01, 1.797693134862e+308, 6.1635e-01, 8.8701e-03, 
 2DIAGNOSTIC,     5, -2.524020281065e-01, 1.797693134862e+308, 6.2518e-01, 8.8298e-03, 
 2DIAGNOSTIC,     6, -2.575744939963e-01, 1.797693134862e+308, 6.3392e-01, 8.7409e-03, 
 2DIAGNOSTIC,     7, -2.656133294283e-01, 1.797693134862e+308, 6.4269e-01, 8.7652e-03, 
 2DIAGNOSTIC,     8, -2.888706040481e-01, 1.797693134862e+308, 6.5146e-01, 8.7700e-03, 
 2DIAGNOSTIC,     9, -3.190249880999e-01, 1.797693134862e+308, 6.6072e-01, 9.2592e-03, 
 2DIAGNOSTIC,    10, -3.607230126103e-01, 2.262443666391e-02, 6.7222e-01, 1.1497e-02, 
 2DIAGNOSTIC,    11, -3.917494170659e-01, 2.839986201599e-02, 6.8536e-01, 1.3142e-02, 
 2DIAGNOSTIC,    12, -4.421419339059e-01, 3.405766408518e-02, 6.9822e-01, 1.2865e-02, 
 2DIAGNOSTIC,    13, -4.613835236088e-01, 3.678224639966e-02, 7.0726e-01, 9.0330e-03, 
 2DIAGNOSTIC,    14, -4.723908320325e-01, 3.644308591175e-02, 7.1901e-01, 1.1755e-02, 
 2DIAGNOSTIC,    15, -4.736151179062e-01, 3.317290093201e-02, 7.2936e-01, 1.0350e-02, 
 2DIAGNOSTIC,    16, -4.732091425820e-01, 2.776415874553e-02, 7.3950e-01, 1.0140e-02, 
 2DIAGNOSTIC,    17, -4.733629691293e-01, 2.109265823188e-02, 7.5004e-01, 1.0538e-02, 
 2DIAGNOSTIC,    18, -4.734215236152e-01, 1.451753909478e-02, 7.6563e-01, 1.5589e-02, 
 2DIAGNOSTIC,    19, -4.734635101408e-01, 8.765855432628e-03, 7.7987e-01, 1.4239e-02, 
 2DIAGNOSTIC,    20, -4.734712610885e-01, 4.568115781392e-03, 7.9010e-01, 1.0228e-02, 
 2DIAGNOSTIC,    21, -4.734679802417e-01, 1.550509553475e-03, 8.0072e-01, 1.0628e-02, 
 2DIAGNOSTIC,    22, -4.734385129946e-01, 4.484685713872e-04, 8.1102e-01, 1.0298e-02, 
 2DIAGNOSTIC,    23, -4.734222289673e-01, 3.793836689563e-05, 8.2100e-01, 9.9790e-03, 
 2DIAGNOSTIC,    24, -4.734510516933e-01, 4.649896553584e-06, 8.2991e-01, 8.9080e-03, 
 2DIAGNOSTIC,    25, -4.734034093076e-01, 9.149125800897e-06, 8.4035e-01, 1.0439e-02, 
 2DIAGNOSTIC,    26, -4.734266094115e-01, 1.795144315607e-06, 8.5070e-01, 1.0355e-02, 
DIAGNOSTIC,Iteration,metricValue,convergenceValue,ITERATION_TIME_INDEX,SINCE_LAST
 2DIAGNOSTIC,     1, -4.017895866251e-01, 1.797693134862e+308, 1.6335e+00, 7.8280e-01, 
 2DIAGNOSTIC,     2, -4.018139467578e-01, 1.797693134862e+308, 1.7474e+00, 1.1393e-01, 
 2DIAGNOSTIC,     3, -4.018239260134e-01, 1.797693134862e+308, 1.8244e+00, 7.6991e-02, 
 2DIAGNOSTIC,     4, -4.018136504753e-01, 1.797693134862e+308, 1.8870e+00, 6.2616e-02, 
 2DIAGNOSTIC,     5, -4.018038323235e-01, 1.797693134862e+308, 1.9599e+00, 7.2892e-02, 
 2DIAGNOSTIC,     6, -4.018040211813e-01, 1.797693134862e+308, 2.0232e+00, 6.3275e-02, 
 2DIAGNOSTIC,     7, -4.018006335642e-01, 1.797693134862e+308, 2.0975e+00, 7.4316e-02, 
 2DIAGNOSTIC,     8, -4.017880002529e-01, 1.797693134862e+308, 2.1835e+00, 8.5937e-02, 
 2DIAGNOSTIC,     9, -4.017787005381e-01, 1.797693134862e+308, 2.2479e+00, 6.4404e-02, 
DIAGNOSTIC,Iteration,metricValue,convergenceValue,ITERATION_TIME_INDEX,SINCE_LAST
 2DIAGNOSTIC,     1, -3.224014183037e-01, 1.797693134862e+308, 4.2546e+00, 2.0067e+00, 
 2DIAGNOSTIC,     2, -3.224116511872e-01, 1.797693134862e+308, 4.7013e+00, 4.4670e-01, 
 2DIAGNOSTIC,     3, -3.224096590758e-01, 1.797693134862e+308, 5.2668e+00, 5.6550e-01, 
 2DIAGNOSTIC,     4, -3.224095588064e-01, 1.797693134862e+308, 5.7190e+00, 4.5215e-01, 
 2DIAGNOSTIC,     5, -3.224051389408e-01, 1.797693134862e+308, 6.3390e+00, 6.2007e-01, 
 2DIAGNOSTIC,     6, -3.224061586984e-01, 1.797693134862e+308, 7.0158e+00, 6.7677e-01, 
 2DIAGNOSTIC,     7, -3.224069427303e-01, 1.797693134862e+308, 7.5185e+00, 5.0271e-01, 
 2DIAGNOSTIC,     8, -3.224057458698e-01, 1.797693134862e+308, 8.0250e+00, 5.0652e-01, 
 2DIAGNOSTIC,     9, -3.224059293184e-01, 1.797693134862e+308, 8.4683e+00, 4.4331e-01, 
 2DIAGNOSTIC,    10, -3.224053875861e-01, 2.755271466731e-06, 8.8566e+00, 3.8830e-01, 
 2DIAGNOSTIC,    11, -3.224048935356e-01, 1.880055189765e-06, 9.3097e+00, 4.5311e-01, 
 2DIAGNOSTIC,    12, -3.224053599924e-01, 2.026073209954e-06, 9.8764e+00, 5.6667e-01, 
 2DIAGNOSTIC,    13, -3.224049728086e-01, 2.041621312412e-06, 1.0323e+01, 4.4662e-01, 
 2DIAGNOSTIC,    14, -3.224043585918e-01, 2.057095576227e-06, 1.0772e+01, 4.4876e-01, 
 2DIAGNOSTIC,    15, -3.224040826454e-01, 1.813672339812e-06, 1.1218e+01, 4.4615e-01, 
 2DIAGNOSTIC,    16, -3.224031984850e-01, 1.634585280005e-06, 1.1676e+01, 4.5832e-01, 
 2DIAGNOSTIC,    17, -3.224033424847e-01, 1.559055642114e-06, 1.2117e+01, 4.4039e-01, 
 2DIAGNOSTIC,    18, -3.224033128683e-01, 1.459116825524e-06, 1.2508e+01, 3.9184e-01, 
 2DIAGNOSTIC,    19, -3.224033561204e-01, 1.409610526873e-06, 1.2953e+01, 4.4481e-01, 
 2DIAGNOSTIC,    20, -3.224033765180e-01, 1.367743645890e-06, 1.3352e+01, 3.9853e-01, 
 2DIAGNOSTIC,    21, -3.224034973747e-01, 1.334393773755e-06, 1.3855e+01, 5.0288e-01, 
 2DIAGNOSTIC,    22, -3.224037069872e-01, 1.347912632954e-06, 1.4304e+01, 4.4910e-01, 
 2DIAGNOSTIC,    23, -3.224030223392e-01, 1.328170168242e-06, 1.4756e+01, 4.5217e-01, 
 2DIAGNOSTIC,    24, -3.224033349671e-01, 1.304981645606e-06, 1.5150e+01, 3.9445e-01, 
 2DIAGNOSTIC,    25, -3.224036573534e-01, 1.287622039416e-06, 1.5596e+01, 4.4591e-01, 
 2DIAGNOSTIC,    26, -3.224038619722e-01, 1.246335016622e-06, 1.5981e+01, 3.8492e-01, 
 2DIAGNOSTIC,    27, -3.224036993123e-01, 1.205453716839e-06, 1.6431e+01, 4.4988e-01, 
 2DIAGNOSTIC,    28, -3.224035341048e-01, 1.159504629152e-06, 1.6942e+01, 5.1086e-01, 
 2DIAGNOSTIC,    29, -3.224030754711e-01, 1.102081655928e-06, 1.7332e+01, 3.8952e-01, 
 2DIAGNOSTIC,    30, -3.224025476190e-01, 1.032761676539e-06, 1.7723e+01, 3.9182e-01, 
 2DIAGNOSTIC,    31, -3.224018700628e-01, 9.545130735464e-07, 1.8173e+01, 4.4967e-01, 
 2DIAGNOSTIC,    32, -3.224020791835e-01, 9.004891467074e-07, 1.8565e+01, 3.9153e-01, 
 2DIAGNOSTIC,    33, -3.224021803168e-01, 8.425092360917e-07, 1.9022e+01, 4.5776e-01, 
 2DIAGNOSTIC,    34, -3.224023504296e-01, 8.117110856347e-07, 1.9471e+01, 4.4917e-01, 
 2DIAGNOSTIC,    35, -3.224027222314e-01, 8.119876113363e-07, 1.9863e+01, 3.9142e-01, 
 2DIAGNOSTIC,    36, -3.224025343007e-01, 8.218905709449e-07, 2.0254e+01, 3.9106e-01, 
 2DIAGNOSTIC,    37, -3.224021416330e-01, 8.239455969138e-07, 2.0643e+01, 3.8907e-01, 
 2DIAGNOSTIC,    38, -3.224027072003e-01, 8.387639621917e-07, 2.1088e+01, 4.4546e-01, 
 2DIAGNOSTIC,    39, -3.224019275578e-01, 8.242630155850e-07, 2.1540e+01, 4.5159e-01, 
 2DIAGNOSTIC,    40, -3.224020920752e-01, 8.025406436317e-07, 2.1989e+01, 4.4926e-01, 
 2DIAGNOSTIC,    41, -3.224021607552e-01, 7.680120558302e-07, 2.2445e+01, 4.5594e-01, 
 2DIAGNOSTIC,    42, -3.224013259593e-01, 7.226965698139e-07, 2.2895e+01, 4.4939e-01, 
 2DIAGNOSTIC,    43, -3.224011131157e-01, 6.808972537013e-07, 2.3346e+01, 4.5145e-01, 
 2DIAGNOSTIC,    44, -3.224016634584e-01, 6.608224265604e-07, 2.3795e+01, 4.4863e-01, 
 2DIAGNOSTIC,    45, -3.224016524311e-01, 6.542155314218e-07, 2.4298e+01, 5.0312e-01, 
 2DIAGNOSTIC,    46, -3.224007822234e-01, 6.328539041388e-07, 2.4747e+01, 4.4928e-01, 
 2DIAGNOSTIC,    47, -3.224003818537e-01, 6.036196566993e-07, 2.5251e+01, 5.0394e-01, 
 2DIAGNOSTIC,    48, -3.224003931340e-01, 5.937742512743e-07, 2.5699e+01, 4.4747e-01, 
 2DIAGNOSTIC,    49, -3.223996349343e-01, 5.624546632020e-07, 2.6098e+01, 3.9978e-01, 
 2DIAGNOSTIC,    50, -3.223992611211e-01, 5.370318525259e-07, 2.6545e+01, 4.4639e-01, 
 2DIAGNOSTIC,    51, -3.223987958643e-01, 5.160958346170e-07, 2.6939e+01, 3.9468e-01, 
DIAGNOSTIC,Iteration,metricValue,convergenceValue,ITERATION_TIME_INDEX,SINCE_LAST
 2DIAGNOSTIC,     1, -2.691746282393e-01, 1.797693134862e+308, 3.1768e+01, 4.8283e+00, 
 2DIAGNOSTIC,     2, -2.692333744544e-01, 1.797693134862e+308, 3.2977e+01, 1.2089e+00, 
 2DIAGNOSTIC,     3, -2.693075476919e-01, 1.797693134862e+308, 3.4188e+01, 1.2116e+00, 
 2DIAGNOSTIC,     4, -2.693773013319e-01, 1.797693134862e+308, 3.5564e+01, 1.3759e+00, 
 2DIAGNOSTIC,     5, -2.694168763229e-01, 1.797693134862e+308, 3.7598e+01, 2.0335e+00, 
 2DIAGNOSTIC,     6, -2.694176650396e-01, 1.797693134862e+308, 3.8989e+01, 1.3910e+00, 
 2DIAGNOSTIC,     7, -2.694181745105e-01, 1.797693134862e+308, 4.0360e+01, 1.3717e+00, 
 2DIAGNOSTIC,     8, -2.694154412661e-01, 1.797693134862e+308, 4.1730e+01, 1.3702e+00, 
 2DIAGNOSTIC,     9, -2.694164865187e-01, 1.797693134862e+308, 4.3115e+01, 1.3848e+00, 
 2DIAGNOSTIC,    10, -2.694157039976e-01, 5.551675702374e-05, 4.5166e+01, 2.0512e+00, 
 2DIAGNOSTIC,    11, -2.694154919921e-01, 3.200655356476e-05, 4.6552e+01, 1.3859e+00, 
 2DIAGNOSTIC,    12, -2.694154985532e-01, 1.491553365709e-05, 4.7928e+01, 1.3753e+00, 
 2DIAGNOSTIC,    13, -2.694154624034e-01, 5.243394504292e-06, 4.9307e+01, 1.3793e+00, 
 2DIAGNOSTIC,    14, -2.694151082786e-01, 1.844640046253e-06, 5.0696e+01, 1.3893e+00, 
 2DIAGNOSTIC,    15, -2.694154896164e-01, 1.745702164477e-06, 5.2904e+01, 2.2083e+00, 
 2DIAGNOSTIC,    16, -2.694154709425e-01, 1.741697987515e-06, 5.4293e+01, 1.3885e+00, 
 2DIAGNOSTIC,    17, -2.694154757148e-01, 1.797655412306e-06, 5.5500e+01, 1.2072e+00, 
 2DIAGNOSTIC,    18, -2.694152493198e-01, 1.678676747524e-06, 5.7215e+01, 1.7144e+00, 
 2DIAGNOSTIC,    19, -2.694153085179e-01, 1.643490326927e-06, 5.8753e+01, 1.5381e+00, 
 2DIAGNOSTIC,    20, -2.694152779520e-01, 1.571602425220e-06, 6.0131e+01, 1.3788e+00, 
 2DIAGNOSTIC,    21, -2.694150614485e-01, 1.486325437630e-06, 6.1506e+01, 1.3746e+00, 
 2DIAGNOSTIC,    22, -2.694150904707e-01, 1.413685791124e-06, 6.2901e+01, 1.3948e+00, 
 2DIAGNOSTIC,    23, -2.694151571883e-01, 1.352438817701e-06, 6.4286e+01, 1.3856e+00, 
 2DIAGNOSTIC,    24, -2.694149553085e-01, 1.274023324054e-06, 6.5677e+01, 1.3902e+00, 
 2DIAGNOSTIC,    25, -2.694149552326e-01, 1.223020690479e-06, 6.7066e+01, 1.3896e+00, 
 2DIAGNOSTIC,    26, -2.694149457981e-01, 1.179471691530e-06, 6.8285e+01, 1.2192e+00, 
 2DIAGNOSTIC,    27, -2.694148144854e-01, 1.138503830864e-06, 6.9665e+01, 1.3798e+00, 
 2DIAGNOSTIC,    28, -2.694146701532e-01, 1.090150168088e-06, 7.1053e+01, 1.3873e+00, 
 2DIAGNOSTIC,    29, -2.694146719366e-01, 1.051850240283e-06, 7.2436e+01, 1.3833e+00, 
 2DIAGNOSTIC,    30, -2.694146075488e-01, 1.017189823461e-06, 7.3827e+01, 1.3911e+00, 
 2DIAGNOSTIC,    31, -2.694145860085e-01, 9.806477248853e-07, 7.5217e+01, 1.3897e+00, 
 2DIAGNOSTIC,    32, -2.694146366288e-01, 9.532754936051e-07, 7.6598e+01, 1.3818e+00, 
 2DIAGNOSTIC,    33, -2.694146381031e-01, 9.338021366850e-07, 7.7991e+01, 1.3923e+00, 
 2DIAGNOSTIC,    34, -2.694146407299e-01, 9.121185172260e-07, 7.9210e+01, 1.2192e+00, 
 2DIAGNOSTIC,    35, -2.694147020688e-01, 8.957032888203e-07, 8.0428e+01, 1.2179e+00, 
 2DIAGNOSTIC,    36, -2.694146247094e-01, 8.789349626968e-07, 8.1979e+01, 1.5508e+00, 
 2DIAGNOSTIC,    37, -2.694145536610e-01, 8.579046978270e-07, 8.3531e+01, 1.5522e+00, 
 2DIAGNOSTIC,    38, -2.694145684277e-01, 8.345816561728e-07, 8.4924e+01, 1.3934e+00, 
 2DIAGNOSTIC,    39, -2.694144807352e-01, 8.103644765708e-07, 8.6143e+01, 1.2186e+00, 
 2DIAGNOSTIC,    40, -2.694144221739e-01, 7.846760811253e-07, 8.7348e+01, 1.2048e+00, 
 2DIAGNOSTIC,    41, -2.694143250429e-01, 7.582209198692e-07, 8.8732e+01, 1.3841e+00, 
 2DIAGNOSTIC,    42, -2.694142838171e-01, 7.350257194803e-07, 8.9939e+01, 1.2075e+00, 
 2DIAGNOSTIC,    43, -2.694142845865e-01, 7.150742181161e-07, 9.1324e+01, 1.3846e+00, 
 2DIAGNOSTIC,    44, -2.694140882922e-01, 6.936466254229e-07, 9.2653e+01, 1.3289e+00, 
 2DIAGNOSTIC,    45, -2.694142091063e-01, 6.804406779554e-07, 9.4145e+01, 1.4920e+00, 
 2DIAGNOSTIC,    46, -2.694141574264e-01, 6.673141869883e-07, 9.5498e+01, 1.3538e+00, 
 2DIAGNOSTIC,    47, -2.694141594374e-01, 6.554798810017e-07, 9.6862e+01, 1.3635e+00, 
 2DIAGNOSTIC,    48, -2.694140625226e-01, 6.444312825420e-07, 9.8227e+01, 1.3652e+00, 
 2DIAGNOSTIC,    49, -2.694140912734e-01, 6.344182574523e-07, 9.9418e+01, 1.1904e+00, 
 2DIAGNOSTIC,    50, -2.694141742426e-01, 6.267223504990e-07, 1.0078e+02, 1.3618e+00, 
 2DIAGNOSTIC,    51, -2.694141858041e-01, 6.183615978844e-07, 1.0198e+02, 1.2019e+00, 
 2DIAGNOSTIC,    52, -2.694142547483e-01, 6.114266666302e-07, 1.0335e+02, 1.3664e+00, 
 2DIAGNOSTIC,    53, -2.694141952041e-01, 6.037597853788e-07, 1.0456e+02, 1.2157e+00, 
 2DIAGNOSTIC,    54, -2.694142599421e-01, 5.934313235985e-07, 1.0592e+02, 1.3592e+00, 
 2DIAGNOSTIC,    55, -2.694143027684e-01, 5.861417907635e-07, 1.0746e+02, 1.5412e+00, 
 2DIAGNOSTIC,    56, -2.694143306728e-01, 5.778639248673e-07, 1.0866e+02, 1.1997e+00, 
 2DIAGNOSTIC,    57, -2.694142189537e-01, 5.669824874148e-07, 1.0986e+02, 1.1942e+00, 
 2DIAGNOSTIC,    58, -2.694146421670e-01, 5.616485958572e-07, 1.1139e+02, 1.5278e+00, 
 2DIAGNOSTIC,    59, -2.694139950316e-01, 5.439006665608e-07, 1.1257e+02, 1.1894e+00, 
 2DIAGNOSTIC,    60, -2.694138696762e-01, 5.258999575888e-07, 1.1392e+02, 1.3495e+00, 
 2DIAGNOSTIC,    61, -2.694137002850e-01, 5.061865548522e-07, 1.1526e+02, 1.3341e+00, 
  Elapsed time (stage 0): 1.1609e+02


Stage 1
  iterations = 1000x500x250x100
  convergence threshold = 4.0000e-07
  convergence window size = 10
  number of levels = 4
  using the Mattes MI metric (number of bins = 32, weight = 1.0000e+00)
  Shrink factors (level 1 out of 4): [4, 8, 8]
  Shrink factors (level 2 out of 4): [2, 4, 4]
  Shrink factors (level 3 out of 4): [1, 2, 2]
  Shrink factors (level 4 out of 4): [1, 1, 1]
  smoothing sigmas per level: [3, 2, 1, 0]
  regular sampling (percentage = 2.5000e-01)

*** Running AffineTransform registration ***

DIAGNOSTIC,Iteration,metricValue,convergenceValue,ITERATION_TIME_INDEX,SINCE_LAST
 2DIAGNOSTIC,     1, -4.652186119418e-01, 1.797693134862e+308, 5.2110e-01, 5.2110e-01, 
 2DIAGNOSTIC,     2, -4.657722559315e-01, 1.797693134862e+308, 5.3021e-01, 9.1081e-03, 
 2DIAGNOSTIC,     3, -4.667942198472e-01, 1.797693134862e+308, 5.3923e-01, 9.0132e-03, 
 2DIAGNOSTIC,     4, -4.685052621878e-01, 1.797693134862e+308, 5.4792e-01, 8.6980e-03, 
 2DIAGNOSTIC,     5, -4.718653020050e-01, 1.797693134862e+308, 5.5663e-01, 8.7020e-03, 
 2DIAGNOSTIC,     6, -4.778382355770e-01, 1.797693134862e+308, 5.6540e-01, 8.7729e-03, 
 2DIAGNOSTIC,     7, -4.844789016030e-01, 1.797693134862e+308, 5.7454e-01, 9.1438e-03, 
 2DIAGNOSTIC,     8, -4.952851330395e-01, 1.797693134862e+308, 5.8682e-01, 1.2279e-02, 
 2DIAGNOSTIC,     9, -5.040447000704e-01, 1.797693134862e+308, 6.0307e-01, 1.6245e-02, 
 2DIAGNOSTIC,    10, -5.042536207941e-01, 5.973540305491e-03, 6.1250e-01, 9.4340e-03, 
 2DIAGNOSTIC,    11, -5.043939344257e-01, 5.802830529765e-03, 6.2331e-01, 1.0806e-02, 
 2DIAGNOSTIC,    12, -5.042085798925e-01, 5.162432691374e-03, 6.3525e-01, 1.1942e-02, 
 2DIAGNOSTIC,    13, -5.043208310682e-01, 4.204471019211e-03, 6.4458e-01, 9.3369e-03, 
 2DIAGNOSTIC,    14, -5.042840012070e-01, 3.072793748154e-03, 6.5654e-01, 1.1957e-02, 
 2DIAGNOSTIC,    15, -5.044109308944e-01, 1.954352711188e-03, 6.6727e-01, 1.0733e-02, 
 2DIAGNOSTIC,    16, -5.043801323048e-01, 1.019879778548e-03, 6.8042e-01, 1.3141e-02, 
 2DIAGNOSTIC,    17, -5.043486425433e-01, 3.236410696713e-04, 6.8962e-01, 9.2039e-03, 
 2DIAGNOSTIC,    18, -5.043506526711e-01, 1.685094552128e-05, 7.0095e-01, 1.1335e-02, 
 2DIAGNOSTIC,    19, -5.043647999536e-01, 8.421425498978e-06, 7.1157e-01, 1.0620e-02, 
 2DIAGNOSTIC,    20, -5.043470087563e-01, 5.541430788340e-06, 7.2224e-01, 1.0665e-02, 
 2DIAGNOSTIC,    21, -5.044069093298e-01, 8.265405856030e-06, 7.3156e-01, 9.3191e-03, 
 2DIAGNOSTIC,    22, -5.044138349885e-01, 5.369340899980e-06, 7.4203e-01, 1.0470e-02, 
 2DIAGNOSTIC,    23, -5.045910798590e-01, 9.667450820323e-06, 7.5149e-01, 9.4609e-03, 
 2DIAGNOSTIC,    24, -5.047247885657e-01, 1.493837596687e-05, 7.6362e-01, 1.2130e-02, 
 2DIAGNOSTIC,    25, -5.048482795144e-01, 2.423421049258e-05, 7.7310e-01, 9.4800e-03, 
 2DIAGNOSTIC,    26, -5.047390354390e-01, 2.758005125294e-05, 7.8376e-01, 1.0660e-02, 
 2DIAGNOSTIC,    27, -5.048610058826e-01, 3.023543949282e-05, 7.9315e-01, 9.3889e-03, 
 2DIAGNOSTIC,    28, -5.049633424188e-01, 3.197459247295e-05, 8.0452e-01, 1.1374e-02, 
 2DIAGNOSTIC,    29, -5.049464122000e-01, 3.052382087669e-05, 8.1535e-01, 1.0826e-02, 
 2DIAGNOSTIC,    30, -5.050747862090e-01, 2.855528219827e-05, 8.2638e-01, 1.1031e-02, 
 2DIAGNOSTIC,    31, -5.048398521554e-01, 2.093885018412e-05, 8.3676e-01, 1.0376e-02, 
 2DIAGNOSTIC,    32, -5.049261934358e-01, 1.366849608653e-05, 8.4755e-01, 1.0799e-02, 
 2DIAGNOSTIC,    33, -5.049951365771e-01, 9.745499580639e-06, 8.5697e-01, 9.4180e-03, 
 2DIAGNOSTIC,    34, -5.050449086576e-01, 8.169700595806e-06, 8.6891e-01, 1.1934e-02, 
 2DIAGNOSTIC,    35, -5.052013313119e-01, 1.066198367487e-05, 8.7945e-01, 1.0541e-02, 
 2DIAGNOSTIC,    36, -5.051075719911e-01, 8.835493275718e-06, 8.9141e-01, 1.1964e-02, 
 2DIAGNOSTIC,    37, -5.051009993874e-01, 8.187326264994e-06, 9.0135e-01, 9.9339e-03, 
 2DIAGNOSTIC,    38, -5.049636863063e-01, 6.324416505082e-06, 9.1239e-01, 1.1046e-02, 
 2DIAGNOSTIC,    39, -5.050505562223e-01, 4.993564526712e-06, 9.2372e-01, 1.1331e-02, 
 2DIAGNOSTIC,    40, -5.051415334057e-01, 6.489541058238e-06, 9.3464e-01, 1.0918e-02, 
 2DIAGNOSTIC,    41, -5.051744756861e-01, 4.512010963270e-06, 9.4549e-01, 1.0847e-02, 
 2DIAGNOSTIC,    42, -5.052912460712e-01, 5.079222055230e-06, 9.5483e-01, 9.3431e-03, 
 2DIAGNOSTIC,    43, -5.053698673902e-01, 7.155117408699e-06, 9.6417e-01, 9.3391e-03, 
 2DIAGNOSTIC,    44, -5.054006759715e-01, 9.471119836013e-06, 9.7504e-01, 1.0869e-02, 
 2DIAGNOSTIC,    45, -5.055612737620e-01, 1.486106835092e-05, 9.8709e-01, 1.2053e-02, 
 2DIAGNOSTIC,    46, -5.055927623181e-01, 1.783682545513e-05, 9.9756e-01, 1.0473e-02, 
 2DIAGNOSTIC,    47, -5.055273224370e-01, 1.824079271026e-05, 1.0067e+00, 9.1369e-03, 
 2DIAGNOSTIC,    48, -5.056618689249e-01, 1.693896960445e-05, 1.0176e+00, 1.0900e-02, 
 2DIAGNOSTIC,    49, -5.059144813370e-01, 1.800324381681e-05, 1.0286e+00, 1.0965e-02, 
 2DIAGNOSTIC,    50, -5.060191684009e-01, 1.949678400082e-05, 1.0391e+00, 1.0530e-02, 
 2DIAGNOSTIC,    51, -5.062640698607e-01, 2.221298544816e-05, 1.0494e+00, 1.0287e-02, 
 2DIAGNOSTIC,    52, -5.063092241588e-01, 2.451806697667e-05, 1.0585e+00, 9.1131e-03, 
 2DIAGNOSTIC,    53, -5.064697401457e-01, 2.702560899837e-05, 1.0703e+00, 1.1835e-02, 
 2DIAGNOSTIC,    54, -5.067260603708e-01, 2.981202481347e-05, 1.0807e+00, 1.0405e-02, 
 2DIAGNOSTIC,    55, -5.065709639605e-01, 2.966725879462e-05, 1.0897e+00, 8.9669e-03, 
 2DIAGNOSTIC,    56, -5.067114637302e-01, 2.860993022848e-05, 1.1002e+00, 1.0534e-02, 
 2DIAGNOSTIC,    57, -5.068049510694e-01, 2.514479417631e-05, 1.1155e+00, 1.5299e-02, 
 2DIAGNOSTIC,    58, -5.067704287052e-01, 2.032531297612e-05, 1.1277e+00, 1.2129e-02, 
 2DIAGNOSTIC,    59, -5.067378211907e-01, 1.589286242859e-05, 1.1381e+00, 1.0424e-02, 
 2DIAGNOSTIC,    60, -5.066770723520e-01, 1.054266441592e-05, 1.1473e+00, 9.1622e-03, 
 2DIAGNOSTIC,    61, -5.067018832193e-01, 6.946644278159e-06, 1.1576e+00, 1.0368e-02, 
 2DIAGNOSTIC,    62, -5.066407481805e-01, 2.631024241806e-06, 1.1669e+00, 9.3141e-03, 
DIAGNOSTIC,Iteration,metricValue,convergenceValue,ITERATION_TIME_INDEX,SINCE_LAST
 2DIAGNOSTIC,     1, -4.368537248561e-01, 1.797693134862e+308, 1.8627e+00, 6.9575e-01, 
 2DIAGNOSTIC,     2, -4.370862131319e-01, 1.797693134862e+308, 1.9383e+00, 7.5614e-02, 
 2DIAGNOSTIC,     3, -4.375403018257e-01, 1.797693134862e+308, 2.0056e+00, 6.7294e-02, 
 2DIAGNOSTIC,     4, -4.379277235753e-01, 1.797693134862e+308, 2.0721e+00, 6.6527e-02, 
 2DIAGNOSTIC,     5, -4.381401173493e-01, 1.797693134862e+308, 2.1485e+00, 7.6419e-02, 
 2DIAGNOSTIC,     6, -4.385035380216e-01, 1.797693134862e+308, 2.2281e+00, 7.9528e-02, 
 2DIAGNOSTIC,     7, -4.384294393188e-01, 1.797693134862e+308, 2.3051e+00, 7.7080e-02, 
 2DIAGNOSTIC,     8, -4.386077806400e-01, 1.797693134862e+308, 2.3823e+00, 7.7202e-02, 
 2DIAGNOSTIC,     9, -4.387229042695e-01, 1.797693134862e+308, 2.4592e+00, 7.6815e-02, 
 2DIAGNOSTIC,    10, -4.387893925496e-01, 2.892519564141e-04, 2.5469e+00, 8.7738e-02, 
 2DIAGNOSTIC,    11, -4.388133917173e-01, 2.141749328688e-04, 2.6666e+00, 1.1967e-01, 
 2DIAGNOSTIC,    12, -4.388161586063e-01, 1.452034076017e-04, 2.7564e+00, 8.9883e-02, 
 2DIAGNOSTIC,    13, -4.388255590536e-01, 9.688549813484e-05, 2.8348e+00, 7.8333e-02, 
 2DIAGNOSTIC,    14, -4.388217932022e-01, 6.441241588352e-05, 2.9232e+00, 8.8395e-02, 
 2DIAGNOSTIC,    15, -4.388136630656e-01, 3.900869037282e-05, 3.0122e+00, 8.9036e-02, 
 2DIAGNOSTIC,    16, -4.388143163424e-01, 2.839127715945e-05, 3.0903e+00, 7.8099e-02, 
 2DIAGNOSTIC,    17, -4.388083764597e-01, 1.342731738299e-05, 3.1668e+00, 7.6469e-02, 
 2DIAGNOSTIC,    18, -4.388037021459e-01, 5.235245168343e-06, 3.2450e+00, 7.8197e-02, 
 2DIAGNOSTIC,    19, -4.387994717194e-01, 1.319492874650e-06, 3.3225e+00, 7.7550e-02, 
DIAGNOSTIC,Iteration,metricValue,convergenceValue,ITERATION_TIME_INDEX,SINCE_LAST
 2DIAGNOSTIC,     1, -3.552695537545e-01, 1.797693134862e+308, 5.2226e+00, 1.9001e+00, 
 2DIAGNOSTIC,     2, -3.553002467530e-01, 1.797693134862e+308, 5.8841e+00, 6.6148e-01, 
 2DIAGNOSTIC,     3, -3.553077278418e-01, 1.797693134862e+308, 6.4839e+00, 5.9982e-01, 
 2DIAGNOSTIC,     4, -3.553047059872e-01, 1.797693134862e+308, 7.0776e+00, 5.9364e-01, 
 2DIAGNOSTIC,     5, -3.553035469312e-01, 1.797693134862e+308, 7.6091e+00, 5.3151e-01, 
 2DIAGNOSTIC,     6, -3.553016229639e-01, 1.797693134862e+308, 8.1380e+00, 5.2897e-01, 
 2DIAGNOSTIC,     7, -3.553011681781e-01, 1.797693134862e+308, 8.6701e+00, 5.3204e-01, 
 2DIAGNOSTIC,     8, -3.553024168275e-01, 1.797693134862e+308, 9.2082e+00, 5.3809e-01, 
 2DIAGNOSTIC,     9, -3.553039350285e-01, 1.797693134862e+308, 9.6771e+00, 4.6890e-01, 
 2DIAGNOSTIC,    10, -3.553041299812e-01, 5.748663989266e-06, 1.0214e+01, 5.3729e-01, 
 2DIAGNOSTIC,    11, -3.553017561723e-01, 2.689873884215e-06, 1.0890e+01, 6.7614e-01, 
 2DIAGNOSTIC,    12, -3.553012087015e-01, 2.157506044376e-06, 1.1421e+01, 5.3060e-01, 
 2DIAGNOSTIC,    13, -3.553012708659e-01, 2.216135681216e-06, 1.1885e+01, 4.6342e-01, 
 2DIAGNOSTIC,    14, -3.553007327618e-01, 2.079636601454e-06, 1.2486e+01, 6.0146e-01, 
 2DIAGNOSTIC,    15, -3.553013673212e-01, 1.955058454295e-06, 1.3020e+01, 5.3445e-01, 
 2DIAGNOSTIC,    16, -3.553006302712e-01, 1.731734237939e-06, 1.3484e+01, 4.6331e-01, 
 2DIAGNOSTIC,    17, -3.552999149670e-01, 1.504339427694e-06, 1.4226e+01, 7.4255e-01, 
 2DIAGNOSTIC,    18, -3.553006660284e-01, 1.422522210838e-06, 1.4757e+01, 5.3122e-01, 
 2DIAGNOSTIC,    19, -3.553006927496e-01, 1.442984249679e-06, 1.5363e+01, 6.0551e-01, 
 2DIAGNOSTIC,    20, -3.553002172442e-01, 1.473794829447e-06, 1.5959e+01, 5.9650e-01, 
 2DIAGNOSTIC,    21, -3.553002606687e-01, 1.425549390609e-06, 1.6492e+01, 5.3249e-01, 
 2DIAGNOSTIC,    22, -3.552991476082e-01, 1.329919060954e-06, 1.6953e+01, 4.6063e-01, 
 2DIAGNOSTIC,    23, -3.552989874272e-01, 1.250937487950e-06, 1.7413e+01, 4.6011e-01, 
 2DIAGNOSTIC,    24, -3.552990439315e-01, 1.173257260879e-06, 1.7872e+01, 4.5924e-01, 
 2DIAGNOSTIC,    25, -3.552986210512e-01, 1.123199217766e-06, 1.8338e+01, 4.6576e-01, 
 2DIAGNOSTIC,    26, -3.552989639945e-01, 1.080295691375e-06, 1.8873e+01, 5.3513e-01, 
 2DIAGNOSTIC,    27, -3.552993118599e-01, 1.042464821514e-06, 1.9412e+01, 5.3869e-01, 
 2DIAGNOSTIC,    28, -3.552987907361e-01, 1.026365232602e-06, 1.9884e+01, 4.7265e-01, 
 2DIAGNOSTIC,    29, -3.552988467533e-01, 1.024623331639e-06, 2.0422e+01, 5.3799e-01, 
 2DIAGNOSTIC,    30, -3.552988010396e-01, 1.015563489692e-06, 2.1017e+01, 5.9491e-01, 
 2DIAGNOSTIC,    31, -3.552988114327e-01, 1.013201832642e-06, 2.1550e+01, 5.3298e-01, 
 2DIAGNOSTIC,    32, -3.552987842503e-01, 9.835404052583e-07, 2.2017e+01, 4.6679e-01, 
 2DIAGNOSTIC,    33, -3.552986022672e-01, 9.485330413547e-07, 2.2551e+01, 5.3459e-01, 
 2DIAGNOSTIC,    34, -3.552988272506e-01, 9.243321689202e-07, 2.3087e+01, 5.3550e-01, 
 2DIAGNOSTIC,    35, -3.552987790602e-01, 8.912985689780e-07, 2.3550e+01, 4.6313e-01, 
 2DIAGNOSTIC,    36, -3.552989940942e-01, 8.738536054070e-07, 2.4020e+01, 4.7015e-01, 
 2DIAGNOSTIC,    37, -3.552988442573e-01, 8.628405270064e-07, 2.4557e+01, 5.3719e-01, 
 2DIAGNOSTIC,    38, -3.552989947583e-01, 8.444437099263e-07, 2.5027e+01, 4.7002e-01, 
 2DIAGNOSTIC,    39, -3.552988865768e-01, 8.251276283795e-07, 2.5558e+01, 5.3075e-01, 
 2DIAGNOSTIC,    40, -3.552987554277e-01, 8.022960095617e-07, 2.6083e+01, 5.2527e-01, 
 2DIAGNOSTIC,    41, -3.552995194912e-01, 7.950978861762e-07, 2.6612e+01, 5.2849e-01, 
 2DIAGNOSTIC,    42, -3.552985756691e-01, 7.675903064622e-07, 2.7145e+01, 5.3352e-01, 
 2DIAGNOSTIC,    43, -3.552986661402e-01, 7.392227179062e-07, 2.7681e+01, 5.3569e-01, 
 2DIAGNOSTIC,    44, -3.552971667096e-01, 6.890605664736e-07, 2.8216e+01, 5.3449e-01, 
 2DIAGNOSTIC,    45, -3.552978498650e-01, 6.560609900029e-07, 2.8753e+01, 5.3773e-01, 
 2DIAGNOSTIC,    46, -3.552981236951e-01, 6.371541363473e-07, 2.9215e+01, 4.6167e-01, 
 2DIAGNOSTIC,    47, -3.552974373721e-01, 6.097006125735e-07, 2.9740e+01, 5.2488e-01, 
 2DIAGNOSTIC,    48, -3.552979840931e-01, 6.023652178999e-07, 3.0269e+01, 5.2942e-01, 
 2DIAGNOSTIC,    49, -3.552980644947e-01, 6.006656407889e-07, 3.0931e+01, 6.6161e-01, 
 2DIAGNOSTIC,    50, -3.552978070524e-01, 5.967378271590e-07, 3.1465e+01, 5.3437e-01, 
 2DIAGNOSTIC,    51, -3.552972288577e-01, 5.999200038131e-07, 3.2004e+01, 5.3881e-01, 
 2DIAGNOSTIC,    52, -3.552973443242e-01, 5.927310845755e-07, 3.2473e+01, 4.6930e-01, 
 2DIAGNOSTIC,    53, -3.552968766125e-01, 5.824608685957e-07, 3.3005e+01, 5.3203e-01, 
 2DIAGNOSTIC,    54, -3.552970486360e-01, 5.542448840608e-07, 3.3473e+01, 4.6732e-01, 
 2DIAGNOSTIC,    55, -3.552973151178e-01, 5.440701184994e-07, 3.4009e+01, 5.3626e-01, 
 2DIAGNOSTIC,    56, -3.552976496760e-01, 5.465958046631e-07, 3.4477e+01, 4.6797e-01, 
 2DIAGNOSTIC,    57, -3.552988574645e-01, 5.581228063843e-07, 3.5019e+01, 5.4171e-01, 
 2DIAGNOSTIC,    58, -3.552979584851e-01, 5.639175767666e-07, 3.5551e+01, 5.3187e-01, 
 2DIAGNOSTIC,    59, -3.552980382941e-01, 5.708219208735e-07, 3.6083e+01, 5.3231e-01, 
 2DIAGNOSTIC,    60, -3.552974202697e-01, 5.629186643347e-07, 3.6609e+01, 5.2653e-01, 
 2DIAGNOSTIC,    61, -3.552976512548e-01, 5.473946780125e-07, 3.7143e+01, 5.3336e-01, 
 2DIAGNOSTIC,    62, -3.552976871465e-01, 5.316856761424e-07, 3.7677e+01, 5.3399e-01, 
 2DIAGNOSTIC,    63, -3.552975115613e-01, 5.065874508284e-07, 3.8217e+01, 5.4048e-01, 
 2DIAGNOSTIC,    64, -3.552973997913e-01, 4.832367772739e-07, 3.8683e+01, 4.6606e-01, 
 2DIAGNOSTIC,    65, -3.552975722587e-01, 4.673496909920e-07, 3.9356e+01, 6.7264e-01, 
 2DIAGNOSTIC,    66, -3.552975789019e-01, 4.575348806976e-07, 3.9887e+01, 5.3131e-01, 
 2DIAGNOSTIC,    67, -3.552975126532e-01, 4.641862185704e-07, 4.0353e+01, 4.6580e-01, 
 2DIAGNOSTIC,    68, -3.552975479327e-01, 4.615263118676e-07, 4.1019e+01, 6.6591e-01, 
 2DIAGNOSTIC,    69, -3.552973241656e-01, 4.581254781765e-07, 4.1552e+01, 5.3292e-01, 
 2DIAGNOSTIC,    70, -3.552972939104e-01, 4.476253645039e-07, 4.2076e+01, 5.2399e-01, 
 2DIAGNOSTIC,    71, -3.552973490780e-01, 4.412248456129e-07, 4.2611e+01, 5.3472e-01, 
 2DIAGNOSTIC,    72, -3.552972031270e-01, 4.344561681004e-07, 4.3073e+01, 4.6243e-01, 
 2DIAGNOSTIC,    73, -3.552970013227e-01, 4.245585845317e-07, 4.3602e+01, 5.2851e-01, 
 2DIAGNOSTIC,    74, -3.552971253423e-01, 4.161701976074e-07, 4.4134e+01, 5.3207e-01, 
 2DIAGNOSTIC,    75, -3.552965458010e-01, 4.049041521740e-07, 4.4666e+01, 5.3211e-01, 
DIAGNOSTIC,Iteration,metricValue,convergenceValue,ITERATION_TIME_INDEX,SINCE_LAST
 2DIAGNOSTIC,     1, -2.967958419911e-01, 1.797693134862e+308, 5.1532e+01, 6.8665e+00, 
 2DIAGNOSTIC,     2, -2.967957190913e-01, 1.797693134862e+308, 5.3537e+01, 2.0051e+00, 
 2DIAGNOSTIC,     3, -2.967958908942e-01, 1.797693134862e+308, 5.5330e+01, 1.7924e+00, 
 2DIAGNOSTIC,     4, -2.967959272359e-01, 1.797693134862e+308, 5.7695e+01, 2.3649e+00, 
 2DIAGNOSTIC,     5, -2.967959445614e-01, 1.797693134862e+308, 5.9325e+01, 1.6305e+00, 
 2DIAGNOSTIC,     6, -2.967959073442e-01, 1.797693134862e+308, 6.0958e+01, 1.6332e+00, 
 2DIAGNOSTIC,     7, -2.967958984539e-01, 1.797693134862e+308, 6.2593e+01, 1.6346e+00, 
 2DIAGNOSTIC,     8, -2.967957218661e-01, 1.797693134862e+308, 6.4039e+01, 1.4459e+00, 
 2DIAGNOSTIC,     9, -2.967957152007e-01, 1.797693134862e+308, 6.5673e+01, 1.6342e+00, 
 2DIAGNOSTIC,    10, -2.967957254566e-01, 3.156264588869e-06, 6.7303e+01, 1.6297e+00, 
 2DIAGNOSTIC,    11, -2.967956880402e-01, 2.854388991155e-06, 6.8914e+01, 1.6115e+00, 
 2DIAGNOSTIC,    12, -2.967956307359e-01, 2.591628436632e-06, 7.0539e+01, 1.6244e+00, 
 2DIAGNOSTIC,    13, -2.967956461469e-01, 2.388645303802e-06, 7.2162e+01, 1.6232e+00, 
 2DIAGNOSTIC,    14, -2.967956427621e-01, 2.222063448881e-06, 7.3799e+01, 1.6374e+00, 
 2DIAGNOSTIC,    15, -2.967955357376e-01, 2.076373227536e-06, 7.5425e+01, 1.6254e+00, 
 2DIAGNOSTIC,    16, -2.967954408531e-01, 1.945174962339e-06, 7.7059e+01, 1.6347e+00, 
 2DIAGNOSTIC,    17, -2.967954101158e-01, 1.831559537230e-06, 7.8702e+01, 1.6424e+00, 
 2DIAGNOSTIC,    18, -2.967954467756e-01, 1.726658857108e-06, 8.0137e+01, 1.4352e+00, 
 2DIAGNOSTIC,    19, -2.967954469811e-01, 1.636019287717e-06, 8.1565e+01, 1.4279e+00, 
 2DIAGNOSTIC,    20, -2.967955114329e-01, 1.561700248856e-06, 8.3558e+01, 1.9929e+00, 
 2DIAGNOSTIC,    21, -2.967955213684e-01, 1.496009320326e-06, 8.5199e+01, 1.6417e+00, 
 2DIAGNOSTIC,    22, -2.967955062647e-01, 1.434845744261e-06, 8.6835e+01, 1.6357e+00, 
 2DIAGNOSTIC,    23, -2.967954931315e-01, 1.380061926251e-06, 8.8272e+01, 1.4370e+00, 
 2DIAGNOSTIC,    24, -2.967955125404e-01, 1.330817528331e-06, 8.9907e+01, 1.6344e+00, 
 2DIAGNOSTIC,    25, -2.967955254505e-01, 1.281433293490e-06, 9.1357e+01, 1.4505e+00, 
 2DIAGNOSTIC,    26, -2.967955236563e-01, 1.231460151720e-06, 9.2793e+01, 1.4362e+00, 
 2DIAGNOSTIC,    27, -2.967955605706e-01, 1.184682100600e-06, 9.4426e+01, 1.6328e+00, 
 2DIAGNOSTIC,    28, -2.967955452378e-01, 1.141367431755e-06, 9.6068e+01, 1.6418e+00, 
 2DIAGNOSTIC,    29, -2.967954190367e-01, 1.096331460136e-06, 9.7704e+01, 1.6363e+00, 
 2DIAGNOSTIC,    30, -2.967954500995e-01, 1.057497482089e-06, 9.9330e+01, 1.6259e+00, 
 2DIAGNOSTIC,    31, -2.967954882157e-01, 1.022852635993e-06, 1.0096e+02, 1.6332e+00, 
 2DIAGNOSTIC,    32, -2.967953527358e-01, 9.861021692537e-07, 1.0241e+02, 1.4503e+00, 
 2DIAGNOSTIC,    33, -2.967952552405e-01, 9.492688858997e-07, 1.0406e+02, 1.6467e+00, 
 2DIAGNOSTIC,    34, -2.967952589122e-01, 9.167590629480e-07, 1.0550e+02, 1.4447e+00, 
 2DIAGNOSTIC,    35, -2.967953044711e-01, 8.894015047292e-07, 1.0715e+02, 1.6434e+00, 
