Running T1-THOMAS on sub-15
INFO:    Mounting image with FUSE.
Some packages in this Docker container are non-free
If you are considering commercial use of this container, please consult the relevant license:
https://fsl.fmrib.ox.ac.uk/fsl/fslwiki/Licence
THOMAS_HOME setting of /opt/thomas_new
Linux OS detected
File name OK
Running left and right thalamus MV big
All_Command_lines_OK
Using double precision for computations.
=============================================================================
The composite transform comprises the following transforms (in order): 
  1. Center of mass alignment using fixed image: sub-15_desc-preproc_T1w.nii.gz and moving image: /opt/thomas_new/origtemplate.nii.gz (type = Euler3DTransform)
=============================================================================
  number of levels = 4
  number of levels = 4
  fixed image: sub-15_desc-preproc_T1w.nii.gz
  moving image: /opt/thomas_new/origtemplate.nii.gz
  fixed image: sub-15_desc-preproc_T1w.nii.gz
  moving image: /opt/thomas_new/origtemplate.nii.gz
Dimension = 3
Number of stages = 2
Use Histogram Matching false
Winsorize image intensities false
Lower quantile = 0
Upper quantile = 1
Stage 1 State
   Image metric = Mattes
     Fixed image = Image (0x3bfd960)
  RTTI typeinfo:   itk::Image<double, 3u>
  Reference Count: 2
  Modified Time: 1696
  Debug: Off
  Object Name: 
  Observers: 
    none
  Source: (none)
  Source output name: (none)
  Release Data: Off
  Data Released: False
  Global Release Data: Off
  PipelineMTime: 0
  UpdateMTime: 1479
  RealTimeStamp: 0 seconds 
  LargestPossibleRegion: 
    Dimension: 3
    Index: [0, 0, 0]
    Size: [176, 192, 256]
  BufferedRegion: 
    Dimension: 3
    Index: [0, 0, 0]
    Size: [176, 192, 256]
  RequestedRegion: 
    Dimension: 3
    Index: [0, 0, 0]
    Size: [176, 192, 256]
  Spacing: [1, 1.13281, 1.13281]
  Origin: [98.5521, 103.417, -140.056]
  Direction: 
-0.998172 -0.0436194 -0.0418348
0.0435811 -0.999048 0.00182657
-0.0418747 1.7354e-08 0.999123

  IndexToPointMatrix: 
-0.998172 -0.0494126 -0.047391
0.0435811 -1.13173 0.00206916
-0.0418747 1.96588e-08 1.13182

  PointToIndexMatrix: 
-0.998172 0.0435811 -0.0418747
-0.0385054 -0.881918 1.5308e-08
-0.0369301 0.00161242 0.881984

  Inverse Direction: 
-0.998172 0.0435811 -0.0418747
-0.0436194 -0.999048 1.73411e-08
-0.0418348 0.00182657 0.999123

  PixelContainer: 
    ImportImageContainer (0x3bf6440)
      RTTI typeinfo:   itk::ImportImageContainer<unsigned long, double>
      Reference Count: 1
      Modified Time: 1476
      Debug: Off
      Object Name: 
      Observers: 
        none
      Pointer: 0x1487e83e4010
      Container manages memory: true
      Size: 8650752
      Capacity: 8650752

     Moving image = Image (0x3bf7210)
  RTTI typeinfo:   itk::Image<double, 3u>
  Reference Count: 2
  Modified Time: 1697
  Debug: Off
  Object Name: 
  Observers: 
    none
  Source: (none)
  Source output name: (none)
  Release Data: Off
  Data Released: False
  Global Release Data: Off
  PipelineMTime: 0
  UpdateMTime: 1694
  RealTimeStamp: 0 seconds 
  LargestPossibleRegion: 
    Dimension: 3
    Index: [0, 0, 0]
    Size: [256, 440, 256]
  BufferedRegion: 
    Dimension: 3
    Index: [0, 0, 0]
    Size: [256, 440, 256]
  RequestedRegion: 
    Dimension: 3
    Index: [0, 0, 0]
    Size: [256, 440, 256]
  Spacing: [0.7031, 0.5, 0.7031]
  Origin: [83.5844, 59.822, -106.951]
  Direction: 
-1 0 0
0 -1 0
0 0 1

  IndexToPointMatrix: 
-0.7031 0 0
0 -0.5 0
0 0 0.7031

  PointToIndexMatrix: 
-1.42227 0 0
0 -2 0
0 0 1.42227

  Inverse Direction: 
-1 0 0
0 -1 0
0 0 1

  PixelContainer: 
    ImportImageContainer (0x3bf74a0)
      RTTI typeinfo:   itk::ImportImageContainer<unsigned long, double>
      Reference Count: 1
      Modified Time: 1691
      Debug: Off
      Object Name: 
      Observers: 
        none
      Pointer: 0x1487da7e3010
      Container manages memory: true
      Size: 28835840
      Capacity: 28835840

     Weighting = 1
     Sampling strategy = regular
     Number of bins = 32
     Radius = 4
     Sampling percentage  = 0.25
   Transform = Rigid
     Gradient step = 0.1
     Update field sigma (voxel space) = 0
     Total field sigma (voxel space) = 0
     Update field time sigma = 0
     Total field time sigma  = 0
     Number of time indices = 0
     Number of time point samples = 0
Stage 2 State
   Image metric = Mattes
     Fixed image = Image (0x3c09980)
  RTTI typeinfo:   itk::Image<double, 3u>
  Reference Count: 2
  Modified Time: 2128
  Debug: Off
  Object Name: 
  Observers: 
    none
  Source: (none)
  Source output name: (none)
  Release Data: Off
  Data Released: False
  Global Release Data: Off
  PipelineMTime: 0
  UpdateMTime: 1911
  RealTimeStamp: 0 seconds 
  LargestPossibleRegion: 
    Dimension: 3
    Index: [0, 0, 0]
    Size: [176, 192, 256]
  BufferedRegion: 
    Dimension: 3
    Index: [0, 0, 0]
    Size: [176, 192, 256]
  RequestedRegion: 
    Dimension: 3
    Index: [0, 0, 0]
    Size: [176, 192, 256]
  Spacing: [1, 1.13281, 1.13281]
  Origin: [98.5521, 103.417, -140.056]
  Direction: 
-0.998172 -0.0436194 -0.0418348
0.0435811 -0.999048 0.00182657
-0.0418747 1.7354e-08 0.999123

  IndexToPointMatrix: 
-0.998172 -0.0494126 -0.047391
0.0435811 -1.13173 0.00206916
-0.0418747 1.96588e-08 1.13182

  PointToIndexMatrix: 
-0.998172 0.0435811 -0.0418747
-0.0385054 -0.881918 1.5308e-08
-0.0369301 0.00161242 0.881984

  Inverse Direction: 
-0.998172 0.0435811 -0.0418747
-0.0436194 -0.999048 1.73411e-08
-0.0418348 0.00182657 0.999123

  PixelContainer: 
    ImportImageContainer (0x3bf5240)
      RTTI typeinfo:   itk::ImportImageContainer<unsigned long, double>
      Reference Count: 1
      Modified Time: 1908
      Debug: Off
      Object Name: 
      Observers: 
        none
      Pointer: 0x1487d65e2010
      Container manages memory: true
      Size: 8650752
      Capacity: 8650752

     Moving image = Image (0x3c0b410)
  RTTI typeinfo:   itk::Image<double, 3u>
  Reference Count: 2
  Modified Time: 2129
  Debug: Off
  Object Name: 
  Observers: 
    none
  Source: (none)
  Source output name: (none)
  Release Data: Off
  Data Released: False
  Global Release Data: Off
  PipelineMTime: 0
  UpdateMTime: 2126
  RealTimeStamp: 0 seconds 
  LargestPossibleRegion: 
    Dimension: 3
    Index: [0, 0, 0]
    Size: [256, 440, 256]
  BufferedRegion: 
    Dimension: 3
    Index: [0, 0, 0]
    Size: [256, 440, 256]
  RequestedRegion: 
    Dimension: 3
    Index: [0, 0, 0]
    Size: [256, 440, 256]
  Spacing: [0.7031, 0.5, 0.7031]
  Origin: [83.5844, 59.822, -106.951]
  Direction: 
-1 0 0
0 -1 0
0 0 1

  IndexToPointMatrix: 
-0.7031 0 0
0 -0.5 0
0 0 0.7031

  PointToIndexMatrix: 
-1.42227 0 0
0 -2 0
0 0 1.42227

  Inverse Direction: 
-1 0 0
0 -1 0
0 0 1

  PixelContainer: 
    ImportImageContainer (0x3bfbd50)
      RTTI typeinfo:   itk::ImportImageContainer<unsigned long, double>
      Reference Count: 1
      Modified Time: 2123
      Debug: Off
      Object Name: 
      Observers: 
        none
      Pointer: 0x1487c89e1010
      Container manages memory: true
      Size: 28835840
      Capacity: 28835840

     Weighting = 1
     Sampling strategy = regular
     Number of bins = 32
     Radius = 4
     Sampling percentage  = 0.25
   Transform = Affine
     Gradient step = 0.1
     Update field sigma (voxel space) = 0
     Total field sigma (voxel space) = 0
     Update field time sigma = 0
     Total field time sigma  = 0
     Number of time indices = 0
     Number of time point samples = 0
Registration using 2 total stages.

Stage 0
  iterations = 1000x500x250x100
  convergence threshold = 5e-07
  convergence window size = 10
  number of levels = 4
  using the Mattes MI metric (number of bins = 32, weight = 1)
  Shrink factors (level 1 out of 4): [8, 7, 7]
  Shrink factors (level 2 out of 4): [4, 4, 4]
  Shrink factors (level 3 out of 4): [2, 2, 2]
  Shrink factors (level 4 out of 4): [1, 1, 1]
  smoothing sigmas per level: [3, 2, 1, 0]
  regular sampling (percentage = 0.25)

*** Running Euler3DTransform registration ***

DIAGNOSTIC,Iteration,metricValue,convergenceValue,ITERATION_TIME_INDEX,SINCE_LAST
 2DIAGNOSTIC,     1, -2.870817214022e-01, 1.797693134862e+308, 3.0899e-01, 3.0899e-01, 
 2DIAGNOSTIC,     2, -2.876277131242e-01, 1.797693134862e+308, 3.1184e-01, 2.8429e-03, 
 2DIAGNOSTIC,     3, -2.881153929385e-01, 1.797693134862e+308, 3.1470e-01, 2.8641e-03, 
 2DIAGNOSTIC,     4, -2.884541744228e-01, 1.797693134862e+308, 3.1777e-01, 3.0718e-03, 
 2DIAGNOSTIC,     5, -2.895711580829e-01, 1.797693134862e+308, 3.2109e-01, 3.3212e-03, 
 2DIAGNOSTIC,     6, -2.916668762903e-01, 1.797693134862e+308, 3.2437e-01, 3.2749e-03, 
 2DIAGNOSTIC,     7, -2.920126618142e-01, 1.797693134862e+308, 3.2767e-01, 3.3069e-03, 
 2DIAGNOSTIC,     8, -2.926142045028e-01, 1.797693134862e+308, 3.3119e-01, 3.5191e-03, 
 2DIAGNOSTIC,     9, -2.930163727615e-01, 1.797693134862e+308, 3.3501e-01, 3.8171e-03, 
 2DIAGNOSTIC,    10, -2.925638345174e-01, 1.506706980915e-03, 3.4053e-01, 5.5161e-03, 
 2DIAGNOSTIC,    11, -2.937252747699e-01, 1.306800925559e-03, 3.4506e-01, 4.5340e-03, 
 2DIAGNOSTIC,    12, -2.931827120844e-01, 1.020937170201e-03, 3.4881e-01, 3.7539e-03, 
 2DIAGNOSTIC,    13, -2.936020615572e-01, 7.591025768834e-04, 3.5303e-01, 4.2181e-03, 
 2DIAGNOSTIC,    14, -2.934355497381e-01, 4.777682986489e-04, 3.5658e-01, 3.5460e-03, 
 2DIAGNOSTIC,    15, -2.933058471819e-01, 2.522212810054e-04, 3.6042e-01, 3.8390e-03, 
 2DIAGNOSTIC,    16, -2.933826691460e-01, 1.643212908286e-04, 3.6330e-01, 2.8851e-03, 
 2DIAGNOSTIC,    17, -2.931988455692e-01, 7.985708742479e-05, 3.6653e-01, 3.2308e-03, 
 2DIAGNOSTIC,    18, -2.933312712590e-01, 3.744815468052e-05, 3.7054e-01, 4.0052e-03, 
 2DIAGNOSTIC,    19, -2.934045810499e-01, 2.137563366816e-05, 3.7373e-01, 3.1941e-03, 
DIAGNOSTIC,Iteration,metricValue,convergenceValue,ITERATION_TIME_INDEX,SINCE_LAST
 2DIAGNOSTIC,     1, -2.132928168941e-01, 1.797693134862e+308, 6.8979e-01, 3.1606e-01, 
 2DIAGNOSTIC,     2, -2.139105671528e-01, 1.797693134862e+308, 6.9667e-01, 6.8760e-03, 
 2DIAGNOSTIC,     3, -2.149247425759e-01, 1.797693134862e+308, 7.0304e-01, 6.3739e-03, 
 2DIAGNOSTIC,     4, -2.189490951458e-01, 1.797693134862e+308, 7.0949e-01, 6.4509e-03, 
 2DIAGNOSTIC,     5, -2.233580360004e-01, 1.797693134862e+308, 7.1618e-01, 6.6872e-03, 
 2DIAGNOSTIC,     6, -2.326949570424e-01, 1.797693134862e+308, 7.2259e-01, 6.4120e-03, 
 2DIAGNOSTIC,     7, -2.432836156805e-01, 1.797693134862e+308, 7.2940e-01, 6.8119e-03, 
 2DIAGNOSTIC,     8, -2.785129138028e-01, 1.797693134862e+308, 7.3653e-01, 7.1211e-03, 
 2DIAGNOSTIC,     9, -3.192844751003e-01, 1.797693134862e+308, 7.4381e-01, 7.2811e-03, 
 2DIAGNOSTIC,    10, -3.346044409598e-01, 3.089061583992e-02, 7.5160e-01, 7.7920e-03, 
 2DIAGNOSTIC,    11, -4.198745524735e-01, 3.985892285072e-02, 7.6651e-01, 1.4908e-02, 
 2DIAGNOSTIC,    12, -4.203557621629e-01, 4.309030904219e-02, 7.7292e-01, 6.4089e-03, 
 2DIAGNOSTIC,    13, -4.269609601225e-01, 4.240049821886e-02, 7.7967e-01, 6.7501e-03, 
 2DIAGNOSTIC,    14, -4.332493018800e-01, 3.880202949790e-02, 7.8790e-01, 8.2319e-03, 
 2DIAGNOSTIC,    15, -4.349483191624e-01, 3.277695827176e-02, 7.9449e-01, 6.5920e-03, 
 2DIAGNOSTIC,    16, -4.354325882569e-01, 2.537315467887e-02, 8.0410e-01, 9.6068e-03, 
 2DIAGNOSTIC,    17, -4.356261537377e-01, 1.738686007011e-02, 8.1047e-01, 6.3760e-03, 
 2DIAGNOSTIC,    18, -4.360815942883e-01, 1.071961692606e-02, 8.1703e-01, 6.5558e-03, 
 2DIAGNOSTIC,    19, -4.372507326459e-01, 5.878603747249e-03, 8.2405e-01, 7.0271e-03, 
 2DIAGNOSTIC,    20, -4.426288319832e-01, 1.883082503649e-03, 8.3486e-01, 1.0801e-02, 
 2DIAGNOSTIC,    21, -4.425137679123e-01, 1.537561967238e-03, 8.4234e-01, 7.4880e-03, 
 2DIAGNOSTIC,    22, -4.425130124065e-01, 1.107704919333e-03, 8.5194e-01, 9.6009e-03, 
 2DIAGNOSTIC,    23, -4.424698732207e-01, 8.485785450546e-04, 8.5954e-01, 7.5920e-03, 
 2DIAGNOSTIC,    24, -4.424632671073e-01, 7.428352068425e-04, 8.6688e-01, 7.3390e-03, 
 2DIAGNOSTIC,    25, -4.423984835654e-01, 6.268435841805e-04, 8.7624e-01, 9.3639e-03, 
 2DIAGNOSTIC,    26, -4.423933420923e-01, 4.778178161269e-04, 8.8375e-01, 7.5111e-03, 
 2DIAGNOSTIC,    27, -4.423931012684e-01, 3.056653056528e-04, 8.9130e-01, 7.5500e-03, 
 2DIAGNOSTIC,    28, -4.423904758936e-01, 1.329613034290e-04, 8.9934e-01, 8.0431e-03, 
DIAGNOSTIC,Iteration,metricValue,convergenceValue,ITERATION_TIME_INDEX,SINCE_LAST
 2DIAGNOSTIC,     1, -3.412857040994e-01, 1.797693134862e+308, 1.3726e+00, 4.7323e-01, 
 2DIAGNOSTIC,     2, -3.422614100726e-01, 1.797693134862e+308, 1.4198e+00, 4.7197e-02, 
 2DIAGNOSTIC,     3, -3.437588462915e-01, 1.797693134862e+308, 1.4657e+00, 4.5920e-02, 
 2DIAGNOSTIC,     4, -3.450193684949e-01, 1.797693134862e+308, 1.5134e+00, 4.7659e-02, 
 2DIAGNOSTIC,     5, -3.455949772495e-01, 1.797693134862e+308, 1.5575e+00, 4.4099e-02, 
 2DIAGNOSTIC,     6, -3.458301837284e-01, 1.797693134862e+308, 1.6029e+00, 4.5444e-02, 
 2DIAGNOSTIC,     7, -3.460402781610e-01, 1.797693134862e+308, 1.6507e+00, 4.7802e-02, 
 2DIAGNOSTIC,     8, -3.485034261261e-01, 1.797693134862e+308, 1.7019e+00, 5.1206e-02, 
 2DIAGNOSTIC,     9, -3.503155513775e-01, 1.797693134862e+308, 1.7529e+00, 5.1012e-02, 
 2DIAGNOSTIC,    10, -3.513650836800e-01, 1.725068606094e-03, 1.8040e+00, 5.1053e-02, 
 2DIAGNOSTIC,    11, -3.545043811985e-01, 1.790992507206e-03, 1.8563e+00, 5.2355e-02, 
 2DIAGNOSTIC,    12, -3.548791959911e-01, 1.772155102924e-03, 1.9086e+00, 5.2272e-02, 
 2DIAGNOSTIC,    13, -3.549754023157e-01, 1.694939101482e-03, 1.9538e+00, 4.5210e-02, 
 2DIAGNOSTIC,    14, -3.551980527909e-01, 1.561711237096e-03, 1.9998e+00, 4.5996e-02, 
 2DIAGNOSTIC,    15, -3.553009328038e-01, 1.341219638163e-03, 2.0663e+00, 6.6472e-02, 
 2DIAGNOSTIC,    16, -3.553292681466e-01, 1.039303033413e-03, 2.1178e+00, 5.1521e-02, 
 2DIAGNOSTIC,    17, -3.553145604164e-01, 6.852138241791e-04, 2.1642e+00, 4.6446e-02, 
 2DIAGNOSTIC,    18, -3.553973684612e-01, 4.232976162143e-04, 2.2093e+00, 4.5083e-02, 
 2DIAGNOSTIC,    19, -3.555910289324e-01, 2.362691431129e-04, 2.2622e+00, 5.2918e-02, 
 2DIAGNOSTIC,    20, -3.556586276804e-01, 8.800194494950e-05, 2.3479e+00, 8.5686e-02, 
 2DIAGNOSTIC,    21, -3.556609092771e-01, 6.699892822872e-05, 2.4234e+00, 7.5444e-02, 
 2DIAGNOSTIC,    22, -3.556593393034e-01, 5.575307254178e-05, 2.4683e+00, 4.4936e-02, 
 2DIAGNOSTIC,    23, -3.556581010890e-01, 4.356544653332e-05, 2.5302e+00, 6.1869e-02, 
 2DIAGNOSTIC,    24, -3.556532418054e-01, 3.557037017920e-05, 2.5805e+00, 5.0319e-02, 
 2DIAGNOSTIC,    25, -3.556442489627e-01, 2.799933188858e-05, 2.6254e+00, 4.4921e-02, 
 2DIAGNOSTIC,    26, -3.556435102584e-01, 1.950231121240e-05, 2.6697e+00, 4.4308e-02, 
 2DIAGNOSTIC,    27, -3.556396474831e-01, 9.393635076849e-06, 2.7135e+00, 4.3733e-02, 
 2DIAGNOSTIC,    28, -3.556417580489e-01, 1.553785820570e-06, 2.7641e+00, 5.0603e-02, 
DIAGNOSTIC,Iteration,metricValue,convergenceValue,ITERATION_TIME_INDEX,SINCE_LAST
 2DIAGNOSTIC,     1, -2.909706779457e-01, 1.797693134862e+308, 4.0047e+00, 1.2407e+00, 
 2DIAGNOSTIC,     2, -2.909697797694e-01, 1.797693134862e+308, 4.4303e+00, 4.2554e-01, 
 2DIAGNOSTIC,     3, -2.909695262584e-01, 1.797693134862e+308, 4.8515e+00, 4.2123e-01, 
 2DIAGNOSTIC,     4, -2.909685982559e-01, 1.797693134862e+308, 5.2286e+00, 3.7708e-01, 
 2DIAGNOSTIC,     5, -2.909679908145e-01, 1.797693134862e+308, 5.5652e+00, 3.3661e-01, 
 2DIAGNOSTIC,     6, -2.909677427747e-01, 1.797693134862e+308, 5.8946e+00, 3.2939e-01, 
 2DIAGNOSTIC,     7, -2.909669471205e-01, 1.797693134862e+308, 6.2739e+00, 3.7937e-01, 
 2DIAGNOSTIC,     8, -2.909670156206e-01, 1.797693134862e+308, 6.6133e+00, 3.3939e-01, 
 2DIAGNOSTIC,     9, -2.909669139621e-01, 1.797693134862e+308, 6.9139e+00, 3.0055e-01, 
 2DIAGNOSTIC,    10, -2.909668421978e-01, 2.310303340608e-06, 7.2581e+00, 3.4418e-01, 
 2DIAGNOSTIC,    11, -2.909672877644e-01, 2.305196073790e-06, 7.5960e+00, 3.3798e-01, 
 2DIAGNOSTIC,    12, -2.909668727574e-01, 2.245427810896e-06, 7.9525e+00, 3.5649e-01, 
 2DIAGNOSTIC,    13, -2.909667229283e-01, 2.203671924453e-06, 8.2700e+00, 3.1744e-01, 
 2DIAGNOSTIC,    14, -2.909665906202e-01, 2.116675586000e-06, 8.5908e+00, 3.2084e-01, 
 2DIAGNOSTIC,    15, -2.909664480722e-01, 2.006227045590e-06, 8.8883e+00, 2.9751e-01, 
 2DIAGNOSTIC,    16, -2.909663579624e-01, 1.900432394022e-06, 9.1858e+00, 2.9751e-01, 
 2DIAGNOSTIC,    17, -2.909664183025e-01, 1.772919795244e-06, 9.5273e+00, 3.4148e-01, 
 2DIAGNOSTIC,    18, -2.909663257438e-01, 1.667821769066e-06, 9.8286e+00, 3.0127e-01, 
 2DIAGNOSTIC,    19, -2.909655466741e-01, 1.538024283744e-06, 1.0131e+01, 3.0260e-01, 
 2DIAGNOSTIC,    20, -2.909655016275e-01, 1.428407644603e-06, 1.0431e+01, 3.0024e-01, 
 2DIAGNOSTIC,    21, -2.909659022041e-01, 1.383693164873e-06, 1.0814e+01, 3.8210e-01, 
 2DIAGNOSTIC,    22, -2.909653375472e-01, 1.310691046134e-06, 1.1166e+01, 3.5293e-01, 
 2DIAGNOSTIC,    23, -2.909653660863e-01, 1.252602601705e-06, 1.1465e+01, 2.9843e-01, 
 2DIAGNOSTIC,    24, -2.909648380951e-01, 1.185382432031e-06, 1.1804e+01, 3.3889e-01, 
 2DIAGNOSTIC,    25, -2.909643435665e-01, 1.112197299050e-06, 1.2149e+01, 3.4539e-01, 
 2DIAGNOSTIC,    26, -2.909640336388e-01, 1.044237973334e-06, 1.2488e+01, 3.3886e-01, 
 2DIAGNOSTIC,    27, -2.909633532624e-01, 9.755725364352e-07, 1.2878e+01, 3.8990e-01, 
 2DIAGNOSTIC,    28, -2.909631172091e-01, 9.208369743316e-07, 1.3221e+01, 3.4263e-01, 
 2DIAGNOSTIC,    29, -2.909631887419e-01, 8.664069441403e-07, 1.3559e+01, 3.3850e-01, 
 2DIAGNOSTIC,    30, -2.909629046275e-01, 8.259546179709e-07, 1.3898e+01, 3.3856e-01, 
 2DIAGNOSTIC,    31, -2.909628476844e-01, 8.218404453780e-07, 1.4238e+01, 3.4069e-01, 
 2DIAGNOSTIC,    32, -2.909625509631e-01, 8.109757700173e-07, 1.4583e+01, 3.4443e-01, 
 2DIAGNOSTIC,    33, -2.909624336904e-01, 8.159094109367e-07, 1.4922e+01, 3.3931e-01, 
 2DIAGNOSTIC,    34, -2.909624661282e-01, 8.203384473139e-07, 1.5221e+01, 2.9891e-01, 
 2DIAGNOSTIC,    35, -2.909618503051e-01, 8.043208314969e-07, 1.5520e+01, 2.9927e-01, 
 2DIAGNOSTIC,    36, -2.909620332184e-01, 7.966923662693e-07, 1.5864e+01, 3.4382e-01, 
 2DIAGNOSTIC,    37, -2.909616085835e-01, 7.684845684218e-07, 1.6243e+01, 3.7911e-01, 
 2DIAGNOSTIC,    38, -2.909613084704e-01, 7.366911767837e-07, 1.6585e+01, 3.4142e-01, 
 2DIAGNOSTIC,    39, -2.909608720570e-01, 7.072415970852e-07, 1.6878e+01, 2.9373e-01, 
 2DIAGNOSTIC,    40, -2.909601595832e-01, 6.654527935981e-07, 1.7222e+01, 3.4332e-01, 
 2DIAGNOSTIC,    41, -2.909602920682e-01, 6.403322778473e-07, 1.7520e+01, 2.9825e-01, 
 2DIAGNOSTIC,    42, -2.909603359465e-01, 6.230441567182e-07, 1.7815e+01, 2.9523e-01, 
 2DIAGNOSTIC,    43, -2.909603386368e-01, 6.166010768673e-07, 1.8156e+01, 3.4093e-01, 
 2DIAGNOSTIC,    44, -2.909600586429e-01, 6.173212496949e-07, 1.8501e+01, 3.4495e-01, 
 2DIAGNOSTIC,    45, -2.909602025072e-01, 6.180107938944e-07, 1.8886e+01, 3.8550e-01, 
 2DIAGNOSTIC,    46, -2.909598342472e-01, 6.231169420827e-07, 1.9354e+01, 4.6801e-01, 
 2DIAGNOSTIC,    47, -2.909598605744e-01, 6.262374448139e-07, 1.9734e+01, 3.7980e-01, 
 2DIAGNOSTIC,    48, -2.909597036161e-01, 6.248523835191e-07, 2.0030e+01, 2.9582e-01, 
 2DIAGNOSTIC,    49, -2.909593931574e-01, 6.127745510384e-07, 2.0374e+01, 3.4412e-01, 
 2DIAGNOSTIC,    50, -2.909592547076e-01, 5.881276396967e-07, 2.0670e+01, 2.9612e-01, 
 2DIAGNOSTIC,    51, -2.909591273980e-01, 5.691063263424e-07, 2.0972e+01, 3.0144e-01, 
 2DIAGNOSTIC,    52, -2.909589057877e-01, 5.526669231426e-07, 2.1270e+01, 2.9853e-01, 
 2DIAGNOSTIC,    53, -2.909590097442e-01, 5.446652421269e-07, 2.1612e+01, 3.4120e-01, 
 2DIAGNOSTIC,    54, -2.909589129850e-01, 5.353024345386e-07, 2.1912e+01, 3.0062e-01, 
 2DIAGNOSTIC,    55, -2.909590256404e-01, 5.362244331689e-07, 2.2249e+01, 3.3658e-01, 
 2DIAGNOSTIC,    56, -2.909591867493e-01, 5.374269513130e-07, 2.2548e+01, 2.9916e-01, 
 2DIAGNOSTIC,    57, -2.909593677745e-01, 5.450380695937e-07, 2.2932e+01, 3.8446e-01, 
 2DIAGNOSTIC,    58, -2.909588402091e-01, 5.421646960720e-07, 2.3277e+01, 3.4508e-01, 
 2DIAGNOSTIC,    59, -2.909587679522e-01, 5.339792464483e-07, 2.3577e+01, 2.9984e-01, 
 2DIAGNOSTIC,    60, -2.909579768376e-01, 5.114176122901e-07, 2.3878e+01, 3.0029e-01, 
  Elapsed time (stage 0): 2.4152e+01


Stage 1
  iterations = 1000x500x250x100
  convergence threshold = 4.0000e-07
  convergence window size = 10
  number of levels = 4
  using the Mattes MI metric (number of bins = 32, weight = 1.0000e+00)
  Shrink factors (level 1 out of 4): [8, 7, 7]
  Shrink factors (level 2 out of 4): [4, 4, 4]
  Shrink factors (level 3 out of 4): [2, 2, 2]
  Shrink factors (level 4 out of 4): [1, 1, 1]
  smoothing sigmas per level: [3, 2, 1, 0]
  regular sampling (percentage = 2.5000e-01)

*** Running AffineTransform registration ***

DIAGNOSTIC,Iteration,metricValue,convergenceValue,ITERATION_TIME_INDEX,SINCE_LAST
 2DIAGNOSTIC,     1, -5.580349788312e-01, 1.797693134862e+308, 3.2670e-01, 3.2670e-01, 
 2DIAGNOSTIC,     2, -5.607956655389e-01, 1.797693134862e+308, 3.2973e-01, 3.0329e-03, 
 2DIAGNOSTIC,     3, -5.647371933638e-01, 1.797693134862e+308, 3.3274e-01, 3.0100e-03, 
 2DIAGNOSTIC,     4, -5.683092227596e-01, 1.797693134862e+308, 3.3583e-01, 3.0911e-03, 
 2DIAGNOSTIC,     5, -5.713035534445e-01, 1.797693134862e+308, 3.3904e-01, 3.2058e-03, 
 2DIAGNOSTIC,     6, -5.791518624459e-01, 1.797693134862e+308, 3.4219e-01, 3.1540e-03, 
 2DIAGNOSTIC,     7, -5.883548343473e-01, 1.797693134862e+308, 3.4586e-01, 3.6678e-03, 
 2DIAGNOSTIC,     8, -6.002438721712e-01, 1.797693134862e+308, 3.5017e-01, 4.3099e-03, 
 2DIAGNOSTIC,     9, -6.018399751560e-01, 1.797693134862e+308, 3.5338e-01, 3.2120e-03, 
 2DIAGNOSTIC,    10, -6.061514103527e-01, 5.862843029100e-03, 3.5675e-01, 3.3751e-03, 
 2DIAGNOSTIC,    11, -6.119503407744e-01, 5.584677775279e-03, 3.6165e-01, 4.8981e-03, 
 2DIAGNOSTIC,    12, -6.135373084870e-01, 5.017702709332e-03, 3.6610e-01, 4.4501e-03, 
 2DIAGNOSTIC,    13, -6.130789202091e-01, 4.217391416734e-03, 3.6966e-01, 3.5589e-03, 
 2DIAGNOSTIC,    14, -6.142346447619e-01, 3.323580391529e-03, 3.7355e-01, 3.8881e-03, 
 2DIAGNOSTIC,    15, -6.153841947469e-01, 2.382711664468e-03, 3.7794e-01, 4.3931e-03, 
 2DIAGNOSTIC,    16, -6.150467977665e-01, 1.564175146775e-03, 3.8189e-01, 3.9499e-03, 
 2DIAGNOSTIC,    17, -6.142768854654e-01, 9.321033671067e-04, 3.8518e-01, 3.2868e-03, 
 2DIAGNOSTIC,    18, -6.146438526888e-01, 6.155390925042e-04, 3.8822e-01, 3.0370e-03, 
 2DIAGNOSTIC,    19, -6.152492792501e-01, 3.299020214679e-04, 3.9378e-01, 5.5611e-03, 
 2DIAGNOSTIC,    20, -6.155889654255e-01, 1.491228383345e-04, 3.9714e-01, 3.3591e-03, 
 2DIAGNOSTIC,    21, -6.156964883155e-01, 1.054755153710e-04, 4.0051e-01, 3.3770e-03, 
 2DIAGNOSTIC,    22, -6.159463444919e-01, 9.734685104285e-05, 4.0543e-01, 4.9191e-03, 
 2DIAGNOSTIC,    23, -6.165687151661e-01, 8.372980110213e-05, 4.0897e-01, 3.5400e-03, 
 2DIAGNOSTIC,    24, -6.166607362805e-01, 8.669683106432e-05, 4.1288e-01, 3.9070e-03, 
 2DIAGNOSTIC,    25, -6.175806084972e-01, 1.206871468787e-04, 4.1677e-01, 3.8922e-03, 
 2DIAGNOSTIC,    26, -6.167075049470e-01, 1.191042884753e-04, 4.2077e-01, 4.0009e-03, 
 2DIAGNOSTIC,    27, -6.168467386604e-01, 9.610027318470e-05, 4.2419e-01, 3.4199e-03, 
 2DIAGNOSTIC,    28, -6.175156071420e-01, 8.289346342037e-05, 4.2912e-01, 4.9260e-03, 
 2DIAGNOSTIC,    29, -6.176152738552e-01, 7.365681003100e-05, 4.3308e-01, 3.9611e-03, 
 2DIAGNOSTIC,    30, -6.179023845896e-01, 6.811044676103e-05, 4.3676e-01, 3.6840e-03, 
 2DIAGNOSTIC,    31, -6.178955292870e-01, 5.836782551139e-05, 4.4107e-01, 4.3030e-03, 
 2DIAGNOSTIC,    32, -6.176051251550e-01, 4.325387500026e-05, 4.4540e-01, 4.3292e-03, 
 2DIAGNOSTIC,    33, -6.177756658504e-01, 3.628676826339e-05, 4.4948e-01, 4.0860e-03, 
 2DIAGNOSTIC,    34, -6.170184449462e-01, 1.653555927031e-05, 4.5335e-01, 3.8638e-03, 
 2DIAGNOSTIC,    35, -6.170441566065e-01, 9.821396919071e-06, 4.5718e-01, 3.8302e-03, 
DIAGNOSTIC,Iteration,metricValue,convergenceValue,ITERATION_TIME_INDEX,SINCE_LAST
 2DIAGNOSTIC,     1, -4.957926935652e-01, 1.797693134862e+308, 8.1505e-01, 3.5788e-01, 
 2DIAGNOSTIC,     2, -4.966285354273e-01, 1.797693134862e+308, 8.2289e-01, 7.8409e-03, 
 2DIAGNOSTIC,     3, -4.985668301763e-01, 1.797693134862e+308, 8.3056e-01, 7.6680e-03, 
 2DIAGNOSTIC,     4, -4.989693568349e-01, 1.797693134862e+308, 8.3821e-01, 7.6442e-03, 
 2DIAGNOSTIC,     5, -5.000760877723e-01, 1.797693134862e+308, 8.4705e-01, 8.8480e-03, 
 2DIAGNOSTIC,     6, -5.006277004819e-01, 1.797693134862e+308, 8.5581e-01, 8.7571e-03, 
 2DIAGNOSTIC,     7, -5.008307158089e-01, 1.797693134862e+308, 8.7265e-01, 1.6841e-02, 
 2DIAGNOSTIC,     8, -5.008856741558e-01, 1.797693134862e+308, 8.8069e-01, 8.0349e-03, 
 2DIAGNOSTIC,     9, -5.008885398608e-01, 1.797693134862e+308, 8.8921e-01, 8.5239e-03, 
 2DIAGNOSTIC,    10, -5.008111507907e-01, 6.478573652847e-04, 8.9721e-01, 7.9999e-03, 
 2DIAGNOSTIC,    11, -5.008139804566e-01, 4.117716564212e-04, 9.0500e-01, 7.7882e-03, 
 2DIAGNOSTIC,    12, -5.008908422423e-01, 2.198682547006e-04, 9.1430e-01, 9.3050e-03, 
 2DIAGNOSTIC,    13, -5.009602850990e-01, 1.260270674263e-04, 9.2228e-01, 7.9789e-03, 
 2DIAGNOSTIC,    14, -5.009106503713e-01, 4.780861582256e-05, 9.2992e-01, 7.6339e-03, 
 2DIAGNOSTIC,    15, -5.009384442088e-01, 1.859351129936e-05, 9.3922e-01, 9.2990e-03, 
 2DIAGNOSTIC,    16, -5.011032298519e-01, 1.678668575281e-05, 9.4794e-01, 8.7249e-03, 
 2DIAGNOSTIC,    17, -5.010928248700e-01, 1.995112186837e-05, 9.5670e-01, 8.7600e-03, 
 2DIAGNOSTIC,    18, -5.009926332156e-01, 1.968134728309e-05, 9.6553e-01, 8.8301e-03, 
 2DIAGNOSTIC,    19, -5.010035396077e-01, 1.847355174286e-05, 9.7563e-01, 1.0098e-02, 
 2DIAGNOSTIC,    20, -5.009899421263e-01, 1.322373917505e-05, 9.8426e-01, 8.6300e-03, 
 2DIAGNOSTIC,    21, -5.009544166922e-01, 6.340791512544e-06, 9.9311e-01, 8.8491e-03, 
 2DIAGNOSTIC,    22, -5.009476027242e-01, 1.412692775746e-06, 1.0007e+00, 7.5841e-03, 
DIAGNOSTIC,Iteration,metricValue,convergenceValue,ITERATION_TIME_INDEX,SINCE_LAST
 2DIAGNOSTIC,     1, -3.941917901681e-01, 1.797693134862e+308, 1.5017e+00, 5.0098e-01, 
 2DIAGNOSTIC,     2, -3.945953908211e-01, 1.797693134862e+308, 1.5598e+00, 5.8125e-02, 
 2DIAGNOSTIC,     3, -3.949370677948e-01, 1.797693134862e+308, 1.6179e+00, 5.8114e-02, 
 2DIAGNOSTIC,     4, -3.953800517276e-01, 1.797693134862e+308, 1.6736e+00, 5.5660e-02, 
 2DIAGNOSTIC,     5, -3.959243290672e-01, 1.797693134862e+308, 1.7352e+00, 6.1619e-02, 
 2DIAGNOSTIC,     6, -3.959794561519e-01, 1.797693134862e+308, 1.8360e+00, 1.0081e-01, 
 2DIAGNOSTIC,     7, -3.959553462893e-01, 1.797693134862e+308, 1.8928e+00, 5.6818e-02, 
 2DIAGNOSTIC,     8, -3.959396451769e-01, 1.797693134862e+308, 1.9514e+00, 5.8534e-02, 
 2DIAGNOSTIC,     9, -3.959413818609e-01, 1.797693134862e+308, 2.0295e+00, 7.8151e-02, 
 2DIAGNOSTIC,    10, -3.959282627464e-01, 2.830206225487e-04, 2.0937e+00, 6.4175e-02, 
 2DIAGNOSTIC,    11, -3.959327865247e-01, 1.727792397839e-04, 2.1638e+00, 7.0128e-02, 
 2DIAGNOSTIC,    12, -3.959272919360e-01, 8.979966329939e-05, 2.2490e+00, 8.5161e-02, 
 2DIAGNOSTIC,    13, -3.959277111621e-01, 3.036519496476e-05, 2.3084e+00, 5.9441e-02, 
DIAGNOSTIC,Iteration,metricValue,convergenceValue,ITERATION_TIME_INDEX,SINCE_LAST
 2DIAGNOSTIC,     1, -3.190448438064e-01, 1.797693134862e+308, 3.4703e+00, 1.1619e+00, 
 2DIAGNOSTIC,     2, -3.190456162132e-01, 1.797693134862e+308, 3.9847e+00, 5.1439e-01, 
 2DIAGNOSTIC,     3, -3.190459406802e-01, 1.797693134862e+308, 4.3906e+00, 4.0597e-01, 
 2DIAGNOSTIC,     4, -3.190455095979e-01, 1.797693134862e+308, 4.7455e+00, 3.5483e-01, 
 2DIAGNOSTIC,     5, -3.190454053710e-01, 1.797693134862e+308, 5.3667e+00, 6.2117e-01, 
 2DIAGNOSTIC,     6, -3.190456849310e-01, 1.797693134862e+308, 5.7197e+00, 3.5305e-01, 
 2DIAGNOSTIC,     7, -3.190463038044e-01, 1.797693134862e+308, 6.0748e+00, 3.5510e-01, 
 2DIAGNOSTIC,     8, -3.190453724471e-01, 1.797693134862e+308, 6.5157e+00, 4.4087e-01, 
 2DIAGNOSTIC,     9, -3.190447758075e-01, 1.797693134862e+308, 6.9039e+00, 3.8826e-01, 
 2DIAGNOSTIC,    10, -3.190445462426e-01, 3.090676751721e-06, 7.2888e+00, 3.8485e-01, 
 2DIAGNOSTIC,    11, -3.190434124839e-01, 2.580015757384e-06, 7.6291e+00, 3.4029e-01, 
 2DIAGNOSTIC,    12, -3.190431775349e-01, 2.222003933017e-06, 7.9681e+00, 3.3901e-01, 
 2DIAGNOSTIC,    13, -3.190434645528e-01, 2.001101794200e-06, 8.3078e+00, 3.3976e-01, 
 2DIAGNOSTIC,    14, -3.190430124688e-01, 1.796141505556e-06, 8.6481e+00, 3.4027e-01, 
 2DIAGNOSTIC,    15, -3.190433005480e-01, 1.673308912181e-06, 9.0264e+00, 3.7831e-01, 
 2DIAGNOSTIC,    16, -3.190432230580e-01, 1.616608350505e-06, 9.4584e+00, 4.3195e-01, 
 2DIAGNOSTIC,    17, -3.190430534181e-01, 1.625432978027e-06, 9.7935e+00, 3.3508e-01, 
 2DIAGNOSTIC,    18, -3.190431336039e-01, 1.613962846189e-06, 1.0227e+01, 4.3320e-01, 
 2DIAGNOSTIC,    19, -3.190432476803e-01, 1.594757287775e-06, 1.0563e+01, 3.3671e-01, 
 2DIAGNOSTIC,    20, -3.190427165811e-01, 1.552152519402e-06, 1.0948e+01, 3.8459e-01, 
 2DIAGNOSTIC,    21, -3.190427614420e-01, 1.471900070438e-06, 1.1290e+01, 3.4164e-01, 
 2DIAGNOSTIC,    22, -3.190424161868e-01, 1.378967445169e-06, 1.1644e+01, 3.5439e-01, 
 2DIAGNOSTIC,    23, -3.190420880834e-01, 1.299398981580e-06, 1.2001e+01, 3.5750e-01, 
 2DIAGNOSTIC,    24, -3.190418798554e-01, 1.209560947318e-06, 1.2399e+01, 3.9726e-01, 
 2DIAGNOSTIC,    25, -3.190418736480e-01, 1.148053550400e-06, 1.2758e+01, 3.5920e-01, 
 2DIAGNOSTIC,    26, -3.190414208633e-01, 1.084891547695e-06, 1.3070e+01, 3.1220e-01, 
 2DIAGNOSTIC,    27, -3.190415320268e-01, 1.037753681599e-06, 1.3430e+01, 3.5961e-01, 
 2DIAGNOSTIC,    28, -3.190418434883e-01, 1.019363760152e-06, 1.3751e+01, 3.2153e-01, 
 2DIAGNOSTIC,    29, -3.190402199973e-01, 9.668983985897e-07, 1.4109e+01, 3.5793e-01, 
 2DIAGNOSTIC,    30, -3.190397543097e-01, 9.019236621097e-07, 1.4474e+01, 3.6512e-01, 
 2DIAGNOSTIC,    31, -3.190396056353e-01, 8.533996931279e-07, 1.4789e+01, 3.1439e-01, 
 2DIAGNOSTIC,    32, -3.190399610278e-01, 8.239339492760e-07, 1.5145e+01, 3.5615e-01, 
 2DIAGNOSTIC,    33, -3.190403960271e-01, 8.147191054506e-07, 1.5491e+01, 3.4568e-01, 
 2DIAGNOSTIC,    34, -3.190408990924e-01, 8.283007347371e-07, 1.5801e+01, 3.1060e-01, 
 2DIAGNOSTIC,    35, -3.190411812259e-01, 8.591005145886e-07, 1.6146e+01, 3.4492e-01, 
 2DIAGNOSTIC,    36, -3.190418416605e-01, 8.976144552086e-07, 1.6494e+01, 3.4811e-01, 
 2DIAGNOSTIC,    37, -3.190421782715e-01, 9.422785107460e-07, 1.6927e+01, 4.3265e-01, 
 2DIAGNOSTIC,    38, -3.190416856643e-01, 9.732072088278e-07, 1.7275e+01, 3.4862e-01, 
 2DIAGNOSTIC,    39, -3.190410973042e-01, 9.398576064183e-07, 1.7624e+01, 3.4880e-01, 
 2DIAGNOSTIC,    40, -3.190406026960e-01, 8.754522894464e-07, 1.7936e+01, 3.1190e-01, 
 2DIAGNOSTIC,    41, -3.190406567672e-01, 8.042359967673e-07, 1.8323e+01, 3.8732e-01, 
 2DIAGNOSTIC,    42, -3.190409075107e-01, 7.460215562423e-07, 1.8721e+01, 3.9731e-01, 
 2DIAGNOSTIC,    43, -3.190408564599e-01, 6.994381583185e-07, 1.9102e+01, 3.8109e-01, 
 2DIAGNOSTIC,    44, -3.190407675561e-01, 6.677051795044e-07, 1.9480e+01, 3.7766e-01, 
 2DIAGNOSTIC,    45, -3.190406710367e-01, 6.462109092067e-07, 1.9817e+01, 3.3703e-01, 
 2DIAGNOSTIC,    46, -3.190405949703e-01, 6.423024357521e-07, 2.0149e+01, 3.3293e-01, 
 2DIAGNOSTIC,    47, -3.190407574533e-01, 6.526230232652e-07, 2.0540e+01, 3.9034e-01, 
 2DIAGNOSTIC,    48, -3.190408625940e-01, 6.577296006172e-07, 2.0880e+01, 3.3995e-01, 
 2DIAGNOSTIC,    49, -3.190403755170e-01, 6.438930308418e-07, 2.1269e+01, 3.8881e-01, 
 2DIAGNOSTIC,    50, -3.190394176249e-01, 6.056082802360e-07, 2.1655e+01, 3.8679e-01, 
 2DIAGNOSTIC,    51, -3.190385516791e-01, 5.578398146744e-07, 2.2004e+01, 3.4852e-01, 
 2DIAGNOSTIC,    52, -3.190383797888e-01, 5.196010813904e-07, 2.2397e+01, 3.9268e-01, 
 2DIAGNOSTIC,    53, -3.190374971740e-01, 4.755919526499e-07, 2.2791e+01, 3.9475e-01, 
 2DIAGNOSTIC,    54, -3.190376894794e-01, 4.472915183310e-07, 2.3185e+01, 3.9341e-01, 
 2DIAGNOSTIC,    55, -3.190372820958e-01, 4.256067140350e-07, 2.3577e+01, 3.9187e-01, 
  Elapsed time (stage 1): 2.3895e+01


Total elapsed time: 4.8049e+01
