Running T1-THOMAS on sub-147
INFO:    Mounting image with FUSE.
Some packages in this Docker container are non-free
If you are considering commercial use of this container, please consult the relevant license:
https://fsl.fmrib.ox.ac.uk/fsl/fslwiki/Licence
THOMAS_HOME setting of /opt/thomas_new
Linux OS detected
File name OK
Running left and right thalamus MV big
All_Command_lines_OK
Using double precision for computations.
=============================================================================
The composite transform comprises the following transforms (in order): 
  1. Center of mass alignment using fixed image: sub-147_desc-preproc_T1w.nii.gz and moving image: /opt/thomas_new/origtemplate.nii.gz (type = Euler3DTransform)
=============================================================================
  number of levels = 4
  number of levels = 4
  fixed image: sub-147_desc-preproc_T1w.nii.gz
  moving image: /opt/thomas_new/origtemplate.nii.gz
  fixed image: sub-147_desc-preproc_T1w.nii.gz
  moving image: /opt/thomas_new/origtemplate.nii.gz
Dimension = 3
Number of stages = 2
Use Histogram Matching false
Winsorize image intensities false
Lower quantile = 0
Upper quantile = 1
Stage 1 State
   Image metric = Mattes
     Fixed image = Image (0x492c960)
  RTTI typeinfo:   itk::Image<double, 3u>
  Reference Count: 2
  Modified Time: 1692
  Debug: Off
  Object Name: 
  Observers: 
    none
  Source: (none)
  Source output name: (none)
  Release Data: Off
  Data Released: False
  Global Release Data: Off
  PipelineMTime: 0
  UpdateMTime: 1475
  RealTimeStamp: 0 seconds 
  LargestPossibleRegion: 
    Dimension: 3
    Index: [0, 0, 0]
    Size: [176, 256, 160]
  BufferedRegion: 
    Dimension: 3
    Index: [0, 0, 0]
    Size: [176, 256, 160]
  RequestedRegion: 
    Dimension: 3
    Index: [0, 0, 0]
    Size: [176, 256, 160]
  Spacing: [1, 1, 1]
  Origin: [91.4271, 120.469, -85.1014]
  Direction: 
-0.998723 0.00348629 -0.0504063
-0.00778894 -0.996315 0.0854169
-0.0499227 0.0857004 0.995069

  IndexToPointMatrix: 
-0.998723 0.00348629 -0.0504063
-0.00778894 -0.996315 0.0854169
-0.0499227 0.0857004 0.995069

  PointToIndexMatrix: 
-0.998723 -0.00778894 -0.0499227
0.00348629 -0.996315 0.0857004
-0.0504063 0.0854169 0.995069

  Inverse Direction: 
-0.998723 -0.00778894 -0.0499227
0.00348629 -0.996315 0.0857004
-0.0504063 0.0854169 0.995069

  PixelContainer: 
    ImportImageContainer (0x49281e0)
      RTTI typeinfo:   itk::ImportImageContainer<unsigned long, double>
      Reference Count: 1
      Modified Time: 1472
      Debug: Off
      Object Name: 
      Observers: 
        none
      Pointer: 0x14aec1bc6010
      Container manages memory: true
      Size: 7208960
      Capacity: 7208960

     Moving image = Image (0x49238c0)
  RTTI typeinfo:   itk::Image<double, 3u>
  Reference Count: 2
  Modified Time: 1693
  Debug: Off
  Object Name: 
  Observers: 
    none
  Source: (none)
  Source output name: (none)
  Release Data: Off
  Data Released: False
  Global Release Data: Off
  PipelineMTime: 0
  UpdateMTime: 1690
  RealTimeStamp: 0 seconds 
  LargestPossibleRegion: 
    Dimension: 3
    Index: [0, 0, 0]
    Size: [256, 440, 256]
  BufferedRegion: 
    Dimension: 3
    Index: [0, 0, 0]
    Size: [256, 440, 256]
  RequestedRegion: 
    Dimension: 3
    Index: [0, 0, 0]
    Size: [256, 440, 256]
  Spacing: [0.7031, 0.5, 0.7031]
  Origin: [83.5844, 59.822, -106.951]
  Direction: 
-1 0 0
0 -1 0
0 0 1

  IndexToPointMatrix: 
-0.7031 0 0
0 -0.5 0
0 0 0.7031

  PointToIndexMatrix: 
-1.42227 0 0
0 -2 0
0 0 1.42227

  Inverse Direction: 
-1 0 0
0 -1 0
0 0 1

  PixelContainer: 
    ImportImageContainer (0x4923b50)
      RTTI typeinfo:   itk::ImportImageContainer<unsigned long, double>
      Reference Count: 1
      Modified Time: 1687
      Debug: Off
      Object Name: 
      Observers: 
        none
      Pointer: 0x14aeb3fc5010
      Container manages memory: true
      Size: 28835840
      Capacity: 28835840

     Weighting = 1
     Sampling strategy = regular
     Number of bins = 32
     Radius = 4
     Sampling percentage  = 0.25
   Transform = Rigid
     Gradient step = 0.1
     Update field sigma (voxel space) = 0
     Total field sigma (voxel space) = 0
     Update field time sigma = 0
     Total field time sigma  = 0
     Number of time indices = 0
     Number of time point samples = 0
Stage 2 State
   Image metric = Mattes
     Fixed image = Image (0x4939120)
  RTTI typeinfo:   itk::Image<double, 3u>
  Reference Count: 2
  Modified Time: 2122
  Debug: Off
  Object Name: 
  Observers: 
    none
  Source: (none)
  Source output name: (none)
  Release Data: Off
  Data Released: False
  Global Release Data: Off
  PipelineMTime: 0
  UpdateMTime: 1905
  RealTimeStamp: 0 seconds 
  LargestPossibleRegion: 
    Dimension: 3
    Index: [0, 0, 0]
    Size: [176, 256, 160]
  BufferedRegion: 
    Dimension: 3
    Index: [0, 0, 0]
    Size: [176, 256, 160]
  RequestedRegion: 
    Dimension: 3
    Index: [0, 0, 0]
    Size: [176, 256, 160]
  Spacing: [1, 1, 1]
  Origin: [91.4271, 120.469, -85.1014]
  Direction: 
-0.998723 0.00348629 -0.0504063
-0.00778894 -0.996315 0.0854169
-0.0499227 0.0857004 0.995069

  IndexToPointMatrix: 
-0.998723 0.00348629 -0.0504063
-0.00778894 -0.996315 0.0854169
-0.0499227 0.0857004 0.995069

  PointToIndexMatrix: 
-0.998723 -0.00778894 -0.0499227
0.00348629 -0.996315 0.0857004
-0.0504063 0.0854169 0.995069

  Inverse Direction: 
-0.998723 -0.00778894 -0.0499227
0.00348629 -0.996315 0.0857004
-0.0504063 0.0854169 0.995069

  PixelContainer: 
    ImportImageContainer (0x49279f0)
      RTTI typeinfo:   itk::ImportImageContainer<unsigned long, double>
      Reference Count: 1
      Modified Time: 1902
      Debug: Off
      Object Name: 
      Observers: 
        none
      Pointer: 0x14aeb08c4010
      Container manages memory: true
      Size: 7208960
      Capacity: 7208960

     Moving image = Image (0x4938910)
  RTTI typeinfo:   itk::Image<double, 3u>
  Reference Count: 2
  Modified Time: 2123
  Debug: Off
  Object Name: 
  Observers: 
    none
  Source: (none)
  Source output name: (none)
  Release Data: Off
  Data Released: False
  Global Release Data: Off
  PipelineMTime: 0
  UpdateMTime: 2120
  RealTimeStamp: 0 seconds 
  LargestPossibleRegion: 
    Dimension: 3
    Index: [0, 0, 0]
    Size: [256, 440, 256]
  BufferedRegion: 
    Dimension: 3
    Index: [0, 0, 0]
    Size: [256, 440, 256]
  RequestedRegion: 
    Dimension: 3
    Index: [0, 0, 0]
    Size: [256, 440, 256]
  Spacing: [0.7031, 0.5, 0.7031]
  Origin: [83.5844, 59.822, -106.951]
  Direction: 
-1 0 0
0 -1 0
0 0 1

  IndexToPointMatrix: 
-0.7031 0 0
0 -0.5 0
0 0 0.7031

  PointToIndexMatrix: 
-1.42227 0 0
0 -2 0
0 0 1.42227

  Inverse Direction: 
-1 0 0
0 -1 0
0 0 1

  PixelContainer: 
    ImportImageContainer (0x493b5b0)
      RTTI typeinfo:   itk::ImportImageContainer<unsigned long, double>
      Reference Count: 1
      Modified Time: 2117
      Debug: Off
      Object Name: 
      Observers: 
        none
      Pointer: 0x14aea2cc3010
      Container manages memory: true
      Size: 28835840
      Capacity: 28835840

     Weighting = 1
     Sampling strategy = regular
     Number of bins = 32
     Radius = 4
     Sampling percentage  = 0.25
   Transform = Affine
     Gradient step = 0.1
     Update field sigma (voxel space) = 0
     Total field sigma (voxel space) = 0
     Update field time sigma = 0
     Total field time sigma  = 0
     Number of time indices = 0
     Number of time point samples = 0
Registration using 2 total stages.

Stage 0
  iterations = 1000x500x250x100
  convergence threshold = 5e-07
  convergence window size = 10
  number of levels = 4
  using the Mattes MI metric (number of bins = 32, weight = 1)
  Shrink factors (level 1 out of 4): [8, 8, 8]
  Shrink factors (level 2 out of 4): [4, 4, 4]
  Shrink factors (level 3 out of 4): [2, 2, 2]
  Shrink factors (level 4 out of 4): [1, 1, 1]
  smoothing sigmas per level: [3, 2, 1, 0]
  regular sampling (percentage = 0.25)

*** Running Euler3DTransform registration ***

DIAGNOSTIC,Iteration,metricValue,convergenceValue,ITERATION_TIME_INDEX,SINCE_LAST
 2DIAGNOSTIC,     1, -5.738969559030e-01, 1.797693134862e+308, 2.9174e-01, 2.9174e-01, 
 2DIAGNOSTIC,     2, -5.758879836884e-01, 1.797693134862e+308, 2.9467e-01, 2.9330e-03, 
 2DIAGNOSTIC,     3, -5.796075855784e-01, 1.797693134862e+308, 2.9766e-01, 2.9850e-03, 
 2DIAGNOSTIC,     4, -5.817610854946e-01, 1.797693134862e+308, 3.0136e-01, 3.6991e-03, 
 2DIAGNOSTIC,     5, -5.831991428178e-01, 1.797693134862e+308, 3.0457e-01, 3.2179e-03, 
 2DIAGNOSTIC,     6, -5.844544821856e-01, 1.797693134862e+308, 3.0756e-01, 2.9910e-03, 
 2DIAGNOSTIC,     7, -5.885951067942e-01, 1.797693134862e+308, 3.1079e-01, 3.2241e-03, 
 2DIAGNOSTIC,     8, -6.031793718207e-01, 1.797693134862e+308, 3.1543e-01, 4.6391e-03, 
 2DIAGNOSTIC,     9, -6.113758455514e-01, 1.797693134862e+308, 3.1892e-01, 3.4940e-03, 
 2DIAGNOSTIC,    10, -6.125425709369e-01, 4.323170769690e-03, 3.2450e-01, 5.5730e-03, 
 2DIAGNOSTIC,    11, -6.133053669027e-01, 4.238862592959e-03, 3.2812e-01, 3.6242e-03, 
 2DIAGNOSTIC,    12, -6.139044779299e-01, 3.891042340419e-03, 3.3113e-01, 3.0088e-03, 
 2DIAGNOSTIC,    13, -6.174411013530e-01, 3.502051580223e-03, 3.3465e-01, 3.5231e-03, 
 2DIAGNOSTIC,    14, -6.211795690641e-01, 3.044470584268e-03, 3.3781e-01, 3.1610e-03, 
 2DIAGNOSTIC,    15, -6.245902593918e-01, 2.530219768779e-03, 3.4350e-01, 5.6882e-03, 
 2DIAGNOSTIC,    16, -6.256977372831e-01, 1.926488965112e-03, 3.4758e-01, 4.0772e-03, 
 2DIAGNOSTIC,    17, -6.258021201180e-01, 1.330562781277e-03, 3.5052e-01, 2.9402e-03, 
 2DIAGNOSTIC,    18, -6.258736373864e-01, 1.058572602362e-03, 3.5335e-01, 2.8369e-03, 
 2DIAGNOSTIC,    19, -6.259503234925e-01, 9.210130963906e-04, 3.5649e-01, 3.1331e-03, 
 2DIAGNOSTIC,    20, -6.261693332305e-01, 7.441339068264e-04, 3.6119e-01, 4.7069e-03, 
 2DIAGNOSTIC,    21, -6.262052563173e-01, 5.345232130037e-04, 3.6505e-01, 3.8550e-03, 
 2DIAGNOSTIC,    22, -6.263106311488e-01, 3.097529964932e-04, 3.6833e-01, 3.2809e-03, 
 2DIAGNOSTIC,    23, -6.263617841302e-01, 1.481755121383e-04, 3.7250e-01, 4.1740e-03, 
 2DIAGNOSTIC,    24, -6.263219720111e-01, 5.695909550319e-05, 3.7550e-01, 2.9910e-03, 
 2DIAGNOSTIC,    25, -6.263496951277e-01, 3.156142575497e-05, 3.7863e-01, 3.1300e-03, 
 2DIAGNOSTIC,    26, -6.264394526088e-01, 2.670686830278e-05, 3.8165e-01, 3.0260e-03, 
 2DIAGNOSTIC,    27, -6.264181308553e-01, 2.121302299315e-05, 3.8524e-01, 3.5851e-03, 
 2DIAGNOSTIC,    28, -6.265147834991e-01, 1.706083462507e-05, 3.9042e-01, 5.1870e-03, 
 2DIAGNOSTIC,    29, -6.265227974209e-01, 1.297261849474e-05, 3.9330e-01, 2.8720e-03, 
 2DIAGNOSTIC,    30, -6.265305624916e-01, 1.156602440684e-05, 3.9656e-01, 3.2601e-03, 
 2DIAGNOSTIC,    31, -6.265533546467e-01, 1.009174702725e-05, 3.9945e-01, 2.8970e-03, 
 2DIAGNOSTIC,    32, -6.265663742753e-01, 9.536481517004e-06, 4.0299e-01, 3.5410e-03, 
 2DIAGNOSTIC,    33, -6.265725527215e-01, 9.031646379845e-06, 4.0713e-01, 4.1330e-03, 
 2DIAGNOSTIC,    34, -6.265905332852e-01, 7.493185879351e-06, 4.1106e-01, 3.9361e-03, 
 2DIAGNOSTIC,    35, -6.267923928870e-01, 8.433627035759e-06, 4.1443e-01, 3.3710e-03, 
 2DIAGNOSTIC,    36, -6.271709081443e-01, 1.456704755134e-05, 4.1801e-01, 3.5720e-03, 
 2DIAGNOSTIC,    37, -6.272011296359e-01, 1.903660599486e-05, 4.2096e-01, 2.9531e-03, 
 2DIAGNOSTIC,    38, -6.272202893293e-01, 2.302980188776e-05, 4.2450e-01, 3.5400e-03, 
 2DIAGNOSTIC,    39, -6.271999672387e-01, 2.461733552970e-05, 4.2862e-01, 4.1199e-03, 
 2DIAGNOSTIC,    40, -6.273215054745e-01, 2.530138527328e-05, 4.3143e-01, 2.8121e-03, 
 2DIAGNOSTIC,    41, -6.273663380887e-01, 2.425564307307e-05, 4.3464e-01, 3.2139e-03, 
 2DIAGNOSTIC,    42, -6.273047894150e-01, 2.050132034977e-05, 4.3865e-01, 4.0071e-03, 
 2DIAGNOSTIC,    43, -6.273161562253e-01, 1.535683866517e-05, 4.4143e-01, 2.7750e-03, 
 2DIAGNOSTIC,    44, -6.274030893527e-01, 1.013923682442e-05, 4.4420e-01, 2.7702e-03, 
 2DIAGNOSTIC,    45, -6.281565895746e-01, 1.386963823146e-05, 4.4700e-01, 2.8019e-03, 
 2DIAGNOSTIC,    46, -6.285979170578e-01, 2.415457382642e-05, 4.5099e-01, 3.9959e-03, 
 2DIAGNOSTIC,    47, -6.288443290289e-01, 3.445567731794e-05, 4.5451e-01, 3.5150e-03, 
 2DIAGNOSTIC,    48, -6.291217529901e-01, 4.405243563746e-05, 4.5921e-01, 4.6980e-03, 
 2DIAGNOSTIC,    49, -6.291539680139e-01, 4.915027541713e-05, 4.6263e-01, 3.4211e-03, 
 2DIAGNOSTIC,    50, -6.290853582855e-01, 4.978779737386e-05, 4.6534e-01, 2.7111e-03, 
 2DIAGNOSTIC,    51, -6.290649746608e-01, 4.590009277222e-05, 4.6816e-01, 2.8219e-03, 
 2DIAGNOSTIC,    52, -6.291031459202e-01, 3.767350634761e-05, 4.7116e-01, 2.9960e-03, 
 2DIAGNOSTIC,    53, -6.291592409591e-01, 2.684033110689e-05, 4.7406e-01, 2.8980e-03, 
 2DIAGNOSTIC,    54, -6.292511978203e-01, 1.528918354596e-05, 4.7758e-01, 3.5281e-03, 
 2DIAGNOSTIC,    55, -6.293384428273e-01, 9.721545599854e-06, 4.8149e-01, 3.9091e-03, 
 2DIAGNOSTIC,    56, -6.293650708983e-01, 7.284479985575e-06, 4.8539e-01, 3.8960e-03, 
 2DIAGNOSTIC,    57, -6.293382829374e-01, 5.994589395857e-06, 4.8832e-01, 2.9340e-03, 
 2DIAGNOSTIC,    58, -6.292639048504e-01, 5.824840051911e-06, 4.9110e-01, 2.7740e-03, 
 2DIAGNOSTIC,    59, -6.293070161308e-01, 5.758858531702e-06, 4.9383e-01, 2.7330e-03, 
 2DIAGNOSTIC,    60, -6.294244810042e-01, 5.547645510359e-06, 4.9675e-01, 2.9190e-03, 
 2DIAGNOSTIC,    61, -6.295262302212e-01, 5.445071887850e-06, 5.0027e-01, 3.5210e-03, 
 2DIAGNOSTIC,    62, -6.296971664092e-01, 6.422787715673e-06, 5.0319e-01, 2.9230e-03, 
 2DIAGNOSTIC,    63, -6.300193181509e-01, 9.536989886618e-06, 5.0669e-01, 3.4919e-03, 
 2DIAGNOSTIC,    64, -6.301653683326e-01, 1.332129405552e-05, 5.1168e-01, 4.9989e-03, 
 2DIAGNOSTIC,    65, -6.301559566187e-01, 1.628480763389e-05, 5.1456e-01, 2.8739e-03, 
 2DIAGNOSTIC,    66, -6.301887390345e-01, 1.808342138068e-05, 5.1795e-01, 3.3891e-03, 
 2DIAGNOSTIC,    67, -6.301563626279e-01, 1.773843804425e-05, 5.2097e-01, 3.0239e-03, 
 2DIAGNOSTIC,    68, -6.302420211832e-01, 1.579238355020e-05, 5.2420e-01, 3.2341e-03, 
 2DIAGNOSTIC,    69, -6.302611371256e-01, 1.280439817157e-05, 5.2767e-01, 3.4699e-03, 
 2DIAGNOSTIC,    70, -6.303088148018e-01, 9.817130080282e-06, 5.3060e-01, 2.9230e-03, 
 2DIAGNOSTIC,    71, -6.302996139743e-01, 6.616662635189e-06, 5.3421e-01, 3.6080e-03, 
 2DIAGNOSTIC,    72, -6.305570407443e-01, 5.589868781774e-06, 5.3740e-01, 3.1972e-03, 
 2DIAGNOSTIC,    73, -6.314249918516e-01, 1.146874318005e-05, 5.4180e-01, 4.3969e-03, 
 2DIAGNOSTIC,    74, -6.314334901698e-01, 1.693725159650e-05, 5.4508e-01, 3.2790e-03, 
 2DIAGNOSTIC,    75, -6.315093045903e-01, 2.115281758876e-05, 5.4915e-01, 4.0679e-03, 
 2DIAGNOSTIC,    76, -6.316598583718e-01, 2.443743141412e-05, 5.5193e-01, 2.7812e-03, 
 2DIAGNOSTIC,    77, -6.317156261962e-01, 2.538344917609e-05, 5.5466e-01, 2.7342e-03, 
 2DIAGNOSTIC,    78, -6.317646737732e-01, 2.459916159808e-05, 5.5887e-01, 4.2031e-03, 
 2DIAGNOSTIC,    79, -6.318290699740e-01, 2.198633437413e-05, 5.6176e-01, 2.8920e-03, 
 2DIAGNOSTIC,    80, -6.318879201256e-01, 1.805061775215e-05, 5.6487e-01, 3.1090e-03, 
 2DIAGNOSTIC,    81, -6.321181295625e-01, 1.375379468645e-05, 5.6982e-01, 4.9541e-03, 
 2DIAGNOSTIC,    82, -6.322072351438e-01, 1.003308278686e-05, 5.7270e-01, 2.8789e-03, 
 2DIAGNOSTIC,    83, -6.323012326680e-01, 1.077319250428e-05, 5.7545e-01, 2.7530e-03, 
 2DIAGNOSTIC,    84, -6.323562450029e-01, 1.084309431574e-05, 5.7890e-01, 3.4471e-03, 
 2DIAGNOSTIC,    85, -6.324492920763e-01, 1.078486925379e-05, 5.8239e-01, 3.4878e-03, 
 2DIAGNOSTIC,    86, -6.324892770696e-01, 1.070616300939e-05, 5.8633e-01, 3.9389e-03, 
 2DIAGNOSTIC,    87, -6.324664288351e-01, 9.795006994971e-06, 5.8971e-01, 3.3829e-03, 
 2DIAGNOSTIC,    88, -6.324406420286e-01, 8.130331416372e-06, 5.9253e-01, 2.8238e-03, 
 2DIAGNOSTIC,    89, -6.325192619273e-01, 6.495127518680e-06, 5.9611e-01, 3.5782e-03, 
 2DIAGNOSTIC,    90, -6.325216412843e-01, 4.568689160097e-06, 5.9928e-01, 3.1641e-03, 
 2DIAGNOSTIC,    91, -6.325882906707e-01, 3.758415554930e-06, 6.0260e-01, 3.3209e-03, 
 2DIAGNOSTIC,    92, -6.328355606501e-01, 4.297525733374e-06, 6.0734e-01, 4.7450e-03, 
 2DIAGNOSTIC,    93, -6.331022702952e-01, 6.180208530437e-06, 6.1022e-01, 2.8789e-03, 
 2DIAGNOSTIC,    94, -6.331818773618e-01, 8.074034684774e-06, 6.1377e-01, 3.5501e-03, 
 2DIAGNOSTIC,    95, -6.331687313097e-01, 9.574232332707e-06, 6.1677e-01, 3.0029e-03, 
 2DIAGNOSTIC,    96, -6.332356318295e-01, 1.068045728820e-05, 6.2008e-01, 3.3112e-03, 
 2DIAGNOSTIC,    97, -6.336546288444e-01, 1.259927146095e-05, 6.2403e-01, 3.9430e-03, 
 2DIAGNOSTIC,    98, -6.336226869408e-01, 1.293820271217e-05, 6.2767e-01, 3.6409e-03, 
 2DIAGNOSTIC,    99, -6.336259854537e-01, 1.246957988432e-05, 6.4049e-01, 1.2824e-02, 
 2DIAGNOSTIC,   100, -6.336259854431e-01, 1.089750747892e-05, 6.5296e-01, 1.2471e-02, 
 2DIAGNOSTIC,   101, -6.336259854431e-01, 8.607313555828e-06, 6.5733e-01, 4.3690e-03, 
 2DIAGNOSTIC,   102, -6.336259854431e-01, 6.599571714045e-06, 6.6094e-01, 3.6039e-03, 
 2DIAGNOSTIC,   103, -6.336259854431e-01, 5.189319085665e-06, 6.6442e-01, 3.4800e-03, 
 2DIAGNOSTIC,   104, -6.336259854431e-01, 3.717471049162e-06, 6.6794e-01, 3.5250e-03, 
 2DIAGNOSTIC,   105, -6.336259854431e-01, 1.898291680312e-06, 6.7141e-01, 3.4740e-03, 
DIAGNOSTIC,Iteration,metricValue,convergenceValue,ITERATION_TIME_INDEX,SINCE_LAST
 2DIAGNOSTIC,     1, -5.126714234834e-01, 1.797693134862e+308, 9.7838e-01, 3.0697e-01, 
 2DIAGNOSTIC,     2, -5.089323044817e-01, 1.797693134862e+308, 9.8461e-01, 6.2261e-03, 
 2DIAGNOSTIC,     3, -5.100791232573e-01, 1.797693134862e+308, 9.9070e-01, 6.0899e-03, 
 2DIAGNOSTIC,     4, -5.112037529318e-01, 1.797693134862e+308, 9.9718e-01, 6.4809e-03, 
 2DIAGNOSTIC,     5, -5.122448525973e-01, 1.797693134862e+308, 1.0033e+00, 6.1710e-03, 
 2DIAGNOSTIC,     6, -5.125240710395e-01, 1.797693134862e+308, 1.0096e+00, 6.2201e-03, 
 2DIAGNOSTIC,     7, -5.134224353907e-01, 1.797693134862e+308, 1.0164e+00, 6.7840e-03, 
 2DIAGNOSTIC,     8, -5.144391397072e-01, 1.797693134862e+308, 1.0249e+00, 8.5239e-03, 
 2DIAGNOSTIC,     9, -5.155175266114e-01, 1.797693134862e+308, 1.0342e+00, 9.3150e-03, 
 2DIAGNOSTIC,    10, -5.156421484442e-01, 7.164767423476e-04, 1.0406e+00, 6.4511e-03, 
 2DIAGNOSTIC,    11, -5.164730441780e-01, 8.390465006749e-04, 1.0500e+00, 9.3720e-03, 
 2DIAGNOSTIC,    12, -5.166303930424e-01, 6.995993004839e-04, 1.0567e+00, 6.6972e-03, 
 2DIAGNOSTIC,    13, -5.166569057640e-01, 5.674128947803e-04, 1.0631e+00, 6.4290e-03, 
 2DIAGNOSTIC,    14, -5.167158997117e-01, 4.489109341828e-04, 1.0702e+00, 7.0522e-03, 
 2DIAGNOSTIC,    15, -5.167276258090e-01, 3.447611924589e-04, 1.0773e+00, 7.1490e-03, 
 2DIAGNOSTIC,    16, -5.167105672384e-01, 2.309915679676e-04, 1.0838e+00, 6.4361e-03, 
 2DIAGNOSTIC,    17, -5.167163014113e-01, 1.383838371223e-04, 1.0908e+00, 7.0360e-03, 
 2DIAGNOSTIC,    18, -5.166940526269e-01, 7.349503498654e-05, 1.0979e+00, 7.0779e-03, 
 2DIAGNOSTIC,    19, -5.166944365144e-01, 4.042173123474e-05, 1.1057e+00, 7.8490e-03, 
 2DIAGNOSTIC,    20, -5.166787630875e-01, 9.469184434653e-06, 1.1133e+00, 7.5662e-03, 
 2DIAGNOSTIC,    21, -5.166760407921e-01, 2.439257764351e-06, 1.1198e+00, 6.4991e-03, 
DIAGNOSTIC,Iteration,metricValue,convergenceValue,ITERATION_TIME_INDEX,SINCE_LAST
 2DIAGNOSTIC,     1, -4.176191495463e-01, 1.797693134862e+308, 1.5549e+00, 4.3505e-01, 
 2DIAGNOSTIC,     2, -4.177163308313e-01, 1.797693134862e+308, 1.6066e+00, 5.1758e-02, 
 2DIAGNOSTIC,     3, -4.177474402696e-01, 1.797693134862e+308, 1.6575e+00, 5.0876e-02, 
 2DIAGNOSTIC,     4, -4.177502384273e-01, 1.797693134862e+308, 1.7006e+00, 4.3089e-02, 
 2DIAGNOSTIC,     5, -4.177609872179e-01, 1.797693134862e+308, 1.7434e+00, 4.2857e-02, 
 2DIAGNOSTIC,     6, -4.178142196922e-01, 1.797693134862e+308, 1.7937e+00, 5.0242e-02, 
 2DIAGNOSTIC,     7, -4.179016141126e-01, 1.797693134862e+308, 1.8430e+00, 4.9322e-02, 
 2DIAGNOSTIC,     8, -4.181319802304e-01, 1.797693134862e+308, 1.8914e+00, 4.8374e-02, 
 2DIAGNOSTIC,     9, -4.184283855204e-01, 1.797693134862e+308, 1.9472e+00, 5.5853e-02, 
 2DIAGNOSTIC,    10, -4.185514429599e-01, 1.326426666398e-04, 1.9966e+00, 4.9327e-02, 
 2DIAGNOSTIC,    11, -4.186421654529e-01, 1.445620754340e-04, 2.0456e+00, 4.9036e-02, 
 2DIAGNOSTIC,    12, -4.186583036158e-01, 1.482386503707e-04, 2.0950e+00, 4.9418e-02, 
 2DIAGNOSTIC,    13, -4.186558359855e-01, 1.396101876993e-04, 2.1501e+00, 5.5094e-02, 
 2DIAGNOSTIC,    14, -4.186505622697e-01, 1.195017303734e-04, 2.2000e+00, 4.9947e-02, 
 2DIAGNOSTIC,    15, -4.186504692787e-01, 9.186516654459e-05, 2.2508e+00, 5.0715e-02, 
 2DIAGNOSTIC,    16, -4.186502543451e-01, 6.183514700719e-05, 2.3012e+00, 5.0477e-02, 
 2DIAGNOSTIC,    17, -4.186491321489e-01, 3.321274729823e-05, 2.3514e+00, 5.0125e-02, 
 2DIAGNOSTIC,    18, -4.186519953907e-01, 1.347515175149e-05, 2.4017e+00, 5.0338e-02, 
 2DIAGNOSTIC,    19, -4.186467538360e-01, 5.067232564333e-06, 2.4688e+00, 6.7051e-02, 
 2DIAGNOSTIC,    20, -4.186464271693e-01, 1.278371515714e-06, 2.5175e+00, 4.8715e-02, 
 2DIAGNOSTIC,    21, -4.186460141149e-01, 7.829730094833e-07, 2.5657e+00, 4.8227e-02, 
 2DIAGNOSTIC,    22, -4.186443217949e-01, 8.452516647578e-07, 2.6089e+00, 4.3195e-02, 
 2DIAGNOSTIC,    23, -4.186448482695e-01, 9.058099707596e-07, 2.6583e+00, 4.9396e-02, 
 2DIAGNOSTIC,    24, -4.186452343497e-01, 8.683168754020e-07, 2.7097e+00, 5.1380e-02, 
 2DIAGNOSTIC,    25, -4.186445803575e-01, 8.574551325080e-07, 2.7585e+00, 4.8813e-02, 
 2DIAGNOSTIC,    26, -4.186439678891e-01, 8.656417576636e-07, 2.8019e+00, 4.3380e-02, 
 2DIAGNOSTIC,    27, -4.186436298654e-01, 8.675781670089e-07, 2.8446e+00, 4.2692e-02, 
 2DIAGNOSTIC,    28, -4.186456583179e-01, 1.020497263353e-06, 2.8884e+00, 4.3810e-02, 
 2DIAGNOSTIC,    29, -4.186471928636e-01, 1.084638130977e-06, 2.9327e+00, 4.4362e-02, 
 2DIAGNOSTIC,    30, -4.186509133580e-01, 1.222262638378e-06, 2.9825e+00, 4.9803e-02, 
 2DIAGNOSTIC,    31, -4.186525540771e-01, 1.363076236383e-06, 3.0506e+00, 6.8044e-02, 
 2DIAGNOSTIC,    32, -4.186498577832e-01, 1.370104617808e-06, 3.1003e+00, 4.9724e-02, 
 2DIAGNOSTIC,    33, -4.186492138724e-01, 1.340521882102e-06, 3.1554e+00, 5.5147e-02, 
 2DIAGNOSTIC,    34, -4.186474710448e-01, 1.249294614872e-06, 3.1993e+00, 4.3867e-02, 
 2DIAGNOSTIC,    35, -4.186469083318e-01, 1.109326309302e-06, 3.2492e+00, 4.9914e-02, 
 2DIAGNOSTIC,    36, -4.186472008913e-01, 9.523111314351e-07, 3.2992e+00, 4.9981e-02, 
 2DIAGNOSTIC,    37, -4.186463003517e-01, 7.749054105576e-07, 3.3487e+00, 4.9471e-02, 
 2DIAGNOSTIC,    38, -4.186453540405e-01, 6.356440612303e-07, 3.3916e+00, 4.2955e-02, 
 2DIAGNOSTIC,    39, -4.186457676319e-01, 5.553652490838e-07, 3.4352e+00, 4.3565e-02, 
 2DIAGNOSTIC,    40, -4.186450746790e-01, 5.534435693275e-07, 3.4851e+00, 4.9855e-02, 
 2DIAGNOSTIC,    41, -4.186444139836e-01, 5.918029653065e-07, 3.5348e+00, 4.9794e-02, 
 2DIAGNOSTIC,    42, -4.186437597929e-01, 5.921366802372e-07, 3.5784e+00, 4.3546e-02, 
 2DIAGNOSTIC,    43, -4.186430551878e-01, 5.880025417196e-07, 3.6219e+00, 4.3497e-02, 
 2DIAGNOSTIC,    44, -4.186448000665e-01, 5.987087657276e-07, 3.6729e+00, 5.1023e-02, 
 2DIAGNOSTIC,    45, -4.186455557817e-01, 6.223849380663e-07, 3.7218e+00, 4.8845e-02, 
 2DIAGNOSTIC,    46, -4.186440164579e-01, 6.351098183581e-07, 3.7651e+00, 4.3334e-02, 
 2DIAGNOSTIC,    47, -4.186419599711e-01, 6.117043405730e-07, 3.8101e+00, 4.4984e-02, 
 2DIAGNOSTIC,    48, -4.186445326309e-01, 6.189561549859e-07, 3.8543e+00, 4.4229e-02, 
 2DIAGNOSTIC,    49, -4.186447584107e-01, 6.368829538021e-07, 3.9041e+00, 4.9843e-02, 
 2DIAGNOSTIC,    50, -4.186442822027e-01, 6.391015467330e-07, 3.9483e+00, 4.4195e-02, 
 2DIAGNOSTIC,    51, -4.186430302173e-01, 6.172094157916e-07, 4.0051e+00, 5.6755e-02, 
 2DIAGNOSTIC,    52, -4.186441174211e-01, 6.040004673635e-07, 4.0554e+00, 5.0269e-02, 
 2DIAGNOSTIC,    53, -4.186414629451e-01, 5.470068508359e-07, 4.0982e+00, 4.2821e-02, 
 2DIAGNOSTIC,    54, -4.186403274641e-01, 5.047001310488e-07, 4.1479e+00, 4.9731e-02, 
DIAGNOSTIC,Iteration,metricValue,convergenceValue,ITERATION_TIME_INDEX,SINCE_LAST
 2DIAGNOSTIC,     1, -3.426713255636e-01, 1.797693134862e+308, 5.3138e+00, 1.1658e+00, 
 2DIAGNOSTIC,     2, -3.426706724139e-01, 1.797693134862e+308, 5.6158e+00, 3.0199e-01, 
 2DIAGNOSTIC,     3, -3.426702209668e-01, 1.797693134862e+308, 5.9117e+00, 2.9592e-01, 
 2DIAGNOSTIC,     4, -3.426702185747e-01, 1.797693134862e+308, 6.3461e+00, 4.3445e-01, 
 2DIAGNOSTIC,     5, -3.426701638563e-01, 1.797693134862e+308, 6.6758e+00, 3.2972e-01, 
 2DIAGNOSTIC,     6, -3.426701213907e-01, 1.797693134862e+308, 6.9697e+00, 2.9381e-01, 
 2DIAGNOSTIC,     7, -3.426700533529e-01, 1.797693134862e+308, 7.2349e+00, 2.6526e-01, 
 2DIAGNOSTIC,     8, -3.426700371445e-01, 1.797693134862e+308, 7.5355e+00, 3.0054e-01, 
 2DIAGNOSTIC,     9, -3.426698316235e-01, 1.797693134862e+308, 7.8356e+00, 3.0014e-01, 
 2DIAGNOSTIC,    10, -3.426696476376e-01, 2.963225678554e-06, 8.1022e+00, 2.6664e-01, 
 2DIAGNOSTIC,    11, -3.426694890354e-01, 2.739025339274e-06, 8.3664e+00, 2.6416e-01, 
 2DIAGNOSTIC,    12, -3.426695530865e-01, 2.526028510447e-06, 8.7032e+00, 3.3685e-01, 
 2DIAGNOSTIC,    13, -3.426695042459e-01, 2.324721214725e-06, 9.0006e+00, 2.9737e-01, 
 2DIAGNOSTIC,    14, -3.426694482122e-01, 2.160031651072e-06, 9.2961e+00, 2.9545e-01, 
 2DIAGNOSTIC,    15, -3.426693862506e-01, 2.021451991144e-06, 9.5590e+00, 2.6290e-01, 
 2DIAGNOSTIC,    16, -3.426692493859e-01, 1.900091326140e-06, 9.8916e+00, 3.3263e-01, 
 2DIAGNOSTIC,    17, -3.426692865975e-01, 1.799458791425e-06, 1.0192e+01, 3.0003e-01, 
 2DIAGNOSTIC,    18, -3.426691879135e-01, 1.711253755414e-06, 1.0491e+01, 2.9948e-01, 
 2DIAGNOSTIC,    19, -3.426690891025e-01, 1.624531801594e-06, 1.0755e+01, 2.6396e-01, 
 2DIAGNOSTIC,    20, -3.426689944079e-01, 1.539895166325e-06, 1.1055e+01, 3.0005e-01, 
 2DIAGNOSTIC,    21, -3.426690111874e-01, 1.462390679746e-06, 1.1359e+01, 3.0373e-01, 
 2DIAGNOSTIC,    22, -3.426687881653e-01, 1.390705665662e-06, 1.1618e+01, 2.5894e-01, 
 2DIAGNOSTIC,    23, -3.426688435205e-01, 1.330853788575e-06, 1.1911e+01, 2.9302e-01, 
 2DIAGNOSTIC,    24, -3.426687564353e-01, 1.275905402387e-06, 1.2177e+01, 2.6652e-01, 
 2DIAGNOSTIC,    25, -3.426687070930e-01, 1.226448039494e-06, 1.2440e+01, 2.6225e-01, 
 2DIAGNOSTIC,    26, -3.426688469174e-01, 1.185156695498e-06, 1.2741e+01, 3.0111e-01, 
 2DIAGNOSTIC,    27, -3.426689862847e-01, 1.155880899710e-06, 1.3044e+01, 3.0351e-01, 
 2DIAGNOSTIC,    28, -3.426689405283e-01, 1.126490710414e-06, 1.3306e+01, 2.6181e-01, 
 2DIAGNOSTIC,    29, -3.426689766826e-01, 1.098411160701e-06, 1.3603e+01, 2.9733e-01, 
 2DIAGNOSTIC,    30, -3.426692919445e-01, 1.078131279975e-06, 1.3902e+01, 2.9824e-01, 
 2DIAGNOSTIC,    31, -3.426691769394e-01, 1.054676105297e-06, 1.4161e+01, 2.5906e-01, 
 2DIAGNOSTIC,    32, -3.426691674026e-01, 1.023993454981e-06, 1.4457e+01, 2.9597e-01, 
 2DIAGNOSTIC,    33, -3.426693179894e-01, 9.977160258662e-07, 1.4758e+01, 3.0146e-01, 
 2DIAGNOSTIC,    34, -3.426691011721e-01, 9.623020238367e-07, 1.5057e+01, 2.9858e-01, 
 2DIAGNOSTIC,    35, -3.426689457012e-01, 9.215140982718e-07, 1.5324e+01, 2.6723e-01, 
 2DIAGNOSTIC,    36, -3.426689142631e-01, 8.843111472950e-07, 1.5619e+01, 2.9551e-01, 
 2DIAGNOSTIC,    37, -3.426694339234e-01, 8.638786312860e-07, 1.5919e+01, 2.9933e-01, 
 2DIAGNOSTIC,    38, -3.426689103880e-01, 8.312957363414e-07, 1.6212e+01, 2.9289e-01, 
 2DIAGNOSTIC,    39, -3.426690799352e-01, 8.056052684183e-07, 1.6608e+01, 3.9600e-01, 
 2DIAGNOSTIC,    40, -3.426690182998e-01, 7.875502007100e-07, 1.6899e+01, 2.9091e-01, 
 2DIAGNOSTIC,    41, -3.426689560854e-01, 7.673834357264e-07, 1.7198e+01, 2.9975e-01, 
 2DIAGNOSTIC,    42, -3.426687573013e-01, 7.446281377402e-07, 1.7492e+01, 2.9342e-01, 
 2DIAGNOSTIC,    43, -3.426685795397e-01, 7.238953398936e-07, 1.7826e+01, 3.3444e-01, 
 2DIAGNOSTIC,    44, -3.426684904958e-01, 7.001123329860e-07, 1.8087e+01, 2.6107e-01, 
 2DIAGNOSTIC,    45, -3.426683124427e-01, 6.733578265875e-07, 1.8351e+01, 2.6400e-01, 
 2DIAGNOSTIC,    46, -3.426684026601e-01, 6.517586630186e-07, 1.8617e+01, 2.6541e-01, 
 2DIAGNOSTIC,    47, -3.426684221089e-01, 6.446479636213e-07, 1.8876e+01, 2.5912e-01, 
 2DIAGNOSTIC,    48, -3.426686798887e-01, 6.362363614634e-07, 1.9144e+01, 2.6825e-01, 
 2DIAGNOSTIC,    49, -3.426687954246e-01, 6.354442159233e-07, 1.9476e+01, 3.3185e-01, 
 2DIAGNOSTIC,    50, -3.426687365212e-01, 6.339945027231e-07, 1.9776e+01, 2.9989e-01, 
 2DIAGNOSTIC,    51, -3.426689017632e-01, 6.346258373396e-07, 2.0038e+01, 2.6205e-01, 
 2DIAGNOSTIC,    52, -3.426686572110e-01, 6.270509830958e-07, 2.0336e+01, 2.9782e-01, 
 2DIAGNOSTIC,    53, -3.426682981396e-01, 6.099697463166e-07, 2.0632e+01, 2.9638e-01, 
 2DIAGNOSTIC,    54, -3.426683575551e-01, 5.923392160066e-07, 2.0992e+01, 3.5982e-01, 
 2DIAGNOSTIC,    55, -3.426682800626e-01, 5.710583975797e-07, 2.1288e+01, 2.9648e-01, 
 2DIAGNOSTIC,    56, -3.426680518752e-01, 5.491939430620e-07, 2.1583e+01, 2.9491e-01, 
 2DIAGNOSTIC,    57, -3.426679620132e-01, 5.289473699009e-07, 2.1848e+01, 2.6521e-01, 
 2DIAGNOSTIC,    58, -3.426678867990e-01, 5.148658707987e-07, 2.2114e+01, 2.6524e-01, 
 2DIAGNOSTIC,    59, -3.426679592188e-01, 5.071002042167e-07, 2.2380e+01, 2.6594e-01, 
 2DIAGNOSTIC,    60, -3.426682172843e-01, 5.052072114993e-07, 2.2677e+01, 2.9713e-01, 
 2DIAGNOSTIC,    61, -3.426683601929e-01, 5.099725742426e-07, 2.2975e+01, 2.9854e-01, 
 2DIAGNOSTIC,    62, -3.426682218492e-01, 5.107375642306e-07, 2.3279e+01, 3.0399e-01, 
 2DIAGNOSTIC,    63, -3.426681956357e-01, 5.066936577085e-07, 2.3536e+01, 2.5715e-01, 
 2DIAGNOSTIC,    64, -3.426681850440e-01, 5.032055981694e-07, 2.3870e+01, 3.3397e-01, 
  Elapsed time (stage 0): 2.4151e+01


Stage 1
  iterations = 1000x500x250x100
  convergence threshold = 4.0000e-07
  convergence window size = 10
  number of levels = 4
  using the Mattes MI metric (number of bins = 32, weight = 1.0000e+00)
  Shrink factors (level 1 out of 4): [8, 8, 8]
  Shrink factors (level 2 out of 4): [4, 4, 4]
  Shrink factors (level 3 out of 4): [2, 2, 2]
  Shrink factors (level 4 out of 4): [1, 1, 1]
  smoothing sigmas per level: [3, 2, 1, 0]
  regular sampling (percentage = 2.5000e-01)

*** Running AffineTransform registration ***

DIAGNOSTIC,Iteration,metricValue,convergenceValue,ITERATION_TIME_INDEX,SINCE_LAST
 2DIAGNOSTIC,     1, -6.267663343674e-01, 1.797693134862e+308, 3.0841e-01, 3.0841e-01, 
 2DIAGNOSTIC,     2, -6.282641838604e-01, 1.797693134862e+308, 3.1155e-01, 3.1431e-03, 
 2DIAGNOSTIC,     3, -6.307301650768e-01, 1.797693134862e+308, 3.1444e-01, 2.8908e-03, 
 2DIAGNOSTIC,     4, -6.319987001967e-01, 1.797693134862e+308, 3.1720e-01, 2.7549e-03, 
 2DIAGNOSTIC,     5, -6.382842127356e-01, 1.797693134862e+308, 3.2021e-01, 3.0100e-03, 
 2DIAGNOSTIC,     6, -6.486269807662e-01, 1.797693134862e+308, 3.2476e-01, 4.5581e-03, 
 2DIAGNOSTIC,     7, -6.626530461379e-01, 1.797693134862e+308, 3.3084e-01, 6.0792e-03, 
 2DIAGNOSTIC,     8, -6.629384683950e-01, 1.797693134862e+308, 3.3378e-01, 2.9368e-03, 
 2DIAGNOSTIC,     9, -6.641000407163e-01, 1.797693134862e+308, 3.3686e-01, 3.0751e-03, 
 2DIAGNOSTIC,    10, -6.659663321859e-01, 4.804561222237e-03, 3.3967e-01, 2.8090e-03, 
 2DIAGNOSTIC,    11, -6.681994517775e-01, 4.272293971334e-03, 3.4273e-01, 3.0661e-03, 
 2DIAGNOSTIC,    12, -6.706794087987e-01, 3.584121430164e-03, 3.4594e-01, 3.2060e-03, 
 2DIAGNOSTIC,    13, -6.739683917918e-01, 2.878793493566e-03, 3.5076e-01, 4.8239e-03, 
 2DIAGNOSTIC,    14, -6.753091312454e-01, 2.101210968920e-03, 3.5389e-01, 3.1290e-03, 
 2DIAGNOSTIC,    15, -6.756857926377e-01, 1.428403834941e-03, 3.5700e-01, 3.1099e-03, 
 2DIAGNOSTIC,    16, -6.773333588595e-01, 1.025904363817e-03, 3.6055e-01, 3.5491e-03, 
 2DIAGNOSTIC,    17, -6.781768466125e-01, 9.548729439348e-04, 3.6500e-01, 4.4529e-03, 
 2DIAGNOSTIC,    18, -6.787506139397e-01, 8.236219800184e-04, 3.6814e-01, 3.1421e-03, 
 2DIAGNOSTIC,    19, -6.793077220798e-01, 6.694368101321e-04, 3.7183e-01, 3.6860e-03, 
 2DIAGNOSTIC,    20, -6.797730343239e-01, 5.194059075717e-04, 3.7492e-01, 3.0861e-03, 
 2DIAGNOSTIC,    21, -6.806429549734e-01, 3.985154271727e-04, 3.7787e-01, 2.9540e-03, 
 2DIAGNOSTIC,    22, -6.833445874233e-01, 3.508008997140e-04, 3.8126e-01, 3.3901e-03, 
 2DIAGNOSTIC,    23, -6.849448497551e-01, 3.641997572614e-04, 3.8594e-01, 4.6830e-03, 
 2DIAGNOSTIC,    24, -6.855597018670e-01, 3.775014289739e-04, 3.8934e-01, 3.3998e-03, 
 2DIAGNOSTIC,    25, -6.860683195545e-01, 3.696237254410e-04, 3.9227e-01, 2.9240e-03, 
 2DIAGNOSTIC,    26, -6.881849842534e-01, 3.892149675527e-04, 3.9569e-01, 3.4230e-03, 
 2DIAGNOSTIC,    27, -6.884679227944e-01, 3.869767060558e-04, 4.0078e-01, 5.0910e-03, 
 2DIAGNOSTIC,    28, -6.885415201651e-01, 3.582433091918e-04, 4.0346e-01, 2.6820e-03, 
 2DIAGNOSTIC,    29, -6.887607155053e-01, 3.100978244089e-04, 4.0656e-01, 3.1011e-03, 
 2DIAGNOSTIC,    30, -6.888259563974e-01, 2.437775782433e-04, 4.1019e-01, 3.6218e-03, 
 2DIAGNOSTIC,    31, -6.889354702591e-01, 1.711455134935e-04, 4.1322e-01, 3.0298e-03, 
 2DIAGNOSTIC,    32, -6.890003296842e-01, 1.231584695284e-04, 4.1655e-01, 3.3350e-03, 
 2DIAGNOSTIC,    33, -6.890502583959e-01, 8.801969316813e-05, 4.1957e-01, 3.0169e-03, 
 2DIAGNOSTIC,    34, -6.890755378525e-01, 5.486707052457e-05, 4.2407e-01, 4.5011e-03, 
 2DIAGNOSTIC,    35, -6.891533772258e-01, 2.492810610742e-05, 4.2723e-01, 3.1579e-03, 
 2DIAGNOSTIC,    36, -6.891868557203e-01, 1.956541164365e-05, 4.3008e-01, 2.8522e-03, 
 2DIAGNOSTIC,    37, -6.892985327415e-01, 1.723138911700e-05, 4.3498e-01, 4.9009e-03, 
 2DIAGNOSTIC,    38, -6.892854036713e-01, 1.406701670335e-05, 4.3790e-01, 2.9161e-03, 
 2DIAGNOSTIC,    39, -6.893034557401e-01, 1.239594821478e-05, 4.4089e-01, 2.9950e-03, 
 2DIAGNOSTIC,    40, -6.893371733631e-01, 1.073062048980e-05, 4.4393e-01, 3.0429e-03, 
 2DIAGNOSTIC,    41, -6.893911212553e-01, 9.850113376203e-06, 4.4738e-01, 3.4492e-03, 
 2DIAGNOSTIC,    42, -6.895352279589e-01, 1.021604786736e-05, 4.5274e-01, 5.3551e-03, 
 2DIAGNOSTIC,    43, -6.895524951963e-01, 1.029674825273e-05, 4.5600e-01, 3.2601e-03, 
 2DIAGNOSTIC,    44, -6.895752471598e-01, 9.937742224211e-06, 4.5958e-01, 3.5791e-03, 
 2DIAGNOSTIC,    45, -6.896014645341e-01, 9.699253104900e-06, 4.6252e-01, 2.9459e-03, 
 2DIAGNOSTIC,    46, -6.895970221528e-01, 8.833647273679e-06, 4.6547e-01, 2.9440e-03, 
 2DIAGNOSTIC,    47, -6.896592404335e-01, 8.775285081114e-06, 4.6946e-01, 3.9909e-03, 
 2DIAGNOSTIC,    48, -6.896521852886e-01, 7.755137759670e-06, 4.8197e-01, 1.2515e-02, 
 2DIAGNOSTIC,    49, -6.896521833085e-01, 6.274149915633e-06, 4.8505e-01, 3.0739e-03, 
 2DIAGNOSTIC,    50, -6.896521886359e-01, 4.606084644514e-06, 4.8810e-01, 3.0479e-03, 
 2DIAGNOSTIC,    51, -6.896521976425e-01, 3.036589887363e-06, 4.9079e-01, 2.6920e-03, 
 2DIAGNOSTIC,    52, -6.896522128651e-01, 2.453823134616e-06, 4.9400e-01, 3.2082e-03, 
 2DIAGNOSTIC,    53, -6.896522385852e-01, 1.850335808583e-06, 4.9719e-01, 3.1900e-03, 
 2DIAGNOSTIC,    54, -6.896522820173e-01, 1.329288582951e-06, 5.0032e-01, 3.1331e-03, 
 2DIAGNOSTIC,    55, -6.896523552888e-01, 9.634190960284e-07, 5.0366e-01, 3.3450e-03, 
 2DIAGNOSTIC,    56, -6.896524786995e-01, 5.284727550153e-07, 5.0675e-01, 3.0870e-03, 
 2DIAGNOSTIC,    57, -6.896526859944e-01, 5.736803754125e-07, 5.1006e-01, 3.3140e-03, 
 2DIAGNOSTIC,    58, -6.896530325883e-01, 5.682198978493e-07, 5.1316e-01, 3.0909e-03, 
 2DIAGNOSTIC,    59, -6.896536075870e-01, 5.658877754097e-07, 5.1619e-01, 3.0310e-03, 
 2DIAGNOSTIC,    60, -6.896545490362e-01, 5.683863034157e-07, 5.1921e-01, 3.0200e-03, 
 2DIAGNOSTIC,    61, -6.896560755628e-01, 5.783050236949e-07, 5.2227e-01, 3.0599e-03, 
 2DIAGNOSTIC,    62, -6.896584607224e-01, 5.991780653233e-07, 5.2546e-01, 3.1939e-03, 
 2DIAGNOSTIC,    63, -6.896619334233e-01, 6.347467037503e-07, 5.2837e-01, 2.9080e-03, 
 2DIAGNOSTIC,    64, -6.896665040703e-01, 6.871411851322e-07, 5.3145e-01, 3.0770e-03, 
 2DIAGNOSTIC,    65, -6.896717268032e-01, 7.538689525792e-07, 5.3442e-01, 2.9781e-03, 
 2DIAGNOSTIC,    66, -6.896768898287e-01, 8.267554091786e-07, 5.3747e-01, 3.0510e-03, 
 2DIAGNOSTIC,    67, -6.896822702310e-01, 8.993334111064e-07, 5.4035e-01, 2.8751e-03, 
 2DIAGNOSTIC,    68, -6.896901952193e-01, 9.798093718420e-07, 5.4325e-01, 2.8970e-03, 
 2DIAGNOSTIC,    69, -6.897333585232e-01, 1.272856182110e-06, 5.4623e-01, 2.9809e-03, 
 2DIAGNOSTIC,    70, -6.897524774821e-01, 1.592596831069e-06, 5.4932e-01, 3.0880e-03, 
 2DIAGNOSTIC,    71, -6.898138375765e-01, 2.163808984365e-06, 5.5226e-01, 2.9418e-03, 
 2DIAGNOSTIC,    72, -6.901018816860e-01, 4.231740386511e-06, 5.5907e-01, 6.8080e-03, 
 2DIAGNOSTIC,    73, -6.901420150680e-01, 6.083662398159e-06, 5.6219e-01, 3.1230e-03, 
 2DIAGNOSTIC,    74, -6.901473751374e-01, 7.410559250401e-06, 5.6586e-01, 3.6709e-03, 
 2DIAGNOSTIC,    75, -6.901526261475e-01, 8.111007872805e-06, 5.6873e-01, 2.8720e-03, 
 2DIAGNOSTIC,    76, -6.901368378602e-01, 7.987778872381e-06, 5.7212e-01, 3.3901e-03, 
 2DIAGNOSTIC,    77, -6.901508653839e-01, 7.220887441069e-06, 5.7572e-01, 3.5942e-03, 
 2DIAGNOSTIC,    78, -6.901527929042e-01, 5.857531035497e-06, 5.7866e-01, 2.9399e-03, 
 2DIAGNOSTIC,    79, -6.901388116074e-01, 4.180969796205e-06, 5.8160e-01, 2.9478e-03, 
 2DIAGNOSTIC,    80, -6.901460968340e-01, 2.335394120189e-06, 5.8476e-01, 3.1588e-03, 
 2DIAGNOSTIC,    81, -6.901566064895e-01, 6.785503552775e-07, 5.8828e-01, 3.5191e-03, 
 2DIAGNOSTIC,    82, -6.902252849277e-01, 8.394169287024e-07, 5.9236e-01, 4.0832e-03, 
 2DIAGNOSTIC,    83, -6.902492848887e-01, 1.264482724561e-06, 5.9772e-01, 5.3539e-03, 
 2DIAGNOSTIC,    84, -6.902586149221e-01, 1.669399141650e-06, 6.0087e-01, 3.1521e-03, 
 2DIAGNOSTIC,    85, -6.902407327210e-01, 1.886729646518e-06, 6.0400e-01, 3.1250e-03, 
 2DIAGNOSTIC,    86, -6.902556092313e-01, 1.948466002089e-06, 6.0765e-01, 3.6509e-03, 
 2DIAGNOSTIC,    87, -6.902868061140e-01, 2.063945142634e-06, 6.1060e-01, 2.9509e-03, 
 2DIAGNOSTIC,    88, -6.903202094811e-01, 2.175132851747e-06, 6.1568e-01, 5.0781e-03, 
 2DIAGNOSTIC,    89, -6.903125426317e-01, 2.009991937177e-06, 6.1933e-01, 3.6519e-03, 
 2DIAGNOSTIC,    90, -6.903001623028e-01, 1.675992067234e-06, 6.2252e-01, 3.1900e-03, 
 2DIAGNOSTIC,    91, -6.903042215983e-01, 1.283788290850e-06, 6.2544e-01, 2.9240e-03, 
 2DIAGNOSTIC,    92, -6.903548812163e-01, 1.340968963350e-06, 6.2904e-01, 3.6011e-03, 
 2DIAGNOSTIC,    93, -6.904318109528e-01, 1.741276742278e-06, 6.3462e-01, 5.5730e-03, 
 2DIAGNOSTIC,    94, -6.904459982086e-01, 2.100789432160e-06, 6.3807e-01, 3.4561e-03, 
 2DIAGNOSTIC,    95, -6.904031635708e-01, 2.025663897903e-06, 6.4118e-01, 3.1080e-03, 
 2DIAGNOSTIC,    96, -6.903834005205e-01, 1.775526326440e-06, 6.4502e-01, 3.8431e-03, 
 2DIAGNOSTIC,    97, -6.903852853166e-01, 1.523814323452e-06, 6.4786e-01, 2.8419e-03, 
 2DIAGNOSTIC,    98, -6.903870260850e-01, 1.300787675547e-06, 6.5067e-01, 2.8059e-03, 
 2DIAGNOSTIC,    99, -6.904223075353e-01, 1.106228635014e-06, 6.5415e-01, 3.4790e-03, 
 2DIAGNOSTIC,   100, -6.904645655215e-01, 9.704818087607e-07, 6.5779e-01, 3.6371e-03, 
 2DIAGNOSTIC,   101, -6.904491138840e-01, 7.253845238364e-07, 6.6134e-01, 3.5541e-03, 
 2DIAGNOSTIC,   102, -6.904533058388e-01, 6.644140749280e-07, 6.6486e-01, 3.5150e-03, 
 2DIAGNOSTIC,   103, -6.904578043131e-01, 8.951603535593e-07, 6.6802e-01, 3.1638e-03, 
 2DIAGNOSTIC,   104, -6.905568452440e-01, 1.517033473616e-06, 6.7202e-01, 4.0009e-03, 
 2DIAGNOSTIC,   105, -6.905939359921e-01, 1.975770995732e-06, 6.7585e-01, 3.8261e-03, 
 2DIAGNOSTIC,   106, -6.905961074313e-01, 2.198299160920e-06, 6.7933e-01, 3.4881e-03, 
 2DIAGNOSTIC,   107, -6.905759469103e-01, 2.173811124056e-06, 6.8234e-01, 3.0060e-03, 
 2DIAGNOSTIC,   108, -6.905807039416e-01, 1.993159577111e-06, 6.8535e-01, 3.0131e-03, 
 2DIAGNOSTIC,   109, -6.905845561890e-01, 1.787290759165e-06, 6.8900e-01, 3.6418e-03, 
 2DIAGNOSTIC,   110, -6.905846954063e-01, 1.597502771204e-06, 6.9267e-01, 3.6721e-03, 
 2DIAGNOSTIC,   111, -6.905889461661e-01, 1.248576101082e-06, 7.0507e-01, 1.2407e-02, 
 2DIAGNOSTIC,   112, -6.905889460051e-01, 8.356241516395e-07, 7.1755e-01, 1.2474e-02, 
DIAGNOSTIC,Iteration,metricValue,convergenceValue,ITERATION_TIME_INDEX,SINCE_LAST
 2DIAGNOSTIC,     1, -5.789298424974e-01, 1.797693134862e+308, 1.0313e+00, 3.1377e-01, 
 2DIAGNOSTIC,     2, -5.725399930591e-01, 1.797693134862e+308, 1.0383e+00, 6.9680e-03, 
 2DIAGNOSTIC,     3, -5.733498663345e-01, 1.797693134862e+308, 1.0451e+00, 6.8171e-03, 
 2DIAGNOSTIC,     4, -5.748819471778e-01, 1.797693134862e+308, 1.0578e+00, 1.2661e-02, 
 2DIAGNOSTIC,     5, -5.749116256803e-01, 1.797693134862e+308, 1.0648e+00, 7.0081e-03, 
 2DIAGNOSTIC,     6, -5.750248726889e-01, 1.797693134862e+308, 1.0717e+00, 6.9232e-03, 
 2DIAGNOSTIC,     7, -5.751962759128e-01, 1.797693134862e+308, 1.0784e+00, 6.7160e-03, 
 2DIAGNOSTIC,     8, -5.753897567145e-01, 1.797693134862e+308, 1.0857e+00, 7.3092e-03, 
 2DIAGNOSTIC,     9, -5.755814866937e-01, 1.797693134862e+308, 1.0924e+00, 6.6741e-03, 
 2DIAGNOSTIC,    10, -5.757333086386e-01, 5.547451196640e-05, 1.0995e+00, 7.0930e-03, 
 2DIAGNOSTIC,    11, -5.758878241577e-01, 2.801454507172e-04, 1.1075e+00, 8.0280e-03, 
 2DIAGNOSTIC,    12, -5.759526509751e-01, 1.817501034485e-04, 1.1148e+00, 7.3030e-03, 
 2DIAGNOSTIC,    13, -5.760742417454e-01, 1.160648919100e-04, 1.1227e+00, 7.9200e-03, 
 2DIAGNOSTIC,    14, -5.761397355899e-01, 1.057701273798e-04, 1.1330e+00, 1.0234e-02, 
 2DIAGNOSTIC,    15, -5.761560425530e-01, 8.887500367952e-05, 1.1405e+00, 7.4899e-03, 
 2DIAGNOSTIC,    16, -5.761753682284e-01, 7.021364356603e-05, 1.1475e+00, 7.0682e-03, 
 2DIAGNOSTIC,    17, -5.762175186688e-01, 5.360956437707e-05, 1.1546e+00, 7.0429e-03, 
 2DIAGNOSTIC,    18, -5.763290210279e-01, 4.231857422447e-05, 1.1626e+00, 8.0340e-03, 
 2DIAGNOSTIC,    19, -5.764777715000e-01, 3.716658477617e-05, 1.1740e+00, 1.1354e-02, 
 2DIAGNOSTIC,    20, -5.765050792455e-01, 3.354387239603e-05, 1.1819e+00, 7.9818e-03, 
 2DIAGNOSTIC,    21, -5.765116418802e-01, 3.114647347784e-05, 1.1902e+00, 8.2409e-03, 
 2DIAGNOSTIC,    22, -5.765118690269e-01, 2.763666527042e-05, 1.1973e+00, 7.1230e-03, 
 2DIAGNOSTIC,    23, -5.765089871440e-01, 2.445593057269e-05, 1.2044e+00, 7.1390e-03, 
 2DIAGNOSTIC,    24, -5.765276091367e-01, 2.105882039562e-05, 1.2116e+00, 7.1740e-03, 
 2DIAGNOSTIC,    25, -5.765662549860e-01, 1.716909035906e-05, 1.2187e+00, 7.0581e-03, 
 2DIAGNOSTIC,    26, -5.766466460093e-01, 1.400364566866e-05, 1.2267e+00, 7.9961e-03, 
 2DIAGNOSTIC,    27, -5.768086220648e-01, 1.355431623051e-05, 1.2382e+00, 1.1510e-02, 
 2DIAGNOSTIC,    28, -5.768469637956e-01, 1.448942597382e-05, 1.2481e+00, 9.9070e-03, 
 2DIAGNOSTIC,    29, -5.768419262007e-01, 1.656165082313e-05, 1.2562e+00, 8.1260e-03, 
 2DIAGNOSTIC,    30, -5.768383101587e-01, 1.745586258303e-05, 1.2644e+00, 8.1871e-03, 
 2DIAGNOSTIC,    31, -5.768420982594e-01, 1.688645473361e-05, 1.2717e+00, 7.3140e-03, 
 2DIAGNOSTIC,    32, -5.768429900306e-01, 1.482908008901e-05, 1.2788e+00, 7.0548e-03, 
 2DIAGNOSTIC,    33, -5.768524171981e-01, 1.168183264475e-05, 1.2869e+00, 8.1511e-03, 
 2DIAGNOSTIC,    34, -5.768594810730e-01, 8.108067906888e-06, 1.2951e+00, 8.1758e-03, 
 2DIAGNOSTIC,    35, -5.768616231112e-01, 4.636009391074e-06, 1.3022e+00, 7.1030e-03, 
 2DIAGNOSTIC,    36, -5.768849121875e-01, 2.366692092953e-06, 1.3106e+00, 8.3899e-03, 
 2DIAGNOSTIC,    37, -5.768925298905e-01, 2.316037270085e-06, 1.3190e+00, 8.3981e-03, 
 2DIAGNOSTIC,    38, -5.769002562645e-01, 2.728369756719e-06, 1.3268e+00, 7.8049e-03, 
 2DIAGNOSTIC,    39, -5.768973868176e-01, 2.842565140024e-06, 1.3348e+00, 8.0211e-03, 
 2DIAGNOSTIC,    40, -5.769040632847e-01, 2.798092860832e-06, 1.3421e+00, 7.2749e-03, 
 2DIAGNOSTIC,    41, -5.769097456538e-01, 2.674762029392e-06, 1.3502e+00, 8.1110e-03, 
 2DIAGNOSTIC,    42, -5.769242245479e-01, 2.550413479307e-06, 1.3586e+00, 8.3539e-03, 
 2DIAGNOSTIC,    43, -5.769349923410e-01, 2.490170748309e-06, 1.3657e+00, 7.1099e-03, 
 2DIAGNOSTIC,    44, -5.769571394891e-01, 2.596157990146e-06, 1.3726e+00, 6.9740e-03, 
 2DIAGNOSTIC,    45, -5.770282478121e-01, 3.311863631707e-06, 1.3795e+00, 6.8922e-03, 
 2DIAGNOSTIC,    46, -5.771752661202e-01, 5.552152977928e-06, 1.3878e+00, 8.2350e-03, 
 2DIAGNOSTIC,    47, -5.773955779969e-01, 9.586943799367e-06, 1.3997e+00, 1.1960e-02, 
 2DIAGNOSTIC,    48, -5.774733531000e-01, 1.344306693100e-05, 1.4065e+00, 6.7790e-03, 
 2DIAGNOSTIC,    49, -5.775103494607e-01, 1.628314601593e-05, 1.4143e+00, 7.7429e-03, 
 2DIAGNOSTIC,    50, -5.775591940359e-01, 1.807633316432e-05, 1.4210e+00, 6.7878e-03, 
 2DIAGNOSTIC,    51, -5.776274607387e-01, 1.881083108372e-05, 1.4287e+00, 7.6749e-03, 
 2DIAGNOSTIC,    52, -5.777623498881e-01, 1.914864354598e-05, 1.4435e+00, 1.4818e-02, 
 2DIAGNOSTIC,    53, -5.777634745241e-01, 1.778785926083e-05, 1.4504e+00, 6.8691e-03, 
 2DIAGNOSTIC,    54, -5.777647769889e-01, 1.508678986301e-05, 1.4574e+00, 7.0281e-03, 
 2DIAGNOSTIC,    55, -5.777665021399e-01, 1.175076240825e-05, 1.4647e+00, 7.2279e-03, 
 2DIAGNOSTIC,    56, -5.777693283708e-01, 8.721577883675e-06, 1.4715e+00, 6.8080e-03, 
 2DIAGNOSTIC,    57, -5.777731292452e-01, 6.922778929858e-06, 1.4786e+00, 7.1461e-03, 
 2DIAGNOSTIC,    58, -5.777764451007e-01, 5.264121405647e-06, 1.4863e+00, 7.6611e-03, 
 2DIAGNOSTIC,    59, -5.777776581053e-01, 3.540939742634e-06, 1.4933e+00, 7.0050e-03, 
 2DIAGNOSTIC,    60, -5.777741652735e-01, 1.956859322975e-06, 1.5005e+00, 7.2711e-03, 
 2DIAGNOSTIC,    61, -5.777861199172e-01, 9.056467285481e-07, 1.5077e+00, 7.1158e-03, 
 2DIAGNOSTIC,    62, -5.777968599408e-01, 1.005657844864e-06, 1.5156e+00, 7.9851e-03, 
 2DIAGNOSTIC,    63, -5.777934677542e-01, 1.035353693921e-06, 1.5234e+00, 7.7269e-03, 
 2DIAGNOSTIC,    64, -5.777756102137e-01, 8.891186017886e-07, 1.5311e+00, 7.7269e-03, 
 2DIAGNOSTIC,    65, -5.777909527418e-01, 8.442158701896e-07, 1.5391e+00, 7.9720e-03, 
 2DIAGNOSTIC,    66, -5.778081946484e-01, 9.090425028141e-07, 1.5489e+00, 9.8369e-03, 
 2DIAGNOSTIC,    67, -5.778103965397e-01, 9.680265156409e-07, 1.5568e+00, 7.9250e-03, 
 2DIAGNOSTIC,    68, -5.777964266692e-01, 9.049452035313e-07, 1.5648e+00, 7.9141e-03, 
 2DIAGNOSTIC,    69, -5.778026132580e-01, 8.643505422252e-07, 1.5742e+00, 9.4450e-03, 
 2DIAGNOSTIC,    70, -5.778030180178e-01, 7.584965497024e-07, 1.5811e+00, 6.9029e-03, 
 2DIAGNOSTIC,    71, -5.777927478503e-01, 6.300134727938e-07, 1.5884e+00, 7.2529e-03, 
 2DIAGNOSTIC,    72, -5.777992750751e-01, 6.090871277793e-07, 1.5953e+00, 6.9880e-03, 
 2DIAGNOSTIC,    73, -5.778011451461e-01, 5.683247677572e-07, 1.6033e+00, 7.9291e-03, 
 2DIAGNOSTIC,    74, -5.778037377672e-01, 4.117011455120e-07, 1.6102e+00, 6.9189e-03, 
DIAGNOSTIC,Iteration,metricValue,convergenceValue,ITERATION_TIME_INDEX,SINCE_LAST
 2DIAGNOSTIC,     1, -4.560925959264e-01, 1.797693134862e+308, 2.0455e+00, 4.3529e-01, 
 2DIAGNOSTIC,     2, -4.565984187600e-01, 1.797693134862e+308, 2.0983e+00, 5.2790e-02, 
 2DIAGNOSTIC,     3, -4.572970515644e-01, 1.797693134862e+308, 2.1465e+00, 4.8260e-02, 
 2DIAGNOSTIC,     4, -4.580429761694e-01, 1.797693134862e+308, 2.1945e+00, 4.7954e-02, 
 2DIAGNOSTIC,     5, -4.587779268003e-01, 1.797693134862e+308, 2.2433e+00, 4.8779e-02, 
 2DIAGNOSTIC,     6, -4.593471955459e-01, 1.797693134862e+308, 2.3042e+00, 6.0898e-02, 
 2DIAGNOSTIC,     7, -4.597474195130e-01, 1.797693134862e+308, 2.3584e+00, 5.4271e-02, 
 2DIAGNOSTIC,     8, -4.598754046376e-01, 1.797693134862e+308, 2.4072e+00, 4.8757e-02, 
 2DIAGNOSTIC,     9, -4.601729850520e-01, 1.797693134862e+308, 2.4559e+00, 4.8688e-02, 
 2DIAGNOSTIC,    10, -4.604449182446e-01, 6.337144773249e-04, 2.5372e+00, 8.1309e-02, 
 2DIAGNOSTIC,    11, -4.604755113816e-01, 4.928885797220e-04, 2.6058e+00, 6.8616e-02, 
 2DIAGNOSTIC,    12, -4.604755361586e-01, 3.577349003605e-04, 2.6688e+00, 6.3036e-02, 
 2DIAGNOSTIC,    13, -4.604760688159e-01, 2.445291888711e-04, 2.7311e+00, 6.2295e-02, 
 2DIAGNOSTIC,    14, -4.604747638716e-01, 1.578740257716e-04, 2.7927e+00, 6.1573e-02, 
 2DIAGNOSTIC,    15, -4.604745685776e-01, 9.828857373398e-05, 2.8480e+00, 5.5256e-02, 
 2DIAGNOSTIC,    16, -4.604727175600e-01, 5.904026606805e-05, 2.8971e+00, 4.9103e-02, 
 2DIAGNOSTIC,    17, -4.604727294279e-01, 3.388971585012e-05, 2.9583e+00, 6.1283e-02, 
 2DIAGNOSTIC,    18, -4.604723454050e-01, 1.280334303047e-05, 3.0068e+00, 4.8444e-02, 
 2DIAGNOSTIC,    19, -4.604713943840e-01, 2.333449377945e-06, 3.0624e+00, 5.5607e-02, 
 2DIAGNOSTIC,    20, -4.604711413497e-01, 1.226982741707e-06, 3.1113e+00, 4.8904e-02, 
 2DIAGNOSTIC,    21, -4.604705760150e-01, 1.144650319460e-06, 3.1596e+00, 4.8341e-02, 
 2DIAGNOSTIC,    22, -4.604719878925e-01, 1.144217266213e-06, 3.2225e+00, 6.2839e-02, 
 2DIAGNOSTIC,    23, -4.604725386189e-01, 1.200435047616e-06, 3.2783e+00, 5.5786e-02, 
 2DIAGNOSTIC,    24, -4.604714655058e-01, 1.207887513691e-06, 3.3334e+00, 5.5087e-02, 
 2DIAGNOSTIC,    25, -4.604717745206e-01, 1.231696181103e-06, 3.3893e+00, 5.5972e-02, 
 2DIAGNOSTIC,    26, -4.604713521360e-01, 1.202970188983e-06, 3.4388e+00, 4.9520e-02, 
 2DIAGNOSTIC,    27, -4.604712668169e-01, 1.176112373116e-06, 3.4873e+00, 4.8498e-02, 
 2DIAGNOSTIC,    28, -4.604721357658e-01, 1.162385894440e-06, 3.5419e+00, 5.4578e-02, 
 2DIAGNOSTIC,    29, -4.604715127831e-01, 1.113847878313e-06, 3.6047e+00, 6.2810e-02, 
 2DIAGNOSTIC,    30, -4.604711741539e-01, 1.056333052474e-06, 3.6602e+00, 5.5502e-02, 
 2DIAGNOSTIC,    31, -4.604706185573e-01, 9.801262618597e-07, 3.7091e+00, 4.8837e-02, 
 2DIAGNOSTIC,    32, -4.604702809868e-01, 9.334886747064e-07, 3.7572e+00, 4.8124e-02, 
 2DIAGNOSTIC,    33, -4.604708188008e-01, 9.161715319103e-07, 3.8131e+00, 5.5887e-02, 
 2DIAGNOSTIC,    34, -4.604713509232e-01, 8.940440654644e-07, 3.8623e+00, 4.9257e-02, 
 2DIAGNOSTIC,    35, -4.604708227937e-01, 8.737392350883e-07, 3.9158e+00, 5.3477e-02, 
 2DIAGNOSTIC,    36, -4.604712082271e-01, 8.581382372717e-07, 3.9700e+00, 5.4225e-02, 
 2DIAGNOSTIC,    37, -4.604721985329e-01, 8.603271350154e-07, 4.0241e+00, 5.4084e-02, 
 2DIAGNOSTIC,    38, -4.604712138919e-01, 8.599437055570e-07, 4.0905e+00, 6.6373e-02, 
 2DIAGNOSTIC,    39, -4.604708733722e-01, 8.427752761532e-07, 4.1374e+00, 4.6893e-02, 
 2DIAGNOSTIC,    40, -4.604700298525e-01, 8.063184392428e-07, 4.1912e+00, 5.3810e-02, 
 2DIAGNOSTIC,    41, -4.604691694222e-01, 7.496336065539e-07, 4.2457e+00, 5.4451e-02, 
 2DIAGNOSTIC,    42, -4.604685350455e-01, 6.835884317387e-07, 4.3016e+00, 5.5898e-02, 
 2DIAGNOSTIC,    43, -4.604683451575e-01, 6.326321154715e-07, 4.3562e+00, 5.4646e-02, 
 2DIAGNOSTIC,    44, -4.604679119618e-01, 5.961432956447e-07, 4.4040e+00, 4.7762e-02, 
 2DIAGNOSTIC,    45, -4.604664678691e-01, 5.464396349748e-07, 4.4523e+00, 4.8357e-02, 
 2DIAGNOSTIC,    46, -4.604668280866e-01, 5.244213032093e-07, 4.5074e+00, 5.5102e-02, 
 2DIAGNOSTIC,    47, -4.604677811750e-01, 5.448085095699e-07, 4.5557e+00, 4.8306e-02, 
 2DIAGNOSTIC,    48, -4.604688141151e-01, 5.769723872354e-07, 4.6101e+00, 5.4365e-02, 
 2DIAGNOSTIC,    49, -4.604678362218e-01, 5.995292217051e-07, 4.6668e+00, 5.6690e-02, 
 2DIAGNOSTIC,    50, -4.604693296425e-01, 6.351883251217e-07, 4.7219e+00, 5.5144e-02, 
 2DIAGNOSTIC,    51, -4.604683210932e-01, 6.465567879491e-07, 4.7836e+00, 6.1662e-02, 
 2DIAGNOSTIC,    52, -4.604685447547e-01, 6.503012794819e-07, 4.8414e+00, 5.7775e-02, 
 2DIAGNOSTIC,    53, -4.604681198985e-01, 6.429591597919e-07, 4.9041e+00, 6.2741e-02, 
 2DIAGNOSTIC,    54, -4.604664151643e-01, 6.081351812716e-07, 4.9592e+00, 5.5078e-02, 
 2DIAGNOSTIC,    55, -4.604668636852e-01, 5.621426428133e-07, 5.0142e+00, 5.4990e-02, 
 2DIAGNOSTIC,    56, -4.604666170077e-01, 5.199762330640e-07, 5.0688e+00, 5.4595e-02, 
 2DIAGNOSTIC,    57, -4.604653353060e-01, 4.800534215664e-07, 5.1228e+00, 5.4032e-02, 
 2DIAGNOSTIC,    58, -4.604649727667e-01, 4.570713462299e-07, 5.1706e+00, 4.7805e-02, 
 2DIAGNOSTIC,    59, -4.604649880555e-01, 4.332812154340e-07, 5.2181e+00, 4.7501e-02, 
 2DIAGNOSTIC,    60, -4.604660786607e-01, 4.470883220517e-07, 5.2727e+00, 5.4583e-02, 
 2DIAGNOSTIC,    61, -4.604641344441e-01, 4.378748408827e-07, 5.3201e+00, 4.7459e-02, 
 2DIAGNOSTIC,    62, -4.604647428187e-01, 4.462391124428e-07, 5.3694e+00, 4.9277e-02, 
 2DIAGNOSTIC,    63, -4.604666571027e-01, 4.757755711002e-07, 5.4235e+00, 5.4064e-02, 
 2DIAGNOSTIC,    64, -4.604646658861e-01, 4.704127218591e-07, 5.4773e+00, 5.3804e-02, 
 2DIAGNOSTIC,    65, -4.604645054883e-01, 4.711582190231e-07, 5.5326e+00, 5.5349e-02, 
 2DIAGNOSTIC,    66, -4.604644697389e-01, 4.716852123367e-07, 5.5865e+00, 5.3855e-02, 
 2DIAGNOSTIC,    67, -4.604638760577e-01, 4.557886571430e-07, 5.6352e+00, 4.8723e-02, 
 2DIAGNOSTIC,    68, -4.604644153006e-01, 4.435291530627e-07, 5.6916e+00, 5.6364e-02, 
 2DIAGNOSTIC,    69, -4.604650600225e-01, 4.395304109856e-07, 5.7467e+00, 5.5161e-02, 
 2DIAGNOSTIC,    70, -4.604653166089e-01, 4.503603885167e-07, 5.8011e+00, 5.4396e-02, 
 2DIAGNOSTIC,    71, -4.604654519221e-01, 4.454443644497e-07, 5.8555e+00, 5.4338e-02, 
 2DIAGNOSTIC,    72, -4.604656185924e-01, 4.470393218502e-07, 5.9094e+00, 5.3950e-02, 
 2DIAGNOSTIC,    73, -4.604638882869e-01, 4.500578478471e-07, 5.9630e+00, 5.3554e-02, 
 2DIAGNOSTIC,    74, -4.604613257285e-01, 4.139216169784e-07, 6.0174e+00, 5.4419e-02, 
DIAGNOSTIC,Iteration,metricValue,convergenceValue,ITERATION_TIME_INDEX,SINCE_LAST
 2DIAGNOSTIC,     1, -3.778227312524e-01, 1.797693134862e+308, 6.9542e+00, 9.3683e-01, 
 2DIAGNOSTIC,     2, -3.780031772420e-01, 1.797693134862e+308, 7.2867e+00, 3.3247e-01, 
 2DIAGNOSTIC,     3, -3.780632114067e-01, 1.797693134862e+308, 7.6955e+00, 4.0876e-01, 
 2DIAGNOSTIC,     4, -3.780678950959e-01, 1.797693134862e+308, 8.0278e+00, 3.3235e-01, 
 2DIAGNOSTIC,     5, -3.780653212701e-01, 1.797693134862e+308, 8.3632e+00, 3.3533e-01, 
 2DIAGNOSTIC,     6, -3.780649414613e-01, 1.797693134862e+308, 8.6955e+00, 3.3236e-01, 
 2DIAGNOSTIC,     7, -3.780648582865e-01, 1.797693134862e+308, 9.0652e+00, 3.6971e-01, 
 2DIAGNOSTIC,     8, -3.780643223265e-01, 1.797693134862e+308, 9.4011e+00, 3.3589e-01, 
 2DIAGNOSTIC,     9, -3.780640980379e-01, 1.797693134862e+308, 9.8826e+00, 4.8151e-01, 
 2DIAGNOSTIC,    10, -3.780639700575e-01, 2.526597338688e-05, 1.0220e+01, 3.3739e-01, 
 2DIAGNOSTIC,    11, -3.780637717570e-01, 6.863645742317e-06, 1.0635e+01, 4.1492e-01, 
 2DIAGNOSTIC,    12, -3.780637833081e-01, 2.371517873800e-06, 1.0967e+01, 3.3255e-01, 
 2DIAGNOSTIC,    13, -3.780637534384e-01, 2.056236778278e-06, 1.1263e+01, 2.9532e-01, 
 2DIAGNOSTIC,    14, -3.780636380803e-01, 2.070676532642e-06, 1.1592e+01, 3.2945e-01, 
 2DIAGNOSTIC,    15, -3.780635087516e-01, 1.966516380444e-06, 1.1931e+01, 3.3841e-01, 
 2DIAGNOSTIC,    16, -3.780634721249e-01, 1.869855148565e-06, 1.2267e+01, 3.3608e-01, 
 2DIAGNOSTIC,    17, -3.780634309027e-01, 1.790353140269e-06, 1.2564e+01, 2.9730e-01, 
 2DIAGNOSTIC,    18, -3.780633896591e-01, 1.703100909342e-06, 1.2861e+01, 2.9714e-01, 
 2DIAGNOSTIC,    19, -3.780634924570e-01, 1.626336855999e-06, 1.3198e+01, 3.3677e-01, 
 2DIAGNOSTIC,    20, -3.780635436103e-01, 1.558965806732e-06, 1.3571e+01, 3.7281e-01, 
 2DIAGNOSTIC,    21, -3.780635157380e-01, 1.492778358439e-06, 1.3905e+01, 3.3416e-01, 
 2DIAGNOSTIC,    22, -3.780634215569e-01, 1.431891072469e-06, 1.4206e+01, 3.0140e-01, 
 2DIAGNOSTIC,    23, -3.780632717189e-01, 1.371897837492e-06, 1.4541e+01, 3.3488e-01, 
 2DIAGNOSTIC,    24, -3.780634394994e-01, 1.319705055590e-06, 1.4875e+01, 3.3360e-01, 
 2DIAGNOSTIC,    25, -3.780632567286e-01, 1.262560203268e-06, 1.5248e+01, 3.7290e-01, 
 2DIAGNOSTIC,    26, -3.780631159095e-01, 1.205834990491e-06, 1.5579e+01, 3.3163e-01, 
 2DIAGNOSTIC,    27, -3.780631538869e-01, 1.155165219223e-06, 1.5877e+01, 2.9729e-01, 
 2DIAGNOSTIC,    28, -3.780630307171e-01, 1.105702118455e-06, 1.6177e+01, 3.0000e-01, 
 2DIAGNOSTIC,    29, -3.780631391138e-01, 1.067912009746e-06, 1.6508e+01, 3.3179e-01, 
 2DIAGNOSTIC,    30, -3.780630495694e-01, 1.034328102861e-06, 1.6842e+01, 3.3352e-01, 
 2DIAGNOSTIC,    31, -3.780629246539e-01, 1.001873676125e-06, 1.7140e+01, 2.9787e-01, 
 2DIAGNOSTIC,    32, -3.780628433652e-01, 9.698128107527e-07, 1.7472e+01, 3.3195e-01, 
 2DIAGNOSTIC,    33, -3.780628465362e-01, 9.384639209561e-07, 1.7804e+01, 3.3258e-01, 
 2DIAGNOSTIC,    34, -3.780628580513e-01, 9.153445593192e-07, 1.8100e+01, 2.9598e-01, 
 2DIAGNOSTIC,    35, -3.780627601351e-01, 8.894952600140e-07, 1.8434e+01, 3.3339e-01, 
 2DIAGNOSTIC,    36, -3.780627373240e-01, 8.636109466512e-07, 1.8770e+01, 3.3651e-01, 
 2DIAGNOSTIC,    37, -3.780625664906e-01, 8.384304235297e-07, 1.9103e+01, 3.3240e-01, 
 2DIAGNOSTIC,    38, -3.780627820268e-01, 8.183728723681e-07, 1.9398e+01, 2.9512e-01, 
 2DIAGNOSTIC,    39, -3.780627628862e-01, 8.026835020478e-07, 1.9776e+01, 3.7859e-01, 
 2DIAGNOSTIC,    40, -3.780627099907e-01, 7.864270630160e-07, 2.0113e+01, 3.3679e-01, 
 2DIAGNOSTIC,    41, -3.780625252226e-01, 7.662890460780e-07, 2.0452e+01, 3.3884e-01, 
 2DIAGNOSTIC,    42, -3.780624118322e-01, 7.446282827041e-07, 2.0789e+01, 3.3751e-01, 
 2DIAGNOSTIC,    43, -3.780624201488e-01, 7.253139951424e-07, 2.1245e+01, 4.5594e-01, 
 2DIAGNOSTIC,    44, -3.780623180389e-01, 7.066243414532e-07, 2.1584e+01, 3.3824e-01, 
 2DIAGNOSTIC,    45, -3.780622660376e-01, 6.879061826282e-07, 2.1885e+01, 3.0131e-01, 
 2DIAGNOSTIC,    46, -3.780620565358e-01, 6.682076856036e-07, 2.2223e+01, 3.3774e-01, 
 2DIAGNOSTIC,    47, -3.780618993637e-01, 6.463178369547e-07, 2.2556e+01, 3.3355e-01, 
 2DIAGNOSTIC,    48, -3.780618546958e-01, 6.309167699496e-07, 2.2887e+01, 3.3085e-01, 
 2DIAGNOSTIC,    49, -3.780619021122e-01, 6.195528428204e-07, 2.3187e+01, 2.9952e-01, 
 2DIAGNOSTIC,    50, -3.780620630502e-01, 6.131338326290e-07, 2.3485e+01, 2.9888e-01, 
 2DIAGNOSTIC,    51, -3.780624773500e-01, 6.125806864855e-07, 2.3896e+01, 4.1053e-01, 
 2DIAGNOSTIC,    52, -3.780625792039e-01, 6.128382978761e-07, 2.4229e+01, 3.3312e-01, 
 2DIAGNOSTIC,    53, -3.780626086496e-01, 6.135835080821e-07, 2.4567e+01, 3.3739e-01, 
 2DIAGNOSTIC,    54, -3.780623897417e-01, 6.085788704299e-07, 2.4901e+01, 3.3416e-01, 
 2DIAGNOSTIC,    55, -3.780625608979e-01, 6.036106846678e-07, 2.5308e+01, 4.0768e-01, 
 2DIAGNOSTIC,    56, -3.780625213418e-01, 5.929135813917e-07, 2.5685e+01, 3.7700e-01, 
 2DIAGNOSTIC,    57, -3.780624362893e-01, 5.770164524521e-07, 2.6022e+01, 3.3689e-01, 
 2DIAGNOSTIC,    58, -3.780623467470e-01, 5.582631528202e-07, 2.6363e+01, 3.4080e-01, 
 2DIAGNOSTIC,    59, -3.780621808832e-01, 5.377679312552e-07, 2.6709e+01, 3.4616e-01, 
 2DIAGNOSTIC,    60, -3.780622064252e-01, 5.203030932835e-07, 2.7006e+01, 2.9635e-01, 
 2DIAGNOSTIC,    61, -3.780621636449e-01, 5.088159404920e-07, 2.7301e+01, 2.9559e-01, 
 2DIAGNOSTIC,    62, -3.780622366936e-01, 5.010394424562e-07, 2.7600e+01, 2.9843e-01, 
 2DIAGNOSTIC,    63, -3.780623601290e-01, 4.965870448945e-07, 2.7910e+01, 3.1055e-01, 
 2DIAGNOSTIC,    64, -3.780624660756e-01, 4.916664618215e-07, 2.8261e+01, 3.5127e-01, 
 2DIAGNOSTIC,    65, -3.780626711512e-01, 4.917499815162e-07, 2.8566e+01, 3.0499e-01, 
 2DIAGNOSTIC,    66, -3.780624002385e-01, 4.880265987092e-07, 2.8907e+01, 3.4030e-01, 
 2DIAGNOSTIC,    67, -3.780627085837e-01, 4.864642153442e-07, 2.9333e+01, 4.2652e-01, 
 2DIAGNOSTIC,    68, -3.780626548113e-01, 4.821585535379e-07, 2.9672e+01, 3.3893e-01, 
 2DIAGNOSTIC,    69, -3.780627014528e-01, 4.752699431388e-07, 3.0057e+01, 3.8498e-01, 
 2DIAGNOSTIC,    70, -3.780625756816e-01, 4.661741803292e-07, 3.0440e+01, 3.8274e-01, 
 2DIAGNOSTIC,    71, -3.780625106041e-01, 4.551348056110e-07, 3.0785e+01, 3.4537e-01, 
 2DIAGNOSTIC,    72, -3.780624412366e-01, 4.437367123657e-07, 3.1126e+01, 3.4031e-01, 
 2DIAGNOSTIC,    73, -3.780623622240e-01, 4.328579094812e-07, 3.1427e+01, 3.0189e-01, 
 2DIAGNOSTIC,    74, -3.780622854191e-01, 4.228096314677e-07, 3.1736e+01, 3.0832e-01, 
 2DIAGNOSTIC,    75, -3.780623281882e-01, 4.163242089857e-07, 3.2075e+01, 3.3937e-01, 
 2DIAGNOSTIC,    76, -3.780623891907e-01, 4.085849151098e-07, 3.2378e+01, 3.0292e-01, 
 2DIAGNOSTIC,    77, -3.780623188180e-01, 4.043256365653e-07, 3.2720e+01, 3.4205e-01, 
 2DIAGNOSTIC,    78, -3.780624661442e-01, 4.019399198110e-07, 3.3024e+01, 3.0395e-01, 
 2DIAGNOSTIC,    79, -3.780624168028e-01, 4.001481227357e-07, 3.3442e+01, 4.1786e-01, 
  Elapsed time (stage 1): 3.3746e+01


Total elapsed time: 5.7899e+01
