Running T1-THOMAS on sub-20
INFO:    Mounting image with FUSE.
Some packages in this Docker container are non-free
If you are considering commercial use of this container, please consult the relevant license:
https://fsl.fmrib.ox.ac.uk/fsl/fslwiki/Licence
THOMAS_HOME setting of /opt/thomas_new
Linux OS detected
File name OK
Running left and right thalamus MV big
All_Command_lines_OK
Using double precision for computations.
=============================================================================
The composite transform comprises the following transforms (in order): 
  1. Center of mass alignment using fixed image: sub-20_desc-preproc_T1w.nii.gz and moving image: /opt/thomas_new/origtemplate.nii.gz (type = Euler3DTransform)
=============================================================================
  number of levels = 4
  number of levels = 4
  fixed image: sub-20_desc-preproc_T1w.nii.gz
  moving image: /opt/thomas_new/origtemplate.nii.gz
  fixed image: sub-20_desc-preproc_T1w.nii.gz
  moving image: /opt/thomas_new/origtemplate.nii.gz
Dimension = 3
Number of stages = 2
Use Histogram Matching false
Winsorize image intensities false
Lower quantile = 0
Upper quantile = 1
Stage 1 State
   Image metric = Mattes
     Fixed image = Image (0x370e9e0)
  RTTI typeinfo:   itk::Image<double, 3u>
  Reference Count: 2
  Modified Time: 1696
  Debug: Off
  Object Name: 
  Observers: 
    none
  Source: (none)
  Source output name: (none)
  Release Data: Off
  Data Released: False
  Global Release Data: Off
  PipelineMTime: 0
  UpdateMTime: 1479
  RealTimeStamp: 0 seconds 
  LargestPossibleRegion: 
    Dimension: 3
    Index: [0, 0, 0]
    Size: [121, 256, 256]
  BufferedRegion: 
    Dimension: 3
    Index: [0, 0, 0]
    Size: [121, 256, 256]
  RequestedRegion: 
    Dimension: 3
    Index: [0, 0, 0]
    Size: [121, 256, 256]
  Spacing: [1.2, 0.974576, 0.974576]
  Origin: [75.2998, 80.7096, -172.239]
  Direction: 
-1 0 0
0 -0.996845 0.0793771
0 0.0793771 0.996845

  IndexToPointMatrix: 
-1.2 0 0
0 -0.971501 0.077359
0 0.077359 0.971501

  PointToIndexMatrix: 
-0.833335 0 0
0 -1.02285 0.0814478
0 0.0814478 1.02285

  Inverse Direction: 
-1 0 0
0 -0.996845 0.0793771
0 0.0793771 0.996845

  PixelContainer: 
    ImportImageContainer (0x370b210)
      RTTI typeinfo:   itk::ImportImageContainer<unsigned long, double>
      Reference Count: 1
      Modified Time: 1476
      Debug: Off
      Object Name: 
      Observers: 
        none
      Pointer: 0x1465e75bd010
      Container manages memory: true
      Size: 7929856
      Capacity: 7929856

     Moving image = Image (0x370f990)
  RTTI typeinfo:   itk::Image<double, 3u>
  Reference Count: 2
  Modified Time: 1697
  Debug: Off
  Object Name: 
  Observers: 
    none
  Source: (none)
  Source output name: (none)
  Release Data: Off
  Data Released: False
  Global Release Data: Off
  PipelineMTime: 0
  UpdateMTime: 1694
  RealTimeStamp: 0 seconds 
  LargestPossibleRegion: 
    Dimension: 3
    Index: [0, 0, 0]
    Size: [256, 440, 256]
  BufferedRegion: 
    Dimension: 3
    Index: [0, 0, 0]
    Size: [256, 440, 256]
  RequestedRegion: 
    Dimension: 3
    Index: [0, 0, 0]
    Size: [256, 440, 256]
  Spacing: [0.7031, 0.5, 0.7031]
  Origin: [83.5844, 59.822, -106.951]
  Direction: 
-1 0 0
0 -1 0
0 0 1

  IndexToPointMatrix: 
-0.7031 0 0
0 -0.5 0
0 0 0.7031

  PointToIndexMatrix: 
-1.42227 0 0
0 -2 0
0 0 1.42227

  Inverse Direction: 
-1 0 0
0 -1 0
0 0 1

  PixelContainer: 
    ImportImageContainer (0x370e770)
      RTTI typeinfo:   itk::ImportImageContainer<unsigned long, double>
      Reference Count: 1
      Modified Time: 1691
      Debug: Off
      Object Name: 
      Observers: 
        none
      Pointer: 0x1465d99bc010
      Container manages memory: true
      Size: 28835840
      Capacity: 28835840

     Weighting = 1
     Sampling strategy = regular
     Number of bins = 32
     Radius = 4
     Sampling percentage  = 0.25
   Transform = Rigid
     Gradient step = 0.1
     Update field sigma (voxel space) = 0
     Total field sigma (voxel space) = 0
     Update field time sigma = 0
     Total field time sigma  = 0
     Number of time indices = 0
     Number of time point samples = 0
Stage 2 State
   Image metric = Mattes
     Fixed image = Image (0x370df40)
  RTTI typeinfo:   itk::Image<double, 3u>
  Reference Count: 2
  Modified Time: 2128
  Debug: Off
  Object Name: 
  Observers: 
    none
  Source: (none)
  Source output name: (none)
  Release Data: Off
  Data Released: False
  Global Release Data: Off
  PipelineMTime: 0
  UpdateMTime: 1911
  RealTimeStamp: 0 seconds 
  LargestPossibleRegion: 
    Dimension: 3
    Index: [0, 0, 0]
    Size: [121, 256, 256]
  BufferedRegion: 
    Dimension: 3
    Index: [0, 0, 0]
    Size: [121, 256, 256]
  RequestedRegion: 
    Dimension: 3
    Index: [0, 0, 0]
    Size: [121, 256, 256]
  Spacing: [1.2, 0.974576, 0.974576]
  Origin: [75.2998, 80.7096, -172.239]
  Direction: 
-1 0 0
0 -0.996845 0.0793771
0 0.0793771 0.996845

  IndexToPointMatrix: 
-1.2 0 0
0 -0.971501 0.077359
0 0.077359 0.971501

  PointToIndexMatrix: 
-0.833335 0 0
0 -1.02285 0.0814478
0 0.0814478 1.02285

  Inverse Direction: 
-1 0 0
0 -0.996845 0.0793771
0 0.0793771 0.996845

  PixelContainer: 
    ImportImageContainer (0x370b630)
      RTTI typeinfo:   itk::ImportImageContainer<unsigned long, double>
      Reference Count: 1
      Modified Time: 1908
      Debug: Off
      Object Name: 
      Observers: 
        none
      Pointer: 0x1465d5d3b010
      Container manages memory: true
      Size: 7929856
      Capacity: 7929856

     Moving image = Image (0x371e5f0)
  RTTI typeinfo:   itk::Image<double, 3u>
  Reference Count: 2
  Modified Time: 2129
  Debug: Off
  Object Name: 
  Observers: 
    none
  Source: (none)
  Source output name: (none)
  Release Data: Off
  Data Released: False
  Global Release Data: Off
  PipelineMTime: 0
  UpdateMTime: 2126
  RealTimeStamp: 0 seconds 
  LargestPossibleRegion: 
    Dimension: 3
    Index: [0, 0, 0]
    Size: [256, 440, 256]
  BufferedRegion: 
    Dimension: 3
    Index: [0, 0, 0]
    Size: [256, 440, 256]
  RequestedRegion: 
    Dimension: 3
    Index: [0, 0, 0]
    Size: [256, 440, 256]
  Spacing: [0.7031, 0.5, 0.7031]
  Origin: [83.5844, 59.822, -106.951]
  Direction: 
-1 0 0
0 -1 0
0 0 1

  IndexToPointMatrix: 
-0.7031 0 0
0 -0.5 0
0 0 0.7031

  PointToIndexMatrix: 
-1.42227 0 0
0 -2 0
0 0 1.42227

  Inverse Direction: 
-1 0 0
0 -1 0
0 0 1

  PixelContainer: 
    ImportImageContainer (0x37066f0)
      RTTI typeinfo:   itk::ImportImageContainer<unsigned long, double>
      Reference Count: 1
      Modified Time: 2123
      Debug: Off
      Object Name: 
      Observers: 
        none
      Pointer: 0x1465c813a010
      Container manages memory: true
      Size: 28835840
      Capacity: 28835840

     Weighting = 1
     Sampling strategy = regular
     Number of bins = 32
     Radius = 4
     Sampling percentage  = 0.25
   Transform = Affine
     Gradient step = 0.1
     Update field sigma (voxel space) = 0
     Total field sigma (voxel space) = 0
     Update field time sigma = 0
     Total field time sigma  = 0
     Number of time indices = 0
     Number of time point samples = 0
Registration using 2 total stages.

Stage 0
  iterations = 1000x500x250x100
  convergence threshold = 5e-07
  convergence window size = 10
  number of levels = 4
  using the Mattes MI metric (number of bins = 32, weight = 1)
  Shrink factors (level 1 out of 4): [6, 8, 8]
  Shrink factors (level 2 out of 4): [3, 4, 4]
  Shrink factors (level 3 out of 4): [2, 2, 2]
  Shrink factors (level 4 out of 4): [1, 1, 1]
  smoothing sigmas per level: [3, 2, 1, 0]
  regular sampling (percentage = 0.25)

*** Running Euler3DTransform registration ***

DIAGNOSTIC,Iteration,metricValue,convergenceValue,ITERATION_TIME_INDEX,SINCE_LAST
 2DIAGNOSTIC,     1, -3.060765488053e-01, 1.797693134862e+308, 3.2635e-01, 3.2634e-01, 
 2DIAGNOSTIC,     2, -3.061125998722e-01, 1.797693134862e+308, 3.2961e-01, 3.2661e-03, 
 2DIAGNOSTIC,     3, -3.062706971549e-01, 1.797693134862e+308, 3.3298e-01, 3.3710e-03, 
 2DIAGNOSTIC,     4, -3.062554564654e-01, 1.797693134862e+308, 3.3542e-01, 2.4390e-03, 
 2DIAGNOSTIC,     5, -3.058026148600e-01, 1.797693134862e+308, 3.3824e-01, 2.8191e-03, 
 2DIAGNOSTIC,     6, -3.059808685320e-01, 1.797693134862e+308, 3.4152e-01, 3.2780e-03, 
 2DIAGNOSTIC,     7, -3.063996772944e-01, 1.797693134862e+308, 3.4462e-01, 3.1049e-03, 
 2DIAGNOSTIC,     8, -3.066637691484e-01, 1.797693134862e+308, 3.4783e-01, 3.2010e-03, 
 2DIAGNOSTIC,     9, -3.067461685834e-01, 1.797693134862e+308, 3.5100e-01, 3.1722e-03, 
 2DIAGNOSTIC,    10, -3.066661178517e-01, 1.438338716542e-04, 3.5543e-01, 4.4298e-03, 
 2DIAGNOSTIC,    11, -3.073396849049e-01, 2.042840091804e-04, 3.5834e-01, 2.9159e-03, 
 2DIAGNOSTIC,    12, -3.078927490983e-01, 2.789921214398e-04, 3.6115e-01, 2.8100e-03, 
 2DIAGNOSTIC,    13, -3.115434405190e-01, 5.869914387668e-04, 3.6444e-01, 3.2861e-03, 
 2DIAGNOSTIC,    14, -3.161489195187e-01, 1.095038114887e-03, 3.6783e-01, 3.3910e-03, 
 2DIAGNOSTIC,    15, -3.154711009452e-01, 1.360014271908e-03, 3.7143e-01, 3.5989e-03, 
 2DIAGNOSTIC,    16, -3.160766868377e-01, 1.518278695861e-03, 3.7435e-01, 2.9240e-03, 
 2DIAGNOSTIC,    17, -3.170564257812e-01, 1.594340558380e-03, 3.7788e-01, 3.5291e-03, 
 2DIAGNOSTIC,    18, -3.178392162770e-01, 1.562665304455e-03, 3.8106e-01, 3.1760e-03, 
 2DIAGNOSTIC,    19, -3.227452555226e-01, 1.625923814720e-03, 3.8380e-01, 2.7459e-03, 
 2DIAGNOSTIC,    20, -3.421025053095e-01, 2.402132177131e-03, 3.8734e-01, 3.5369e-03, 
 2DIAGNOSTIC,    21, -3.531137514617e-01, 3.357308176996e-03, 3.9008e-01, 2.7440e-03, 
 2DIAGNOSTIC,    22, -3.627495876644e-01, 4.311415568838e-03, 3.9306e-01, 2.9800e-03, 
 2DIAGNOSTIC,    23, -3.930296043722e-01, 6.063528836292e-03, 3.9646e-01, 3.3989e-03, 
 2DIAGNOSTIC,    24, -4.254613041015e-01, 8.374645516672e-03, 3.9979e-01, 3.3281e-03, 
 2DIAGNOSTIC,    25, -4.470224073091e-01, 1.033898262228e-02, 4.0368e-01, 3.8929e-03, 
 2DIAGNOSTIC,    26, -4.462607000857e-01, 1.113864387814e-02, 4.0820e-01, 4.5140e-03, 
 2DIAGNOSTIC,    27, -4.474821447209e-01, 1.091749551693e-02, 4.1167e-01, 3.4740e-03, 
 2DIAGNOSTIC,    28, -4.489029490014e-01, 9.760684553702e-03, 4.1564e-01, 3.9630e-03, 
 2DIAGNOSTIC,    29, -4.497705042716e-01, 7.929388748670e-03, 4.2044e-01, 4.8020e-03, 
 2DIAGNOSTIC,    30, -4.504706346961e-01, 6.053186467960e-03, 4.2350e-01, 3.0620e-03, 
 2DIAGNOSTIC,    31, -4.503762546333e-01, 4.063290906605e-03, 4.2632e-01, 2.8210e-03, 
 2DIAGNOSTIC,    32, -4.504719818950e-01, 2.089887353086e-03, 4.2921e-01, 2.8889e-03, 
 2DIAGNOSTIC,    33, -4.506756652456e-01, 7.868882372255e-04, 4.3286e-01, 3.6480e-03, 
 2DIAGNOSTIC,    34, -4.499601221997e-01, 2.259164335612e-04, 4.3691e-01, 4.0550e-03, 
 2DIAGNOSTIC,    35, -4.498486029304e-01, 1.645330562605e-04, 4.4044e-01, 3.5312e-03, 
 2DIAGNOSTIC,    36, -4.499048681223e-01, 7.651877428932e-05, 4.4385e-01, 3.4070e-03, 
 2DIAGNOSTIC,    37, -4.499458119540e-01, 1.280318097867e-05, 4.4665e-01, 2.8019e-03, 
DIAGNOSTIC,Iteration,metricValue,convergenceValue,ITERATION_TIME_INDEX,SINCE_LAST
 2DIAGNOSTIC,     1, -3.480537061216e-01, 1.797693134862e+308, 7.7798e-01, 3.3132e-01, 
 2DIAGNOSTIC,     2, -3.480747237265e-01, 1.797693134862e+308, 7.9059e-01, 1.2615e-02, 
 2DIAGNOSTIC,     3, -3.480418637279e-01, 1.797693134862e+308, 8.0040e-01, 9.8062e-03, 
 2DIAGNOSTIC,     4, -3.480362344715e-01, 1.797693134862e+308, 8.1007e-01, 9.6741e-03, 
 2DIAGNOSTIC,     5, -3.480240071168e-01, 1.797693134862e+308, 8.1853e-01, 8.4531e-03, 
 2DIAGNOSTIC,     6, -3.480183096422e-01, 1.797693134862e+308, 8.2705e-01, 8.5239e-03, 
 2DIAGNOSTIC,     7, -3.479447999648e-01, 1.797693134862e+308, 8.3543e-01, 8.3828e-03, 
 2DIAGNOSTIC,     8, -3.479334847832e-01, 1.797693134862e+308, 8.4384e-01, 8.4121e-03, 
 2DIAGNOSTIC,     9, -3.479202870264e-01, 1.797693134862e+308, 8.5213e-01, 8.2870e-03, 
DIAGNOSTIC,Iteration,metricValue,convergenceValue,ITERATION_TIME_INDEX,SINCE_LAST
 2DIAGNOSTIC,     1, -2.730108526376e-01, 1.797693134862e+308, 1.3008e+00, 4.4863e-01, 
 2DIAGNOSTIC,     2, -2.730453353940e-01, 1.797693134862e+308, 1.3553e+00, 5.4566e-02, 
 2DIAGNOSTIC,     3, -2.730333016836e-01, 1.797693134862e+308, 1.4029e+00, 4.7560e-02, 
 2DIAGNOSTIC,     4, -2.730303661715e-01, 1.797693134862e+308, 1.4575e+00, 5.4652e-02, 
 2DIAGNOSTIC,     5, -2.730522730289e-01, 1.797693134862e+308, 1.5051e+00, 4.7559e-02, 
 2DIAGNOSTIC,     6, -2.730503352737e-01, 1.797693134862e+308, 1.5774e+00, 7.2349e-02, 
 2DIAGNOSTIC,     7, -2.730508454127e-01, 1.797693134862e+308, 1.6258e+00, 4.8318e-02, 
 2DIAGNOSTIC,     8, -2.730471920388e-01, 1.797693134862e+308, 1.6741e+00, 4.8310e-02, 
 2DIAGNOSTIC,     9, -2.730414401765e-01, 1.797693134862e+308, 1.7176e+00, 4.3563e-02, 
 2DIAGNOSTIC,    10, -2.730405128806e-01, 7.891176338967e-06, 1.7598e+00, 4.2127e-02, 
 2DIAGNOSTIC,    11, -2.730337424252e-01, 2.910504867226e-06, 1.8007e+00, 4.0969e-02, 
 2DIAGNOSTIC,    12, -2.730238949474e-01, 9.618637797776e-07, 1.8497e+00, 4.8926e-02, 
DIAGNOSTIC,Iteration,metricValue,convergenceValue,ITERATION_TIME_INDEX,SINCE_LAST
 2DIAGNOSTIC,     1, -2.208040005276e-01, 1.797693134862e+308, 2.8335e+00, 9.8380e-01, 
 2DIAGNOSTIC,     2, -2.209436219304e-01, 1.797693134862e+308, 3.0843e+00, 2.5081e-01, 
 2DIAGNOSTIC,     3, -2.210381513932e-01, 1.797693134862e+308, 3.3357e+00, 2.5146e-01, 
 2DIAGNOSTIC,     4, -2.211164754725e-01, 1.797693134862e+308, 3.6856e+00, 3.4990e-01, 
 2DIAGNOSTIC,     5, -2.211146977498e-01, 1.797693134862e+308, 3.9734e+00, 2.8774e-01, 
 2DIAGNOSTIC,     6, -2.211159786540e-01, 1.797693134862e+308, 4.3982e+00, 4.2485e-01, 
 2DIAGNOSTIC,     7, -2.211153984142e-01, 1.797693134862e+308, 4.7178e+00, 3.1959e-01, 
 2DIAGNOSTIC,     8, -2.211133333163e-01, 1.797693134862e+308, 5.0208e+00, 3.0298e-01, 
 2DIAGNOSTIC,     9, -2.211130415546e-01, 1.797693134862e+308, 5.4236e+00, 4.0280e-01, 
 2DIAGNOSTIC,    10, -2.211126704297e-01, 6.864450335803e-05, 5.7393e+00, 3.1571e-01, 
 2DIAGNOSTIC,    11, -2.211117905347e-01, 2.978793384213e-05, 6.0520e+00, 3.1274e-01, 
 2DIAGNOSTIC,    12, -2.211111932128e-01, 9.702367623432e-06, 6.3738e+00, 3.2179e-01, 
 2DIAGNOSTIC,    13, -2.211103585268e-01, 1.118180905632e-06, 6.6906e+00, 3.1680e-01, 
 2DIAGNOSTIC,    14, -2.211111824035e-01, 1.155970599742e-06, 7.0027e+00, 3.1211e-01, 
 2DIAGNOSTIC,    15, -2.211109517631e-01, 1.109092626600e-06, 7.3217e+00, 3.1892e-01, 
 2DIAGNOSTIC,    16, -2.211105859855e-01, 1.235070698158e-06, 7.6381e+00, 3.1646e-01, 
 2DIAGNOSTIC,    17, -2.211116210481e-01, 1.456570413012e-06, 7.9570e+00, 3.1887e-01, 
 2DIAGNOSTIC,    18, -2.211130040032e-01, 1.640558026275e-06, 8.3903e+00, 4.3332e-01, 
 2DIAGNOSTIC,    19, -2.211129111547e-01, 1.787351432567e-06, 8.6540e+00, 2.6371e-01, 
 2DIAGNOSTIC,    20, -2.211113873166e-01, 1.789922724968e-06, 8.9556e+00, 3.0161e-01, 
 2DIAGNOSTIC,    21, -2.211115114078e-01, 1.732848218319e-06, 9.2894e+00, 3.3375e-01, 
 2DIAGNOSTIC,    22, -2.211113871207e-01, 1.617598775518e-06, 9.6062e+00, 3.1681e-01, 
 2DIAGNOSTIC,    23, -2.211108712969e-01, 1.416425132510e-06, 9.8892e+00, 2.8304e-01, 
 2DIAGNOSTIC,    24, -2.211110530565e-01, 1.284718815407e-06, 1.0166e+01, 2.7680e-01, 
 2DIAGNOSTIC,    25, -2.211113603057e-01, 1.174287474329e-06, 1.0485e+01, 3.1869e-01, 
 2DIAGNOSTIC,    26, -2.211115586179e-01, 1.072053172096e-06, 1.0764e+01, 2.7879e-01, 
 2DIAGNOSTIC,    27, -2.211113037281e-01, 1.025901460359e-06, 1.1083e+01, 3.1979e-01, 
 2DIAGNOSTIC,    28, -2.211116383603e-01, 1.076705194065e-06, 1.1407e+01, 3.2353e-01, 
 2DIAGNOSTIC,    29, -2.211112536610e-01, 1.109848703884e-06, 1.1728e+01, 3.2112e-01, 
 2DIAGNOSTIC,    30, -2.211111892351e-01, 1.071115909676e-06, 1.2047e+01, 3.1880e-01, 
 2DIAGNOSTIC,    31, -2.211113641732e-01, 1.046245160355e-06, 1.2329e+01, 2.8250e-01, 
 2DIAGNOSTIC,    32, -2.211110482600e-01, 1.003839045249e-06, 1.2690e+01, 3.6074e-01, 
 2DIAGNOSTIC,    33, -2.211109906741e-01, 9.410806784474e-07, 1.3012e+01, 3.2162e-01, 
 2DIAGNOSTIC,    34, -2.211109383598e-01, 8.889179386774e-07, 1.3333e+01, 3.2128e-01, 
 2DIAGNOSTIC,    35, -2.211108660783e-01, 8.525943861436e-07, 1.3693e+01, 3.6035e-01, 
 2DIAGNOSTIC,    36, -2.211105092155e-01, 8.181287941868e-07, 1.4013e+01, 3.1952e-01, 
 2DIAGNOSTIC,    37, -2.211103223571e-01, 7.763499058761e-07, 1.4332e+01, 3.1894e-01, 
 2DIAGNOSTIC,    38, -2.211100157709e-01, 7.461839230428e-07, 1.4691e+01, 3.5935e-01, 
 2DIAGNOSTIC,    39, -2.211097698708e-01, 7.054793931087e-07, 1.4974e+01, 2.8247e-01, 
 2DIAGNOSTIC,    40, -2.211090412275e-01, 6.516195332762e-07, 1.5254e+01, 2.8062e-01, 
 2DIAGNOSTIC,    41, -2.211091466566e-01, 6.237460932028e-07, 1.5534e+01, 2.8036e-01, 
 2DIAGNOSTIC,    42, -2.211089187219e-01, 5.947676166330e-07, 1.5852e+01, 3.1794e-01, 
 2DIAGNOSTIC,    43, -2.211089008276e-01, 5.803459253162e-07, 1.6215e+01, 3.6212e-01, 
 2DIAGNOSTIC,    44, -2.211093064348e-01, 5.922089278305e-07, 1.6499e+01, 2.8446e-01, 
 2DIAGNOSTIC,    45, -2.211092178899e-01, 6.114660139681e-07, 1.6782e+01, 2.8277e-01, 
 2DIAGNOSTIC,    46, -2.211088050006e-01, 6.176942060378e-07, 1.7108e+01, 3.2655e-01, 
 2DIAGNOSTIC,    47, -2.211094198748e-01, 6.428382860225e-07, 1.7389e+01, 2.8068e-01, 
 2DIAGNOSTIC,    48, -2.211088633005e-01, 6.464231521938e-07, 1.7671e+01, 2.8161e-01, 
 2DIAGNOSTIC,    49, -2.211098856756e-01, 6.725433753033e-07, 1.8150e+01, 4.7925e-01, 
 2DIAGNOSTIC,    50, -2.211096872456e-01, 6.707652911962e-07, 1.8468e+01, 3.1844e-01, 
 2DIAGNOSTIC,    51, -2.211089149944e-01, 6.496148063431e-07, 1.8789e+01, 3.2083e-01, 
 2DIAGNOSTIC,    52, -2.211086799980e-01, 6.161836135950e-07, 1.9065e+01, 2.7616e-01, 
 2DIAGNOSTIC,    53, -2.211085384217e-01, 5.791869420214e-07, 1.9383e+01, 3.1804e-01, 
 2DIAGNOSTIC,    54, -2.211081652233e-01, 5.459179218958e-07, 1.9714e+01, 3.3052e-01, 
  Elapsed time (stage 0): 1.9986e+01


Stage 1
  iterations = 1000x500x250x100
  convergence threshold = 4.0000e-07
  convergence window size = 10
  number of levels = 4
  using the Mattes MI metric (number of bins = 32, weight = 1.0000e+00)
  Shrink factors (level 1 out of 4): [6, 8, 8]
  Shrink factors (level 2 out of 4): [3, 4, 4]
  Shrink factors (level 3 out of 4): [2, 2, 2]
  Shrink factors (level 4 out of 4): [1, 1, 1]
  smoothing sigmas per level: [3, 2, 1, 0]
  regular sampling (percentage = 2.5000e-01)

*** Running AffineTransform registration ***

DIAGNOSTIC,Iteration,metricValue,convergenceValue,ITERATION_TIME_INDEX,SINCE_LAST
 2DIAGNOSTIC,     1, -4.403584756660e-01, 1.797693134862e+308, 3.4392e-01, 3.4392e-01, 
 2DIAGNOSTIC,     2, -4.416257195065e-01, 1.797693134862e+308, 3.4710e-01, 3.1760e-03, 
 2DIAGNOSTIC,     3, -4.425820378679e-01, 1.797693134862e+308, 3.5008e-01, 2.9752e-03, 
 2DIAGNOSTIC,     4, -4.438813976416e-01, 1.797693134862e+308, 3.5629e-01, 6.2091e-03, 
 2DIAGNOSTIC,     5, -4.438675792366e-01, 1.797693134862e+308, 3.5959e-01, 3.3000e-03, 
 2DIAGNOSTIC,     6, -4.438652134871e-01, 1.797693134862e+308, 3.6445e-01, 4.8611e-03, 
 2DIAGNOSTIC,     7, -4.439018727490e-01, 1.797693134862e+308, 3.6812e-01, 3.6709e-03, 
 2DIAGNOSTIC,     8, -4.436275559751e-01, 1.797693134862e+308, 3.7103e-01, 2.9111e-03, 
 2DIAGNOSTIC,     9, -4.436668139023e-01, 1.797693134862e+308, 3.7504e-01, 4.0131e-03, 
 2DIAGNOSTIC,    10, -4.435845981733e-01, 3.721603862082e-04, 3.7890e-01, 3.8629e-03, 
 2DIAGNOSTIC,    11, -4.433952849627e-01, 1.421719958017e-04, 3.8206e-01, 3.1519e-03, 
 2DIAGNOSTIC,    12, -4.433119787148e-01, 9.782633437760e-07, 3.8535e-01, 3.2909e-03, 
DIAGNOSTIC,Iteration,metricValue,convergenceValue,ITERATION_TIME_INDEX,SINCE_LAST
 2DIAGNOSTIC,     1, -3.478813122138e-01, 1.797693134862e+308, 7.4430e-01, 3.5895e-01, 
 2DIAGNOSTIC,     2, -3.481580247140e-01, 1.797693134862e+308, 7.5380e-01, 9.5010e-03, 
 2DIAGNOSTIC,     3, -3.489575107012e-01, 1.797693134862e+308, 7.6319e-01, 9.3839e-03, 
 2DIAGNOSTIC,     4, -3.500847991346e-01, 1.797693134862e+308, 7.7240e-01, 9.2180e-03, 
 2DIAGNOSTIC,     5, -3.530439075225e-01, 1.797693134862e+308, 7.8147e-01, 9.0611e-03, 
 2DIAGNOSTIC,     6, -3.619109834476e-01, 1.797693134862e+308, 7.9328e-01, 1.1815e-02, 
 2DIAGNOSTIC,     7, -3.634907814255e-01, 1.797693134862e+308, 8.0270e-01, 9.4149e-03, 
 2DIAGNOSTIC,     8, -3.649002612514e-01, 1.797693134862e+308, 8.1221e-01, 9.5148e-03, 
 2DIAGNOSTIC,     9, -3.678534763125e-01, 1.797693134862e+308, 8.2173e-01, 9.5210e-03, 
 2DIAGNOSTIC,    10, -3.823458209105e-01, 5.593499637342e-03, 8.3602e-01, 1.4294e-02, 
 2DIAGNOSTIC,    11, -3.874523158082e-01, 6.202545178418e-03, 8.4596e-01, 9.9380e-03, 
 2DIAGNOSTIC,    12, -3.928380571745e-01, 6.514902411963e-03, 8.5566e-01, 9.6970e-03, 
 2DIAGNOSTIC,    13, -4.002782553968e-01, 6.687587275620e-03, 8.7229e-01, 1.6627e-02, 
 2DIAGNOSTIC,    14, -4.011071385774e-01, 6.329842148812e-03, 8.8338e-01, 1.1089e-02, 
 2DIAGNOSTIC,    15, -4.012235778169e-01, 5.589019766402e-03, 8.9458e-01, 1.1202e-02, 
 2DIAGNOSTIC,    16, -4.011443798040e-01, 4.855575681169e-03, 9.0448e-01, 9.9010e-03, 
 2DIAGNOSTIC,    17, -4.011218734689e-01, 3.843979137679e-03, 9.1452e-01, 1.0037e-02, 
 2DIAGNOSTIC,    18, -4.014476016834e-01, 2.672373844093e-03, 9.2463e-01, 1.0118e-02, 
 2DIAGNOSTIC,    19, -4.024000712173e-01, 1.527055007353e-03, 9.3609e-01, 1.1456e-02, 
 2DIAGNOSTIC,    20, -4.031054076499e-01, 9.322336318538e-04, 9.4837e-01, 1.2276e-02, 
 2DIAGNOSTIC,    21, -4.038088504968e-01, 5.159188445257e-04, 9.6023e-01, 1.1859e-02, 
 2DIAGNOSTIC,    22, -4.066691143393e-01, 3.643456992684e-04, 9.7216e-01, 1.1939e-02, 
 2DIAGNOSTIC,    23, -4.083068065899e-01, 4.830481765398e-04, 9.9243e-01, 2.0270e-02, 
 2DIAGNOSTIC,    24, -4.082162323705e-01, 5.682129210341e-04, 1.0023e+00, 9.8310e-03, 
 2DIAGNOSTIC,    25, -4.085643569675e-01, 6.084842082410e-04, 1.0153e+00, 1.3072e-02, 
 2DIAGNOSTIC,    26, -4.086337443490e-01, 5.885205993380e-04, 1.0273e+00, 1.1945e-02, 
 2DIAGNOSTIC,    27, -4.086293364125e-01, 5.130355753971e-04, 1.0390e+00, 1.1681e-02, 
 2DIAGNOSTIC,    28, -4.086292084788e-01, 4.025859940656e-04, 1.0490e+00, 1.0060e-02, 
 2DIAGNOSTIC,    29, -4.086742840254e-01, 2.882806879542e-04, 1.0614e+00, 1.2426e-02, 
 2DIAGNOSTIC,    30, -4.086829541077e-01, 1.731174983463e-04, 1.0726e+00, 1.1110e-02, 
 2DIAGNOSTIC,    31, -4.086662777122e-01, 6.412033031385e-05, 1.0837e+00, 1.1182e-02, 
 2DIAGNOSTIC,    32, -4.086588930923e-01, 2.034460564581e-05, 1.0940e+00, 1.0264e-02, 
 2DIAGNOSTIC,    33, -4.086682099996e-01, 1.401947912488e-05, 1.1040e+00, 9.9809e-03, 
 2DIAGNOSTIC,    34, -4.086828725133e-01, 4.999363170152e-06, 1.1159e+00, 1.1894e-02, 
 2DIAGNOSTIC,    35, -4.086872724203e-01, 3.390784811222e-06, 1.1274e+00, 1.1522e-02, 
 2DIAGNOSTIC,    36, -4.086932212054e-01, 3.187673597523e-06, 1.1386e+00, 1.1245e-02, 
 2DIAGNOSTIC,    37, -4.087247474858e-01, 3.330148109128e-06, 1.1489e+00, 1.0276e-02, 
 2DIAGNOSTIC,    38, -4.087127587726e-01, 2.956776862469e-06, 1.1605e+00, 1.1607e-02, 
 2DIAGNOSTIC,    39, -4.087365549117e-01, 3.679962157173e-06, 1.1712e+00, 1.0705e-02, 
 2DIAGNOSTIC,    40, -4.087313032589e-01, 4.158874198849e-06, 1.1812e+00, 9.9330e-03, 
 2DIAGNOSTIC,    41, -4.087332241096e-01, 4.046186598650e-06, 1.1914e+00, 1.0257e-02, 
 2DIAGNOSTIC,    42, -4.087883756135e-01, 4.444947779382e-06, 1.2030e+00, 1.1616e-02, 
 2DIAGNOSTIC,    43, -4.088935705569e-01, 6.360426142674e-06, 1.2145e+00, 1.1423e-02, 
 2DIAGNOSTIC,    44, -4.088859290277e-01, 7.730465950585e-06, 1.2244e+00, 9.9010e-03, 
 2DIAGNOSTIC,    45, -4.089294921946e-01, 9.174608542974e-06, 1.2347e+00, 1.0289e-02, 
 2DIAGNOSTIC,    46, -4.091827882405e-01, 1.378669732907e-05, 1.2471e+00, 1.2471e-02, 
 2DIAGNOSTIC,    47, -4.092091933249e-01, 1.771361934766e-05, 1.2598e+00, 1.2647e-02, 
 2DIAGNOSTIC,    48, -4.092110563915e-01, 1.969684125057e-05, 1.2724e+00, 1.2614e-02, 
 2DIAGNOSTIC,    49, -4.092029268737e-01, 2.007884923452e-05, 1.2835e+00, 1.1134e-02, 
 2DIAGNOSTIC,    50, -4.091825637458e-01, 1.823816592975e-05, 1.2963e+00, 1.2813e-02, 
 2DIAGNOSTIC,    51, -4.091866158358e-01, 1.480811816606e-05, 1.3066e+00, 1.0299e-02, 
 2DIAGNOSTIC,    52, -4.091548177964e-01, 1.041809391302e-05, 1.3209e+00, 1.4256e-02, 
 2DIAGNOSTIC,    53, -4.091565463436e-01, 6.775359846840e-06, 1.3325e+00, 1.1564e-02, 
 2DIAGNOSTIC,    54, -4.091450234633e-01, 2.454462062162e-06, 1.3437e+00, 1.1295e-02, 
DIAGNOSTIC,Iteration,metricValue,convergenceValue,ITERATION_TIME_INDEX,SINCE_LAST
 2DIAGNOSTIC,     1, -3.211593085129e-01, 1.797693134862e+308, 1.8450e+00, 5.0122e-01, 
 2DIAGNOSTIC,     2, -3.211949442838e-01, 1.797693134862e+308, 1.9073e+00, 6.2354e-02, 
 2DIAGNOSTIC,     3, -3.212081735951e-01, 1.797693134862e+308, 1.9682e+00, 6.0888e-02, 
 2DIAGNOSTIC,     4, -3.212479391603e-01, 1.797693134862e+308, 2.0213e+00, 5.3134e-02, 
 2DIAGNOSTIC,     5, -3.213568313859e-01, 1.797693134862e+308, 2.0747e+00, 5.3311e-02, 
 2DIAGNOSTIC,     6, -3.215034000684e-01, 1.797693134862e+308, 2.1270e+00, 5.2339e-02, 
 2DIAGNOSTIC,     7, -3.216972700617e-01, 1.797693134862e+308, 2.1796e+00, 5.2584e-02, 
 2DIAGNOSTIC,     8, -3.219706374120e-01, 1.797693134862e+308, 2.2354e+00, 5.5802e-02, 
 2DIAGNOSTIC,     9, -3.223392630071e-01, 1.797693134862e+308, 2.2965e+00, 6.1147e-02, 
 2DIAGNOSTIC,    10, -3.225036701487e-01, 2.783032757979e-04, 2.4017e+00, 1.0522e-01, 
 2DIAGNOSTIC,    11, -3.224280009630e-01, 2.799576882220e-04, 2.4542e+00, 5.2486e-02, 
 2DIAGNOSTIC,    12, -3.225091875480e-01, 2.656200089233e-04, 2.5076e+00, 5.3406e-02, 
 2DIAGNOSTIC,    13, -3.226046250275e-01, 2.368098396572e-04, 2.5603e+00, 5.2640e-02, 
 2DIAGNOSTIC,    14, -3.227934746960e-01, 2.046812224666e-04, 2.6153e+00, 5.4980e-02, 
 2DIAGNOSTIC,    15, -3.230285732736e-01, 1.783600400269e-04, 2.6679e+00, 5.2592e-02, 
 2DIAGNOSTIC,    16, -3.232688468424e-01, 1.605778652043e-04, 2.7321e+00, 6.4255e-02, 
 2DIAGNOSTIC,    17, -3.233119619016e-01, 1.424354483831e-04, 2.7877e+00, 5.5563e-02, 
 2DIAGNOSTIC,    18, -3.234103463016e-01, 1.312084666587e-04, 2.8407e+00, 5.3005e-02, 
 2DIAGNOSTIC,    19, -3.237119660043e-01, 1.399488740220e-04, 2.8933e+00, 5.2614e-02, 
 2DIAGNOSTIC,    20, -3.243857498308e-01, 1.715622706828e-04, 2.9765e+00, 8.3220e-02, 
 2DIAGNOSTIC,    21, -3.245036327554e-01, 1.853634892367e-04, 3.0379e+00, 6.1403e-02, 
 2DIAGNOSTIC,    22, -3.244920217053e-01, 1.839709666819e-04, 3.1125e+00, 7.4609e-02, 
 2DIAGNOSTIC,    23, -3.244855410570e-01, 1.694604972753e-04, 3.1730e+00, 6.0490e-02, 
 2DIAGNOSTIC,    24, -3.244842855418e-01, 1.469616632030e-04, 3.2343e+00, 6.1272e-02, 
 2DIAGNOSTIC,    25, -3.244836622858e-01, 1.202260671446e-04, 3.2977e+00, 6.3375e-02, 
 2DIAGNOSTIC,    26, -3.244815826879e-01, 9.244644925902e-05, 3.3575e+00, 5.9873e-02, 
 2DIAGNOSTIC,    27, -3.244688931977e-01, 5.951457229914e-05, 3.4174e+00, 5.9859e-02, 
 2DIAGNOSTIC,    28, -3.244585394337e-01, 2.627060998109e-05, 3.4707e+00, 5.3336e-02, 
 2DIAGNOSTIC,    29, -3.244641296158e-01, 1.732739851358e-06, 3.5394e+00, 6.8646e-02, 
DIAGNOSTIC,Iteration,metricValue,convergenceValue,ITERATION_TIME_INDEX,SINCE_LAST
 2DIAGNOSTIC,     1, -2.640126788403e-01, 1.797693134862e+308, 5.0219e+00, 1.4825e+00, 
 2DIAGNOSTIC,     2, -2.640130072272e-01, 1.797693134862e+308, 5.3932e+00, 3.7133e-01, 
 2DIAGNOSTIC,     3, -2.640130715766e-01, 1.797693134862e+308, 5.8500e+00, 4.5681e-01, 
 2DIAGNOSTIC,     4, -2.640129957898e-01, 1.797693134862e+308, 6.2651e+00, 4.1512e-01, 
 2DIAGNOSTIC,     5, -2.640125395291e-01, 1.797693134862e+308, 6.6350e+00, 3.6983e-01, 
 2DIAGNOSTIC,     6, -2.640122785981e-01, 1.797693134862e+308, 7.0069e+00, 3.7199e-01, 
 2DIAGNOSTIC,     7, -2.640121831174e-01, 1.797693134862e+308, 7.3213e+00, 3.1438e-01, 
 2DIAGNOSTIC,     8, -2.640119793313e-01, 1.797693134862e+308, 7.6889e+00, 3.6758e-01, 
 2DIAGNOSTIC,     9, -2.640124062458e-01, 1.797693134862e+308, 8.0103e+00, 3.2142e-01, 
 2DIAGNOSTIC,    10, -2.640127005229e-01, 2.998761211528e-06, 8.4217e+00, 4.1138e-01, 
 2DIAGNOSTIC,    11, -2.640127358534e-01, 2.765881839006e-06, 8.7856e+00, 3.6392e-01, 
 2DIAGNOSTIC,    12, -2.640126925294e-01, 2.608917529554e-06, 9.1816e+00, 3.9594e-01, 
 2DIAGNOSTIC,    13, -2.640125550497e-01, 2.473918548865e-06, 9.5501e+00, 3.6858e-01, 
 2DIAGNOSTIC,    14, -2.640117038424e-01, 2.284847609405e-06, 9.9172e+00, 3.6705e-01, 
 2DIAGNOSTIC,    15, -2.640115311112e-01, 2.075997633771e-06, 1.0285e+01, 3.6778e-01, 
 2DIAGNOSTIC,    16, -2.640113279223e-01, 1.865998859374e-06, 1.0616e+01, 3.3134e-01, 
 2DIAGNOSTIC,    17, -2.640111719232e-01, 1.676452053422e-06, 1.0947e+01, 3.3067e-01, 
 2DIAGNOSTIC,    18, -2.640114393234e-01, 1.529564174103e-06, 1.1273e+01, 3.2604e-01, 
 2DIAGNOSTIC,    19, -2.640116046177e-01, 1.453371303209e-06, 1.1586e+01, 3.1269e-01, 
 2DIAGNOSTIC,    20, -2.640118014629e-01, 1.431701513760e-06, 1.1909e+01, 3.2308e-01, 
 2DIAGNOSTIC,    21, -2.640119153082e-01, 1.434077827947e-06, 1.2274e+01, 3.6533e-01, 
 2DIAGNOSTIC,    22, -2.640119144719e-01, 1.441368254439e-06, 1.2637e+01, 3.6314e-01, 
 2DIAGNOSTIC,    23, -2.640119149128e-01, 1.442927773494e-06, 1.2997e+01, 3.5989e-01, 
 2DIAGNOSTIC,    24, -2.640112970696e-01, 1.372728293453e-06, 1.3316e+01, 3.1849e-01, 
 2DIAGNOSTIC,    25, -2.640112893943e-01, 1.296863202147e-06, 1.3681e+01, 3.6522e-01, 
 2DIAGNOSTIC,    26, -2.640115690328e-01, 1.227718901944e-06, 1.4050e+01, 3.6884e-01, 
 2DIAGNOSTIC,    27, -2.640115344638e-01, 1.154857962107e-06, 1.4411e+01, 3.6104e-01, 
 2DIAGNOSTIC,    28, -2.640109088086e-01, 1.075857465727e-06, 1.4732e+01, 3.2174e-01, 
 2DIAGNOSTIC,    29, -2.640107240326e-01, 1.008315108290e-06, 1.5075e+01, 3.4247e-01, 
 2DIAGNOSTIC,    30, -2.640106798672e-01, 9.589614315964e-07, 1.5417e+01, 3.4167e-01, 
 2DIAGNOSTIC,    31, -2.640106868554e-01, 9.256884006548e-07, 1.5760e+01, 3.4318e-01, 
 2DIAGNOSTIC,    32, -2.640102409646e-01, 8.886666475333e-07, 1.6104e+01, 3.4385e-01, 
 2DIAGNOSTIC,    33, -2.640102902041e-01, 8.669955876006e-07, 1.6411e+01, 3.0729e-01, 
 2DIAGNOSTIC,    34, -2.640100060484e-01, 8.273069209766e-07, 1.6715e+01, 3.0362e-01, 
 2DIAGNOSTIC,    35, -2.640105128455e-01, 8.150400588255e-07, 1.7023e+01, 3.0860e-01, 
 2DIAGNOSTIC,    36, -2.640108189352e-01, 8.291443603925e-07, 1.7370e+01, 3.4661e-01, 
 2DIAGNOSTIC,    37, -2.640110815665e-01, 8.547415255647e-07, 1.7842e+01, 4.7219e-01, 
 2DIAGNOSTIC,    38, -2.640110047712e-01, 8.598846222320e-07, 1.8150e+01, 3.0820e-01, 
 2DIAGNOSTIC,    39, -2.640106082190e-01, 8.467433706000e-07, 1.8499e+01, 3.4918e-01, 
 2DIAGNOSTIC,    40, -2.640109408188e-01, 8.390893857131e-07, 1.8850e+01, 3.5078e-01, 
 2DIAGNOSTIC,    41, -2.640104959478e-01, 8.157382877447e-07, 1.9160e+01, 3.1025e-01, 
 2DIAGNOSTIC,    42, -2.640104717380e-01, 7.778564233216e-07, 1.9475e+01, 3.1417e-01, 
