Running T1-THOMAS on sub-3
INFO:    Mounting image with FUSE.
Some packages in this Docker container are non-free
If you are considering commercial use of this container, please consult the relevant license:
https://fsl.fmrib.ox.ac.uk/fsl/fslwiki/Licence
THOMAS_HOME setting of /opt/thomas_new
Linux OS detected
File name OK
Running left and right thalamus MV big
All_Command_lines_OK
Using double precision for computations.
=============================================================================
The composite transform comprises the following transforms (in order): 
  1. Center of mass alignment using fixed image: sub-3_desc-preproc_T1w.nii.gz and moving image: /opt/thomas_new/origtemplate.nii.gz (type = Euler3DTransform)
=============================================================================
  number of levels = 4
  number of levels = 4
  fixed image: sub-3_desc-preproc_T1w.nii.gz
  moving image: /opt/thomas_new/origtemplate.nii.gz
  fixed image: sub-3_desc-preproc_T1w.nii.gz
  moving image: /opt/thomas_new/origtemplate.nii.gz
Dimension = 3
Number of stages = 2
Use Histogram Matching false
Winsorize image intensities false
Lower quantile = 0
Upper quantile = 1
Stage 1 State
   Image metric = Mattes
     Fixed image = Image (0x47d8940)
  RTTI typeinfo:   itk::Image<double, 3u>
  Reference Count: 2
  Modified Time: 1696
  Debug: Off
  Object Name: 
  Observers: 
    none
  Source: (none)
  Source output name: (none)
  Release Data: Off
  Data Released: False
  Global Release Data: Off
  PipelineMTime: 0
  UpdateMTime: 1479
  RealTimeStamp: 0 seconds 
  LargestPossibleRegion: 
    Dimension: 3
    Index: [0, 0, 0]
    Size: [256, 256, 150]
  BufferedRegion: 
    Dimension: 3
    Index: [0, 0, 0]
    Size: [256, 256, 150]
  RequestedRegion: 
    Dimension: 3
    Index: [0, 0, 0]
    Size: [256, 256, 150]
  Spacing: [0.943548, 0.943548, 1.1]
  Origin: [126.999, 109.594, -86.2104]
  Direction: 
-0.996512 0.00121796 -0.083435
-0.0121824 -0.991303 0.131031
-0.0825498 0.131591 0.987861

  IndexToPointMatrix: 
-0.940258 0.0011492 -0.0917785
-0.0114947 -0.935343 0.144134
-0.0778897 0.124162 1.08665

  PointToIndexMatrix: 
-1.05613 -0.0129113 -0.0874887
0.00129083 -1.05061 0.139464
-0.07585 0.119119 0.898056

  Inverse Direction: 
-0.996512 -0.0121824 -0.0825498
0.00121796 -0.991303 0.131591
-0.083435 0.131031 0.987861

  PixelContainer: 
    ImportImageContainer (0x47d1420)
      RTTI typeinfo:   itk::ImportImageContainer<unsigned long, double>
      Reference Count: 1
      Modified Time: 1476
      Debug: Off
      Object Name: 
      Observers: 
        none
      Pointer: 0x155143c7a010
      Container manages memory: true
      Size: 9830400
      Capacity: 9830400

     Moving image = Image (0x47d21f0)
  RTTI typeinfo:   itk::Image<double, 3u>
  Reference Count: 2
  Modified Time: 1697
  Debug: Off
  Object Name: 
  Observers: 
    none
  Source: (none)
  Source output name: (none)
  Release Data: Off
  Data Released: False
  Global Release Data: Off
  PipelineMTime: 0
  UpdateMTime: 1694
  RealTimeStamp: 0 seconds 
  LargestPossibleRegion: 
    Dimension: 3
    Index: [0, 0, 0]
    Size: [256, 440, 256]
  BufferedRegion: 
    Dimension: 3
    Index: [0, 0, 0]
    Size: [256, 440, 256]
  RequestedRegion: 
    Dimension: 3
    Index: [0, 0, 0]
    Size: [256, 440, 256]
  Spacing: [0.7031, 0.5, 0.7031]
  Origin: [83.5844, 59.822, -106.951]
  Direction: 
-1 0 0
0 -1 0
0 0 1

  IndexToPointMatrix: 
-0.7031 0 0
0 -0.5 0
0 0 0.7031

  PointToIndexMatrix: 
-1.42227 0 0
0 -2 0
0 0 1.42227

  Inverse Direction: 
-1 0 0
0 -1 0
0 0 1

  PixelContainer: 
    ImportImageContainer (0x47d2480)
      RTTI typeinfo:   itk::ImportImageContainer<unsigned long, double>
      Reference Count: 1
      Modified Time: 1691
      Debug: Off
      Object Name: 
      Observers: 
        none
      Pointer: 0x155136079010
      Container manages memory: true
      Size: 28835840
      Capacity: 28835840

     Weighting = 1
     Sampling strategy = regular
     Number of bins = 32
     Radius = 4
     Sampling percentage  = 0.25
   Transform = Rigid
     Gradient step = 0.1
     Update field sigma (voxel space) = 0
     Total field sigma (voxel space) = 0
     Update field time sigma = 0
     Total field time sigma  = 0
     Number of time indices = 0
     Number of time point samples = 0
Stage 2 State
   Image metric = Mattes
     Fixed image = Image (0x47e4960)
  RTTI typeinfo:   itk::Image<double, 3u>
  Reference Count: 2
  Modified Time: 2128
  Debug: Off
  Object Name: 
  Observers: 
    none
  Source: (none)
  Source output name: (none)
  Release Data: Off
  Data Released: False
  Global Release Data: Off
  PipelineMTime: 0
  UpdateMTime: 1911
  RealTimeStamp: 0 seconds 
  LargestPossibleRegion: 
    Dimension: 3
    Index: [0, 0, 0]
    Size: [256, 256, 150]
  BufferedRegion: 
    Dimension: 3
    Index: [0, 0, 0]
    Size: [256, 256, 150]
  RequestedRegion: 
    Dimension: 3
    Index: [0, 0, 0]
    Size: [256, 256, 150]
  Spacing: [0.943548, 0.943548, 1.1]
  Origin: [126.999, 109.594, -86.2104]
  Direction: 
-0.996512 0.00121796 -0.083435
-0.0121824 -0.991303 0.131031
-0.0825498 0.131591 0.987861

  IndexToPointMatrix: 
-0.940258 0.0011492 -0.0917785
-0.0114947 -0.935343 0.144134
-0.0778897 0.124162 1.08665

  PointToIndexMatrix: 
-1.05613 -0.0129113 -0.0874887
0.00129083 -1.05061 0.139464
-0.07585 0.119119 0.898056

  Inverse Direction: 
-0.996512 -0.0121824 -0.0825498
0.00121796 -0.991303 0.131591
-0.083435 0.131031 0.987861

  PixelContainer: 
    ImportImageContainer (0x47d0220)
      RTTI typeinfo:   itk::ImportImageContainer<unsigned long, double>
      Reference Count: 1
      Modified Time: 1908
      Debug: Off
      Object Name: 
      Observers: 
        none
      Pointer: 0x155131578010
      Container manages memory: true
      Size: 9830400
      Capacity: 9830400

     Moving image = Image (0x47e63f0)
  RTTI typeinfo:   itk::Image<double, 3u>
  Reference Count: 2
  Modified Time: 2129
  Debug: Off
  Object Name: 
  Observers: 
    none
  Source: (none)
  Source output name: (none)
  Release Data: Off
  Data Released: False
  Global Release Data: Off
  PipelineMTime: 0
  UpdateMTime: 2126
  RealTimeStamp: 0 seconds 
  LargestPossibleRegion: 
    Dimension: 3
    Index: [0, 0, 0]
    Size: [256, 440, 256]
  BufferedRegion: 
    Dimension: 3
    Index: [0, 0, 0]
    Size: [256, 440, 256]
  RequestedRegion: 
    Dimension: 3
    Index: [0, 0, 0]
    Size: [256, 440, 256]
  Spacing: [0.7031, 0.5, 0.7031]
  Origin: [83.5844, 59.822, -106.951]
  Direction: 
-1 0 0
0 -1 0
0 0 1

  IndexToPointMatrix: 
-0.7031 0 0
0 -0.5 0
0 0 0.7031

  PointToIndexMatrix: 
-1.42227 0 0
0 -2 0
0 0 1.42227

  Inverse Direction: 
-1 0 0
0 -1 0
0 0 1

  PixelContainer: 
    ImportImageContainer (0x47d6d30)
      RTTI typeinfo:   itk::ImportImageContainer<unsigned long, double>
      Reference Count: 1
      Modified Time: 2123
      Debug: Off
      Object Name: 
      Observers: 
        none
      Pointer: 0x155123977010
      Container manages memory: true
      Size: 28835840
      Capacity: 28835840

     Weighting = 1
     Sampling strategy = regular
     Number of bins = 32
     Radius = 4
     Sampling percentage  = 0.25
   Transform = Affine
     Gradient step = 0.1
     Update field sigma (voxel space) = 0
     Total field sigma (voxel space) = 0
     Update field time sigma = 0
     Total field time sigma  = 0
     Number of time indices = 0
     Number of time point samples = 0
Registration using 2 total stages.

Stage 0
  iterations = 1000x500x250x100
  convergence threshold = 5e-07
  convergence window size = 10
  number of levels = 4
  using the Mattes MI metric (number of bins = 32, weight = 1)
  Shrink factors (level 1 out of 4): [8, 8, 7]
  Shrink factors (level 2 out of 4): [4, 4, 3]
  Shrink factors (level 3 out of 4): [2, 2, 2]
  Shrink factors (level 4 out of 4): [1, 1, 1]
  smoothing sigmas per level: [3, 2, 1, 0]
  regular sampling (percentage = 0.25)

*** Running Euler3DTransform registration ***

DIAGNOSTIC,Iteration,metricValue,convergenceValue,ITERATION_TIME_INDEX,SINCE_LAST
 2DIAGNOSTIC,     1, -4.963991048835e-01, 1.797693134862e+308, 3.4706e-01, 3.4706e-01, 
 2DIAGNOSTIC,     2, -4.969041648916e-01, 1.797693134862e+308, 3.5045e-01, 3.3901e-03, 
 2DIAGNOSTIC,     3, -4.970377776595e-01, 1.797693134862e+308, 3.5330e-01, 2.8570e-03, 
 2DIAGNOSTIC,     4, -4.971635483306e-01, 1.797693134862e+308, 3.5615e-01, 2.8410e-03, 
 2DIAGNOSTIC,     5, -4.978777274562e-01, 1.797693134862e+308, 3.5921e-01, 3.0601e-03, 
 2DIAGNOSTIC,     6, -4.981742565244e-01, 1.797693134862e+308, 3.6209e-01, 2.8858e-03, 
 2DIAGNOSTIC,     7, -4.985563270381e-01, 1.797693134862e+308, 3.6492e-01, 2.8241e-03, 
 2DIAGNOSTIC,     8, -4.996218946346e-01, 1.797693134862e+308, 3.6772e-01, 2.8031e-03, 
 2DIAGNOSTIC,     9, -5.028476316892e-01, 1.797693134862e+308, 3.7076e-01, 3.0370e-03, 
 2DIAGNOSTIC,    10, -5.136004157092e-01, 1.419417945029e-03, 3.7581e-01, 5.0509e-03, 
 2DIAGNOSTIC,    11, -5.198045783101e-01, 2.178343870592e-03, 3.7856e-01, 2.7530e-03, 
 2DIAGNOSTIC,    12, -5.394603788810e-01, 3.549656778629e-03, 3.8148e-01, 2.9259e-03, 
 2DIAGNOSTIC,    13, -5.606710729861e-01, 5.266331561679e-03, 3.8489e-01, 3.4070e-03, 
 2DIAGNOSTIC,    14, -5.713367142744e-01, 6.642567968976e-03, 3.8853e-01, 3.6402e-03, 
 2DIAGNOSTIC,    15, -5.749672618037e-01, 7.372608623985e-03, 3.9140e-01, 2.8720e-03, 
 2DIAGNOSTIC,    16, -5.763285289843e-01, 7.393061237080e-03, 3.9399e-01, 2.5811e-03, 
 2DIAGNOSTIC,    17, -5.808772501347e-01, 6.885986065174e-03, 3.9842e-01, 4.4341e-03, 
 2DIAGNOSTIC,    18, -5.855924985970e-01, 5.967040493127e-03, 4.0191e-01, 3.4881e-03, 
 2DIAGNOSTIC,    19, -5.865437574956e-01, 4.715409041578e-03, 4.0664e-01, 4.7278e-03, 
 2DIAGNOSTIC,    20, -5.868357525893e-01, 3.470033706598e-03, 4.0965e-01, 3.0191e-03, 
 2DIAGNOSTIC,    21, -5.875489596611e-01, 2.204424947167e-03, 4.1231e-01, 2.6510e-03, 
 2DIAGNOSTIC,    22, -5.883208888532e-01, 1.336587344298e-03, 4.1547e-01, 3.1629e-03, 
 2DIAGNOSTIC,    23, -5.892392335821e-01, 9.237323507902e-04, 4.1844e-01, 2.9712e-03, 
 2DIAGNOSTIC,    24, -5.913021385690e-01, 7.383124715171e-04, 4.2179e-01, 3.3529e-03, 
 2DIAGNOSTIC,    25, -5.964934740075e-01, 6.847050663523e-04, 4.2495e-01, 3.1579e-03, 
 2DIAGNOSTIC,    26, -6.048689844677e-01, 7.619175172057e-04, 4.2988e-01, 4.9331e-03, 
 2DIAGNOSTIC,    27, -6.074177383654e-01, 8.918252026672e-04, 4.3304e-01, 3.1612e-03, 
 2DIAGNOSTIC,    28, -6.129394507172e-01, 1.117074461861e-03, 4.3649e-01, 3.4468e-03, 
 2DIAGNOSTIC,    29, -6.147353838896e-01, 1.267967701979e-03, 4.4108e-01, 4.5872e-03, 
 2DIAGNOSTIC,    30, -6.194059023157e-01, 1.371397807146e-03, 4.4454e-01, 3.4630e-03, 
 2DIAGNOSTIC,    31, -6.204717354436e-01, 1.364528150374e-03, 4.4808e-01, 3.5431e-03, 
 2DIAGNOSTIC,    32, -6.204793810138e-01, 1.242422125244e-03, 4.5155e-01, 3.4649e-03, 
 2DIAGNOSTIC,    33, -6.206073977892e-01, 1.028971384371e-03, 4.5529e-01, 3.7429e-03, 
 2DIAGNOSTIC,    34, -6.207770930927e-01, 7.642243909148e-04, 4.5858e-01, 3.2890e-03, 
 2DIAGNOSTIC,    35, -6.209607880682e-01, 5.178892190563e-04, 4.6138e-01, 2.8019e-03, 
 2DIAGNOSTIC,    36, -6.215303530154e-01, 3.618289271657e-04, 4.6510e-01, 3.7122e-03, 
 2DIAGNOSTIC,    37, -6.216537701781e-01, 2.157972671759e-04, 4.6982e-01, 4.7240e-03, 
 2DIAGNOSTIC,    38, -6.217604951922e-01, 1.319205753022e-04, 4.7350e-01, 3.6819e-03, 
 2DIAGNOSTIC,    39, -6.217885262083e-01, 6.203563224799e-05, 4.7724e-01, 3.7391e-03, 
 2DIAGNOSTIC,    40, -6.217726221318e-01, 4.748821255687e-05, 4.8007e-01, 2.8300e-03, 
 2DIAGNOSTIC,    41, -6.217437913960e-01, 4.174722142872e-05, 4.8404e-01, 3.9711e-03, 
 2DIAGNOSTIC,    42, -6.217439369178e-01, 3.246981337722e-05, 4.8758e-01, 3.5338e-03, 
 2DIAGNOSTIC,    43, -6.217439941038e-01, 2.215142330706e-05, 4.9127e-01, 3.6991e-03, 
 2DIAGNOSTIC,    44, -6.217440582899e-01, 1.222704066173e-05, 4.9423e-01, 2.9562e-03, 
 2DIAGNOSTIC,    45, -6.217441427285e-01, 3.551697781323e-06, 4.9725e-01, 3.0160e-03, 
 2DIAGNOSTIC,    46, -6.217453396144e-01, 1.091676003283e-06, 5.0040e-01, 3.1559e-03, 
DIAGNOSTIC,Iteration,metricValue,convergenceValue,ITERATION_TIME_INDEX,SINCE_LAST
 2DIAGNOSTIC,     1, -4.709217061465e-01, 1.797693134862e+308, 8.6431e-01, 3.6390e-01, 
 2DIAGNOSTIC,     2, -4.715527616975e-01, 1.797693134862e+308, 8.7499e-01, 1.0687e-02, 
 2DIAGNOSTIC,     3, -4.723787096485e-01, 1.797693134862e+308, 8.8553e-01, 1.0535e-02, 
 2DIAGNOSTIC,     4, -4.731058866186e-01, 1.797693134862e+308, 8.9605e-01, 1.0521e-02, 
 2DIAGNOSTIC,     5, -4.738267126468e-01, 1.797693134862e+308, 9.0656e-01, 1.0512e-02, 
 2DIAGNOSTIC,     6, -4.745537361872e-01, 1.797693134862e+308, 9.1716e-01, 1.0595e-02, 
 2DIAGNOSTIC,     7, -4.776632296333e-01, 1.797693134862e+308, 9.2920e-01, 1.2045e-02, 
 2DIAGNOSTIC,     8, -4.788414242991e-01, 1.797693134862e+308, 9.4491e-01, 1.5706e-02, 
 2DIAGNOSTIC,     9, -4.789709193201e-01, 1.797693134862e+308, 9.5710e-01, 1.2192e-02, 
 2DIAGNOSTIC,    10, -4.792328842207e-01, 1.293925918948e-03, 9.6954e-01, 1.2437e-02, 
 2DIAGNOSTIC,    11, -4.792461384577e-01, 1.125221377082e-03, 9.8020e-01, 1.0669e-02, 
 2DIAGNOSTIC,    12, -4.793522102730e-01, 9.180680376613e-04, 9.9093e-01, 1.0726e-02, 
 2DIAGNOSTIC,    13, -4.797426792016e-01, 7.147914460137e-04, 1.0016e+00, 1.0647e-02, 
 2DIAGNOSTIC,    14, -4.801771666659e-01, 5.264839032459e-04, 1.0140e+00, 1.2405e-02, 
 2DIAGNOSTIC,    15, -4.802696661786e-01, 3.489554011911e-04, 1.0268e+00, 1.2791e-02, 
 2DIAGNOSTIC,    16, -4.806211969154e-01, 1.997110221477e-04, 1.0421e+00, 1.5333e-02, 
 2DIAGNOSTIC,    17, -4.810826496285e-01, 1.739145529300e-04, 1.0528e+00, 1.0690e-02, 
 2DIAGNOSTIC,    18, -4.831459430612e-01, 2.417335652324e-04, 1.0649e+00, 1.2091e-02, 
 2DIAGNOSTIC,    19, -4.834488722602e-01, 2.916839695343e-04, 1.0774e+00, 1.2534e-02, 
 2DIAGNOSTIC,    20, -4.835091667666e-01, 3.200149191515e-04, 1.0978e+00, 2.0386e-02, 
 2DIAGNOSTIC,    21, -4.835118311232e-01, 3.174496237349e-04, 1.1102e+00, 1.2428e-02, 
 2DIAGNOSTIC,    22, -4.835073209375e-01, 2.879540895437e-04, 1.1226e+00, 1.2321e-02, 
 2DIAGNOSTIC,    23, -4.834766532188e-01, 2.424548070803e-04, 1.1338e+00, 1.1260e-02, 
 2DIAGNOSTIC,    24, -4.834670907261e-01, 1.886239119106e-04, 1.1453e+00, 1.1492e-02, 
 2DIAGNOSTIC,    25, -4.834784907815e-01, 1.246589201229e-04, 1.1572e+00, 1.1849e-02, 
 2DIAGNOSTIC,    26, -4.834815841310e-01, 6.249532724852e-05, 1.1696e+00, 1.2402e-02, 
 2DIAGNOSTIC,    27, -4.834854502810e-01, 8.225987487176e-06, 1.1819e+00, 1.2353e-02, 
 2DIAGNOSTIC,    28, -4.834762244594e-01, 5.178921902368e-07, 1.1944e+00, 1.2504e-02, 
DIAGNOSTIC,Iteration,metricValue,convergenceValue,ITERATION_TIME_INDEX,SINCE_LAST
 2DIAGNOSTIC,     1, -3.787285997096e-01, 1.797693134862e+308, 1.7271e+00, 5.3271e-01, 
 2DIAGNOSTIC,     2, -3.788669115801e-01, 1.797693134862e+308, 1.7938e+00, 6.6654e-02, 
 2DIAGNOSTIC,     3, -3.788849859680e-01, 1.797693134862e+308, 1.8602e+00, 6.6422e-02, 
 2DIAGNOSTIC,     4, -3.788794321162e-01, 1.797693134862e+308, 1.9237e+00, 6.3517e-02, 
 2DIAGNOSTIC,     5, -3.788746720816e-01, 1.797693134862e+308, 1.9871e+00, 6.3376e-02, 
 2DIAGNOSTIC,     6, -3.788793440968e-01, 1.797693134862e+308, 2.0503e+00, 6.3225e-02, 
 2DIAGNOSTIC,     7, -3.788784053707e-01, 1.797693134862e+308, 2.1101e+00, 5.9826e-02, 
 2DIAGNOSTIC,     8, -3.788892765274e-01, 1.797693134862e+308, 2.1676e+00, 5.7468e-02, 
 2DIAGNOSTIC,     9, -3.789238725589e-01, 1.797693134862e+308, 2.2319e+00, 6.4333e-02, 
 2DIAGNOSTIC,    10, -3.789711972732e-01, 2.535945749257e-05, 2.2888e+00, 5.6880e-02, 
 2DIAGNOSTIC,    11, -3.790513470559e-01, 2.318629607814e-05, 2.3457e+00, 5.6854e-02, 
 2DIAGNOSTIC,    12, -3.792610524558e-01, 4.119035732532e-05, 2.4202e+00, 7.4497e-02, 
 2DIAGNOSTIC,    13, -3.793037329051e-01, 5.619394070755e-05, 2.5012e+00, 8.1043e-02, 
 2DIAGNOSTIC,    14, -3.792947578358e-01, 6.349928124372e-05, 2.5668e+00, 6.5545e-02, 
 2DIAGNOSTIC,    15, -3.792943595764e-01, 6.413221979015e-05, 2.6415e+00, 7.4726e-02, 
 2DIAGNOSTIC,    16, -3.792950681050e-01, 5.920519323972e-05, 2.7078e+00, 6.6289e-02, 
 2DIAGNOSTIC,    17, -3.792954160449e-01, 4.941979851573e-05, 2.7663e+00, 5.8509e-02, 
 2DIAGNOSTIC,    18, -3.792951779730e-01, 3.674814560321e-05, 2.8329e+00, 6.6566e-02, 
 2DIAGNOSTIC,    19, -3.792958942219e-01, 2.368343941950e-05, 2.8925e+00, 5.9613e-02, 
 2DIAGNOSTIC,    20, -3.793048041272e-01, 1.202447781769e-05, 2.9497e+00, 5.7209e-02, 
 2DIAGNOSTIC,    21, -3.793121340718e-01, 3.416860895368e-06, 3.0146e+00, 6.4936e-02, 
 2DIAGNOSTIC,    22, -3.793083375127e-01, 2.382610065618e-06, 3.0795e+00, 6.4928e-02, 
 2DIAGNOSTIC,    23, -3.793112160607e-01, 2.855540266800e-06, 3.1364e+00, 5.6842e-02, 
 2DIAGNOSTIC,    24, -3.793207050222e-01, 3.166251812584e-06, 3.1934e+00, 5.6997e-02, 
 2DIAGNOSTIC,    25, -3.793227243461e-01, 3.312942621243e-06, 3.2594e+00, 6.6008e-02, 
 2DIAGNOSTIC,    26, -3.793213919766e-01, 3.237336886390e-06, 3.3563e+00, 9.6861e-02, 
 2DIAGNOSTIC,    27, -3.793202063932e-01, 2.965651447973e-06, 3.4205e+00, 6.4230e-02, 
 2DIAGNOSTIC,    28, -3.793200060472e-01, 2.538111947857e-06, 3.4924e+00, 7.1894e-02, 
 2DIAGNOSTIC,    29, -3.793187545542e-01, 1.982561508920e-06, 3.5556e+00, 6.3267e-02, 
 2DIAGNOSTIC,    30, -3.793181258048e-01, 1.580794604689e-06, 3.6167e+00, 6.1073e-02, 
 2DIAGNOSTIC,    31, -3.793149365778e-01, 1.263535871938e-06, 3.6698e+00, 5.3081e-02, 
 2DIAGNOSTIC,    32, -3.793144754235e-01, 8.475276281339e-07, 3.7328e+00, 6.2954e-02, 
 2DIAGNOSTIC,    33, -3.793142775861e-01, 5.249249897046e-07, 3.7967e+00, 6.3988e-02, 
DIAGNOSTIC,Iteration,metricValue,convergenceValue,ITERATION_TIME_INDEX,SINCE_LAST
 2DIAGNOSTIC,     1, -2.934143608594e-01, 1.797693134862e+308, 4.9879e+00, 1.1912e+00, 
 2DIAGNOSTIC,     2, -2.936075223669e-01, 1.797693134862e+308, 5.3096e+00, 3.2172e-01, 
 2DIAGNOSTIC,     3, -2.937822113563e-01, 1.797693134862e+308, 5.6694e+00, 3.5978e-01, 
 2DIAGNOSTIC,     4, -2.938253113163e-01, 1.797693134862e+308, 6.0430e+00, 3.7361e-01, 
 2DIAGNOSTIC,     5, -2.938308230682e-01, 1.797693134862e+308, 6.4186e+00, 3.7559e-01, 
 2DIAGNOSTIC,     6, -2.938247806794e-01, 1.797693134862e+308, 7.2369e+00, 8.1827e-01, 
 2DIAGNOSTIC,     7, -2.938247791231e-01, 1.797693134862e+308, 7.6046e+00, 3.6770e-01, 
 2DIAGNOSTIC,     8, -2.938247223509e-01, 1.797693134862e+308, 7.9458e+00, 3.4126e-01, 
 2DIAGNOSTIC,     9, -2.938246693039e-01, 1.797693134862e+308, 8.2706e+00, 3.2481e-01, 
 2DIAGNOSTIC,    10, -2.938244999473e-01, 6.398181533421e-05, 8.5933e+00, 3.2265e-01, 
 2DIAGNOSTIC,    11, -2.938244444341e-01, 2.493007399171e-05, 8.8787e+00, 2.8545e-01, 
 2DIAGNOSTIC,    12, -2.938244761336e-01, 5.634768953058e-06, 9.1614e+00, 2.8268e-01, 
 2DIAGNOSTIC,    13, -2.938245777672e-01, 1.952244342421e-06, 9.4899e+00, 3.2851e-01, 
 2DIAGNOSTIC,    14, -2.938245004354e-01, 1.797743710660e-06, 9.8132e+00, 3.2326e-01, 
 2DIAGNOSTIC,    15, -2.938240757310e-01, 2.046860525157e-06, 1.0176e+01, 3.6273e-01, 
 2DIAGNOSTIC,    16, -2.938240117471e-01, 1.903192628577e-06, 1.0498e+01, 3.2216e-01, 
 2DIAGNOSTIC,    17, -2.938238477344e-01, 1.774451714044e-06, 1.0782e+01, 2.8361e-01, 
 2DIAGNOSTIC,    18, -2.938237948586e-01, 1.662761106996e-06, 1.1069e+01, 2.8708e-01, 
 2DIAGNOSTIC,    19, -2.938241035592e-01, 1.585835907002e-06, 1.1355e+01, 2.8595e-01, 
 2DIAGNOSTIC,    20, -2.938240363237e-01, 1.513351116547e-06, 1.1678e+01, 3.2378e-01, 
 2DIAGNOSTIC,    21, -2.938245023609e-01, 1.474211942985e-06, 1.2005e+01, 3.2611e-01, 
 2DIAGNOSTIC,    22, -2.938240089457e-01, 1.421397470808e-06, 1.2366e+01, 3.6155e-01, 
 2DIAGNOSTIC,    23, -2.938237475026e-01, 1.369393708053e-06, 1.2732e+01, 3.6556e-01, 
 2DIAGNOSTIC,    24, -2.938237857392e-01, 1.321968284770e-06, 1.3106e+01, 3.7385e-01, 
 2DIAGNOSTIC,    25, -2.938236992780e-01, 1.258309776750e-06, 1.3435e+01, 3.2951e-01, 
 2DIAGNOSTIC,    26, -2.938236138450e-01, 1.195400304140e-06, 1.3732e+01, 2.9721e-01, 
 2DIAGNOSTIC,    27, -2.938235411127e-01, 1.131813363281e-06, 1.4022e+01, 2.9011e-01, 
 2DIAGNOSTIC,    28, -2.938235855405e-01, 1.076983707785e-06, 1.4359e+01, 3.3641e-01, 
 2DIAGNOSTIC,    29, -2.938235981812e-01, 1.042130632879e-06, 1.4693e+01, 3.3411e-01, 
 2DIAGNOSTIC,    30, -2.938236691311e-01, 1.014166667215e-06, 1.5017e+01, 3.2365e-01, 
 2DIAGNOSTIC,    31, -2.938237249244e-01, 1.009058133716e-06, 1.5345e+01, 3.2844e-01, 
 2DIAGNOSTIC,    32, -2.938235500977e-01, 9.859162400233e-07, 1.5672e+01, 3.2727e-01, 
 2DIAGNOSTIC,    33, -2.938237990906e-01, 9.646718505396e-07, 1.6011e+01, 3.3919e-01, 
 2DIAGNOSTIC,    34, -2.938238187312e-01, 9.460126731142e-07, 1.6311e+01, 3.0001e-01, 
 2DIAGNOSTIC,    35, -2.938237479791e-01, 9.231017194730e-07, 1.6608e+01, 2.9698e-01, 
 2DIAGNOSTIC,    36, -2.938238360409e-01, 9.004158294142e-07, 1.6941e+01, 3.3217e-01, 
 2DIAGNOSTIC,    37, -2.938239097955e-01, 8.773568020808e-07, 1.7236e+01, 2.9542e-01, 
 2DIAGNOSTIC,    38, -2.938241816950e-01, 8.617772062347e-07, 1.7578e+01, 3.4152e-01, 
 2DIAGNOSTIC,    39, -2.938238268090e-01, 8.358966628388e-07, 1.7912e+01, 3.3423e-01, 
 2DIAGNOSTIC,    40, -2.938242854218e-01, 8.225700831900e-07, 1.8252e+01, 3.4070e-01, 
 2DIAGNOSTIC,    41, -2.938241191868e-01, 8.045407160172e-07, 1.8708e+01, 4.5598e-01, 
 2DIAGNOSTIC,    42, -2.938240709878e-01, 7.793559973074e-07, 1.9080e+01, 3.7144e-01, 
 2DIAGNOSTIC,    43, -2.938238201752e-01, 7.532815143527e-07, 1.9430e+01, 3.4972e-01, 
 2DIAGNOSTIC,    44, -2.938238958212e-01, 7.294496018953e-07, 1.9839e+01, 4.0942e-01, 
 2DIAGNOSTIC,    45, -2.938237014943e-01, 7.001688205194e-07, 2.0207e+01, 3.6755e-01, 
 2DIAGNOSTIC,    46, -2.938236196438e-01, 6.729173618637e-07, 2.0512e+01, 3.0544e-01, 
 2DIAGNOSTIC,    47, -2.938235310327e-01, 6.482837978626e-07, 2.0828e+01, 3.1574e-01, 
 2DIAGNOSTIC,    48, -2.938234043930e-01, 6.306514827373e-07, 2.1191e+01, 3.6274e-01, 
 2DIAGNOSTIC,    49, -2.938232593940e-01, 6.066622070637e-07, 2.1514e+01, 3.2358e-01, 
 2DIAGNOSTIC,    50, -2.938230195448e-01, 5.920321833504e-07, 2.1878e+01, 3.6364e-01, 
 2DIAGNOSTIC,    51, -2.938231049629e-01, 5.807774332428e-07, 2.2283e+01, 4.0481e-01, 
 2DIAGNOSTIC,    52, -2.938232567745e-01, 5.759964843352e-07, 2.2648e+01, 3.6518e-01, 
 2DIAGNOSTIC,    53, -2.938230592574e-01, 5.664616270287e-07, 2.2957e+01, 3.0890e-01, 
 2DIAGNOSTIC,    54, -2.938231191485e-01, 5.632315368195e-07, 2.3295e+01, 3.3869e-01, 
 2DIAGNOSTIC,    55, -2.938232835566e-01, 5.621092654846e-07, 2.3630e+01, 3.3443e-01, 
 2DIAGNOSTIC,    56, -2.938231120167e-01, 5.580469098140e-07, 2.3967e+01, 3.3771e-01, 
 2DIAGNOSTIC,    57, -2.938230594623e-01, 5.527560469482e-07, 2.4344e+01, 3.7701e-01, 
 2DIAGNOSTIC,    58, -2.938228810358e-01, 5.431945120059e-07, 2.4767e+01, 4.2295e-01, 
 2DIAGNOSTIC,    59, -2.938228944659e-01, 5.324901157441e-07, 2.5125e+01, 3.5718e-01, 
 2DIAGNOSTIC,    60, -2.938227981132e-01, 5.172104207488e-07, 2.5424e+01, 2.9893e-01, 
 2DIAGNOSTIC,    61, -2.938227071267e-01, 5.035396706925e-07, 2.5723e+01, 2.9907e-01, 
  Elapsed time (stage 0): 2.6027e+01


Stage 1
  iterations = 1000x500x250x100
  convergence threshold = 4.0000e-07
  convergence window size = 10
  number of levels = 4
  using the Mattes MI metric (number of bins = 32, weight = 1.0000e+00)
  Shrink factors (level 1 out of 4): [8, 8, 7]
  Shrink factors (level 2 out of 4): [4, 4, 3]
  Shrink factors (level 3 out of 4): [2, 2, 2]
  Shrink factors (level 4 out of 4): [1, 1, 1]
  smoothing sigmas per level: [3, 2, 1, 0]
  regular sampling (percentage = 2.5000e-01)

*** Running AffineTransform registration ***

DIAGNOSTIC,Iteration,metricValue,convergenceValue,ITERATION_TIME_INDEX,SINCE_LAST
 2DIAGNOSTIC,     1, -6.208371375218e-01, 1.797693134862e+308, 3.4651e-01, 3.4651e-01, 
 2DIAGNOSTIC,     2, -6.223346822418e-01, 1.797693134862e+308, 3.4942e-01, 2.9101e-03, 
 2DIAGNOSTIC,     3, -6.247550815858e-01, 1.797693134862e+308, 3.5299e-01, 3.5639e-03, 
 2DIAGNOSTIC,     4, -6.255866272734e-01, 1.797693134862e+308, 3.5599e-01, 3.0060e-03, 
 2DIAGNOSTIC,     5, -6.295511716913e-01, 1.797693134862e+308, 3.5900e-01, 3.0129e-03, 
 2DIAGNOSTIC,     6, -6.345000116739e-01, 1.797693134862e+308, 3.6290e-01, 3.8941e-03, 
 2DIAGNOSTIC,     7, -6.481514448536e-01, 1.797693134862e+308, 3.6668e-01, 3.7789e-03, 
 2DIAGNOSTIC,     8, -6.499122076494e-01, 1.797693134862e+308, 3.6962e-01, 2.9402e-03, 
 2DIAGNOSTIC,     9, -6.543953094467e-01, 1.797693134862e+308, 3.7270e-01, 3.0818e-03, 
 2DIAGNOSTIC,    10, -6.625692229954e-01, 4.407497174582e-03, 3.7635e-01, 3.6521e-03, 
 2DIAGNOSTIC,    11, -6.666159159070e-01, 4.416080884175e-03, 3.7935e-01, 3.0010e-03, 
 2DIAGNOSTIC,    12, -6.720209903455e-01, 4.273264846368e-03, 3.8399e-01, 4.6411e-03, 
 2DIAGNOSTIC,    13, -6.731191675165e-01, 3.889043686535e-03, 3.8751e-01, 3.5110e-03, 
 2DIAGNOSTIC,    14, -6.737901438759e-01, 3.261799704682e-03, 3.9066e-01, 3.1509e-03, 
 2DIAGNOSTIC,    15, -6.747712908276e-01, 2.567770941302e-03, 3.9435e-01, 3.6891e-03, 
 2DIAGNOSTIC,    16, -6.752286882576e-01, 1.865172508796e-03, 3.9811e-01, 3.7649e-03, 
 2DIAGNOSTIC,    17, -6.755372451379e-01, 1.435904192776e-03, 4.0102e-01, 2.9070e-03, 
 2DIAGNOSTIC,    18, -6.757615112365e-01, 9.718846438991e-04, 4.0401e-01, 2.9941e-03, 
 2DIAGNOSTIC,    19, -6.763037875173e-01, 5.808413675331e-04, 4.0755e-01, 3.5410e-03, 
 2DIAGNOSTIC,    20, -6.765885102083e-01, 3.584162855757e-04, 4.1205e-01, 4.5021e-03, 
 2DIAGNOSTIC,    21, -6.770770483906e-01, 2.151895338537e-04, 4.1586e-01, 3.8021e-03, 
 2DIAGNOSTIC,    22, -6.772811890295e-01, 1.753168309712e-04, 4.1946e-01, 3.5989e-03, 
 2DIAGNOSTIC,    23, -6.775025814303e-01, 1.474880209558e-04, 4.2319e-01, 3.7310e-03, 
 2DIAGNOSTIC,    24, -6.775989279413e-01, 1.217085455017e-04, 4.2697e-01, 3.7792e-03, 
 2DIAGNOSTIC,    25, -6.777182565117e-01, 1.055209873378e-04, 4.3000e-01, 3.0329e-03, 
 2DIAGNOSTIC,    26, -6.777833115469e-01, 8.936353020356e-05, 4.3322e-01, 3.2210e-03, 
 2DIAGNOSTIC,    27, -6.780449810853e-01, 7.521348559549e-05, 4.3704e-01, 3.8168e-03, 
 2DIAGNOSTIC,    28, -6.783775147042e-01, 6.345077566187e-05, 4.4239e-01, 5.3570e-03, 
 2DIAGNOSTIC,    29, -6.785277354718e-01, 5.677927942108e-05, 4.4563e-01, 3.2392e-03, 
 2DIAGNOSTIC,    30, -6.786474029242e-01, 5.098832096215e-05, 4.4965e-01, 4.0200e-03, 
 2DIAGNOSTIC,    31, -6.786904142272e-01, 4.819887431180e-05, 4.5313e-01, 3.4800e-03, 
 2DIAGNOSTIC,    32, -6.787301978371e-01, 4.429870959392e-05, 4.5729e-01, 4.1571e-03, 
 2DIAGNOSTIC,    33, -6.788333486097e-01, 4.066476229995e-05, 4.6022e-01, 2.9330e-03, 
 2DIAGNOSTIC,    34, -6.788875167539e-01, 3.532151231402e-05, 4.6340e-01, 3.1772e-03, 
 2DIAGNOSTIC,    35, -6.789392538905e-01, 2.916679833835e-05, 4.6692e-01, 3.5200e-03, 
 2DIAGNOSTIC,    36, -6.790179547520e-01, 2.236369276463e-05, 4.6984e-01, 2.9180e-03, 
 2DIAGNOSTIC,    37, -6.793364762733e-01, 2.049570516668e-05, 4.7369e-01, 3.8540e-03, 
 2DIAGNOSTIC,    38, -6.797845270281e-01, 2.549074309441e-05, 4.7854e-01, 4.8501e-03, 
 2DIAGNOSTIC,    39, -6.800223492007e-01, 3.199340077424e-05, 4.8217e-01, 3.6240e-03, 
 2DIAGNOSTIC,    40, -6.800411508046e-01, 3.670463250749e-05, 4.8533e-01, 3.1619e-03, 
 2DIAGNOSTIC,    41, -6.800723854281e-01, 3.861104819554e-05, 4.8890e-01, 3.5701e-03, 
 2DIAGNOSTIC,    42, -6.801723776065e-01, 3.817486048066e-05, 4.9202e-01, 3.1230e-03, 
 2DIAGNOSTIC,    43, -6.802440536896e-01, 3.580355782857e-05, 4.9606e-01, 4.0369e-03, 
 2DIAGNOSTIC,    44, -6.804015243849e-01, 3.222430173299e-05, 5.0229e-01, 6.2361e-03, 
 2DIAGNOSTIC,    45, -6.803846530236e-01, 2.617841877451e-05, 5.0537e-01, 3.0739e-03, 
 2DIAGNOSTIC,    46, -6.804097437987e-01, 1.894868341957e-05, 5.0875e-01, 3.3810e-03, 
 2DIAGNOSTIC,    47, -6.804181979005e-01, 1.314974158633e-05, 5.1211e-01, 3.3569e-03, 
 2DIAGNOSTIC,    48, -6.804036899771e-01, 1.016382966746e-05, 5.1500e-01, 2.8989e-03, 
 2DIAGNOSTIC,    49, -6.804016748484e-01, 8.431579278542e-06, 5.1799e-01, 2.9831e-03, 
 2DIAGNOSTIC,    50, -6.803844821128e-01, 6.047944393572e-06, 5.2172e-01, 3.7370e-03, 
 2DIAGNOSTIC,    51, -6.804552692411e-01, 4.093382846168e-06, 5.2504e-01, 3.3150e-03, 
 2DIAGNOSTIC,    52, -6.804498278909e-01, 2.631000753404e-06, 5.2995e-01, 4.9109e-03, 
 2DIAGNOSTIC,    53, -6.804506494953e-01, 1.584864562039e-06, 5.3310e-01, 3.1521e-03, 
 2DIAGNOSTIC,    54, -6.804153233417e-01, 1.459991767323e-06, 5.3623e-01, 3.1271e-03, 
 2DIAGNOSTIC,    55, -6.804307439001e-01, 1.246591205172e-06, 5.3994e-01, 3.7110e-03, 
 2DIAGNOSTIC,    56, -6.804841147415e-01, 1.552844604378e-06, 5.4372e-01, 3.7780e-03, 
 2DIAGNOSTIC,    57, -6.805365373108e-01, 2.191952874386e-06, 5.4874e-01, 5.0211e-03, 
 2DIAGNOSTIC,    58, -6.805674604062e-01, 2.776214532308e-06, 5.5311e-01, 4.3690e-03, 
 2DIAGNOSTIC,    59, -6.805837189028e-01, 3.246443651635e-06, 5.5603e-01, 2.9230e-03, 
 2DIAGNOSTIC,    60, -6.806004273533e-01, 3.426101711734e-06, 5.5901e-01, 2.9790e-03, 
 2DIAGNOSTIC,    61, -6.806241386882e-01, 3.968093610147e-06, 5.6256e-01, 3.5541e-03, 
 2DIAGNOSTIC,    62, -6.806026185431e-01, 3.966464249227e-06, 5.6581e-01, 3.2470e-03, 
 2DIAGNOSTIC,    63, -6.805902668100e-01, 3.572300192448e-06, 5.6937e-01, 3.5541e-03, 
 2DIAGNOSTIC,    64, -6.805909891171e-01, 2.674461795912e-06, 5.7273e-01, 3.3679e-03, 
 2DIAGNOSTIC,    65, -6.806050183485e-01, 1.778322867903e-06, 5.7562e-01, 2.8851e-03, 
 2DIAGNOSTIC,    66, -6.806656124582e-01, 1.504222801495e-06, 5.7883e-01, 3.2110e-03, 
 2DIAGNOSTIC,    67, -6.807608211844e-01, 2.061309502435e-06, 5.8199e-01, 3.1621e-03, 
 2DIAGNOSTIC,    68, -6.809606633743e-01, 3.874988988031e-06, 5.8638e-01, 4.3859e-03, 
 2DIAGNOSTIC,    69, -6.810139126815e-01, 5.707815330646e-06, 5.9179e-01, 5.4169e-03, 
 2DIAGNOSTIC,    70, -6.810242944790e-01, 7.150842055045e-06, 5.9504e-01, 3.2451e-03, 
 2DIAGNOSTIC,    71, -6.810255737099e-01, 8.071991206844e-06, 5.9800e-01, 2.9621e-03, 
 2DIAGNOSTIC,    72, -6.810289124224e-01, 8.119786803861e-06, 6.0116e-01, 3.1600e-03, 
 2DIAGNOSTIC,    73, -6.810424283128e-01, 7.417241256334e-06, 6.0442e-01, 3.2570e-03, 
 2DIAGNOSTIC,    74, -6.810354337063e-01, 6.024296393561e-06, 6.0759e-01, 3.1688e-03, 
 2DIAGNOSTIC,    75, -6.810656272828e-01, 4.393640347404e-06, 6.1094e-01, 3.3529e-03, 
 2DIAGNOSTIC,    76, -6.811428914261e-01, 3.187776648490e-06, 6.1501e-01, 4.0681e-03, 
 2DIAGNOSTIC,    77, -6.812108245117e-01, 2.602355748794e-06, 6.2224e-01, 7.2339e-03, 
 2DIAGNOSTIC,    78, -6.812109332483e-01, 2.891214468665e-06, 6.2554e-01, 3.2921e-03, 
 2DIAGNOSTIC,    79, -6.812117362455e-01, 3.231529400970e-06, 6.2862e-01, 3.0849e-03, 
 2DIAGNOSTIC,    80, -6.812130215480e-01, 3.354792893784e-06, 6.3212e-01, 3.5019e-03, 
 2DIAGNOSTIC,    81, -6.812149743485e-01, 3.197494209720e-06, 6.3507e-01, 2.9521e-03, 
 2DIAGNOSTIC,    82, -6.812180714070e-01, 2.799182008250e-06, 6.3826e-01, 3.1860e-03, 
 2DIAGNOSTIC,    83, -6.812230123148e-01, 2.279451697718e-06, 6.4106e-01, 2.8050e-03, 
 2DIAGNOSTIC,    84, -6.812308808614e-01, 1.599184506856e-06, 6.4403e-01, 2.9619e-03, 
 2DIAGNOSTIC,    85, -6.812433345903e-01, 1.021326808162e-06, 6.4711e-01, 3.0801e-03, 
 2DIAGNOSTIC,    86, -6.812384465160e-01, 7.389308073254e-07, 6.5032e-01, 3.2098e-03, 
 2DIAGNOSTIC,    87, -6.812293621392e-01, 7.145908868245e-07, 6.5380e-01, 3.4819e-03, 
 2DIAGNOSTIC,    88, -6.812167090908e-01, 5.988176101489e-07, 6.5791e-01, 4.1099e-03, 
 2DIAGNOSTIC,    89, -6.812413705778e-01, 5.836545974008e-07, 6.6260e-01, 4.6949e-03, 
 2DIAGNOSTIC,    90, -6.812303823673e-01, 4.964247040488e-07, 6.6596e-01, 3.3550e-03, 
 2DIAGNOSTIC,    91, -6.812323961159e-01, 4.186465501210e-07, 6.6903e-01, 3.0689e-03, 
DIAGNOSTIC,Iteration,metricValue,convergenceValue,ITERATION_TIME_INDEX,SINCE_LAST
 2DIAGNOSTIC,     1, -5.301107023755e-01, 1.797693134862e+308, 1.0364e+00, 3.6741e-01, 
 2DIAGNOSTIC,     2, -5.307473786268e-01, 1.797693134862e+308, 1.0488e+00, 1.2326e-02, 
 2DIAGNOSTIC,     3, -5.315087613163e-01, 1.797693134862e+308, 1.0607e+00, 1.1930e-02, 
 2DIAGNOSTIC,     4, -5.322065030254e-01, 1.797693134862e+308, 1.0724e+00, 1.1712e-02, 
 2DIAGNOSTIC,     5, -5.327551609772e-01, 1.797693134862e+308, 1.0893e+00, 1.6912e-02, 
 2DIAGNOSTIC,     6, -5.328318271465e-01, 1.797693134862e+308, 1.1028e+00, 1.3528e-02, 
 2DIAGNOSTIC,     7, -5.328183557946e-01, 1.797693134862e+308, 1.1167e+00, 1.3827e-02, 
 2DIAGNOSTIC,     8, -5.328092799334e-01, 1.797693134862e+308, 1.1314e+00, 1.4696e-02, 
 2DIAGNOSTIC,     9, -5.328041221044e-01, 1.797693134862e+308, 1.1467e+00, 1.5312e-02, 
 2DIAGNOSTIC,    10, -5.327905753676e-01, 3.069768704259e-04, 1.1604e+00, 1.3687e-02, 
 2DIAGNOSTIC,    11, -5.327841527032e-01, 1.776298078081e-04, 1.1772e+00, 1.6851e-02, 
 2DIAGNOSTIC,    12, -5.327877600584e-01, 8.248498202806e-05, 1.1909e+00, 1.3732e-02, 
 2DIAGNOSTIC,    13, -5.327853995052e-01, 2.545280505573e-05, 1.2042e+00, 1.3214e-02, 
DIAGNOSTIC,Iteration,metricValue,convergenceValue,ITERATION_TIME_INDEX,SINCE_LAST
 2DIAGNOSTIC,     1, -4.198979988887e-01, 1.797693134862e+308, 1.7388e+00, 5.3463e-01, 
 2DIAGNOSTIC,     2, -4.203755072976e-01, 1.797693134862e+308, 1.8055e+00, 6.6758e-02, 
 2DIAGNOSTIC,     3, -4.208556311683e-01, 1.797693134862e+308, 1.8683e+00, 6.2715e-02, 
 2DIAGNOSTIC,     4, -4.212767890447e-01, 1.797693134862e+308, 1.9480e+00, 7.9754e-02, 
 2DIAGNOSTIC,     5, -4.214732695883e-01, 1.797693134862e+308, 2.0145e+00, 6.6438e-02, 
 2DIAGNOSTIC,     6, -4.215512104228e-01, 1.797693134862e+308, 2.1200e+00, 1.0550e-01, 
 2DIAGNOSTIC,     7, -4.215826763410e-01, 1.797693134862e+308, 2.1770e+00, 5.7083e-02, 
 2DIAGNOSTIC,     8, -4.216311411373e-01, 1.797693134862e+308, 2.2364e+00, 5.9347e-02, 
 2DIAGNOSTIC,     9, -4.217056271927e-01, 1.797693134862e+308, 2.2981e+00, 6.1684e-02, 
 2DIAGNOSTIC,    10, -4.217700437121e-01, 2.551458510103e-04, 2.3603e+00, 6.2188e-02, 
 2DIAGNOSTIC,    11, -4.218213934708e-01, 1.638720636651e-04, 2.4213e+00, 6.1011e-02, 
 2DIAGNOSTIC,    12, -4.219285802712e-01, 1.059271825825e-04, 2.4853e+00, 6.3993e-02, 
 2DIAGNOSTIC,    13, -4.221491635051e-01, 8.336342135626e-05, 2.5664e+00, 8.1121e-02, 
 2DIAGNOSTIC,    14, -4.221988567581e-01, 7.887651972965e-05, 2.7116e+00, 1.4517e-01, 
 2DIAGNOSTIC,    15, -4.222004229287e-01, 7.691527702867e-05, 2.7837e+00, 7.2107e-02, 
 2DIAGNOSTIC,    16, -4.222005298648e-01, 7.177954225468e-05, 2.8539e+00, 7.0192e-02, 
 2DIAGNOSTIC,    17, -4.222010848608e-01, 6.203711701730e-05, 2.9202e+00, 6.6383e-02, 
 2DIAGNOSTIC,    18, -4.222015909592e-01, 4.947462268662e-05, 2.9806e+00, 6.0372e-02, 
 2DIAGNOSTIC,    19, -4.222035372209e-01, 3.648630295081e-05, 3.0471e+00, 6.6533e-02, 
 2DIAGNOSTIC,    20, -4.222045228447e-01, 2.387466832817e-05, 3.1164e+00, 6.9233e-02, 
 2DIAGNOSTIC,    21, -4.222026739332e-01, 1.199115225922e-05, 3.1868e+00, 7.0468e-02, 
 2DIAGNOSTIC,    22, -4.222019762782e-01, 3.301293811653e-06, 3.2587e+00, 7.1808e-02, 
 2DIAGNOSTIC,    23, -4.222019116016e-01, 1.614374427757e-06, 3.3482e+00, 8.9498e-02, 
 2DIAGNOSTIC,    24, -4.222013024486e-01, 1.421732577195e-06, 3.4188e+00, 7.0696e-02, 
 2DIAGNOSTIC,    25, -4.222011518658e-01, 1.273763866778e-06, 3.4902e+00, 7.1308e-02, 
 2DIAGNOSTIC,    26, -4.222010869085e-01, 1.139510687080e-06, 3.5617e+00, 7.1538e-02, 
 2DIAGNOSTIC,    27, -4.222002700336e-01, 1.017546595164e-06, 3.6229e+00, 6.1199e-02, 
 2DIAGNOSTIC,    28, -4.222007438481e-01, 9.419779089248e-07, 3.6940e+00, 7.1071e-02, 
 2DIAGNOSTIC,    29, -4.222023344139e-01, 9.704698724494e-07, 3.7740e+00, 8.0045e-02, 
 2DIAGNOSTIC,    30, -4.222030628978e-01, 1.047498099649e-06, 3.8455e+00, 7.1537e-02, 
 2DIAGNOSTIC,    31, -4.222029396484e-01, 1.078428071281e-06, 3.9162e+00, 7.0646e-02, 
 2DIAGNOSTIC,    32, -4.222026134960e-01, 1.081887740756e-06, 3.9782e+00, 6.1966e-02, 
 2DIAGNOSTIC,    33, -4.222025730155e-01, 1.075212492013e-06, 4.0403e+00, 6.2100e-02, 
 2DIAGNOSTIC,    34, -4.222038323563e-01, 1.070407597448e-06, 4.1024e+00, 6.2097e-02, 
 2DIAGNOSTIC,    35, -4.222043431577e-01, 1.058913141002e-06, 4.1641e+00, 6.1712e-02, 
 2DIAGNOSTIC,    36, -4.222072566842e-01, 1.088189591571e-06, 4.2350e+00, 7.0979e-02, 
 2DIAGNOSTIC,    37, -4.222099785148e-01, 1.130549336436e-06, 4.3060e+00, 7.0950e-02, 
 2DIAGNOSTIC,    38, -4.222101631245e-01, 1.155264216315e-06, 4.3684e+00, 6.2377e-02, 
 2DIAGNOSTIC,    39, -4.222101222089e-01, 1.175626708611e-06, 4.4388e+00, 7.0455e-02, 
 2DIAGNOSTIC,    40, -4.222111721903e-01, 1.191014901036e-06, 4.5104e+00, 7.1555e-02, 
 2DIAGNOSTIC,    41, -4.222142500055e-01, 1.215494746246e-06, 4.5735e+00, 6.3123e-02, 
 2DIAGNOSTIC,    42, -4.222137350625e-01, 1.181640843648e-06, 4.6455e+00, 7.1980e-02, 
 2DIAGNOSTIC,    43, -4.222179513779e-01, 1.175428895224e-06, 4.7250e+00, 7.9478e-02, 
 2DIAGNOSTIC,    44, -4.222170270188e-01, 1.132785615063e-06, 4.8003e+00, 7.5342e-02, 
 2DIAGNOSTIC,    45, -4.222172356621e-01, 1.063531094438e-06, 4.8920e+00, 9.1698e-02, 
 2DIAGNOSTIC,    46, -4.222165211784e-01, 9.942476373904e-07, 4.9605e+00, 6.8498e-02, 
 2DIAGNOSTIC,    47, -4.222155668877e-01, 9.243072053230e-07, 5.0262e+00, 6.5716e-02, 
 2DIAGNOSTIC,    48, -4.222153016615e-01, 8.327701094338e-07, 5.0842e+00, 5.8014e-02, 
 2DIAGNOSTIC,    49, -4.222160371785e-01, 7.380102428241e-07, 5.1509e+00, 6.6671e-02, 
 2DIAGNOSTIC,    50, -4.222151162222e-01, 6.394534132238e-07, 5.2169e+00, 6.6038e-02, 
 2DIAGNOSTIC,    51, -4.222150029005e-01, 5.849028960302e-07, 5.2751e+00, 5.8166e-02, 
 2DIAGNOSTIC,    52, -4.222153769712e-01, 5.330251596145e-07, 5.3436e+00, 6.8464e-02, 
 2DIAGNOSTIC,    53, -4.222164785047e-01, 5.582065297494e-07, 5.4140e+00, 7.0419e-02, 
 2DIAGNOSTIC,    54, -4.222167069690e-01, 5.769997524011e-07, 5.4824e+00, 6.8421e-02, 
 2DIAGNOSTIC,    55, -4.222168114502e-01, 6.005060977261e-07, 5.5482e+00, 6.5827e-02, 
 2DIAGNOSTIC,    56, -4.222179684243e-01, 6.270884132034e-07, 5.6143e+00, 6.6054e-02, 
 2DIAGNOSTIC,    57, -4.222178460781e-01, 6.339347080365e-07, 5.6722e+00, 5.7889e-02, 
 2DIAGNOSTIC,    58, -4.222186431612e-01, 6.390368542768e-07, 5.7292e+00, 5.6975e-02, 
 2DIAGNOSTIC,    59, -4.222199224987e-01, 6.584747924039e-07, 5.7948e+00, 6.5651e-02, 
 2DIAGNOSTIC,    60, -4.222223844370e-01, 6.829907429826e-07, 5.8532e+00, 5.8366e-02, 
 2DIAGNOSTIC,    61, -4.222262955586e-01, 7.333381024446e-07, 5.9160e+00, 6.2873e-02, 
 2DIAGNOSTIC,    62, -4.222333763374e-01, 8.416443123202e-07, 5.9784e+00, 6.2371e-02, 
 2DIAGNOSTIC,    63, -4.222430152956e-01, 1.028428541702e-06, 6.0401e+00, 6.1645e-02, 
 2DIAGNOSTIC,    64, -4.222705487245e-01, 1.449494224506e-06, 6.1030e+00, 6.2902e-02, 
 2DIAGNOSTIC,    65, -4.223167610560e-01, 2.239097326374e-06, 6.1646e+00, 6.1650e-02, 
 2DIAGNOSTIC,    66, -4.223767715394e-01, 3.451100619497e-06, 6.2270e+00, 6.2425e-02, 
 2DIAGNOSTIC,    67, -4.229276156269e-01, 9.866978568918e-06, 6.3165e+00, 8.9457e-02, 
 2DIAGNOSTIC,    68, -4.229862665843e-01, 1.563357866630e-05, 6.3967e+00, 8.0159e-02, 
 2DIAGNOSTIC,    69, -4.229864639171e-01, 1.983749053139e-05, 6.4581e+00, 6.1446e-02, 
 2DIAGNOSTIC,    70, -4.230083187363e-01, 2.237049944196e-05, 6.5464e+00, 8.8259e-02, 
 2DIAGNOSTIC,    71, -4.230228937546e-01, 2.286958045780e-05, 6.6073e+00, 6.0954e-02, 
 2DIAGNOSTIC,    72, -4.230445229973e-01, 2.137578021959e-05, 6.6792e+00, 7.1872e-02, 
 2DIAGNOSTIC,    73, -4.230880108821e-01, 1.837130843500e-05, 6.7590e+00, 7.9810e-02, 
 2DIAGNOSTIC,    74, -4.230978852478e-01, 1.412471306473e-05, 6.8209e+00, 6.1920e-02, 
 2DIAGNOSTIC,    75, -4.231043217851e-01, 9.196898138083e-06, 6.8832e+00, 6.2335e-02, 
 2DIAGNOSTIC,    76, -4.231223765443e-01, 4.112244786679e-06, 6.9456e+00, 6.2389e-02, 
 2DIAGNOSTIC,    77, -4.231498968935e-01, 3.840687477920e-06, 7.0172e+00, 7.1569e-02, 
 2DIAGNOSTIC,    78, -4.231576143403e-01, 3.810917888016e-06, 7.1091e+00, 9.1862e-02, 
 2DIAGNOSTIC,    79, -4.231717967202e-01, 3.575451766083e-06, 7.1710e+00, 6.1951e-02, 
 2DIAGNOSTIC,    80, -4.231895620015e-01, 3.376855697974e-06, 7.2325e+00, 6.1473e-02, 
 2DIAGNOSTIC,    81, -4.232307465513e-01, 3.353975606664e-06, 7.3220e+00, 8.9533e-02, 
 2DIAGNOSTIC,    82, -4.232385226447e-01, 3.267969642232e-06, 7.3890e+00, 6.6970e-02, 
 2DIAGNOSTIC,    83, -4.232991606524e-01, 3.753116955990e-06, 7.4522e+00, 6.3183e-02, 
 2DIAGNOSTIC,    84, -4.233474802424e-01, 4.360739544526e-06, 7.5232e+00, 7.0976e-02, 
 2DIAGNOSTIC,    85, -4.233908475174e-01, 4.954869364313e-06, 7.6116e+00, 8.8423e-02, 
 2DIAGNOSTIC,    86, -4.233925013041e-01, 5.239390440823e-06, 7.7284e+00, 1.1683e-01, 
 2DIAGNOSTIC,    87, -4.233924969510e-01, 5.267104510711e-06, 7.7992e+00, 7.0801e-02, 
 2DIAGNOSTIC,    88, -4.233932998234e-01, 4.885242863311e-06, 7.8622e+00, 6.3012e-02, 
 2DIAGNOSTIC,    89, -4.233930025163e-01, 4.171318615300e-06, 7.9336e+00, 7.1381e-02, 
 2DIAGNOSTIC,    90, -4.233914281998e-01, 3.218066155731e-06, 7.9955e+00, 6.1909e-02, 
 2DIAGNOSTIC,    91, -4.233921655773e-01, 2.327349605247e-06, 8.0572e+00, 6.1723e-02, 
 2DIAGNOSTIC,    92, -4.233906189242e-01, 1.306656787959e-06, 8.1289e+00, 7.1715e-02, 
 2DIAGNOSTIC,    93, -4.233899574720e-01, 6.430664654614e-07, 8.2000e+00, 7.1076e-02, 
DIAGNOSTIC,Iteration,metricValue,convergenceValue,ITERATION_TIME_INDEX,SINCE_LAST
 2DIAGNOSTIC,     1, -3.257755869630e-01, 1.797693134862e+308, 9.4727e+00, 1.2726e+00, 
 2DIAGNOSTIC,     2, -3.259835627467e-01, 1.797693134862e+308, 9.8485e+00, 3.7583e-01, 
 2DIAGNOSTIC,     3, -3.261002469739e-01, 1.797693134862e+308, 1.0276e+01, 4.2770e-01, 
 2DIAGNOSTIC,     4, -3.261094873364e-01, 1.797693134862e+308, 1.0845e+01, 5.6872e-01, 
 2DIAGNOSTIC,     5, -3.261086631838e-01, 1.797693134862e+308, 1.1460e+01, 6.1509e-01, 
 2DIAGNOSTIC,     6, -3.261089719646e-01, 1.797693134862e+308, 1.1884e+01, 4.2359e-01, 
 2DIAGNOSTIC,     7, -3.261089528401e-01, 1.797693134862e+308, 1.2307e+01, 4.2336e-01, 
 2DIAGNOSTIC,     8, -3.261091352205e-01, 1.797693134862e+308, 1.2921e+01, 6.1355e-01, 
 2DIAGNOSTIC,     9, -3.261090516158e-01, 1.797693134862e+308, 1.3294e+01, 3.7324e-01, 
 2DIAGNOSTIC,    10, -3.261089760707e-01, 4.232249489393e-05, 1.3708e+01, 4.1451e-01, 
 2DIAGNOSTIC,    11, -3.261086810267e-01, 1.340363986328e-05, 1.4178e+01, 4.6954e-01, 
 2DIAGNOSTIC,    12, -3.261085963286e-01, 3.227295410371e-06, 1.4595e+01, 4.1678e-01, 
 2DIAGNOSTIC,    13, -3.261085308613e-01, 2.365242793470e-06, 1.4965e+01, 3.7018e-01, 
 2DIAGNOSTIC,    14, -3.261084288677e-01, 2.204231405595e-06, 1.5378e+01, 4.1326e-01, 
 2DIAGNOSTIC,    15, -3.261085890192e-01, 2.032172312996e-06, 1.5798e+01, 4.2013e-01, 
 2DIAGNOSTIC,    16, -3.261084050754e-01, 1.896561243733e-06, 1.6177e+01, 3.7856e-01, 
 2DIAGNOSTIC,    17, -3.261083772889e-01, 1.782988941483e-06, 1.6600e+01, 4.2304e-01, 
 2DIAGNOSTIC,    18, -3.261082939881e-01, 1.694979415628e-06, 1.6975e+01, 3.7510e-01, 
 2DIAGNOSTIC,    19, -3.261084857599e-01, 1.627794917733e-06, 1.7497e+01, 5.2183e-01, 
 2DIAGNOSTIC,    20, -3.261084492947e-01, 1.566676937320e-06, 1.7914e+01, 4.1695e-01, 
 2DIAGNOSTIC,    21, -3.261083806944e-01, 1.498706908409e-06, 1.8330e+01, 4.1610e-01, 
 2DIAGNOSTIC,    22, -3.261083212671e-01, 1.433086558131e-06, 1.8704e+01, 3.7444e-01, 
 2DIAGNOSTIC,    23, -3.261081661198e-01, 1.366131626164e-06, 1.9080e+01, 3.7549e-01, 
 2DIAGNOSTIC,    24, -3.261082642766e-01, 1.305939634468e-06, 1.9506e+01, 4.2594e-01, 
 2DIAGNOSTIC,    25, -3.261082180863e-01, 1.256305694156e-06, 1.9976e+01, 4.7026e-01, 
 2DIAGNOSTIC,    26, -3.261082813084e-01, 1.208111094109e-06, 2.0396e+01, 4.2025e-01, 
 2DIAGNOSTIC,    27, -3.261082212695e-01, 1.162270986267e-06, 2.0826e+01, 4.3021e-01, 
 2DIAGNOSTIC,    28, -3.261081948914e-01, 1.117705293124e-06, 2.1246e+01, 4.1949e-01, 
 2DIAGNOSTIC,    29, -3.261080932327e-01, 1.080643653714e-06, 2.1664e+01, 4.1785e-01, 
 2DIAGNOSTIC,    30, -3.261080554710e-01, 1.045452638869e-06, 2.2085e+01, 4.2180e-01, 
 2DIAGNOSTIC,    31, -3.261080639476e-01, 1.012260201091e-06, 2.2500e+01, 4.1490e-01, 
 2DIAGNOSTIC,    32, -3.261080086554e-01, 9.794288314408e-07, 2.2869e+01, 3.6877e-01, 
 2DIAGNOSTIC,    33, -3.261080633460e-01, 9.473201861704e-07, 2.3344e+01, 4.7497e-01, 
 2DIAGNOSTIC,    34, -3.261078718811e-01, 9.163150576155e-07, 2.3810e+01, 4.6638e-01, 
 2DIAGNOSTIC,    35, -3.261078402617e-01, 8.870598900250e-07, 2.4181e+01, 3.7052e-01, 
 2DIAGNOSTIC,    36, -3.261076513979e-01, 8.584510750240e-07, 2.4647e+01, 4.6594e-01, 
 2DIAGNOSTIC,    37, -3.261076957186e-01, 8.334514661167e-07, 2.5072e+01, 4.2518e-01, 
 2DIAGNOSTIC,    38, -3.261076282799e-01, 8.100882690314e-07, 2.5441e+01, 3.6878e-01, 
 2DIAGNOSTIC,    39, -3.261075928670e-01, 7.875003866231e-07, 2.5815e+01, 3.7372e-01, 
 2DIAGNOSTIC,    40, -3.261077045462e-01, 7.704011917090e-07, 2.6235e+01, 4.2048e-01, 
 2DIAGNOSTIC,    41, -3.261077699531e-01, 7.580280139453e-07, 2.6699e+01, 4.6369e-01, 
 2DIAGNOSTIC,    42, -3.261077461160e-01, 7.461968736036e-07, 2.7151e+01, 4.5269e-01, 
 2DIAGNOSTIC,    43, -3.261077056359e-01, 7.364049755126e-07, 2.7557e+01, 4.0588e-01, 
 2DIAGNOSTIC,    44, -3.261076291643e-01, 7.221084987533e-07, 2.7915e+01, 3.5748e-01, 
 2DIAGNOSTIC,    45, -3.261075664319e-01, 7.067836518479e-07, 2.8270e+01, 3.5548e-01, 
 2DIAGNOSTIC,    46, -3.261076199787e-01, 6.894996324794e-07, 2.8675e+01, 4.0434e-01, 
 2DIAGNOSTIC,    47, -3.261076736791e-01, 6.749660247073e-07, 2.9031e+01, 3.5643e-01, 
 2DIAGNOSTIC,    48, -3.261076869814e-01, 6.602799646933e-07, 2.9440e+01, 4.0846e-01, 
 2DIAGNOSTIC,    49, -3.261075799470e-01, 6.438943333797e-07, 2.9799e+01, 3.5962e-01, 
 2DIAGNOSTIC,    50, -3.261076130776e-01, 6.312389908593e-07, 3.0206e+01, 4.0714e-01, 
 2DIAGNOSTIC,    51, -3.261076049047e-01, 6.204679230369e-07, 3.0613e+01, 4.0645e-01, 
 2DIAGNOSTIC,    52, -3.261073471620e-01, 6.056546777503e-07, 3.0969e+01, 3.5632e-01, 
 2DIAGNOSTIC,    53, -3.261075124371e-01, 5.942030192364e-07, 3.1471e+01, 5.0154e-01, 
 2DIAGNOSTIC,    54, -3.261074519216e-01, 5.814919347598e-07, 3.1874e+01, 4.0333e-01, 
 2DIAGNOSTIC,    55, -3.261073817920e-01, 5.678469425126e-07, 3.2228e+01, 3.5438e-01, 
 2DIAGNOSTIC,    56, -3.261073194161e-01, 5.555918974297e-07, 3.2599e+01, 3.7103e-01, 
 2DIAGNOSTIC,    57, -3.261072873725e-01, 5.453343784462e-07, 3.2975e+01, 3.7585e-01, 
 2DIAGNOSTIC,    58, -3.261071255821e-01, 5.344363202923e-07, 3.3446e+01, 4.7094e-01, 
 2DIAGNOSTIC,    59, -3.261070832190e-01, 5.230290487448e-07, 3.3876e+01, 4.3018e-01, 
 2DIAGNOSTIC,    60, -3.261068366702e-01, 5.104569819683e-07, 3.4254e+01, 3.7767e-01, 
 2DIAGNOSTIC,    61, -3.261068418342e-01, 5.003476382763e-07, 3.4675e+01, 4.2075e-01, 
 2DIAGNOSTIC,    62, -3.261069599320e-01, 4.905084663061e-07, 3.5050e+01, 3.7564e-01, 
 2DIAGNOSTIC,    63, -3.261069044267e-01, 4.846108099879e-07, 3.5422e+01, 3.7183e-01, 
 2DIAGNOSTIC,    64, -3.261070363491e-01, 4.819090040110e-07, 3.5799e+01, 3.7660e-01, 
 2DIAGNOSTIC,    65, -3.261072458176e-01, 4.826230489557e-07, 3.6275e+01, 4.7641e-01, 
 2DIAGNOSTIC,    66, -3.261070491798e-01, 4.804598081297e-07, 3.6704e+01, 4.2882e-01, 
 2DIAGNOSTIC,    67, -3.261070422371e-01, 4.781121613409e-07, 3.7130e+01, 4.2551e-01, 
 2DIAGNOSTIC,    68, -3.261069409611e-01, 4.721356143284e-07, 3.7599e+01, 4.6955e-01, 
 2DIAGNOSTIC,    69, -3.261070198338e-01, 4.664496572587e-07, 3.8023e+01, 4.2379e-01, 
 2DIAGNOSTIC,    70, -3.261069911106e-01, 4.568945266778e-07, 3.8441e+01, 4.1857e-01, 
 2DIAGNOSTIC,    71, -3.261069676769e-01, 4.471566205106e-07, 3.8857e+01, 4.1514e-01, 
 2DIAGNOSTIC,    72, -3.261068534851e-01, 4.379356268354e-07, 3.9217e+01, 3.6014e-01, 
 2DIAGNOSTIC,    73, -3.261068709577e-01, 4.288810322300e-07, 3.9630e+01, 4.1295e-01, 
 2DIAGNOSTIC,    74, -3.261068883253e-01, 4.223566617313e-07, 4.0032e+01, 4.0262e-01, 
 2DIAGNOSTIC,    75, -3.261069966882e-01, 4.204484154863e-07, 4.0422e+01, 3.8988e-01, 
 2DIAGNOSTIC,    76, -3.261069753870e-01, 4.164312853543e-07, 4.0776e+01, 3.5345e-01, 
 2DIAGNOSTIC,    77, -3.261066094688e-01, 4.085890008120e-07, 4.1184e+01, 4.0873e-01, 
  Elapsed time (stage 1): 4.1519e+01


Total elapsed time: 6.7548e+01
