Running T1-THOMAS on sub-13
INFO:    Mounting image with FUSE.
Some packages in this Docker container are non-free
If you are considering commercial use of this container, please consult the relevant license:
https://fsl.fmrib.ox.ac.uk/fsl/fslwiki/Licence
THOMAS_HOME setting of /opt/thomas_new
Linux OS detected
File name OK
Running left and right thalamus MV big
All_Command_lines_OK
Using double precision for computations.
=============================================================================
The composite transform comprises the following transforms (in order): 
  1. Center of mass alignment using fixed image: sub-13_desc-preproc_T1w.nii.gz and moving image: /opt/thomas_new/origtemplate.nii.gz (type = Euler3DTransform)
=============================================================================
  number of levels = 4
  number of levels = 4
  fixed image: sub-13_desc-preproc_T1w.nii.gz
  moving image: /opt/thomas_new/origtemplate.nii.gz
  fixed image: sub-13_desc-preproc_T1w.nii.gz
  moving image: /opt/thomas_new/origtemplate.nii.gz
Dimension = 3
Number of stages = 2
Use Histogram Matching false
Winsorize image intensities false
Lower quantile = 0
Upper quantile = 1
Stage 1 State
   Image metric = Mattes
     Fixed image = Image (0x3f269e0)
  RTTI typeinfo:   itk::Image<double, 3u>
  Reference Count: 2
  Modified Time: 1696
  Debug: Off
  Object Name: 
  Observers: 
    none
  Source: (none)
  Source output name: (none)
  Release Data: Off
  Data Released: False
  Global Release Data: Off
  PipelineMTime: 0
  UpdateMTime: 1479
  RealTimeStamp: 0 seconds 
  LargestPossibleRegion: 
    Dimension: 3
    Index: [0, 0, 0]
    Size: [176, 512, 512]
  BufferedRegion: 
    Dimension: 3
    Index: [0, 0, 0]
    Size: [176, 512, 512]
  RequestedRegion: 
    Dimension: 3
    Index: [0, 0, 0]
    Size: [176, 512, 512]
  Spacing: [1, 0.488281, 0.488281]
  Origin: [90.5883, 124.512, -122.641]
  Direction: 
-0.999781 2.65541e-17 -0.0209435
-2.8954e-17 -1 1.14286e-16
-0.0209435 1.14867e-16 0.999781

  IndexToPointMatrix: 
-0.999781 1.29659e-17 -0.0102263
-2.8954e-17 -0.488281 5.58036e-17
-0.0209435 5.60875e-17 0.488174

  PointToIndexMatrix: 
-0.999781 -2.8954e-17 -0.0209435
6.88218e-17 -2.048 -4.54027e-16
-0.0428923 -6.2102e-19 2.04755

  Inverse Direction: 
-0.999781 -2.8954e-17 -0.0209435
2.43036e-17 -1 2.22299e-16
-0.0209435 1.10719e-16 0.999781

  PixelContainer: 
    ImportImageContainer (0x3f23210)
      RTTI typeinfo:   itk::ImportImageContainer<unsigned long, double>
      Reference Count: 1
      Modified Time: 1476
      Debug: Off
      Object Name: 
      Observers: 
        none
      Pointer: 0x14b3c5934010
      Container manages memory: true
      Size: 46137344
      Capacity: 46137344

     Moving image = Image (0x3f27990)
  RTTI typeinfo:   itk::Image<double, 3u>
  Reference Count: 2
  Modified Time: 1697
  Debug: Off
  Object Name: 
  Observers: 
    none
  Source: (none)
  Source output name: (none)
  Release Data: Off
  Data Released: False
  Global Release Data: Off
  PipelineMTime: 0
  UpdateMTime: 1694
  RealTimeStamp: 0 seconds 
  LargestPossibleRegion: 
    Dimension: 3
    Index: [0, 0, 0]
    Size: [256, 440, 256]
  BufferedRegion: 
    Dimension: 3
    Index: [0, 0, 0]
    Size: [256, 440, 256]
  RequestedRegion: 
    Dimension: 3
    Index: [0, 0, 0]
    Size: [256, 440, 256]
  Spacing: [0.7031, 0.5, 0.7031]
  Origin: [83.5844, 59.822, -106.951]
  Direction: 
-1 0 0
0 -1 0
0 0 1

  IndexToPointMatrix: 
-0.7031 0 0
0 -0.5 0
0 0 0.7031

  PointToIndexMatrix: 
-1.42227 0 0
0 -2 0
0 0 1.42227

  Inverse Direction: 
-1 0 0
0 -1 0
0 0 1

  PixelContainer: 
    ImportImageContainer (0x3f26770)
      RTTI typeinfo:   itk::ImportImageContainer<unsigned long, double>
      Reference Count: 1
      Modified Time: 1691
      Debug: Off
      Object Name: 
      Observers: 
        none
      Pointer: 0x14b3b7d33010
      Container manages memory: true
      Size: 28835840
      Capacity: 28835840

     Weighting = 1
     Sampling strategy = regular
     Number of bins = 32
     Radius = 4
     Sampling percentage  = 0.25
   Transform = Rigid
     Gradient step = 0.1
     Update field sigma (voxel space) = 0
     Total field sigma (voxel space) = 0
     Update field time sigma = 0
     Total field time sigma  = 0
     Number of time indices = 0
     Number of time point samples = 0
Stage 2 State
   Image metric = Mattes
     Fixed image = Image (0x3f25f40)
  RTTI typeinfo:   itk::Image<double, 3u>
  Reference Count: 2
  Modified Time: 2128
  Debug: Off
  Object Name: 
  Observers: 
    none
  Source: (none)
  Source output name: (none)
  Release Data: Off
  Data Released: False
  Global Release Data: Off
  PipelineMTime: 0
  UpdateMTime: 1911
  RealTimeStamp: 0 seconds 
  LargestPossibleRegion: 
    Dimension: 3
    Index: [0, 0, 0]
    Size: [176, 512, 512]
  BufferedRegion: 
    Dimension: 3
    Index: [0, 0, 0]
    Size: [176, 512, 512]
  RequestedRegion: 
    Dimension: 3
    Index: [0, 0, 0]
    Size: [176, 512, 512]
  Spacing: [1, 0.488281, 0.488281]
  Origin: [90.5883, 124.512, -122.641]
  Direction: 
-0.999781 2.65541e-17 -0.0209435
-2.8954e-17 -1 1.14286e-16
-0.0209435 1.14867e-16 0.999781

  IndexToPointMatrix: 
-0.999781 1.29659e-17 -0.0102263
-2.8954e-17 -0.488281 5.58036e-17
-0.0209435 5.60875e-17 0.488174

  PointToIndexMatrix: 
-0.999781 -2.8954e-17 -0.0209435
6.88218e-17 -2.048 -4.54027e-16
-0.0428923 -6.2102e-19 2.04755

  Inverse Direction: 
-0.999781 -2.8954e-17 -0.0209435
2.43036e-17 -1 2.22299e-16
-0.0209435 1.10719e-16 0.999781

  PixelContainer: 
    ImportImageContainer (0x3f23630)
      RTTI typeinfo:   itk::ImportImageContainer<unsigned long, double>
      Reference Count: 1
      Modified Time: 1908
      Debug: Off
      Object Name: 
      Observers: 
        none
      Pointer: 0x14b3a1d32010
      Container manages memory: true
      Size: 46137344
      Capacity: 46137344

     Moving image = Image (0x3f365f0)
  RTTI typeinfo:   itk::Image<double, 3u>
  Reference Count: 2
  Modified Time: 2129
  Debug: Off
  Object Name: 
  Observers: 
    none
  Source: (none)
  Source output name: (none)
  Release Data: Off
  Data Released: False
  Global Release Data: Off
  PipelineMTime: 0
  UpdateMTime: 2126
  RealTimeStamp: 0 seconds 
  LargestPossibleRegion: 
    Dimension: 3
    Index: [0, 0, 0]
    Size: [256, 440, 256]
  BufferedRegion: 
    Dimension: 3
    Index: [0, 0, 0]
    Size: [256, 440, 256]
  RequestedRegion: 
    Dimension: 3
    Index: [0, 0, 0]
    Size: [256, 440, 256]
  Spacing: [0.7031, 0.5, 0.7031]
  Origin: [83.5844, 59.822, -106.951]
  Direction: 
-1 0 0
0 -1 0
0 0 1

  IndexToPointMatrix: 
-0.7031 0 0
0 -0.5 0
0 0 0.7031

  PointToIndexMatrix: 
-1.42227 0 0
0 -2 0
0 0 1.42227

  Inverse Direction: 
-1 0 0
0 -1 0
0 0 1

  PixelContainer: 
    ImportImageContainer (0x3f1e6f0)
      RTTI typeinfo:   itk::ImportImageContainer<unsigned long, double>
      Reference Count: 1
      Modified Time: 2123
      Debug: Off
      Object Name: 
      Observers: 
        none
      Pointer: 0x14b394131010
      Container manages memory: true
      Size: 28835840
      Capacity: 28835840

     Weighting = 1
     Sampling strategy = regular
     Number of bins = 32
     Radius = 4
     Sampling percentage  = 0.25
   Transform = Affine
     Gradient step = 0.1
     Update field sigma (voxel space) = 0
     Total field sigma (voxel space) = 0
     Update field time sigma = 0
     Total field time sigma  = 0
     Number of time indices = 0
     Number of time point samples = 0
Registration using 2 total stages.

Stage 0
  iterations = 1000x500x250x100
  convergence threshold = 5e-07
  convergence window size = 10
  number of levels = 4
  using the Mattes MI metric (number of bins = 32, weight = 1)
  Shrink factors (level 1 out of 4): [4, 8, 8]
  Shrink factors (level 2 out of 4): [2, 4, 4]
  Shrink factors (level 3 out of 4): [1, 2, 2]
  Shrink factors (level 4 out of 4): [1, 1, 1]
  smoothing sigmas per level: [3, 2, 1, 0]
  regular sampling (percentage = 0.25)

*** Running Euler3DTransform registration ***

DIAGNOSTIC,Iteration,metricValue,convergenceValue,ITERATION_TIME_INDEX,SINCE_LAST
 2DIAGNOSTIC,     1, -2.189117852050e-01, 1.797693134862e+308, 5.9940e-01, 5.9940e-01, 
 2DIAGNOSTIC,     2, -2.196097750809e-01, 1.797693134862e+308, 6.0942e-01, 1.0012e-02, 
 2DIAGNOSTIC,     3, -2.205088898463e-01, 1.797693134862e+308, 6.1923e-01, 9.8121e-03, 
 2DIAGNOSTIC,     4, -2.229591559087e-01, 1.797693134862e+308, 6.2895e-01, 9.7239e-03, 
 2DIAGNOSTIC,     5, -2.289548810788e-01, 1.797693134862e+308, 6.3845e-01, 9.5031e-03, 
 2DIAGNOSTIC,     6, -2.345032913907e-01, 1.797693134862e+308, 6.4844e-01, 9.9819e-03, 
 2DIAGNOSTIC,     7, -2.465183023934e-01, 1.797693134862e+308, 6.5814e-01, 9.7001e-03, 
 2DIAGNOSTIC,     8, -2.646819130291e-01, 1.797693134862e+308, 6.6778e-01, 9.6400e-03, 
 2DIAGNOSTIC,     9, -3.012312814048e-01, 1.797693134862e+308, 6.7718e-01, 9.4080e-03, 
 2DIAGNOSTIC,    10, -3.563870606275e-01, 2.845560232233e-02, 6.8913e-01, 1.1947e-02, 
 2DIAGNOSTIC,    11, -4.492836872093e-01, 4.047266034463e-02, 7.0423e-01, 1.5102e-02, 
 2DIAGNOSTIC,    12, -4.643628566798e-01, 4.686300739260e-02, 7.2504e-01, 2.0803e-02, 
 2DIAGNOSTIC,    13, -4.646590612452e-01, 4.786238587585e-02, 7.3433e-01, 9.2900e-03, 
 2DIAGNOSTIC,    14, -4.658977616459e-01, 4.475218298536e-02, 7.4381e-01, 9.4872e-03, 
 2DIAGNOSTIC,    15, -4.669332006067e-01, 3.863990496712e-02, 7.5497e-01, 1.1155e-02, 
 2DIAGNOSTIC,    16, -4.676383282253e-01, 3.041854072237e-02, 7.6603e-01, 1.1062e-02, 
 2DIAGNOSTIC,    17, -4.678313695608e-01, 2.141113802977e-02, 7.7700e-01, 1.0971e-02, 
 2DIAGNOSTIC,    18, -4.681241912612e-01, 1.271109499778e-02, 7.8839e-01, 1.1384e-02, 
 2DIAGNOSTIC,    19, -4.687871150622e-01, 5.639713370120e-03, 7.9830e-01, 9.9189e-03, 
 2DIAGNOSTIC,    20, -4.695504403498e-01, 1.095873866234e-03, 8.0958e-01, 1.1280e-02, 
 2DIAGNOSTIC,    21, -4.697447188308e-01, 4.586257498295e-04, 8.2044e-01, 1.0860e-02, 
 2DIAGNOSTIC,    22, -4.697909437436e-01, 3.844915252945e-04, 8.3134e-01, 1.0891e-02, 
 2DIAGNOSTIC,    23, -4.697294269456e-01, 2.906723713674e-04, 8.4704e-01, 1.5705e-02, 
 2DIAGNOSTIC,    24, -4.695938340372e-01, 2.135910771136e-04, 8.6610e-01, 1.9062e-02, 
 2DIAGNOSTIC,    25, -4.695865981145e-01, 1.543629604713e-04, 8.7708e-01, 1.0980e-02, 
 2DIAGNOSTIC,    26, -4.695018668154e-01, 1.041236849150e-04, 8.8620e-01, 9.1200e-03, 
 2DIAGNOSTIC,    27, -4.695146410530e-01, 5.470003338334e-05, 8.9556e-01, 9.3560e-03, 
 2DIAGNOSTIC,    28, -4.694895780033e-01, 1.132797515303e-05, 9.0683e-01, 1.1269e-02, 
DIAGNOSTIC,Iteration,metricValue,convergenceValue,ITERATION_TIME_INDEX,SINCE_LAST
 2DIAGNOSTIC,     1, -3.910898284180e-01, 1.797693134862e+308, 1.6846e+00, 7.7776e-01, 
 2DIAGNOSTIC,     2, -3.921733253513e-01, 1.797693134862e+308, 1.7665e+00, 8.1915e-02, 
 2DIAGNOSTIC,     3, -3.934362871526e-01, 1.797693134862e+308, 1.8345e+00, 6.7978e-02, 
 2DIAGNOSTIC,     4, -3.946125483165e-01, 1.797693134862e+308, 1.9072e+00, 7.2731e-02, 
 2DIAGNOSTIC,     5, -3.951951363089e-01, 1.797693134862e+308, 1.9874e+00, 8.0240e-02, 
 2DIAGNOSTIC,     6, -3.951561284192e-01, 1.797693134862e+308, 2.0869e+00, 9.9453e-02, 
 2DIAGNOSTIC,     7, -3.951859269508e-01, 1.797693134862e+308, 2.2178e+00, 1.3092e-01, 
 2DIAGNOSTIC,     8, -3.952009286395e-01, 1.797693134862e+308, 2.2960e+00, 7.8167e-02, 
 2DIAGNOSTIC,     9, -3.951847875327e-01, 1.797693134862e+308, 2.3861e+00, 9.0088e-02, 
 2DIAGNOSTIC,    10, -3.951834752052e-01, 5.961044034917e-04, 2.4638e+00, 7.7735e-02, 
 2DIAGNOSTIC,    11, -3.951815364355e-01, 3.268351603593e-04, 2.5427e+00, 7.8922e-02, 
 2DIAGNOSTIC,    12, -3.951806566928e-01, 1.377147855075e-04, 2.6115e+00, 6.8804e-02, 
 2DIAGNOSTIC,    13, -3.951782811478e-01, 3.388313282335e-05, 2.6932e+00, 8.1654e-02, 
 2DIAGNOSTIC,    14, -3.951780052247e-01, 1.722910561927e-06, 2.7719e+00, 7.8702e-02, 
 2DIAGNOSTIC,    15, -3.951721814123e-01, 1.690862099488e-06, 2.8504e+00, 7.8534e-02, 
DIAGNOSTIC,Iteration,metricValue,convergenceValue,ITERATION_TIME_INDEX,SINCE_LAST
 2DIAGNOSTIC,     1, -3.175566263330e-01, 1.797693134862e+308, 5.0706e+00, 2.2202e+00, 
 2DIAGNOSTIC,     2, -3.175656226313e-01, 1.797693134862e+308, 5.5870e+00, 5.1644e-01, 
 2DIAGNOSTIC,     3, -3.175607865097e-01, 1.797693134862e+308, 6.3655e+00, 7.7846e-01, 
 2DIAGNOSTIC,     4, -3.175623605928e-01, 1.797693134862e+308, 6.8758e+00, 5.1028e-01, 
 2DIAGNOSTIC,     5, -3.175610382610e-01, 1.797693134862e+308, 7.5219e+00, 6.4609e-01, 
 2DIAGNOSTIC,     6, -3.175622083601e-01, 1.797693134862e+308, 8.0986e+00, 5.7670e-01, 
 2DIAGNOSTIC,     7, -3.175614043004e-01, 1.797693134862e+308, 8.6115e+00, 5.1296e-01, 
 2DIAGNOSTIC,     8, -3.175612871312e-01, 1.797693134862e+308, 9.2642e+00, 6.5266e-01, 
 2DIAGNOSTIC,     9, -3.175614229943e-01, 1.797693134862e+308, 9.7790e+00, 5.1480e-01, 
 2DIAGNOSTIC,    10, -3.175607758965e-01, 3.232897254998e-06, 1.0293e+01, 5.1410e-01, 
 2DIAGNOSTIC,    11, -3.175602577552e-01, 2.399624228530e-06, 1.0742e+01, 4.4882e-01, 
 2DIAGNOSTIC,    12, -3.175601109406e-01, 2.420926323965e-06, 1.1194e+01, 4.5235e-01, 
 2DIAGNOSTIC,    13, -3.175609727250e-01, 2.182644603790e-06, 1.1774e+01, 5.7968e-01, 
 2DIAGNOSTIC,    14, -3.175609851162e-01, 2.104122109312e-06, 1.2288e+01, 5.1372e-01, 
 2DIAGNOSTIC,    15, -3.175607449005e-01, 1.956676366710e-06, 1.2799e+01, 5.1103e-01, 
 2DIAGNOSTIC,    16, -3.175607433949e-01, 1.911234485577e-06, 1.3244e+01, 4.4530e-01, 
 2DIAGNOSTIC,    17, -3.175604718138e-01, 1.821219493131e-06, 1.3758e+01, 5.1427e-01, 
 2DIAGNOSTIC,    18, -3.175605356370e-01, 1.741659218894e-06, 1.4275e+01, 5.1698e-01, 
 2DIAGNOSTIC,    19, -3.175605398087e-01, 1.679544194007e-06, 1.4722e+01, 4.4646e-01, 
 2DIAGNOSTIC,    20, -3.175606332644e-01, 1.599594540221e-06, 1.5233e+01, 5.1126e-01, 
 2DIAGNOSTIC,    21, -3.175609686080e-01, 1.519266898321e-06, 1.5677e+01, 4.4381e-01, 
 2DIAGNOSTIC,    22, -3.175609600466e-01, 1.438176275591e-06, 1.6193e+01, 5.1635e-01, 
 2DIAGNOSTIC,    23, -3.175610816804e-01, 1.403222519146e-06, 1.6702e+01, 5.0884e-01, 
 2DIAGNOSTIC,    24, -3.175614355923e-01, 1.383085395948e-06, 1.7225e+01, 5.2273e-01, 
 2DIAGNOSTIC,    25, -3.175603979439e-01, 1.312903561999e-06, 1.7740e+01, 5.1545e-01, 
 2DIAGNOSTIC,    26, -3.175604457140e-01, 1.247230631905e-06, 1.8376e+01, 6.3549e-01, 
 2DIAGNOSTIC,    27, -3.175604426291e-01, 1.174749652832e-06, 1.8895e+01, 5.1948e-01, 
 2DIAGNOSTIC,    28, -3.175599804342e-01, 1.094613845024e-06, 1.9337e+01, 4.4187e-01, 
 2DIAGNOSTIC,    29, -3.175598577466e-01, 1.020653035005e-06, 1.9790e+01, 4.5285e-01, 
 2DIAGNOSTIC,    30, -3.175601994449e-01, 9.719961713284e-07, 2.0310e+01, 5.2031e-01, 
 2DIAGNOSTIC,    31, -3.175603546388e-01, 9.487653173518e-07, 2.0748e+01, 4.3833e-01, 
 2DIAGNOSTIC,    32, -3.175605917172e-01, 9.402363278024e-07, 2.1181e+01, 4.3292e-01, 
 2DIAGNOSTIC,    33, -3.175599666808e-01, 9.233261705141e-07, 2.1807e+01, 6.2611e-01, 
 2DIAGNOSTIC,    34, -3.175601644602e-01, 9.272637584781e-07, 2.2303e+01, 4.9578e-01, 
 2DIAGNOSTIC,    35, -3.175597108445e-01, 8.930170341016e-07, 2.2714e+01, 4.1105e-01, 
 2DIAGNOSTIC,    36, -3.175590669797e-01, 8.471834539447e-07, 2.3247e+01, 5.3253e-01, 
 2DIAGNOSTIC,    37, -3.175591871417e-01, 8.108825553348e-07, 2.3693e+01, 4.4577e-01, 
 2DIAGNOSTIC,    38, -3.175584545560e-01, 7.530166724438e-07, 2.4141e+01, 4.4848e-01, 
 2DIAGNOSTIC,    39, -3.175586828412e-01, 7.087514845606e-07, 2.4622e+01, 4.8113e-01, 
 2DIAGNOSTIC,    40, -3.175588122839e-01, 6.870798021121e-07, 2.5032e+01, 4.1005e-01, 
 2DIAGNOSTIC,    41, -3.175589287535e-01, 6.824576867445e-07, 2.5459e+01, 4.2658e-01, 
 2DIAGNOSTIC,    42, -3.175596104327e-01, 7.069342795284e-07, 2.5935e+01, 4.7624e-01, 
 2DIAGNOSTIC,    43, -3.175598163273e-01, 7.258143510103e-07, 2.6351e+01, 4.1554e-01, 
 2DIAGNOSTIC,    44, -3.175596969182e-01, 7.469640865079e-07, 2.6826e+01, 4.7516e-01, 
 2DIAGNOSTIC,    45, -3.175600556047e-01, 7.634162747759e-07, 2.7261e+01, 4.3534e-01, 
 2DIAGNOSTIC,    46, -3.175601788170e-01, 7.631874498100e-07, 2.7968e+01, 7.0732e-01, 
 2DIAGNOSTIC,    47, -3.175604726808e-01, 7.642197607481e-07, 2.8418e+01, 4.4919e-01, 
 2DIAGNOSTIC,    48, -3.175603651932e-01, 7.409916763998e-07, 2.9004e+01, 5.8664e-01, 
 2DIAGNOSTIC,    49, -3.175591295269e-01, 6.931281078121e-07, 2.9450e+01, 4.4591e-01, 
 2DIAGNOSTIC,    50, -3.175589157757e-01, 6.421913980696e-07, 2.9970e+01, 5.1941e-01, 
 2DIAGNOSTIC,    51, -3.175591138084e-01, 5.975983465058e-07, 3.0421e+01, 4.5159e-01, 
 2DIAGNOSTIC,    52, -3.175591995067e-01, 5.698335268541e-07, 3.0938e+01, 5.1676e-01, 
 2DIAGNOSTIC,    53, -3.175594053654e-01, 5.542852776208e-07, 3.1441e+01, 5.0272e-01, 
 2DIAGNOSTIC,    54, -3.175590436331e-01, 5.360174365095e-07, 3.1858e+01, 4.1736e-01, 
 2DIAGNOSTIC,    55, -3.175593810042e-01, 5.351603642179e-07, 3.2333e+01, 4.7501e-01, 
 2DIAGNOSTIC,    56, -3.175593090662e-01, 5.386101807406e-07, 3.2815e+01, 4.8170e-01, 
 2DIAGNOSTIC,    57, -3.175588676646e-01, 5.421668555147e-07, 3.3292e+01, 4.7774e-01, 
 2DIAGNOSTIC,    58, -3.175589005518e-01, 5.467638541957e-07, 3.3775e+01, 4.8280e-01, 
 2DIAGNOSTIC,    59, -3.175585657747e-01, 5.276437945040e-07, 3.4261e+01, 4.8595e-01, 
 2DIAGNOSTIC,    60, -3.175582193252e-01, 5.018734142194e-07, 3.4745e+01, 4.8357e-01, 
DIAGNOSTIC,Iteration,metricValue,convergenceValue,ITERATION_TIME_INDEX,SINCE_LAST
 2DIAGNOSTIC,     1, -2.649564257054e-01, 1.797693134862e+308, 4.0392e+01, 5.6473e+00, 
 2DIAGNOSTIC,     2, -2.649493889391e-01, 1.797693134862e+308, 4.4002e+01, 3.6101e+00, 
 2DIAGNOSTIC,     3, -2.649495077809e-01, 1.797693134862e+308, 4.5491e+01, 1.4889e+00, 
 2DIAGNOSTIC,     4, -2.649495015513e-01, 1.797693134862e+308, 4.7328e+01, 1.8373e+00, 
 2DIAGNOSTIC,     5, -2.649494855652e-01, 1.797693134862e+308, 4.8680e+01, 1.3521e+00, 
 2DIAGNOSTIC,     6, -2.649493413986e-01, 1.797693134862e+308, 5.0189e+01, 1.5085e+00, 
 2DIAGNOSTIC,     7, -2.649493698471e-01, 1.797693134862e+308, 5.1723e+01, 1.5340e+00, 
 2DIAGNOSTIC,     8, -2.649492637943e-01, 1.797693134862e+308, 5.3278e+01, 1.5547e+00, 
 2DIAGNOSTIC,     9, -2.649492830486e-01, 1.797693134862e+308, 5.4652e+01, 1.3746e+00, 
 2DIAGNOSTIC,    10, -2.649493153605e-01, 2.380807812327e-06, 5.6209e+01, 1.5566e+00, 
 2DIAGNOSTIC,    11, -2.649493618386e-01, 2.848171168815e-06, 5.7765e+01, 1.5558e+00, 
 2DIAGNOSTIC,    12, -2.649493226938e-01, 2.608679276622e-06, 5.9300e+01, 1.5355e+00, 
 2DIAGNOSTIC,    13, -2.649492660546e-01, 2.415089651348e-06, 6.0821e+01, 1.5208e+00, 
 2DIAGNOSTIC,    14, -2.649492804793e-01, 2.252753675019e-06, 6.2351e+01, 1.5303e+00, 
 2DIAGNOSTIC,    15, -2.649491603142e-01, 2.104111407122e-06, 6.3715e+01, 1.3642e+00, 
 2DIAGNOSTIC,    16, -2.649492282775e-01, 1.970467415374e-06, 6.5292e+01, 1.5769e+00, 
 2DIAGNOSTIC,    17, -2.649493130487e-01, 1.861399649736e-06, 6.6849e+01, 1.5569e+00, 
 2DIAGNOSTIC,    18, -2.649492724403e-01, 1.756498452035e-06, 6.8419e+01, 1.5701e+00, 
 2DIAGNOSTIC,    19, -2.649491278252e-01, 1.656708214684e-06, 6.9984e+01, 1.5645e+00, 
 2DIAGNOSTIC,    20, -2.649491398338e-01, 1.571115157292e-06, 7.1695e+01, 1.7114e+00, 
 2DIAGNOSTIC,    21, -2.649490812586e-01, 1.494703620764e-06, 7.3217e+01, 1.5216e+00, 
 2DIAGNOSTIC,    22, -2.649490766605e-01, 1.424869146803e-06, 7.4586e+01, 1.3692e+00, 
 2DIAGNOSTIC,    23, -2.649489333981e-01, 1.353741974713e-06, 7.6150e+01, 1.5643e+00, 
 2DIAGNOSTIC,    24, -2.649489061248e-01, 1.291218194248e-06, 7.7535e+01, 1.3842e+00, 
 2DIAGNOSTIC,    25, -2.649489883236e-01, 1.235189967301e-06, 7.9094e+01, 1.5599e+00, 
 2DIAGNOSTIC,    26, -2.649490116563e-01, 1.190352285151e-06, 8.0662e+01, 1.5677e+00, 
 2DIAGNOSTIC,    27, -2.649490069893e-01, 1.155149764974e-06, 8.2194e+01, 1.5321e+00, 
 2DIAGNOSTIC,    28, -2.649489522298e-01, 1.121269174204e-06, 8.3720e+01, 1.5261e+00, 
 2DIAGNOSTIC,    29, -2.649487652078e-01, 1.078909639456e-06, 8.5257e+01, 1.5366e+00, 
 2DIAGNOSTIC,    30, -2.649487470606e-01, 1.040945298209e-06, 8.6615e+01, 1.3581e+00, 
 2DIAGNOSTIC,    31, -2.649487416591e-01, 1.004866100704e-06, 8.8151e+01, 1.5362e+00, 
 2DIAGNOSTIC,    32, -2.649487961162e-01, 9.748014437247e-07, 8.9692e+01, 1.5406e+00, 
 2DIAGNOSTIC,    33, -2.649486110427e-01, 9.377739336458e-07, 9.1052e+01, 1.3602e+00, 
 2DIAGNOSTIC,    34, -2.649485822922e-01, 9.038658020412e-07, 9.2581e+01, 1.5290e+00, 
 2DIAGNOSTIC,    35, -2.649485077802e-01, 8.751108390055e-07, 9.3936e+01, 1.3551e+00, 
 2DIAGNOSTIC,    36, -2.649484391526e-01, 8.496679068798e-07, 9.5656e+01, 1.7202e+00, 
 2DIAGNOSTIC,    37, -2.649484355139e-01, 8.285725002950e-07, 9.7199e+01, 1.5429e+00, 
