Running T1-THOMAS on sub-9
INFO:    Mounting image with FUSE.
Some packages in this Docker container are non-free
If you are considering commercial use of this container, please consult the relevant license:
https://fsl.fmrib.ox.ac.uk/fsl/fslwiki/Licence
THOMAS_HOME setting of /opt/thomas_new
Linux OS detected
File name OK
Running left and right thalamus MV big
All_Command_lines_OK
Using double precision for computations.
=============================================================================
The composite transform comprises the following transforms (in order): 
  1. Center of mass alignment using fixed image: sub-9_desc-preproc_T1w.nii.gz and moving image: /opt/thomas_new/origtemplate.nii.gz (type = Euler3DTransform)
=============================================================================
  number of levels = 4
  number of levels = 4
  fixed image: sub-9_desc-preproc_T1w.nii.gz
  moving image: /opt/thomas_new/origtemplate.nii.gz
  fixed image: sub-9_desc-preproc_T1w.nii.gz
  moving image: /opt/thomas_new/origtemplate.nii.gz
Dimension = 3
Number of stages = 2
Use Histogram Matching false
Winsorize image intensities false
Lower quantile = 0
Upper quantile = 1
Stage 1 State
   Image metric = Mattes
     Fixed image = Image (0x3a48940)
  RTTI typeinfo:   itk::Image<double, 3u>
  Reference Count: 2
  Modified Time: 1696
  Debug: Off
  Object Name: 
  Observers: 
    none
  Source: (none)
  Source output name: (none)
  Release Data: Off
  Data Released: False
  Global Release Data: Off
  PipelineMTime: 0
  UpdateMTime: 1479
  RealTimeStamp: 0 seconds 
  LargestPossibleRegion: 
    Dimension: 3
    Index: [0, 0, 0]
    Size: [148, 256, 256]
  BufferedRegion: 
    Dimension: 3
    Index: [0, 0, 0]
    Size: [148, 256, 256]
  RequestedRegion: 
    Dimension: 3
    Index: [0, 0, 0]
    Size: [148, 256, 256]
  Spacing: [1.2, 1.0938, 1.0938]
  Origin: [90.1729, 143.345, -133.417]
  Direction: 
-0.999203 0.0225547 -0.0329478
-0.0219609 -0.999592 -0.0182755
-0.0333465 -0.0175373 0.99929

  IndexToPointMatrix: 
-1.19904 0.0246704 -0.0360383
-0.0263531 -1.09335 -0.0199897
-0.0400159 -0.0191823 1.09302

  PointToIndexMatrix: 
-0.832668 -0.0183008 -0.0277888
0.0206205 -0.91387 -0.0160334
-0.0301223 -0.0167082 0.913595

  Inverse Direction: 
-0.999203 -0.0219609 -0.0333465
0.0225547 -0.999592 -0.0175373
-0.0329478 -0.0182755 0.99929

  PixelContainer: 
    ImportImageContainer (0x3a41420)
      RTTI typeinfo:   itk::ImportImageContainer<unsigned long, double>
      Reference Count: 1
      Modified Time: 1476
      Debug: Off
      Object Name: 
      Observers: 
        none
      Pointer: 0x151a83d91010
      Container manages memory: true
      Size: 9699328
      Capacity: 9699328

     Moving image = Image (0x3a421f0)
  RTTI typeinfo:   itk::Image<double, 3u>
  Reference Count: 2
  Modified Time: 1697
  Debug: Off
  Object Name: 
  Observers: 
    none
  Source: (none)
  Source output name: (none)
  Release Data: Off
  Data Released: False
  Global Release Data: Off
  PipelineMTime: 0
  UpdateMTime: 1694
  RealTimeStamp: 0 seconds 
  LargestPossibleRegion: 
    Dimension: 3
    Index: [0, 0, 0]
    Size: [256, 440, 256]
  BufferedRegion: 
    Dimension: 3
    Index: [0, 0, 0]
    Size: [256, 440, 256]
  RequestedRegion: 
    Dimension: 3
    Index: [0, 0, 0]
    Size: [256, 440, 256]
  Spacing: [0.7031, 0.5, 0.7031]
  Origin: [83.5844, 59.822, -106.951]
  Direction: 
-1 0 0
0 -1 0
0 0 1

  IndexToPointMatrix: 
-0.7031 0 0
0 -0.5 0
0 0 0.7031

  PointToIndexMatrix: 
-1.42227 0 0
0 -2 0
0 0 1.42227

  Inverse Direction: 
-1 0 0
0 -1 0
0 0 1

  PixelContainer: 
    ImportImageContainer (0x3a42480)
      RTTI typeinfo:   itk::ImportImageContainer<unsigned long, double>
      Reference Count: 1
      Modified Time: 1691
      Debug: Off
      Object Name: 
      Observers: 
        none
      Pointer: 0x151a76190010
      Container manages memory: true
      Size: 28835840
      Capacity: 28835840

     Weighting = 1
     Sampling strategy = regular
     Number of bins = 32
     Radius = 4
     Sampling percentage  = 0.25
   Transform = Rigid
     Gradient step = 0.1
     Update field sigma (voxel space) = 0
     Total field sigma (voxel space) = 0
     Update field time sigma = 0
     Total field time sigma  = 0
     Number of time indices = 0
     Number of time point samples = 0
Stage 2 State
   Image metric = Mattes
     Fixed image = Image (0x3a54960)
  RTTI typeinfo:   itk::Image<double, 3u>
  Reference Count: 2
  Modified Time: 2128
  Debug: Off
  Object Name: 
  Observers: 
    none
  Source: (none)
  Source output name: (none)
  Release Data: Off
  Data Released: False
  Global Release Data: Off
  PipelineMTime: 0
  UpdateMTime: 1911
  RealTimeStamp: 0 seconds 
  LargestPossibleRegion: 
    Dimension: 3
    Index: [0, 0, 0]
    Size: [148, 256, 256]
  BufferedRegion: 
    Dimension: 3
    Index: [0, 0, 0]
    Size: [148, 256, 256]
  RequestedRegion: 
    Dimension: 3
    Index: [0, 0, 0]
    Size: [148, 256, 256]
  Spacing: [1.2, 1.0938, 1.0938]
  Origin: [90.1729, 143.345, -133.417]
  Direction: 
-0.999203 0.0225547 -0.0329478
-0.0219609 -0.999592 -0.0182755
-0.0333465 -0.0175373 0.99929

  IndexToPointMatrix: 
-1.19904 0.0246704 -0.0360383
-0.0263531 -1.09335 -0.0199897
-0.0400159 -0.0191823 1.09302

  PointToIndexMatrix: 
-0.832668 -0.0183008 -0.0277888
0.0206205 -0.91387 -0.0160334
-0.0301223 -0.0167082 0.913595

  Inverse Direction: 
-0.999203 -0.0219609 -0.0333465
0.0225547 -0.999592 -0.0175373
-0.0329478 -0.0182755 0.99929

  PixelContainer: 
    ImportImageContainer (0x3a40220)
      RTTI typeinfo:   itk::ImportImageContainer<unsigned long, double>
      Reference Count: 1
      Modified Time: 1908
      Debug: Off
      Object Name: 
      Observers: 
        none
      Pointer: 0x151a7178f010
      Container manages memory: true
      Size: 9699328
      Capacity: 9699328

     Moving image = Image (0x3a563f0)
  RTTI typeinfo:   itk::Image<double, 3u>
  Reference Count: 2
  Modified Time: 2129
  Debug: Off
  Object Name: 
  Observers: 
    none
  Source: (none)
  Source output name: (none)
  Release Data: Off
  Data Released: False
  Global Release Data: Off
  PipelineMTime: 0
  UpdateMTime: 2126
  RealTimeStamp: 0 seconds 
  LargestPossibleRegion: 
    Dimension: 3
    Index: [0, 0, 0]
    Size: [256, 440, 256]
  BufferedRegion: 
    Dimension: 3
    Index: [0, 0, 0]
    Size: [256, 440, 256]
  RequestedRegion: 
    Dimension: 3
    Index: [0, 0, 0]
    Size: [256, 440, 256]
  Spacing: [0.7031, 0.5, 0.7031]
  Origin: [83.5844, 59.822, -106.951]
  Direction: 
-1 0 0
0 -1 0
0 0 1

  IndexToPointMatrix: 
-0.7031 0 0
0 -0.5 0
0 0 0.7031

  PointToIndexMatrix: 
-1.42227 0 0
0 -2 0
0 0 1.42227

  Inverse Direction: 
-1 0 0
0 -1 0
0 0 1

  PixelContainer: 
    ImportImageContainer (0x3a46d30)
      RTTI typeinfo:   itk::ImportImageContainer<unsigned long, double>
      Reference Count: 1
      Modified Time: 2123
      Debug: Off
      Object Name: 
      Observers: 
        none
      Pointer: 0x151a63b8e010
      Container manages memory: true
      Size: 28835840
      Capacity: 28835840

     Weighting = 1
     Sampling strategy = regular
     Number of bins = 32
     Radius = 4
     Sampling percentage  = 0.25
   Transform = Affine
     Gradient step = 0.1
     Update field sigma (voxel space) = 0
     Total field sigma (voxel space) = 0
     Update field time sigma = 0
     Total field time sigma  = 0
     Number of time indices = 0
     Number of time point samples = 0
Registration using 2 total stages.

Stage 0
  iterations = 1000x500x250x100
  convergence threshold = 5e-07
  convergence window size = 10
  number of levels = 4
  using the Mattes MI metric (number of bins = 32, weight = 1)
  Shrink factors (level 1 out of 4): [7, 8, 8]
  Shrink factors (level 2 out of 4): [4, 4, 4]
  Shrink factors (level 3 out of 4): [2, 2, 2]
  Shrink factors (level 4 out of 4): [1, 1, 1]
  smoothing sigmas per level: [3, 2, 1, 0]
  regular sampling (percentage = 0.25)

*** Running Euler3DTransform registration ***

DIAGNOSTIC,Iteration,metricValue,convergenceValue,ITERATION_TIME_INDEX,SINCE_LAST
 2DIAGNOSTIC,     1, -3.494951450737e-01, 1.797693134862e+308, 3.0765e-01, 3.0765e-01, 
 2DIAGNOSTIC,     2, -3.500255617189e-01, 1.797693134862e+308, 3.1104e-01, 3.3882e-03, 
 2DIAGNOSTIC,     3, -3.498547950794e-01, 1.797693134862e+308, 3.1350e-01, 2.4629e-03, 
 2DIAGNOSTIC,     4, -3.498464341949e-01, 1.797693134862e+308, 3.1615e-01, 2.6500e-03, 
 2DIAGNOSTIC,     5, -3.504823091756e-01, 1.797693134862e+308, 3.1898e-01, 2.8269e-03, 
 2DIAGNOSTIC,     6, -3.505247221851e-01, 1.797693134862e+308, 3.2168e-01, 2.7070e-03, 
 2DIAGNOSTIC,     7, -3.517386429869e-01, 1.797693134862e+308, 3.2436e-01, 2.6722e-03, 
 2DIAGNOSTIC,     8, -3.539512439911e-01, 1.797693134862e+308, 3.2694e-01, 2.5802e-03, 
 2DIAGNOSTIC,     9, -3.562262259266e-01, 1.797693134862e+308, 3.2927e-01, 2.3370e-03, 
 2DIAGNOSTIC,    10, -3.585232050252e-01, 1.473312639318e-03, 3.3397e-01, 4.6961e-03, 
 2DIAGNOSTIC,    11, -3.668050699647e-01, 2.243781094504e-03, 3.3738e-01, 3.4091e-03, 
 2DIAGNOSTIC,    12, -3.769868720898e-01, 3.376211161829e-03, 3.4100e-01, 3.6209e-03, 
 2DIAGNOSTIC,    13, -3.821015969124e-01, 4.307492506700e-03, 3.4424e-01, 3.2370e-03, 
 2DIAGNOSTIC,    14, -3.904788732946e-01, 5.175791146523e-03, 3.4771e-01, 3.4750e-03, 
 2DIAGNOSTIC,    15, -3.952176163905e-01, 5.723808081740e-03, 3.5104e-01, 3.3281e-03, 
 2DIAGNOSTIC,    16, -3.950338963385e-01, 5.663768331530e-03, 3.5420e-01, 3.1629e-03, 
 2DIAGNOSTIC,    17, -3.983971377330e-01, 5.297916332111e-03, 3.5763e-01, 3.4251e-03, 
 2DIAGNOSTIC,    18, -4.009783944969e-01, 4.689638337820e-03, 3.6050e-01, 2.8739e-03, 
 2DIAGNOSTIC,    19, -4.048871455853e-01, 3.965683107742e-03, 3.6317e-01, 2.6660e-03, 
 2DIAGNOSTIC,    20, -4.164342014286e-01, 3.471217947832e-03, 3.6697e-01, 3.8021e-03, 
 2DIAGNOSTIC,    21, -4.180190040781e-01, 3.050584783994e-03, 3.6999e-01, 3.0200e-03, 
 2DIAGNOSTIC,    22, -4.236743765662e-01, 2.934785951002e-03, 3.7305e-01, 3.0649e-03, 
 2DIAGNOSTIC,    23, -4.251735633803e-01, 2.765644806795e-03, 3.7766e-01, 4.6070e-03, 
 2DIAGNOSTIC,    24, -4.212244190839e-01, 2.488513409327e-03, 3.8039e-01, 2.7239e-03, 
 2DIAGNOSTIC,    25, -4.415696969628e-01, 2.746171488774e-03, 3.8335e-01, 2.9690e-03, 
 2DIAGNOSTIC,    26, -4.598767092780e-01, 3.212876361345e-03, 3.8593e-01, 2.5749e-03, 
 2DIAGNOSTIC,    27, -4.959613582710e-01, 4.383429130923e-03, 3.9682e-01, 1.0887e-02, 
 2DIAGNOSTIC,    28, -4.959577134323e-01, 5.093962965460e-03, 3.9958e-01, 2.7661e-03, 
 2DIAGNOSTIC,    29, -4.959622879745e-01, 5.375417317938e-03, 4.0232e-01, 2.7359e-03, 
 2DIAGNOSTIC,    30, -4.959700135980e-01, 5.408470630947e-03, 4.0475e-01, 2.4290e-03, 
 2DIAGNOSTIC,    31, -4.959830517834e-01, 4.950658257814e-03, 4.0765e-01, 2.9061e-03, 
 2DIAGNOSTIC,    32, -4.960050113905e-01, 4.176524807656e-03, 4.1021e-01, 2.5549e-03, 
 2DIAGNOSTIC,    33, -4.960419287653e-01, 3.109095675733e-03, 4.1288e-01, 2.6710e-03, 
 2DIAGNOSTIC,    34, -4.961038703988e-01, 1.749721414818e-03, 4.1538e-01, 2.4979e-03, 
 2DIAGNOSTIC,    35, -4.962068654808e-01, 7.171328176319e-04, 4.1813e-01, 2.7561e-03, 
 2DIAGNOSTIC,    36, -4.963748313563e-01, 1.560034470072e-05, 4.2064e-01, 2.5070e-03, 
 2DIAGNOSTIC,    37, -4.966343197674e-01, 2.423599960494e-05, 4.2358e-01, 2.9399e-03, 
 2DIAGNOSTIC,    38, -4.969935893041e-01, 3.637449782528e-05, 4.2665e-01, 3.0670e-03, 
 2DIAGNOSTIC,    39, -4.973017527821e-01, 4.971558831186e-05, 4.2915e-01, 2.5029e-03, 
 2DIAGNOSTIC,    40, -4.974653973677e-01, 6.047300831719e-05, 4.3227e-01, 3.1190e-03, 
 2DIAGNOSTIC,    41, -4.975157920140e-01, 6.601541926935e-05, 4.3500e-01, 2.7292e-03, 
 2DIAGNOSTIC,    42, -4.976171495631e-01, 6.701604969462e-05, 4.3759e-01, 2.5878e-03, 
 2DIAGNOSTIC,    43, -4.977392015851e-01, 6.402597463926e-05, 4.4035e-01, 2.7630e-03, 
 2DIAGNOSTIC,    44, -4.989404499259e-01, 7.400908025100e-05, 4.4421e-01, 3.8660e-03, 
 2DIAGNOSTIC,    45, -4.987170210970e-01, 7.429539038763e-05, 4.5009e-01, 5.8761e-03, 
 2DIAGNOSTIC,    46, -4.986235792369e-01, 6.894597632582e-05, 4.5349e-01, 3.3998e-03, 
 2DIAGNOSTIC,    47, -4.986871768703e-01, 6.202217941140e-05, 4.5658e-01, 3.0921e-03, 
 2DIAGNOSTIC,    48, -4.987791131358e-01, 5.542773282402e-05, 4.5954e-01, 2.9559e-03, 
 2DIAGNOSTIC,    49, -4.988915173186e-01, 4.914258924092e-05, 4.6226e-01, 2.7180e-03, 
 2DIAGNOSTIC,    50, -4.990945121715e-01, 4.326189829442e-05, 4.6533e-01, 3.0751e-03, 
 2DIAGNOSTIC,    51, -4.991445570491e-01, 3.506398971239e-05, 4.6870e-01, 3.3650e-03, 
 2DIAGNOSTIC,    52, -4.991780676418e-01, 2.571627023853e-05, 4.7155e-01, 2.8582e-03, 
 2DIAGNOSTIC,    53, -4.992016465799e-01, 1.567468274102e-05, 4.7500e-01, 3.4420e-03, 
 2DIAGNOSTIC,    54, -4.993660278534e-01, 2.085405626663e-05, 4.7794e-01, 2.9449e-03, 
 2DIAGNOSTIC,    55, -4.988184907730e-01, 1.489806068547e-05, 4.8086e-01, 2.9180e-03, 
 2DIAGNOSTIC,    56, -4.989017387383e-01, 7.896164524603e-06, 4.8424e-01, 3.3779e-03, 
 2DIAGNOSTIC,    57, -4.989728571791e-01, 1.918884814676e-06, 4.8899e-01, 4.7560e-03, 
DIAGNOSTIC,Iteration,metricValue,convergenceValue,ITERATION_TIME_INDEX,SINCE_LAST
 2DIAGNOSTIC,     1, -3.988325352031e-01, 1.797693134862e+308, 8.1974e-01, 3.3074e-01, 
 2DIAGNOSTIC,     2, -4.000597139834e-01, 1.797693134862e+308, 8.2629e-01, 6.5551e-03, 
 2DIAGNOSTIC,     3, -4.013319621874e-01, 1.797693134862e+308, 8.3261e-01, 6.3190e-03, 
 2DIAGNOSTIC,     4, -4.039963515777e-01, 1.797693134862e+308, 8.3910e-01, 6.4840e-03, 
 2DIAGNOSTIC,     5, -4.079882387940e-01, 1.797693134862e+308, 8.4558e-01, 6.4838e-03, 
 2DIAGNOSTIC,     6, -4.110218924871e-01, 1.797693134862e+308, 8.5182e-01, 6.2449e-03, 
 2DIAGNOSTIC,     7, -4.158709630953e-01, 1.797693134862e+308, 8.5805e-01, 6.2230e-03, 
 2DIAGNOSTIC,     8, -4.218303603680e-01, 1.797693134862e+308, 8.6410e-01, 6.0489e-03, 
 2DIAGNOSTIC,     9, -4.349827958328e-01, 1.797693134862e+308, 8.7140e-01, 7.3068e-03, 
 2DIAGNOSTIC,    10, -4.414904340415e-01, 6.433018114100e-03, 8.7898e-01, 7.5769e-03, 
 2DIAGNOSTIC,    11, -4.490828648068e-01, 7.012934994193e-03, 8.8946e-01, 1.0479e-02, 
 2DIAGNOSTIC,    12, -4.510327644185e-01, 7.042646944679e-03, 8.9569e-01, 6.2270e-03, 
 2DIAGNOSTIC,    13, -4.566971714596e-01, 6.787362423021e-03, 9.0394e-01, 8.2560e-03, 
 2DIAGNOSTIC,    14, -4.574553411995e-01, 6.107736866509e-03, 9.1145e-01, 7.5109e-03, 
 2DIAGNOSTIC,    15, -4.586900591359e-01, 5.199518863390e-03, 9.1856e-01, 7.1092e-03, 
 2DIAGNOSTIC,    16, -4.584453299907e-01, 4.055928349015e-03, 9.2595e-01, 7.3919e-03, 
 2DIAGNOSTIC,    17, -4.583894728047e-01, 2.871423039474e-03, 9.3347e-01, 7.5181e-03, 
 2DIAGNOSTIC,    18, -4.583380907804e-01, 1.768371453204e-03, 9.4198e-01, 8.5039e-03, 
 2DIAGNOSTIC,    19, -4.583231450544e-01, 1.074083884230e-03, 9.5247e-01, 1.0493e-02, 
 2DIAGNOSTIC,    20, -4.582569134878e-01, 5.598379321188e-04, 9.5988e-01, 7.4098e-03, 
 2DIAGNOSTIC,    21, -4.582586789383e-01, 2.815813561086e-04, 9.6650e-01, 6.6171e-03, 
 2DIAGNOSTIC,    22, -4.581942029729e-01, 5.556032922811e-05, 9.7373e-01, 7.2379e-03, 
 2DIAGNOSTIC,    23, -4.581226595458e-01, 2.540214745689e-06, 9.8051e-01, 6.7799e-03, 
DIAGNOSTIC,Iteration,metricValue,convergenceValue,ITERATION_TIME_INDEX,SINCE_LAST
 2DIAGNOSTIC,     1, -3.614852517493e-01, 1.797693134862e+308, 1.4579e+00, 4.7739e-01, 
 2DIAGNOSTIC,     2, -3.616004030910e-01, 1.797693134862e+308, 1.5256e+00, 6.7748e-02, 
 2DIAGNOSTIC,     3, -3.615967106180e-01, 1.797693134862e+308, 1.5766e+00, 5.0925e-02, 
 2DIAGNOSTIC,     4, -3.615910397496e-01, 1.797693134862e+308, 1.6344e+00, 5.7826e-02, 
 2DIAGNOSTIC,     5, -3.615882350529e-01, 1.797693134862e+308, 1.6849e+00, 5.0485e-02, 
 2DIAGNOSTIC,     6, -3.615726452593e-01, 1.797693134862e+308, 1.7356e+00, 5.0682e-02, 
 2DIAGNOSTIC,     7, -3.615759636146e-01, 1.797693134862e+308, 1.7942e+00, 5.8638e-02, 
 2DIAGNOSTIC,     8, -3.615750377949e-01, 1.797693134862e+308, 1.8461e+00, 5.1864e-02, 
 2DIAGNOSTIC,     9, -3.615694377371e-01, 1.797693134862e+308, 1.8908e+00, 4.4764e-02, 
 2DIAGNOSTIC,    10, -3.615713163336e-01, 5.867905356283e-06, 1.9427e+00, 5.1820e-02, 
DIAGNOSTIC,Iteration,metricValue,convergenceValue,ITERATION_TIME_INDEX,SINCE_LAST
 2DIAGNOSTIC,     1, -2.942078255620e-01, 1.797693134862e+308, 3.0656e+00, 1.1230e+00, 
 2DIAGNOSTIC,     2, -2.942303847035e-01, 1.797693134862e+308, 3.4048e+00, 3.3917e-01, 
 2DIAGNOSTIC,     3, -2.942215319072e-01, 1.797693134862e+308, 3.7810e+00, 3.7621e-01, 
 2DIAGNOSTIC,     4, -2.942209717691e-01, 1.797693134862e+308, 4.0767e+00, 2.9570e-01, 
 2DIAGNOSTIC,     5, -2.942172689126e-01, 1.797693134862e+308, 4.6072e+00, 5.3052e-01, 
 2DIAGNOSTIC,     6, -2.942184105323e-01, 1.797693134862e+308, 4.9103e+00, 3.0313e-01, 
 2DIAGNOSTIC,     7, -2.942170207688e-01, 1.797693134862e+308, 5.1719e+00, 2.6154e-01, 
 2DIAGNOSTIC,     8, -2.942180685367e-01, 1.797693134862e+308, 5.5881e+00, 4.1620e-01, 
 2DIAGNOSTIC,     9, -2.942184067395e-01, 1.797693134862e+308, 5.8876e+00, 2.9952e-01, 
 2DIAGNOSTIC,    10, -2.942166408890e-01, 2.627009753522e-06, 6.1930e+00, 3.0544e-01, 
 2DIAGNOSTIC,    11, -2.942155901921e-01, 1.071819910978e-06, 6.4997e+00, 3.0667e-01, 
 2DIAGNOSTIC,    12, -2.942156201084e-01, 1.774811508246e-06, 6.7648e+00, 2.6510e-01, 
 2DIAGNOSTIC,    13, -2.942158520403e-01, 1.803255652633e-06, 7.0358e+00, 2.7101e-01, 
 2DIAGNOSTIC,    14, -2.942167307236e-01, 1.912966716977e-06, 7.4150e+00, 3.7920e-01, 
 2DIAGNOSTIC,    15, -2.942170691651e-01, 1.822768961782e-06, 7.7198e+00, 3.0482e-01, 
 2DIAGNOSTIC,    16, -2.942167354781e-01, 1.825190619240e-06, 8.0242e+00, 3.0432e-01, 
 2DIAGNOSTIC,    17, -2.942156206137e-01, 1.698630775870e-06, 8.3637e+00, 3.3954e-01, 
 2DIAGNOSTIC,    18, -2.942157080013e-01, 1.661805477927e-06, 8.6358e+00, 2.7210e-01, 
 2DIAGNOSTIC,    19, -2.942151717378e-01, 1.628562395529e-06, 8.9426e+00, 3.0683e-01, 
 2DIAGNOSTIC,    20, -2.942151755538e-01, 1.518973810337e-06, 9.2100e+00, 2.6737e-01, 
 2DIAGNOSTIC,    21, -2.942152887173e-01, 1.384263159154e-06, 9.4741e+00, 2.6409e-01, 
 2DIAGNOSTIC,    22, -2.942158831137e-01, 1.302151441028e-06, 9.7490e+00, 2.7489e-01, 
 2DIAGNOSTIC,    23, -2.942162933765e-01, 1.266029551840e-06, 1.0054e+01, 3.0509e-01, 
 2DIAGNOSTIC,    24, -2.942169665679e-01, 1.305302536662e-06, 1.0363e+01, 3.0933e-01, 
 2DIAGNOSTIC,    25, -2.942168625326e-01, 1.352165188276e-06, 1.0666e+01, 3.0231e-01, 
 2DIAGNOSTIC,    26, -2.942167492558e-01, 1.372722029241e-06, 1.0970e+01, 3.0468e-01, 
 2DIAGNOSTIC,    27, -2.942147926542e-01, 1.267526513221e-06, 1.1239e+01, 2.6903e-01, 
 2DIAGNOSTIC,    28, -2.942149105918e-01, 1.170514675290e-06, 1.1509e+01, 2.6913e-01, 
 2DIAGNOSTIC,    29, -2.942151684371e-01, 1.066654571322e-06, 1.1812e+01, 3.0306e-01, 
 2DIAGNOSTIC,    30, -2.942138850423e-01, 9.304889815112e-07, 1.2119e+01, 3.0730e-01, 
 2DIAGNOSTIC,    31, -2.942144176531e-01, 8.370873206195e-07, 1.2424e+01, 3.0513e-01, 
 2DIAGNOSTIC,    32, -2.942137260297e-01, 7.645361234584e-07, 1.2718e+01, 2.9388e-01, 
 2DIAGNOSTIC,    33, -2.942134709071e-01, 7.223205833046e-07, 1.3055e+01, 3.3712e-01, 
 2DIAGNOSTIC,    34, -2.942126742888e-01, 7.013781744142e-07, 1.3356e+01, 3.0097e-01, 
 2DIAGNOSTIC,    35, -2.942119881736e-01, 6.823185542820e-07, 1.3670e+01, 3.1398e-01, 
 2DIAGNOSTIC,    36, -2.942114067151e-01, 6.689914267589e-07, 1.3969e+01, 2.9902e-01, 
 2DIAGNOSTIC,    37, -2.942116302865e-01, 6.311659935705e-07, 1.4270e+01, 3.0049e-01, 
 2DIAGNOSTIC,    38, -2.942115484447e-01, 6.172827786352e-07, 1.4529e+01, 2.5905e-01, 
 2DIAGNOSTIC,    39, -2.942117790579e-01, 6.382610739097e-07, 1.4830e+01, 3.0117e-01, 
 2DIAGNOSTIC,    40, -2.942121885615e-01, 6.536399346294e-07, 1.5132e+01, 3.0234e-01, 
 2DIAGNOSTIC,    41, -2.942106853245e-01, 6.590328924597e-07, 1.5436e+01, 3.0392e-01, 
 2DIAGNOSTIC,    42, -2.942104793344e-01, 6.555270400457e-07, 1.5742e+01, 3.0636e-01, 
 2DIAGNOSTIC,    43, -2.942104730728e-01, 6.560246678146e-07, 1.6093e+01, 3.5070e-01, 
 2DIAGNOSTIC,    44, -2.942100769662e-01, 6.379755599396e-07, 1.6409e+01, 3.1586e-01, 
 2DIAGNOSTIC,    45, -2.942099806522e-01, 6.125702820513e-07, 1.6721e+01, 3.1240e-01, 
 2DIAGNOSTIC,    46, -2.942096900800e-01, 5.793766500069e-07, 1.6993e+01, 2.7131e-01, 
 2DIAGNOSTIC,    47, -2.942094852931e-01, 5.591615785429e-07, 1.7308e+01, 3.1533e-01, 
 2DIAGNOSTIC,    48, -2.942093217494e-01, 5.456536161449e-07, 1.7579e+01, 2.7151e-01, 
 2DIAGNOSTIC,    49, -2.942097924614e-01, 5.571718382329e-07, 1.7894e+01, 3.1407e-01, 
 2DIAGNOSTIC,    50, -2.942104540674e-01, 5.982432001554e-07, 1.8205e+01, 3.1167e-01, 
 2DIAGNOSTIC,    51, -2.942102414581e-01, 6.086438227686e-07, 1.8514e+01, 3.0924e-01, 
 2DIAGNOSTIC,    52, -2.942105287800e-01, 6.219857028901e-07, 1.8869e+01, 3.5471e-01, 
 2DIAGNOSTIC,    53, -2.942100713536e-01, 6.255196278622e-07, 1.9177e+01, 3.0805e-01, 
 2DIAGNOSTIC,    54, -2.942099985118e-01, 6.180862648746e-07, 1.9491e+01, 3.1381e-01, 
 2DIAGNOSTIC,    55, -2.942097951917e-01, 6.027387940699e-07, 1.9806e+01, 3.1485e-01, 
 2DIAGNOSTIC,    56, -2.942094057958e-01, 5.740242412615e-07, 2.0117e+01, 3.1160e-01, 
 2DIAGNOSTIC,    57, -2.942087245354e-01, 5.311714425353e-07, 2.0389e+01, 2.7160e-01, 
  Elapsed time (stage 0): 2.0656e+01


Stage 1
  iterations = 1000x500x250x100
  convergence threshold = 4.0000e-07
  convergence window size = 10
  number of levels = 4
  using the Mattes MI metric (number of bins = 32, weight = 1.0000e+00)
  Shrink factors (level 1 out of 4): [7, 8, 8]
  Shrink factors (level 2 out of 4): [4, 4, 4]
  Shrink factors (level 3 out of 4): [2, 2, 2]
  Shrink factors (level 4 out of 4): [1, 1, 1]
  smoothing sigmas per level: [3, 2, 1, 0]
  regular sampling (percentage = 2.5000e-01)

*** Running AffineTransform registration ***

DIAGNOSTIC,Iteration,metricValue,convergenceValue,ITERATION_TIME_INDEX,SINCE_LAST
 2DIAGNOSTIC,     1, -5.614566652087e-01, 1.797693134862e+308, 3.2640e-01, 3.2640e-01, 
 2DIAGNOSTIC,     2, -5.630056202549e-01, 1.797693134862e+308, 3.2937e-01, 2.9771e-03, 
 2DIAGNOSTIC,     3, -5.650793428718e-01, 1.797693134862e+308, 3.3223e-01, 2.8560e-03, 
 2DIAGNOSTIC,     4, -5.666119911659e-01, 1.797693134862e+308, 3.3506e-01, 2.8329e-03, 
 2DIAGNOSTIC,     5, -5.693123058934e-01, 1.797693134862e+308, 3.3919e-01, 4.1308e-03, 
 2DIAGNOSTIC,     6, -5.707586249767e-01, 1.797693134862e+308, 3.4206e-01, 2.8679e-03, 
 2DIAGNOSTIC,     7, -5.758168229425e-01, 1.797693134862e+308, 3.4578e-01, 3.7169e-03, 
 2DIAGNOSTIC,     8, -5.803777038886e-01, 1.797693134862e+308, 3.4921e-01, 3.4370e-03, 
 2DIAGNOSTIC,     9, -5.803553487464e-01, 1.797693134862e+308, 3.5260e-01, 3.3882e-03, 
 2DIAGNOSTIC,    10, -5.807491170189e-01, 2.476765905374e-03, 3.5611e-01, 3.5031e-03, 
 2DIAGNOSTIC,    11, -5.813779028790e-01, 2.157084069184e-03, 3.5888e-01, 2.7769e-03, 
 2DIAGNOSTIC,    12, -5.829774426779e-01, 1.823375464547e-03, 3.6188e-01, 2.9950e-03, 
 2DIAGNOSTIC,    13, -5.854260788157e-01, 1.545007922358e-03, 3.6504e-01, 3.1621e-03, 
 2DIAGNOSTIC,    14, -5.862988035035e-01, 1.250745886998e-03, 3.6925e-01, 4.2090e-03, 
 2DIAGNOSTIC,    15, -5.874310787068e-01, 1.012415197574e-03, 3.7205e-01, 2.7990e-03, 
 2DIAGNOSTIC,    16, -5.880439171537e-01, 7.725165085054e-04, 3.7502e-01, 2.9731e-03, 
 2DIAGNOSTIC,    17, -5.895837296094e-01, 6.770771118191e-04, 3.7840e-01, 3.3760e-03, 
 2DIAGNOSTIC,    18, -5.907347475287e-01, 6.846565730217e-04, 3.8323e-01, 4.8358e-03, 
 2DIAGNOSTIC,    19, -5.901292486713e-01, 6.117594280838e-04, 3.8626e-01, 3.0279e-03, 
 2DIAGNOSTIC,    20, -5.905136310748e-01, 5.105125941972e-04, 3.8912e-01, 2.8639e-03, 
 2DIAGNOSTIC,    21, -5.902399026121e-01, 3.795043353615e-04, 3.9251e-01, 3.3820e-03, 
 2DIAGNOSTIC,    22, -5.908710608304e-01, 2.734085392732e-04, 3.9604e-01, 3.5369e-03, 
 2DIAGNOSTIC,    23, -5.910450561451e-01, 2.062351060132e-04, 3.9884e-01, 2.7940e-03, 
 2DIAGNOSTIC,    24, -5.908415466658e-01, 1.392584795769e-04, 4.0185e-01, 3.0141e-03, 
 2DIAGNOSTIC,    25, -5.910456010083e-01, 9.158337529256e-05, 4.0535e-01, 3.5031e-03, 
 2DIAGNOSTIC,    26, -5.916181991656e-01, 6.056766866597e-05, 4.0943e-01, 4.0710e-03, 
 2DIAGNOSTIC,    27, -5.915158784895e-01, 5.117310671209e-05, 4.1275e-01, 3.3259e-03, 
 2DIAGNOSTIC,    28, -5.920240897311e-01, 6.710605927230e-05, 4.1609e-01, 3.3422e-03, 
 2DIAGNOSTIC,    29, -5.925895938475e-01, 7.488059269948e-05, 4.1890e-01, 2.8019e-03, 
 2DIAGNOSTIC,    30, -5.927164144267e-01, 8.348716711036e-05, 4.2288e-01, 3.9880e-03, 
 2DIAGNOSTIC,    31, -5.919929017508e-01, 6.779030514917e-05, 4.2582e-01, 2.9390e-03, 
 2DIAGNOSTIC,    32, -5.923530352393e-01, 6.222291141298e-05, 4.2860e-01, 2.7752e-03, 
 2DIAGNOSTIC,    33, -5.928893477844e-01, 6.152228959901e-05, 4.3256e-01, 3.9570e-03, 
 2DIAGNOSTIC,    34, -5.930883387870e-01, 5.454732195836e-05, 4.3597e-01, 3.4170e-03, 
 2DIAGNOSTIC,    35, -5.926687235438e-01, 3.983387628959e-05, 4.3922e-01, 3.2480e-03, 
 2DIAGNOSTIC,    36, -5.922810334869e-01, 2.544520085807e-05, 4.4259e-01, 3.3691e-03, 
 2DIAGNOSTIC,    37, -5.922778627877e-01, 8.099805094607e-06, 4.4596e-01, 3.3739e-03, 
DIAGNOSTIC,Iteration,metricValue,convergenceValue,ITERATION_TIME_INDEX,SINCE_LAST
 2DIAGNOSTIC,     1, -4.750817936496e-01, 1.797693134862e+308, 7.8980e-01, 3.4384e-01, 
 2DIAGNOSTIC,     2, -4.753055033278e-01, 1.797693134862e+308, 7.9838e-01, 8.5800e-03, 
 2DIAGNOSTIC,     3, -4.757793193701e-01, 1.797693134862e+308, 8.0659e-01, 8.2128e-03, 
 2DIAGNOSTIC,     4, -4.764348333063e-01, 1.797693134862e+308, 8.1373e-01, 7.1399e-03, 
 2DIAGNOSTIC,     5, -4.772382763554e-01, 1.797693134862e+308, 8.2099e-01, 7.2610e-03, 
 2DIAGNOSTIC,     6, -4.790023649457e-01, 1.797693134862e+308, 8.2930e-01, 8.3029e-03, 
 2DIAGNOSTIC,     7, -4.804633544436e-01, 1.797693134862e+308, 8.3662e-01, 7.3240e-03, 
 2DIAGNOSTIC,     8, -4.817845883356e-01, 1.797693134862e+308, 8.4754e-01, 1.0919e-02, 
 2DIAGNOSTIC,     9, -4.844251153052e-01, 1.797693134862e+308, 8.5482e-01, 7.2839e-03, 
 2DIAGNOSTIC,    10, -4.870072764374e-01, 1.561700930976e-03, 8.6449e-01, 9.6650e-03, 
 2DIAGNOSTIC,    11, -4.877487953149e-01, 1.629803017350e-03, 8.7551e-01, 1.1023e-02, 
 2DIAGNOSTIC,    12, -4.878575327509e-01, 1.558249563093e-03, 8.8405e-01, 8.5359e-03, 
 2DIAGNOSTIC,    13, -4.877335795527e-01, 1.374841371209e-03, 8.9167e-01, 7.6189e-03, 
 2DIAGNOSTIC,    14, -4.878351249410e-01, 1.124470984044e-03, 9.0038e-01, 8.7121e-03, 
 2DIAGNOSTIC,    15, -4.878971020504e-01, 8.367610082462e-04, 9.0903e-01, 8.6529e-03, 
 2DIAGNOSTIC,    16, -4.877225252461e-01, 5.671776824744e-04, 9.1648e-01, 7.4451e-03, 
 2DIAGNOSTIC,    17, -4.881204217645e-01, 3.433560565852e-04, 9.2486e-01, 8.3830e-03, 
 2DIAGNOSTIC,    18, -4.883130450600e-01, 1.611855860925e-04, 9.3572e-01, 1.0860e-02, 
 2DIAGNOSTIC,    19, -4.883195252495e-01, 6.342238076205e-05, 9.4410e-01, 8.3799e-03, 
 2DIAGNOSTIC,    20, -4.882239137053e-01, 4.244652155894e-05, 9.5393e-01, 9.8329e-03, 
 2DIAGNOSTIC,    21, -4.882088355406e-01, 4.012136067053e-05, 9.6121e-01, 7.2780e-03, 
 2DIAGNOSTIC,    22, -4.881541674555e-01, 3.580804721103e-05, 9.6871e-01, 7.5040e-03, 
 2DIAGNOSTIC,    23, -4.882489362840e-01, 2.766095402986e-05, 9.7730e-01, 8.5831e-03, 
 2DIAGNOSTIC,    24, -4.880445571302e-01, 1.518707905471e-05, 9.8451e-01, 7.2160e-03, 
 2DIAGNOSTIC,    25, -4.880874996620e-01, 5.365156279635e-06, 9.9392e-01, 9.4051e-03, 
DIAGNOSTIC,Iteration,metricValue,convergenceValue,ITERATION_TIME_INDEX,SINCE_LAST
 2DIAGNOSTIC,     1, -3.877437759390e-01, 1.797693134862e+308, 1.4737e+00, 4.7979e-01, 
 2DIAGNOSTIC,     2, -3.878947423701e-01, 1.797693134862e+308, 1.5337e+00, 6.0045e-02, 
 2DIAGNOSTIC,     3, -3.879857365415e-01, 1.797693134862e+308, 1.5850e+00, 5.1271e-02, 
 2DIAGNOSTIC,     4, -3.880703659635e-01, 1.797693134862e+308, 1.6453e+00, 6.0305e-02, 
 2DIAGNOSTIC,     5, -3.881589702959e-01, 1.797693134862e+308, 1.6972e+00, 5.1844e-02, 
 2DIAGNOSTIC,     6, -3.881728083814e-01, 1.797693134862e+308, 1.7490e+00, 5.1855e-02, 
 2DIAGNOSTIC,     7, -3.882765171036e-01, 1.797693134862e+308, 1.8085e+00, 5.9458e-02, 
 2DIAGNOSTIC,     8, -3.882983206133e-01, 1.797693134862e+308, 1.8841e+00, 7.5640e-02, 
 2DIAGNOSTIC,     9, -3.881928764839e-01, 1.797693134862e+308, 1.9670e+00, 8.2886e-02, 
 2DIAGNOSTIC,    10, -3.881927141695e-01, 7.841881388983e-05, 2.0278e+00, 6.0793e-02, 
 2DIAGNOSTIC,    11, -3.881742422442e-01, 4.473455393611e-05, 2.0909e+00, 6.3140e-02, 
 2DIAGNOSTIC,    12, -3.881554511336e-01, 2.078314869643e-05, 2.1508e+00, 5.9842e-02, 
 2DIAGNOSTIC,    13, -3.881515841276e-01, 3.721179229643e-06, 2.2110e+00, 6.0215e-02, 
DIAGNOSTIC,Iteration,metricValue,convergenceValue,ITERATION_TIME_INDEX,SINCE_LAST
 2DIAGNOSTIC,     1, -3.139560123347e-01, 1.797693134862e+308, 3.8320e+00, 1.6210e+00, 
 2DIAGNOSTIC,     2, -3.139561338754e-01, 1.797693134862e+308, 4.2776e+00, 4.4556e-01, 
 2DIAGNOSTIC,     3, -3.139560487794e-01, 1.797693134862e+308, 4.6268e+00, 3.4925e-01, 
 2DIAGNOSTIC,     4, -3.139557027986e-01, 1.797693134862e+308, 4.9389e+00, 3.1205e-01, 
 2DIAGNOSTIC,     5, -3.139555860898e-01, 1.797693134862e+308, 5.3367e+00, 3.9790e-01, 
 2DIAGNOSTIC,     6, -3.139545409140e-01, 1.797693134862e+308, 5.6873e+00, 3.5055e-01, 
 2DIAGNOSTIC,     7, -3.139542731777e-01, 1.797693134862e+308, 6.0031e+00, 3.1577e-01, 
 2DIAGNOSTIC,     8, -3.139537993990e-01, 1.797693134862e+308, 6.3643e+00, 3.6123e-01, 
 2DIAGNOSTIC,     9, -3.139539986171e-01, 1.797693134862e+308, 6.6793e+00, 3.1500e-01, 
 2DIAGNOSTIC,    10, -3.139543297873e-01, 2.640780017119e-06, 7.0289e+00, 3.4956e-01, 
 2DIAGNOSTIC,    11, -3.139542195323e-01, 2.439931846968e-06, 7.3838e+00, 3.5497e-01, 
 2DIAGNOSTIC,    12, -3.139531527027e-01, 2.243049367787e-06, 7.7374e+00, 3.5356e-01, 
 2DIAGNOSTIC,    13, -3.139532541495e-01, 2.116800286903e-06, 8.0905e+00, 3.5312e-01, 
 2DIAGNOSTIC,    14, -3.139536718823e-01, 2.041009975001e-06, 8.4413e+00, 3.5077e-01, 
 2DIAGNOSTIC,    15, -3.139534332026e-01, 1.974071802829e-06, 8.7906e+00, 3.4935e-01, 
 2DIAGNOSTIC,    16, -3.139531507127e-01, 1.855147480648e-06, 9.1038e+00, 3.1317e-01, 
 2DIAGNOSTIC,    17, -3.139526757650e-01, 1.725646595632e-06, 9.4616e+00, 3.5783e-01, 
 2DIAGNOSTIC,    18, -3.139530532076e-01, 1.619307736740e-06, 9.8163e+00, 3.5467e-01, 
 2DIAGNOSTIC,    19, -3.139528115922e-01, 1.533186597215e-06, 1.0167e+01, 3.5023e-01, 
 2DIAGNOSTIC,    20, -3.139524236853e-01, 1.466176983565e-06, 1.0475e+01, 3.0845e-01, 
 2DIAGNOSTIC,    21, -3.139516889891e-01, 1.383311978520e-06, 1.0827e+01, 3.5170e-01, 
 2DIAGNOSTIC,    22, -3.139521256370e-01, 1.295072940485e-06, 1.1175e+01, 3.4852e-01, 
 2DIAGNOSTIC,    23, -3.139519764189e-01, 1.224739231878e-06, 1.1525e+01, 3.5026e-01, 
 2DIAGNOSTIC,    24, -3.139511263325e-01, 1.158698850236e-06, 1.1965e+01, 4.3952e-01, 
 2DIAGNOSTIC,    25, -3.139506013643e-01, 1.087696422833e-06, 1.2319e+01, 3.5360e-01, 
 2DIAGNOSTIC,    26, -3.139505059217e-01, 1.027369750502e-06, 1.2672e+01, 3.5315e-01, 
 2DIAGNOSTIC,    27, -3.139502078307e-01, 9.626694351048e-07, 1.3059e+01, 3.8685e-01, 
 2DIAGNOSTIC,    28, -3.139501821089e-01, 9.340640946404e-07, 1.3407e+01, 3.4865e-01, 
 2DIAGNOSTIC,    29, -3.139496714991e-01, 9.037097481387e-07, 1.3753e+01, 3.4540e-01, 
 2DIAGNOSTIC,    30, -3.139492801691e-01, 8.715115538127e-07, 1.4058e+01, 3.0549e-01, 
 2DIAGNOSTIC,    31, -3.139494059082e-01, 8.409294717793e-07, 1.4364e+01, 3.0630e-01, 
 2DIAGNOSTIC,    32, -3.139492624846e-01, 8.373755626678e-07, 1.4716e+01, 3.5158e-01, 
 2DIAGNOSTIC,    33, -3.139491561017e-01, 8.424131363802e-07, 1.5074e+01, 3.5817e-01, 
 2DIAGNOSTIC,    34, -3.139493416253e-01, 8.415976196254e-07, 1.5475e+01, 4.0119e-01, 
 2DIAGNOSTIC,    35, -3.139486671585e-01, 8.186805799046e-07, 1.5831e+01, 3.5588e-01, 
 2DIAGNOSTIC,    36, -3.139487354053e-01, 8.054198368454e-07, 1.6191e+01, 3.6009e-01, 
 2DIAGNOSTIC,    37, -3.139485439950e-01, 7.879362368471e-07, 1.6507e+01, 3.1574e-01, 
 2DIAGNOSTIC,    38, -3.139482337165e-01, 7.704176121191e-07, 1.6819e+01, 3.1232e-01, 
 2DIAGNOSTIC,    39, -3.139483598808e-01, 7.516435251743e-07, 1.7177e+01, 3.5793e-01, 
 2DIAGNOSTIC,    40, -3.139485469473e-01, 7.351264061373e-07, 1.7533e+01, 3.5576e-01, 
 2DIAGNOSTIC,    41, -3.139481492625e-01, 7.191270586099e-07, 1.7847e+01, 3.1361e-01, 
 2DIAGNOSTIC,    42, -3.139481098133e-01, 7.056676808032e-07, 1.8162e+01, 3.1564e-01, 
 2DIAGNOSTIC,    43, -3.139481589255e-01, 6.964108856082e-07, 1.8523e+01, 3.6064e-01, 
 2DIAGNOSTIC,    44, -3.139479927075e-01, 6.922601861227e-07, 1.8834e+01, 3.1106e-01, 
 2DIAGNOSTIC,    45, -3.139478589013e-01, 6.748328098653e-07, 1.9188e+01, 3.5381e-01, 
 2DIAGNOSTIC,    46, -3.139479976527e-01, 6.655507981852e-07, 1.9547e+01, 3.5959e-01, 
 2DIAGNOSTIC,    47, -3.139480157589e-01, 6.559490288681e-07, 1.9904e+01, 3.5613e-01, 
 2DIAGNOSTIC,    48, -3.139476483836e-01, 6.357958282424e-07, 2.0214e+01, 3.1064e-01, 
 2DIAGNOSTIC,    49, -3.139476606089e-01, 6.216977852871e-07, 2.0567e+01, 3.5318e-01, 
 2DIAGNOSTIC,    50, -3.139474969690e-01, 6.113958825223e-07, 2.1005e+01, 4.3737e-01, 
 2DIAGNOSTIC,    51, -3.139475661910e-01, 5.979734420264e-07, 2.1407e+01, 4.0233e-01, 
 2DIAGNOSTIC,    52, -3.139467160681e-01, 5.718979936495e-07, 2.1757e+01, 3.5008e-01, 
 2DIAGNOSTIC,    53, -3.139464305463e-01, 5.471709243615e-07, 2.2073e+01, 3.1592e-01, 
 2DIAGNOSTIC,    54, -3.139463623215e-01, 5.246300071940e-07, 2.2427e+01, 3.5406e-01, 
 2DIAGNOSTIC,    55, -3.139457919188e-01, 4.971336543778e-07, 2.2740e+01, 3.1256e-01, 
 2DIAGNOSTIC,    56, -3.139451605019e-01, 4.705995141768e-07, 2.3057e+01, 3.1727e-01, 
 2DIAGNOSTIC,    57, -3.139451730571e-01, 4.553738288879e-07, 2.3372e+01, 3.1516e-01, 
 2DIAGNOSTIC,    58, -3.139452889816e-01, 4.464604932627e-07, 2.3733e+01, 3.6098e-01, 
 2DIAGNOSTIC,    59, -3.139450799387e-01, 4.443681638835e-07, 2.4092e+01, 3.5937e-01, 
 2DIAGNOSTIC,    60, -3.139446466635e-01, 4.424999084790e-07, 2.4491e+01, 3.9825e-01, 
 2DIAGNOSTIC,    61, -3.139446286113e-01, 4.505438340324e-07, 2.4852e+01, 3.6145e-01, 
 2DIAGNOSTIC,    62, -3.139445807831e-01, 4.519209862233e-07, 2.5167e+01, 3.1486e-01, 
 2DIAGNOSTIC,    63, -3.139446263602e-01, 4.553702933306e-07, 2.5522e+01, 3.5507e-01, 
 2DIAGNOSTIC,    64, -3.139436431484e-01, 4.487727217582e-07, 2.5836e+01, 3.1434e-01, 
 2DIAGNOSTIC,    65, -3.139437331284e-01, 4.411166093718e-07, 2.6150e+01, 3.1363e-01, 
 2DIAGNOSTIC,    66, -3.139438855500e-01, 4.315801409582e-07, 2.6464e+01, 3.1359e-01, 
 2DIAGNOSTIC,    67, -3.139441431149e-01, 4.304065084650e-07, 2.6819e+01, 3.5522e-01, 
 2DIAGNOSTIC,    68, -3.139442627584e-01, 4.366724119832e-07, 2.7174e+01, 3.5532e-01, 
 2DIAGNOSTIC,    69, -3.139432327173e-01, 4.298889660463e-07, 2.7534e+01, 3.5959e-01, 
 2DIAGNOSTIC,    70, -3.139424783088e-01, 4.114236635943e-07, 2.7888e+01, 3.5377e-01, 
  Elapsed time (stage 1): 2.8186e+01


Total elapsed time: 4.8845e+01
