Running T1-THOMAS on sub-6
INFO:    Mounting image with FUSE.
Some packages in this Docker container are non-free
If you are considering commercial use of this container, please consult the relevant license:
https://fsl.fmrib.ox.ac.uk/fsl/fslwiki/Licence
THOMAS_HOME setting of /opt/thomas_new
Linux OS detected
File name OK
Running left and right thalamus MV big
All_Command_lines_OK
Using double precision for computations.
=============================================================================
The composite transform comprises the following transforms (in order): 
  1. Center of mass alignment using fixed image: sub-6_desc-preproc_T1w.nii.gz and moving image: /opt/thomas_new/origtemplate.nii.gz (type = Euler3DTransform)
=============================================================================
  number of levels = 4
  number of levels = 4
  fixed image: sub-6_desc-preproc_T1w.nii.gz
  moving image: /opt/thomas_new/origtemplate.nii.gz
  fixed image: sub-6_desc-preproc_T1w.nii.gz
  moving image: /opt/thomas_new/origtemplate.nii.gz
Dimension = 3
Number of stages = 2
Use Histogram Matching false
Winsorize image intensities false
Lower quantile = 0
Upper quantile = 1
Stage 1 State
   Image metric = Mattes
     Fixed image = Image (0x4203940)
  RTTI typeinfo:   itk::Image<double, 3u>
  Reference Count: 2
  Modified Time: 1696
  Debug: Off
  Object Name: 
  Observers: 
    none
  Source: (none)
  Source output name: (none)
  Release Data: Off
  Data Released: False
  Global Release Data: Off
  PipelineMTime: 0
  UpdateMTime: 1479
  RealTimeStamp: 0 seconds 
  LargestPossibleRegion: 
    Dimension: 3
    Index: [0, 0, 0]
    Size: [120, 192, 192]
  BufferedRegion: 
    Dimension: 3
    Index: [0, 0, 0]
    Size: [120, 192, 192]
  RequestedRegion: 
    Dimension: 3
    Index: [0, 0, 0]
    Size: [120, 192, 192]
  Spacing: [1.5, 1.25, 1.25]
  Origin: [78.2225, 124.057, -121.632]
  Direction: 
-0.997381 0.0645347 0.0326594
-0.0645001 -0.997915 0.00211207
0.0327276 6.31138e-09 0.999464

  IndexToPointMatrix: 
-1.49607 0.0806684 0.0408242
-0.0967502 -1.24739 0.00264009
0.0490914 7.88923e-09 1.24933

  PointToIndexMatrix: 
-0.664921 -0.0430001 0.0218184
0.0516278 -0.798332 5.03767e-09
0.0261275 0.00168966 0.799571

  Inverse Direction: 
-0.997381 -0.0645001 0.0327276
0.0645347 -0.997915 6.29709e-09
0.0326594 0.00211207 0.999464

  PixelContainer: 
    ImportImageContainer (0x41fc420)
      RTTI typeinfo:   itk::ImportImageContainer<unsigned long, double>
      Reference Count: 1
      Modified Time: 1476
      Debug: Off
      Object Name: 
      Observers: 
        none
      Pointer: 0x14e41a517010
      Container manages memory: true
      Size: 4423680
      Capacity: 4423680

     Moving image = Image (0x41fd1f0)
  RTTI typeinfo:   itk::Image<double, 3u>
  Reference Count: 2
  Modified Time: 1697
  Debug: Off
  Object Name: 
  Observers: 
    none
  Source: (none)
  Source output name: (none)
  Release Data: Off
  Data Released: False
  Global Release Data: Off
  PipelineMTime: 0
  UpdateMTime: 1694
  RealTimeStamp: 0 seconds 
  LargestPossibleRegion: 
    Dimension: 3
    Index: [0, 0, 0]
    Size: [256, 440, 256]
  BufferedRegion: 
    Dimension: 3
    Index: [0, 0, 0]
    Size: [256, 440, 256]
  RequestedRegion: 
    Dimension: 3
    Index: [0, 0, 0]
    Size: [256, 440, 256]
  Spacing: [0.7031, 0.5, 0.7031]
  Origin: [83.5844, 59.822, -106.951]
  Direction: 
-1 0 0
0 -1 0
0 0 1

  IndexToPointMatrix: 
-0.7031 0 0
0 -0.5 0
0 0 0.7031

  PointToIndexMatrix: 
-1.42227 0 0
0 -2 0
0 0 1.42227

  Inverse Direction: 
-1 0 0
0 -1 0
0 0 1

  PixelContainer: 
    ImportImageContainer (0x41fd480)
      RTTI typeinfo:   itk::ImportImageContainer<unsigned long, double>
      Reference Count: 1
      Modified Time: 1691
      Debug: Off
      Object Name: 
      Observers: 
        none
      Pointer: 0x14e40c916010
      Container manages memory: true
      Size: 28835840
      Capacity: 28835840

     Weighting = 1
     Sampling strategy = regular
     Number of bins = 32
     Radius = 4
     Sampling percentage  = 0.25
   Transform = Rigid
     Gradient step = 0.1
     Update field sigma (voxel space) = 0
     Total field sigma (voxel space) = 0
     Update field time sigma = 0
     Total field time sigma  = 0
     Number of time indices = 0
     Number of time point samples = 0
Stage 2 State
   Image metric = Mattes
     Fixed image = Image (0x420f960)
  RTTI typeinfo:   itk::Image<double, 3u>
  Reference Count: 2
  Modified Time: 2128
  Debug: Off
  Object Name: 
  Observers: 
    none
  Source: (none)
  Source output name: (none)
  Release Data: Off
  Data Released: False
  Global Release Data: Off
  PipelineMTime: 0
  UpdateMTime: 1911
  RealTimeStamp: 0 seconds 
  LargestPossibleRegion: 
    Dimension: 3
    Index: [0, 0, 0]
    Size: [120, 192, 192]
  BufferedRegion: 
    Dimension: 3
    Index: [0, 0, 0]
    Size: [120, 192, 192]
  RequestedRegion: 
    Dimension: 3
    Index: [0, 0, 0]
    Size: [120, 192, 192]
  Spacing: [1.5, 1.25, 1.25]
  Origin: [78.2225, 124.057, -121.632]
  Direction: 
-0.997381 0.0645347 0.0326594
-0.0645001 -0.997915 0.00211207
0.0327276 6.31138e-09 0.999464

  IndexToPointMatrix: 
-1.49607 0.0806684 0.0408242
-0.0967502 -1.24739 0.00264009
0.0490914 7.88923e-09 1.24933

  PointToIndexMatrix: 
-0.664921 -0.0430001 0.0218184
0.0516278 -0.798332 5.03767e-09
0.0261275 0.00168966 0.799571

  Inverse Direction: 
-0.997381 -0.0645001 0.0327276
0.0645347 -0.997915 6.29709e-09
0.0326594 0.00211207 0.999464

  PixelContainer: 
    ImportImageContainer (0x41fb220)
      RTTI typeinfo:   itk::ImportImageContainer<unsigned long, double>
      Reference Count: 1
      Modified Time: 1908
      Debug: Off
      Object Name: 
      Observers: 
        none
      Pointer: 0x14e40a755010
      Container manages memory: true
      Size: 4423680
      Capacity: 4423680

     Moving image = Image (0x42113f0)
  RTTI typeinfo:   itk::Image<double, 3u>
  Reference Count: 2
  Modified Time: 2129
  Debug: Off
  Object Name: 
  Observers: 
    none
  Source: (none)
  Source output name: (none)
  Release Data: Off
  Data Released: False
  Global Release Data: Off
  PipelineMTime: 0
  UpdateMTime: 2126
  RealTimeStamp: 0 seconds 
  LargestPossibleRegion: 
    Dimension: 3
    Index: [0, 0, 0]
    Size: [256, 440, 256]
  BufferedRegion: 
    Dimension: 3
    Index: [0, 0, 0]
    Size: [256, 440, 256]
  RequestedRegion: 
    Dimension: 3
    Index: [0, 0, 0]
    Size: [256, 440, 256]
  Spacing: [0.7031, 0.5, 0.7031]
  Origin: [83.5844, 59.822, -106.951]
  Direction: 
-1 0 0
0 -1 0
0 0 1

  IndexToPointMatrix: 
-0.7031 0 0
0 -0.5 0
0 0 0.7031

  PointToIndexMatrix: 
-1.42227 0 0
0 -2 0
0 0 1.42227

  Inverse Direction: 
-1 0 0
0 -1 0
0 0 1

  PixelContainer: 
    ImportImageContainer (0x4201d30)
      RTTI typeinfo:   itk::ImportImageContainer<unsigned long, double>
      Reference Count: 1
      Modified Time: 2123
      Debug: Off
      Object Name: 
      Observers: 
        none
      Pointer: 0x14e3fcb54010
      Container manages memory: true
      Size: 28835840
      Capacity: 28835840

     Weighting = 1
     Sampling strategy = regular
     Number of bins = 32
     Radius = 4
     Sampling percentage  = 0.25
   Transform = Affine
     Gradient step = 0.1
     Update field sigma (voxel space) = 0
     Total field sigma (voxel space) = 0
     Update field time sigma = 0
     Total field time sigma  = 0
     Number of time indices = 0
     Number of time point samples = 0
Registration using 2 total stages.

Stage 0
  iterations = 1000x500x250x100
  convergence threshold = 5e-07
  convergence window size = 10
  number of levels = 4
  using the Mattes MI metric (number of bins = 32, weight = 1)
  Shrink factors (level 1 out of 4): [7, 8, 8]
  Shrink factors (level 2 out of 4): [3, 4, 4]
  Shrink factors (level 3 out of 4): [2, 2, 2]
  Shrink factors (level 4 out of 4): [1, 1, 1]
  smoothing sigmas per level: [3, 2, 1, 0]
  regular sampling (percentage = 0.25)

*** Running Euler3DTransform registration ***

DIAGNOSTIC,Iteration,metricValue,convergenceValue,ITERATION_TIME_INDEX,SINCE_LAST
 2DIAGNOSTIC,     1, -4.089564818544e-01, 1.797693134862e+308, 2.8902e-01, 2.8902e-01, 
 2DIAGNOSTIC,     2, -4.131452128465e-01, 1.797693134862e+308, 2.9215e-01, 3.1281e-03, 
 2DIAGNOSTIC,     3, -4.176595174603e-01, 1.797693134862e+308, 2.9484e-01, 2.6941e-03, 
 2DIAGNOSTIC,     4, -4.238138579346e-01, 1.797693134862e+308, 2.9804e-01, 3.2022e-03, 
 2DIAGNOSTIC,     5, -4.254474468553e-01, 1.797693134862e+308, 3.0158e-01, 3.5391e-03, 
 2DIAGNOSTIC,     6, -4.258652134670e-01, 1.797693134862e+308, 3.0536e-01, 3.7811e-03, 
 2DIAGNOSTIC,     7, -4.259361733119e-01, 1.797693134862e+308, 3.0771e-01, 2.3460e-03, 
 2DIAGNOSTIC,     8, -4.260014288412e-01, 1.797693134862e+308, 3.1060e-01, 2.8851e-03, 
 2DIAGNOSTIC,     9, -4.260398925334e-01, 1.797693134862e+308, 3.1308e-01, 2.4800e-03, 
 2DIAGNOSTIC,    10, -4.258981764750e-01, 2.369404704298e-03, 3.1731e-01, 4.2350e-03, 
 2DIAGNOSTIC,    11, -4.263784270750e-01, 1.365085663178e-03, 3.2054e-01, 3.2301e-03, 
 2DIAGNOSTIC,    12, -4.264475973361e-01, 6.436035235465e-04, 3.2380e-01, 3.2609e-03, 
 2DIAGNOSTIC,    13, -4.264698580394e-01, 2.029664067788e-04, 3.2668e-01, 2.8791e-03, 
 2DIAGNOSTIC,    14, -4.267588531209e-01, 1.150762096635e-04, 3.2943e-01, 2.7461e-03, 
 2DIAGNOSTIC,    15, -4.281571299220e-01, 1.635940719846e-04, 3.3349e-01, 4.0660e-03, 
 2DIAGNOSTIC,    16, -4.284727932829e-01, 2.200493836532e-04, 3.3741e-01, 3.9148e-03, 
 2DIAGNOSTIC,    17, -4.282775171974e-01, 2.450672754856e-04, 3.4025e-01, 2.8379e-03, 
 2DIAGNOSTIC,    18, -4.286231903185e-01, 2.614249930553e-04, 3.4354e-01, 3.2949e-03, 
 2DIAGNOSTIC,    19, -4.287749614349e-01, 2.584709723252e-04, 3.4686e-01, 3.3150e-03, 
 2DIAGNOSTIC,    20, -4.288401350066e-01, 2.280051726757e-04, 3.4958e-01, 2.7230e-03, 
 2DIAGNOSTIC,    21, -4.286793636957e-01, 1.895235506991e-04, 3.5226e-01, 2.6839e-03, 
 2DIAGNOSTIC,    22, -4.288480835524e-01, 1.452915945953e-04, 3.5487e-01, 2.6081e-03, 
 2DIAGNOSTIC,    23, -4.294615672009e-01, 1.100168097265e-04, 3.5765e-01, 2.7840e-03, 
 2DIAGNOSTIC,    24, -4.297854554940e-01, 8.286662708872e-05, 3.6235e-01, 4.6999e-03, 
 2DIAGNOSTIC,    25, -4.301083889468e-01, 9.605940240077e-05, 3.6547e-01, 3.1149e-03, 
 2DIAGNOSTIC,    26, -4.299582238702e-01, 1.040473626155e-04, 3.6828e-01, 2.8100e-03, 
 2DIAGNOSTIC,    27, -4.301129454941e-01, 1.008005772560e-04, 3.7084e-01, 2.5558e-03, 
 2DIAGNOSTIC,    28, -4.305098729322e-01, 1.056171276509e-04, 3.7370e-01, 2.8651e-03, 
 2DIAGNOSTIC,    29, -4.306598017142e-01, 1.066638573954e-04, 3.7681e-01, 3.1080e-03, 
 2DIAGNOSTIC,    30, -4.307280312520e-01, 1.009267143226e-04, 3.8020e-01, 3.3941e-03, 
 2DIAGNOSTIC,    31, -4.307728673697e-01, 8.394239187337e-05, 3.8382e-01, 3.6170e-03, 
 2DIAGNOSTIC,    32, -4.307922606156e-01, 6.388299457616e-05, 3.8632e-01, 2.4970e-03, 
 2DIAGNOSTIC,    33, -4.308235394854e-01, 5.180166594979e-05, 3.8931e-01, 2.9919e-03, 
 2DIAGNOSTIC,    34, -4.306862065066e-01, 3.901588548248e-05, 3.9253e-01, 3.2179e-03, 
 2DIAGNOSTIC,    35, -4.304863949096e-01, 2.598396553172e-05, 3.9625e-01, 3.7231e-03, 
 2DIAGNOSTIC,    36, -4.307473808737e-01, 1.346189680434e-05, 4.0062e-01, 4.3740e-03, 
 2DIAGNOSTIC,    37, -4.307526173204e-01, 2.920714833380e-06, 4.0309e-01, 2.4621e-03, 
DIAGNOSTIC,Iteration,metricValue,convergenceValue,ITERATION_TIME_INDEX,SINCE_LAST
 2DIAGNOSTIC,     1, -2.870177096690e-01, 1.797693134862e+308, 6.9862e-01, 2.9554e-01, 
 2DIAGNOSTIC,     2, -2.829630962155e-01, 1.797693134862e+308, 7.0350e-01, 4.8778e-03, 
 2DIAGNOSTIC,     3, -2.876579197714e-01, 1.797693134862e+308, 7.0852e-01, 5.0211e-03, 
 2DIAGNOSTIC,     4, -2.919559252864e-01, 1.797693134862e+308, 7.1328e-01, 4.7641e-03, 
 2DIAGNOSTIC,     5, -2.962400560931e-01, 1.797693134862e+308, 7.1848e-01, 5.1951e-03, 
 2DIAGNOSTIC,     6, -3.024453703455e-01, 1.797693134862e+308, 7.2378e-01, 5.3060e-03, 
 2DIAGNOSTIC,     7, -3.122884533731e-01, 1.797693134862e+308, 7.2926e-01, 5.4760e-03, 
 2DIAGNOSTIC,     8, -3.247508309776e-01, 1.797693134862e+308, 7.3454e-01, 5.2760e-03, 
 2DIAGNOSTIC,     9, -3.327516973243e-01, 1.797693134862e+308, 7.4186e-01, 7.3190e-03, 
 2DIAGNOSTIC,    10, -3.328581520699e-01, 1.173115660234e-02, 7.5045e-01, 8.5962e-03, 
 2DIAGNOSTIC,    11, -3.331064205784e-01, 1.119070202124e-02, 7.5564e-01, 5.1868e-03, 
 2DIAGNOSTIC,    12, -3.335642181235e-01, 9.465152424353e-03, 7.6086e-01, 5.2240e-03, 
 2DIAGNOSTIC,    13, -3.343082007046e-01, 7.536618417187e-03, 7.6628e-01, 5.4212e-03, 
 2DIAGNOSTIC,    14, -3.360537302085e-01, 5.605378535589e-03, 7.7191e-01, 5.6241e-03, 
 2DIAGNOSTIC,    15, -3.477537520573e-01, 4.395248414625e-03, 7.7729e-01, 5.3840e-03, 
 2DIAGNOSTIC,    16, -3.571618602207e-01, 3.798964508433e-03, 7.8282e-01, 5.5292e-03, 
 2DIAGNOSTIC,    17, -3.955367945135e-01, 5.390919723899e-03, 7.8898e-01, 6.1548e-03, 
 2DIAGNOSTIC,    18, -4.615904125379e-01, 9.908180107160e-03, 7.9862e-01, 9.6450e-03, 
 2DIAGNOSTIC,    19, -4.624834262404e-01, 1.320872057529e-02, 8.0663e-01, 8.0051e-03, 
 2DIAGNOSTIC,    20, -4.625240824271e-01, 1.491452229047e-02, 8.1212e-01, 5.4979e-03, 
 2DIAGNOSTIC,    21, -4.624493479933e-01, 1.507499459216e-02, 8.1747e-01, 5.3470e-03, 
 2DIAGNOSTIC,    22, -4.621944653294e-01, 1.381095845748e-02, 8.2237e-01, 4.8981e-03, 
 2DIAGNOSTIC,    23, -4.621481574851e-01, 1.140249533517e-02, 8.2823e-01, 5.8601e-03, 
 2DIAGNOSTIC,    24, -4.621562063315e-01, 8.254710151435e-03, 8.3390e-01, 5.6689e-03, 
 2DIAGNOSTIC,    25, -4.620713375745e-01, 5.055441879063e-03, 8.4150e-01, 7.6048e-03, 
 2DIAGNOSTIC,    26, -4.620727890889e-01, 1.960714486815e-03, 8.4734e-01, 5.8360e-03, 
DIAGNOSTIC,Iteration,metricValue,convergenceValue,ITERATION_TIME_INDEX,SINCE_LAST
 2DIAGNOSTIC,     1, -3.645055211401e-01, 1.797693134862e+308, 1.2106e+00, 3.6321e-01, 
 2DIAGNOSTIC,     2, -3.647629464251e-01, 1.797693134862e+308, 1.2350e+00, 2.4428e-02, 
 2DIAGNOSTIC,     3, -3.650903046558e-01, 1.797693134862e+308, 1.2630e+00, 2.8029e-02, 
 2DIAGNOSTIC,     4, -3.650524474245e-01, 1.797693134862e+308, 1.2862e+00, 2.3161e-02, 
 2DIAGNOSTIC,     5, -3.651498637135e-01, 1.797693134862e+308, 1.3117e+00, 2.5494e-02, 
 2DIAGNOSTIC,     6, -3.655817345483e-01, 1.797693134862e+308, 1.3417e+00, 3.0036e-02, 
 2DIAGNOSTIC,     7, -3.656232726440e-01, 1.797693134862e+308, 1.3681e+00, 2.6362e-02, 
 2DIAGNOSTIC,     8, -3.655855415149e-01, 1.797693134862e+308, 1.3916e+00, 2.3568e-02, 
 2DIAGNOSTIC,     9, -3.656478633104e-01, 1.797693134862e+308, 1.4218e+00, 3.0193e-02, 
 2DIAGNOSTIC,    10, -3.657217981663e-01, 2.113068601865e-04, 1.4639e+00, 4.2114e-02, 
 2DIAGNOSTIC,    11, -3.656977380526e-01, 1.524640996634e-04, 1.4922e+00, 2.8239e-02, 
 2DIAGNOSTIC,    12, -3.656810748846e-01, 1.051280523058e-04, 1.5199e+00, 2.7761e-02, 
 2DIAGNOSTIC,    13, -3.656750753156e-01, 7.571265234763e-05, 1.5494e+00, 2.9427e-02, 
 2DIAGNOSTIC,    14, -3.656662155224e-01, 4.133560243158e-05, 1.5770e+00, 2.7594e-02, 
 2DIAGNOSTIC,    15, -3.656694159102e-01, 1.247172299855e-05, 1.6013e+00, 2.4353e-02, 
 2DIAGNOSTIC,    16, -3.656692314726e-01, 7.217652352412e-06, 1.6299e+00, 2.8591e-02, 
 2DIAGNOSTIC,    17, -3.656655720229e-01, 3.986189861235e-06, 1.6566e+00, 2.6723e-02, 
DIAGNOSTIC,Iteration,metricValue,convergenceValue,ITERATION_TIME_INDEX,SINCE_LAST
 2DIAGNOSTIC,     1, -2.910414952408e-01, 1.797693134862e+308, 2.2737e+00, 6.1710e-01, 
 2DIAGNOSTIC,     2, -2.912816177643e-01, 1.797693134862e+308, 2.4296e+00, 1.5590e-01, 
 2DIAGNOSTIC,     3, -2.914904385625e-01, 1.797693134862e+308, 2.5857e+00, 1.5609e-01, 
 2DIAGNOSTIC,     4, -2.917243742062e-01, 1.797693134862e+308, 2.7411e+00, 1.5539e-01, 
 2DIAGNOSTIC,     5, -2.920705184051e-01, 1.797693134862e+308, 2.8945e+00, 1.5338e-01, 
 2DIAGNOSTIC,     6, -2.926935982312e-01, 1.797693134862e+308, 3.0737e+00, 1.7927e-01, 
 2DIAGNOSTIC,     7, -2.927307213433e-01, 1.797693134862e+308, 3.2286e+00, 1.5481e-01, 
 2DIAGNOSTIC,     8, -2.929194022450e-01, 1.797693134862e+308, 3.3862e+00, 1.5769e-01, 
 2DIAGNOSTIC,     9, -2.941614868719e-01, 1.797693134862e+308, 3.6052e+00, 2.1897e-01, 
 2DIAGNOSTIC,    10, -2.947111856320e-01, 7.573778967800e-04, 3.7551e+00, 1.4984e-01, 
 2DIAGNOSTIC,    11, -2.949722505157e-01, 7.635926471473e-04, 3.9294e+00, 1.7435e-01, 
 2DIAGNOSTIC,    12, -2.956361042722e-01, 7.750221367380e-04, 4.2369e+00, 3.0749e-01, 
 2DIAGNOSTIC,    13, -2.956347705635e-01, 7.299236082578e-04, 4.5450e+00, 3.0812e-01, 
 2DIAGNOSTIC,    14, -2.956342985878e-01, 6.405246045667e-04, 4.6977e+00, 1.5272e-01, 
 2DIAGNOSTIC,    15, -2.956340664697e-01, 5.260362981736e-04, 4.8836e+00, 1.8589e-01, 
 2DIAGNOSTIC,    16, -2.956338596039e-01, 4.163728683834e-04, 5.0621e+00, 1.7844e-01, 
 2DIAGNOSTIC,    17, -2.956335852368e-01, 2.840209040746e-04, 5.2465e+00, 1.8441e-01, 
 2DIAGNOSTIC,    18, -2.956320828303e-01, 1.490051652510e-04, 5.4094e+00, 1.6296e-01, 
 2DIAGNOSTIC,    19, -2.956322162803e-01, 7.777185171800e-05, 5.5894e+00, 1.7998e-01, 
 2DIAGNOSTIC,    20, -2.956318016157e-01, 3.320285744986e-05, 5.7732e+00, 1.8382e-01, 
 2DIAGNOSTIC,    21, -2.956316985470e-01, 1.088579782600e-06, 5.9809e+00, 2.0770e-01, 
 2DIAGNOSTIC,    22, -2.956309002525e-01, 1.068946009798e-06, 6.1620e+00, 1.8110e-01, 
 2DIAGNOSTIC,    23, -2.956304637748e-01, 1.014637234051e-06, 6.3244e+00, 1.6236e-01, 
 2DIAGNOSTIC,    24, -2.956288480919e-01, 9.162492659101e-07, 6.5121e+00, 1.8770e-01, 
 2DIAGNOSTIC,    25, -2.956286839432e-01, 8.499417086111e-07, 6.6954e+00, 1.8334e-01, 
 2DIAGNOSTIC,    26, -2.956255014174e-01, 7.022805826387e-07, 6.8788e+00, 1.8342e-01, 
 2DIAGNOSTIC,    27, -2.956248949367e-01, 5.878292231726e-07, 7.0657e+00, 1.8690e-01, 
  Elapsed time (stage 0): 7.2720e+00


Stage 1
  iterations = 1000x500x250x100
  convergence threshold = 4.0000e-07
  convergence window size = 10
  number of levels = 4
  using the Mattes MI metric (number of bins = 32, weight = 1.0000e+00)
  Shrink factors (level 1 out of 4): [7, 8, 8]
  Shrink factors (level 2 out of 4): [3, 4, 4]
  Shrink factors (level 3 out of 4): [2, 2, 2]
  Shrink factors (level 4 out of 4): [1, 1, 1]
  smoothing sigmas per level: [3, 2, 1, 0]
  regular sampling (percentage = 2.5000e-01)

*** Running AffineTransform registration ***

DIAGNOSTIC,Iteration,metricValue,convergenceValue,ITERATION_TIME_INDEX,SINCE_LAST
 2DIAGNOSTIC,     1, -6.071656553289e-01, 1.797693134862e+308, 3.1109e-01, 3.1109e-01, 
 2DIAGNOSTIC,     2, -6.095704528591e-01, 1.797693134862e+308, 3.1375e-01, 2.6641e-03, 
 2DIAGNOSTIC,     3, -6.129149552637e-01, 1.797693134862e+308, 3.1643e-01, 2.6760e-03, 
 2DIAGNOSTIC,     4, -6.173380145522e-01, 1.797693134862e+308, 3.1942e-01, 2.9919e-03, 
 2DIAGNOSTIC,     5, -6.204601258201e-01, 1.797693134862e+308, 3.2239e-01, 2.9700e-03, 
 2DIAGNOSTIC,     6, -6.203260661697e-01, 1.797693134862e+308, 3.2540e-01, 3.0060e-03, 
 2DIAGNOSTIC,     7, -6.179411436625e-01, 1.797693134862e+308, 3.2789e-01, 2.4941e-03, 
 2DIAGNOSTIC,     8, -6.174936406093e-01, 1.797693134862e+308, 3.3096e-01, 3.0661e-03, 
 2DIAGNOSTIC,     9, -6.210190319848e-01, 1.797693134862e+308, 3.3393e-01, 2.9781e-03, 
 2DIAGNOSTIC,    10, -6.243435992693e-01, 1.415500036991e-03, 3.3726e-01, 3.3290e-03, 
 2DIAGNOSTIC,    11, -6.280853774001e-01, 1.228295663928e-03, 3.4038e-01, 3.1221e-03, 
 2DIAGNOSTIC,    12, -6.303849087403e-01, 1.144339821262e-03, 3.4357e-01, 3.1891e-03, 
 2DIAGNOSTIC,    13, -6.325099376084e-01, 1.161275863555e-03, 3.4679e-01, 3.2148e-03, 
 2DIAGNOSTIC,    14, -6.348979184455e-01, 1.287357724141e-03, 3.4959e-01, 2.8019e-03, 
 2DIAGNOSTIC,    15, -6.368046353834e-01, 1.428358990979e-03, 3.5295e-01, 3.3619e-03, 
 2DIAGNOSTIC,    16, -6.351347498007e-01, 1.370836644025e-03, 3.5717e-01, 4.2188e-03, 
 2DIAGNOSTIC,    17, -6.385399297569e-01, 1.225536582281e-03, 3.6042e-01, 3.2518e-03, 
 2DIAGNOSTIC,    18, -6.382424078113e-01, 9.615056104146e-04, 3.6316e-01, 2.7368e-03, 
 2DIAGNOSTIC,    19, -6.392969187255e-01, 7.453996339884e-04, 3.6636e-01, 3.1981e-03, 
 2DIAGNOSTIC,    20, -6.395448253060e-01, 5.620874438880e-04, 3.6908e-01, 2.7232e-03, 
 2DIAGNOSTIC,    21, -6.398927067271e-01, 4.328953239061e-04, 3.7246e-01, 3.3801e-03, 
 2DIAGNOSTIC,    22, -6.401580402343e-01, 3.274149570691e-04, 3.7581e-01, 3.3510e-03, 
 2DIAGNOSTIC,    23, -6.379795502319e-01, 1.981462589740e-04, 3.7924e-01, 3.4258e-03, 
 2DIAGNOSTIC,    24, -6.388430949338e-01, 1.233145254065e-04, 3.8346e-01, 4.2200e-03, 
 2DIAGNOSTIC,    25, -6.381161696557e-01, 6.496427090359e-05, 3.8609e-01, 2.6290e-03, 
DIAGNOSTIC,Iteration,metricValue,convergenceValue,ITERATION_TIME_INDEX,SINCE_LAST
 2DIAGNOSTIC,     1, -4.940149557518e-01, 1.797693134862e+308, 6.9185e-01, 3.0577e-01, 
 2DIAGNOSTIC,     2, -4.858789973167e-01, 1.797693134862e+308, 6.9741e-01, 5.5530e-03, 
 2DIAGNOSTIC,     3, -4.871771717575e-01, 1.797693134862e+308, 7.0254e-01, 5.1320e-03, 
 2DIAGNOSTIC,     4, -4.887170097893e-01, 1.797693134862e+308, 7.0877e-01, 6.2289e-03, 
 2DIAGNOSTIC,     5, -4.908005067706e-01, 1.797693134862e+308, 7.1510e-01, 6.3300e-03, 
 2DIAGNOSTIC,     6, -4.919697148960e-01, 1.797693134862e+308, 7.2052e-01, 5.4221e-03, 
 2DIAGNOSTIC,     7, -4.972882666852e-01, 1.797693134862e+308, 7.2588e-01, 5.3551e-03, 
 2DIAGNOSTIC,     8, -5.018564725598e-01, 1.797693134862e+308, 7.3648e-01, 1.0600e-02, 
 2DIAGNOSTIC,     9, -5.019300349676e-01, 1.797693134862e+308, 7.4197e-01, 5.4989e-03, 
 2DIAGNOSTIC,    10, -5.019885832106e-01, 2.102266852312e-03, 7.4909e-01, 7.1189e-03, 
 2DIAGNOSTIC,    11, -5.020655581399e-01, 2.323234970856e-03, 7.5571e-01, 6.6149e-03, 
 2DIAGNOSTIC,    12, -5.020000178189e-01, 1.902471738764e-03, 7.6210e-01, 6.3958e-03, 
 2DIAGNOSTIC,    13, -5.018274418258e-01, 1.421399028695e-03, 7.6784e-01, 5.7380e-03, 
 2DIAGNOSTIC,    14, -5.018284220012e-01, 9.451897576244e-04, 7.7367e-01, 5.8310e-03, 
 2DIAGNOSTIC,    15, -5.019012890586e-01, 5.331810350385e-04, 7.8016e-01, 6.4840e-03, 
 2DIAGNOSTIC,    16, -5.020851386092e-01, 1.691966170075e-04, 7.8677e-01, 6.6130e-03, 
 2DIAGNOSTIC,    17, -5.019700605544e-01, 3.521028516459e-06, 7.9236e-01, 5.5900e-03, 
 2DIAGNOSTIC,    18, -5.019950497605e-01, 2.311662036548e-06, 7.9876e-01, 6.4032e-03, 
 2DIAGNOSTIC,    19, -5.021497703719e-01, 8.023230755855e-06, 8.0442e-01, 5.6572e-03, 
 2DIAGNOSTIC,    20, -5.020994370934e-01, 1.241312923597e-05, 8.1123e-01, 6.8049e-03, 
 2DIAGNOSTIC,    21, -5.024327394273e-01, 2.653355978949e-05, 8.1888e-01, 7.6520e-03, 
 2DIAGNOSTIC,    22, -5.024199115998e-01, 3.498711733077e-05, 8.2516e-01, 6.2790e-03, 
 2DIAGNOSTIC,    23, -5.024651488461e-01, 3.657760961887e-05, 8.3088e-01, 5.7271e-03, 
 2DIAGNOSTIC,    24, -5.025452273565e-01, 3.665494550843e-05, 8.3727e-01, 6.3879e-03, 
 2DIAGNOSTIC,    25, -5.026171113623e-01, 3.649866569184e-05, 8.4283e-01, 5.5590e-03, 
 2DIAGNOSTIC,    26, -5.027714194293e-01, 4.045725408181e-05, 8.4907e-01, 6.2399e-03, 
 2DIAGNOSTIC,    27, -5.027642276473e-01, 3.778304530620e-05, 8.5789e-01, 8.8239e-03, 
 2DIAGNOSTIC,    28, -5.027013246814e-01, 3.113277310909e-05, 8.6425e-01, 6.3610e-03, 
 2DIAGNOSTIC,    29, -5.026941480044e-01, 2.515837018874e-05, 8.7150e-01, 7.2470e-03, 
 2DIAGNOSTIC,    30, -5.026132139167e-01, 1.459905770926e-05, 8.7789e-01, 6.3920e-03, 
 2DIAGNOSTIC,    31, -5.026030360413e-01, 9.383498165094e-06, 8.8444e-01, 6.5460e-03, 
 2DIAGNOSTIC,    32, -5.025943541307e-01, 3.319064825778e-06, 8.9003e-01, 5.5890e-03, 
DIAGNOSTIC,Iteration,metricValue,convergenceValue,ITERATION_TIME_INDEX,SINCE_LAST
 2DIAGNOSTIC,     1, -3.996676557482e-01, 1.797693134862e+308, 1.2595e+00, 3.6943e-01, 
 2DIAGNOSTIC,     2, -3.999514251479e-01, 1.797693134862e+308, 1.2882e+00, 2.8781e-02, 
 2DIAGNOSTIC,     3, -4.004128830183e-01, 1.797693134862e+308, 1.3214e+00, 3.3131e-02, 
 2DIAGNOSTIC,     4, -4.004904452029e-01, 1.797693134862e+308, 1.3540e+00, 3.2659e-02, 
 2DIAGNOSTIC,     5, -4.006637163827e-01, 1.797693134862e+308, 1.3823e+00, 2.8233e-02, 
 2DIAGNOSTIC,     6, -4.010750428296e-01, 1.797693134862e+308, 1.4107e+00, 2.8441e-02, 
 2DIAGNOSTIC,     7, -4.020231244236e-01, 1.797693134862e+308, 1.4751e+00, 6.4364e-02, 
 2DIAGNOSTIC,     8, -4.020282122308e-01, 1.797693134862e+308, 1.5034e+00, 2.8301e-02, 
 2DIAGNOSTIC,     9, -4.020436421533e-01, 1.797693134862e+308, 1.5321e+00, 2.8745e-02, 
 2DIAGNOSTIC,    10, -4.021121303842e-01, 4.418349800342e-04, 1.5616e+00, 2.9483e-02, 
 2DIAGNOSTIC,    11, -4.021834825822e-01, 3.636255447470e-04, 1.5898e+00, 2.8183e-02, 
 2DIAGNOSTIC,    12, -4.022172994594e-01, 2.832366764558e-04, 1.6184e+00, 2.8586e-02, 
 2DIAGNOSTIC,    13, -4.024010260066e-01, 2.252643364313e-04, 1.6469e+00, 2.8575e-02, 
 2DIAGNOSTIC,    14, -4.025363472432e-01, 1.666907594108e-04, 1.6755e+00, 2.8594e-02, 
 2DIAGNOSTIC,    15, -4.027745909775e-01, 1.202200168753e-04, 1.7045e+00, 2.8966e-02, 
 2DIAGNOSTIC,    16, -4.034418564483e-01, 1.150878460639e-04, 1.7530e+00, 4.8513e-02, 
 2DIAGNOSTIC,    17, -4.035755704337e-01, 1.445710678232e-04, 1.7817e+00, 2.8691e-02, 
 2DIAGNOSTIC,    18, -4.036222097285e-01, 1.598489711962e-04, 1.8107e+00, 2.8990e-02, 
 2DIAGNOSTIC,    19, -4.036726235721e-01, 1.615667353787e-04, 1.8393e+00, 2.8563e-02, 
 2DIAGNOSTIC,    20, -4.037414804042e-01, 1.529563119241e-04, 1.8680e+00, 2.8707e-02, 
 2DIAGNOSTIC,    21, -4.041156768676e-01, 1.457307182161e-04, 1.9128e+00, 4.4818e-02, 
 2DIAGNOSTIC,    22, -4.041334561012e-01, 1.269189560580e-04, 1.9419e+00, 2.9096e-02, 
 2DIAGNOSTIC,    23, -4.041521601512e-01, 1.046465711208e-04, 1.9704e+00, 2.8477e-02, 
 2DIAGNOSTIC,    24, -4.041994983947e-01, 8.016824651214e-05, 1.9987e+00, 2.8362e-02, 
 2DIAGNOSTIC,    25, -4.042844578139e-01, 5.880884932177e-05, 2.0274e+00, 2.8725e-02, 
 2DIAGNOSTIC,    26, -4.047091614445e-01, 6.305122645424e-05, 2.0760e+00, 4.8558e-02, 
 2DIAGNOSTIC,    27, -4.047189453623e-01, 6.460048041226e-05, 2.1103e+00, 3.4298e-02, 
 2DIAGNOSTIC,    28, -4.047294908651e-01, 6.178033209858e-05, 2.1443e+00, 3.4032e-02, 
 2DIAGNOSTIC,    29, -4.047261381004e-01, 5.477870266080e-05, 2.1780e+00, 3.3678e-02, 
 2DIAGNOSTIC,    30, -4.047077768683e-01, 4.405239312674e-05, 2.2112e+00, 3.3165e-02, 
 2DIAGNOSTIC,    31, -4.047198817906e-01, 3.859800475847e-05, 2.2441e+00, 3.2937e-02, 
 2DIAGNOSTIC,    32, -4.047517934828e-01, 3.099971012674e-05, 2.2810e+00, 3.6846e-02, 
 2DIAGNOSTIC,    33, -4.047513793525e-01, 2.152331946587e-05, 2.3175e+00, 3.6588e-02, 
 2DIAGNOSTIC,    34, -4.047427126371e-01, 1.153057360145e-05, 2.3462e+00, 2.8609e-02, 
 2DIAGNOSTIC,    35, -4.047422066845e-01, 2.587563702028e-06, 2.3745e+00, 2.8331e-02, 
 2DIAGNOSTIC,    36, -4.047457616197e-01, 2.359433758377e-06, 2.4109e+00, 3.6365e-02, 
 2DIAGNOSTIC,    37, -4.047342939727e-01, 1.943435031775e-06, 2.4514e+00, 4.0533e-02, 
 2DIAGNOSTIC,    38, -4.047145851566e-01, 1.283151367722e-06, 2.4797e+00, 2.8351e-02, 
 2DIAGNOSTIC,    39, -4.047118262624e-01, 5.371968038494e-07, 2.5163e+00, 3.6587e-02, 
DIAGNOSTIC,Iteration,metricValue,convergenceValue,ITERATION_TIME_INDEX,SINCE_LAST
 2DIAGNOSTIC,     1, -3.211377865893e-01, 1.797693134862e+308, 3.1864e+00, 6.7007e-01, 
 2DIAGNOSTIC,     2, -3.215089019551e-01, 1.797693134862e+308, 3.3739e+00, 1.8751e-01, 
 2DIAGNOSTIC,     3, -3.219812744158e-01, 1.797693134862e+308, 3.5621e+00, 1.8819e-01, 
 2DIAGNOSTIC,     4, -3.223324224451e-01, 1.797693134862e+308, 3.7749e+00, 2.1278e-01, 
 2DIAGNOSTIC,     5, -3.224151959102e-01, 1.797693134862e+308, 4.0175e+00, 2.4263e-01, 
 2DIAGNOSTIC,     6, -3.224154019007e-01, 1.797693134862e+308, 4.2100e+00, 1.9252e-01, 
 2DIAGNOSTIC,     7, -3.224312944215e-01, 1.797693134862e+308, 4.3991e+00, 1.8905e-01, 
 2DIAGNOSTIC,     8, -3.224719795074e-01, 1.797693134862e+308, 4.6114e+00, 2.1230e-01, 
 2DIAGNOSTIC,     9, -3.225071621712e-01, 1.797693134862e+308, 4.8546e+00, 2.4319e-01, 
 2DIAGNOSTIC,    10, -3.225117182948e-01, 2.357873127725e-04, 5.0934e+00, 2.3886e-01, 
 2DIAGNOSTIC,    11, -3.225114991680e-01, 1.326243636064e-04, 5.3079e+00, 2.1453e-01, 
 2DIAGNOSTIC,    12, -3.225249547167e-01, 6.273572872001e-05, 5.4932e+00, 1.8527e-01, 
 2DIAGNOSTIC,    13, -3.225427465011e-01, 3.074137037228e-05, 5.7047e+00, 2.1149e-01, 
 2DIAGNOSTIC,    14, -3.225712037613e-01, 2.446059342306e-05, 5.8954e+00, 1.9073e-01, 
 2DIAGNOSTIC,    15, -3.225861080857e-01, 2.275017396627e-05, 6.1135e+00, 2.1809e-01, 
 2DIAGNOSTIC,    16, -3.225848546669e-01, 1.934591341880e-05, 6.3301e+00, 2.1655e-01, 
 2DIAGNOSTIC,    17, -3.225807267706e-01, 1.534028802196e-05, 6.5442e+00, 2.1414e-01, 
 2DIAGNOSTIC,    18, -3.225783311613e-01, 1.235911180870e-05, 6.7342e+00, 1.8995e-01, 
 2DIAGNOSTIC,    19, -3.226045991625e-01, 1.153796044828e-05, 6.9171e+00, 1.8294e-01, 
 2DIAGNOSTIC,    20, -3.226281064270e-01, 1.108681817803e-05, 7.3093e+00, 3.9215e-01, 
 2DIAGNOSTIC,    21, -3.226300163001e-01, 9.860036202194e-06, 7.5229e+00, 2.1364e-01, 
 2DIAGNOSTIC,    22, -3.226285602176e-01, 8.479329986939e-06, 7.7827e+00, 2.5982e-01, 
 2DIAGNOSTIC,    23, -3.226283607346e-01, 7.225425803337e-06, 7.9954e+00, 2.1269e-01, 
 2DIAGNOSTIC,    24, -3.226282859363e-01, 6.533785784156e-06, 8.2059e+00, 2.1045e-01, 
 2DIAGNOSTIC,    25, -3.226278858411e-01, 5.899513068841e-06, 8.4116e+00, 2.0570e-01, 
 2DIAGNOSTIC,    26, -3.226279677426e-01, 4.853139374206e-06, 8.5922e+00, 1.8062e-01, 
 2DIAGNOSTIC,    27, -3.226276257266e-01, 3.422005056430e-06, 8.7769e+00, 1.8470e-01, 
 2DIAGNOSTIC,    28, -3.226274875409e-01, 1.788423815784e-06, 9.0294e+00, 2.5255e-01, 
 2DIAGNOSTIC,    29, -3.226275450171e-01, 9.857655140846e-07, 9.2392e+00, 2.0977e-01, 
 2DIAGNOSTIC,    30, -3.226273466102e-01, 9.297333969580e-07, 9.4244e+00, 1.8521e-01, 
 2DIAGNOSTIC,    31, -3.226269827099e-01, 9.349294574773e-07, 9.6335e+00, 2.0904e-01, 
 2DIAGNOSTIC,    32, -3.226268191573e-01, 9.042475132420e-07, 9.8429e+00, 2.0947e-01, 
 2DIAGNOSTIC,    33, -3.226266559160e-01, 8.742804668005e-07, 1.0053e+01, 2.0997e-01, 
 2DIAGNOSTIC,    34, -3.226257063822e-01, 8.281837059754e-07, 1.0260e+01, 2.0670e-01, 
 2DIAGNOSTIC,    35, -3.226255464244e-01, 7.813270714550e-07, 1.0448e+01, 1.8866e-01, 
 2DIAGNOSTIC,    36, -3.226251635968e-01, 7.420473021949e-07, 1.0629e+01, 1.8090e-01, 
 2DIAGNOSTIC,    37, -3.226255672762e-01, 7.198621141298e-07, 1.0808e+01, 1.7854e-01, 
 2DIAGNOSTIC,    38, -3.226252935611e-01, 7.021426593687e-07, 1.1016e+01, 2.0804e-01, 
 2DIAGNOSTIC,    39, -3.226248827574e-01, 6.907481932723e-07, 1.1203e+01, 1.8710e-01, 
 2DIAGNOSTIC,    40, -3.226251386065e-01, 6.937597291402e-07, 1.1432e+01, 2.2905e-01, 
 2DIAGNOSTIC,    41, -3.226252733633e-01, 7.008985515207e-07, 1.1671e+01, 2.3933e-01, 
 2DIAGNOSTIC,    42, -3.226248500750e-01, 7.021251648281e-07, 1.1880e+01, 2.0845e-01, 
 2DIAGNOSTIC,    43, -3.226240777106e-01, 6.902793957264e-07, 1.2069e+01, 1.8955e-01, 
 2DIAGNOSTIC,    44, -3.226238875179e-01, 6.615573380983e-07, 1.2253e+01, 1.8406e-01, 
 2DIAGNOSTIC,    45, -3.226239868256e-01, 6.387687298895e-07, 1.2442e+01, 1.8826e-01, 
 2DIAGNOSTIC,    46, -3.226241428959e-01, 6.183842666402e-07, 1.2622e+01, 1.8036e-01, 
 2DIAGNOSTIC,    47, -3.226246150626e-01, 6.225046670673e-07, 1.2807e+01, 1.8525e-01, 
 2DIAGNOSTIC,    48, -3.226248401334e-01, 6.311935237223e-07, 1.3021e+01, 2.1382e-01, 
 2DIAGNOSTIC,    49, -3.226244184446e-01, 6.275051500880e-07, 1.3233e+01, 2.1220e-01, 
 2DIAGNOSTIC,    50, -3.226242598380e-01, 6.277645200267e-07, 1.3466e+01, 2.3256e-01, 
 2DIAGNOSTIC,    51, -3.226241880713e-01, 6.298964640127e-07, 1.3674e+01, 2.0842e-01, 
 2DIAGNOSTIC,    52, -3.226240943513e-01, 6.227019154793e-07, 1.3909e+01, 2.3528e-01, 
 2DIAGNOSTIC,    53, -3.226236983995e-01, 5.953929165352e-07, 1.4164e+01, 2.5448e-01, 
 2DIAGNOSTIC,    54, -3.226237149351e-01, 5.671080945541e-07, 1.4374e+01, 2.1027e-01, 
 2DIAGNOSTIC,    55, -3.226234780595e-01, 5.398162705346e-07, 1.4550e+01, 1.7629e-01, 
 2DIAGNOSTIC,    56, -3.226232906610e-01, 5.164887559340e-07, 1.4738e+01, 1.8798e-01, 
 2DIAGNOSTIC,    57, -3.226230763496e-01, 5.028110051999e-07, 1.4918e+01, 1.7953e-01, 
 2DIAGNOSTIC,    58, -3.226231349669e-01, 4.994841506685e-07, 1.5129e+01, 2.1149e-01, 
 2DIAGNOSTIC,    59, -3.226232185031e-01, 4.958961836200e-07, 1.5337e+01, 2.0730e-01, 
 2DIAGNOSTIC,    60, -3.226228580569e-01, 4.888901010726e-07, 1.5525e+01, 1.8863e-01, 
 2DIAGNOSTIC,    61, -3.226234454317e-01, 4.937668035034e-07, 1.5732e+01, 2.0618e-01, 
 2DIAGNOSTIC,    62, -3.226238536182e-01, 5.055207358794e-07, 1.5941e+01, 2.0962e-01, 
 2DIAGNOSTIC,    63, -3.226237000239e-01, 5.097108363022e-07, 1.6151e+01, 2.0940e-01, 
 2DIAGNOSTIC,    64, -3.226236415395e-01, 5.130135257124e-07, 1.6363e+01, 2.1289e-01, 
 2DIAGNOSTIC,    65, -3.226232567394e-01, 5.064462015453e-07, 1.6569e+01, 2.0550e-01, 
 2DIAGNOSTIC,    66, -3.226231407994e-01, 4.944747971844e-07, 1.6756e+01, 1.8693e-01, 
 2DIAGNOSTIC,    67, -3.226228773032e-01, 4.751549270571e-07, 1.6934e+01, 1.7814e-01, 
 2DIAGNOSTIC,    68, -3.226227423987e-01, 4.554404009621e-07, 1.7141e+01, 2.0687e-01, 
 2DIAGNOSTIC,    69, -3.226231979564e-01, 4.447128908215e-07, 1.7356e+01, 2.1549e-01, 
 2DIAGNOSTIC,    70, -3.226231725660e-01, 4.306865538616e-07, 1.7569e+01, 2.1228e-01, 
 2DIAGNOSTIC,    71, -3.226229880823e-01, 4.242788266273e-07, 1.7807e+01, 2.3790e-01, 
 2DIAGNOSTIC,    72, -3.226227037592e-01, 4.220511818191e-07, 1.8015e+01, 2.0868e-01, 
 2DIAGNOSTIC,    73, -3.226223313623e-01, 4.154771649605e-07, 1.8231e+01, 2.1534e-01, 
 2DIAGNOSTIC,    74, -3.226219915764e-01, 4.063335348834e-07, 1.8420e+01, 1.8962e-01, 
  Elapsed time (stage 1): 1.8645e+01


Total elapsed time: 2.5920e+01
