Running T1-THOMAS on sub-12
INFO:    Mounting image with FUSE.
Some packages in this Docker container are non-free
If you are considering commercial use of this container, please consult the relevant license:
https://fsl.fmrib.ox.ac.uk/fsl/fslwiki/Licence
THOMAS_HOME setting of /opt/thomas_new
Linux OS detected
File name OK
Running left and right thalamus MV big
All_Command_lines_OK
Using double precision for computations.
=============================================================================
The composite transform comprises the following transforms (in order): 
  1. Center of mass alignment using fixed image: sub-12_desc-preproc_T1w.nii.gz and moving image: /opt/thomas_new/origtemplate.nii.gz (type = Euler3DTransform)
=============================================================================
  number of levels = 4
  number of levels = 4
  fixed image: sub-12_desc-preproc_T1w.nii.gz
  moving image: /opt/thomas_new/origtemplate.nii.gz
  fixed image: sub-12_desc-preproc_T1w.nii.gz
  moving image: /opt/thomas_new/origtemplate.nii.gz
Dimension = 3
Number of stages = 2
Use Histogram Matching false
Winsorize image intensities false
Lower quantile = 0
Upper quantile = 1
Stage 1 State
   Image metric = Mattes
     Fixed image = Image (0x39b2960)
  RTTI typeinfo:   itk::Image<double, 3u>
  Reference Count: 2
  Modified Time: 1696
  Debug: Off
  Object Name: 
  Observers: 
    none
  Source: (none)
  Source output name: (none)
  Release Data: Off
  Data Released: False
  Global Release Data: Off
  PipelineMTime: 0
  UpdateMTime: 1479
  RealTimeStamp: 0 seconds 
  LargestPossibleRegion: 
    Dimension: 3
    Index: [0, 0, 0]
    Size: [160, 256, 256]
  BufferedRegion: 
    Dimension: 3
    Index: [0, 0, 0]
    Size: [160, 256, 256]
  RequestedRegion: 
    Dimension: 3
    Index: [0, 0, 0]
    Size: [160, 256, 256]
  Spacing: [1, 1, 1]
  Origin: [92.9936, 75.4439, -155.943]
  Direction: 
-0.997206 -0.0611178 -0.0429541
0.0439989 -0.945219 0.323457
-0.06037 0.320663 0.945268

  IndexToPointMatrix: 
-0.997207 -0.0611178 -0.0429541
0.0439989 -0.945219 0.323457
-0.0603701 0.320663 0.945268

  PointToIndexMatrix: 
-0.997204 0.0439988 -0.0603699
-0.0611178 -0.945219 0.320663
-0.0429541 0.323457 0.945268

  Inverse Direction: 
-0.997206 0.0439989 -0.06037
-0.0611178 -0.945219 0.320663
-0.0429541 0.323457 0.945268

  PixelContainer: 
    ImportImageContainer (0x39ab440)
      RTTI typeinfo:   itk::ImportImageContainer<unsigned long, double>
      Reference Count: 1
      Modified Time: 1476
      Debug: Off
      Object Name: 
      Observers: 
        none
      Pointer: 0x148d041fb010
      Container manages memory: true
      Size: 10485760
      Capacity: 10485760

     Moving image = Image (0x39ac210)
  RTTI typeinfo:   itk::Image<double, 3u>
  Reference Count: 2
  Modified Time: 1697
  Debug: Off
  Object Name: 
  Observers: 
    none
  Source: (none)
  Source output name: (none)
  Release Data: Off
  Data Released: False
  Global Release Data: Off
  PipelineMTime: 0
  UpdateMTime: 1694
  RealTimeStamp: 0 seconds 
  LargestPossibleRegion: 
    Dimension: 3
    Index: [0, 0, 0]
    Size: [256, 440, 256]
  BufferedRegion: 
    Dimension: 3
    Index: [0, 0, 0]
    Size: [256, 440, 256]
  RequestedRegion: 
    Dimension: 3
    Index: [0, 0, 0]
    Size: [256, 440, 256]
  Spacing: [0.7031, 0.5, 0.7031]
  Origin: [83.5844, 59.822, -106.951]
  Direction: 
-1 0 0
0 -1 0
0 0 1

  IndexToPointMatrix: 
-0.7031 0 0
0 -0.5 0
0 0 0.7031

  PointToIndexMatrix: 
-1.42227 0 0
0 -2 0
0 0 1.42227

  Inverse Direction: 
-1 0 0
0 -1 0
0 0 1

  PixelContainer: 
    ImportImageContainer (0x39ac4a0)
      RTTI typeinfo:   itk::ImportImageContainer<unsigned long, double>
      Reference Count: 1
      Modified Time: 1691
      Debug: Off
      Object Name: 
      Observers: 
        none
      Pointer: 0x148cf65fa010
      Container manages memory: true
      Size: 28835840
      Capacity: 28835840

     Weighting = 1
     Sampling strategy = regular
     Number of bins = 32
     Radius = 4
     Sampling percentage  = 0.25
   Transform = Rigid
     Gradient step = 0.1
     Update field sigma (voxel space) = 0
     Total field sigma (voxel space) = 0
     Update field time sigma = 0
     Total field time sigma  = 0
     Number of time indices = 0
     Number of time point samples = 0
Stage 2 State
   Image metric = Mattes
     Fixed image = Image (0x39be980)
  RTTI typeinfo:   itk::Image<double, 3u>
  Reference Count: 2
  Modified Time: 2128
  Debug: Off
  Object Name: 
  Observers: 
    none
  Source: (none)
  Source output name: (none)
  Release Data: Off
  Data Released: False
  Global Release Data: Off
  PipelineMTime: 0
  UpdateMTime: 1911
  RealTimeStamp: 0 seconds 
  LargestPossibleRegion: 
    Dimension: 3
    Index: [0, 0, 0]
    Size: [160, 256, 256]
  BufferedRegion: 
    Dimension: 3
    Index: [0, 0, 0]
    Size: [160, 256, 256]
  RequestedRegion: 
    Dimension: 3
    Index: [0, 0, 0]
    Size: [160, 256, 256]
  Spacing: [1, 1, 1]
  Origin: [92.9936, 75.4439, -155.943]
  Direction: 
-0.997206 -0.0611178 -0.0429541
0.0439989 -0.945219 0.323457
-0.06037 0.320663 0.945268

  IndexToPointMatrix: 
-0.997207 -0.0611178 -0.0429541
0.0439989 -0.945219 0.323457
-0.0603701 0.320663 0.945268

  PointToIndexMatrix: 
-0.997204 0.0439988 -0.0603699
-0.0611178 -0.945219 0.320663
-0.0429541 0.323457 0.945268

  Inverse Direction: 
-0.997206 0.0439989 -0.06037
-0.0611178 -0.945219 0.320663
-0.0429541 0.323457 0.945268

  PixelContainer: 
    ImportImageContainer (0x39aa240)
      RTTI typeinfo:   itk::ImportImageContainer<unsigned long, double>
      Reference Count: 1
      Modified Time: 1908
      Debug: Off
      Object Name: 
      Observers: 
        none
      Pointer: 0x148cf15f9010
      Container manages memory: true
      Size: 10485760
      Capacity: 10485760

     Moving image = Image (0x39c0410)
  RTTI typeinfo:   itk::Image<double, 3u>
  Reference Count: 2
  Modified Time: 2129
  Debug: Off
  Object Name: 
  Observers: 
    none
  Source: (none)
  Source output name: (none)
  Release Data: Off
  Data Released: False
  Global Release Data: Off
  PipelineMTime: 0
  UpdateMTime: 2126
  RealTimeStamp: 0 seconds 
  LargestPossibleRegion: 
    Dimension: 3
    Index: [0, 0, 0]
    Size: [256, 440, 256]
  BufferedRegion: 
    Dimension: 3
    Index: [0, 0, 0]
    Size: [256, 440, 256]
  RequestedRegion: 
    Dimension: 3
    Index: [0, 0, 0]
    Size: [256, 440, 256]
  Spacing: [0.7031, 0.5, 0.7031]
  Origin: [83.5844, 59.822, -106.951]
  Direction: 
-1 0 0
0 -1 0
0 0 1

  IndexToPointMatrix: 
-0.7031 0 0
0 -0.5 0
0 0 0.7031

  PointToIndexMatrix: 
-1.42227 0 0
0 -2 0
0 0 1.42227

  Inverse Direction: 
-1 0 0
0 -1 0
0 0 1

  PixelContainer: 
    ImportImageContainer (0x39b0d50)
      RTTI typeinfo:   itk::ImportImageContainer<unsigned long, double>
      Reference Count: 1
      Modified Time: 2123
      Debug: Off
      Object Name: 
      Observers: 
        none
      Pointer: 0x148ce39f8010
      Container manages memory: true
      Size: 28835840
      Capacity: 28835840

     Weighting = 1
     Sampling strategy = regular
     Number of bins = 32
     Radius = 4
     Sampling percentage  = 0.25
   Transform = Affine
     Gradient step = 0.1
     Update field sigma (voxel space) = 0
     Total field sigma (voxel space) = 0
     Update field time sigma = 0
     Total field time sigma  = 0
     Number of time indices = 0
     Number of time point samples = 0
Registration using 2 total stages.

Stage 0
  iterations = 1000x500x250x100
  convergence threshold = 5e-07
  convergence window size = 10
  number of levels = 4
  using the Mattes MI metric (number of bins = 32, weight = 1)
  Shrink factors (level 1 out of 4): [8, 8, 8]
  Shrink factors (level 2 out of 4): [4, 4, 4]
  Shrink factors (level 3 out of 4): [2, 2, 2]
  Shrink factors (level 4 out of 4): [1, 1, 1]
  smoothing sigmas per level: [3, 2, 1, 0]
  regular sampling (percentage = 0.25)

*** Running Euler3DTransform registration ***

DIAGNOSTIC,Iteration,metricValue,convergenceValue,ITERATION_TIME_INDEX,SINCE_LAST
 2DIAGNOSTIC,     1, -3.077657970781e-01, 1.797693134862e+308, 3.2004e-01, 3.2004e-01, 
 2DIAGNOSTIC,     2, -3.096682913547e-01, 1.797693134862e+308, 3.2299e-01, 2.9500e-03, 
 2DIAGNOSTIC,     3, -3.123366103620e-01, 1.797693134862e+308, 3.2598e-01, 2.9912e-03, 
 2DIAGNOSTIC,     4, -3.151587150373e-01, 1.797693134862e+308, 3.2912e-01, 3.1359e-03, 
 2DIAGNOSTIC,     5, -3.183100123569e-01, 1.797693134862e+308, 3.3230e-01, 3.1879e-03, 
 2DIAGNOSTIC,     6, -3.231694216216e-01, 1.797693134862e+308, 3.3531e-01, 3.0079e-03, 
 2DIAGNOSTIC,     7, -3.485896015934e-01, 1.797693134862e+308, 3.3809e-01, 2.7821e-03, 
 2DIAGNOSTIC,     8, -3.636577392758e-01, 1.797693134862e+308, 3.4104e-01, 2.9421e-03, 
 2DIAGNOSTIC,     9, -3.723562669863e-01, 1.797693134862e+308, 3.4366e-01, 2.6262e-03, 
 2DIAGNOSTIC,    10, -3.881363416576e-01, 1.587366517699e-02, 3.4917e-01, 5.5020e-03, 
 2DIAGNOSTIC,    11, -3.950276786932e-01, 1.643903490520e-02, 3.5287e-01, 3.7000e-03, 
 2DIAGNOSTIC,    12, -3.949369104175e-01, 1.554191603484e-02, 3.5601e-01, 3.1478e-03, 
 2DIAGNOSTIC,    13, -3.963688888825e-01, 1.366483350475e-02, 3.5941e-01, 3.3920e-03, 
 2DIAGNOSTIC,    14, -3.969522957097e-01, 1.106517588768e-02, 3.6240e-01, 2.9919e-03, 
 2DIAGNOSTIC,    15, -3.971705579118e-01, 8.034083041905e-03, 3.6726e-01, 4.8671e-03, 
 2DIAGNOSTIC,    16, -3.975569900293e-01, 4.923437944314e-03, 3.7215e-01, 4.8881e-03, 
 2DIAGNOSTIC,    17, -3.978507362318e-01, 2.952354234567e-03, 3.7560e-01, 3.4459e-03, 
 2DIAGNOSTIC,    18, -3.979985177214e-01, 1.613442184833e-03, 3.8082e-01, 5.2221e-03, 
 2DIAGNOSTIC,    19, -3.981148996069e-01, 6.255310261608e-04, 3.8387e-01, 3.0470e-03, 
 2DIAGNOSTIC,    20, -3.982694974263e-01, 2.981924778438e-04, 3.8706e-01, 3.1960e-03, 
 2DIAGNOSTIC,    21, -3.980472615383e-01, 2.231233965381e-04, 3.9000e-01, 2.9349e-03, 
 2DIAGNOSTIC,    22, -3.980589198359e-01, 1.310828804020e-04, 3.9288e-01, 2.8780e-03, 
 2DIAGNOSTIC,    23, -3.980641187094e-01, 8.307178852083e-05, 3.9554e-01, 2.6648e-03, 
 2DIAGNOSTIC,    24, -3.982324934338e-01, 5.555565232768e-05, 3.9887e-01, 3.3281e-03, 
 2DIAGNOSTIC,    25, -3.980853161269e-01, 2.712733383765e-05, 4.0166e-01, 2.7900e-03, 
 2DIAGNOSTIC,    26, -3.983138386268e-01, 1.673241516896e-05, 4.0585e-01, 4.1921e-03, 
 2DIAGNOSTIC,    27, -3.985272396990e-01, 1.980556928718e-05, 4.0919e-01, 3.3391e-03, 
 2DIAGNOSTIC,    28, -3.982132666435e-01, 1.609484014171e-05, 4.1206e-01, 2.8701e-03, 
 2DIAGNOSTIC,    29, -3.982145262677e-01, 1.447276551213e-05, 4.1514e-01, 3.0811e-03, 
 2DIAGNOSTIC,    30, -3.982160950668e-01, 1.581459663172e-05, 4.1799e-01, 2.8441e-03, 
 2DIAGNOSTIC,    31, -3.982190744380e-01, 1.019048612826e-05, 4.2073e-01, 2.7449e-03, 
 2DIAGNOSTIC,    32, -3.982273989405e-01, 4.453570098290e-06, 4.2395e-01, 3.2220e-03, 
DIAGNOSTIC,Iteration,metricValue,convergenceValue,ITERATION_TIME_INDEX,SINCE_LAST
 2DIAGNOSTIC,     1, -2.573340287594e-01, 1.797693134862e+308, 7.5147e-01, 3.2752e-01, 
 2DIAGNOSTIC,     2, -2.579521772344e-01, 1.797693134862e+308, 7.6049e-01, 9.0179e-03, 
 2DIAGNOSTIC,     3, -2.584800593266e-01, 1.797693134862e+308, 7.6820e-01, 7.7081e-03, 
 2DIAGNOSTIC,     4, -2.595762512035e-01, 1.797693134862e+308, 7.7590e-01, 7.7009e-03, 
 2DIAGNOSTIC,     5, -2.603124733168e-01, 1.797693134862e+308, 7.8394e-01, 8.0380e-03, 
 2DIAGNOSTIC,     6, -2.651287160813e-01, 1.797693134862e+308, 7.9348e-01, 9.5460e-03, 
 2DIAGNOSTIC,     7, -2.698841576947e-01, 1.797693134862e+308, 8.0699e-01, 1.3511e-02, 
 2DIAGNOSTIC,     8, -2.703970431973e-01, 1.797693134862e+308, 8.1828e-01, 1.1290e-02, 
 2DIAGNOSTIC,     9, -2.703572163171e-01, 1.797693134862e+308, 8.2705e-01, 8.7650e-03, 
 2DIAGNOSTIC,    10, -2.704687876881e-01, 4.088549298117e-03, 8.3600e-01, 8.9481e-03, 
 2DIAGNOSTIC,    11, -2.703881043277e-01, 3.515873325287e-03, 8.4694e-01, 1.0943e-02, 
 2DIAGNOSTIC,    12, -2.703543409899e-01, 2.770617701625e-03, 8.5595e-01, 9.0079e-03, 
 2DIAGNOSTIC,    13, -2.703188280761e-01, 1.935754503613e-03, 8.6401e-01, 8.0619e-03, 
 2DIAGNOSTIC,    14, -2.703287505814e-01, 1.139857745578e-03, 8.7296e-01, 8.9560e-03, 
 2DIAGNOSTIC,    15, -2.702838067034e-01, 3.919068950724e-04, 8.8053e-01, 7.5681e-03, 
 2DIAGNOSTIC,    16, -2.702997837222e-01, 1.676613815012e-05, 8.8914e-01, 8.6091e-03, 
DIAGNOSTIC,Iteration,metricValue,convergenceValue,ITERATION_TIME_INDEX,SINCE_LAST
 2DIAGNOSTIC,     1, -2.148271743911e-01, 1.797693134862e+308, 1.3938e+00, 5.0461e-01, 
 2DIAGNOSTIC,     2, -2.151399425501e-01, 1.797693134862e+308, 1.4560e+00, 6.2230e-02, 
 2DIAGNOSTIC,     3, -2.155601878686e-01, 1.797693134862e+308, 1.5110e+00, 5.4974e-02, 
 2DIAGNOSTIC,     4, -2.159507617065e-01, 1.797693134862e+308, 1.5656e+00, 5.4612e-02, 
 2DIAGNOSTIC,     5, -2.161392265518e-01, 1.797693134862e+308, 1.6258e+00, 6.0283e-02, 
 2DIAGNOSTIC,     6, -2.163321620282e-01, 1.797693134862e+308, 1.6959e+00, 7.0017e-02, 
 2DIAGNOSTIC,     7, -2.163681741248e-01, 1.797693134862e+308, 1.7489e+00, 5.3052e-02, 
 2DIAGNOSTIC,     8, -2.167110282468e-01, 1.797693134862e+308, 1.8041e+00, 5.5178e-02, 
 2DIAGNOSTIC,     9, -2.170018222369e-01, 1.797693134862e+308, 1.9013e+00, 9.7203e-02, 
 2DIAGNOSTIC,    10, -2.170242844323e-01, 6.421374550518e-04, 1.9651e+00, 6.3810e-02, 
 2DIAGNOSTIC,    11, -2.170215777241e-01, 5.014452838534e-04, 2.0296e+00, 6.4500e-02, 
 2DIAGNOSTIC,    12, -2.170263209412e-01, 3.741723014369e-04, 2.1286e+00, 9.8997e-02, 
 2DIAGNOSTIC,    13, -2.170252113698e-01, 2.740961690357e-04, 2.1931e+00, 6.4532e-02, 
 2DIAGNOSTIC,    14, -2.170233305656e-01, 1.993437636998e-04, 2.2569e+00, 6.3808e-02, 
 2DIAGNOSTIC,    15, -2.170218407139e-01, 1.328949172793e-04, 2.3111e+00, 5.4178e-02, 
 2DIAGNOSTIC,    16, -2.170182626291e-01, 7.896372760990e-05, 2.3766e+00, 6.5442e-02, 
 2DIAGNOSTIC,    17, -2.170067009548e-01, 2.573529446767e-05, 2.4418e+00, 6.5252e-02, 
DIAGNOSTIC,Iteration,metricValue,convergenceValue,ITERATION_TIME_INDEX,SINCE_LAST
 2DIAGNOSTIC,     1, -1.828794290670e-01, 1.797693134862e+308, 3.6794e+00, 1.2376e+00, 
 2DIAGNOSTIC,     2, -1.828916663202e-01, 1.797693134862e+308, 4.0626e+00, 3.8316e-01, 
 2DIAGNOSTIC,     3, -1.829084647486e-01, 1.797693134862e+308, 4.8929e+00, 8.3027e-01, 
 2DIAGNOSTIC,     4, -1.829125747483e-01, 1.797693134862e+308, 5.3887e+00, 4.9580e-01, 
 2DIAGNOSTIC,     5, -1.829122736064e-01, 1.797693134862e+308, 5.8682e+00, 4.7953e-01, 
 2DIAGNOSTIC,     6, -1.829117086730e-01, 1.797693134862e+308, 6.2635e+00, 3.9528e-01, 
 2DIAGNOSTIC,     7, -1.829115381827e-01, 1.797693134862e+308, 6.6635e+00, 3.9999e-01, 
 2DIAGNOSTIC,     8, -1.829113021787e-01, 1.797693134862e+308, 7.0590e+00, 3.9558e-01, 
 2DIAGNOSTIC,     9, -1.829109194676e-01, 1.797693134862e+308, 7.4562e+00, 3.9713e-01, 
 2DIAGNOSTIC,    10, -1.829109454056e-01, 1.091149083528e-05, 7.8283e+00, 3.7209e-01, 
 2DIAGNOSTIC,    11, -1.829109884352e-01, 5.695177187293e-06, 8.1590e+00, 3.3076e-01, 
 2DIAGNOSTIC,    12, -1.829109068136e-01, 2.614152564570e-06, 8.4888e+00, 3.2981e-01, 
 2DIAGNOSTIC,    13, -1.829111292015e-01, 2.030394964395e-06, 8.8768e+00, 3.8802e-01, 
 2DIAGNOSTIC,    14, -1.829112167730e-01, 2.033714812111e-06, 9.2237e+00, 3.4690e-01, 
 2DIAGNOSTIC,    15, -1.829118529037e-01, 2.094094659677e-06, 9.6176e+00, 3.9386e-01, 
 2DIAGNOSTIC,    16, -1.829127434967e-01, 2.179219063314e-06, 1.0020e+01, 4.0209e-01, 
 2DIAGNOSTIC,    17, -1.829121964373e-01, 2.169929324156e-06, 1.0414e+01, 3.9456e-01, 
 2DIAGNOSTIC,    18, -1.829120918154e-01, 2.108552781231e-06, 1.0811e+01, 3.9671e-01, 
 2DIAGNOSTIC,    19, -1.829121469559e-01, 1.995601020439e-06, 1.1258e+01, 4.4725e-01, 
 2DIAGNOSTIC,    20, -1.829118505416e-01, 1.841146108260e-06, 1.1655e+01, 3.9655e-01, 
 2DIAGNOSTIC,    21, -1.829116548167e-01, 1.666648261449e-06, 1.2052e+01, 3.9691e-01, 
 2DIAGNOSTIC,    22, -1.829116968761e-01, 1.492046523326e-06, 1.2403e+01, 3.5166e-01, 
 2DIAGNOSTIC,    23, -1.829109773987e-01, 1.295739758163e-06, 1.2799e+01, 3.9610e-01, 
 2DIAGNOSTIC,    24, -1.829110060303e-01, 1.131632606302e-06, 1.3148e+01, 3.4843e-01, 
 2DIAGNOSTIC,    25, -1.829108952776e-01, 1.029199443316e-06, 1.3547e+01, 3.9909e-01, 
 2DIAGNOSTIC,    26, -1.829115247668e-01, 1.049042459851e-06, 1.3944e+01, 3.9658e-01, 
 2DIAGNOSTIC,    27, -1.829110862897e-01, 1.026134060271e-06, 1.4286e+01, 3.4269e-01, 
 2DIAGNOSTIC,    28, -1.829107500019e-01, 9.959456463496e-07, 1.4684e+01, 3.9736e-01, 
 2DIAGNOSTIC,    29, -1.829110899954e-01, 1.003533483826e-06, 1.5076e+01, 3.9259e-01, 
 2DIAGNOSTIC,    30, -1.829107399995e-01, 9.845583839249e-07, 1.5578e+01, 5.0171e-01, 
 2DIAGNOSTIC,    31, -1.829102047553e-01, 9.368751441932e-07, 1.5969e+01, 3.9072e-01, 
 2DIAGNOSTIC,    32, -1.829100614323e-01, 8.977574602678e-07, 1.6361e+01, 3.9224e-01, 
 2DIAGNOSTIC,    33, -1.829098935793e-01, 8.286521673770e-07, 1.6764e+01, 4.0353e-01, 
 2DIAGNOSTIC,    34, -1.829093258942e-01, 7.515848573086e-07, 1.7115e+01, 3.5070e-01, 
 2DIAGNOSTIC,    35, -1.829086747714e-01, 6.621253426688e-07, 1.7510e+01, 3.9528e-01, 
 2DIAGNOSTIC,    36, -1.829084321360e-01, 6.192642980213e-07, 1.7909e+01, 3.9882e-01, 
 2DIAGNOSTIC,    37, -1.829086397080e-01, 5.943040352098e-07, 1.8303e+01, 3.9390e-01, 
 2DIAGNOSTIC,    38, -1.829085026249e-01, 5.750811244362e-07, 1.8699e+01, 3.9563e-01, 
 2DIAGNOSTIC,    39, -1.829083112694e-01, 5.883907067961e-07, 1.9103e+01, 4.0408e-01, 
 2DIAGNOSTIC,    40, -1.829083260097e-01, 6.109313960070e-07, 1.9500e+01, 3.9769e-01, 
 2DIAGNOSTIC,    41, -1.829082312745e-01, 6.258447238644e-07, 1.9896e+01, 3.9570e-01, 
 2DIAGNOSTIC,    42, -1.829078517700e-01, 6.344758809104e-07, 2.0288e+01, 3.9226e-01, 
 2DIAGNOSTIC,    43, -1.829074636466e-01, 6.349599966995e-07, 2.0689e+01, 4.0014e-01, 
 2DIAGNOSTIC,    44, -1.829077159567e-01, 6.352843731870e-07, 2.1087e+01, 3.9820e-01, 
 2DIAGNOSTIC,    45, -1.829075731717e-01, 6.162193464353e-07, 2.1483e+01, 3.9603e-01, 
 2DIAGNOSTIC,    46, -1.829075038289e-01, 5.958852301660e-07, 2.1831e+01, 3.4826e-01, 
 2DIAGNOSTIC,    47, -1.829073635710e-01, 5.882749423147e-07, 2.2230e+01, 3.9914e-01, 
 2DIAGNOSTIC,    48, -1.829076595810e-01, 5.949929250924e-07, 2.2648e+01, 4.1827e-01, 
 2DIAGNOSTIC,    49, -1.829077010829e-01, 6.024970211384e-07, 2.3028e+01, 3.7953e-01, 
 2DIAGNOSTIC,    50, -1.829077714354e-01, 6.166217276192e-07, 2.3452e+01, 4.2393e-01, 
 2DIAGNOSTIC,    51, -1.829083168961e-01, 6.462844877077e-07, 2.3875e+01, 4.2339e-01, 
 2DIAGNOSTIC,    52, -1.829081955543e-01, 6.576543503840e-07, 2.4285e+01, 4.0938e-01, 
 2DIAGNOSTIC,    53, -1.829072923018e-01, 6.262252138338e-07, 2.4666e+01, 3.8113e-01, 
 2DIAGNOSTIC,    54, -1.829060881857e-01, 5.669987153505e-07, 2.4998e+01, 3.3210e-01, 
 2DIAGNOSTIC,    55, -1.829059218388e-01, 5.039703437279e-07, 2.5390e+01, 3.9216e-01, 
  Elapsed time (stage 0): 2.5699e+01


Stage 1
  iterations = 1000x500x250x100
  convergence threshold = 4.0000e-07
  convergence window size = 10
  number of levels = 4
  using the Mattes MI metric (number of bins = 32, weight = 1.0000e+00)
  Shrink factors (level 1 out of 4): [8, 8, 8]
  Shrink factors (level 2 out of 4): [4, 4, 4]
  Shrink factors (level 3 out of 4): [2, 2, 2]
  Shrink factors (level 4 out of 4): [1, 1, 1]
  smoothing sigmas per level: [3, 2, 1, 0]
  regular sampling (percentage = 2.5000e-01)

*** Running AffineTransform registration ***

DIAGNOSTIC,Iteration,metricValue,convergenceValue,ITERATION_TIME_INDEX,SINCE_LAST
 2DIAGNOSTIC,     1, -3.800776827286e-01, 1.797693134862e+308, 3.4059e-01, 3.4059e-01, 
 2DIAGNOSTIC,     2, -3.814935294053e-01, 1.797693134862e+308, 3.4406e-01, 3.4759e-03, 
 2DIAGNOSTIC,     3, -3.828925883102e-01, 1.797693134862e+308, 3.4707e-01, 3.0069e-03, 
 2DIAGNOSTIC,     4, -3.837139455312e-01, 1.797693134862e+308, 3.5020e-01, 3.1278e-03, 
 2DIAGNOSTIC,     5, -3.866248820694e-01, 1.797693134862e+308, 3.5352e-01, 3.3221e-03, 
 2DIAGNOSTIC,     6, -3.915580892977e-01, 1.797693134862e+308, 3.5612e-01, 2.6000e-03, 
 2DIAGNOSTIC,     7, -3.950553411039e-01, 1.797693134862e+308, 3.5885e-01, 2.7270e-03, 
 2DIAGNOSTIC,     8, -4.013537931552e-01, 1.797693134862e+308, 3.6293e-01, 4.0781e-03, 
 2DIAGNOSTIC,     9, -4.039354900573e-01, 1.797693134862e+308, 3.6798e-01, 5.0578e-03, 
 2DIAGNOSTIC,    10, -4.037821305388e-01, 4.537027311786e-03, 3.7193e-01, 3.9442e-03, 
 2DIAGNOSTIC,    11, -4.040298737748e-01, 4.115850659614e-03, 3.7564e-01, 3.7160e-03, 
 2DIAGNOSTIC,    12, -4.045722038827e-01, 3.513424285442e-03, 3.7871e-01, 3.0642e-03, 
 2DIAGNOSTIC,    13, -4.052577584916e-01, 2.802217048487e-03, 3.8241e-01, 3.7060e-03, 
 2DIAGNOSTIC,    14, -4.059274112975e-01, 2.015671120692e-03, 3.8539e-01, 2.9778e-03, 
 2DIAGNOSTIC,    15, -4.062834809140e-01, 1.309243637852e-03, 3.8902e-01, 3.6328e-03, 
 2DIAGNOSTIC,    16, -4.068127187036e-01, 8.192937293029e-04, 3.9266e-01, 3.6311e-03, 
 2DIAGNOSTIC,    17, -4.067950176270e-01, 4.528510111754e-04, 3.9700e-01, 4.3399e-03, 
 2DIAGNOSTIC,    18, -4.066515476587e-01, 3.279012967228e-04, 4.0014e-01, 3.1431e-03, 
 2DIAGNOSTIC,    19, -4.066025749705e-01, 2.818874870002e-04, 4.0375e-01, 3.6139e-03, 
 2DIAGNOSTIC,    20, -4.066520434519e-01, 2.108365697293e-04, 4.0733e-01, 3.5729e-03, 
 2DIAGNOSTIC,    21, -4.068243737924e-01, 1.410925887729e-04, 4.1103e-01, 3.7041e-03, 
 2DIAGNOSTIC,    22, -4.067474177031e-01, 7.945979516213e-05, 4.1484e-01, 3.8102e-03, 
 2DIAGNOSTIC,    23, -4.070791374871e-01, 4.749413596259e-05, 4.1840e-01, 3.5629e-03, 
 2DIAGNOSTIC,    24, -4.068704049256e-01, 2.726075334920e-05, 4.2265e-01, 4.2450e-03, 
 2DIAGNOSTIC,    25, -4.070275265164e-01, 2.052676077920e-05, 4.2625e-01, 3.6051e-03, 
 2DIAGNOSTIC,    26, -4.070719864344e-01, 2.799647384727e-05, 4.2987e-01, 3.6209e-03, 
 2DIAGNOSTIC,    27, -4.068428631109e-01, 2.592732642891e-05, 4.3320e-01, 3.3250e-03, 
 2DIAGNOSTIC,    28, -4.067406458113e-01, 1.570832190283e-05, 4.3654e-01, 3.3369e-03, 
 2DIAGNOSTIC,    29, -4.067829815901e-01, 4.716001183978e-06, 4.3959e-01, 3.0499e-03, 
DIAGNOSTIC,Iteration,metricValue,convergenceValue,ITERATION_TIME_INDEX,SINCE_LAST
 2DIAGNOSTIC,     1, -2.718740102697e-01, 1.797693134862e+308, 8.0500e-01, 3.6541e-01, 
 2DIAGNOSTIC,     2, -2.725117004638e-01, 1.797693134862e+308, 8.1334e-01, 8.3430e-03, 
 2DIAGNOSTIC,     3, -2.735345718627e-01, 1.797693134862e+308, 8.2158e-01, 8.2409e-03, 
 2DIAGNOSTIC,     4, -2.740588070037e-01, 1.797693134862e+308, 8.3130e-01, 9.7251e-03, 
 2DIAGNOSTIC,     5, -2.746642188420e-01, 1.797693134862e+308, 8.3942e-01, 8.1179e-03, 
 2DIAGNOSTIC,     6, -2.759465703846e-01, 1.797693134862e+308, 8.4761e-01, 8.1830e-03, 
 2DIAGNOSTIC,     7, -2.782938452904e-01, 1.797693134862e+308, 8.5867e-01, 1.1061e-02, 
 2DIAGNOSTIC,     8, -2.796894843794e-01, 1.797693134862e+308, 8.6666e-01, 7.9911e-03, 
 2DIAGNOSTIC,     9, -2.814241382365e-01, 1.797693134862e+308, 8.7519e-01, 8.5289e-03, 
 2DIAGNOSTIC,    10, -2.841783163298e-01, 2.736234657098e-03, 8.8377e-01, 8.5809e-03, 
 2DIAGNOSTIC,    11, -2.932782273500e-01, 3.530104902383e-03, 8.9364e-01, 9.8679e-03, 
 2DIAGNOSTIC,    12, -3.176079046952e-01, 5.921506666948e-03, 9.0968e-01, 1.6046e-02, 
 2DIAGNOSTIC,    13, -3.187897245169e-01, 7.496169695946e-03, 9.1826e-01, 8.5809e-03, 
 2DIAGNOSTIC,    14, -3.195926913080e-01, 8.266529834152e-03, 9.2694e-01, 8.6761e-03, 
 2DIAGNOSTIC,    15, -3.212278383506e-01, 8.338934087192e-03, 9.3601e-01, 9.0730e-03, 
 2DIAGNOSTIC,    16, -3.267082551345e-01, 8.027294154787e-03, 9.4564e-01, 9.6240e-03, 
 2DIAGNOSTIC,    17, -3.391375436513e-01, 7.813825006215e-03, 9.5801e-01, 1.2378e-02, 
 2DIAGNOSTIC,    18, -3.516565100395e-01, 7.621270938564e-03, 9.7100e-01, 1.2983e-02, 
 2DIAGNOSTIC,    19, -3.520395733171e-01, 6.872295797561e-03, 9.7952e-01, 8.5230e-03, 
 2DIAGNOSTIC,    20, -3.530100474550e-01, 5.767280321920e-03, 9.8847e-01, 8.9500e-03, 
 2DIAGNOSTIC,    21, -3.536732066179e-01, 4.655136220526e-03, 9.9734e-01, 8.8720e-03, 
 2DIAGNOSTIC,    22, -3.555836075310e-01, 4.317195531347e-03, 1.0065e+00, 9.1200e-03, 
 2DIAGNOSTIC,    23, -3.602335732947e-01, 3.833939768923e-03, 1.0199e+00, 1.3442e-02, 
 2DIAGNOSTIC,    24, -3.607500474128e-01, 3.092692652050e-03, 1.0292e+00, 9.2480e-03, 
 2DIAGNOSTIC,    25, -3.642227115697e-01, 2.324007524785e-03, 1.0384e+00, 9.2812e-03, 
 2DIAGNOSTIC,    26, -3.699652100471e-01, 1.784976845872e-03, 1.0504e+00, 1.1988e-02, 
 2DIAGNOSTIC,    27, -3.720038577961e-01, 1.586822019085e-03, 1.0623e+00, 1.1877e-02, 
 2DIAGNOSTIC,    28, -3.726664909026e-01, 1.673825059177e-03, 1.0713e+00, 9.0220e-03, 
 2DIAGNOSTIC,    29, -3.745240703389e-01, 1.666823629765e-03, 1.0805e+00, 9.1720e-03, 
 2DIAGNOSTIC,    30, -3.753713857256e-01, 1.556338554491e-03, 1.0989e+00, 1.8409e-02, 
 2DIAGNOSTIC,    31, -3.754022796118e-01, 1.324367200162e-03, 1.1102e+00, 1.1278e-02, 
 2DIAGNOSTIC,    32, -3.753475627828e-01, 1.032202384663e-03, 1.1203e+00, 1.0135e-02, 
 2DIAGNOSTIC,    33, -3.753151944879e-01, 7.868208056429e-04, 1.1306e+00, 1.0280e-02, 
 2DIAGNOSTIC,    34, -3.752248762624e-01, 4.935263773929e-04, 1.1411e+00, 1.0459e-02, 
 2DIAGNOSTIC,    35, -3.751671830998e-01, 2.526506740877e-04, 1.1514e+00, 1.0311e-02, 
 2DIAGNOSTIC,    36, -3.751918494765e-01, 1.394064835808e-04, 1.1622e+00, 1.0836e-02, 
 2DIAGNOSTIC,    37, -3.751757290894e-01, 6.683339313106e-05, 1.1726e+00, 1.0422e-02, 
 2DIAGNOSTIC,    38, -3.752053527961e-01, 6.825271314289e-06, 1.1833e+00, 1.0658e-02, 
DIAGNOSTIC,Iteration,metricValue,convergenceValue,ITERATION_TIME_INDEX,SINCE_LAST
 2DIAGNOSTIC,     1, -2.944274968841e-01, 1.797693134862e+308, 1.7084e+00, 5.2510e-01, 
 2DIAGNOSTIC,     2, -2.945033724948e-01, 1.797693134862e+308, 1.7910e+00, 8.2639e-02, 
 2DIAGNOSTIC,     3, -2.945735093552e-01, 1.797693134862e+308, 1.8799e+00, 8.8865e-02, 
 2DIAGNOSTIC,     4, -2.945661044103e-01, 1.797693134862e+308, 1.9701e+00, 9.0173e-02, 
 2DIAGNOSTIC,     5, -2.945648198943e-01, 1.797693134862e+308, 2.0791e+00, 1.0904e-01, 
 2DIAGNOSTIC,     6, -2.945627667059e-01, 1.797693134862e+308, 2.1584e+00, 7.9254e-02, 
 2DIAGNOSTIC,     7, -2.945527744995e-01, 1.797693134862e+308, 2.2315e+00, 7.3187e-02, 
 2DIAGNOSTIC,     8, -2.945513913568e-01, 1.797693134862e+308, 2.3099e+00, 7.8383e-02, 
 2DIAGNOSTIC,     9, -2.945528302694e-01, 1.797693134862e+308, 2.3894e+00, 7.9432e-02, 
 2DIAGNOSTIC,    10, -2.945501468763e-01, 1.705277796064e-05, 2.4594e+00, 7.0030e-02, 
 2DIAGNOSTIC,    11, -2.945513444237e-01, 3.797527343433e-06, 2.5488e+00, 8.9457e-02, 
DIAGNOSTIC,Iteration,metricValue,convergenceValue,ITERATION_TIME_INDEX,SINCE_LAST
 2DIAGNOSTIC,     1, -2.309774301140e-01, 1.797693134862e+308, 3.9274e+00, 1.3786e+00, 
 2DIAGNOSTIC,     2, -2.311025827187e-01, 1.797693134862e+308, 4.3310e+00, 4.0364e-01, 
 2DIAGNOSTIC,     3, -2.312196119582e-01, 1.797693134862e+308, 4.7291e+00, 3.9804e-01, 
 2DIAGNOSTIC,     4, -2.312574885784e-01, 1.797693134862e+308, 5.3472e+00, 6.1814e-01, 
 2DIAGNOSTIC,     5, -2.312560595639e-01, 1.797693134862e+308, 5.8461e+00, 4.9887e-01, 
 2DIAGNOSTIC,     6, -2.312529673983e-01, 1.797693134862e+308, 6.3373e+00, 4.9120e-01, 
 2DIAGNOSTIC,     7, -2.312496073977e-01, 1.797693134862e+308, 6.8869e+00, 5.4964e-01, 
 2DIAGNOSTIC,     8, -2.312429179244e-01, 1.797693134862e+308, 7.4939e+00, 6.0698e-01, 
 2DIAGNOSTIC,     9, -2.312421548820e-01, 1.797693134862e+308, 7.9921e+00, 4.9820e-01, 
 2DIAGNOSTIC,    10, -2.312411073962e-01, 5.207832526664e-05, 8.4910e+00, 4.9888e-01, 
 2DIAGNOSTIC,    11, -2.312404995614e-01, 1.845184204502e-05, 8.9831e+00, 4.9212e-01, 
 2DIAGNOSTIC,    12, -2.312403626592e-01, 1.550840627959e-06, 9.4816e+00, 4.9845e-01, 
  Elapsed time (stage 1): 9.8487e+00


Total elapsed time: 3.5550e+01
