Running T1-THOMAS on sub-145
INFO:    Mounting image with FUSE.
Some packages in this Docker container are non-free
If you are considering commercial use of this container, please consult the relevant license:
https://fsl.fmrib.ox.ac.uk/fsl/fslwiki/Licence
THOMAS_HOME setting of /opt/thomas_new
Linux OS detected
File name OK
Running left and right thalamus MV big
All_Command_lines_OK
Using double precision for computations.
=============================================================================
The composite transform comprises the following transforms (in order): 
  1. Center of mass alignment using fixed image: sub-145_desc-preproc_T1w.nii.gz and moving image: /opt/thomas_new/origtemplate.nii.gz (type = Euler3DTransform)
=============================================================================
  number of levels = 4
  number of levels = 4
  fixed image: sub-145_desc-preproc_T1w.nii.gz
  moving image: /opt/thomas_new/origtemplate.nii.gz
  fixed image: sub-145_desc-preproc_T1w.nii.gz
  moving image: /opt/thomas_new/origtemplate.nii.gz
Dimension = 3
Number of stages = 2
Use Histogram Matching false
Winsorize image intensities false
Lower quantile = 0
Upper quantile = 1
Stage 1 State
   Image metric = Mattes
     Fixed image = Image (0x314c960)
  RTTI typeinfo:   itk::Image<double, 3u>
  Reference Count: 2
  Modified Time: 1696
  Debug: Off
  Object Name: 
  Observers: 
    none
  Source: (none)
  Source output name: (none)
  Release Data: Off
  Data Released: False
  Global Release Data: Off
  PipelineMTime: 0
  UpdateMTime: 1479
  RealTimeStamp: 0 seconds 
  LargestPossibleRegion: 
    Dimension: 3
    Index: [0, 0, 0]
    Size: [264, 512, 512]
  BufferedRegion: 
    Dimension: 3
    Index: [0, 0, 0]
    Size: [264, 512, 512]
  RequestedRegion: 
    Dimension: 3
    Index: [0, 0, 0]
    Size: [264, 512, 512]
  Spacing: [0.6, 0.488281, 0.488281]
  Origin: [83.2548, 120.434, -125.87]
  Direction: 
-0.999349 0.00297803 -0.0359579
-0.00423114 -0.999385 0.0348238
-0.0358321 0.0349532 0.998746

  IndexToPointMatrix: 
-0.599609 0.00145412 -0.0175576
-0.00253869 -0.487981 0.0170038
-0.0214993 0.017067 0.487669

  PointToIndexMatrix: 
-1.66558 -0.0070519 -0.0597202
0.006099 -2.04674 0.0715842
-0.0736419 0.071319 2.04543

  Inverse Direction: 
-0.999349 -0.00423114 -0.0358321
0.00297803 -0.999385 0.0349532
-0.0359579 0.0348238 0.998746

  PixelContainer: 
    ImportImageContainer (0x3145440)
      RTTI typeinfo:   itk::ImportImageContainer<unsigned long, double>
      Reference Count: 1
      Modified Time: 1476
      Debug: Off
      Object Name: 
      Observers: 
        none
      Pointer: 0x14b15b3cc010
      Container manages memory: true
      Size: 69206016
      Capacity: 69206016

     Moving image = Image (0x3146210)
  RTTI typeinfo:   itk::Image<double, 3u>
  Reference Count: 2
  Modified Time: 1697
  Debug: Off
  Object Name: 
  Observers: 
    none
  Source: (none)
  Source output name: (none)
  Release Data: Off
  Data Released: False
  Global Release Data: Off
  PipelineMTime: 0
  UpdateMTime: 1694
  RealTimeStamp: 0 seconds 
  LargestPossibleRegion: 
    Dimension: 3
    Index: [0, 0, 0]
    Size: [256, 440, 256]
  BufferedRegion: 
    Dimension: 3
    Index: [0, 0, 0]
    Size: [256, 440, 256]
  RequestedRegion: 
    Dimension: 3
    Index: [0, 0, 0]
    Size: [256, 440, 256]
  Spacing: [0.7031, 0.5, 0.7031]
  Origin: [83.5844, 59.822, -106.951]
  Direction: 
-1 0 0
0 -1 0
0 0 1

  IndexToPointMatrix: 
-0.7031 0 0
0 -0.5 0
0 0 0.7031

  PointToIndexMatrix: 
-1.42227 0 0
0 -2 0
0 0 1.42227

  Inverse Direction: 
-1 0 0
0 -1 0
0 0 1

  PixelContainer: 
    ImportImageContainer (0x31464a0)
      RTTI typeinfo:   itk::ImportImageContainer<unsigned long, double>
      Reference Count: 1
      Modified Time: 1691
      Debug: Off
      Object Name: 
      Observers: 
        none
      Pointer: 0x14b14d7cb010
      Container manages memory: true
      Size: 28835840
      Capacity: 28835840

     Weighting = 1
     Sampling strategy = regular
     Number of bins = 32
     Radius = 4
     Sampling percentage  = 0.25
   Transform = Rigid
     Gradient step = 0.1
     Update field sigma (voxel space) = 0
     Total field sigma (voxel space) = 0
     Update field time sigma = 0
     Total field time sigma  = 0
     Number of time indices = 0
     Number of time point samples = 0
Stage 2 State
   Image metric = Mattes
     Fixed image = Image (0x3158980)
  RTTI typeinfo:   itk::Image<double, 3u>
  Reference Count: 2
  Modified Time: 2128
  Debug: Off
  Object Name: 
  Observers: 
    none
  Source: (none)
  Source output name: (none)
  Release Data: Off
  Data Released: False
  Global Release Data: Off
  PipelineMTime: 0
  UpdateMTime: 1911
  RealTimeStamp: 0 seconds 
  LargestPossibleRegion: 
    Dimension: 3
    Index: [0, 0, 0]
    Size: [264, 512, 512]
  BufferedRegion: 
    Dimension: 3
    Index: [0, 0, 0]
    Size: [264, 512, 512]
  RequestedRegion: 
    Dimension: 3
    Index: [0, 0, 0]
    Size: [264, 512, 512]
  Spacing: [0.6, 0.488281, 0.488281]
  Origin: [83.2548, 120.434, -125.87]
  Direction: 
-0.999349 0.00297803 -0.0359579
-0.00423114 -0.999385 0.0348238
-0.0358321 0.0349532 0.998746

  IndexToPointMatrix: 
-0.599609 0.00145412 -0.0175576
-0.00253869 -0.487981 0.0170038
-0.0214993 0.017067 0.487669

  PointToIndexMatrix: 
-1.66558 -0.0070519 -0.0597202
0.006099 -2.04674 0.0715842
-0.0736419 0.071319 2.04543

  Inverse Direction: 
-0.999349 -0.00423114 -0.0358321
0.00297803 -0.999385 0.0349532
-0.0359579 0.0348238 0.998746

  PixelContainer: 
    ImportImageContainer (0x3144240)
      RTTI typeinfo:   itk::ImportImageContainer<unsigned long, double>
      Reference Count: 1
      Modified Time: 1908
      Debug: Off
      Object Name: 
      Observers: 
        none
      Pointer: 0x14b12c7ca010
      Container manages memory: true
      Size: 69206016
      Capacity: 69206016

     Moving image = Image (0x315a410)
  RTTI typeinfo:   itk::Image<double, 3u>
  Reference Count: 2
  Modified Time: 2129
  Debug: Off
  Object Name: 
  Observers: 
    none
  Source: (none)
  Source output name: (none)
  Release Data: Off
  Data Released: False
  Global Release Data: Off
  PipelineMTime: 0
  UpdateMTime: 2126
  RealTimeStamp: 0 seconds 
  LargestPossibleRegion: 
    Dimension: 3
    Index: [0, 0, 0]
    Size: [256, 440, 256]
  BufferedRegion: 
    Dimension: 3
    Index: [0, 0, 0]
    Size: [256, 440, 256]
  RequestedRegion: 
    Dimension: 3
    Index: [0, 0, 0]
    Size: [256, 440, 256]
  Spacing: [0.7031, 0.5, 0.7031]
  Origin: [83.5844, 59.822, -106.951]
  Direction: 
-1 0 0
0 -1 0
0 0 1

  IndexToPointMatrix: 
-0.7031 0 0
0 -0.5 0
0 0 0.7031

  PointToIndexMatrix: 
-1.42227 0 0
0 -2 0
0 0 1.42227

  Inverse Direction: 
-1 0 0
0 -1 0
0 0 1

  PixelContainer: 
    ImportImageContainer (0x314ad50)
      RTTI typeinfo:   itk::ImportImageContainer<unsigned long, double>
      Reference Count: 1
      Modified Time: 2123
      Debug: Off
      Object Name: 
      Observers: 
        none
      Pointer: 0x14b11ebc9010
      Container manages memory: true
      Size: 28835840
      Capacity: 28835840

     Weighting = 1
     Sampling strategy = regular
     Number of bins = 32
     Radius = 4
     Sampling percentage  = 0.25
   Transform = Affine
     Gradient step = 0.1
     Update field sigma (voxel space) = 0
     Total field sigma (voxel space) = 0
     Update field time sigma = 0
     Total field time sigma  = 0
     Number of time indices = 0
     Number of time point samples = 0
Registration using 2 total stages.

Stage 0
  iterations = 1000x500x250x100
  convergence threshold = 5e-07
  convergence window size = 10
  number of levels = 4
  using the Mattes MI metric (number of bins = 32, weight = 1)
  Shrink factors (level 1 out of 4): [7, 8, 8]
  Shrink factors (level 2 out of 4): [3, 4, 4]
  Shrink factors (level 3 out of 4): [2, 2, 2]
  Shrink factors (level 4 out of 4): [1, 1, 1]
  smoothing sigmas per level: [3, 2, 1, 0]
  regular sampling (percentage = 0.25)

*** Running Euler3DTransform registration ***

DIAGNOSTIC,Iteration,metricValue,convergenceValue,ITERATION_TIME_INDEX,SINCE_LAST
 2DIAGNOSTIC,     1, -3.224330951566e-01, 1.797693134862e+308, 7.4906e-01, 7.4906e-01, 
 2DIAGNOSTIC,     2, -3.239729311732e-01, 1.797693134862e+308, 7.5739e-01, 8.3280e-03, 
 2DIAGNOSTIC,     3, -3.261975147342e-01, 1.797693134862e+308, 7.6580e-01, 8.4071e-03, 
 2DIAGNOSTIC,     4, -3.294987549934e-01, 1.797693134862e+308, 7.7412e-01, 8.3182e-03, 
 2DIAGNOSTIC,     5, -3.345908625438e-01, 1.797693134862e+308, 7.8237e-01, 8.2500e-03, 
 2DIAGNOSTIC,     6, -3.440156140699e-01, 1.797693134862e+308, 7.9085e-01, 8.4889e-03, 
 2DIAGNOSTIC,     7, -3.564941177984e-01, 1.797693134862e+308, 7.9899e-01, 8.1310e-03, 
 2DIAGNOSTIC,     8, -3.731877702075e-01, 1.797693134862e+308, 8.0734e-01, 8.3499e-03, 
 2DIAGNOSTIC,     9, -3.876367078493e-01, 1.797693134862e+308, 8.1564e-01, 8.3029e-03, 
 2DIAGNOSTIC,    10, -4.253957157316e-01, 1.659799685959e-02, 8.2757e-01, 1.1931e-02, 
 2DIAGNOSTIC,    11, -4.817553534627e-01, 2.166980839418e-02, 8.4484e-01, 1.7271e-02, 
 2DIAGNOSTIC,    12, -4.824804685409e-01, 2.382619091857e-02, 8.5319e-01, 8.3461e-03, 
 2DIAGNOSTIC,    13, -4.862300474286e-01, 2.384131359407e-02, 8.6094e-01, 7.7491e-03, 
 2DIAGNOSTIC,    14, -4.906526634103e-01, 2.214197744371e-02, 8.6905e-01, 8.1191e-03, 
 2DIAGNOSTIC,    15, -4.928186496481e-01, 1.903583834902e-02, 8.7755e-01, 8.4958e-03, 
 2DIAGNOSTIC,    16, -4.951969360879e-01, 1.515686294226e-02, 8.8588e-01, 8.3292e-03, 
 2DIAGNOSTIC,    17, -4.968862263119e-01, 1.103524246228e-02, 8.9563e-01, 9.7520e-03, 
 2DIAGNOSTIC,    18, -4.987980487218e-01, 7.198876785235e-03, 9.0703e-01, 1.1402e-02, 
 2DIAGNOSTIC,    19, -4.997723543893e-01, 3.718141887702e-03, 9.1537e-01, 8.3380e-03, 
 2DIAGNOSTIC,    20, -5.005955907083e-01, 1.551778470461e-03, 9.2393e-01, 8.5621e-03, 
 2DIAGNOSTIC,    21, -5.016491557631e-01, 1.309783407502e-03, 9.3380e-01, 9.8631e-03, 
 2DIAGNOSTIC,    22, -5.030096849956e-01, 1.032846040046e-03, 9.4340e-01, 9.6080e-03, 
 2DIAGNOSTIC,    23, -5.050932062544e-01, 8.511146885853e-04, 9.6002e-01, 1.6611e-02, 
 2DIAGNOSTIC,    24, -5.051162734807e-01, 7.270051307697e-04, 9.7060e-01, 1.0579e-02, 
 2DIAGNOSTIC,    25, -5.051279315773e-01, 6.032754694795e-04, 9.7994e-01, 9.3429e-03, 
 2DIAGNOSTIC,    26, -5.051026056646e-01, 4.924111543972e-04, 9.8914e-01, 9.1991e-03, 
 2DIAGNOSTIC,    27, -5.050387017451e-01, 3.819604994687e-04, 9.9853e-01, 9.3880e-03, 
 2DIAGNOSTIC,    28, -5.050332717122e-01, 2.872257784623e-04, 1.0103e+00, 1.1747e-02, 
 2DIAGNOSTIC,    29, -5.050293360288e-01, 1.942527930626e-04, 1.0198e+00, 9.5191e-03, 
 2DIAGNOSTIC,    30, -5.050253030553e-01, 1.077201407783e-04, 1.0280e+00, 8.2300e-03, 
 2DIAGNOSTIC,    31, -5.049992074124e-01, 3.798466704683e-05, 1.0376e+00, 9.5551e-03, 
DIAGNOSTIC,Iteration,metricValue,convergenceValue,ITERATION_TIME_INDEX,SINCE_LAST
 2DIAGNOSTIC,     1, -4.205188544069e-01, 1.797693134862e+308, 1.9621e+00, 9.2448e-01, 
 2DIAGNOSTIC,     2, -4.206859784656e-01, 1.797693134862e+308, 2.0346e+00, 7.2522e-02, 
 2DIAGNOSTIC,     3, -4.207691780955e-01, 1.797693134862e+308, 2.1080e+00, 7.3455e-02, 
 2DIAGNOSTIC,     4, -4.209685071173e-01, 1.797693134862e+308, 2.1924e+00, 8.4319e-02, 
 2DIAGNOSTIC,     5, -4.210651171107e-01, 1.797693134862e+308, 2.2771e+00, 8.4754e-02, 
 2DIAGNOSTIC,     6, -4.211257847371e-01, 1.797693134862e+308, 2.3601e+00, 8.2967e-02, 
 2DIAGNOSTIC,     7, -4.213192943021e-01, 1.797693134862e+308, 2.4367e+00, 7.6654e-02, 
 2DIAGNOSTIC,     8, -4.215095238307e-01, 1.797693134862e+308, 2.5095e+00, 7.2769e-02, 
 2DIAGNOSTIC,     9, -4.217796549134e-01, 1.797693134862e+308, 2.5928e+00, 8.3277e-02, 
 2DIAGNOSTIC,    10, -4.219887026738e-01, 2.136444187679e-04, 2.6986e+00, 1.0583e-01, 
 2DIAGNOSTIC,    11, -4.220025491134e-01, 1.986070523817e-04, 2.7957e+00, 9.7143e-02, 
 2DIAGNOSTIC,    12, -4.220065649988e-01, 1.783747548830e-04, 2.8793e+00, 8.3561e-02, 
 2DIAGNOSTIC,    13, -4.219935052980e-01, 1.487731403920e-04, 3.0085e+00, 1.2918e-01, 
 2DIAGNOSTIC,    14, -4.219953326056e-01, 1.196008659477e-04, 3.0917e+00, 8.3184e-02, 
 2DIAGNOSTIC,    15, -4.219961393812e-01, 8.794593989231e-05, 3.1765e+00, 8.4881e-02, 
 2DIAGNOSTIC,    16, -4.219957732544e-01, 5.492047834361e-05, 3.2609e+00, 8.4323e-02, 
 2DIAGNOSTIC,    17, -4.219925858934e-01, 2.850826505571e-05, 3.3480e+00, 8.7134e-02, 
 2DIAGNOSTIC,    18, -4.219952166725e-01, 9.621244457275e-06, 3.4428e+00, 9.4783e-02, 
 2DIAGNOSTIC,    19, -4.219942646169e-01, 1.339935462412e-06, 3.5372e+00, 9.4395e-02, 
 2DIAGNOSTIC,    20, -4.219916612281e-01, 8.581439404007e-07, 3.6203e+00, 8.3101e-02, 
 2DIAGNOSTIC,    21, -4.219898816988e-01, 8.740930997758e-07, 3.6961e+00, 7.5782e-02, 
 2DIAGNOSTIC,    22, -4.219883634115e-01, 1.039130073321e-06, 3.7792e+00, 8.3167e-02, 
 2DIAGNOSTIC,    23, -4.219892043732e-01, 8.670137883471e-07, 3.8620e+00, 8.2800e-02, 
 2DIAGNOSTIC,    24, -4.219883745935e-01, 7.819584170107e-07, 3.9378e+00, 7.5771e-02, 
 2DIAGNOSTIC,    25, -4.219867831632e-01, 7.357998023511e-07, 4.0218e+00, 8.3992e-02, 
 2DIAGNOSTIC,    26, -4.219895069025e-01, 8.101119668424e-07, 4.1196e+00, 9.7776e-02, 
 2DIAGNOSTIC,    27, -4.219854606340e-01, 7.321072834909e-07, 4.2033e+00, 8.3735e-02, 
 2DIAGNOSTIC,    28, -4.219862787267e-01, 7.868653067733e-07, 4.2728e+00, 6.9502e-02, 
 2DIAGNOSTIC,    29, -4.219871737887e-01, 8.699783528368e-07, 4.3548e+00, 8.1971e-02, 
 2DIAGNOSTIC,    30, -4.219853227777e-01, 8.686575683758e-07, 4.4355e+00, 8.0723e-02, 
 2DIAGNOSTIC,    31, -4.219859576520e-01, 8.627551742746e-07, 4.5059e+00, 7.0404e-02, 
 2DIAGNOSTIC,    32, -4.219820151926e-01, 7.571112006222e-07, 4.5886e+00, 8.2657e-02, 
 2DIAGNOSTIC,    33, -4.219835225191e-01, 7.311605553714e-07, 4.6694e+00, 8.0806e-02, 
 2DIAGNOSTIC,    34, -4.219805040799e-01, 6.510544726807e-07, 4.7484e+00, 7.9067e-02, 
 2DIAGNOSTIC,    35, -4.219790422804e-01, 5.429068348946e-07, 4.8155e+00, 6.7099e-02, 
 2DIAGNOSTIC,    36, -4.219867367871e-01, 6.740235923876e-07, 4.8943e+00, 7.8812e-02, 
 2DIAGNOSTIC,    37, -4.219853809702e-01, 7.147157730161e-07, 4.9766e+00, 8.2305e-02, 
 2DIAGNOSTIC,    38, -4.219836773781e-01, 7.526716772101e-07, 5.0471e+00, 7.0459e-02, 
 2DIAGNOSTIC,    39, -4.219849627233e-01, 8.379799257864e-07, 5.1144e+00, 6.7342e-02, 
 2DIAGNOSTIC,    40, -4.219903925231e-01, 9.752983423164e-07, 5.1927e+00, 7.8239e-02, 
 2DIAGNOSTIC,    41, -4.219875790940e-01, 1.049603873204e-06, 5.2713e+00, 7.8587e-02, 
 2DIAGNOSTIC,    42, -4.219827622817e-01, 9.547635969540e-07, 5.3552e+00, 8.3963e-02, 
 2DIAGNOSTIC,    43, -4.219815013412e-01, 8.558883015028e-07, 5.4332e+00, 7.7915e-02, 
 2DIAGNOSTIC,    44, -4.219819051757e-01, 7.105392571087e-07, 5.5116e+00, 7.8424e-02, 
 2DIAGNOSTIC,    45, -4.219798633979e-01, 5.135855950349e-07, 5.5894e+00, 7.7853e-02, 
 2DIAGNOSTIC,    46, -4.219852992872e-01, 5.379103302054e-07, 5.6646e+00, 7.5159e-02, 
DIAGNOSTIC,Iteration,metricValue,convergenceValue,ITERATION_TIME_INDEX,SINCE_LAST
 2DIAGNOSTIC,     1, -3.419046470144e-01, 1.797693134862e+308, 7.6079e+00, 1.9434e+00, 
 2DIAGNOSTIC,     2, -3.419127947513e-01, 1.797693134862e+308, 8.0060e+00, 3.9809e-01, 
 2DIAGNOSTIC,     3, -3.419058827696e-01, 1.797693134862e+308, 8.7042e+00, 6.9813e-01, 
 2DIAGNOSTIC,     4, -3.419025158316e-01, 1.797693134862e+308, 9.2826e+00, 5.7840e-01, 
 2DIAGNOSTIC,     5, -3.419036658877e-01, 1.797693134862e+308, 9.7454e+00, 4.6280e-01, 
 2DIAGNOSTIC,     6, -3.419031618906e-01, 1.797693134862e+308, 1.0161e+01, 4.1605e-01, 
 2DIAGNOSTIC,     7, -3.419024203185e-01, 1.797693134862e+308, 1.0626e+01, 4.6475e-01, 
 2DIAGNOSTIC,     8, -3.419023756494e-01, 1.797693134862e+308, 1.1038e+01, 4.1156e-01, 
 2DIAGNOSTIC,     9, -3.419018479939e-01, 1.797693134862e+308, 1.1455e+01, 4.1691e-01, 
 2DIAGNOSTIC,    10, -3.419008331144e-01, 1.853721423958e-06, 1.1925e+01, 4.7000e-01, 
 2DIAGNOSTIC,    11, -3.419008550647e-01, 1.565992446745e-06, 1.2345e+01, 4.2070e-01, 
 2DIAGNOSTIC,    12, -3.419008985478e-01, 2.024256036487e-06, 1.2692e+01, 3.4625e-01, 
 2DIAGNOSTIC,    13, -3.419007463672e-01, 2.022655388623e-06, 1.3036e+01, 3.4401e-01, 
 2DIAGNOSTIC,    14, -3.419010722416e-01, 1.877289099991e-06, 1.3441e+01, 4.0552e-01, 
 2DIAGNOSTIC,    15, -3.419011528746e-01, 1.856292511940e-06, 1.3809e+01, 3.6786e-01, 
 2DIAGNOSTIC,    16, -3.419012172466e-01, 1.840077770460e-06, 1.4226e+01, 4.1715e-01, 
 2DIAGNOSTIC,    17, -3.419010169642e-01, 1.792492058166e-06, 1.4588e+01, 3.6167e-01, 
 2DIAGNOSTIC,    18, -3.419007049241e-01, 1.741554262670e-06, 1.5005e+01, 4.1676e-01, 
 2DIAGNOSTIC,    19, -3.419010092368e-01, 1.690001789165e-06, 1.5427e+01, 4.2268e-01, 
 2DIAGNOSTIC,    20, -3.419008520232e-01, 1.592541895537e-06, 1.5838e+01, 4.1105e-01, 
 2DIAGNOSTIC,    21, -3.419007154106e-01, 1.499819081603e-06, 1.6240e+01, 4.0195e-01, 
 2DIAGNOSTIC,    22, -3.419007443089e-01, 1.420444089441e-06, 1.6595e+01, 3.5514e-01, 
 2DIAGNOSTIC,    23, -3.419010973935e-01, 1.357342616075e-06, 1.7025e+01, 4.2968e-01, 
 2DIAGNOSTIC,    24, -3.419007867395e-01, 1.301737897454e-06, 1.7498e+01, 4.7300e-01, 
 2DIAGNOSTIC,    25, -3.419004248692e-01, 1.243662265615e-06, 1.7864e+01, 3.6608e-01, 
 2DIAGNOSTIC,    26, -3.419001531180e-01, 1.186832548704e-06, 1.8235e+01, 3.7132e-01, 
 2DIAGNOSTIC,    27, -3.419002201341e-01, 1.133777331325e-06, 1.8661e+01, 4.2604e-01, 
 2DIAGNOSTIC,    28, -3.418995308956e-01, 1.058115158631e-06, 1.9092e+01, 4.3079e-01, 
 2DIAGNOSTIC,    29, -3.418998507171e-01, 1.013630320477e-06, 1.9515e+01, 4.2270e-01, 
 2DIAGNOSTIC,    30, -3.418997337596e-01, 9.724411845630e-07, 1.9934e+01, 4.1916e-01, 
 2DIAGNOSTIC,    31, -3.418994225192e-01, 9.302200751210e-07, 2.0355e+01, 4.2084e-01, 
 2DIAGNOSTIC,    32, -3.418997522686e-01, 9.089223198117e-07, 2.0719e+01, 3.6423e-01, 
 2DIAGNOSTIC,    33, -3.418997299453e-01, 9.052010167820e-07, 2.1141e+01, 4.2224e-01, 
 2DIAGNOSTIC,    34, -3.418995243652e-01, 8.947845825912e-07, 2.1508e+01, 3.6608e-01, 
 2DIAGNOSTIC,    35, -3.418999477685e-01, 8.905451319985e-07, 2.1877e+01, 3.6930e-01, 
 2DIAGNOSTIC,    36, -3.419009789943e-01, 9.054593623423e-07, 2.2353e+01, 4.7617e-01, 
 2DIAGNOSTIC,    37, -3.419010066078e-01, 9.193814801134e-07, 2.2721e+01, 3.6794e-01, 
 2DIAGNOSTIC,    38, -3.419007728283e-01, 9.067588858901e-07, 2.3200e+01, 4.7890e-01, 
 2DIAGNOSTIC,    39, -3.419011842706e-01, 9.043865064756e-07, 2.3566e+01, 3.6644e-01, 
 2DIAGNOSTIC,    40, -3.419011741466e-01, 8.907816952709e-07, 2.3986e+01, 4.1979e-01, 
 2DIAGNOSTIC,    41, -3.419010958879e-01, 8.602037276477e-07, 2.4407e+01, 4.2146e-01, 
 2DIAGNOSTIC,    42, -3.419001592932e-01, 8.112238541226e-07, 2.4777e+01, 3.6995e-01, 
 2DIAGNOSTIC,    43, -3.419004824832e-01, 7.662720380788e-07, 2.5146e+01, 3.6857e-01, 
 2DIAGNOSTIC,    44, -3.419021516743e-01, 7.479676334202e-07, 2.5793e+01, 6.4653e-01, 
 2DIAGNOSTIC,    45, -3.419022386378e-01, 7.357895196528e-07, 2.6218e+01, 4.2555e-01, 
 2DIAGNOSTIC,    46, -3.419018850036e-01, 7.341782046824e-07, 2.6704e+01, 4.8546e-01, 
 2DIAGNOSTIC,    47, -3.419016759556e-01, 7.264879121234e-07, 2.7121e+01, 4.1734e-01, 
 2DIAGNOSTIC,    48, -3.419014749511e-01, 7.065137911724e-07, 2.7489e+01, 3.6771e-01, 
 2DIAGNOSTIC,    49, -3.419013058088e-01, 6.864511590161e-07, 2.7856e+01, 3.6762e-01, 
 2DIAGNOSTIC,    50, -3.419011425650e-01, 6.605504397385e-07, 2.8281e+01, 4.2457e-01, 
 2DIAGNOSTIC,    51, -3.419011863460e-01, 6.338074560672e-07, 2.8650e+01, 3.6898e-01, 
 2DIAGNOSTIC,    52, -3.419010498669e-01, 5.901622304773e-07, 2.9074e+01, 4.2390e-01, 
 2DIAGNOSTIC,    53, -3.419009065029e-01, 5.523326343689e-07, 2.9498e+01, 4.2401e-01, 
 2DIAGNOSTIC,    54, -3.419007399032e-01, 5.435862707841e-07, 2.9921e+01, 4.2298e-01, 
 2DIAGNOSTIC,    55, -3.419006129458e-01, 5.390485252610e-07, 3.0348e+01, 4.2757e-01, 
 2DIAGNOSTIC,    56, -3.419005246531e-01, 5.318969243315e-07, 3.0718e+01, 3.6929e-01, 
 2DIAGNOSTIC,    57, -3.419011031243e-01, 5.338855230408e-07, 3.1083e+01, 3.6555e-01, 
 2DIAGNOSTIC,    58, -3.419016212469e-01, 5.424953995886e-07, 3.1500e+01, 4.1720e-01, 
 2DIAGNOSTIC,    59, -3.419018551506e-01, 5.522630493367e-07, 3.1927e+01, 4.2670e-01, 
 2DIAGNOSTIC,    60, -3.419015212681e-01, 5.536515515596e-07, 3.2347e+01, 4.1986e-01, 
 2DIAGNOSTIC,    61, -3.419010991654e-01, 5.478530947407e-07, 3.2773e+01, 4.2581e-01, 
 2DIAGNOSTIC,    62, -3.419006182348e-01, 5.314323673622e-07, 3.3375e+01, 6.0277e-01, 
 2DIAGNOSTIC,    63, -3.419004372765e-01, 5.093962230709e-07, 3.3802e+01, 4.2661e-01, 
DIAGNOSTIC,Iteration,metricValue,convergenceValue,ITERATION_TIME_INDEX,SINCE_LAST
 2DIAGNOSTIC,     1, -2.904807291478e-01, 1.797693134862e+308, 4.1635e+01, 7.8331e+00, 
 2DIAGNOSTIC,     2, -2.905169636468e-01, 1.797693134862e+308, 4.3939e+01, 2.3043e+00, 
 2DIAGNOSTIC,     3, -2.905435845886e-01, 1.797693134862e+308, 4.6185e+01, 2.2459e+00, 
 2DIAGNOSTIC,     4, -2.905592035315e-01, 1.797693134862e+308, 4.8763e+01, 2.5775e+00, 
 2DIAGNOSTIC,     5, -2.905605850791e-01, 1.797693134862e+308, 5.0770e+01, 2.0077e+00, 
 2DIAGNOSTIC,     6, -2.905579870597e-01, 1.797693134862e+308, 5.3607e+01, 2.8367e+00, 
 2DIAGNOSTIC,     7, -2.905575416402e-01, 1.797693134862e+308, 5.6319e+01, 2.7119e+00, 
 2DIAGNOSTIC,     8, -2.905572517143e-01, 1.797693134862e+308, 5.8557e+01, 2.2378e+00, 
 2DIAGNOSTIC,     9, -2.905574131649e-01, 1.797693134862e+308, 6.0804e+01, 2.2474e+00, 
 2DIAGNOSTIC,    10, -2.905573167557e-01, 1.495022112175e-05, 6.3052e+01, 2.2478e+00, 
 2DIAGNOSTIC,    11, -2.905575097383e-01, 7.307549880167e-06, 6.5305e+01, 2.2531e+00, 
 2DIAGNOSTIC,    12, -2.905574199531e-01, 3.445272686572e-06, 6.7581e+01, 2.2755e+00, 
 2DIAGNOSTIC,    13, -2.905572877078e-01, 2.063695214646e-06, 7.0147e+01, 2.5658e+00, 
 2DIAGNOSTIC,    14, -2.905574182851e-01, 2.009587193263e-06, 7.3252e+01, 3.1056e+00, 
 2DIAGNOSTIC,    15, -2.905574137617e-01, 2.080245057864e-06, 7.5271e+01, 2.0189e+00, 
 2DIAGNOSTIC,    16, -2.905572399529e-01, 1.976867643042e-06, 7.7543e+01, 2.2723e+00, 
 2DIAGNOSTIC,    17, -2.905572178473e-01, 1.860771382159e-06, 7.9848e+01, 2.3047e+00, 
 2DIAGNOSTIC,    18, -2.905571781783e-01, 1.740514616357e-06, 8.2145e+01, 2.2973e+00, 
 2DIAGNOSTIC,    19, -2.905571835336e-01, 1.643981500439e-06, 8.4943e+01, 2.7982e+00, 
 2DIAGNOSTIC,    20, -2.905571550256e-01, 1.553338606131e-06, 8.7164e+01, 2.2203e+00, 
 2DIAGNOSTIC,    21, -2.905571192979e-01, 1.482415071995e-06, 8.9391e+01, 2.2274e+00, 
 2DIAGNOSTIC,    22, -2.905571100888e-01, 1.416882091140e-06, 9.1396e+01, 2.0047e+00, 
 2DIAGNOSTIC,    23, -2.905570722337e-01, 1.352253724260e-06, 9.3395e+01, 1.9993e+00, 
 2DIAGNOSTIC,    24, -2.905570413154e-01, 1.299889090492e-06, 9.5389e+01, 1.9935e+00, 
 2DIAGNOSTIC,    25, -2.905571285850e-01, 1.257543556163e-06, 9.7953e+01, 2.5640e+00, 
 2DIAGNOSTIC,    26, -2.905570860489e-01, 1.211621187158e-06, 1.0023e+02, 2.2745e+00, 
 2DIAGNOSTIC,    27, -2.905570810894e-01, 1.169343091190e-06, 1.0223e+02, 2.0012e+00, 
 2DIAGNOSTIC,    28, -2.905570730783e-01, 1.129277765591e-06, 1.0477e+02, 2.5423e+00, 
 2DIAGNOSTIC,    29, -2.905571112256e-01, 1.094087421993e-06, 1.0677e+02, 2.0031e+00, 
 2DIAGNOSTIC,    30, -2.905570352916e-01, 1.058034034052e-06, 1.0905e+02, 2.2719e+00, 
 2DIAGNOSTIC,    31, -2.905570012331e-01, 1.022393289557e-06, 1.1104e+02, 1.9980e+00, 
 2DIAGNOSTIC,    32, -2.905570053234e-01, 9.892731804295e-07, 1.1295e+02, 1.9046e+00, 
 2DIAGNOSTIC,    33, -2.905570765325e-01, 9.595890802516e-07, 1.1503e+02, 2.0821e+00, 
 2DIAGNOSTIC,    34, -2.905570593815e-01, 9.305104947364e-07, 1.1742e+02, 2.3924e+00, 
 2DIAGNOSTIC,    35, -2.905570115911e-01, 9.047839961800e-07, 1.1934e+02, 1.9141e+00, 
 2DIAGNOSTIC,    36, -2.905570577198e-01, 8.810766180672e-07, 1.2123e+02, 1.8903e+00, 
 2DIAGNOSTIC,    37, -2.905571894345e-01, 8.621660411538e-07, 1.2343e+02, 2.2070e+00, 
 2DIAGNOSTIC,    38, -2.905571782693e-01, 8.433274636295e-07, 1.2570e+02, 2.2625e+00, 
 2DIAGNOSTIC,    39, -2.905571517078e-01, 8.252709654960e-07, 1.2792e+02, 2.2263e+00, 
 2DIAGNOSTIC,    40, -2.905571374462e-01, 8.051322209109e-07, 1.3017e+02, 2.2492e+00, 
 2DIAGNOSTIC,    41, -2.905571958933e-01, 7.855978747806e-07, 1.3320e+02, 3.0289e+00, 
 2DIAGNOSTIC,    42, -2.905571554908e-01, 7.650399046766e-07, 1.3598e+02, 2.7744e+00, 
 2DIAGNOSTIC,    43, -2.905571593172e-01, 7.464613483860e-07, 1.3822e+02, 2.2405e+00, 
 2DIAGNOSTIC,    44, -2.905571385900e-01, 7.273564801152e-07, 1.4068e+02, 2.4608e+00, 
 2DIAGNOSTIC,    45, -2.905571131204e-01, 7.070917738029e-07, 1.4261e+02, 1.9349e+00, 
 2DIAGNOSTIC,    46, -2.905570171924e-01, 6.865328605297e-07, 1.4457e+02, 1.9615e+00, 
 2DIAGNOSTIC,    47, -2.905570215816e-01, 6.702075736643e-07, 1.4652e+02, 1.9480e+00, 
 2DIAGNOSTIC,    48, -2.905570526903e-01, 6.556017855819e-07, 1.4874e+02, 2.2216e+00, 
 2DIAGNOSTIC,    49, -2.905570137375e-01, 6.409354573328e-07, 1.5069e+02, 1.9477e+00, 
 2DIAGNOSTIC,    50, -2.905570002087e-01, 6.271095686558e-07, 1.5264e+02, 1.9514e+00, 
 2DIAGNOSTIC,    51, -2.905570186161e-01, 6.162293173240e-07, 1.5513e+02, 2.4842e+00, 
 2DIAGNOSTIC,    52, -2.905570260735e-01, 6.058309721529e-07, 1.5734e+02, 2.2101e+00, 
 2DIAGNOSTIC,    53, -2.905569542455e-01, 5.951017938155e-07, 1.5956e+02, 2.2259e+00, 
 2DIAGNOSTIC,    54, -2.905569852272e-01, 5.854929214441e-07, 1.6151e+02, 1.9455e+00, 
 2DIAGNOSTIC,    55, -2.905569704239e-01, 5.758967776930e-07, 1.6344e+02, 1.9276e+00, 
 2DIAGNOSTIC,    56, -2.905569699507e-01, 5.651784400762e-07, 1.6565e+02, 2.2185e+00, 
 2DIAGNOSTIC,    57, -2.905570090392e-01, 5.558370797243e-07, 1.6762e+02, 1.9651e+00, 
 2DIAGNOSTIC,    58, -2.905569263029e-01, 5.461782362284e-07, 1.6958e+02, 1.9660e+00, 
 2DIAGNOSTIC,    59, -2.905569335558e-01, 5.365955357273e-07, 1.7150e+02, 1.9127e+00, 
 2DIAGNOSTIC,    60, -2.905570856355e-01, 5.298037889616e-07, 1.7368e+02, 2.1839e+00, 
 2DIAGNOSTIC,    61, -2.905571925323e-01, 5.251785723630e-07, 1.7589e+02, 2.2089e+00, 
 2DIAGNOSTIC,    62, -2.905571541831e-01, 5.198707143800e-07, 1.7857e+02, 2.6790e+00, 
 2DIAGNOSTIC,    63, -2.905570874559e-01, 5.120029468383e-07, 1.8065e+02, 2.0793e+00, 
 2DIAGNOSTIC,    64, -2.905570328864e-01, 5.033978577630e-07, 1.8244e+02, 1.7931e+00, 
  Elapsed time (stage 0): 1.8365e+02


Stage 1
  iterations = 1000x500x250x100
  convergence threshold = 4.0000e-07
  convergence window size = 10
  number of levels = 4
  using the Mattes MI metric (number of bins = 32, weight = 1.0000e+00)
  Shrink factors (level 1 out of 4): [7, 8, 8]
  Shrink factors (level 2 out of 4): [3, 4, 4]
  Shrink factors (level 3 out of 4): [2, 2, 2]
  Shrink factors (level 4 out of 4): [1, 1, 1]
  smoothing sigmas per level: [3, 2, 1, 0]
  regular sampling (percentage = 2.5000e-01)

*** Running AffineTransform registration ***

DIAGNOSTIC,Iteration,metricValue,convergenceValue,ITERATION_TIME_INDEX,SINCE_LAST
 2DIAGNOSTIC,     1, -4.995511563667e-01, 1.797693134862e+308, 6.8780e-01, 6.8780e-01, 
 2DIAGNOSTIC,     2, -5.007204876339e-01, 1.797693134862e+308, 6.9634e-01, 8.5359e-03, 
 2DIAGNOSTIC,     3, -5.024653412972e-01, 1.797693134862e+308, 7.0442e-01, 8.0881e-03, 
 2DIAGNOSTIC,     4, -5.056140700004e-01, 1.797693134862e+308, 7.1248e-01, 8.0521e-03, 
 2DIAGNOSTIC,     5, -5.102552016063e-01, 1.797693134862e+308, 7.2054e-01, 8.0640e-03, 
 2DIAGNOSTIC,     6, -5.152647101855e-01, 1.797693134862e+308, 7.2890e-01, 8.3561e-03, 
 2DIAGNOSTIC,     7, -5.276690759461e-01, 1.797693134862e+308, 7.3836e-01, 9.4631e-03, 
 2DIAGNOSTIC,     8, -5.445185976752e-01, 1.797693134862e+308, 7.5365e-01, 1.5295e-02, 
 2DIAGNOSTIC,     9, -5.449630202638e-01, 1.797693134862e+308, 7.6213e-01, 8.4710e-03, 
 2DIAGNOSTIC,    10, -5.460629095651e-01, 6.883492947146e-03, 7.7053e-01, 8.4031e-03, 
 2DIAGNOSTIC,    11, -5.477645655365e-01, 6.474037422989e-03, 7.7944e-01, 8.9159e-03, 
 2DIAGNOSTIC,    12, -5.496111178611e-01, 5.680980636741e-03, 7.8801e-01, 8.5628e-03, 
 2DIAGNOSTIC,    13, -5.503704615698e-01, 4.595525798959e-03, 7.9659e-01, 8.5821e-03, 
 2DIAGNOSTIC,    14, -5.502978909835e-01, 3.377248747492e-03, 8.0519e-01, 8.6000e-03, 
 2DIAGNOSTIC,    15, -5.509880813658e-01, 2.221551563895e-03, 8.1990e-01, 1.4714e-02, 
 2DIAGNOSTIC,    16, -5.512440659797e-01, 1.182341834438e-03, 8.2976e-01, 9.8529e-03, 
 2DIAGNOSTIC,    17, -5.514469732712e-01, 5.415856432107e-04, 8.3809e-01, 8.3320e-03, 
 2DIAGNOSTIC,    18, -5.515305599798e-01, 4.264918255375e-04, 8.4780e-01, 9.7089e-03, 
 2DIAGNOSTIC,    19, -5.516549946557e-01, 3.010777842055e-04, 8.5751e-01, 9.7101e-03, 
 2DIAGNOSTIC,    20, -5.517633693290e-01, 1.922167404102e-04, 8.6710e-01, 9.5940e-03, 
 2DIAGNOSTIC,    21, -5.517309144146e-01, 1.171143857272e-04, 8.7562e-01, 8.5192e-03, 
 2DIAGNOSTIC,    22, -5.517853540544e-01, 8.372926904822e-05, 8.8535e-01, 9.7311e-03, 
 2DIAGNOSTIC,    23, -5.516694611683e-01, 6.070766728460e-05, 8.9529e-01, 9.9339e-03, 
 2DIAGNOSTIC,    24, -5.516296179659e-01, 3.134622939490e-05, 9.0407e-01, 8.7800e-03, 
 2DIAGNOSTIC,    25, -5.518289338252e-01, 2.024946344171e-05, 9.1857e-01, 1.4503e-02, 
 2DIAGNOSTIC,    26, -5.518757024171e-01, 1.416479841557e-05, 9.2829e-01, 9.7241e-03, 
 2DIAGNOSTIC,    27, -5.518650974446e-01, 1.109624701480e-05, 9.3820e-01, 9.9101e-03, 
 2DIAGNOSTIC,    28, -5.518706680624e-01, 9.056238701954e-06, 9.4770e-01, 9.4979e-03, 
 2DIAGNOSTIC,    29, -5.518473202763e-01, 8.216063698711e-06, 9.5674e-01, 9.0401e-03, 
 2DIAGNOSTIC,    30, -5.518668117679e-01, 8.948010417446e-06, 9.6652e-01, 9.7790e-03, 
 2DIAGNOSTIC,    31, -5.519006400992e-01, 8.811734136180e-06, 9.7554e-01, 9.0160e-03, 
 2DIAGNOSTIC,    32, -5.518422442554e-01, 7.965374472209e-06, 9.8574e-01, 1.0200e-02, 
 2DIAGNOSTIC,    33, -5.518774886212e-01, 5.337178602148e-06, 9.9423e-01, 8.4991e-03, 
 2DIAGNOSTIC,    34, -5.518858418802e-01, 1.872106013566e-06, 1.0029e+00, 8.6710e-03, 
 2DIAGNOSTIC,    35, -5.519587644593e-01, 2.559833532343e-06, 1.0115e+00, 8.5461e-03, 
 2DIAGNOSTIC,    36, -5.519809938122e-01, 4.030384085259e-06, 1.0201e+00, 8.6930e-03, 
 2DIAGNOSTIC,    37, -5.520477087810e-01, 5.929992649586e-06, 1.0295e+00, 9.3880e-03, 
 2DIAGNOSTIC,    38, -5.522031559799e-01, 9.472240905143e-06, 1.0405e+00, 1.0963e-02, 
 2DIAGNOSTIC,    39, -5.521707976671e-01, 1.119527513810e-05, 1.0502e+00, 9.7439e-03, 
 2DIAGNOSTIC,    40, -5.521939205205e-01, 1.241841087973e-05, 1.0631e+00, 1.2856e-02, 
 2DIAGNOSTIC,    41, -5.521870594675e-01, 1.285311875058e-05, 1.0745e+00, 1.1437e-02, 
 2DIAGNOSTIC,    42, -5.520983313090e-01, 1.026550612127e-05, 1.0837e+00, 9.1281e-03, 
 2DIAGNOSTIC,    43, -5.520741752048e-01, 7.040868881571e-06, 1.0934e+00, 9.7198e-03, 
 2DIAGNOSTIC,    44, -5.520680725929e-01, 3.374473201635e-06, 1.1025e+00, 9.1689e-03, 
 2DIAGNOSTIC,    45, -5.520758071132e-01, 5.667415705762e-07, 1.1123e+00, 9.7940e-03, 
DIAGNOSTIC,Iteration,metricValue,convergenceValue,ITERATION_TIME_INDEX,SINCE_LAST
 2DIAGNOSTIC,     1, -4.724288017621e-01, 1.797693134862e+308, 2.0178e+00, 9.0547e-01, 
 2DIAGNOSTIC,     2, -4.730151141657e-01, 1.797693134862e+308, 2.0998e+00, 8.2024e-02, 
 2DIAGNOSTIC,     3, -4.736523817876e-01, 1.797693134862e+308, 2.1809e+00, 8.1080e-02, 
 2DIAGNOSTIC,     4, -4.743122363464e-01, 1.797693134862e+308, 2.2636e+00, 8.2685e-02, 
 2DIAGNOSTIC,     5, -4.750908276527e-01, 1.797693134862e+308, 2.3589e+00, 9.5274e-02, 
 2DIAGNOSTIC,     6, -4.762207961112e-01, 1.797693134862e+308, 2.4994e+00, 1.4051e-01, 
 2DIAGNOSTIC,     7, -4.762420300834e-01, 1.797693134862e+308, 2.6380e+00, 1.3867e-01, 
 2DIAGNOSTIC,     8, -4.762425310805e-01, 1.797693134862e+308, 2.7276e+00, 8.9527e-02, 
 2DIAGNOSTIC,     9, -4.762431350634e-01, 1.797693134862e+308, 2.8169e+00, 8.9329e-02, 
 2DIAGNOSTIC,    10, -4.762402072688e-01, 5.738929605414e-04, 2.9043e+00, 8.7417e-02, 
 2DIAGNOSTIC,    11, -4.762387725588e-01, 4.043223370505e-04, 2.9921e+00, 8.7769e-02, 
 2DIAGNOSTIC,    12, -4.762363038125e-01, 2.560804789799e-04, 3.0705e+00, 7.8433e-02, 
 2DIAGNOSTIC,    13, -4.762368054791e-01, 1.375569095228e-04, 3.1730e+00, 1.0251e-01, 
 2DIAGNOSTIC,    14, -4.762378709130e-01, 5.159504066707e-05, 3.2999e+00, 1.2690e-01, 
 2DIAGNOSTIC,    15, -4.762381660346e-01, 2.375156880202e-06, 3.3907e+00, 9.0795e-02, 
 2DIAGNOSTIC,    16, -4.762373198864e-01, 1.460320810054e-06, 3.4703e+00, 7.9614e-02, 
 2DIAGNOSTIC,    17, -4.762367244967e-01, 1.429070293199e-06, 3.5574e+00, 8.7045e-02, 
 2DIAGNOSTIC,    18, -4.762361010944e-01, 1.436099664576e-06, 3.6381e+00, 8.0734e-02, 
 2DIAGNOSTIC,    19, -4.762320333058e-01, 1.364440795890e-06, 3.7265e+00, 8.8410e-02, 
 2DIAGNOSTIC,    20, -4.762323422174e-01, 1.254080416430e-06, 3.8035e+00, 7.6966e-02, 
 2DIAGNOSTIC,    21, -4.762319167226e-01, 1.134032729985e-06, 3.8913e+00, 8.7836e-02, 
 2DIAGNOSTIC,    22, -4.762312162054e-01, 9.737040714622e-07, 3.9692e+00, 7.7838e-02, 
 2DIAGNOSTIC,    23, -4.762317849817e-01, 8.996679037934e-07, 4.0578e+00, 8.8678e-02, 
 2DIAGNOSTIC,    24, -4.762330580846e-01, 9.357226210122e-07, 4.1349e+00, 7.7016e-02, 
 2DIAGNOSTIC,    25, -4.762319532091e-01, 9.857348617151e-07, 4.2116e+00, 7.6710e-02, 
 2DIAGNOSTIC,    26, -4.762313225718e-01, 1.025237216408e-06, 4.3020e+00, 9.0427e-02, 
 2DIAGNOSTIC,    27, -4.762330183682e-01, 1.105177709328e-06, 4.4159e+00, 1.1387e-01, 
 2DIAGNOSTIC,    28, -4.762326550808e-01, 1.165933010555e-06, 4.5061e+00, 9.0197e-02, 
 2DIAGNOSTIC,    29, -4.762316623427e-01, 1.115040024070e-06, 4.5997e+00, 9.3602e-02, 
 2DIAGNOSTIC,    30, -4.762309481796e-01, 1.059464595499e-06, 4.6749e+00, 7.5224e-02, 
 2DIAGNOSTIC,    31, -4.762317965624e-01, 1.016925749650e-06, 4.7513e+00, 7.6423e-02, 
 2DIAGNOSTIC,    32, -4.762328389221e-01, 9.826485089515e-07, 4.8258e+00, 7.4468e-02, 
 2DIAGNOSTIC,    33, -4.762345407666e-01, 9.911150916572e-07, 4.9007e+00, 7.4957e-02, 
 2DIAGNOSTIC,    34, -4.762334971781e-01, 1.001492055955e-06, 4.9820e+00, 8.1239e-02, 
 2DIAGNOSTIC,    35, -4.762337989180e-01, 9.932977572680e-07, 5.0702e+00, 8.8199e-02, 
 2DIAGNOSTIC,    36, -4.762356536885e-01, 9.966033806055e-07, 5.1581e+00, 8.7907e-02, 
 2DIAGNOSTIC,    37, -4.762358887665e-01, 1.018480980382e-06, 5.2602e+00, 1.0216e-01, 
 2DIAGNOSTIC,    38, -4.762342940638e-01, 9.937768003371e-07, 5.3864e+00, 1.2614e-01, 
 2DIAGNOSTIC,    39, -4.762346119612e-01, 9.472198970011e-07, 5.4784e+00, 9.2043e-02, 
 2DIAGNOSTIC,    40, -4.762339551190e-01, 8.697806251588e-07, 5.5696e+00, 9.1184e-02, 
 2DIAGNOSTIC,    41, -4.762333706276e-01, 7.919846676183e-07, 5.6752e+00, 1.0560e-01, 
 2DIAGNOSTIC,    42, -4.762325875093e-01, 7.194154588996e-07, 5.7673e+00, 9.2061e-02, 
 2DIAGNOSTIC,    43, -4.762309146889e-01, 6.555959088279e-07, 5.8465e+00, 7.9219e-02, 
 2DIAGNOSTIC,    44, -4.762301021943e-01, 5.782511514098e-07, 5.9248e+00, 7.8266e-02, 
 2DIAGNOSTIC,    45, -4.762304817130e-01, 5.262850791207e-07, 6.0012e+00, 7.6439e-02, 
 2DIAGNOSTIC,    46, -4.762311225401e-01, 5.256026094254e-07, 6.0908e+00, 8.9626e-02, 
 2DIAGNOSTIC,    47, -4.762306178298e-01, 5.378719381034e-07, 6.1691e+00, 7.8318e-02, 
 2DIAGNOSTIC,    48, -4.762303961521e-01, 5.408247117020e-07, 6.2605e+00, 9.1340e-02, 
 2DIAGNOSTIC,    49, -4.762313873134e-01, 5.716664161354e-07, 6.3401e+00, 7.9674e-02, 
 2DIAGNOSTIC,    50, -4.762320602030e-01, 6.081531806132e-07, 6.4435e+00, 1.0335e-01, 
 2DIAGNOSTIC,    51, -4.762318933224e-01, 6.367559496762e-07, 6.5369e+00, 9.3443e-02, 
 2DIAGNOSTIC,    52, -4.762325576799e-01, 6.625972677060e-07, 6.6191e+00, 8.2141e-02, 
 2DIAGNOSTIC,    53, -4.762286959956e-01, 6.206025304281e-07, 6.7108e+00, 9.1716e-02, 
 2DIAGNOSTIC,    54, -4.762267045388e-01, 5.481798919585e-07, 6.8037e+00, 9.2870e-02, 
 2DIAGNOSTIC,    55, -4.762258150862e-01, 4.765803928823e-07, 6.8974e+00, 9.3777e-02, 
 2DIAGNOSTIC,    56, -4.762238600339e-01, 4.029509335750e-07, 7.0017e+00, 1.0421e-01, 
DIAGNOSTIC,Iteration,metricValue,convergenceValue,ITERATION_TIME_INDEX,SINCE_LAST
 2DIAGNOSTIC,     1, -3.856087732578e-01, 1.797693134862e+308, 8.9028e+00, 1.9012e+00, 
 2DIAGNOSTIC,     2, -3.856220847043e-01, 1.797693134862e+308, 9.5302e+00, 6.2734e-01, 
 2DIAGNOSTIC,     3, -3.856189485078e-01, 1.797693134862e+308, 1.0210e+01, 6.8011e-01, 
 2DIAGNOSTIC,     4, -3.856175525334e-01, 1.797693134862e+308, 1.0662e+01, 4.5160e-01, 
 2DIAGNOSTIC,     5, -3.856172792444e-01, 1.797693134862e+308, 1.1171e+01, 5.0904e-01, 
 2DIAGNOSTIC,     6, -3.856167243360e-01, 1.797693134862e+308, 1.1683e+01, 5.1222e-01, 
 2DIAGNOSTIC,     7, -3.856167200323e-01, 1.797693134862e+308, 1.2305e+01, 6.2187e-01, 
 2DIAGNOSTIC,     8, -3.856164725442e-01, 1.797693134862e+308, 1.2883e+01, 5.7826e-01, 
 2DIAGNOSTIC,     9, -3.856162905607e-01, 1.797693134862e+308, 1.3333e+01, 4.4964e-01, 
 2DIAGNOSTIC,    10, -3.856159001086e-01, 3.169682156287e-06, 1.3734e+01, 4.0127e-01, 
 2DIAGNOSTIC,    11, -3.856158785753e-01, 2.212914225252e-06, 1.4136e+01, 4.0163e-01, 
 2DIAGNOSTIC,    12, -3.856160358964e-01, 2.307691927758e-06, 1.4593e+01, 4.5686e-01, 
 2DIAGNOSTIC,    13, -3.856158887519e-01, 2.233938836971e-06, 1.4995e+01, 4.0256e-01, 
 2DIAGNOSTIC,    14, -3.856156781016e-01, 2.106133457691e-06, 1.5443e+01, 4.4799e-01, 
 2DIAGNOSTIC,    15, -3.856154521961e-01, 1.987273260451e-06, 1.5901e+01, 4.5738e-01, 
 2DIAGNOSTIC,    16, -3.856148118139e-01, 1.840302126827e-06, 1.6360e+01, 4.5987e-01, 
 2DIAGNOSTIC,    17, -3.856144148452e-01, 1.707209481082e-06, 1.6812e+01, 4.5130e-01, 
 2DIAGNOSTIC,    18, -3.856145698823e-01, 1.600380170476e-06, 1.7266e+01, 4.5414e-01, 
 2DIAGNOSTIC,    19, -3.856141448546e-01, 1.496663830536e-06, 1.7723e+01, 4.5732e-01, 
 2DIAGNOSTIC,    20, -3.856140884282e-01, 1.403889475941e-06, 1.8125e+01, 4.0175e-01, 
 2DIAGNOSTIC,    21, -3.856140765561e-01, 1.336247277564e-06, 1.8517e+01, 3.9251e-01, 
 2DIAGNOSTIC,    22, -3.856144629066e-01, 1.309609035674e-06, 1.8969e+01, 4.5148e-01, 
 2DIAGNOSTIC,    23, -3.856143259848e-01, 1.288335115306e-06, 1.9421e+01, 4.5178e-01, 
 2DIAGNOSTIC,    24, -3.856144472644e-01, 1.275195364969e-06, 1.9867e+01, 4.4649e-01, 
 2DIAGNOSTIC,    25, -3.856145298480e-01, 1.264182753959e-06, 2.0313e+01, 4.4575e-01, 
 2DIAGNOSTIC,    26, -3.856143257287e-01, 1.230911221742e-06, 2.0835e+01, 5.2172e-01, 
 2DIAGNOSTIC,    27, -3.856139445188e-01, 1.177951619184e-06, 2.1342e+01, 5.0718e-01, 
 2DIAGNOSTIC,    28, -3.856138854781e-01, 1.131885714753e-06, 2.1790e+01, 4.4798e-01, 
 2DIAGNOSTIC,    29, -3.856137652721e-01, 1.075527055396e-06, 2.2186e+01, 3.9586e-01, 
 2DIAGNOSTIC,    30, -3.856136765541e-01, 1.021335573712e-06, 2.2649e+01, 4.6355e-01, 
 2DIAGNOSTIC,    31, -3.856135930740e-01, 9.719202228031e-07, 2.3042e+01, 3.9296e-01, 
 2DIAGNOSTIC,    32, -3.856134018749e-01, 9.355356889312e-07, 2.3500e+01, 4.5806e-01, 
 2DIAGNOSTIC,    33, -3.856135168660e-01, 9.064189814209e-07, 2.3952e+01, 4.5186e-01, 
 2DIAGNOSTIC,    34, -3.856131849508e-01, 8.795754246477e-07, 2.4347e+01, 3.9472e-01, 
 2DIAGNOSTIC,    35, -3.856131959216e-01, 8.617748625123e-07, 2.4800e+01, 4.5322e-01, 
 2DIAGNOSTIC,    36, -3.856126335564e-01, 8.339178999735e-07, 2.5264e+01, 4.6396e-01, 
