Running T1-THOMAS on sub-10
INFO:    Mounting image with FUSE.
Some packages in this Docker container are non-free
If you are considering commercial use of this container, please consult the relevant license:
https://fsl.fmrib.ox.ac.uk/fsl/fslwiki/Licence
THOMAS_HOME setting of /opt/thomas_new
Linux OS detected
File name OK
Running left and right thalamus MV big
All_Command_lines_OK
Using double precision for computations.
=============================================================================
The composite transform comprises the following transforms (in order): 
  1. Center of mass alignment using fixed image: sub-10_desc-preproc_T1w.nii.gz and moving image: /opt/thomas_new/origtemplate.nii.gz (type = Euler3DTransform)
=============================================================================
  number of levels = 4
  number of levels = 4
  fixed image: sub-10_desc-preproc_T1w.nii.gz
  moving image: /opt/thomas_new/origtemplate.nii.gz
  fixed image: sub-10_desc-preproc_T1w.nii.gz
  moving image: /opt/thomas_new/origtemplate.nii.gz
Dimension = 3
Number of stages = 2
Use Histogram Matching false
Winsorize image intensities false
Lower quantile = 0
Upper quantile = 1
Stage 1 State
   Image metric = Mattes
     Fixed image = Image (0x45aa960)
  RTTI typeinfo:   itk::Image<double, 3u>
  Reference Count: 2
  Modified Time: 1696
  Debug: Off
  Object Name: 
  Observers: 
    none
  Source: (none)
  Source output name: (none)
  Release Data: Off
  Data Released: False
  Global Release Data: Off
  PipelineMTime: 0
  UpdateMTime: 1479
  RealTimeStamp: 0 seconds 
  LargestPossibleRegion: 
    Dimension: 3
    Index: [0, 0, 0]
    Size: [150, 480, 480]
  BufferedRegion: 
    Dimension: 3
    Index: [0, 0, 0]
    Size: [150, 480, 480]
  RequestedRegion: 
    Dimension: 3
    Index: [0, 0, 0]
    Size: [150, 480, 480]
  Spacing: [0.999995, 0.5, 0.5]
  Origin: [74.3532, 118.213, -121.173]
  Direction: 
-0.99999 0.00444937 0.000956433
-0.0044361 -0.9999 0.013455
0.0010162 0.0134506 0.999909

  IndexToPointMatrix: 
-0.999985 0.00222468 0.000478217
-0.00443608 -0.49995 0.00672751
0.0010162 0.00672532 0.499955

  PointToIndexMatrix: 
-0.999995 -0.00443612 0.00101621
0.00889874 -1.9998 0.0269013
0.00191287 0.02691 1.99982

  Inverse Direction: 
-0.99999 -0.0044361 0.0010162
0.00444937 -0.9999 0.0134506
0.000956433 0.013455 0.999909

  PixelContainer: 
    ImportImageContainer (0x45a3440)
      RTTI typeinfo:   itk::ImportImageContainer<unsigned long, double>
      Reference Count: 1
      Modified Time: 1476
      Debug: Off
      Object Name: 
      Observers: 
        none
      Pointer: 0x151ccaa59010
      Container manages memory: true
      Size: 34560000
      Capacity: 34560000

     Moving image = Image (0x45a4210)
  RTTI typeinfo:   itk::Image<double, 3u>
  Reference Count: 2
  Modified Time: 1697
  Debug: Off
  Object Name: 
  Observers: 
    none
  Source: (none)
  Source output name: (none)
  Release Data: Off
  Data Released: False
  Global Release Data: Off
  PipelineMTime: 0
  UpdateMTime: 1694
  RealTimeStamp: 0 seconds 
  LargestPossibleRegion: 
    Dimension: 3
    Index: [0, 0, 0]
    Size: [256, 440, 256]
  BufferedRegion: 
    Dimension: 3
    Index: [0, 0, 0]
    Size: [256, 440, 256]
  RequestedRegion: 
    Dimension: 3
    Index: [0, 0, 0]
    Size: [256, 440, 256]
  Spacing: [0.7031, 0.5, 0.7031]
  Origin: [83.5844, 59.822, -106.951]
  Direction: 
-1 0 0
0 -1 0
0 0 1

  IndexToPointMatrix: 
-0.7031 0 0
0 -0.5 0
0 0 0.7031

  PointToIndexMatrix: 
-1.42227 0 0
0 -2 0
0 0 1.42227

  Inverse Direction: 
-1 0 0
0 -1 0
0 0 1

  PixelContainer: 
    ImportImageContainer (0x45a44a0)
      RTTI typeinfo:   itk::ImportImageContainer<unsigned long, double>
      Reference Count: 1
      Modified Time: 1691
      Debug: Off
      Object Name: 
      Observers: 
        none
      Pointer: 0x151cbce58010
      Container manages memory: true
      Size: 28835840
      Capacity: 28835840

     Weighting = 1
     Sampling strategy = regular
     Number of bins = 32
     Radius = 4
     Sampling percentage  = 0.25
   Transform = Rigid
     Gradient step = 0.1
     Update field sigma (voxel space) = 0
     Total field sigma (voxel space) = 0
     Update field time sigma = 0
     Total field time sigma  = 0
     Number of time indices = 0
     Number of time point samples = 0
Stage 2 State
   Image metric = Mattes
     Fixed image = Image (0x45b6980)
  RTTI typeinfo:   itk::Image<double, 3u>
  Reference Count: 2
  Modified Time: 2128
  Debug: Off
  Object Name: 
  Observers: 
    none
  Source: (none)
  Source output name: (none)
  Release Data: Off
  Data Released: False
  Global Release Data: Off
  PipelineMTime: 0
  UpdateMTime: 1911
  RealTimeStamp: 0 seconds 
  LargestPossibleRegion: 
    Dimension: 3
    Index: [0, 0, 0]
    Size: [150, 480, 480]
  BufferedRegion: 
    Dimension: 3
    Index: [0, 0, 0]
    Size: [150, 480, 480]
  RequestedRegion: 
    Dimension: 3
    Index: [0, 0, 0]
    Size: [150, 480, 480]
  Spacing: [0.999995, 0.5, 0.5]
  Origin: [74.3532, 118.213, -121.173]
  Direction: 
-0.99999 0.00444937 0.000956433
-0.0044361 -0.9999 0.013455
0.0010162 0.0134506 0.999909

  IndexToPointMatrix: 
-0.999985 0.00222468 0.000478217
-0.00443608 -0.49995 0.00672751
0.0010162 0.00672532 0.499955

  PointToIndexMatrix: 
-0.999995 -0.00443612 0.00101621
0.00889874 -1.9998 0.0269013
0.00191287 0.02691 1.99982

  Inverse Direction: 
-0.99999 -0.0044361 0.0010162
0.00444937 -0.9999 0.0134506
0.000956433 0.013455 0.999909

  PixelContainer: 
    ImportImageContainer (0x45a2240)
      RTTI typeinfo:   itk::ImportImageContainer<unsigned long, double>
      Reference Count: 1
      Modified Time: 1908
      Debug: Off
      Object Name: 
      Observers: 
        none
      Pointer: 0x151cac6ab010
      Container manages memory: true
      Size: 34560000
      Capacity: 34560000

     Moving image = Image (0x45b8410)
  RTTI typeinfo:   itk::Image<double, 3u>
  Reference Count: 2
  Modified Time: 2129
  Debug: Off
  Object Name: 
  Observers: 
    none
  Source: (none)
  Source output name: (none)
  Release Data: Off
  Data Released: False
  Global Release Data: Off
  PipelineMTime: 0
  UpdateMTime: 2126
  RealTimeStamp: 0 seconds 
  LargestPossibleRegion: 
    Dimension: 3
    Index: [0, 0, 0]
    Size: [256, 440, 256]
  BufferedRegion: 
    Dimension: 3
    Index: [0, 0, 0]
    Size: [256, 440, 256]
  RequestedRegion: 
    Dimension: 3
    Index: [0, 0, 0]
    Size: [256, 440, 256]
  Spacing: [0.7031, 0.5, 0.7031]
  Origin: [83.5844, 59.822, -106.951]
  Direction: 
-1 0 0
0 -1 0
0 0 1

  IndexToPointMatrix: 
-0.7031 0 0
0 -0.5 0
0 0 0.7031

  PointToIndexMatrix: 
-1.42227 0 0
0 -2 0
0 0 1.42227

  Inverse Direction: 
-1 0 0
0 -1 0
0 0 1

  PixelContainer: 
    ImportImageContainer (0x45a8d50)
      RTTI typeinfo:   itk::ImportImageContainer<unsigned long, double>
      Reference Count: 1
      Modified Time: 2123
      Debug: Off
      Object Name: 
      Observers: 
        none
      Pointer: 0x151c9eaaa010
      Container manages memory: true
      Size: 28835840
      Capacity: 28835840

     Weighting = 1
     Sampling strategy = regular
     Number of bins = 32
     Radius = 4
     Sampling percentage  = 0.25
   Transform = Affine
     Gradient step = 0.1
     Update field sigma (voxel space) = 0
     Total field sigma (voxel space) = 0
     Update field time sigma = 0
     Total field time sigma  = 0
     Number of time indices = 0
     Number of time point samples = 0
Registration using 2 total stages.

Stage 0
  iterations = 1000x500x250x100
  convergence threshold = 5e-07
  convergence window size = 10
  number of levels = 4
  using the Mattes MI metric (number of bins = 32, weight = 1)
  Shrink factors (level 1 out of 4): [4, 8, 8]
  Shrink factors (level 2 out of 4): [2, 4, 4]
  Shrink factors (level 3 out of 4): [1, 2, 2]
  Shrink factors (level 4 out of 4): [1, 1, 1]
  smoothing sigmas per level: [3, 2, 1, 0]
  regular sampling (percentage = 0.25)

*** Running Euler3DTransform registration ***

DIAGNOSTIC,Iteration,metricValue,convergenceValue,ITERATION_TIME_INDEX,SINCE_LAST
 2DIAGNOSTIC,     1, -2.523409913445e-01, 1.797693134862e+308, 4.6320e-01, 4.6319e-01, 
 2DIAGNOSTIC,     2, -2.529000441520e-01, 1.797693134862e+308, 4.7020e-01, 7.0009e-03, 
 2DIAGNOSTIC,     3, -2.546294019023e-01, 1.797693134862e+308, 4.7712e-01, 6.9191e-03, 
 2DIAGNOSTIC,     4, -2.567822721999e-01, 1.797693134862e+308, 4.8398e-01, 6.8660e-03, 
 2DIAGNOSTIC,     5, -2.615163239921e-01, 1.797693134862e+308, 4.9058e-01, 6.6009e-03, 
 2DIAGNOSTIC,     6, -2.718661541423e-01, 1.797693134862e+308, 4.9752e-01, 6.9392e-03, 
 2DIAGNOSTIC,     7, -2.887215104114e-01, 1.797693134862e+308, 5.0468e-01, 7.1599e-03, 
 2DIAGNOSTIC,     8, -3.120681685153e-01, 1.797693134862e+308, 5.1163e-01, 6.9442e-03, 
 2DIAGNOSTIC,     9, -3.512388719337e-01, 1.797693134862e+308, 5.1852e-01, 6.8970e-03, 
 2DIAGNOSTIC,    10, -4.083145411714e-01, 2.918481597989e-02, 5.2957e-01, 1.1047e-02, 
 2DIAGNOSTIC,    11, -4.673125106128e-01, 3.714136242527e-02, 5.4033e-01, 1.0760e-02, 
 2DIAGNOSTIC,    12, -4.688283815229e-01, 4.005719184465e-02, 5.4843e-01, 8.1031e-03, 
 2DIAGNOSTIC,    13, -4.705667823618e-01, 3.913606398560e-02, 5.5610e-01, 7.6640e-03, 
 2DIAGNOSTIC,    14, -4.710124069860e-01, 3.510913453160e-02, 5.6374e-01, 7.6420e-03, 
 2DIAGNOSTIC,    15, -4.710675897022e-01, 2.888098181301e-02, 5.7179e-01, 8.0500e-03, 
 2DIAGNOSTIC,    16, -4.713954239075e-01, 2.157567329392e-02, 5.7958e-01, 7.7960e-03, 
 2DIAGNOSTIC,    17, -4.714123722371e-01, 1.422616390230e-02, 5.8946e-01, 9.8801e-03, 
 2DIAGNOSTIC,    18, -4.714657055569e-01, 7.639570808018e-03, 5.9910e-01, 9.6381e-03, 
 2DIAGNOSTIC,    19, -4.714155730850e-01, 2.744395259988e-03, 6.0650e-01, 7.3950e-03, 
 2DIAGNOSTIC,    20, -4.712760170957e-01, 2.667546885077e-04, 6.1384e-01, 7.3459e-03, 
 2DIAGNOSTIC,    21, -4.711597910770e-01, 1.221365677703e-04, 6.2041e-01, 6.5670e-03, 
 2DIAGNOSTIC,    22, -4.712017871831e-01, 3.258034056214e-05, 6.2795e-01, 7.5371e-03, 
 2DIAGNOSTIC,    23, -4.712205522001e-01, 4.428762429565e-06, 6.3444e-01, 6.4940e-03, 
DIAGNOSTIC,Iteration,metricValue,convergenceValue,ITERATION_TIME_INDEX,SINCE_LAST
 2DIAGNOSTIC,     1, -3.924431113705e-01, 1.797693134862e+308, 1.2311e+00, 5.9669e-01, 
 2DIAGNOSTIC,     2, -3.925230193479e-01, 1.797693134862e+308, 1.2837e+00, 5.2551e-02, 
 2DIAGNOSTIC,     3, -3.925797410791e-01, 1.797693134862e+308, 1.3332e+00, 4.9539e-02, 
 2DIAGNOSTIC,     4, -3.928999814818e-01, 1.797693134862e+308, 1.3893e+00, 5.6077e-02, 
 2DIAGNOSTIC,     5, -3.929524160215e-01, 1.797693134862e+308, 1.4457e+00, 5.6448e-02, 
 2DIAGNOSTIC,     6, -3.929906452832e-01, 1.797693134862e+308, 1.4948e+00, 4.9051e-02, 
 2DIAGNOSTIC,     7, -3.930442752597e-01, 1.797693134862e+308, 1.5502e+00, 5.5431e-02, 
 2DIAGNOSTIC,     8, -3.930749674621e-01, 1.797693134862e+308, 1.6426e+00, 9.2390e-02, 
 2DIAGNOSTIC,     9, -3.930786267265e-01, 1.797693134862e+308, 1.7129e+00, 7.0283e-02, 
 2DIAGNOSTIC,    10, -3.930790251436e-01, 1.147852502137e-04, 1.7697e+00, 5.6793e-02, 
 2DIAGNOSTIC,    11, -3.930774635672e-01, 8.063085572142e-05, 1.8253e+00, 5.5569e-02, 
 2DIAGNOSTIC,    12, -3.930699252299e-01, 4.968666900122e-05, 1.8805e+00, 5.5274e-02, 
 2DIAGNOSTIC,    13, -3.930639532201e-01, 2.161152777769e-05, 1.9365e+00, 5.5932e-02, 
 2DIAGNOSTIC,    14, -3.930545485856e-01, 1.185251315644e-05, 1.9885e+00, 5.2014e-02, 
 2DIAGNOSTIC,    15, -3.930606984386e-01, 5.350835520848e-06, 2.0374e+00, 4.8932e-02, 
 2DIAGNOSTIC,    16, -3.930613385479e-01, 1.057919962633e-06, 2.0938e+00, 5.6341e-02, 
DIAGNOSTIC,Iteration,metricValue,convergenceValue,ITERATION_TIME_INDEX,SINCE_LAST
 2DIAGNOSTIC,     1, -3.080698811430e-01, 1.797693134862e+308, 3.6141e+00, 1.5203e+00, 
 2DIAGNOSTIC,     2, -3.081438123948e-01, 1.797693134862e+308, 3.9327e+00, 3.1865e-01, 
 2DIAGNOSTIC,     3, -3.082451997595e-01, 1.797693134862e+308, 4.2524e+00, 3.1968e-01, 
 2DIAGNOSTIC,     4, -3.083238249025e-01, 1.797693134862e+308, 4.7190e+00, 4.6664e-01, 
 2DIAGNOSTIC,     5, -3.083280534200e-01, 1.797693134862e+308, 5.0418e+00, 3.2274e-01, 
 2DIAGNOSTIC,     6, -3.083364368271e-01, 1.797693134862e+308, 5.4233e+00, 3.8153e-01, 
 2DIAGNOSTIC,     7, -3.083914175812e-01, 1.797693134862e+308, 5.7477e+00, 3.2443e-01, 
 2DIAGNOSTIC,     8, -3.084410368108e-01, 1.797693134862e+308, 6.1236e+00, 3.7587e-01, 
 2DIAGNOSTIC,     9, -3.084904728616e-01, 1.797693134862e+308, 6.4977e+00, 3.7410e-01, 
 2DIAGNOSTIC,    10, -3.085157378290e-01, 8.790523718816e-05, 6.9221e+00, 4.2437e-01, 
 2DIAGNOSTIC,    11, -3.085150438917e-01, 6.878784325326e-05, 7.2962e+00, 3.7408e-01, 
 2DIAGNOSTIC,    12, -3.085020023814e-01, 5.148073435217e-05, 7.6649e+00, 3.6873e-01, 
 2DIAGNOSTIC,    13, -3.084934492952e-01, 3.883180051849e-05, 8.2749e+00, 6.0995e-01, 
 2DIAGNOSTIC,    14, -3.084950557888e-01, 2.995692981964e-05, 8.6441e+00, 3.6928e-01, 
 2DIAGNOSTIC,    15, -3.084944766370e-01, 1.997873688883e-05, 9.0214e+00, 3.7724e-01, 
 2DIAGNOSTIC,    16, -3.084933730410e-01, 1.001218650282e-05, 9.3958e+00, 3.7444e-01, 
 2DIAGNOSTIC,    17, -3.084928600056e-01, 3.426666689753e-06, 9.7767e+00, 3.8092e-01, 
DIAGNOSTIC,Iteration,metricValue,convergenceValue,ITERATION_TIME_INDEX,SINCE_LAST
 2DIAGNOSTIC,     1, -2.518967716741e-01, 1.797693134862e+308, 1.4047e+01, 4.2698e+00, 
 2DIAGNOSTIC,     2, -2.518990997300e-01, 1.797693134862e+308, 1.6244e+01, 2.1971e+00, 
 2DIAGNOSTIC,     3, -2.518995860239e-01, 1.797693134862e+308, 1.7387e+01, 1.1429e+00, 
 2DIAGNOSTIC,     4, -2.518993559666e-01, 1.797693134862e+308, 1.8657e+01, 1.2700e+00, 
 2DIAGNOSTIC,     5, -2.518993597544e-01, 1.797693134862e+308, 1.9771e+01, 1.1146e+00, 
 2DIAGNOSTIC,     6, -2.518991259292e-01, 1.797693134862e+308, 2.1146e+01, 1.3750e+00, 
 2DIAGNOSTIC,     7, -2.518991385379e-01, 1.797693134862e+308, 2.2259e+01, 1.1127e+00, 
 2DIAGNOSTIC,     8, -2.518990910557e-01, 1.797693134862e+308, 2.3395e+01, 1.1362e+00, 
 2DIAGNOSTIC,     9, -2.518989951218e-01, 1.797693134862e+308, 2.4536e+01, 1.1410e+00, 
 2DIAGNOSTIC,    10, -2.518989468763e-01, 3.361076951924e-06, 2.5543e+01, 1.0064e+00, 
 2DIAGNOSTIC,    11, -2.518989061030e-01, 2.776046258937e-06, 2.6529e+01, 9.8650e-01, 
 2DIAGNOSTIC,    12, -2.518990542969e-01, 2.530144641910e-06, 2.7648e+01, 1.1193e+00, 
 2DIAGNOSTIC,    13, -2.518990860836e-01, 2.377798468955e-06, 2.8654e+01, 1.0052e+00, 
 2DIAGNOSTIC,    14, -2.518990199656e-01, 2.229582329580e-06, 2.9657e+01, 1.0036e+00, 
 2DIAGNOSTIC,    15, -2.518991580302e-01, 2.116592964382e-06, 3.0782e+01, 1.1252e+00, 
 2DIAGNOSTIC,    16, -2.518990958515e-01, 1.996775031834e-06, 3.1768e+01, 9.8552e-01, 
 2DIAGNOSTIC,    17, -2.518991953760e-01, 1.897653046361e-06, 3.3133e+01, 1.3650e+00, 
 2DIAGNOSTIC,    18, -2.518991628180e-01, 1.802038529224e-06, 3.4279e+01, 1.1466e+00, 
 2DIAGNOSTIC,    19, -2.518990850628e-01, 1.703239181576e-06, 3.5422e+01, 1.1427e+00, 
 2DIAGNOSTIC,    20, -2.518989425488e-01, 1.601147712187e-06, 3.6567e+01, 1.1445e+00, 
 2DIAGNOSTIC,    21, -2.518989117662e-01, 1.503825292098e-06, 3.7709e+01, 1.1424e+00, 
 2DIAGNOSTIC,    22, -2.518988418965e-01, 1.420240372134e-06, 3.9000e+01, 1.2910e+00, 
 2DIAGNOSTIC,    23, -2.518988728326e-01, 1.349515539956e-06, 4.0146e+01, 1.1460e+00, 
 2DIAGNOSTIC,    24, -2.518988374241e-01, 1.282896980016e-06, 4.1147e+01, 1.0014e+00, 
 2DIAGNOSTIC,    25, -2.518988144191e-01, 1.231041727806e-06, 4.2163e+01, 1.0155e+00, 
 2DIAGNOSTIC,    26, -2.518989252487e-01, 1.189069028261e-06, 4.3434e+01, 1.2709e+00, 
 2DIAGNOSTIC,    27, -2.518989935235e-01, 1.160240212586e-06, 4.4434e+01, 9.9998e-01, 
 2DIAGNOSTIC,    28, -2.518988029884e-01, 1.126125477501e-06, 4.5715e+01, 1.2813e+00, 
 2DIAGNOSTIC,    29, -2.518988239132e-01, 1.093527995391e-06, 4.6724e+01, 1.0084e+00, 
 2DIAGNOSTIC,    30, -2.518986704146e-01, 1.052246840653e-06, 4.7692e+01, 9.6820e-01, 
 2DIAGNOSTIC,    31, -2.518987609770e-01, 1.016616875155e-06, 4.8661e+01, 9.6890e-01, 
 2DIAGNOSTIC,    32, -2.518988638032e-01, 9.850426500729e-07, 4.9747e+01, 1.0861e+00, 
 2DIAGNOSTIC,    33, -2.518988374667e-01, 9.564312157331e-07, 5.0859e+01, 1.1120e+00, 
 2DIAGNOSTIC,    34, -2.518988006637e-01, 9.280686401152e-07, 5.1840e+01, 9.8156e-01, 
 2DIAGNOSTIC,    35, -2.518989007812e-01, 9.044982353691e-07, 5.2948e+01, 1.1076e+00, 
 2DIAGNOSTIC,    36, -2.518989434000e-01, 8.871790592620e-07, 5.4093e+01, 1.1449e+00, 
 2DIAGNOSTIC,    37, -2.518990847454e-01, 8.768672548030e-07, 5.5250e+01, 1.1575e+00, 
 2DIAGNOSTIC,    38, -2.518989892638e-01, 8.568942816457e-07, 5.6402e+01, 1.1515e+00, 
 2DIAGNOSTIC,    39, -2.518988240617e-01, 8.322513383105e-07, 5.7686e+01, 1.2844e+00, 
 2DIAGNOSTIC,    40, -2.518988491468e-01, 8.037012036062e-07, 5.8854e+01, 1.1673e+00, 
 2DIAGNOSTIC,    41, -2.518987212802e-01, 7.744421304384e-07, 6.0007e+01, 1.1536e+00, 
 2DIAGNOSTIC,    42, -2.518987438447e-01, 7.501069105541e-07, 6.1030e+01, 1.0229e+00, 
 2DIAGNOSTIC,    43, -2.518987229869e-01, 7.264356437497e-07, 6.2325e+01, 1.2951e+00, 
 2DIAGNOSTIC,    44, -2.518988502353e-01, 7.074793484732e-07, 6.3478e+01, 1.1532e+00, 
 2DIAGNOSTIC,    45, -2.518986367569e-01, 6.879051787888e-07, 6.4493e+01, 1.0151e+00, 
 2DIAGNOSTIC,    46, -2.518985954307e-01, 6.710638319335e-07, 6.5519e+01, 1.0254e+00, 
 2DIAGNOSTIC,    47, -2.518985670121e-01, 6.596568350170e-07, 6.6549e+01, 1.0298e+00, 
 2DIAGNOSTIC,    48, -2.518986172916e-01, 6.492951600615e-07, 6.7562e+01, 1.0130e+00, 
 2DIAGNOSTIC,    49, -2.518988154785e-01, 6.412715496604e-07, 6.8690e+01, 1.1281e+00, 
 2DIAGNOSTIC,    50, -2.518988459952e-01, 6.356122716072e-07, 6.9668e+01, 9.7843e-01, 
 2DIAGNOSTIC,    51, -2.518989737788e-01, 6.303423539487e-07, 7.0775e+01, 1.1068e+00, 
 2DIAGNOSTIC,    52, -2.518989511447e-01, 6.246178573983e-07, 7.1988e+01, 1.2132e+00, 
 2DIAGNOSTIC,    53, -2.518987290090e-01, 6.125784161870e-07, 7.3096e+01, 1.1080e+00, 
 2DIAGNOSTIC,    54, -2.518986349317e-01, 6.006906221913e-07, 7.4197e+01, 1.1010e+00, 
 2DIAGNOSTIC,    55, -2.518984352438e-01, 5.796349259596e-07, 7.5294e+01, 1.0968e+00, 
 2DIAGNOSTIC,    56, -2.518984900126e-01, 5.595487153100e-07, 7.6408e+01, 1.1140e+00, 
 2DIAGNOSTIC,    57, -2.518984877734e-01, 5.403100958520e-07, 7.7404e+01, 9.9551e-01, 
 2DIAGNOSTIC,    58, -2.518985558914e-01, 5.257143628548e-07, 7.8667e+01, 1.2631e+00, 
 2DIAGNOSTIC,    59, -2.518985338699e-01, 5.172137874446e-07, 7.9795e+01, 1.1282e+00, 
 2DIAGNOSTIC,    60, -2.518985655407e-01, 5.122264260596e-07, 8.0933e+01, 1.1384e+00, 
 2DIAGNOSTIC,    61, -2.518986707452e-01, 5.133677052141e-07, 8.2077e+01, 1.1434e+00, 
 2DIAGNOSTIC,    62, -2.518984438065e-01, 5.106846897099e-07, 8.3208e+01, 1.1315e+00, 
 2DIAGNOSTIC,    63, -2.518984376363e-01, 5.043774357096e-07, 8.4200e+01, 9.9184e-01, 
 2DIAGNOSTIC,    64, -2.518986353457e-01, 5.002432502850e-07, 8.5340e+01, 1.1404e+00, 
  Elapsed time (stage 0): 8.6066e+01


Stage 1
  iterations = 1000x500x250x100
  convergence threshold = 4.0000e-07
  convergence window size = 10
  number of levels = 4
  using the Mattes MI metric (number of bins = 32, weight = 1.0000e+00)
  Shrink factors (level 1 out of 4): [4, 8, 8]
  Shrink factors (level 2 out of 4): [2, 4, 4]
  Shrink factors (level 3 out of 4): [1, 2, 2]
  Shrink factors (level 4 out of 4): [1, 1, 1]
  smoothing sigmas per level: [3, 2, 1, 0]
  regular sampling (percentage = 2.5000e-01)

*** Running AffineTransform registration ***

DIAGNOSTIC,Iteration,metricValue,convergenceValue,ITERATION_TIME_INDEX,SINCE_LAST
 2DIAGNOSTIC,     1, -4.664993561011e-01, 1.797693134862e+308, 4.8637e-01, 4.8637e-01, 
 2DIAGNOSTIC,     2, -4.671741765437e-01, 1.797693134862e+308, 4.9401e-01, 7.6449e-03, 
 2DIAGNOSTIC,     3, -4.686390245213e-01, 1.797693134862e+308, 5.0199e-01, 7.9842e-03, 
 2DIAGNOSTIC,     4, -4.717455995862e-01, 1.797693134862e+308, 5.0934e-01, 7.3450e-03, 
 2DIAGNOSTIC,     5, -4.759733874693e-01, 1.797693134862e+308, 5.1660e-01, 7.2610e-03, 
 2DIAGNOSTIC,     6, -4.828290825296e-01, 1.797693134862e+308, 5.2404e-01, 7.4391e-03, 
 2DIAGNOSTIC,     7, -4.929038882641e-01, 1.797693134862e+308, 5.3498e-01, 1.0938e-02, 
 2DIAGNOSTIC,     8, -5.020177342600e-01, 1.797693134862e+308, 5.4786e-01, 1.2886e-02, 
 2DIAGNOSTIC,     9, -5.027576203237e-01, 1.797693134862e+308, 5.5525e-01, 7.3872e-03, 
 2DIAGNOSTIC,    10, -5.035561769032e-01, 6.034708056758e-03, 5.6295e-01, 7.7038e-03, 
 2DIAGNOSTIC,    11, -5.047389939275e-01, 5.521500398007e-03, 5.7087e-01, 7.9122e-03, 
 2DIAGNOSTIC,    12, -5.057398210976e-01, 4.675829252057e-03, 5.7964e-01, 8.7781e-03, 
 2DIAGNOSTIC,    13, -5.060200045797e-01, 3.616639621508e-03, 5.8825e-01, 8.6069e-03, 
 2DIAGNOSTIC,    14, -5.061726960710e-01, 2.525519537214e-03, 5.9693e-01, 8.6792e-03, 
 2DIAGNOSTIC,    15, -5.063471833335e-01, 1.527103558024e-03, 6.0655e-01, 9.6209e-03, 
 2DIAGNOSTIC,    16, -5.062147942642e-01, 7.534922418747e-04, 6.1544e-01, 8.8911e-03, 
 2DIAGNOSTIC,    17, -5.061303088238e-01, 3.347425541162e-04, 6.2575e-01, 1.0306e-02, 
 2DIAGNOSTIC,    18, -5.060323570657e-01, 2.216038324082e-04, 6.3776e-01, 1.2014e-02, 
 2DIAGNOSTIC,    19, -5.059663273340e-01, 1.208162344301e-04, 6.4762e-01, 9.8569e-03, 
 2DIAGNOSTIC,    20, -5.059723736662e-01, 4.179489405429e-05, 6.5643e-01, 8.8151e-03, 
DIAGNOSTIC,Iteration,metricValue,convergenceValue,ITERATION_TIME_INDEX,SINCE_LAST
 2DIAGNOSTIC,     1, -4.281786230353e-01, 1.797693134862e+308, 1.3013e+00, 6.4485e-01, 
 2DIAGNOSTIC,     2, -4.283217217093e-01, 1.797693134862e+308, 1.3691e+00, 6.7853e-02, 
 2DIAGNOSTIC,     3, -4.284215647206e-01, 1.797693134862e+308, 1.4264e+00, 5.7300e-02, 
 2DIAGNOSTIC,     4, -4.285493027650e-01, 1.797693134862e+308, 1.4854e+00, 5.8988e-02, 
 2DIAGNOSTIC,     5, -4.286489235722e-01, 1.797693134862e+308, 1.5428e+00, 5.7403e-02, 
 2DIAGNOSTIC,     6, -4.289335049115e-01, 1.797693134862e+308, 1.6098e+00, 6.6997e-02, 
 2DIAGNOSTIC,     7, -4.290444563145e-01, 1.797693134862e+308, 1.6773e+00, 6.7447e-02, 
 2DIAGNOSTIC,     8, -4.290870403020e-01, 1.797693134862e+308, 1.7437e+00, 6.6440e-02, 
 2DIAGNOSTIC,     9, -4.290995501192e-01, 1.797693134862e+308, 1.8094e+00, 6.5672e-02, 
 2DIAGNOSTIC,    10, -4.291168648380e-01, 1.598360597177e-04, 1.8906e+00, 8.1187e-02, 
 2DIAGNOSTIC,    11, -4.290982595138e-01, 1.229969422052e-04, 1.9726e+00, 8.2027e-02, 
 2DIAGNOSTIC,    12, -4.291062820220e-01, 8.977805986241e-05, 2.0434e+00, 7.0814e-02, 
 2DIAGNOSTIC,    13, -4.290927619556e-01, 5.825012483898e-05, 2.1120e+00, 6.8618e-02, 
 2DIAGNOSTIC,    14, -4.290808187176e-01, 3.174302990949e-05, 2.1738e+00, 6.1742e-02, 
 2DIAGNOSTIC,    15, -4.290894239572e-01, 1.059424832009e-05, 2.2557e+00, 8.1943e-02, 
 2DIAGNOSTIC,    16, -4.290836504262e-01, 2.742932798297e-06, 2.3244e+00, 6.8699e-02, 
DIAGNOSTIC,Iteration,metricValue,convergenceValue,ITERATION_TIME_INDEX,SINCE_LAST
 2DIAGNOSTIC,     1, -3.372357982951e-01, 1.797693134862e+308, 4.0493e+00, 1.7249e+00, 
 2DIAGNOSTIC,     2, -3.372473684269e-01, 1.797693134862e+308, 4.6031e+00, 5.5388e-01, 
 2DIAGNOSTIC,     3, -3.372463410784e-01, 1.797693134862e+308, 5.0374e+00, 4.3429e-01, 
 2DIAGNOSTIC,     4, -3.372470073779e-01, 1.797693134862e+308, 5.4680e+00, 4.3055e-01, 
 2DIAGNOSTIC,     5, -3.372416556386e-01, 1.797693134862e+308, 5.9657e+00, 4.9768e-01, 
 2DIAGNOSTIC,     6, -3.372410085893e-01, 1.797693134862e+308, 6.4542e+00, 4.8850e-01, 
 2DIAGNOSTIC,     7, -3.372415796303e-01, 1.797693134862e+308, 6.8408e+00, 3.8662e-01, 
 2DIAGNOSTIC,     8, -3.372400970567e-01, 1.797693134862e+308, 7.2799e+00, 4.3914e-01, 
 2DIAGNOSTIC,     9, -3.372434736228e-01, 1.797693134862e+308, 7.7218e+00, 4.4184e-01, 
 2DIAGNOSTIC,    10, -3.372448950271e-01, 3.068842154993e-06, 8.2109e+00, 4.8913e-01, 
 2DIAGNOSTIC,    11, -3.372451601351e-01, 2.387215041352e-06, 8.8206e+00, 6.0975e-01, 
 2DIAGNOSTIC,    12, -3.372441066866e-01, 2.603941280543e-06, 9.2549e+00, 4.3430e-01, 
 2DIAGNOSTIC,    13, -3.372433771840e-01, 2.675882758763e-06, 9.6985e+00, 4.4357e-01, 
 2DIAGNOSTIC,    14, -3.372427449209e-01, 2.725469981063e-06, 1.0083e+01, 3.8470e-01, 
 2DIAGNOSTIC,    15, -3.372428094919e-01, 2.427521507115e-06, 1.0568e+01, 4.8495e-01, 
 2DIAGNOSTIC,    16, -3.372427469127e-01, 2.100963843760e-06, 1.1017e+01, 4.4890e-01, 
 2DIAGNOSTIC,    17, -3.372428384352e-01, 1.841140843839e-06, 1.1406e+01, 3.8869e-01, 
 2DIAGNOSTIC,    18, -3.372420602908e-01, 1.504353126125e-06, 1.1845e+01, 4.3908e-01, 
 2DIAGNOSTIC,    19, -3.372421849968e-01, 1.381820218443e-06, 1.2289e+01, 4.4438e-01, 
 2DIAGNOSTIC,    20, -3.372420435115e-01, 1.350867698861e-06, 1.2684e+01, 3.9466e-01, 
 2DIAGNOSTIC,    21, -3.372419564208e-01, 1.352508052180e-06, 1.3065e+01, 3.8114e-01, 
 2DIAGNOSTIC,    22, -3.372424151500e-01, 1.347085483203e-06, 1.3446e+01, 3.8075e-01, 
 2DIAGNOSTIC,    23, -3.372429434599e-01, 1.344510109989e-06, 1.3886e+01, 4.3983e-01, 
 2DIAGNOSTIC,    24, -3.372431949726e-01, 1.332012899619e-06, 1.4320e+01, 4.3429e-01, 
 2DIAGNOSTIC,    25, -3.372432947316e-01, 1.325404720011e-06, 1.4710e+01, 3.9006e-01, 
 2DIAGNOSTIC,    26, -3.372429564682e-01, 1.301297582107e-06, 1.5210e+01, 5.0009e-01, 
 2DIAGNOSTIC,    27, -3.372431987080e-01, 1.282907182168e-06, 1.5585e+01, 3.7448e-01, 
 2DIAGNOSTIC,    28, -3.372429468712e-01, 1.224116456068e-06, 1.6021e+01, 4.3633e-01, 
 2DIAGNOSTIC,    29, -3.372429947997e-01, 1.166328368968e-06, 1.6400e+01, 3.7934e-01, 
 2DIAGNOSTIC,    30, -3.372434157033e-01, 1.114093048087e-06, 1.6779e+01, 3.7871e-01, 
 2DIAGNOSTIC,    31, -3.372435229936e-01, 1.060311683947e-06, 1.7214e+01, 4.3542e-01, 
 2DIAGNOSTIC,    32, -3.372438039335e-01, 1.025879753681e-06, 1.7646e+01, 4.3173e-01, 
 2DIAGNOSTIC,    33, -3.372435190697e-01, 9.965232555878e-07, 1.8072e+01, 4.2573e-01, 
 2DIAGNOSTIC,    34, -3.372429007128e-01, 9.569271146453e-07, 1.8505e+01, 4.3356e-01, 
 2DIAGNOSTIC,    35, -3.372423332019e-01, 9.067771800653e-07, 1.8939e+01, 4.3388e-01, 
 2DIAGNOSTIC,    36, -3.372414742213e-01, 8.313620482002e-07, 1.9368e+01, 4.2900e-01, 
 2DIAGNOSTIC,    37, -3.372417712348e-01, 7.776935350666e-07, 1.9753e+01, 3.8496e-01, 
 2DIAGNOSTIC,    38, -3.372413642954e-01, 7.196855677863e-07, 2.0197e+01, 4.4385e-01, 
 2DIAGNOSTIC,    39, -3.372421981411e-01, 6.950832064576e-07, 2.0628e+01, 4.3099e-01, 
 2DIAGNOSTIC,    40, -3.372403894019e-01, 6.536938079553e-07, 2.1066e+01, 4.3814e-01, 
 2DIAGNOSTIC,    41, -3.372378014977e-01, 5.778536446774e-07, 2.1504e+01, 4.3792e-01, 
 2DIAGNOSTIC,    42, -3.372397681743e-01, 5.707721684838e-07, 2.1938e+01, 4.3387e-01, 
 2DIAGNOSTIC,    43, -3.372385400930e-01, 5.498961767013e-07, 2.2381e+01, 4.4336e-01, 
 2DIAGNOSTIC,    44, -3.372391193018e-01, 5.477831823732e-07, 2.2873e+01, 4.9134e-01, 
 2DIAGNOSTIC,    45, -3.372391945625e-01, 5.544104987806e-07, 2.3363e+01, 4.9009e-01, 
 2DIAGNOSTIC,    46, -3.372392461358e-01, 5.610603356493e-07, 2.3800e+01, 4.3723e-01, 
 2DIAGNOSTIC,    47, -3.372389296416e-01, 5.792494379778e-07, 2.4229e+01, 4.2945e-01, 
 2DIAGNOSTIC,    48, -3.372382934382e-01, 5.865524735776e-07, 2.4619e+01, 3.8912e-01, 
 2DIAGNOSTIC,    49, -3.372380852406e-01, 6.126900656891e-07, 2.5115e+01, 4.9685e-01, 
 2DIAGNOSTIC,    50, -3.372386311179e-01, 6.211296288937e-07, 2.5606e+01, 4.9025e-01, 
 2DIAGNOSTIC,    51, -3.372385807882e-01, 5.855964570999e-07, 2.6045e+01, 4.3935e-01, 
 2DIAGNOSTIC,    52, -3.372375478291e-01, 5.711213267659e-07, 2.6487e+01, 4.4202e-01, 
 2DIAGNOSTIC,    53, -3.372376464652e-01, 5.436967746783e-07, 2.6866e+01, 3.7931e-01, 
 2DIAGNOSTIC,    54, -3.372373207106e-01, 5.263708458027e-07, 2.7307e+01, 4.4068e-01, 
 2DIAGNOSTIC,    55, -3.372375587742e-01, 5.200334347831e-07, 2.7700e+01, 3.9271e-01, 
 2DIAGNOSTIC,    56, -3.372381388965e-01, 5.289045312031e-07, 2.8136e+01, 4.3658e-01, 
 2DIAGNOSTIC,    57, -3.372388394372e-01, 5.472395676887e-07, 2.8629e+01, 4.9268e-01, 
 2DIAGNOSTIC,    58, -3.372388024118e-01, 5.562881379428e-07, 2.9062e+01, 4.3286e-01, 
 2DIAGNOSTIC,    59, -3.372387793535e-01, 5.608303949439e-07, 2.9494e+01, 4.3186e-01, 
 2DIAGNOSTIC,    60, -3.372387391137e-01, 5.701991580252e-07, 2.9932e+01, 4.3840e-01, 
 2DIAGNOSTIC,    61, -3.372386089022e-01, 5.730864841499e-07, 3.0316e+01, 3.8394e-01, 
 2DIAGNOSTIC,    62, -3.372382442817e-01, 5.517280040473e-07, 3.0698e+01, 3.8150e-01, 
 2DIAGNOSTIC,    63, -3.372385952761e-01, 5.337136500840e-07, 3.1135e+01, 4.3787e-01, 
 2DIAGNOSTIC,    64, -3.372389206696e-01, 5.134280764152e-07, 3.1568e+01, 4.3242e-01, 
 2DIAGNOSTIC,    65, -3.372390090911e-01, 4.961793428383e-07, 3.2000e+01, 4.3200e-01, 
 2DIAGNOSTIC,    66, -3.372381660563e-01, 4.753129188365e-07, 3.2442e+01, 4.4188e-01, 
 2DIAGNOSTIC,    67, -3.372378240225e-01, 4.606717628163e-07, 3.2875e+01, 4.3291e-01, 
 2DIAGNOSTIC,    68, -3.372377223927e-01, 4.460192630489e-07, 3.3256e+01, 3.8173e-01, 
 2DIAGNOSTIC,    69, -3.372375983338e-01, 4.317456393718e-07, 3.3690e+01, 4.3396e-01, 
 2DIAGNOSTIC,    70, -3.372375844841e-01, 4.200775265036e-07, 3.4067e+01, 3.7691e-01, 
 2DIAGNOSTIC,    71, -3.372369272787e-01, 4.030889662505e-07, 3.4504e+01, 4.3691e-01, 
 2DIAGNOSTIC,    72, -3.372382695970e-01, 4.025980297195e-07, 3.4943e+01, 4.3933e-01, 
 2DIAGNOSTIC,    73, -3.372378970068e-01, 4.049022146874e-07, 3.5381e+01, 4.3764e-01, 
 2DIAGNOSTIC,    74, -3.372390453584e-01, 4.269078697008e-07, 3.5816e+01, 4.3485e-01, 
 2DIAGNOSTIC,    75, -3.372401982400e-01, 4.626280991609e-07, 3.6258e+01, 4.4182e-01, 
 2DIAGNOSTIC,    76, -3.372397585767e-01, 4.793293472433e-07, 3.6694e+01, 4.3628e-01, 
 2DIAGNOSTIC,    77, -3.372395620768e-01, 4.841369468170e-07, 3.7194e+01, 5.0047e-01, 
 2DIAGNOSTIC,    78, -3.372394566484e-01, 4.798200827511e-07, 3.7638e+01, 4.4327e-01, 
 2DIAGNOSTIC,    79, -3.372394557482e-01, 4.671714925516e-07, 3.8068e+01, 4.3069e-01, 
 2DIAGNOSTIC,    80, -3.372379595958e-01, 4.327264707445e-07, 3.8512e+01, 4.4384e-01, 
DIAGNOSTIC,Iteration,metricValue,convergenceValue,ITERATION_TIME_INDEX,SINCE_LAST
 2DIAGNOSTIC,     1, -2.751154250157e-01, 1.797693134862e+308, 4.3385e+01, 4.8730e+00, 
 2DIAGNOSTIC,     2, -2.751159875691e-01, 1.797693134862e+308, 4.4733e+01, 1.3476e+00, 
 2DIAGNOSTIC,     3, -2.751155581742e-01, 1.797693134862e+308, 4.6088e+01, 1.3555e+00, 
 2DIAGNOSTIC,     4, -2.751156674174e-01, 1.797693134862e+308, 4.8056e+01, 1.9679e+00, 
 2DIAGNOSTIC,     5, -2.751163570293e-01, 1.797693134862e+308, 4.9557e+01, 1.5006e+00, 
 2DIAGNOSTIC,     6, -2.751160130216e-01, 1.797693134862e+308, 5.0909e+01, 1.3522e+00, 
 2DIAGNOSTIC,     7, -2.751160015331e-01, 1.797693134862e+308, 5.2262e+01, 1.3531e+00, 
 2DIAGNOSTIC,     8, -2.751158765332e-01, 1.797693134862e+308, 5.3461e+01, 1.1989e+00, 
 2DIAGNOSTIC,     9, -2.751157066548e-01, 1.797693134862e+308, 5.4813e+01, 1.3521e+00, 
 2DIAGNOSTIC,    10, -2.751153028449e-01, 3.176356243140e-06, 5.6172e+01, 1.3583e+00, 
 2DIAGNOSTIC,    11, -2.751150939737e-01, 2.768296845840e-06, 5.7519e+01, 1.3474e+00, 
 2DIAGNOSTIC,    12, -2.751152476935e-01, 2.503151364269e-06, 5.8718e+01, 1.1988e+00, 
 2DIAGNOSTIC,    13, -2.751151381753e-01, 2.248421528475e-06, 6.0068e+01, 1.3500e+00, 
 2DIAGNOSTIC,    14, -2.751153226852e-01, 2.068481117584e-06, 6.1578e+01, 1.5104e+00, 
 2DIAGNOSTIC,    15, -2.751152089290e-01, 1.971600056841e-06, 6.3085e+01, 1.5071e+00, 
 2DIAGNOSTIC,    16, -2.751150000662e-01, 1.865073378501e-06, 6.4450e+01, 1.3651e+00, 
 2DIAGNOSTIC,    17, -2.751149852703e-01, 1.780880456936e-06, 6.5654e+01, 1.2038e+00, 
 2DIAGNOSTIC,    18, -2.751149426968e-01, 1.704377005599e-06, 6.7013e+01, 1.3586e+00, 
 2DIAGNOSTIC,    19, -2.751148870042e-01, 1.629862065020e-06, 6.8212e+01, 1.1995e+00, 
 2DIAGNOSTIC,    20, -2.751151037722e-01, 1.557717309662e-06, 6.9679e+01, 1.4672e+00, 
 2DIAGNOSTIC,    21, -2.751149918294e-01, 1.479406386194e-06, 7.1001e+01, 1.3211e+00, 
 2DIAGNOSTIC,    22, -2.751149611840e-01, 1.417745739009e-06, 7.2164e+01, 1.1639e+00, 
 2DIAGNOSTIC,    23, -2.751147640538e-01, 1.350037853259e-06, 7.3482e+01, 1.3180e+00, 
 2DIAGNOSTIC,    24, -2.751148642666e-01, 1.303503140468e-06, 7.4654e+01, 1.1719e+00, 
 2DIAGNOSTIC,    25, -2.751149280859e-01, 1.260534119758e-06, 7.6132e+01, 1.4777e+00, 
 2DIAGNOSTIC,    26, -2.751150042414e-01, 1.216568283127e-06, 7.7453e+01, 1.3207e+00, 
 2DIAGNOSTIC,    27, -2.751147522960e-01, 1.166531750842e-06, 7.8778e+01, 1.3255e+00, 
 2DIAGNOSTIC,    28, -2.751147491601e-01, 1.120017050604e-06, 8.0097e+01, 1.3191e+00, 
 2DIAGNOSTIC,    29, -2.751149116687e-01, 1.081640438792e-06, 8.1418e+01, 1.3213e+00, 
 2DIAGNOSTIC,    30, -2.751147857094e-01, 1.050016082020e-06, 8.2751e+01, 1.3323e+00, 
 2DIAGNOSTIC,    31, -2.751147421095e-01, 1.016393857523e-06, 8.4061e+01, 1.3101e+00, 
 2DIAGNOSTIC,    32, -2.751145119052e-01, 9.778346359776e-07, 8.5381e+01, 1.3198e+00, 
 2DIAGNOSTIC,    33, -2.751141836766e-01, 9.268158713827e-07, 8.6708e+01, 1.3269e+00, 
 2DIAGNOSTIC,    34, -2.751138436162e-01, 8.749933978480e-07, 8.8033e+01, 1.3257e+00, 
 2DIAGNOSTIC,    35, -2.751136459971e-01, 8.278939191211e-07, 8.9360e+01, 1.3269e+00, 
 2DIAGNOSTIC,    36, -2.751136209509e-01, 7.928096572019e-07, 9.0680e+01, 1.3196e+00, 
 2DIAGNOSTIC,    37, -2.751137940348e-01, 7.660070326793e-07, 9.2304e+01, 1.6237e+00, 
 2DIAGNOSTIC,    38, -2.751138229549e-01, 7.500328683963e-07, 9.3627e+01, 1.3233e+00, 
 2DIAGNOSTIC,    39, -2.751136391772e-01, 7.428219228577e-07, 9.5099e+01, 1.4722e+00, 
 2DIAGNOSTIC,    40, -2.751135618540e-01, 7.378271931618e-07, 9.6568e+01, 1.4688e+00, 
 2DIAGNOSTIC,    41, -2.751135216432e-01, 7.363953359318e-07, 9.7737e+01, 1.1687e+00, 
 2DIAGNOSTIC,    42, -2.751134389132e-01, 7.310127540759e-07, 9.8903e+01, 1.1666e+00, 
 2DIAGNOSTIC,    43, -2.751132654707e-01, 7.165183860819e-07, 1.0007e+02, 1.1693e+00, 
 2DIAGNOSTIC,    44, -2.751134177160e-01, 7.008419175975e-07, 1.0139e+02, 1.3162e+00, 
 2DIAGNOSTIC,    45, -2.751134831739e-01, 6.848881245920e-07, 1.0271e+02, 1.3261e+00, 
 2DIAGNOSTIC,    46, -2.751134496226e-01, 6.702102055105e-07, 1.0402e+02, 1.3061e+00, 
 2DIAGNOSTIC,    47, -2.751134770565e-01, 6.626506609680e-07, 1.0535e+02, 1.3275e+00, 
 2DIAGNOSTIC,    48, -2.751134925560e-01, 6.578515727926e-07, 1.0666e+02, 1.3117e+00, 
 2DIAGNOSTIC,    49, -2.751134380348e-01, 6.486379218879e-07, 1.0812e+02, 1.4596e+00, 
 2DIAGNOSTIC,    50, -2.751134150615e-01, 6.377305320736e-07, 1.0942e+02, 1.2976e+00, 
 2DIAGNOSTIC,    51, -2.751131571768e-01, 6.211311777242e-07, 1.1072e+02, 1.2984e+00, 
 2DIAGNOSTIC,    52, -2.751130896278e-01, 6.027052665974e-07, 1.1201e+02, 1.2904e+00, 
 2DIAGNOSTIC,    53, -2.751130283173e-01, 5.811510436736e-07, 1.1316e+02, 1.1522e+00, 
 2DIAGNOSTIC,    54, -2.751130914749e-01, 5.662637463100e-07, 1.1431e+02, 1.1537e+00, 
 2DIAGNOSTIC,    55, -2.751132342847e-01, 5.580097142827e-07, 1.1577e+02, 1.4575e+00, 
 2DIAGNOSTIC,    56, -2.751132990290e-01, 5.525601158782e-07, 1.1708e+02, 1.3104e+00, 
 2DIAGNOSTIC,    57, -2.751133652103e-01, 5.505170819937e-07, 1.1839e+02, 1.3125e+00, 
 2DIAGNOSTIC,    58, -2.751134105137e-01, 5.503414945568e-07, 1.1970e+02, 1.3103e+00, 
 2DIAGNOSTIC,    59, -2.751134142532e-01, 5.490238198166e-07, 1.2102e+02, 1.3123e+00, 
 2DIAGNOSTIC,    60, -2.751133852020e-01, 5.459770336634e-07, 1.2232e+02, 1.3032e+00, 
 2DIAGNOSTIC,    61, -2.751133340327e-01, 5.363080176311e-07, 1.2347e+02, 1.1558e+00, 
 2DIAGNOSTIC,    62, -2.751133616854e-01, 5.249332305328e-07, 1.2477e+02, 1.2955e+00, 
 2DIAGNOSTIC,    63, -2.751134418933e-01, 5.130547275460e-07, 1.2606e+02, 1.2930e+00, 
 2DIAGNOSTIC,    64, -2.751131380642e-01, 4.967961283464e-07, 1.2752e+02, 1.4541e+00, 
 2DIAGNOSTIC,    65, -2.751130665179e-01, 4.823589474061e-07, 1.2882e+02, 1.3008e+00, 
 2DIAGNOSTIC,    66, -2.751129637877e-01, 4.684298455064e-07, 1.2997e+02, 1.1560e+00, 
 2DIAGNOSTIC,    67, -2.751128553609e-01, 4.554896819962e-07, 1.3128e+02, 1.3031e+00, 
 2DIAGNOSTIC,    68, -2.751129147739e-01, 4.463655981952e-07, 1.3243e+02, 1.1551e+00, 
 2DIAGNOSTIC,    69, -2.751129699341e-01, 4.404692829189e-07, 1.3388e+02, 1.4492e+00, 
 2DIAGNOSTIC,    70, -2.751130592964e-01, 4.376595275531e-07, 1.3519e+02, 1.3044e+00, 
 2DIAGNOSTIC,    71, -2.751129563878e-01, 4.342560533683e-07, 1.3649e+02, 1.3046e+00, 
 2DIAGNOSTIC,    72, -2.751129296306e-01, 4.322849167029e-07, 1.3764e+02, 1.1541e+00, 
 2DIAGNOSTIC,    73, -2.751126581604e-01, 4.286694561800e-07, 1.3895e+02, 1.3046e+00, 
 2DIAGNOSTIC,    74, -2.751126438375e-01, 4.214397842286e-07, 1.4011e+02, 1.1593e+00, 
 2DIAGNOSTIC,    75, -2.751125271863e-01, 4.125957603542e-07, 1.4141e+02, 1.3028e+00, 
 2DIAGNOSTIC,    76, -2.751124590364e-01, 4.028426167160e-07, 1.4257e+02, 1.1555e+00, 
  Elapsed time (stage 1): 1.4337e+02


Total elapsed time: 2.2944e+02
