Running T1-THOMAS on sub-17
INFO:    Mounting image with FUSE.
Some packages in this Docker container are non-free
If you are considering commercial use of this container, please consult the relevant license:
https://fsl.fmrib.ox.ac.uk/fsl/fslwiki/Licence
THOMAS_HOME setting of /opt/thomas_new
Linux OS detected
File name OK
Running left and right thalamus MV big
All_Command_lines_OK
Using double precision for computations.
=============================================================================
The composite transform comprises the following transforms (in order): 
  1. Center of mass alignment using fixed image: sub-17_desc-preproc_T1w.nii.gz and moving image: /opt/thomas_new/origtemplate.nii.gz (type = Euler3DTransform)
=============================================================================
  number of levels = 4
  number of levels = 4
  fixed image: sub-17_desc-preproc_T1w.nii.gz
  moving image: /opt/thomas_new/origtemplate.nii.gz
  fixed image: sub-17_desc-preproc_T1w.nii.gz
  moving image: /opt/thomas_new/origtemplate.nii.gz
Dimension = 3
Number of stages = 2
Use Histogram Matching false
Winsorize image intensities false
Lower quantile = 0
Upper quantile = 1
Stage 1 State
   Image metric = Mattes
     Fixed image = Image (0x4a6c960)
  RTTI typeinfo:   itk::Image<double, 3u>
  Reference Count: 2
  Modified Time: 1696
  Debug: Off
  Object Name: 
  Observers: 
    none
  Source: (none)
  Source output name: (none)
  Release Data: Off
  Data Released: False
  Global Release Data: Off
  PipelineMTime: 0
  UpdateMTime: 1479
  RealTimeStamp: 0 seconds 
  LargestPossibleRegion: 
    Dimension: 3
    Index: [0, 0, 0]
    Size: [256, 256, 332]
  BufferedRegion: 
    Dimension: 3
    Index: [0, 0, 0]
    Size: [256, 256, 332]
  RequestedRegion: 
    Dimension: 3
    Index: [0, 0, 0]
    Size: [256, 256, 332]
  Spacing: [0.9375, 0.9375, 0.599999]
  Origin: [120.224, 125.265, -90.7281]
  Direction: 
-0.998872 0.0285416 -0.0379576
-0.0273924 -0.999161 -0.0304589
-0.0387951 -0.0293848 0.998815

  IndexToPointMatrix: 
-0.936442 0.0267578 -0.0227745
-0.0256804 -0.936713 -0.0182753
-0.0363704 -0.0275483 0.599288

  PointToIndexMatrix: 
-1.06546 -0.0292186 -0.0413814
0.0304444 -1.06577 -0.0313438
-0.0632628 -0.050765 1.6647

  Inverse Direction: 
-0.998872 -0.0273924 -0.0387951
0.0285416 -0.999161 -0.0293848
-0.0379576 -0.0304589 0.998815

  PixelContainer: 
    ImportImageContainer (0x4a65440)
      RTTI typeinfo:   itk::ImportImageContainer<unsigned long, double>
      Reference Count: 1
      Modified Time: 1476
      Debug: Off
      Object Name: 
      Observers: 
        none
      Pointer: 0x15005b05d010
      Container manages memory: true
      Size: 21757952
      Capacity: 21757952

     Moving image = Image (0x4a66210)
  RTTI typeinfo:   itk::Image<double, 3u>
  Reference Count: 2
  Modified Time: 1697
  Debug: Off
  Object Name: 
  Observers: 
    none
  Source: (none)
  Source output name: (none)
  Release Data: Off
  Data Released: False
  Global Release Data: Off
  PipelineMTime: 0
  UpdateMTime: 1694
  RealTimeStamp: 0 seconds 
  LargestPossibleRegion: 
    Dimension: 3
    Index: [0, 0, 0]
    Size: [256, 440, 256]
  BufferedRegion: 
    Dimension: 3
    Index: [0, 0, 0]
    Size: [256, 440, 256]
  RequestedRegion: 
    Dimension: 3
    Index: [0, 0, 0]
    Size: [256, 440, 256]
  Spacing: [0.7031, 0.5, 0.7031]
  Origin: [83.5844, 59.822, -106.951]
  Direction: 
-1 0 0
0 -1 0
0 0 1

  IndexToPointMatrix: 
-0.7031 0 0
0 -0.5 0
0 0 0.7031

  PointToIndexMatrix: 
-1.42227 0 0
0 -2 0
0 0 1.42227

  Inverse Direction: 
-1 0 0
0 -1 0
0 0 1

  PixelContainer: 
    ImportImageContainer (0x4a664a0)
      RTTI typeinfo:   itk::ImportImageContainer<unsigned long, double>
      Reference Count: 1
      Modified Time: 1691
      Debug: Off
      Object Name: 
      Observers: 
        none
      Pointer: 0x15004d45c010
      Container manages memory: true
      Size: 28835840
      Capacity: 28835840

     Weighting = 1
     Sampling strategy = regular
     Number of bins = 32
     Radius = 4
     Sampling percentage  = 0.25
   Transform = Rigid
     Gradient step = 0.1
     Update field sigma (voxel space) = 0
     Total field sigma (voxel space) = 0
     Update field time sigma = 0
     Total field time sigma  = 0
     Number of time indices = 0
     Number of time point samples = 0
Stage 2 State
   Image metric = Mattes
     Fixed image = Image (0x4a78980)
  RTTI typeinfo:   itk::Image<double, 3u>
  Reference Count: 2
  Modified Time: 2128
  Debug: Off
  Object Name: 
  Observers: 
    none
  Source: (none)
  Source output name: (none)
  Release Data: Off
  Data Released: False
  Global Release Data: Off
  PipelineMTime: 0
  UpdateMTime: 1911
  RealTimeStamp: 0 seconds 
  LargestPossibleRegion: 
    Dimension: 3
    Index: [0, 0, 0]
    Size: [256, 256, 332]
  BufferedRegion: 
    Dimension: 3
    Index: [0, 0, 0]
    Size: [256, 256, 332]
  RequestedRegion: 
    Dimension: 3
    Index: [0, 0, 0]
    Size: [256, 256, 332]
  Spacing: [0.9375, 0.9375, 0.599999]
  Origin: [120.224, 125.265, -90.7281]
  Direction: 
-0.998872 0.0285416 -0.0379576
-0.0273924 -0.999161 -0.0304589
-0.0387951 -0.0293848 0.998815

  IndexToPointMatrix: 
-0.936442 0.0267578 -0.0227745
-0.0256804 -0.936713 -0.0182753
-0.0363704 -0.0275483 0.599288

  PointToIndexMatrix: 
-1.06546 -0.0292186 -0.0413814
0.0304444 -1.06577 -0.0313438
-0.0632628 -0.050765 1.6647

  Inverse Direction: 
-0.998872 -0.0273924 -0.0387951
0.0285416 -0.999161 -0.0293848
-0.0379576 -0.0304589 0.998815

  PixelContainer: 
    ImportImageContainer (0x4a64240)
      RTTI typeinfo:   itk::ImportImageContainer<unsigned long, double>
      Reference Count: 1
      Modified Time: 1908
      Debug: Off
      Object Name: 
      Observers: 
        none
      Pointer: 0x150042e5b010
      Container manages memory: true
      Size: 21757952
      Capacity: 21757952

     Moving image = Image (0x4a7a410)
  RTTI typeinfo:   itk::Image<double, 3u>
  Reference Count: 2
  Modified Time: 2129
  Debug: Off
  Object Name: 
  Observers: 
    none
  Source: (none)
  Source output name: (none)
  Release Data: Off
  Data Released: False
  Global Release Data: Off
  PipelineMTime: 0
  UpdateMTime: 2126
  RealTimeStamp: 0 seconds 
  LargestPossibleRegion: 
    Dimension: 3
    Index: [0, 0, 0]
    Size: [256, 440, 256]
  BufferedRegion: 
    Dimension: 3
    Index: [0, 0, 0]
    Size: [256, 440, 256]
  RequestedRegion: 
    Dimension: 3
    Index: [0, 0, 0]
    Size: [256, 440, 256]
  Spacing: [0.7031, 0.5, 0.7031]
  Origin: [83.5844, 59.822, -106.951]
  Direction: 
-1 0 0
0 -1 0
0 0 1

  IndexToPointMatrix: 
-0.7031 0 0
0 -0.5 0
0 0 0.7031

  PointToIndexMatrix: 
-1.42227 0 0
0 -2 0
0 0 1.42227

  Inverse Direction: 
-1 0 0
0 -1 0
0 0 1

  PixelContainer: 
    ImportImageContainer (0x4a6ad50)
      RTTI typeinfo:   itk::ImportImageContainer<unsigned long, double>
      Reference Count: 1
      Modified Time: 2123
      Debug: Off
      Object Name: 
      Observers: 
        none
      Pointer: 0x15003525a010
      Container manages memory: true
      Size: 28835840
      Capacity: 28835840

     Weighting = 1
     Sampling strategy = regular
     Number of bins = 32
     Radius = 4
     Sampling percentage  = 0.25
   Transform = Affine
     Gradient step = 0.1
     Update field sigma (voxel space) = 0
     Total field sigma (voxel space) = 0
     Update field time sigma = 0
     Total field time sigma  = 0
     Number of time indices = 0
     Number of time point samples = 0
Registration using 2 total stages.

Stage 0
  iterations = 1000x500x250x100
  convergence threshold = 5e-07
  convergence window size = 10
  number of levels = 4
  using the Mattes MI metric (number of bins = 32, weight = 1)
  Shrink factors (level 1 out of 4): [5, 5, 8]
  Shrink factors (level 2 out of 4): [3, 3, 4]
  Shrink factors (level 3 out of 4): [1, 1, 2]
  Shrink factors (level 4 out of 4): [1, 1, 1]
  smoothing sigmas per level: [3, 2, 1, 0]
  regular sampling (percentage = 0.25)

*** Running Euler3DTransform registration ***

DIAGNOSTIC,Iteration,metricValue,convergenceValue,ITERATION_TIME_INDEX,SINCE_LAST
 2DIAGNOSTIC,     1, -3.457130671088e-01, 1.797693134862e+308, 4.0190e-01, 4.0190e-01, 
 2DIAGNOSTIC,     2, -3.469473224929e-01, 1.797693134862e+308, 4.0753e-01, 5.6310e-03, 
 2DIAGNOSTIC,     3, -3.488592938004e-01, 1.797693134862e+308, 4.1351e-01, 5.9738e-03, 
 2DIAGNOSTIC,     4, -3.515576208736e-01, 1.797693134862e+308, 4.1940e-01, 5.8880e-03, 
 2DIAGNOSTIC,     5, -3.574357345705e-01, 1.797693134862e+308, 4.2503e-01, 5.6300e-03, 
 2DIAGNOSTIC,     6, -3.632517802455e-01, 1.797693134862e+308, 4.3076e-01, 5.7342e-03, 
 2DIAGNOSTIC,     7, -3.701554635701e-01, 1.797693134862e+308, 4.3653e-01, 5.7671e-03, 
 2DIAGNOSTIC,     8, -3.814936602865e-01, 1.797693134862e+308, 4.4254e-01, 6.0091e-03, 
 2DIAGNOSTIC,     9, -3.977093793779e-01, 1.797693134862e+308, 4.4842e-01, 5.8861e-03, 
 2DIAGNOSTIC,    10, -4.469688932015e-01, 1.365065757575e-02, 4.6107e-01, 1.2642e-02, 
 2DIAGNOSTIC,    11, -4.593524805568e-01, 1.655920684128e-02, 4.6712e-01, 6.0520e-03, 
 2DIAGNOSTIC,    12, -4.747650125462e-01, 1.841683918646e-02, 4.7464e-01, 7.5269e-03, 
 2DIAGNOSTIC,    13, -4.754776712826e-01, 1.845679350788e-02, 4.8226e-01, 7.6191e-03, 
 2DIAGNOSTIC,    14, -4.753822586606e-01, 1.696466602505e-02, 4.8877e-01, 6.5069e-03, 
 2DIAGNOSTIC,    15, -4.751502373466e-01, 1.441502559692e-02, 4.9773e-01, 8.9641e-03, 
 2DIAGNOSTIC,    16, -4.752105325372e-01, 1.117312243843e-02, 5.0424e-01, 6.5010e-03, 
 2DIAGNOSTIC,    17, -4.751481469139e-01, 7.642911897126e-03, 5.1066e-01, 6.4280e-03, 
 2DIAGNOSTIC,    18, -4.751113839624e-01, 4.298637750976e-03, 5.1680e-01, 6.1331e-03, 
 2DIAGNOSTIC,    19, -4.751200222165e-01, 1.500273705943e-03, 5.2349e-01, 6.6891e-03, 
 2DIAGNOSTIC,    20, -4.749896389990e-01, 5.264351783873e-04, 5.2909e-01, 5.6059e-03, 
DIAGNOSTIC,Iteration,metricValue,convergenceValue,ITERATION_TIME_INDEX,SINCE_LAST
 2DIAGNOSTIC,     1, -4.068994010585e-01, 1.797693134862e+308, 1.0109e+00, 4.8179e-01, 
 2DIAGNOSTIC,     2, -4.070305779491e-01, 1.797693134862e+308, 1.0392e+00, 2.8287e-02, 
 2DIAGNOSTIC,     3, -4.071875021073e-01, 1.797693134862e+308, 1.0701e+00, 3.0971e-02, 
 2DIAGNOSTIC,     4, -4.073508506178e-01, 1.797693134862e+308, 1.1091e+00, 3.9003e-02, 
 2DIAGNOSTIC,     5, -4.073338746141e-01, 1.797693134862e+308, 1.1435e+00, 3.4369e-02, 
 2DIAGNOSTIC,     6, -4.072538773299e-01, 1.797693134862e+308, 1.1751e+00, 3.1610e-02, 
 2DIAGNOSTIC,     7, -4.072503485418e-01, 1.797693134862e+308, 1.2069e+00, 3.1803e-02, 
 2DIAGNOSTIC,     8, -4.072549937240e-01, 1.797693134862e+308, 1.2378e+00, 3.0842e-02, 
 2DIAGNOSTIC,     9, -4.072492195167e-01, 1.797693134862e+308, 1.2678e+00, 2.9991e-02, 
 2DIAGNOSTIC,    10, -4.072371767892e-01, 3.919834959415e-05, 1.3021e+00, 3.4337e-02, 
 2DIAGNOSTIC,    11, -4.072044441329e-01, 9.775779598653e-06, 1.3333e+00, 3.1186e-02, 
DIAGNOSTIC,Iteration,metricValue,convergenceValue,ITERATION_TIME_INDEX,SINCE_LAST
 2DIAGNOSTIC,     1, -3.217590808574e-01, 1.797693134862e+308, 3.4128e+00, 2.0795e+00, 
 2DIAGNOSTIC,     2, -3.217592498052e-01, 1.797693134862e+308, 3.8014e+00, 3.8865e-01, 
 2DIAGNOSTIC,     3, -3.217596008830e-01, 1.797693134862e+308, 4.1879e+00, 3.8646e-01, 
 2DIAGNOSTIC,     4, -3.217594908042e-01, 1.797693134862e+308, 4.6793e+00, 4.9140e-01, 
 2DIAGNOSTIC,     5, -3.217592672130e-01, 1.797693134862e+308, 5.0762e+00, 3.9693e-01, 
 2DIAGNOSTIC,     6, -3.217591454491e-01, 1.797693134862e+308, 5.4709e+00, 3.9470e-01, 
 2DIAGNOSTIC,     7, -3.217588170883e-01, 1.797693134862e+308, 5.9614e+00, 4.9046e-01, 
 2DIAGNOSTIC,     8, -3.217588796878e-01, 1.797693134862e+308, 6.3553e+00, 3.9390e-01, 
 2DIAGNOSTIC,     9, -3.217583719174e-01, 1.797693134862e+308, 6.6975e+00, 3.4223e-01, 
 2DIAGNOSTIC,    10, -3.217577930180e-01, 2.925215593710e-06, 7.0886e+00, 3.9111e-01, 
 2DIAGNOSTIC,    11, -3.217574323425e-01, 2.537078959114e-06, 7.4811e+00, 3.9252e-01, 
 2DIAGNOSTIC,    12, -3.217574299781e-01, 2.256652883670e-06, 7.8708e+00, 3.8971e-01, 
 2DIAGNOSTIC,    13, -3.217574330032e-01, 2.078125637905e-06, 8.2587e+00, 3.8783e-01, 
 2DIAGNOSTIC,    14, -3.217575851390e-01, 1.961510152235e-06, 8.6471e+00, 3.8841e-01, 
 2DIAGNOSTIC,    15, -3.217576834771e-01, 1.881968767367e-06, 9.0368e+00, 3.8977e-01, 
 2DIAGNOSTIC,    16, -3.217575605948e-01, 1.821261757060e-06, 9.4296e+00, 3.9275e-01, 
 2DIAGNOSTIC,    17, -3.217575512263e-01, 1.765052267004e-06, 9.7713e+00, 3.4169e-01, 
 2DIAGNOSTIC,    18, -3.217573831226e-01, 1.719786718861e-06, 1.0165e+01, 3.9389e-01, 
 2DIAGNOSTIC,    19, -3.217567875420e-01, 1.632943723136e-06, 1.0553e+01, 3.8759e-01, 
 2DIAGNOSTIC,    20, -3.217571977297e-01, 1.552202496390e-06, 1.0891e+01, 3.3806e-01, 
 2DIAGNOSTIC,    21, -3.217569111756e-01, 1.454765994641e-06, 1.1241e+01, 3.5055e-01, 
 2DIAGNOSTIC,    22, -3.217573573353e-01, 1.389928406280e-06, 1.1632e+01, 3.9083e-01, 
 2DIAGNOSTIC,    23, -3.217581172023e-01, 1.364894603686e-06, 1.2029e+01, 3.9708e-01, 
 2DIAGNOSTIC,    24, -3.217573625008e-01, 1.320870159784e-06, 1.2470e+01, 4.4031e-01, 
 2DIAGNOSTIC,    25, -3.217564248045e-01, 1.252378618810e-06, 1.2858e+01, 3.8827e-01, 
 2DIAGNOSTIC,    26, -3.217563039920e-01, 1.183446978519e-06, 1.3245e+01, 3.8712e-01, 
 2DIAGNOSTIC,    27, -3.217557899500e-01, 1.105445385736e-06, 1.3585e+01, 3.4025e-01, 
 2DIAGNOSTIC,    28, -3.217557741317e-01, 1.034185538450e-06, 1.3977e+01, 3.9147e-01, 
 2DIAGNOSTIC,    29, -3.217558864764e-01, 9.626742157876e-07, 1.4314e+01, 3.3737e-01, 
 2DIAGNOSTIC,    30, -3.217559618718e-01, 9.238989905763e-07, 1.4703e+01, 3.8846e-01, 
 2DIAGNOSTIC,    31, -3.217560418279e-01, 8.943818091689e-07, 1.5098e+01, 3.9549e-01, 
 2DIAGNOSTIC,    32, -3.217561904998e-01, 8.946030327431e-07, 1.5486e+01, 3.8785e-01, 
 2DIAGNOSTIC,    33, -3.217562269070e-01, 9.257741481750e-07, 1.5885e+01, 3.9891e-01, 
 2DIAGNOSTIC,    34, -3.217562915316e-01, 9.412476858275e-07, 1.6276e+01, 3.9104e-01, 
 2DIAGNOSTIC,    35, -3.217562836440e-01, 9.313344160357e-07, 1.6623e+01, 3.4697e-01, 
 2DIAGNOSTIC,    36, -3.217563651903e-01, 9.192576863742e-07, 1.6967e+01, 3.4380e-01, 
 2DIAGNOSTIC,    37, -3.217565697461e-01, 8.970215083191e-07, 1.7317e+01, 3.5004e-01, 
 2DIAGNOSTIC,    38, -3.217568249017e-01, 8.777940845930e-07, 1.7666e+01, 3.4961e-01, 
 2DIAGNOSTIC,    39, -3.217570897331e-01, 8.641380195296e-07, 1.8060e+01, 3.9380e-01, 
 2DIAGNOSTIC,    40, -3.217574668495e-01, 8.564986626915e-07, 1.8404e+01, 3.4402e-01, 
 2DIAGNOSTIC,    41, -3.217563431095e-01, 8.207212275624e-07, 1.8850e+01, 4.4588e-01, 
 2DIAGNOSTIC,    42, -3.217561853615e-01, 7.829268426074e-07, 1.9289e+01, 4.3916e-01, 
 2DIAGNOSTIC,    43, -3.217556644455e-01, 7.343005378503e-07, 1.9687e+01, 3.9830e-01, 
 2DIAGNOSTIC,    44, -3.217549673975e-01, 6.755583475404e-07, 2.0025e+01, 3.3787e-01, 
 2DIAGNOSTIC,    45, -3.217551579413e-01, 6.277852274660e-07, 2.0426e+01, 4.0073e-01, 
 2DIAGNOSTIC,    46, -3.217553485885e-01, 5.948331381206e-07, 2.0772e+01, 3.4624e-01, 
 2DIAGNOSTIC,    47, -3.217548508896e-01, 5.669618162417e-07, 2.1176e+01, 4.0405e-01, 
 2DIAGNOSTIC,    48, -3.217548087517e-01, 5.548809296971e-07, 2.1569e+01, 3.9271e-01, 
 2DIAGNOSTIC,    49, -3.217546570846e-01, 5.553829184775e-07, 2.1911e+01, 3.4192e-01, 
 2DIAGNOSTIC,    50, -3.217544994128e-01, 5.690196335957e-07, 2.2255e+01, 3.4384e-01, 
 2DIAGNOSTIC,    51, -3.217541338205e-01, 5.625404082832e-07, 2.2648e+01, 3.9275e-01, 
 2DIAGNOSTIC,    52, -3.217539853711e-01, 5.573785810883e-07, 2.3041e+01, 3.9350e-01, 
 2DIAGNOSTIC,    53, -3.217533201779e-01, 5.382900527887e-07, 2.3477e+01, 4.3584e-01, 
 2DIAGNOSTIC,    54, -3.217533757454e-01, 5.154112446663e-07, 2.3872e+01, 3.9490e-01, 
DIAGNOSTIC,Iteration,metricValue,convergenceValue,ITERATION_TIME_INDEX,SINCE_LAST
 2DIAGNOSTIC,     1, -2.531965614907e-01, 1.797693134862e+308, 2.6904e+01, 3.0319e+00, 
 2DIAGNOSTIC,     2, -2.531979069847e-01, 1.797693134862e+308, 2.7794e+01, 8.9038e-01, 
 2DIAGNOSTIC,     3, -2.531982384168e-01, 1.797693134862e+308, 2.8601e+01, 8.0685e-01, 
 2DIAGNOSTIC,     4, -2.531975118574e-01, 1.797693134862e+308, 2.9318e+01, 7.1688e-01, 
 2DIAGNOSTIC,     5, -2.531969403166e-01, 1.797693134862e+308, 3.0134e+01, 8.1631e-01, 
 2DIAGNOSTIC,     6, -2.531969532447e-01, 1.797693134862e+308, 3.0852e+01, 7.1812e-01, 
 2DIAGNOSTIC,     7, -2.531971101103e-01, 1.797693134862e+308, 3.1662e+01, 8.1008e-01, 
 2DIAGNOSTIC,     8, -2.531969342232e-01, 1.797693134862e+308, 3.2467e+01, 8.0458e-01, 
 2DIAGNOSTIC,     9, -2.531968674800e-01, 1.797693134862e+308, 3.3093e+01, 6.2610e-01, 
 2DIAGNOSTIC,    10, -2.531967199710e-01, 2.973238907064e-06, 3.3812e+01, 7.1861e-01, 
 2DIAGNOSTIC,    11, -2.531967885630e-01, 2.598507477400e-06, 3.4444e+01, 6.3233e-01, 
 2DIAGNOSTIC,    12, -2.531969815756e-01, 2.453219451415e-06, 3.5333e+01, 8.8900e-01, 
 2DIAGNOSTIC,    13, -2.531972231141e-01, 2.398433965184e-06, 3.6051e+01, 7.1853e-01, 
 2DIAGNOSTIC,    14, -2.531969096497e-01, 2.273935143057e-06, 3.6774e+01, 7.2243e-01, 
 2DIAGNOSTIC,    15, -2.531963496006e-01, 2.082402932257e-06, 3.7488e+01, 7.1449e-01, 
 2DIAGNOSTIC,    16, -2.531965457189e-01, 1.933486223724e-06, 3.8210e+01, 7.2181e-01, 
 2DIAGNOSTIC,    17, -2.531964553952e-01, 1.810188481589e-06, 3.8841e+01, 6.3086e-01, 
 2DIAGNOSTIC,    18, -2.531966543837e-01, 1.707255606442e-06, 3.9553e+01, 7.1219e-01, 
 2DIAGNOSTIC,    19, -2.531964368592e-01, 1.604577103527e-06, 4.0270e+01, 7.1705e-01, 
 2DIAGNOSTIC,    20, -2.531962603951e-01, 1.501651184815e-06, 4.0896e+01, 6.2530e-01, 
 2DIAGNOSTIC,    21, -2.531960443007e-01, 1.408763807179e-06, 4.1530e+01, 6.3402e-01, 
 2DIAGNOSTIC,    22, -2.531962767118e-01, 1.354937843631e-06, 4.2234e+01, 7.0478e-01, 
 2DIAGNOSTIC,    23, -2.531962891192e-01, 1.326263108496e-06, 4.2858e+01, 6.2360e-01, 
 2DIAGNOSTIC,    24, -2.531967467496e-01, 1.312951771394e-06, 4.3581e+01, 7.2309e-01, 
 2DIAGNOSTIC,    25, -2.531967925004e-01, 1.278423876080e-06, 4.4645e+01, 1.0642e+00, 
 2DIAGNOSTIC,    26, -2.531968539022e-01, 1.257503327003e-06, 4.5364e+01, 7.1901e-01, 
 2DIAGNOSTIC,    27, -2.531967868657e-01, 1.228046678493e-06, 4.6088e+01, 7.2402e-01, 
 2DIAGNOSTIC,    28, -2.531962388086e-01, 1.182041866145e-06, 4.6716e+01, 6.2778e-01, 
 2DIAGNOSTIC,    29, -2.531959760413e-01, 1.116826631967e-06, 4.7442e+01, 7.2604e-01, 
 2DIAGNOSTIC,    30, -2.531955728680e-01, 1.032622676575e-06, 4.8155e+01, 7.1294e-01, 
 2DIAGNOSTIC,    31, -2.531957184827e-01, 9.539006812914e-07, 4.8874e+01, 7.1900e-01, 
 2DIAGNOSTIC,    32, -2.531957475008e-01, 8.959574235093e-07, 4.9595e+01, 7.2058e-01, 
 2DIAGNOSTIC,    33, -2.531958211179e-01, 8.535275921734e-07, 5.0313e+01, 7.1801e-01, 
 2DIAGNOSTIC,    34, -2.531956819298e-01, 8.348187024373e-07, 5.0942e+01, 6.2900e-01, 
 2DIAGNOSTIC,    35, -2.531957089648e-01, 8.291221204847e-07, 5.1662e+01, 7.2033e-01, 
 2DIAGNOSTIC,    36, -2.531956455211e-01, 8.309091811751e-07, 5.2385e+01, 7.2353e-01, 
 2DIAGNOSTIC,    37, -2.531954551422e-01, 8.299432431580e-07, 5.3099e+01, 7.1328e-01, 
 2DIAGNOSTIC,    38, -2.531951083697e-01, 8.057084787683e-07, 5.3712e+01, 6.1290e-01, 
 2DIAGNOSTIC,    39, -2.531954388462e-01, 7.882999504688e-07, 5.4403e+01, 6.9160e-01, 
 2DIAGNOSTIC,    40, -2.531946064221e-01, 7.391617104432e-07, 5.5088e+01, 6.8457e-01, 
 2DIAGNOSTIC,    41, -2.531942685750e-01, 6.931012851326e-07, 5.5691e+01, 6.0295e-01, 
 2DIAGNOSTIC,    42, -2.531946818789e-01, 6.691280618129e-07, 5.6382e+01, 6.9144e-01, 
 2DIAGNOSTIC,    43, -2.531943591124e-01, 6.476530388273e-07, 5.7077e+01, 6.9446e-01, 
 2DIAGNOSTIC,    44, -2.531943570199e-01, 6.324292401647e-07, 5.7771e+01, 6.9461e-01, 
 2DIAGNOSTIC,    45, -2.531943255660e-01, 6.266996887341e-07, 5.8556e+01, 7.8445e-01, 
 2DIAGNOSTIC,    46, -2.531940519721e-01, 6.209008384626e-07, 5.9337e+01, 7.8093e-01, 
 2DIAGNOSTIC,    47, -2.531940470763e-01, 6.175235663097e-07, 5.9945e+01, 6.0821e-01, 
 2DIAGNOSTIC,    48, -2.531939524395e-01, 6.090622491142e-07, 6.0649e+01, 7.0368e-01, 
 2DIAGNOSTIC,    49, -2.531941222152e-01, 6.181433926875e-07, 6.1349e+01, 7.0072e-01, 
 2DIAGNOSTIC,    50, -2.531936968930e-01, 6.017104562175e-07, 6.2045e+01, 6.9621e-01, 
 2DIAGNOSTIC,    51, -2.531937666774e-01, 5.833647087200e-07, 6.2661e+01, 6.1503e-01, 
 2DIAGNOSTIC,    52, -2.531937272284e-01, 5.777921043698e-07, 6.3273e+01, 6.1269e-01, 
 2DIAGNOSTIC,    53, -2.531938829337e-01, 5.719621178381e-07, 6.3901e+01, 6.2737e-01, 
 2DIAGNOSTIC,    54, -2.531940719258e-01, 5.727931254203e-07, 6.4613e+01, 7.1271e-01, 
 2DIAGNOSTIC,    55, -2.531938044437e-01, 5.692264649707e-07, 6.5321e+01, 7.0814e-01, 
 2DIAGNOSTIC,    56, -2.531936414998e-01, 5.582110978938e-07, 6.6040e+01, 7.1858e-01, 
 2DIAGNOSTIC,    57, -2.531936397074e-01, 5.484366161664e-07, 6.6826e+01, 7.8610e-01, 
 2DIAGNOSTIC,    58, -2.531933017435e-01, 5.311981692568e-07, 6.7543e+01, 7.1714e-01, 
 2DIAGNOSTIC,    59, -2.531934728627e-01, 5.230038914311e-07, 6.8251e+01, 7.0811e-01, 
 2DIAGNOSTIC,    60, -2.531934193784e-01, 5.075933774065e-07, 6.8873e+01, 6.2173e-01, 
 2DIAGNOSTIC,    61, -2.531936877273e-01, 5.012273328296e-07, 6.9581e+01, 7.0767e-01, 
 2DIAGNOSTIC,    62, -2.531940544535e-01, 5.027557388460e-07, 7.0209e+01, 6.2840e-01, 
 2DIAGNOSTIC,    63, -2.531943609977e-01, 5.132073101072e-07, 7.0918e+01, 7.0839e-01, 
 2DIAGNOSTIC,    64, -2.531945669506e-01, 5.295359570175e-07, 7.1636e+01, 7.1845e-01, 
 2DIAGNOSTIC,    65, -2.531947335260e-01, 5.405260007085e-07, 7.2533e+01, 8.9709e-01, 
 2DIAGNOSTIC,    66, -2.531947492773e-01, 5.436808475402e-07, 7.3253e+01, 7.2017e-01, 
 2DIAGNOSTIC,    67, -2.531946260002e-01, 5.388245569830e-07, 7.3975e+01, 7.2205e-01, 
 2DIAGNOSTIC,    68, -2.531946262213e-01, 5.223286700991e-07, 7.4708e+01, 7.3272e-01, 
 2DIAGNOSTIC,    69, -2.531944442540e-01, 5.009466831074e-07, 7.5515e+01, 8.0712e-01, 
  Elapsed time (stage 0): 7.5990e+01


Stage 1
  iterations = 1000x500x250x100
  convergence threshold = 4.0000e-07
  convergence window size = 10
  number of levels = 4
  using the Mattes MI metric (number of bins = 32, weight = 1.0000e+00)
  Shrink factors (level 1 out of 4): [5, 5, 8]
  Shrink factors (level 2 out of 4): [3, 3, 4]
  Shrink factors (level 3 out of 4): [1, 1, 2]
  Shrink factors (level 4 out of 4): [1, 1, 1]
  smoothing sigmas per level: [3, 2, 1, 0]
  regular sampling (percentage = 2.5000e-01)

*** Running AffineTransform registration ***

DIAGNOSTIC,Iteration,metricValue,convergenceValue,ITERATION_TIME_INDEX,SINCE_LAST
 2DIAGNOSTIC,     1, -4.759447112840e-01, 1.797693134862e+308, 4.1806e-01, 4.1806e-01, 
 2DIAGNOSTIC,     2, -4.770267460491e-01, 1.797693134862e+308, 4.2445e-01, 6.3970e-03, 
 2DIAGNOSTIC,     3, -4.784190020000e-01, 1.797693134862e+308, 4.3076e-01, 6.3081e-03, 
 2DIAGNOSTIC,     4, -4.817899623928e-01, 1.797693134862e+308, 4.3704e-01, 6.2799e-03, 
 2DIAGNOSTIC,     5, -4.875785111425e-01, 1.797693134862e+308, 4.4348e-01, 6.4430e-03, 
 2DIAGNOSTIC,     6, -4.957465969334e-01, 1.797693134862e+308, 4.4975e-01, 6.2690e-03, 
 2DIAGNOSTIC,     7, -5.122580827717e-01, 1.797693134862e+308, 4.5597e-01, 6.2180e-03, 
 2DIAGNOSTIC,     8, -5.207414208336e-01, 1.797693134862e+308, 4.6288e-01, 6.9110e-03, 
 2DIAGNOSTIC,     9, -5.230568914688e-01, 1.797693134862e+308, 4.6992e-01, 7.0400e-03, 
 2DIAGNOSTIC,    10, -5.239682176303e-01, 7.628781486912e-03, 4.7737e-01, 7.4530e-03, 
 2DIAGNOSTIC,    11, -5.246248524478e-01, 6.955543792085e-03, 4.8481e-01, 7.4351e-03, 
 2DIAGNOSTIC,    12, -5.247915288440e-01, 5.827225456228e-03, 4.9514e-01, 1.0329e-02, 
 2DIAGNOSTIC,    13, -5.248096996244e-01, 4.412906858188e-03, 5.0253e-01, 7.3891e-03, 
 2DIAGNOSTIC,    14, -5.249791239074e-01, 2.956737793882e-03, 5.0901e-01, 6.4840e-03, 
 2DIAGNOSTIC,    15, -5.252623948072e-01, 1.662473534883e-03, 5.1612e-01, 7.1039e-03, 
 2DIAGNOSTIC,    16, -5.255866924408e-01, 6.682163016994e-04, 5.2261e-01, 6.4981e-03, 
 2DIAGNOSTIC,    17, -5.259541472991e-01, 2.811218803081e-04, 5.3041e-01, 7.8001e-03, 
 2DIAGNOSTIC,    18, -5.261605505566e-01, 1.802241294970e-04, 5.3820e-01, 7.7820e-03, 
 2DIAGNOSTIC,    19, -5.259841137389e-01, 1.359484314401e-04, 5.4623e-01, 8.0302e-03, 
 2DIAGNOSTIC,    20, -5.261411490065e-01, 1.131807476886e-04, 5.5416e-01, 7.9391e-03, 
 2DIAGNOSTIC,    21, -5.262318218055e-01, 1.016642055442e-04, 5.6294e-01, 8.7709e-03, 
 2DIAGNOSTIC,    22, -5.264065901709e-01, 9.034359506049e-05, 5.7037e-01, 7.4320e-03, 
 2DIAGNOSTIC,    23, -5.264943373647e-01, 7.423521639033e-05, 5.7797e-01, 7.5991e-03, 
 2DIAGNOSTIC,    24, -5.265693359554e-01, 5.841651834974e-05, 5.8529e-01, 7.3280e-03, 
 2DIAGNOSTIC,    25, -5.263969710162e-01, 4.094564150142e-05, 5.9176e-01, 6.4669e-03, 
 2DIAGNOSTIC,    26, -5.264005904545e-01, 2.794697786152e-05, 5.9997e-01, 8.2090e-03, 
 2DIAGNOSTIC,    27, -5.264023726166e-01, 2.075489321850e-05, 6.0765e-01, 7.6749e-03, 
 2DIAGNOSTIC,    28, -5.264017712040e-01, 1.635730191960e-05, 6.1494e-01, 7.2939e-03, 
 2DIAGNOSTIC,    29, -5.264006703947e-01, 7.437045900366e-06, 6.2264e-01, 7.6959e-03, 
 2DIAGNOSTIC,    30, -5.264016447333e-01, 1.490150898828e-06, 6.2909e-01, 6.4530e-03, 
DIAGNOSTIC,Iteration,metricValue,convergenceValue,ITERATION_TIME_INDEX,SINCE_LAST
 2DIAGNOSTIC,     1, -4.508617154063e-01, 1.797693134862e+308, 1.1042e+00, 4.7509e-01, 
 2DIAGNOSTIC,     2, -4.510166126243e-01, 1.797693134862e+308, 1.1349e+00, 3.0734e-02, 
 2DIAGNOSTIC,     3, -4.511584407659e-01, 1.797693134862e+308, 1.1739e+00, 3.9017e-02, 
 2DIAGNOSTIC,     4, -4.511695179777e-01, 1.797693134862e+308, 1.2087e+00, 3.4726e-02, 
 2DIAGNOSTIC,     5, -4.511688059236e-01, 1.797693134862e+308, 1.2423e+00, 3.3657e-02, 
 2DIAGNOSTIC,     6, -4.511793054515e-01, 1.797693134862e+308, 1.2765e+00, 3.4159e-02, 
 2DIAGNOSTIC,     7, -4.511645279608e-01, 1.797693134862e+308, 1.3170e+00, 4.0507e-02, 
 2DIAGNOSTIC,     8, -4.511591891224e-01, 1.797693134862e+308, 1.3515e+00, 3.4517e-02, 
 2DIAGNOSTIC,     9, -4.511606670038e-01, 1.797693134862e+308, 1.3854e+00, 3.3871e-02, 
 2DIAGNOSTIC,    10, -4.511566048198e-01, 2.968302273537e-05, 1.4191e+00, 3.3732e-02, 
 2DIAGNOSTIC,    11, -4.511572039687e-01, 1.009938855397e-05, 1.4535e+00, 3.4423e-02, 
 2DIAGNOSTIC,    12, -4.511569513104e-01, 1.055271000139e-06, 1.4918e+00, 3.8260e-02, 
 2DIAGNOSTIC,    13, -4.511576841316e-01, 4.522063501294e-07, 1.5302e+00, 3.8402e-02, 
 2DIAGNOSTIC,    14, -4.511565929200e-01, 5.614587776509e-07, 1.5662e+00, 3.6014e-02, 
 2DIAGNOSTIC,    15, -4.511535547713e-01, 6.350972737018e-07, 1.6031e+00, 3.6866e-02, 
 2DIAGNOSTIC,    16, -4.511408865556e-01, 7.691182631608e-07, 1.6347e+00, 3.1682e-02, 
 2DIAGNOSTIC,    17, -4.511402568474e-01, 4.438977239118e-07, 1.6715e+00, 3.6797e-02, 
DIAGNOSTIC,Iteration,metricValue,convergenceValue,ITERATION_TIME_INDEX,SINCE_LAST
 2DIAGNOSTIC,     1, -3.590425421130e-01, 1.797693134862e+308, 3.3235e+00, 1.6520e+00, 
 2DIAGNOSTIC,     2, -3.592268729076e-01, 1.797693134862e+308, 3.7226e+00, 3.9910e-01, 
 2DIAGNOSTIC,     3, -3.593416253613e-01, 1.797693134862e+308, 4.1866e+00, 4.6397e-01, 
 2DIAGNOSTIC,     4, -3.593620891598e-01, 1.797693134862e+308, 5.0239e+00, 8.3737e-01, 
 2DIAGNOSTIC,     5, -3.593642645514e-01, 1.797693134862e+308, 5.4749e+00, 4.5092e-01, 
 2DIAGNOSTIC,     6, -3.593638899276e-01, 1.797693134862e+308, 6.1549e+00, 6.8000e-01, 
 2DIAGNOSTIC,     7, -3.593640225060e-01, 1.797693134862e+308, 6.8376e+00, 6.8270e-01, 
 2DIAGNOSTIC,     8, -3.593640569435e-01, 1.797693134862e+308, 7.2994e+00, 4.6180e-01, 
 2DIAGNOSTIC,     9, -3.593638772372e-01, 1.797693134862e+308, 7.7513e+00, 4.5194e-01, 
 2DIAGNOSTIC,    10, -3.593638099022e-01, 3.937145533271e-05, 8.2156e+00, 4.6425e-01, 
 2DIAGNOSTIC,    11, -3.593636321234e-01, 1.420431880875e-05, 8.6772e+00, 4.6167e-01, 
 2DIAGNOSTIC,    12, -3.593637435123e-01, 4.176778905893e-06, 9.0850e+00, 4.0772e-01, 
 2DIAGNOSTIC,    13, -3.593637554108e-01, 2.501996765616e-06, 9.5375e+00, 4.5255e-01, 
 2DIAGNOSTIC,    14, -3.593634439674e-01, 2.196458026779e-06, 9.9915e+00, 4.5398e-01, 
 2DIAGNOSTIC,    15, -3.593629362814e-01, 2.027912960556e-06, 1.0391e+01, 3.9949e-01, 
 2DIAGNOSTIC,    16, -3.593629796546e-01, 1.872954511734e-06, 1.0795e+01, 4.0384e-01, 
 2DIAGNOSTIC,    17, -3.593634001348e-01, 1.771740981378e-06, 1.1197e+01, 4.0200e-01, 
 2DIAGNOSTIC,    18, -3.593633820897e-01, 1.690912202389e-06, 1.1641e+01, 4.4371e-01, 
 2DIAGNOSTIC,    19, -3.593626014019e-01, 1.586322759227e-06, 1.2142e+01, 5.0171e-01, 
 2DIAGNOSTIC,    20, -3.593626396641e-01, 1.501006521250e-06, 1.2590e+01, 4.4768e-01, 
 2DIAGNOSTIC,    21, -3.593627106636e-01, 1.427412654763e-06, 1.2983e+01, 3.9331e-01, 
 2DIAGNOSTIC,    22, -3.593627223122e-01, 1.371879710950e-06, 1.3425e+01, 4.4188e-01, 
 2DIAGNOSTIC,    23, -3.593627998131e-01, 1.331401701048e-06, 1.3831e+01, 4.0622e-01, 
 2DIAGNOSTIC,    24, -3.593621193508e-01, 1.267582029230e-06, 1.4329e+01, 4.9806e-01, 
 2DIAGNOSTIC,    25, -3.593621715840e-01, 1.200723170357e-06, 1.4732e+01, 4.0271e-01, 
 2DIAGNOSTIC,    26, -3.593619315172e-01, 1.138712466611e-06, 1.5181e+01, 4.4889e-01, 
 2DIAGNOSTIC,    27, -3.593620543104e-01, 1.104827518840e-06, 1.5640e+01, 4.5871e-01, 
 2DIAGNOSTIC,    28, -3.593616906484e-01, 1.070057794095e-06, 1.6090e+01, 4.5021e-01, 
 2DIAGNOSTIC,    29, -3.593616742196e-01, 1.022700993579e-06, 1.6495e+01, 4.0505e-01, 
 2DIAGNOSTIC,    30, -3.593600326063e-01, 9.432541398444e-07, 1.6952e+01, 4.5754e-01, 
 2DIAGNOSTIC,    31, -3.593596616727e-01, 8.732276624845e-07, 1.7403e+01, 4.5085e-01, 
 2DIAGNOSTIC,    32, -3.593590136872e-01, 8.058783341550e-07, 1.7909e+01, 5.0568e-01, 
 2DIAGNOSTIC,    33, -3.593583765334e-01, 7.472730331123e-07, 1.8360e+01, 4.5102e-01, 
 2DIAGNOSTIC,    34, -3.593583590230e-01, 6.966797637016e-07, 1.8764e+01, 4.0394e-01, 
 2DIAGNOSTIC,    35, -3.593582524635e-01, 6.707664411305e-07, 1.9215e+01, 4.5099e-01, 
 2DIAGNOSTIC,    36, -3.593584026625e-01, 6.669436600805e-07, 1.9620e+01, 4.0483e-01, 
 2DIAGNOSTIC,    37, -3.593584457333e-01, 6.873312569412e-07, 2.0020e+01, 4.0047e-01, 
 2DIAGNOSTIC,    38, -3.593586897787e-01, 7.203007450149e-07, 2.0482e+01, 4.6132e-01, 
 2DIAGNOSTIC,    39, -3.593584377093e-01, 7.578999078779e-07, 2.0930e+01, 4.4891e-01, 
 2DIAGNOSTIC,    40, -3.593584869055e-01, 7.677318916051e-07, 2.1333e+01, 4.0248e-01, 
 2DIAGNOSTIC,    41, -3.593586903337e-01, 7.766320766593e-07, 2.1845e+01, 5.1198e-01, 
 2DIAGNOSTIC,    42, -3.593586166408e-01, 7.715358509609e-07, 2.2406e+01, 5.6108e-01, 
 2DIAGNOSTIC,    43, -3.593585660517e-01, 7.527441874960e-07, 2.2859e+01, 4.5346e-01, 
 2DIAGNOSTIC,    44, -3.593581095647e-01, 7.252742698395e-07, 2.3370e+01, 5.1100e-01, 
 2DIAGNOSTIC,    45, -3.593578869707e-01, 6.932094357391e-07, 2.3763e+01, 3.9295e-01, 
