Running T1-THOMAS on sub-1
INFO:    Mounting image with FUSE.
Some packages in this Docker container are non-free
If you are considering commercial use of this container, please consult the relevant license:
https://fsl.fmrib.ox.ac.uk/fsl/fslwiki/Licence
THOMAS_HOME setting of /opt/thomas_new
Linux OS detected
File name OK
Running left and right thalamus MV big
All_Command_lines_OK
Using double precision for computations.
=============================================================================
The composite transform comprises the following transforms (in order): 
  1. Center of mass alignment using fixed image: sub-1_desc-preproc_T1w.nii.gz and moving image: /opt/thomas_new/origtemplate.nii.gz (type = Euler3DTransform)
=============================================================================
  number of levels = 4
  number of levels = 4
  fixed image: sub-1_desc-preproc_T1w.nii.gz
  moving image: /opt/thomas_new/origtemplate.nii.gz
  fixed image: sub-1_desc-preproc_T1w.nii.gz
  moving image: /opt/thomas_new/origtemplate.nii.gz
Dimension = 3
Number of stages = 2
Use Histogram Matching false
Winsorize image intensities false
Lower quantile = 0
Upper quantile = 1
Stage 1 State
   Image metric = Mattes
     Fixed image = Image (0x3f52940)
  RTTI typeinfo:   itk::Image<double, 3u>
  Reference Count: 2
  Modified Time: 1696
  Debug: Off
  Object Name: 
  Observers: 
    none
  Source: (none)
  Source output name: (none)
  Release Data: Off
  Data Released: False
  Global Release Data: Off
  PipelineMTime: 0
  UpdateMTime: 1479
  RealTimeStamp: 0 seconds 
  LargestPossibleRegion: 
    Dimension: 3
    Index: [0, 0, 0]
    Size: [160, 256, 256]
  BufferedRegion: 
    Dimension: 3
    Index: [0, 0, 0]
    Size: [160, 256, 256]
  RequestedRegion: 
    Dimension: 3
    Index: [0, 0, 0]
    Size: [160, 256, 256]
  Spacing: [1, 0.976562, 0.976562]
  Origin: [70.362, 127.214, -126.608]
  Direction: 
-0.998499 0.0436194 0.0331236
-0.0435954 -0.999048 0.00144619
0.0331552 -1.38414e-08 0.99945

  IndexToPointMatrix: 
-0.998499 0.042597 0.0323473
-0.0435954 -0.975633 0.0014123
0.0331552 -1.3517e-08 0.976026

  PointToIndexMatrix: 
-0.998499 -0.0435954 0.0331552
0.0446662 -1.02303 -1.42186e-08
0.0339186 0.0014809 1.02344

  Inverse Direction: 
-0.998499 -0.0435954 0.0331552
0.0436194 -0.999048 -1.38853e-08
0.0331236 0.00144619 0.99945

  PixelContainer: 
    ImportImageContainer (0x3f4b420)
      RTTI typeinfo:   itk::ImportImageContainer<unsigned long, double>
      Reference Count: 1
      Modified Time: 1476
      Debug: Off
      Object Name: 
      Observers: 
        none
      Pointer: 0x149e22984010
      Container manages memory: true
      Size: 10485760
      Capacity: 10485760

     Moving image = Image (0x3f4c1f0)
  RTTI typeinfo:   itk::Image<double, 3u>
  Reference Count: 2
  Modified Time: 1697
  Debug: Off
  Object Name: 
  Observers: 
    none
  Source: (none)
  Source output name: (none)
  Release Data: Off
  Data Released: False
  Global Release Data: Off
  PipelineMTime: 0
  UpdateMTime: 1694
  RealTimeStamp: 0 seconds 
  LargestPossibleRegion: 
    Dimension: 3
    Index: [0, 0, 0]
    Size: [256, 440, 256]
  BufferedRegion: 
    Dimension: 3
    Index: [0, 0, 0]
    Size: [256, 440, 256]
  RequestedRegion: 
    Dimension: 3
    Index: [0, 0, 0]
    Size: [256, 440, 256]
  Spacing: [0.7031, 0.5, 0.7031]
  Origin: [83.5844, 59.822, -106.951]
  Direction: 
-1 0 0
0 -1 0
0 0 1

  IndexToPointMatrix: 
-0.7031 0 0
0 -0.5 0
0 0 0.7031

  PointToIndexMatrix: 
-1.42227 0 0
0 -2 0
0 0 1.42227

  Inverse Direction: 
-1 0 0
0 -1 0
0 0 1

  PixelContainer: 
    ImportImageContainer (0x3f4c480)
      RTTI typeinfo:   itk::ImportImageContainer<unsigned long, double>
      Reference Count: 1
      Modified Time: 1691
      Debug: Off
      Object Name: 
      Observers: 
        none
      Pointer: 0x149e14d83010
      Container manages memory: true
      Size: 28835840
      Capacity: 28835840

     Weighting = 1
     Sampling strategy = regular
     Number of bins = 32
     Radius = 4
     Sampling percentage  = 0.25
   Transform = Rigid
     Gradient step = 0.1
     Update field sigma (voxel space) = 0
     Total field sigma (voxel space) = 0
     Update field time sigma = 0
     Total field time sigma  = 0
     Number of time indices = 0
     Number of time point samples = 0
Stage 2 State
   Image metric = Mattes
     Fixed image = Image (0x3f5e960)
  RTTI typeinfo:   itk::Image<double, 3u>
  Reference Count: 2
  Modified Time: 2128
  Debug: Off
  Object Name: 
  Observers: 
    none
  Source: (none)
  Source output name: (none)
  Release Data: Off
  Data Released: False
  Global Release Data: Off
  PipelineMTime: 0
  UpdateMTime: 1911
  RealTimeStamp: 0 seconds 
  LargestPossibleRegion: 
    Dimension: 3
    Index: [0, 0, 0]
    Size: [160, 256, 256]
  BufferedRegion: 
    Dimension: 3
    Index: [0, 0, 0]
    Size: [160, 256, 256]
  RequestedRegion: 
    Dimension: 3
    Index: [0, 0, 0]
    Size: [160, 256, 256]
  Spacing: [1, 0.976562, 0.976562]
  Origin: [70.362, 127.214, -126.608]
  Direction: 
-0.998499 0.0436194 0.0331236
-0.0435954 -0.999048 0.00144619
0.0331552 -1.38414e-08 0.99945

  IndexToPointMatrix: 
-0.998499 0.042597 0.0323473
-0.0435954 -0.975633 0.0014123
0.0331552 -1.3517e-08 0.976026

  PointToIndexMatrix: 
-0.998499 -0.0435954 0.0331552
0.0446662 -1.02303 -1.42186e-08
0.0339186 0.0014809 1.02344

  Inverse Direction: 
-0.998499 -0.0435954 0.0331552
0.0436194 -0.999048 -1.38853e-08
0.0331236 0.00144619 0.99945

  PixelContainer: 
    ImportImageContainer (0x3f4a220)
      RTTI typeinfo:   itk::ImportImageContainer<unsigned long, double>
      Reference Count: 1
      Modified Time: 1908
      Debug: Off
      Object Name: 
      Observers: 
        none
      Pointer: 0x149e0fd82010
      Container manages memory: true
      Size: 10485760
      Capacity: 10485760

     Moving image = Image (0x3f603f0)
  RTTI typeinfo:   itk::Image<double, 3u>
  Reference Count: 2
  Modified Time: 2129
  Debug: Off
  Object Name: 
  Observers: 
    none
  Source: (none)
  Source output name: (none)
  Release Data: Off
  Data Released: False
  Global Release Data: Off
  PipelineMTime: 0
  UpdateMTime: 2126
  RealTimeStamp: 0 seconds 
  LargestPossibleRegion: 
    Dimension: 3
    Index: [0, 0, 0]
    Size: [256, 440, 256]
  BufferedRegion: 
    Dimension: 3
    Index: [0, 0, 0]
    Size: [256, 440, 256]
  RequestedRegion: 
    Dimension: 3
    Index: [0, 0, 0]
    Size: [256, 440, 256]
  Spacing: [0.7031, 0.5, 0.7031]
  Origin: [83.5844, 59.822, -106.951]
  Direction: 
-1 0 0
0 -1 0
0 0 1

  IndexToPointMatrix: 
-0.7031 0 0
0 -0.5 0
0 0 0.7031

  PointToIndexMatrix: 
-1.42227 0 0
0 -2 0
0 0 1.42227

  Inverse Direction: 
-1 0 0
0 -1 0
0 0 1

  PixelContainer: 
    ImportImageContainer (0x3f50d30)
      RTTI typeinfo:   itk::ImportImageContainer<unsigned long, double>
      Reference Count: 1
      Modified Time: 2123
      Debug: Off
      Object Name: 
      Observers: 
        none
      Pointer: 0x149e02181010
      Container manages memory: true
      Size: 28835840
      Capacity: 28835840

     Weighting = 1
     Sampling strategy = regular
     Number of bins = 32
     Radius = 4
     Sampling percentage  = 0.25
   Transform = Affine
     Gradient step = 0.1
     Update field sigma (voxel space) = 0
     Total field sigma (voxel space) = 0
     Update field time sigma = 0
     Total field time sigma  = 0
     Number of time indices = 0
     Number of time point samples = 0
Registration using 2 total stages.

Stage 0
  iterations = 1000x500x250x100
  convergence threshold = 5e-07
  convergence window size = 10
  number of levels = 4
  using the Mattes MI metric (number of bins = 32, weight = 1)
  Shrink factors (level 1 out of 4): [8, 8, 8]
  Shrink factors (level 2 out of 4): [4, 4, 4]
  Shrink factors (level 3 out of 4): [2, 2, 2]
  Shrink factors (level 4 out of 4): [1, 1, 1]
  smoothing sigmas per level: [3, 2, 1, 0]
  regular sampling (percentage = 0.25)

*** Running Euler3DTransform registration ***

DIAGNOSTIC,Iteration,metricValue,convergenceValue,ITERATION_TIME_INDEX,SINCE_LAST
 2DIAGNOSTIC,     1, -2.902906954524e-01, 1.797693134862e+308, 3.2857e-01, 3.2857e-01, 
 2DIAGNOSTIC,     2, -2.901346156348e-01, 1.797693134862e+308, 3.3176e-01, 3.1860e-03, 
 2DIAGNOSTIC,     3, -2.904422909359e-01, 1.797693134862e+308, 3.3451e-01, 2.7540e-03, 
 2DIAGNOSTIC,     4, -2.906723118279e-01, 1.797693134862e+308, 3.3726e-01, 2.7478e-03, 
 2DIAGNOSTIC,     5, -2.918195151236e-01, 1.797693134862e+308, 3.4023e-01, 2.9731e-03, 
 2DIAGNOSTIC,     6, -2.928637252835e-01, 1.797693134862e+308, 3.4264e-01, 2.4040e-03, 
 2DIAGNOSTIC,     7, -2.951974233555e-01, 1.797693134862e+308, 3.4532e-01, 2.6801e-03, 
 2DIAGNOSTIC,     8, -3.032878736634e-01, 1.797693134862e+308, 3.4782e-01, 2.5001e-03, 
 2DIAGNOSTIC,     9, -3.145849449565e-01, 1.797693134862e+308, 3.5067e-01, 2.8560e-03, 
 2DIAGNOSTIC,    10, -3.260907097215e-01, 6.520888368205e-03, 3.5544e-01, 4.7681e-03, 
 2DIAGNOSTIC,    11, -3.918681599612e-01, 1.308059064830e-02, 3.5843e-01, 2.9879e-03, 
 2DIAGNOSTIC,    12, -4.409676879565e-01, 2.043226806470e-02, 3.6271e-01, 4.2801e-03, 
 2DIAGNOSTIC,    13, -4.416423744203e-01, 2.449271902060e-02, 3.6879e-01, 6.0799e-03, 
 2DIAGNOSTIC,    14, -4.417476432250e-01, 2.572406267539e-02, 3.7230e-01, 3.5090e-03, 
 2DIAGNOSTIC,    15, -4.422472398374e-01, 2.455760000855e-02, 3.7514e-01, 2.8419e-03, 
 2DIAGNOSTIC,    16, -4.423908030827e-01, 2.136680442353e-02, 3.7790e-01, 2.7571e-03, 
 2DIAGNOSTIC,    17, -4.426130560855e-01, 1.678145822103e-02, 3.8098e-01, 3.0890e-03, 
 2DIAGNOSTIC,    18, -4.434342425389e-01, 1.171473367788e-02, 3.8388e-01, 2.8930e-03, 
 2DIAGNOSTIC,    19, -4.436340144385e-01, 6.748770910444e-03, 3.8747e-01, 3.5880e-03, 
 2DIAGNOSTIC,    20, -4.437117465367e-01, 2.159032969093e-03, 3.9054e-01, 3.0742e-03, 
 2DIAGNOSTIC,    21, -4.439473133234e-01, 2.459226252972e-04, 3.9474e-01, 4.2028e-03, 
 2DIAGNOSTIC,    22, -4.440387400196e-01, 2.106130470159e-04, 3.9811e-01, 3.3650e-03, 
 2DIAGNOSTIC,    23, -4.438739024234e-01, 1.759154498163e-04, 4.0138e-01, 3.2690e-03, 
 2DIAGNOSTIC,    24, -4.438407893435e-01, 1.304262769953e-04, 4.0471e-01, 3.3379e-03, 
 2DIAGNOSTIC,    25, -4.438696760213e-01, 9.309031552528e-05, 4.0800e-01, 3.2868e-03, 
 2DIAGNOSTIC,    26, -4.438027311534e-01, 5.262037466376e-05, 4.1150e-01, 3.4969e-03, 
 2DIAGNOSTIC,    27, -4.438108862421e-01, 1.649986429546e-05, 4.1480e-01, 3.2990e-03, 
DIAGNOSTIC,Iteration,metricValue,convergenceValue,ITERATION_TIME_INDEX,SINCE_LAST
 2DIAGNOSTIC,     1, -2.887968996901e-01, 1.797693134862e+308, 7.5474e-01, 3.3994e-01, 
 2DIAGNOSTIC,     2, -2.895768139065e-01, 1.797693134862e+308, 7.6286e-01, 8.1251e-03, 
 2DIAGNOSTIC,     3, -2.906172250926e-01, 1.797693134862e+308, 7.7061e-01, 7.7491e-03, 
 2DIAGNOSTIC,     4, -2.928187531339e-01, 1.797693134862e+308, 7.7838e-01, 7.7660e-03, 
 2DIAGNOSTIC,     5, -2.952550030678e-01, 1.797693134862e+308, 7.8625e-01, 7.8712e-03, 
 2DIAGNOSTIC,     6, -2.983976078960e-01, 1.797693134862e+308, 7.9455e-01, 8.3010e-03, 
 2DIAGNOSTIC,     7, -3.056700288190e-01, 1.797693134862e+308, 8.0244e-01, 7.8890e-03, 
 2DIAGNOSTIC,     8, -3.066105165014e-01, 1.797693134862e+308, 8.1055e-01, 8.1122e-03, 
 2DIAGNOSTIC,     9, -3.114775102084e-01, 1.797693134862e+308, 8.1991e-01, 9.3591e-03, 
 2DIAGNOSTIC,    10, -3.212586737841e-01, 6.571285344893e-03, 8.3282e-01, 1.2905e-02, 
 2DIAGNOSTIC,    11, -3.312960362129e-01, 7.517270093642e-03, 8.4242e-01, 9.6061e-03, 
 2DIAGNOSTIC,    12, -3.322740392030e-01, 7.743080492774e-03, 8.5228e-01, 9.8579e-03, 
 2DIAGNOSTIC,    13, -3.326861259596e-01, 7.354529188077e-03, 8.6115e-01, 8.8670e-03, 
 2DIAGNOSTIC,    14, -3.351782428418e-01, 6.674483474457e-03, 8.7141e-01, 1.0265e-02, 
 2DIAGNOSTIC,    15, -3.365690431893e-01, 5.701966937436e-03, 8.8286e-01, 1.1450e-02, 
 2DIAGNOSTIC,    16, -3.398406435750e-01, 4.682605809947e-03, 8.9168e-01, 8.8210e-03, 
 2DIAGNOSTIC,    17, -3.435335103300e-01, 3.949316963822e-03, 9.0035e-01, 8.6648e-03, 
 2DIAGNOSTIC,    18, -3.589426131594e-01, 3.751283175773e-03, 9.1330e-01, 1.2947e-02, 
 2DIAGNOSTIC,    19, -3.624377240605e-01, 3.596026452560e-03, 9.2264e-01, 9.3460e-03, 
 2DIAGNOSTIC,    20, -3.722384404388e-01, 3.977735042885e-03, 9.3091e-01, 8.2650e-03, 
 2DIAGNOSTIC,    21, -3.878117604000e-01, 5.004438350749e-03, 9.4346e-01, 1.2559e-02, 
 2DIAGNOSTIC,    22, -3.879178659283e-01, 5.486140606366e-03, 9.5531e-01, 1.1848e-02, 
 2DIAGNOSTIC,    23, -3.878816890411e-01, 5.425771850744e-03, 9.6688e-01, 1.1562e-02, 
 2DIAGNOSTIC,    24, -3.878552587382e-01, 4.959835792277e-03, 9.7582e-01, 8.9478e-03, 
 2DIAGNOSTIC,    25, -3.878220595983e-01, 4.119357196355e-03, 9.8580e-01, 9.9790e-03, 
 2DIAGNOSTIC,    26, -3.878179579436e-01, 3.068787555863e-03, 9.9494e-01, 9.1381e-03, 
 2DIAGNOSTIC,    27, -3.877987396204e-01, 1.924486149166e-03, 1.0029e+00, 7.9951e-03, 
 2DIAGNOSTIC,    28, -3.877431873846e-01, 1.157786689527e-03, 1.0120e+00, 9.0611e-03, 
 2DIAGNOSTIC,    29, -3.877597637525e-01, 4.401063264200e-04, 1.0211e+00, 9.0539e-03, 
DIAGNOSTIC,Iteration,metricValue,convergenceValue,ITERATION_TIME_INDEX,SINCE_LAST
 2DIAGNOSTIC,     1, -3.005197846288e-01, 1.797693134862e+308, 1.5192e+00, 4.9816e-01, 
 2DIAGNOSTIC,     2, -3.011283196293e-01, 1.797693134862e+308, 1.5747e+00, 5.5526e-02, 
 2DIAGNOSTIC,     3, -3.019174105276e-01, 1.797693134862e+308, 1.6349e+00, 6.0178e-02, 
 2DIAGNOSTIC,     4, -3.031826964124e-01, 1.797693134862e+308, 1.6922e+00, 5.7287e-02, 
 2DIAGNOSTIC,     5, -3.047391615942e-01, 1.797693134862e+308, 1.7504e+00, 5.8221e-02, 
 2DIAGNOSTIC,     6, -3.052360055648e-01, 1.797693134862e+308, 1.8067e+00, 5.6240e-02, 
 2DIAGNOSTIC,     7, -3.060402003465e-01, 1.797693134862e+308, 1.8642e+00, 5.7516e-02, 
 2DIAGNOSTIC,     8, -3.078359703488e-01, 1.797693134862e+308, 1.9293e+00, 6.5144e-02, 
 2DIAGNOSTIC,     9, -3.094733217998e-01, 1.797693134862e+308, 2.0672e+00, 1.3790e-01, 
 2DIAGNOSTIC,    10, -3.094871796665e-01, 2.037605574411e-03, 2.1635e+00, 9.6226e-02, 
 2DIAGNOSTIC,    11, -3.094876059534e-01, 1.776991361105e-03, 2.2263e+00, 6.2817e-02, 
 2DIAGNOSTIC,    12, -3.094848236243e-01, 1.450144043367e-03, 2.2886e+00, 6.2336e-02, 
 2DIAGNOSTIC,    13, -3.094803558958e-01, 1.096172415831e-03, 2.3516e+00, 6.2984e-02, 
 2DIAGNOSTIC,    14, -3.094791888496e-01, 7.738726364129e-04, 2.4062e+00, 5.4576e-02, 
 2DIAGNOSTIC,    15, -3.094769447064e-01, 5.217989198962e-04, 2.4680e+00, 6.1825e-02, 
 2DIAGNOSTIC,    16, -3.094681119700e-01, 2.836305359739e-04, 2.5228e+00, 5.4815e-02, 
 2DIAGNOSTIC,    17, -3.094657186956e-01, 8.979722029952e-05, 2.5943e+00, 7.1481e-02, 
DIAGNOSTIC,Iteration,metricValue,convergenceValue,ITERATION_TIME_INDEX,SINCE_LAST
 2DIAGNOSTIC,     1, -2.519483904636e-01, 1.797693134862e+308, 4.0176e+00, 1.4234e+00, 
 2DIAGNOSTIC,     2, -2.519505330797e-01, 1.797693134862e+308, 4.4128e+00, 3.9512e-01, 
 2DIAGNOSTIC,     3, -2.519502441088e-01, 1.797693134862e+308, 4.8556e+00, 4.4286e-01, 
 2DIAGNOSTIC,     4, -2.519478052282e-01, 1.797693134862e+308, 5.3975e+00, 5.4190e-01, 
 2DIAGNOSTIC,     5, -2.519467626371e-01, 1.797693134862e+308, 5.7850e+00, 3.8746e-01, 
 2DIAGNOSTIC,     6, -2.519467101908e-01, 1.797693134862e+308, 6.2753e+00, 4.9035e-01, 
 2DIAGNOSTIC,     7, -2.519468215495e-01, 1.797693134862e+308, 6.6669e+00, 3.9153e-01, 
 2DIAGNOSTIC,     8, -2.519464787370e-01, 1.797693134862e+308, 7.0647e+00, 3.9783e-01, 
 2DIAGNOSTIC,     9, -2.519463778946e-01, 1.797693134862e+308, 7.4121e+00, 3.4741e-01, 
 2DIAGNOSTIC,    10, -2.519462814345e-01, 2.182567004849e-06, 7.8038e+00, 3.9174e-01, 
 2DIAGNOSTIC,    11, -2.519457667228e-01, 1.933543518656e-06, 8.1967e+00, 3.9289e-01, 
 2DIAGNOSTIC,    12, -2.519457585178e-01, 2.010088267806e-06, 8.6347e+00, 4.3798e-01, 
 2DIAGNOSTIC,    13, -2.519456477242e-01, 2.102768972126e-06, 8.9798e+00, 3.4506e-01, 
 2DIAGNOSTIC,    14, -2.519448112048e-01, 1.951899719924e-06, 9.3718e+00, 3.9205e-01, 
 2DIAGNOSTIC,    15, -2.519448955268e-01, 1.780093759021e-06, 9.7698e+00, 3.9805e-01, 
 2DIAGNOSTIC,    16, -2.519447678782e-01, 1.647295336193e-06, 1.0159e+01, 3.8907e-01, 
 2DIAGNOSTIC,    17, -2.519445592194e-01, 1.555077388513e-06, 1.0499e+01, 3.4021e-01, 
 2DIAGNOSTIC,    18, -2.519437456203e-01, 1.430098409062e-06, 1.0835e+01, 3.3542e-01, 
 2DIAGNOSTIC,    19, -2.519440599484e-01, 1.363927393021e-06, 1.1225e+01, 3.9087e-01, 
 2DIAGNOSTIC,    20, -2.519440411710e-01, 1.326302943250e-06, 1.1613e+01, 3.8786e-01, 
 2DIAGNOSTIC,    21, -2.519443520499e-01, 1.304790561048e-06, 1.2007e+01, 3.9356e-01, 
 2DIAGNOSTIC,    22, -2.519441927070e-01, 1.296120262437e-06, 1.2399e+01, 3.9206e-01, 
 2DIAGNOSTIC,    23, -2.519441142104e-01, 1.295103283540e-06, 1.2791e+01, 3.9192e-01, 
 2DIAGNOSTIC,    24, -2.519439864887e-01, 1.256897242508e-06, 1.3221e+01, 4.3027e-01, 
 2DIAGNOSTIC,    25, -2.519435325306e-01, 1.210868615743e-06, 1.3618e+01, 3.9709e-01, 
 2DIAGNOSTIC,    26, -2.519432227256e-01, 1.155486540838e-06, 1.3970e+01, 3.5162e-01, 
 2DIAGNOSTIC,    27, -2.519427547352e-01, 1.083589726454e-06, 1.4366e+01, 3.9642e-01, 
 2DIAGNOSTIC,    28, -2.519426121752e-01, 9.872440860856e-07, 1.4808e+01, 4.4166e-01, 
 2DIAGNOSTIC,    29, -2.519428075689e-01, 9.313947367667e-07, 1.5148e+01, 3.4024e-01, 
 2DIAGNOSTIC,    30, -2.519423057036e-01, 8.746725883441e-07, 1.5483e+01, 3.3517e-01, 
 2DIAGNOSTIC,    31, -2.519423615636e-01, 8.534242263644e-07, 1.5827e+01, 3.4402e-01, 
 2DIAGNOSTIC,    32, -2.519424562253e-01, 8.475326998894e-07, 1.6218e+01, 3.9109e-01, 
 2DIAGNOSTIC,    33, -2.519425400300e-01, 8.556102339061e-07, 1.6560e+01, 3.4179e-01, 
 2DIAGNOSTIC,    34, -2.519423080909e-01, 8.615779453977e-07, 1.6950e+01, 3.8964e-01, 
 2DIAGNOSTIC,    35, -2.519423989461e-01, 8.631008139928e-07, 1.7348e+01, 3.9775e-01, 
 2DIAGNOSTIC,    36, -2.519422903361e-01, 8.561373062224e-07, 1.7689e+01, 3.4174e-01, 
 2DIAGNOSTIC,    37, -2.519422027516e-01, 8.351205107587e-07, 1.8072e+01, 3.8262e-01, 
 2DIAGNOSTIC,    38, -2.519423003244e-01, 8.159509919184e-07, 1.8469e+01, 3.9668e-01, 
 2DIAGNOSTIC,    39, -2.519420606830e-01, 7.989123601837e-07, 1.8813e+01, 3.4485e-01, 
 2DIAGNOSTIC,    40, -2.519424390583e-01, 7.810416491755e-07, 1.9157e+01, 3.4361e-01, 
 2DIAGNOSTIC,    41, -2.519429891461e-01, 7.816347047350e-07, 1.9555e+01, 3.9837e-01, 
 2DIAGNOSTIC,    42, -2.519424771097e-01, 7.699731042719e-07, 1.9945e+01, 3.8991e-01, 
 2DIAGNOSTIC,    43, -2.519430793244e-01, 7.765121888929e-07, 2.0380e+01, 4.3443e-01, 
 2DIAGNOSTIC,    44, -2.519428675072e-01, 7.674150500764e-07, 2.0765e+01, 3.8496e-01, 
 2DIAGNOSTIC,    45, -2.519429858695e-01, 7.597405634677e-07, 2.1111e+01, 3.4627e-01, 
 2DIAGNOSTIC,    46, -2.519429764783e-01, 7.443227924009e-07, 2.1493e+01, 3.8221e-01, 
 2DIAGNOSTIC,    47, -2.519436038661e-01, 7.375336261682e-07, 2.1874e+01, 3.8033e-01, 
 2DIAGNOSTIC,    48, -2.519426457540e-01, 7.049139329682e-07, 2.2260e+01, 3.8615e-01, 
 2DIAGNOSTIC,    49, -2.519428970542e-01, 6.703808320373e-07, 2.2695e+01, 4.3560e-01, 
 2DIAGNOSTIC,    50, -2.519428819048e-01, 6.428998781637e-07, 2.3084e+01, 3.8862e-01, 
 2DIAGNOSTIC,    51, -2.519430555305e-01, 6.319427992216e-07, 2.3481e+01, 3.9675e-01, 
 2DIAGNOSTIC,    52, -2.519430880167e-01, 6.096537022715e-07, 2.3875e+01, 3.9388e-01, 
 2DIAGNOSTIC,    53, -2.519428220016e-01, 5.960100802338e-07, 2.4368e+01, 4.9392e-01, 
 2DIAGNOSTIC,    54, -2.519424380101e-01, 5.711809643524e-07, 2.4763e+01, 3.9434e-01, 
 2DIAGNOSTIC,    55, -2.519421034861e-01, 5.445223880129e-07, 2.5155e+01, 3.9235e-01, 
 2DIAGNOSTIC,    56, -2.519421232527e-01, 5.217147427510e-07, 2.5491e+01, 3.3549e-01, 
 2DIAGNOSTIC,    57, -2.519419653976e-01, 5.138309826097e-07, 2.5886e+01, 3.9494e-01, 
  Elapsed time (stage 0): 2.6203e+01


Stage 1
  iterations = 1000x500x250x100
  convergence threshold = 4.0000e-07
  convergence window size = 10
  number of levels = 4
  using the Mattes MI metric (number of bins = 32, weight = 1.0000e+00)
  Shrink factors (level 1 out of 4): [8, 8, 8]
  Shrink factors (level 2 out of 4): [4, 4, 4]
  Shrink factors (level 3 out of 4): [2, 2, 2]
  Shrink factors (level 4 out of 4): [1, 1, 1]
  smoothing sigmas per level: [3, 2, 1, 0]
  regular sampling (percentage = 2.5000e-01)

*** Running AffineTransform registration ***

DIAGNOSTIC,Iteration,metricValue,convergenceValue,ITERATION_TIME_INDEX,SINCE_LAST
 2DIAGNOSTIC,     1, -4.913982870590e-01, 1.797693134862e+308, 3.3120e-01, 3.3120e-01, 
 2DIAGNOSTIC,     2, -4.935576668404e-01, 1.797693134862e+308, 3.3424e-01, 3.0379e-03, 
 2DIAGNOSTIC,     3, -4.948489120524e-01, 1.797693134862e+308, 3.3714e-01, 2.9011e-03, 
 2DIAGNOSTIC,     4, -4.965996686010e-01, 1.797693134862e+308, 3.3983e-01, 2.6829e-03, 
 2DIAGNOSTIC,     5, -4.979218768572e-01, 1.797693134862e+308, 3.4260e-01, 2.7721e-03, 
 2DIAGNOSTIC,     6, -5.017993959472e-01, 1.797693134862e+308, 3.4543e-01, 2.8272e-03, 
 2DIAGNOSTIC,     7, -5.133231582396e-01, 1.797693134862e+308, 3.4906e-01, 3.6359e-03, 
 2DIAGNOSTIC,     8, -5.312715931735e-01, 1.797693134862e+308, 3.5234e-01, 3.2821e-03, 
 2DIAGNOSTIC,     9, -5.336338642047e-01, 1.797693134862e+308, 3.5523e-01, 2.8858e-03, 
 2DIAGNOSTIC,    10, -5.411997792077e-01, 6.631281276901e-03, 3.6001e-01, 4.7801e-03, 
 2DIAGNOSTIC,    11, -5.511789607848e-01, 7.129251129724e-03, 3.6503e-01, 5.0161e-03, 
 2DIAGNOSTIC,    12, -5.517021876931e-01, 7.006446209688e-03, 3.6787e-01, 2.8439e-03, 
 2DIAGNOSTIC,    13, -5.526735178835e-01, 6.364890044945e-03, 3.7214e-01, 4.2660e-03, 
 2DIAGNOSTIC,    14, -5.561866613275e-01, 5.455256406753e-03, 3.7535e-01, 3.2141e-03, 
 2DIAGNOSTIC,    15, -5.566843162481e-01, 4.246552315428e-03, 3.7909e-01, 3.7370e-03, 
 2DIAGNOSTIC,    16, -5.572457208705e-01, 2.951797633353e-03, 3.8271e-01, 3.6211e-03, 
 2DIAGNOSTIC,    17, -5.571245068099e-01, 1.896535663961e-03, 3.8584e-01, 3.1331e-03, 
 2DIAGNOSTIC,    18, -5.578950155689e-01, 1.353070008991e-03, 3.8917e-01, 3.3300e-03, 
 2DIAGNOSTIC,    19, -5.585922129880e-01, 8.261895624477e-04, 3.9212e-01, 2.9509e-03, 
 2DIAGNOSTIC,    20, -5.593935443489e-01, 4.933151920875e-04, 3.9507e-01, 2.9469e-03, 
 2DIAGNOSTIC,    21, -5.599288830757e-01, 4.154748243777e-04, 3.9964e-01, 4.5662e-03, 
 2DIAGNOSTIC,    22, -5.602220589130e-01, 3.267891737579e-04, 4.0275e-01, 3.1149e-03, 
 2DIAGNOSTIC,    23, -5.611526475311e-01, 2.575251789304e-04, 4.0640e-01, 3.6480e-03, 
 2DIAGNOSTIC,    24, -5.624914996546e-01, 2.763111224771e-04, 4.1015e-01, 3.7510e-03, 
 2DIAGNOSTIC,    25, -5.641104821896e-01, 3.114516993715e-04, 4.1462e-01, 4.4711e-03, 
 2DIAGNOSTIC,    26, -5.634810316568e-01, 3.132055284001e-04, 4.1847e-01, 3.8450e-03, 
 2DIAGNOSTIC,    27, -5.636463079116e-01, 2.872856216472e-04, 4.2268e-01, 4.2188e-03, 
 2DIAGNOSTIC,    28, -5.638906306654e-01, 2.552085211476e-04, 4.2606e-01, 3.3810e-03, 
 2DIAGNOSTIC,    29, -5.638698696668e-01, 2.126391876902e-04, 4.2912e-01, 3.0520e-03, 
 2DIAGNOSTIC,    30, -5.636693046880e-01, 1.631811673604e-04, 4.3213e-01, 3.0129e-03, 
 2DIAGNOSTIC,    31, -5.638339317372e-01, 1.141605084531e-04, 4.3523e-01, 3.1040e-03, 
 2DIAGNOSTIC,    32, -5.636410271192e-01, 5.936416723713e-05, 4.3814e-01, 2.9058e-03, 
 2DIAGNOSTIC,    33, -5.638225020906e-01, 1.959629837792e-05, 4.4158e-01, 3.4401e-03, 
 2DIAGNOSTIC,    34, -5.643764412376e-01, 8.647316000719e-06, 4.4617e-01, 4.5869e-03, 
 2DIAGNOSTIC,    35, -5.643148816804e-01, 2.094012173069e-05, 4.4928e-01, 3.1168e-03, 
 2DIAGNOSTIC,    36, -5.643703251727e-01, 2.244625796486e-05, 4.5272e-01, 3.4351e-03, 
 2DIAGNOSTIC,    37, -5.646328120160e-01, 2.780371912586e-05, 4.5724e-01, 4.5230e-03, 
 2DIAGNOSTIC,    38, -5.646677366470e-01, 3.396966924605e-05, 4.6045e-01, 3.2079e-03, 
 2DIAGNOSTIC,    39, -5.647415783705e-01, 3.733466894047e-05, 4.6422e-01, 3.7658e-03, 
 2DIAGNOSTIC,    40, -5.647535806866e-01, 3.456844285760e-05, 4.6705e-01, 2.8389e-03, 
 2DIAGNOSTIC,    41, -5.646868308127e-01, 3.016444332495e-05, 4.7009e-01, 3.0391e-03, 
 2DIAGNOSTIC,    42, -5.645220805563e-01, 1.875222574762e-05, 4.7320e-01, 3.1068e-03, 
 2DIAGNOSTIC,    43, -5.645637229158e-01, 8.692298467793e-06, 4.7626e-01, 3.0558e-03, 
 2DIAGNOSTIC,    44, -5.646342910696e-01, 5.696179266126e-06, 4.7979e-01, 3.5291e-03, 
 2DIAGNOSTIC,    45, -5.646748339869e-01, 2.095667268564e-06, 4.8435e-01, 4.5619e-03, 
DIAGNOSTIC,Iteration,metricValue,convergenceValue,ITERATION_TIME_INDEX,SINCE_LAST
 2DIAGNOSTIC,     1, -4.427336199509e-01, 1.797693134862e+308, 8.3731e-01, 3.5296e-01, 
 2DIAGNOSTIC,     2, -4.436177492265e-01, 1.797693134862e+308, 8.4651e-01, 9.2041e-03, 
 2DIAGNOSTIC,     3, -4.450369788050e-01, 1.797693134862e+308, 8.5546e-01, 8.9529e-03, 
 2DIAGNOSTIC,     4, -4.465597198141e-01, 1.797693134862e+308, 8.6428e-01, 8.8148e-03, 
 2DIAGNOSTIC,     5, -4.469160318205e-01, 1.797693134862e+308, 8.7558e-01, 1.1301e-02, 
 2DIAGNOSTIC,     6, -4.469108328682e-01, 1.797693134862e+308, 8.8554e-01, 9.9590e-03, 
 2DIAGNOSTIC,     7, -4.469191316021e-01, 1.797693134862e+308, 8.9917e-01, 1.3630e-02, 
 2DIAGNOSTIC,     8, -4.468587645908e-01, 1.797693134862e+308, 9.0783e-01, 8.6632e-03, 
 2DIAGNOSTIC,     9, -4.468539373755e-01, 1.797693134862e+308, 9.1695e-01, 9.1188e-03, 
 2DIAGNOSTIC,    10, -4.468502981921e-01, 5.379124294297e-04, 9.2872e-01, 1.1773e-02, 
 2DIAGNOSTIC,    11, -4.468246192487e-01, 2.909318884090e-04, 9.3948e-01, 1.0754e-02, 
 2DIAGNOSTIC,    12, -4.468026040844e-01, 1.042960791684e-04, 9.4979e-01, 1.0312e-02, 
 2DIAGNOSTIC,    13, -4.467958169039e-01, 4.584934625865e-06, 9.5991e-01, 1.0121e-02, 
DIAGNOSTIC,Iteration,metricValue,convergenceValue,ITERATION_TIME_INDEX,SINCE_LAST
 2DIAGNOSTIC,     1, -3.572501123248e-01, 1.797693134862e+308, 1.4988e+00, 5.3889e-01, 
 2DIAGNOSTIC,     2, -3.572786525205e-01, 1.797693134862e+308, 1.5717e+00, 7.2870e-02, 
 2DIAGNOSTIC,     3, -3.572553879299e-01, 1.797693134862e+308, 1.6448e+00, 7.3103e-02, 
 2DIAGNOSTIC,     4, -3.572568276847e-01, 1.797693134862e+308, 1.7182e+00, 7.3406e-02, 
 2DIAGNOSTIC,     5, -3.572472501162e-01, 1.797693134862e+308, 1.7824e+00, 6.4254e-02, 
 2DIAGNOSTIC,     6, -3.572446580295e-01, 1.797693134862e+308, 1.8458e+00, 6.3412e-02, 
 2DIAGNOSTIC,     7, -3.572426143086e-01, 1.797693134862e+308, 1.9190e+00, 7.3206e-02, 
 2DIAGNOSTIC,     8, -3.572699199632e-01, 1.797693134862e+308, 2.0057e+00, 8.6617e-02, 
 2DIAGNOSTIC,     9, -3.572631203072e-01, 1.797693134862e+308, 2.0797e+00, 7.3997e-02, 
 2DIAGNOSTIC,    10, -3.572572302240e-01, 2.918073083877e-06, 2.1538e+00, 7.4171e-02, 
 2DIAGNOSTIC,    11, -3.572676922996e-01, 3.275799411173e-06, 2.2275e+00, 7.3667e-02, 
 2DIAGNOSTIC,    12, -3.572678576332e-01, 5.441745703424e-06, 2.3004e+00, 7.2868e-02, 
 2DIAGNOSTIC,    13, -3.572774189685e-01, 6.147092811798e-06, 2.3829e+00, 8.2546e-02, 
 2DIAGNOSTIC,    14, -3.572785561078e-01, 6.570167731187e-06, 2.4565e+00, 7.3573e-02, 
 2DIAGNOSTIC,    15, -3.572745076939e-01, 5.857130097681e-06, 2.5286e+00, 7.2097e-02, 
 2DIAGNOSTIC,    16, -3.572653143551e-01, 4.324900195737e-06, 2.6013e+00, 7.2709e-02, 
 2DIAGNOSTIC,    17, -3.572651339336e-01, 2.615982431523e-06, 2.6749e+00, 7.3566e-02, 
 2DIAGNOSTIC,    18, -3.572650505135e-01, 2.229345812545e-06, 2.7390e+00, 6.4143e-02, 
 2DIAGNOSTIC,    19, -3.572740997105e-01, 1.939287797743e-06, 2.8138e+00, 7.4822e-02, 
 2DIAGNOSTIC,    20, -3.572740602908e-01, 1.405575591924e-06, 2.8781e+00, 6.4244e-02, 
 2DIAGNOSTIC,    21, -3.572776891360e-01, 1.489193605791e-06, 2.9610e+00, 8.2964e-02, 
 2DIAGNOSTIC,    22, -3.572805083905e-01, 1.666645319358e-06, 3.0363e+00, 7.5278e-02, 
 2DIAGNOSTIC,    23, -3.572756500304e-01, 1.960281334770e-06, 3.0999e+00, 6.3550e-02, 
 2DIAGNOSTIC,    24, -3.572595432439e-01, 1.681900944753e-06, 3.1733e+00, 7.3417e-02, 
 2DIAGNOSTIC,    25, -3.572586402386e-01, 1.255798406659e-06, 3.2365e+00, 6.3234e-02, 
 2DIAGNOSTIC,    26, -3.572602510187e-01, 6.269117599211e-07, 3.3093e+00, 7.2787e-02, 
DIAGNOSTIC,Iteration,metricValue,convergenceValue,ITERATION_TIME_INDEX,SINCE_LAST
 2DIAGNOSTIC,     1, -2.868537646740e-01, 1.797693134862e+308, 4.6405e+00, 1.3312e+00, 
 2DIAGNOSTIC,     2, -2.869275174157e-01, 1.797693134862e+308, 5.1009e+00, 4.6039e-01, 
 2DIAGNOSTIC,     3, -2.869420719082e-01, 1.797693134862e+308, 5.5570e+00, 4.5614e-01, 
 2DIAGNOSTIC,     4, -2.869307359626e-01, 1.797693134862e+308, 6.3638e+00, 8.0683e-01, 
 2DIAGNOSTIC,     5, -2.869315012124e-01, 1.797693134862e+308, 6.9824e+00, 6.1860e-01, 
 2DIAGNOSTIC,     6, -2.869319886567e-01, 1.797693134862e+308, 7.4366e+00, 4.5416e-01, 
 2DIAGNOSTIC,     7, -2.869315541475e-01, 1.797693134862e+308, 7.8948e+00, 4.5822e-01, 
 2DIAGNOSTIC,     8, -2.869303215776e-01, 1.797693134862e+308, 8.2974e+00, 4.0262e-01, 
 2DIAGNOSTIC,     9, -2.869303156758e-01, 1.797693134862e+308, 8.7417e+00, 4.4425e-01, 
 2DIAGNOSTIC,    10, -2.869304197999e-01, 1.024458128587e-05, 9.2493e+00, 5.0764e-01, 
 2DIAGNOSTIC,    11, -2.869303783736e-01, 2.150344958887e-06, 9.7076e+00, 4.5827e-01, 
 2DIAGNOSTIC,    12, -2.869295308016e-01, 1.445937050357e-06, 1.0112e+01, 4.0443e-01, 
 2DIAGNOSTIC,    13, -2.869296390779e-01, 2.105658460538e-06, 1.0512e+01, 4.0041e-01, 
 2DIAGNOSTIC,    14, -2.869298225193e-01, 1.910741911984e-06, 1.0955e+01, 4.4211e-01, 
 2DIAGNOSTIC,    15, -2.869300629618e-01, 1.837348195866e-06, 1.1406e+01, 4.5121e-01, 
 2DIAGNOSTIC,    16, -2.869297903602e-01, 1.812295704881e-06, 1.1806e+01, 4.0075e-01, 
 2DIAGNOSTIC,    17, -2.869297186871e-01, 1.780656025734e-06, 1.2264e+01, 4.5733e-01, 
 2DIAGNOSTIC,    18, -2.869297732605e-01, 1.696296885817e-06, 1.2661e+01, 3.9719e-01, 
 2DIAGNOSTIC,    19, -2.869295255626e-01, 1.612681051602e-06, 1.3117e+01, 4.5576e-01, 
 2DIAGNOSTIC,    20, -2.869303737839e-01, 1.590091629859e-06, 1.3618e+01, 5.0118e-01, 
 2DIAGNOSTIC,    21, -2.869295659937e-01, 1.529932062372e-06, 1.4076e+01, 4.5804e-01, 
 2DIAGNOSTIC,    22, -2.869291869559e-01, 1.420145795135e-06, 1.4476e+01, 4.0008e-01, 
 2DIAGNOSTIC,    23, -2.869288001774e-01, 1.310686335416e-06, 1.4933e+01, 4.5663e-01, 
 2DIAGNOSTIC,    24, -2.869290628704e-01, 1.234832439204e-06, 1.5338e+01, 4.0516e-01, 
 2DIAGNOSTIC,    25, -2.869293567013e-01, 1.193896093321e-06, 1.5782e+01, 4.4426e-01, 
 2DIAGNOSTIC,    26, -2.869301113508e-01, 1.181817666722e-06, 1.6233e+01, 4.5126e-01, 
 2DIAGNOSTIC,    27, -2.869300479800e-01, 1.169838065689e-06, 1.6686e+01, 4.5294e-01, 
 2DIAGNOSTIC,    28, -2.869301828684e-01, 1.167148982073e-06, 1.7145e+01, 4.5911e-01, 
 2DIAGNOSTIC,    29, -2.869306246199e-01, 1.167086392959e-06, 1.7600e+01, 4.5420e-01, 
 2DIAGNOSTIC,    30, -2.869307589869e-01, 1.192552468832e-06, 1.8111e+01, 5.1118e-01, 
 2DIAGNOSTIC,    31, -2.869303345363e-01, 1.164506190157e-06, 1.8557e+01, 4.4635e-01, 
 2DIAGNOSTIC,    32, -2.869296581306e-01, 1.093599721308e-06, 1.8963e+01, 4.0534e-01, 
 2DIAGNOSTIC,    33, -2.869300505421e-01, 1.018349894646e-06, 1.9415e+01, 4.5259e-01, 
 2DIAGNOSTIC,    34, -2.869291481684e-01, 9.227037463186e-07, 1.9870e+01, 4.5489e-01, 
 2DIAGNOSTIC,    35, -2.869292366062e-01, 8.444803303830e-07, 2.0322e+01, 4.5227e-01, 
 2DIAGNOSTIC,    36, -2.869291574313e-01, 7.956641067050e-07, 2.0763e+01, 4.4031e-01, 
 2DIAGNOSTIC,    37, -2.869284916519e-01, 7.384391037049e-07, 2.1260e+01, 4.9743e-01, 
 2DIAGNOSTIC,    38, -2.869286910051e-01, 7.045130625272e-07, 2.1688e+01, 4.2839e-01, 
 2DIAGNOSTIC,    39, -2.869286570168e-01, 6.947715077907e-07, 2.2062e+01, 3.7361e-01, 
 2DIAGNOSTIC,    40, -2.869282709103e-01, 6.909381289680e-07, 2.2439e+01, 3.7712e-01, 
 2DIAGNOSTIC,    41, -2.869286567533e-01, 6.969605135139e-07, 2.2864e+01, 4.2534e-01, 
 2DIAGNOSTIC,    42, -2.869289774716e-01, 7.012234740540e-07, 2.3293e+01, 4.2844e-01, 
 2DIAGNOSTIC,    43, -2.869281565428e-01, 7.011081419386e-07, 2.3675e+01, 3.8254e-01, 
 2DIAGNOSTIC,    44, -2.869284740426e-01, 6.919891854147e-07, 2.4106e+01, 4.3017e-01, 
 2DIAGNOSTIC,    45, -2.869285983454e-01, 6.906762098080e-07, 2.4537e+01, 4.3092e-01, 
 2DIAGNOSTIC,    46, -2.869287014324e-01, 6.915202121378e-07, 2.4922e+01, 3.8584e-01, 
 2DIAGNOSTIC,    47, -2.869282805801e-01, 6.691651815889e-07, 2.5359e+01, 4.3712e-01, 
 2DIAGNOSTIC,    48, -2.869274478428e-01, 6.360096130552e-07, 2.5793e+01, 4.3336e-01, 
 2DIAGNOSTIC,    49, -2.869270417334e-01, 5.986504830538e-07, 2.6188e+01, 3.9531e-01, 
 2DIAGNOSTIC,    50, -2.869271856927e-01, 5.622470228145e-07, 2.6585e+01, 3.9693e-01, 
 2DIAGNOSTIC,    51, -2.869275042993e-01, 5.473234146978e-07, 2.7031e+01, 4.4547e-01, 
 2DIAGNOSTIC,    52, -2.869262900735e-01, 5.237650085900e-07, 2.7412e+01, 3.8193e-01, 
 2DIAGNOSTIC,    53, -2.869268030277e-01, 5.047553908455e-07, 2.7794e+01, 3.8173e-01, 
 2DIAGNOSTIC,    54, -2.869270466567e-01, 5.054666046972e-07, 2.8235e+01, 4.4047e-01, 
 2DIAGNOSTIC,    55, -2.869256224781e-01, 4.899741346855e-07, 2.8734e+01, 4.9895e-01, 
 2DIAGNOSTIC,    56, -2.869252920940e-01, 4.803209664103e-07, 2.9239e+01, 5.0552e-01, 
 2DIAGNOSTIC,    57, -2.869248344518e-01, 4.647767063819e-07, 2.9692e+01, 4.5298e-01, 
 2DIAGNOSTIC,    58, -2.869245983087e-01, 4.404727834487e-07, 3.0134e+01, 4.4169e-01, 
 2DIAGNOSTIC,    59, -2.869244349530e-01, 4.173961231438e-07, 3.0527e+01, 3.9311e-01, 
 2DIAGNOSTIC,    60, -2.869247754057e-01, 4.148504503636e-07, 3.0981e+01, 4.5414e-01, 
 2DIAGNOSTIC,    61, -2.869259717777e-01, 4.487653593906e-07, 3.1435e+01, 4.5352e-01, 
 2DIAGNOSTIC,    62, -2.869249572963e-01, 4.520518914301e-07, 3.1893e+01, 4.5819e-01, 
 2DIAGNOSTIC,    63, -2.869243347216e-01, 4.597883306763e-07, 3.2346e+01, 4.5340e-01, 
 2DIAGNOSTIC,    64, -2.869246333625e-01, 4.809003433248e-07, 3.2785e+01, 4.3871e-01, 
 2DIAGNOSTIC,    65, -2.869241876979e-01, 4.737800376221e-07, 3.3232e+01, 4.4671e-01, 
 2DIAGNOSTIC,    66, -2.869234294506e-01, 4.519829868294e-07, 3.3683e+01, 4.5145e-01, 
 2DIAGNOSTIC,    67, -2.869223905621e-01, 4.122885631161e-07, 3.4079e+01, 3.9616e-01, 
  Elapsed time (stage 1): 3.4430e+01


Total elapsed time: 6.0635e+01
