Running T1-THOMAS on sub-11
INFO:    Mounting image with FUSE.
Some packages in this Docker container are non-free
If you are considering commercial use of this container, please consult the relevant license:
https://fsl.fmrib.ox.ac.uk/fsl/fslwiki/Licence
THOMAS_HOME setting of /opt/thomas_new
Linux OS detected
File name OK
Running left and right thalamus MV big
All_Command_lines_OK
Using double precision for computations.
=============================================================================
The composite transform comprises the following transforms (in order): 
  1. Center of mass alignment using fixed image: sub-11_desc-preproc_T1w.nii.gz and moving image: /opt/thomas_new/origtemplate.nii.gz (type = Euler3DTransform)
=============================================================================
  number of levels = 4
  number of levels = 4
  fixed image: sub-11_desc-preproc_T1w.nii.gz
  moving image: /opt/thomas_new/origtemplate.nii.gz
  fixed image: sub-11_desc-preproc_T1w.nii.gz
  moving image: /opt/thomas_new/origtemplate.nii.gz
Dimension = 3
Number of stages = 2
Use Histogram Matching false
Winsorize image intensities false
Lower quantile = 0
Upper quantile = 1
Stage 1 State
   Image metric = Mattes
     Fixed image = Image (0x34a3960)
  RTTI typeinfo:   itk::Image<double, 3u>
  Reference Count: 2
  Modified Time: 1696
  Debug: Off
  Object Name: 
  Observers: 
    none
  Source: (none)
  Source output name: (none)
  Release Data: Off
  Data Released: False
  Global Release Data: Off
  PipelineMTime: 0
  UpdateMTime: 1479
  RealTimeStamp: 0 seconds 
  LargestPossibleRegion: 
    Dimension: 3
    Index: [0, 0, 0]
    Size: [192, 256, 256]
  BufferedRegion: 
    Dimension: 3
    Index: [0, 0, 0]
    Size: [192, 256, 256]
  RequestedRegion: 
    Dimension: 3
    Index: [0, 0, 0]
    Size: [192, 256, 256]
  Spacing: [1, 0.976563, 0.976562]
  Origin: [95.1702, 135.059, -112.613]
  Direction: 
-0.999692 0.0204845 -0.0140262
-0.019343 -0.99683 -0.0771789
-0.0155627 -0.0768838 0.996919

  IndexToPointMatrix: 
-0.999692 0.0200044 -0.0136974
-0.019343 -0.973466 -0.07537
-0.0155627 -0.0750818 0.973553

  PointToIndexMatrix: 
-0.999692 -0.019343 -0.0155627
0.0209761 -1.02075 -0.078729
-0.0143628 -0.0790312 1.02084

  Inverse Direction: 
-0.999692 -0.019343 -0.0155627
0.0204845 -0.99683 -0.0768838
-0.0140262 -0.0771789 0.996919

  PixelContainer: 
    ImportImageContainer (0x349c440)
      RTTI typeinfo:   itk::ImportImageContainer<unsigned long, double>
      Reference Count: 1
      Modified Time: 1476
      Debug: Off
      Object Name: 
      Observers: 
        none
      Pointer: 0x149c8286a010
      Container manages memory: true
      Size: 12582912
      Capacity: 12582912

     Moving image = Image (0x349d210)
  RTTI typeinfo:   itk::Image<double, 3u>
  Reference Count: 2
  Modified Time: 1697
  Debug: Off
  Object Name: 
  Observers: 
    none
  Source: (none)
  Source output name: (none)
  Release Data: Off
  Data Released: False
  Global Release Data: Off
  PipelineMTime: 0
  UpdateMTime: 1694
  RealTimeStamp: 0 seconds 
  LargestPossibleRegion: 
    Dimension: 3
    Index: [0, 0, 0]
    Size: [256, 440, 256]
  BufferedRegion: 
    Dimension: 3
    Index: [0, 0, 0]
    Size: [256, 440, 256]
  RequestedRegion: 
    Dimension: 3
    Index: [0, 0, 0]
    Size: [256, 440, 256]
  Spacing: [0.7031, 0.5, 0.7031]
  Origin: [83.5844, 59.822, -106.951]
  Direction: 
-1 0 0
0 -1 0
0 0 1

  IndexToPointMatrix: 
-0.7031 0 0
0 -0.5 0
0 0 0.7031

  PointToIndexMatrix: 
-1.42227 0 0
0 -2 0
0 0 1.42227

  Inverse Direction: 
-1 0 0
0 -1 0
0 0 1

  PixelContainer: 
    ImportImageContainer (0x349d4a0)
      RTTI typeinfo:   itk::ImportImageContainer<unsigned long, double>
      Reference Count: 1
      Modified Time: 1691
      Debug: Off
      Object Name: 
      Observers: 
        none
      Pointer: 0x149c74c69010
      Container manages memory: true
      Size: 28835840
      Capacity: 28835840

     Weighting = 1
     Sampling strategy = regular
     Number of bins = 32
     Radius = 4
     Sampling percentage  = 0.25
   Transform = Rigid
     Gradient step = 0.1
     Update field sigma (voxel space) = 0
     Total field sigma (voxel space) = 0
     Update field time sigma = 0
     Total field time sigma  = 0
     Number of time indices = 0
     Number of time point samples = 0
Stage 2 State
   Image metric = Mattes
     Fixed image = Image (0x34af980)
  RTTI typeinfo:   itk::Image<double, 3u>
  Reference Count: 2
  Modified Time: 2128
  Debug: Off
  Object Name: 
  Observers: 
    none
  Source: (none)
  Source output name: (none)
  Release Data: Off
  Data Released: False
  Global Release Data: Off
  PipelineMTime: 0
  UpdateMTime: 1911
  RealTimeStamp: 0 seconds 
  LargestPossibleRegion: 
    Dimension: 3
    Index: [0, 0, 0]
    Size: [192, 256, 256]
  BufferedRegion: 
    Dimension: 3
    Index: [0, 0, 0]
    Size: [192, 256, 256]
  RequestedRegion: 
    Dimension: 3
    Index: [0, 0, 0]
    Size: [192, 256, 256]
  Spacing: [1, 0.976563, 0.976562]
  Origin: [95.1702, 135.059, -112.613]
  Direction: 
-0.999692 0.0204845 -0.0140262
-0.019343 -0.99683 -0.0771789
-0.0155627 -0.0768838 0.996919

  IndexToPointMatrix: 
-0.999692 0.0200044 -0.0136974
-0.019343 -0.973466 -0.07537
-0.0155627 -0.0750818 0.973553

  PointToIndexMatrix: 
-0.999692 -0.019343 -0.0155627
0.0209761 -1.02075 -0.078729
-0.0143628 -0.0790312 1.02084

  Inverse Direction: 
-0.999692 -0.019343 -0.0155627
0.0204845 -0.99683 -0.0768838
-0.0140262 -0.0771789 0.996919

  PixelContainer: 
    ImportImageContainer (0x349b240)
      RTTI typeinfo:   itk::ImportImageContainer<unsigned long, double>
      Reference Count: 1
      Modified Time: 1908
      Debug: Off
      Object Name: 
      Observers: 
        none
      Pointer: 0x149c6ec68010
      Container manages memory: true
      Size: 12582912
      Capacity: 12582912

     Moving image = Image (0x34b1410)
  RTTI typeinfo:   itk::Image<double, 3u>
  Reference Count: 2
  Modified Time: 2129
  Debug: Off
  Object Name: 
  Observers: 
    none
  Source: (none)
  Source output name: (none)
  Release Data: Off
  Data Released: False
  Global Release Data: Off
  PipelineMTime: 0
  UpdateMTime: 2126
  RealTimeStamp: 0 seconds 
  LargestPossibleRegion: 
    Dimension: 3
    Index: [0, 0, 0]
    Size: [256, 440, 256]
  BufferedRegion: 
    Dimension: 3
    Index: [0, 0, 0]
    Size: [256, 440, 256]
  RequestedRegion: 
    Dimension: 3
    Index: [0, 0, 0]
    Size: [256, 440, 256]
  Spacing: [0.7031, 0.5, 0.7031]
  Origin: [83.5844, 59.822, -106.951]
  Direction: 
-1 0 0
0 -1 0
0 0 1

  IndexToPointMatrix: 
-0.7031 0 0
0 -0.5 0
0 0 0.7031

  PointToIndexMatrix: 
-1.42227 0 0
0 -2 0
0 0 1.42227

  Inverse Direction: 
-1 0 0
0 -1 0
0 0 1

  PixelContainer: 
    ImportImageContainer (0x34a1d50)
      RTTI typeinfo:   itk::ImportImageContainer<unsigned long, double>
      Reference Count: 1
      Modified Time: 2123
      Debug: Off
      Object Name: 
      Observers: 
        none
      Pointer: 0x149c61067010
      Container manages memory: true
      Size: 28835840
      Capacity: 28835840

     Weighting = 1
     Sampling strategy = regular
     Number of bins = 32
     Radius = 4
     Sampling percentage  = 0.25
   Transform = Affine
     Gradient step = 0.1
     Update field sigma (voxel space) = 0
     Total field sigma (voxel space) = 0
     Update field time sigma = 0
     Total field time sigma  = 0
     Number of time indices = 0
     Number of time point samples = 0
Registration using 2 total stages.

Stage 0
  iterations = 1000x500x250x100
  convergence threshold = 5e-07
  convergence window size = 10
  number of levels = 4
  using the Mattes MI metric (number of bins = 32, weight = 1)
  Shrink factors (level 1 out of 4): [8, 8, 8]
  Shrink factors (level 2 out of 4): [4, 4, 4]
  Shrink factors (level 3 out of 4): [2, 2, 2]
  Shrink factors (level 4 out of 4): [1, 1, 1]
  smoothing sigmas per level: [3, 2, 1, 0]
  regular sampling (percentage = 0.25)

*** Running Euler3DTransform registration ***

DIAGNOSTIC,Iteration,metricValue,convergenceValue,ITERATION_TIME_INDEX,SINCE_LAST
 2DIAGNOSTIC,     1, -3.023889009896e-01, 1.797693134862e+308, 3.3170e-01, 3.3170e-01, 
 2DIAGNOSTIC,     2, -3.028459277758e-01, 1.797693134862e+308, 3.3530e-01, 3.5961e-03, 
 2DIAGNOSTIC,     3, -3.019381435792e-01, 1.797693134862e+308, 3.3832e-01, 3.0260e-03, 
 2DIAGNOSTIC,     4, -3.014415275431e-01, 1.797693134862e+308, 3.4093e-01, 2.6109e-03, 
 2DIAGNOSTIC,     5, -3.017518348722e-01, 1.797693134862e+308, 3.4407e-01, 3.1359e-03, 
 2DIAGNOSTIC,     6, -3.022523358714e-01, 1.797693134862e+308, 3.4723e-01, 3.1660e-03, 
 2DIAGNOSTIC,     7, -3.025555676285e-01, 1.797693134862e+308, 3.5043e-01, 3.1970e-03, 
 2DIAGNOSTIC,     8, -3.026992889012e-01, 1.797693134862e+308, 3.5327e-01, 2.8410e-03, 
 2DIAGNOSTIC,     9, -3.036680244972e-01, 1.797693134862e+308, 3.5605e-01, 2.7809e-03, 
 2DIAGNOSTIC,    10, -3.102119179856e-01, 9.104361989297e-04, 3.6062e-01, 4.5719e-03, 
 2DIAGNOSTIC,    11, -3.164991923643e-01, 1.949774992354e-03, 3.6411e-01, 3.4859e-03, 
 2DIAGNOSTIC,    12, -3.170516472172e-01, 2.708243269200e-03, 3.6707e-01, 2.9559e-03, 
 2DIAGNOSTIC,    13, -3.504857988940e-01, 5.391564880434e-03, 3.6999e-01, 2.9190e-03, 
 2DIAGNOSTIC,    14, -4.138607476217e-01, 1.103414645825e-02, 3.7315e-01, 3.1641e-03, 
 2DIAGNOSTIC,    15, -4.140716016289e-01, 1.466478732540e-02, 3.7659e-01, 3.4411e-03, 
 2DIAGNOSTIC,    16, -4.285717038560e-01, 1.722933384493e-02, 3.8005e-01, 3.4640e-03, 
 2DIAGNOSTIC,    17, -4.875245713906e-01, 2.061943925659e-02, 3.8284e-01, 2.7828e-03, 
 2DIAGNOSTIC,    18, -5.393179944377e-01, 2.368922641024e-02, 3.8616e-01, 3.3178e-03, 
 2DIAGNOSTIC,    19, -5.516111587683e-01, 2.457141618051e-02, 3.9201e-01, 5.8591e-03, 
 2DIAGNOSTIC,    20, -5.520975788754e-01, 2.341660399463e-02, 3.9542e-01, 3.4049e-03, 
 2DIAGNOSTIC,    21, -5.522799568432e-01, 2.059045746261e-02, 3.9826e-01, 2.8400e-03, 
 2DIAGNOSTIC,    22, -5.523185682332e-01, 1.622657472106e-02, 4.0184e-01, 3.5839e-03, 
 2DIAGNOSTIC,    23, -5.523413134118e-01, 1.186900428498e-02, 4.0445e-01, 2.6112e-03, 
 2DIAGNOSTIC,    24, -5.526486661731e-01, 8.822386178890e-03, 4.0937e-01, 4.9150e-03, 
 2DIAGNOSTIC,    25, -5.517287389537e-01, 5.301925725787e-03, 4.1307e-01, 3.7048e-03, 
 2DIAGNOSTIC,    26, -5.516154703114e-01, 2.011537714963e-03, 4.1590e-01, 2.8229e-03, 
 2DIAGNOSTIC,    27, -5.515896833778e-01, 3.090985876160e-04, 4.1897e-01, 3.0730e-03, 
DIAGNOSTIC,Iteration,metricValue,convergenceValue,ITERATION_TIME_INDEX,SINCE_LAST
 2DIAGNOSTIC,     1, -4.225597682043e-01, 1.797693134862e+308, 7.7029e-01, 3.5132e-01, 
 2DIAGNOSTIC,     2, -4.237330810241e-01, 1.797693134862e+308, 7.7939e-01, 9.1040e-03, 
 2DIAGNOSTIC,     3, -4.249726561920e-01, 1.797693134862e+308, 7.8835e-01, 8.9560e-03, 
 2DIAGNOSTIC,     4, -4.261104717842e-01, 1.797693134862e+308, 7.9717e-01, 8.8222e-03, 
 2DIAGNOSTIC,     5, -4.276107209174e-01, 1.797693134862e+308, 8.0701e-01, 9.8410e-03, 
 2DIAGNOSTIC,     6, -4.281969828583e-01, 1.797693134862e+308, 8.1821e-01, 1.1195e-02, 
 2DIAGNOSTIC,     7, -4.282758198027e-01, 1.797693134862e+308, 8.2935e-01, 1.1145e-02, 
 2DIAGNOSTIC,     8, -4.284194896836e-01, 1.797693134862e+308, 8.4359e-01, 1.4237e-02, 
 2DIAGNOSTIC,     9, -4.284240643874e-01, 1.797693134862e+308, 8.5381e-01, 1.0225e-02, 
 2DIAGNOSTIC,    10, -4.284131356589e-01, 9.010497505982e-04, 8.6425e-01, 1.0438e-02, 
 2DIAGNOSTIC,    11, -4.284096539882e-01, 5.899008253765e-04, 8.7476e-01, 1.0507e-02, 
 2DIAGNOSTIC,    12, -4.284052677923e-01, 3.429347533981e-04, 8.8383e-01, 9.0671e-03, 
 2DIAGNOSTIC,    13, -4.283535271631e-01, 1.637747987003e-04, 8.9586e-01, 1.2036e-02, 
 2DIAGNOSTIC,    14, -4.283572332974e-01, 4.827194828733e-05, 9.0449e-01, 8.6260e-03, 
 2DIAGNOSTIC,    15, -4.283472208074e-01, 9.474001112231e-06, 9.1322e-01, 8.7271e-03, 
DIAGNOSTIC,Iteration,metricValue,convergenceValue,ITERATION_TIME_INDEX,SINCE_LAST
 2DIAGNOSTIC,     1, -3.373875490709e-01, 1.797693134862e+308, 1.4607e+00, 5.4753e-01, 
 2DIAGNOSTIC,     2, -3.375818906851e-01, 1.797693134862e+308, 1.5260e+00, 6.5274e-02, 
 2DIAGNOSTIC,     3, -3.378622615085e-01, 1.797693134862e+308, 1.5887e+00, 6.2691e-02, 
 2DIAGNOSTIC,     4, -3.382918919474e-01, 1.797693134862e+308, 1.6582e+00, 6.9481e-02, 
 2DIAGNOSTIC,     5, -3.388287905792e-01, 1.797693134862e+308, 1.7212e+00, 6.3055e-02, 
 2DIAGNOSTIC,     6, -3.400390097918e-01, 1.797693134862e+308, 1.7822e+00, 6.0974e-02, 
 2DIAGNOSTIC,     7, -3.434582691934e-01, 1.797693134862e+308, 1.8548e+00, 7.2584e-02, 
 2DIAGNOSTIC,     8, -3.451188831209e-01, 1.797693134862e+308, 1.9562e+00, 1.0141e-01, 
 2DIAGNOSTIC,     9, -3.454471672494e-01, 1.797693134862e+308, 2.0479e+00, 9.1702e-02, 
 2DIAGNOSTIC,    10, -3.454678450229e-01, 1.891948654113e-03, 2.1212e+00, 7.3309e-02, 
 2DIAGNOSTIC,    11, -3.454802381795e-01, 1.748891778060e-03, 2.2128e+00, 9.1597e-02, 
 2DIAGNOSTIC,    12, -3.454808925963e-01, 1.483090073218e-03, 2.3158e+00, 1.0299e-01, 
 2DIAGNOSTIC,    13, -3.454805802116e-01, 1.141173466678e-03, 2.3882e+00, 7.2437e-02, 
 2DIAGNOSTIC,    14, -3.454786095405e-01, 7.731505272924e-04, 2.4741e+00, 8.5903e-02, 
 2DIAGNOSTIC,    15, -3.454775965906e-01, 4.157215099505e-04, 2.5468e+00, 7.2698e-02, 
 2DIAGNOSTIC,    16, -3.454774731350e-01, 1.243841159756e-04, 2.6199e+00, 7.3055e-02, 
 2DIAGNOSTIC,    17, -3.454771976853e-01, 2.094531990973e-05, 2.6944e+00, 7.4482e-02, 
 2DIAGNOSTIC,    18, -3.454751959642e-01, 3.271492537711e-06, 2.7722e+00, 7.7784e-02, 
 2DIAGNOSTIC,    19, -3.454740358957e-01, 1.580073401432e-06, 2.8451e+00, 7.2891e-02, 
 2DIAGNOSTIC,    20, -3.454738121027e-01, 9.022411148266e-07, 2.9076e+00, 6.2547e-02, 
DIAGNOSTIC,Iteration,metricValue,convergenceValue,ITERATION_TIME_INDEX,SINCE_LAST
 2DIAGNOSTIC,     1, -2.740037372659e-01, 1.797693134862e+308, 4.3044e+00, 1.3968e+00, 
 2DIAGNOSTIC,     2, -2.740495792277e-01, 1.797693134862e+308, 4.7046e+00, 4.0023e-01, 
 2DIAGNOSTIC,     3, -2.740624380197e-01, 1.797693134862e+308, 5.1027e+00, 3.9801e-01, 
 2DIAGNOSTIC,     4, -2.740640164477e-01, 1.797693134862e+308, 5.7416e+00, 6.3899e-01, 
 2DIAGNOSTIC,     5, -2.740640901366e-01, 1.797693134862e+308, 6.1443e+00, 4.0269e-01, 
 2DIAGNOSTIC,     6, -2.740641122322e-01, 1.797693134862e+308, 6.5984e+00, 4.5404e-01, 
 2DIAGNOSTIC,     7, -2.740635382159e-01, 1.797693134862e+308, 7.2022e+00, 6.0385e-01, 
 2DIAGNOSTIC,     8, -2.740637004523e-01, 1.797693134862e+308, 7.6610e+00, 4.5881e-01, 
 2DIAGNOSTIC,     9, -2.740636496120e-01, 1.797693134862e+308, 8.0681e+00, 4.0711e-01, 
 2DIAGNOSTIC,    10, -2.740636183295e-01, 1.073482978009e-05, 8.4741e+00, 4.0591e-01, 
 2DIAGNOSTIC,    11, -2.740636529648e-01, 4.265536120082e-06, 8.8831e+00, 4.0907e-01, 
 2DIAGNOSTIC,    12, -2.740633228378e-01, 2.654940506733e-06, 9.2448e+00, 3.6172e-01, 
 2DIAGNOSTIC,    13, -2.740625461294e-01, 2.252794860408e-06, 9.6042e+00, 3.5933e-01, 
 2DIAGNOSTIC,    14, -2.740625451050e-01, 2.043170387420e-06, 1.0012e+01, 4.0744e-01, 
 2DIAGNOSTIC,    15, -2.740622209601e-01, 1.863773228833e-06, 1.0418e+01, 4.0652e-01, 
 2DIAGNOSTIC,    16, -2.740621865887e-01, 1.730535434452e-06, 1.0824e+01, 4.0569e-01, 
 2DIAGNOSTIC,    17, -2.740619695277e-01, 1.588410528587e-06, 1.1183e+01, 3.5875e-01, 
 2DIAGNOSTIC,    18, -2.740623306045e-01, 1.519300721613e-06, 1.1541e+01, 3.5818e-01, 
 2DIAGNOSTIC,    19, -2.740620623577e-01, 1.462293998181e-06, 1.1999e+01, 4.5847e-01, 
 2DIAGNOSTIC,    20, -2.740622979835e-01, 1.441091835870e-06, 1.2444e+01, 4.4451e-01, 
 2DIAGNOSTIC,    21, -2.740617748169e-01, 1.411636564204e-06, 1.2848e+01, 4.0464e-01, 
 2DIAGNOSTIC,    22, -2.740612864711e-01, 1.357456213741e-06, 1.3196e+01, 3.4792e-01, 
 2DIAGNOSTIC,    23, -2.740607989690e-01, 1.259389687758e-06, 1.3592e+01, 3.9592e-01, 
 2DIAGNOSTIC,    24, -2.740609722504e-01, 1.188839036007e-06, 1.3991e+01, 3.9878e-01, 
 2DIAGNOSTIC,    25, -2.740609479148e-01, 1.121658503987e-06, 1.4388e+01, 3.9726e-01, 
 2DIAGNOSTIC,    26, -2.740610982422e-01, 1.078879921887e-06, 1.4741e+01, 3.5266e-01, 
 2DIAGNOSTIC,    27, -2.740614281291e-01, 1.057241955225e-06, 1.5146e+01, 4.0463e-01, 
 2DIAGNOSTIC,    28, -2.740612967185e-01, 1.057185734663e-06, 1.5556e+01, 4.1061e-01, 
 2DIAGNOSTIC,    29, -2.740614449364e-01, 1.059867655688e-06, 1.6020e+01, 4.6415e-01, 
 2DIAGNOSTIC,    30, -2.740614069852e-01, 1.072702543542e-06, 1.6438e+01, 4.1808e-01, 
 2DIAGNOSTIC,    31, -2.740610268861e-01, 1.053590060099e-06, 1.6855e+01, 4.1697e-01, 
 2DIAGNOSTIC,    32, -2.740609152182e-01, 1.014366547938e-06, 1.7216e+01, 3.6113e-01, 
 2DIAGNOSTIC,    33, -2.740610759095e-01, 9.651859143103e-07, 1.7627e+01, 4.1076e-01, 
 2DIAGNOSTIC,    34, -2.740612125577e-01, 9.280467884280e-07, 1.8040e+01, 4.1285e-01, 
 2DIAGNOSTIC,    35, -2.740610475944e-01, 8.879971014966e-07, 1.8405e+01, 3.6515e-01, 
 2DIAGNOSTIC,    36, -2.740607939102e-01, 8.493902896138e-07, 1.8876e+01, 4.7077e-01, 
 2DIAGNOSTIC,    37, -2.740607922417e-01, 8.257508654005e-07, 1.9291e+01, 4.1477e-01, 
 2DIAGNOSTIC,    38, -2.740606398282e-01, 7.983166332749e-07, 1.9655e+01, 3.6439e-01, 
 2DIAGNOSTIC,    39, -2.740604157826e-01, 7.737732935290e-07, 2.0071e+01, 4.1587e-01, 
 2DIAGNOSTIC,    40, -2.740605161599e-01, 7.565853698856e-07, 2.0439e+01, 3.6797e-01, 
 2DIAGNOSTIC,    41, -2.740603402888e-01, 7.299700292354e-07, 2.0854e+01, 4.1514e-01, 
 2DIAGNOSTIC,    42, -2.740602374205e-01, 7.036689056474e-07, 2.1212e+01, 3.5783e-01, 
 2DIAGNOSTIC,    43, -2.740605176810e-01, 6.942563424740e-07, 2.1621e+01, 4.0862e-01, 
 2DIAGNOSTIC,    44, -2.740610337538e-01, 7.048522048247e-07, 2.1979e+01, 3.5867e-01, 
 2DIAGNOSTIC,    45, -2.740610315148e-01, 7.126598461984e-07, 2.2439e+01, 4.5955e-01, 
 2DIAGNOSTIC,    46, -2.740615255047e-01, 7.251816867074e-07, 2.2846e+01, 4.0734e-01, 
 2DIAGNOSTIC,    47, -2.740615751771e-01, 7.349833054497e-07, 2.3292e+01, 4.4628e-01, 
 2DIAGNOSTIC,    48, -2.740614020291e-01, 7.318355141929e-07, 2.3845e+01, 5.5297e-01, 
 2DIAGNOSTIC,    49, -2.740613305528e-01, 7.158784594771e-07, 2.4258e+01, 4.1281e-01, 
 2DIAGNOSTIC,    50, -2.740613869600e-01, 6.975298139540e-07, 2.4632e+01, 3.7415e-01, 
 2DIAGNOSTIC,    51, -2.740611244605e-01, 6.651249977591e-07, 2.5001e+01, 3.6850e-01, 
 2DIAGNOSTIC,    52, -2.740609408706e-01, 6.243446238098e-07, 2.5371e+01, 3.7019e-01, 
 2DIAGNOSTIC,    53, -2.740600063413e-01, 5.710766545243e-07, 2.5789e+01, 4.1769e-01, 
 2DIAGNOSTIC,    54, -2.740602325672e-01, 5.373828867276e-07, 2.6202e+01, 4.1321e-01, 
 2DIAGNOSTIC,    55, -2.740598825501e-01, 5.025429827242e-07, 2.6617e+01, 4.1464e-01, 
  Elapsed time (stage 0): 2.6941e+01


Stage 1
  iterations = 1000x500x250x100
  convergence threshold = 4.0000e-07
  convergence window size = 10
  number of levels = 4
  using the Mattes MI metric (number of bins = 32, weight = 1.0000e+00)
  Shrink factors (level 1 out of 4): [8, 8, 8]
  Shrink factors (level 2 out of 4): [4, 4, 4]
  Shrink factors (level 3 out of 4): [2, 2, 2]
  Shrink factors (level 4 out of 4): [1, 1, 1]
  smoothing sigmas per level: [3, 2, 1, 0]
  regular sampling (percentage = 2.5000e-01)

*** Running AffineTransform registration ***

DIAGNOSTIC,Iteration,metricValue,convergenceValue,ITERATION_TIME_INDEX,SINCE_LAST
 2DIAGNOSTIC,     1, -5.469392725825e-01, 1.797693134862e+308, 3.4379e-01, 3.4379e-01, 
 2DIAGNOSTIC,     2, -5.483117382284e-01, 1.797693134862e+308, 3.4704e-01, 3.2442e-03, 
 2DIAGNOSTIC,     3, -5.510760031040e-01, 1.797693134862e+308, 3.5000e-01, 2.9640e-03, 
 2DIAGNOSTIC,     4, -5.541735167144e-01, 1.797693134862e+308, 3.5306e-01, 3.0560e-03, 
 2DIAGNOSTIC,     5, -5.564446324435e-01, 1.797693134862e+308, 3.5579e-01, 2.7299e-03, 
 2DIAGNOSTIC,     6, -5.578831277441e-01, 1.797693134862e+308, 3.5976e-01, 3.9711e-03, 
 2DIAGNOSTIC,     7, -5.576316824581e-01, 1.797693134862e+308, 3.6309e-01, 3.3338e-03, 
 2DIAGNOSTIC,     8, -5.574738314546e-01, 1.797693134862e+308, 3.6587e-01, 2.7721e-03, 
 2DIAGNOSTIC,     9, -5.586290123463e-01, 1.797693134862e+308, 3.6863e-01, 2.7680e-03, 
 2DIAGNOSTIC,    10, -5.630795191224e-01, 1.615653980519e-03, 3.7492e-01, 6.2909e-03, 
 2DIAGNOSTIC,    11, -5.632586460535e-01, 1.350770134744e-03, 3.7859e-01, 3.6609e-03, 
 2DIAGNOSTIC,    12, -5.635605672192e-01, 1.083689739381e-03, 3.8298e-01, 4.3910e-03, 
 2DIAGNOSTIC,    13, -5.636914295979e-01, 8.753405170278e-04, 3.8745e-01, 4.4758e-03, 
 2DIAGNOSTIC,    14, -5.636595000633e-01, 7.264043216043e-04, 3.9105e-01, 3.6020e-03, 
 2DIAGNOSTIC,    15, -5.636084469168e-01, 6.028041287319e-04, 3.9392e-01, 2.8691e-03, 
 2DIAGNOSTIC,    16, -5.635765092142e-01, 4.847115096236e-04, 3.9743e-01, 3.5079e-03, 
 2DIAGNOSTIC,    17, -5.635423085248e-01, 3.302049904287e-04, 4.0044e-01, 3.0069e-03, 
 2DIAGNOSTIC,    18, -5.634574269468e-01, 1.564020112874e-04, 4.0420e-01, 3.7630e-03, 
 2DIAGNOSTIC,    19, -5.635234594309e-01, 1.620582262069e-05, 4.0706e-01, 2.8622e-03, 
 2DIAGNOSTIC,    20, -5.634680548768e-01, 4.003633772079e-07, 4.1097e-01, 3.9082e-03, 
DIAGNOSTIC,Iteration,metricValue,convergenceValue,ITERATION_TIME_INDEX,SINCE_LAST
 2DIAGNOSTIC,     1, -4.485841578392e-01, 1.797693134862e+308, 7.9226e-01, 3.8129e-01, 
 2DIAGNOSTIC,     2, -4.493902696290e-01, 1.797693134862e+308, 8.0227e-01, 1.0011e-02, 
 2DIAGNOSTIC,     3, -4.505260589047e-01, 1.797693134862e+308, 8.1205e-01, 9.7780e-03, 
 2DIAGNOSTIC,     4, -4.520460620424e-01, 1.797693134862e+308, 8.2185e-01, 9.8069e-03, 
 2DIAGNOSTIC,     5, -4.543985839894e-01, 1.797693134862e+308, 8.3150e-01, 9.6419e-03, 
 2DIAGNOSTIC,     6, -4.568972418683e-01, 1.797693134862e+308, 8.4116e-01, 9.6660e-03, 
 2DIAGNOSTIC,     7, -4.620210216807e-01, 1.797693134862e+308, 8.5299e-01, 1.1825e-02, 
 2DIAGNOSTIC,     8, -4.692428714974e-01, 1.797693134862e+308, 8.7309e-01, 2.0098e-02, 
 2DIAGNOSTIC,     9, -4.691749512072e-01, 1.797693134862e+308, 8.8288e-01, 9.7969e-03, 
 2DIAGNOSTIC,    10, -4.694223935190e-01, 3.497655118906e-03, 8.9296e-01, 1.0076e-02, 
 2DIAGNOSTIC,    11, -4.699059934787e-01, 3.200034392902e-03, 9.0456e-01, 1.1606e-02, 
 2DIAGNOSTIC,    12, -4.703800783723e-01, 2.726917524133e-03, 9.1462e-01, 1.0057e-02, 
 2DIAGNOSTIC,    13, -4.708647752231e-01, 2.153564047828e-03, 9.2648e-01, 1.1861e-02, 
 2DIAGNOSTIC,    14, -4.713531160031e-01, 1.557690213627e-03, 9.3797e-01, 1.1487e-02, 
 2DIAGNOSTIC,    15, -4.713079927592e-01, 9.997416636877e-04, 9.4942e-01, 1.1455e-02, 
 2DIAGNOSTIC,    16, -4.713541299232e-01, 5.168953856163e-04, 9.6078e-01, 1.1359e-02, 
 2DIAGNOSTIC,    17, -4.709861102756e-01, 2.084978040648e-04, 9.7238e-01, 1.1599e-02, 
 2DIAGNOSTIC,    18, -4.711324100216e-01, 1.670372501042e-04, 9.8424e-01, 1.1862e-02, 
 2DIAGNOSTIC,    19, -4.713134308335e-01, 1.179842923878e-04, 9.9922e-01, 1.4974e-02, 
 2DIAGNOSTIC,    20, -4.715046193805e-01, 7.619149752217e-05, 1.0136e+00, 1.4383e-02, 
 2DIAGNOSTIC,    21, -4.715102073231e-01, 4.573561713458e-05, 1.0287e+00, 1.5142e-02, 
 2DIAGNOSTIC,    22, -4.715460417671e-01, 2.817215184880e-05, 1.0387e+00, 9.9759e-03, 
 2DIAGNOSTIC,    23, -4.716106264359e-01, 2.388361742110e-05, 1.0489e+00, 1.0132e-02, 
 2DIAGNOSTIC,    24, -4.716933601636e-01, 3.212106778947e-05, 1.0588e+00, 9.9790e-03, 
 2DIAGNOSTIC,    25, -4.718310568395e-01, 3.885793107652e-05, 1.0689e+00, 1.0076e-02, 
 2DIAGNOSTIC,    26, -4.719935752561e-01, 4.672140832077e-05, 1.0804e+00, 1.1530e-02, 
 2DIAGNOSTIC,    27, -4.720860440486e-01, 4.346276377502e-05, 1.0911e+00, 1.0629e-02, 
 2DIAGNOSTIC,    28, -4.721410617008e-01, 4.077269283021e-05, 1.1014e+00, 1.0334e-02, 
 2DIAGNOSTIC,    29, -4.722820219654e-01, 4.118767067945e-05, 1.1116e+00, 1.0175e-02, 
 2DIAGNOSTIC,    30, -4.723937934592e-01, 4.385497756503e-05, 1.1216e+00, 1.0072e-02, 
 2DIAGNOSTIC,    31, -4.727659015478e-01, 4.964904935729e-05, 1.1330e+00, 1.1398e-02, 
 2DIAGNOSTIC,    32, -4.728736562335e-01, 5.304857336489e-05, 1.1446e+00, 1.1599e-02, 
 2DIAGNOSTIC,    33, -4.728523027181e-01, 5.216329204734e-05, 1.1545e+00, 9.8760e-03, 
 2DIAGNOSTIC,    34, -4.732770109885e-01, 5.562007938902e-05, 1.1648e+00, 1.0232e-02, 
 2DIAGNOSTIC,    35, -4.740495248233e-01, 6.917989108708e-05, 1.1768e+00, 1.2031e-02, 
 2DIAGNOSTIC,    36, -4.747833153713e-01, 9.019395988241e-05, 1.1887e+00, 1.1928e-02, 
 2DIAGNOSTIC,    37, -4.754661161098e-01, 1.141754132526e-04, 1.1991e+00, 1.0362e-02, 
 2DIAGNOSTIC,    38, -4.767173838107e-01, 1.469902723875e-04, 1.2135e+00, 1.4425e-02, 
 2DIAGNOSTIC,    39, -4.771342836904e-01, 1.724900180934e-04, 1.2251e+00, 1.1633e-02, 
 2DIAGNOSTIC,    40, -4.772161617186e-01, 1.830673152156e-04, 1.2366e+00, 1.1506e-02, 
 2DIAGNOSTIC,    41, -4.769852413753e-01, 1.779528294756e-04, 1.2470e+00, 1.0363e-02, 
 2DIAGNOSTIC,    42, -4.772612100880e-01, 1.619039450793e-04, 1.2599e+00, 1.2905e-02, 
 2DIAGNOSTIC,    43, -4.777103324135e-01, 1.368848674944e-04, 1.2714e+00, 1.1477e-02, 
 2DIAGNOSTIC,    44, -4.781602565737e-01, 1.116608975044e-04, 1.2846e+00, 1.3177e-02, 
 2DIAGNOSTIC,    45, -4.781683916549e-01, 8.749922107524e-05, 1.2964e+00, 1.1844e-02, 
 2DIAGNOSTIC,    46, -4.782725778993e-01, 6.734662851703e-05, 1.3065e+00, 1.0106e-02, 
 2DIAGNOSTIC,    47, -4.783502001422e-01, 5.107337745821e-05, 1.3197e+00, 1.3172e-02, 
 2DIAGNOSTIC,    48, -4.783773805643e-01, 4.643048771702e-05, 1.3312e+00, 1.1504e-02, 
 2DIAGNOSTIC,    49, -4.783399306005e-01, 4.217456561810e-05, 1.3431e+00, 1.1959e-02, 
 2DIAGNOSTIC,    50, -4.783636535704e-01, 3.560234295505e-05, 1.3533e+00, 1.0206e-02, 
 2DIAGNOSTIC,    51, -4.783846113482e-01, 2.348061824792e-05, 1.3648e+00, 1.1451e-02, 
 2DIAGNOSTIC,    52, -4.784028090896e-01, 1.293778065629e-05, 1.3766e+00, 1.1778e-02, 
 2DIAGNOSTIC,    53, -4.784917955141e-01, 7.609164758830e-06, 1.3882e+00, 1.1670e-02, 
 2DIAGNOSTIC,    54, -4.787649852456e-01, 9.891914783313e-06, 1.3989e+00, 1.0657e-02, 
 2DIAGNOSTIC,    55, -4.788480832452e-01, 1.210598072430e-05, 1.4104e+00, 1.1529e-02, 
 2DIAGNOSTIC,    56, -4.789289818990e-01, 1.511813484993e-05, 1.4219e+00, 1.1465e-02, 
 2DIAGNOSTIC,    57, -4.789981428454e-01, 1.819399445668e-05, 1.4352e+00, 1.3321e-02, 
 2DIAGNOSTIC,    58, -4.791331580338e-01, 2.114667530155e-05, 1.4482e+00, 1.2976e-02, 
 2DIAGNOSTIC,    59, -4.791406126428e-01, 2.163983696263e-05, 1.4597e+00, 1.1461e-02, 
 2DIAGNOSTIC,    60, -4.791340657824e-01, 2.026917391519e-05, 1.4698e+00, 1.0122e-02, 
 2DIAGNOSTIC,    61, -4.790880123927e-01, 1.685337701440e-05, 1.4813e+00, 1.1479e-02, 
 2DIAGNOSTIC,    62, -4.790846880205e-01, 1.213739495148e-05, 1.4916e+00, 1.0336e-02, 
 2DIAGNOSTIC,    63, -4.790130896655e-01, 6.538739181581e-06, 1.5019e+00, 1.0276e-02, 
 2DIAGNOSTIC,    64, -4.790282657458e-01, 3.250708467160e-06, 1.5134e+00, 1.1574e-02, 
 2DIAGNOSTIC,    65, -4.790366826599e-01, 6.438395409314e-07, 1.5236e+00, 1.0117e-02, 
DIAGNOSTIC,Iteration,metricValue,convergenceValue,ITERATION_TIME_INDEX,SINCE_LAST
 2DIAGNOSTIC,     1, -3.780514458490e-01, 1.797693134862e+308, 2.0966e+00, 5.7305e-01, 
 2DIAGNOSTIC,     2, -3.782217989743e-01, 1.797693134862e+308, 2.1775e+00, 8.0857e-02, 
 2DIAGNOSTIC,     3, -3.784009111257e-01, 1.797693134862e+308, 2.2653e+00, 8.7818e-02, 
 2DIAGNOSTIC,     4, -3.784101229274e-01, 1.797693134862e+308, 2.3701e+00, 1.0480e-01, 
 2DIAGNOSTIC,     5, -3.784100887428e-01, 1.797693134862e+308, 2.4525e+00, 8.2413e-02, 
 2DIAGNOSTIC,     6, -3.784022329871e-01, 1.797693134862e+308, 2.5345e+00, 8.2016e-02, 
 2DIAGNOSTIC,     7, -3.784010568748e-01, 1.797693134862e+308, 2.6110e+00, 7.6473e-02, 
 2DIAGNOSTIC,     8, -3.783984075231e-01, 1.797693134862e+308, 2.7044e+00, 9.3456e-02, 
 2DIAGNOSTIC,     9, -3.783987284631e-01, 1.797693134862e+308, 2.8125e+00, 1.0808e-01, 
 2DIAGNOSTIC,    10, -3.783999834171e-01, 4.042506977484e-05, 2.9172e+00, 1.0471e-01, 
 2DIAGNOSTIC,    11, -3.784001196842e-01, 1.408210932399e-05, 2.9988e+00, 8.1608e-02, 
 2DIAGNOSTIC,    12, -3.783980101074e-01, 1.348515618324e-06, 3.0710e+00, 7.2192e-02, 
 2DIAGNOSTIC,    13, -3.783956858440e-01, 8.916954477856e-07, 3.1532e+00, 8.2137e-02, 
 2DIAGNOSTIC,    14, -3.783965964527e-01, 1.180780470122e-06, 3.2364e+00, 8.3232e-02, 
 2DIAGNOSTIC,    15, -3.783956035255e-01, 1.482373041067e-06, 3.3120e+00, 7.5585e-02, 
 2DIAGNOSTIC,    16, -3.783943180278e-01, 1.376103918233e-06, 3.3952e+00, 8.3187e-02, 
 2DIAGNOSTIC,    17, -3.783959363816e-01, 1.366352169893e-06, 3.4675e+00, 7.2343e-02, 
 2DIAGNOSTIC,    18, -3.783915811128e-01, 1.110947098107e-06, 3.5500e+00, 8.2525e-02, 
 2DIAGNOSTIC,    19, -3.783919505544e-01, 9.725797397164e-07, 3.6335e+00, 8.3473e-02, 
 2DIAGNOSTIC,    20, -3.783923470637e-01, 9.720602785826e-07, 3.7181e+00, 8.4568e-02, 
 2DIAGNOSTIC,    21, -3.783924446322e-01, 1.037171991479e-06, 3.8024e+00, 8.4274e-02, 
 2DIAGNOSTIC,    22, -3.783915804034e-01, 1.041595963390e-06, 3.8755e+00, 7.3188e-02, 
 2DIAGNOSTIC,    23, -3.783911129921e-01, 9.935820171822e-07, 3.9699e+00, 9.4382e-02, 
 2DIAGNOSTIC,    24, -3.783909307064e-01, 1.010522985151e-06, 4.0426e+00, 7.2691e-02, 
 2DIAGNOSTIC,    25, -3.783903604350e-01, 1.007587108776e-06, 4.1262e+00, 8.3569e-02, 
 2DIAGNOSTIC,    26, -3.783902827907e-01, 9.879143268096e-07, 4.2182e+00, 9.1982e-02, 
 2DIAGNOSTIC,    27, -3.783886622630e-01, 9.958422850856e-07, 4.3024e+00, 8.4272e-02, 
 2DIAGNOSTIC,    28, -3.783878566480e-01, 8.831301359646e-07, 4.3866e+00, 8.4150e-02, 
 2DIAGNOSTIC,    29, -3.783861087467e-01, 7.659913801791e-07, 4.4587e+00, 7.2118e-02, 
 2DIAGNOSTIC,    30, -3.783845274628e-01, 6.583816188135e-07, 4.5315e+00, 7.2834e-02, 
 2DIAGNOSTIC,    31, -3.783848016963e-01, 6.056646551372e-07, 4.6144e+00, 8.2890e-02, 
 2DIAGNOSTIC,    32, -3.783852361087e-01, 5.854618099974e-07, 4.6974e+00, 8.2988e-02, 
 2DIAGNOSTIC,    33, -3.783852645435e-01, 5.949866172875e-07, 4.7819e+00, 8.4448e-02, 
 2DIAGNOSTIC,    34, -3.783848202188e-01, 6.259404210923e-07, 4.8697e+00, 8.7860e-02, 
 2DIAGNOSTIC,    35, -3.783856791737e-01, 6.912136283552e-07, 4.9527e+00, 8.2957e-02, 
 2DIAGNOSTIC,    36, -3.783868809705e-01, 7.965642055685e-07, 5.0367e+00, 8.4003e-02, 
 2DIAGNOSTIC,    37, -3.783874507126e-01, 8.818845777456e-07, 5.1186e+00, 8.1937e-02, 
 2DIAGNOSTIC,    38, -3.783869187799e-01, 9.351020507538e-07, 5.1901e+00, 7.1492e-02, 
 2DIAGNOSTIC,    39, -3.783893227543e-01, 9.908413548219e-07, 5.2748e+00, 8.4652e-02, 
 2DIAGNOSTIC,    40, -3.783949786061e-01, 1.101990838484e-06, 5.3618e+00, 8.6994e-02, 
 2DIAGNOSTIC,    41, -3.783959758469e-01, 1.198324692937e-06, 5.4459e+00, 8.4090e-02, 
 2DIAGNOSTIC,    42, -3.783952279840e-01, 1.245460342022e-06, 5.5307e+00, 8.4841e-02, 
 2DIAGNOSTIC,    43, -3.783957517626e-01, 1.256320841220e-06, 5.6264e+00, 9.5686e-02, 
 2DIAGNOSTIC,    44, -3.783946486416e-01, 1.189727986697e-06, 5.7333e+00, 1.0695e-01, 
 2DIAGNOSTIC,    45, -3.783935505837e-01, 1.075481413603e-06, 5.8196e+00, 8.6248e-02, 
 2DIAGNOSTIC,    46, -3.783929300363e-01, 9.405536764082e-07, 5.9025e+00, 8.2963e-02, 
 2DIAGNOSTIC,    47, -3.783922262579e-01, 7.874635664998e-07, 5.9913e+00, 8.8777e-02, 
 2DIAGNOSTIC,    48, -3.783907666123e-01, 5.991235677502e-07, 6.0634e+00, 7.2042e-02, 
 2DIAGNOSTIC,    49, -3.783895835481e-01, 4.414652788644e-07, 6.1448e+00, 8.1432e-02, 
DIAGNOSTIC,Iteration,metricValue,convergenceValue,ITERATION_TIME_INDEX,SINCE_LAST
 2DIAGNOSTIC,     1, -3.009235182613e-01, 1.797693134862e+308, 8.1297e+00, 1.9849e+00, 
 2DIAGNOSTIC,     2, -3.009239186985e-01, 1.797693134862e+308, 8.6049e+00, 4.7528e-01, 
 2DIAGNOSTIC,     3, -3.009238333451e-01, 1.797693134862e+308, 9.0205e+00, 4.1559e-01, 
 2DIAGNOSTIC,     4, -3.009239101373e-01, 1.797693134862e+308, 9.4907e+00, 4.7018e-01, 
 2DIAGNOSTIC,     5, -3.009232120615e-01, 1.797693134862e+308, 9.9635e+00, 4.7281e-01, 
 2DIAGNOSTIC,     6, -3.009226763289e-01, 1.797693134862e+308, 1.0444e+01, 4.8002e-01, 
 2DIAGNOSTIC,     7, -3.009222943682e-01, 1.797693134862e+308, 1.0973e+01, 5.2955e-01, 
 2DIAGNOSTIC,     8, -3.009222034392e-01, 1.797693134862e+308, 1.1502e+01, 5.2902e-01, 
 2DIAGNOSTIC,     9, -3.009216909758e-01, 1.797693134862e+308, 1.1919e+01, 4.1698e-01, 
 2DIAGNOSTIC,    10, -3.009214371949e-01, 2.612962941878e-06, 1.2394e+01, 4.7504e-01, 
 2DIAGNOSTIC,    11, -3.009214362936e-01, 2.319304049453e-06, 1.2866e+01, 4.7175e-01, 
 2DIAGNOSTIC,    12, -3.009213692963e-01, 2.151330136368e-06, 1.3283e+01, 4.1676e-01, 
 2DIAGNOSTIC,    13, -3.009214968869e-01, 2.056153075122e-06, 1.3868e+01, 5.8504e-01, 
 2DIAGNOSTIC,    14, -3.009215657254e-01, 2.020752245771e-06, 1.4349e+01, 4.8090e-01, 
 2DIAGNOSTIC,    15, -3.009215556561e-01, 1.969312179287e-06, 1.4764e+01, 4.1550e-01, 
 2DIAGNOSTIC,    16, -3.009214461309e-01, 1.900441261804e-06, 1.5291e+01, 5.2722e-01, 
 2DIAGNOSTIC,    17, -3.009213061339e-01, 1.818583671501e-06, 1.5763e+01, 4.7212e-01, 
 2DIAGNOSTIC,    18, -3.009212612506e-01, 1.744181816046e-06, 1.6179e+01, 4.1540e-01, 
 2DIAGNOSTIC,    19, -3.009211454421e-01, 1.648634158524e-06, 1.6654e+01, 4.7475e-01, 
 2DIAGNOSTIC,    20, -3.009211881038e-01, 1.555146953928e-06, 1.7074e+01, 4.2036e-01, 
 2DIAGNOSTIC,    21, -3.009213220045e-01, 1.480001269503e-06, 1.7546e+01, 4.7242e-01, 
 2DIAGNOSTIC,    22, -3.009214892557e-01, 1.419009828793e-06, 1.8072e+01, 5.2529e-01, 
 2DIAGNOSTIC,    23, -3.009209629972e-01, 1.349277921267e-06, 1.8549e+01, 4.7724e-01, 
 2DIAGNOSTIC,    24, -3.009209341066e-01, 1.290797680992e-06, 1.8965e+01, 4.1594e-01, 
 2DIAGNOSTIC,    25, -3.009209106293e-01, 1.238870898229e-06, 1.9439e+01, 4.7445e-01, 
 2DIAGNOSTIC,    26, -3.009209749341e-01, 1.192095561285e-06, 1.9916e+01, 4.7656e-01, 
 2DIAGNOSTIC,    27, -3.009207493548e-01, 1.138834220801e-06, 2.0390e+01, 4.7442e-01, 
 2DIAGNOSTIC,    28, -3.009207288925e-01, 1.091596313250e-06, 2.0811e+01, 4.2031e-01, 
 2DIAGNOSTIC,    29, -3.009207419221e-01, 1.048618092733e-06, 2.1288e+01, 4.7743e-01, 
 2DIAGNOSTIC,    30, -3.009206438982e-01, 1.010872027765e-06, 2.1749e+01, 4.6078e-01, 
 2DIAGNOSTIC,    31, -3.009206209735e-01, 9.833454402142e-07, 2.2150e+01, 4.0141e-01, 
 2DIAGNOSTIC,    32, -3.009206649878e-01, 9.683502306609e-07, 2.2712e+01, 5.6188e-01, 
 2DIAGNOSTIC,    33, -3.009206983587e-01, 9.425842585967e-07, 2.3220e+01, 5.0810e-01, 
 2DIAGNOSTIC,    34, -3.009206278725e-01, 9.175225597138e-07, 2.3621e+01, 4.0109e-01, 
 2DIAGNOSTIC,    35, -3.009204742397e-01, 8.908280157635e-07, 2.4020e+01, 3.9838e-01, 
 2DIAGNOSTIC,    36, -3.009200164385e-01, 8.572991968027e-07, 2.4473e+01, 4.5367e-01, 
 2DIAGNOSTIC,    37, -3.009200903861e-01, 8.244315293435e-07, 2.4875e+01, 4.0193e-01, 
 2DIAGNOSTIC,    38, -3.009200988993e-01, 7.960467436723e-07, 2.5333e+01, 4.5734e-01, 
 2DIAGNOSTIC,    39, -3.009203934089e-01, 7.804311137234e-07, 2.5737e+01, 4.0407e-01, 
 2DIAGNOSTIC,    40, -3.009197410610e-01, 7.512179837146e-07, 2.6191e+01, 4.5447e-01, 
 2DIAGNOSTIC,    41, -3.009198620911e-01, 7.305441793969e-07, 2.6595e+01, 4.0358e-01, 
 2DIAGNOSTIC,    42, -3.009199648106e-01, 7.182467045216e-07, 2.7104e+01, 5.0977e-01, 
 2DIAGNOSTIC,    43, -3.009198665595e-01, 7.083746761637e-07, 2.7566e+01, 4.6109e-01, 
 2DIAGNOSTIC,    44, -3.009198243609e-01, 6.996096782036e-07, 2.7979e+01, 4.1312e-01, 
 2DIAGNOSTIC,    45, -3.009199123592e-01, 6.926197599275e-07, 2.8453e+01, 4.7444e-01, 
 2DIAGNOSTIC,    46, -3.009199370103e-01, 6.783679870996e-07, 2.8923e+01, 4.6967e-01, 
 2DIAGNOSTIC,    47, -3.009199724941e-01, 6.679899193993e-07, 2.9394e+01, 4.7081e-01, 
 2DIAGNOSTIC,    48, -3.009198497495e-01, 6.564010050641e-07, 2.9818e+01, 4.2413e-01, 
 2DIAGNOSTIC,    49, -3.009193024493e-01, 6.415361610765e-07, 3.0297e+01, 4.7968e-01, 
 2DIAGNOSTIC,    50, -3.009192114547e-01, 6.141367458468e-07, 3.0777e+01, 4.7985e-01, 
 2DIAGNOSTIC,    51, -3.009192640750e-01, 5.929264571269e-07, 3.1261e+01, 4.8323e-01, 
 2DIAGNOSTIC,    52, -3.009191632771e-01, 5.753757345087e-07, 3.1740e+01, 4.7962e-01, 
 2DIAGNOSTIC,    53, -3.009189349342e-01, 5.563111514333e-07, 3.2219e+01, 4.7904e-01, 
 2DIAGNOSTIC,    54, -3.009188403440e-01, 5.400268411580e-07, 3.2750e+01, 5.3130e-01, 
 2DIAGNOSTIC,    55, -3.009189269160e-01, 5.320323368287e-07, 3.3232e+01, 4.8179e-01, 
 2DIAGNOSTIC,    56, -3.009179069436e-01, 5.116687871315e-07, 3.3656e+01, 4.2376e-01, 
 2DIAGNOSTIC,    57, -3.009177634349e-01, 4.960847338857e-07, 3.4192e+01, 5.3584e-01, 
 2DIAGNOSTIC,    58, -3.009178217091e-01, 4.861623407737e-07, 3.4675e+01, 4.8268e-01, 
 2DIAGNOSTIC,    59, -3.009176823423e-01, 4.713121073800e-07, 3.5152e+01, 4.7722e-01, 
 2DIAGNOSTIC,    60, -3.009177557953e-01, 4.631838813676e-07, 3.5625e+01, 4.7316e-01, 
 2DIAGNOSTIC,    61, -3.009171256399e-01, 4.530285522761e-07, 3.6105e+01, 4.8023e-01, 
 2DIAGNOSTIC,    62, -3.009172028849e-01, 4.498777273799e-07, 3.6527e+01, 4.2174e-01, 
 2DIAGNOSTIC,    63, -3.009172367918e-01, 4.496730864473e-07, 3.7066e+01, 5.3877e-01, 
 2DIAGNOSTIC,    64, -3.009166400725e-01, 4.442148452549e-07, 3.7545e+01, 4.7937e-01, 
 2DIAGNOSTIC,    65, -3.009165533430e-01, 4.447184495798e-07, 3.7974e+01, 4.2923e-01, 
 2DIAGNOSTIC,    66, -3.009164408512e-01, 4.334242111707e-07, 3.8455e+01, 4.8048e-01, 
 2DIAGNOSTIC,    67, -3.009164499657e-01, 4.251259485763e-07, 3.8873e+01, 4.1813e-01, 
 2DIAGNOSTIC,    68, -3.009164541419e-01, 4.226258314595e-07, 3.9356e+01, 4.8342e-01, 
 2DIAGNOSTIC,    69, -3.009163580664e-01, 4.213285992732e-07, 3.9788e+01, 4.3144e-01, 
 2DIAGNOSTIC,    70, -3.009159774329e-01, 4.201091825477e-07, 4.0263e+01, 4.7503e-01, 
 2DIAGNOSTIC,    71, -3.009161111913e-01, 4.156356887830e-07, 4.0741e+01, 4.7853e-01, 
 2DIAGNOSTIC,    72, -3.009160603174e-01, 4.145030080352e-07, 4.1214e+01, 4.7288e-01, 
 2DIAGNOSTIC,    73, -3.009162661520e-01, 4.192832689844e-07, 4.1806e+01, 5.9220e-01, 
 2DIAGNOSTIC,    74, -3.009161505871e-01, 4.164320521194e-07, 4.2282e+01, 4.7519e-01, 
 2DIAGNOSTIC,    75, -3.009152579713e-01, 4.028046064752e-07, 4.2765e+01, 4.8387e-01, 
  Elapsed time (stage 1): 4.3133e+01


Total elapsed time: 7.0075e+01
