Running T1-THOMAS on sub-2
INFO:    Mounting image with FUSE.
Some packages in this Docker container are non-free
If you are considering commercial use of this container, please consult the relevant license:
https://fsl.fmrib.ox.ac.uk/fsl/fslwiki/Licence
THOMAS_HOME setting of /opt/thomas_new
Linux OS detected
File name OK
Running left and right thalamus MV big
All_Command_lines_OK
Using double precision for computations.
=============================================================================
The composite transform comprises the following transforms (in order): 
  1. Center of mass alignment using fixed image: sub-2_desc-preproc_T1w.nii.gz and moving image: /opt/thomas_new/origtemplate.nii.gz (type = Euler3DTransform)
=============================================================================
  number of levels = 4
  number of levels = 4
  fixed image: sub-2_desc-preproc_T1w.nii.gz
  moving image: /opt/thomas_new/origtemplate.nii.gz
  fixed image: sub-2_desc-preproc_T1w.nii.gz
  moving image: /opt/thomas_new/origtemplate.nii.gz
Dimension = 3
Number of stages = 2
Use Histogram Matching false
Winsorize image intensities false
Lower quantile = 0
Upper quantile = 1
Stage 1 State
   Image metric = Mattes
     Fixed image = Image (0x4aa3940)
  RTTI typeinfo:   itk::Image<double, 3u>
  Reference Count: 2
  Modified Time: 1696
  Debug: Off
  Object Name: 
  Observers: 
    none
  Source: (none)
  Source output name: (none)
  Release Data: Off
  Data Released: False
  Global Release Data: Off
  PipelineMTime: 0
  UpdateMTime: 1479
  RealTimeStamp: 0 seconds 
  LargestPossibleRegion: 
    Dimension: 3
    Index: [0, 0, 0]
    Size: [144, 208, 256]
  BufferedRegion: 
    Dimension: 3
    Index: [0, 0, 0]
    Size: [144, 208, 256]
  RequestedRegion: 
    Dimension: 3
    Index: [0, 0, 0]
    Size: [144, 208, 256]
  Spacing: [1, 0.976563, 0.976562]
  Origin: [69.4228, 105.285, -121.568]
  Direction: 
-0.997367 0.0645324 -0.0330879
-0.0644969 -0.997916 -0.00213965
-0.033157 5.67379e-08 0.99945

  IndexToPointMatrix: 
-0.997367 0.0630199 -0.0323124
-0.0644969 -0.974527 -0.0020895
-0.033157 5.54081e-08 0.976026

  PointToIndexMatrix: 
-0.997367 -0.0644969 -0.033157
0.0660811 -1.02187 5.81598e-08
-0.033882 -0.002191 1.02344

  Inverse Direction: 
-0.997367 -0.0644969 -0.033157
0.0645324 -0.997916 5.67967e-08
-0.0330879 -0.00213965 0.99945

  PixelContainer: 
    ImportImageContainer (0x4a9c420)
      RTTI typeinfo:   itk::ImportImageContainer<unsigned long, double>
      Reference Count: 1
      Modified Time: 1476
      Debug: Off
      Object Name: 
      Observers: 
        none
      Pointer: 0x149912d6f010
      Container manages memory: true
      Size: 7667712
      Capacity: 7667712

     Moving image = Image (0x4a9d1f0)
  RTTI typeinfo:   itk::Image<double, 3u>
  Reference Count: 2
  Modified Time: 1697
  Debug: Off
  Object Name: 
  Observers: 
    none
  Source: (none)
  Source output name: (none)
  Release Data: Off
  Data Released: False
  Global Release Data: Off
  PipelineMTime: 0
  UpdateMTime: 1694
  RealTimeStamp: 0 seconds 
  LargestPossibleRegion: 
    Dimension: 3
    Index: [0, 0, 0]
    Size: [256, 440, 256]
  BufferedRegion: 
    Dimension: 3
    Index: [0, 0, 0]
    Size: [256, 440, 256]
  RequestedRegion: 
    Dimension: 3
    Index: [0, 0, 0]
    Size: [256, 440, 256]
  Spacing: [0.7031, 0.5, 0.7031]
  Origin: [83.5844, 59.822, -106.951]
  Direction: 
-1 0 0
0 -1 0
0 0 1

  IndexToPointMatrix: 
-0.7031 0 0
0 -0.5 0
0 0 0.7031

  PointToIndexMatrix: 
-1.42227 0 0
0 -2 0
0 0 1.42227

  Inverse Direction: 
-1 0 0
0 -1 0
0 0 1

  PixelContainer: 
    ImportImageContainer (0x4a9d480)
      RTTI typeinfo:   itk::ImportImageContainer<unsigned long, double>
      Reference Count: 1
      Modified Time: 1691
      Debug: Off
      Object Name: 
      Observers: 
        none
      Pointer: 0x14990516e010
      Container manages memory: true
      Size: 28835840
      Capacity: 28835840

     Weighting = 1
     Sampling strategy = regular
     Number of bins = 32
     Radius = 4
     Sampling percentage  = 0.25
   Transform = Rigid
     Gradient step = 0.1
     Update field sigma (voxel space) = 0
     Total field sigma (voxel space) = 0
     Update field time sigma = 0
     Total field time sigma  = 0
     Number of time indices = 0
     Number of time point samples = 0
Stage 2 State
   Image metric = Mattes
     Fixed image = Image (0x4aaf960)
  RTTI typeinfo:   itk::Image<double, 3u>
  Reference Count: 2
  Modified Time: 2128
  Debug: Off
  Object Name: 
  Observers: 
    none
  Source: (none)
  Source output name: (none)
  Release Data: Off
  Data Released: False
  Global Release Data: Off
  PipelineMTime: 0
  UpdateMTime: 1911
  RealTimeStamp: 0 seconds 
  LargestPossibleRegion: 
    Dimension: 3
    Index: [0, 0, 0]
    Size: [144, 208, 256]
  BufferedRegion: 
    Dimension: 3
    Index: [0, 0, 0]
    Size: [144, 208, 256]
  RequestedRegion: 
    Dimension: 3
    Index: [0, 0, 0]
    Size: [144, 208, 256]
  Spacing: [1, 0.976563, 0.976562]
  Origin: [69.4228, 105.285, -121.568]
  Direction: 
-0.997367 0.0645324 -0.0330879
-0.0644969 -0.997916 -0.00213965
-0.033157 5.67379e-08 0.99945

  IndexToPointMatrix: 
-0.997367 0.0630199 -0.0323124
-0.0644969 -0.974527 -0.0020895
-0.033157 5.54081e-08 0.976026

  PointToIndexMatrix: 
-0.997367 -0.0644969 -0.033157
0.0660811 -1.02187 5.81598e-08
-0.033882 -0.002191 1.02344

  Inverse Direction: 
-0.997367 -0.0644969 -0.033157
0.0645324 -0.997916 5.67967e-08
-0.0330879 -0.00213965 0.99945

  PixelContainer: 
    ImportImageContainer (0x4a9b220)
      RTTI typeinfo:   itk::ImportImageContainer<unsigned long, double>
      Reference Count: 1
      Modified Time: 1908
      Debug: Off
      Object Name: 
      Observers: 
        none
      Pointer: 0x1499016ed010
      Container manages memory: true
      Size: 7667712
      Capacity: 7667712

     Moving image = Image (0x4ab13f0)
  RTTI typeinfo:   itk::Image<double, 3u>
  Reference Count: 2
  Modified Time: 2129
  Debug: Off
  Object Name: 
  Observers: 
    none
  Source: (none)
  Source output name: (none)
  Release Data: Off
  Data Released: False
  Global Release Data: Off
  PipelineMTime: 0
  UpdateMTime: 2126
  RealTimeStamp: 0 seconds 
  LargestPossibleRegion: 
    Dimension: 3
    Index: [0, 0, 0]
    Size: [256, 440, 256]
  BufferedRegion: 
    Dimension: 3
    Index: [0, 0, 0]
    Size: [256, 440, 256]
  RequestedRegion: 
    Dimension: 3
    Index: [0, 0, 0]
    Size: [256, 440, 256]
  Spacing: [0.7031, 0.5, 0.7031]
  Origin: [83.5844, 59.822, -106.951]
  Direction: 
-1 0 0
0 -1 0
0 0 1

  IndexToPointMatrix: 
-0.7031 0 0
0 -0.5 0
0 0 0.7031

  PointToIndexMatrix: 
-1.42227 0 0
0 -2 0
0 0 1.42227

  Inverse Direction: 
-1 0 0
0 -1 0
0 0 1

  PixelContainer: 
    ImportImageContainer (0x4aa1d30)
      RTTI typeinfo:   itk::ImportImageContainer<unsigned long, double>
      Reference Count: 1
      Modified Time: 2123
      Debug: Off
      Object Name: 
      Observers: 
        none
      Pointer: 0x1498f3aec010
      Container manages memory: true
      Size: 28835840
      Capacity: 28835840

     Weighting = 1
     Sampling strategy = regular
     Number of bins = 32
     Radius = 4
     Sampling percentage  = 0.25
   Transform = Affine
     Gradient step = 0.1
     Update field sigma (voxel space) = 0
     Total field sigma (voxel space) = 0
     Update field time sigma = 0
     Total field time sigma  = 0
     Number of time indices = 0
     Number of time point samples = 0
Registration using 2 total stages.

Stage 0
  iterations = 1000x500x250x100
  convergence threshold = 5e-07
  convergence window size = 10
  number of levels = 4
  using the Mattes MI metric (number of bins = 32, weight = 1)
  Shrink factors (level 1 out of 4): [8, 8, 8]
  Shrink factors (level 2 out of 4): [4, 4, 4]
  Shrink factors (level 3 out of 4): [2, 2, 2]
  Shrink factors (level 4 out of 4): [1, 1, 1]
  smoothing sigmas per level: [3, 2, 1, 0]
  regular sampling (percentage = 0.25)

*** Running Euler3DTransform registration ***

DIAGNOSTIC,Iteration,metricValue,convergenceValue,ITERATION_TIME_INDEX,SINCE_LAST
 2DIAGNOSTIC,     1, -3.200817268700e-01, 1.797693134862e+308, 3.2912e-01, 3.2912e-01, 
 2DIAGNOSTIC,     2, -3.220420882402e-01, 1.797693134862e+308, 3.3197e-01, 2.8460e-03, 
 2DIAGNOSTIC,     3, -3.235725596315e-01, 1.797693134862e+308, 3.3507e-01, 3.0999e-03, 
 2DIAGNOSTIC,     4, -3.262977558545e-01, 1.797693134862e+308, 3.3801e-01, 2.9390e-03, 
 2DIAGNOSTIC,     5, -3.290746283725e-01, 1.797693134862e+308, 3.4065e-01, 2.6419e-03, 
 2DIAGNOSTIC,     6, -3.326486229332e-01, 1.797693134862e+308, 3.4392e-01, 3.2680e-03, 
 2DIAGNOSTIC,     7, -3.369658459029e-01, 1.797693134862e+308, 3.4755e-01, 3.6309e-03, 
 2DIAGNOSTIC,     8, -3.372833748306e-01, 1.797693134862e+308, 3.5047e-01, 2.9240e-03, 
 2DIAGNOSTIC,     9, -3.384982582792e-01, 1.797693134862e+308, 3.5285e-01, 2.3830e-03, 
 2DIAGNOSTIC,    10, -3.455881905154e-01, 4.729615568351e-03, 3.5766e-01, 4.8060e-03, 
 2DIAGNOSTIC,    11, -3.475739140738e-01, 4.497598578339e-03, 3.6306e-01, 5.3959e-03, 
 2DIAGNOSTIC,    12, -3.480361744661e-01, 4.075336665416e-03, 3.6621e-01, 3.1531e-03, 
 2DIAGNOSTIC,    13, -3.494555912828e-01, 3.552762871932e-03, 3.6897e-01, 2.7611e-03, 
 2DIAGNOSTIC,    14, -3.507649706580e-01, 3.028055417940e-03, 3.7198e-01, 3.0100e-03, 
 2DIAGNOSTIC,    15, -3.509167888594e-01, 2.454487905185e-03, 3.7477e-01, 2.7909e-03, 
 2DIAGNOSTIC,    16, -3.512214876945e-01, 1.927988623960e-03, 3.7815e-01, 3.3791e-03, 
 2DIAGNOSTIC,    17, -3.519226183357e-01, 1.541830792994e-03, 3.8372e-01, 5.5680e-03, 
 2DIAGNOSTIC,    18, -3.516779656078e-01, 1.063395440189e-03, 3.8683e-01, 3.1080e-03, 
 2DIAGNOSTIC,    19, -3.517201875923e-01, 5.861890255603e-04, 3.8961e-01, 2.7850e-03, 
 2DIAGNOSTIC,    20, -3.514872605498e-01, 3.886613332686e-04, 3.9240e-01, 2.7831e-03, 
 2DIAGNOSTIC,    21, -3.517668483772e-01, 2.651036516497e-04, 3.9499e-01, 2.5961e-03, 
 2DIAGNOSTIC,    22, -3.520377355384e-01, 1.545476182865e-04, 3.9751e-01, 2.5148e-03, 
 2DIAGNOSTIC,    23, -3.520474680770e-01, 8.981293923251e-05, 4.0022e-01, 2.7099e-03, 
 2DIAGNOSTIC,    24, -3.520763651197e-01, 6.925855678148e-05, 4.0500e-01, 4.7810e-03, 
 2DIAGNOSTIC,    25, -3.520885589846e-01, 4.952883838000e-05, 4.0764e-01, 2.6400e-03, 
 2DIAGNOSTIC,    26, -3.521038453614e-01, 3.614756965319e-05, 4.1098e-01, 3.3410e-03, 
 2DIAGNOSTIC,    27, -3.521488093800e-01, 4.329158345366e-05, 4.1409e-01, 3.1159e-03, 
 2DIAGNOSTIC,    28, -3.519739815558e-01, 3.352330512073e-05, 4.1755e-01, 3.4530e-03, 
 2DIAGNOSTIC,    29, -3.518659889505e-01, 2.007864094593e-05, 4.2061e-01, 3.0670e-03, 
 2DIAGNOSTIC,    30, -3.519193679581e-01, 7.320004260097e-07, 4.2339e-01, 2.7719e-03, 
 2DIAGNOSTIC,    31, -3.548312983809e-01, 6.717767734371e-05, 4.2681e-01, 3.4201e-03, 
 2DIAGNOSTIC,    32, -3.613129737024e-01, 2.944792863605e-04, 4.2939e-01, 2.5859e-03, 
 2DIAGNOSTIC,    33, -3.615931458984e-01, 4.831497434985e-04, 4.3255e-01, 3.1569e-03, 
 2DIAGNOSTIC,    34, -3.619510272371e-01, 6.267402723411e-04, 4.3521e-01, 2.6622e-03, 
 2DIAGNOSTIC,    35, -3.640501360724e-01, 7.536648362393e-04, 4.3882e-01, 3.6099e-03, 
 2DIAGNOSTIC,    36, -3.656334837728e-01, 8.349870147823e-04, 4.4246e-01, 3.6349e-03, 
 2DIAGNOSTIC,    37, -3.657245888557e-01, 8.325310212121e-04, 4.4524e-01, 2.7862e-03, 
 2DIAGNOSTIC,    38, -3.658141108108e-01, 7.508097684244e-04, 4.4786e-01, 2.6181e-03, 
 2DIAGNOSTIC,    39, -3.660404176306e-01, 6.076686607946e-04, 4.5103e-01, 3.1691e-03, 
 2DIAGNOSTIC,    40, -3.660632771698e-01, 4.148142779724e-04, 4.5421e-01, 3.1829e-03, 
 2DIAGNOSTIC,    41, -3.660451764861e-01, 2.455944057269e-04, 4.5744e-01, 3.2248e-03, 
 2DIAGNOSTIC,    42, -3.658704835761e-01, 1.839044294065e-04, 4.6009e-01, 2.6531e-03, 
 2DIAGNOSTIC,    43, -3.664629595846e-01, 1.250058877410e-04, 4.6375e-01, 3.6600e-03, 
 2DIAGNOSTIC,    44, -3.678350428948e-01, 8.772316734775e-05, 4.6686e-01, 3.1142e-03, 
 2DIAGNOSTIC,    45, -3.688166074810e-01, 9.784167311654e-05, 4.7095e-01, 4.0829e-03, 
 2DIAGNOSTIC,    46, -3.700442460723e-01, 1.476209882910e-04, 4.7413e-01, 3.1800e-03, 
 2DIAGNOSTIC,    47, -3.700474570108e-01, 1.827532107493e-04, 4.7713e-01, 3.0000e-03, 
 2DIAGNOSTIC,    48, -3.701418552571e-01, 2.021829141845e-04, 4.8220e-01, 5.0700e-03, 
 2DIAGNOSTIC,    49, -3.705325369339e-01, 2.113797993549e-04, 4.8580e-01, 3.6070e-03, 
 2DIAGNOSTIC,    50, -3.705315591653e-01, 1.999112386661e-04, 4.8928e-01, 3.4740e-03, 
 2DIAGNOSTIC,    51, -3.704397117096e-01, 1.683516761490e-04, 4.9205e-01, 2.7709e-03, 
 2DIAGNOSTIC,    52, -3.702018524175e-01, 1.159197465236e-04, 4.9517e-01, 3.1240e-03, 
 2DIAGNOSTIC,    53, -3.699744220761e-01, 5.995787422882e-05, 4.9800e-01, 2.8250e-03, 
 2DIAGNOSTIC,    54, -3.700042038940e-01, 2.101968325469e-05, 5.0083e-01, 2.8369e-03, 
DIAGNOSTIC,Iteration,metricValue,convergenceValue,ITERATION_TIME_INDEX,SINCE_LAST
 2DIAGNOSTIC,     1, -2.866062397211e-01, 1.797693134862e+308, 8.2931e-01, 3.2848e-01, 
 2DIAGNOSTIC,     2, -2.777535672123e-01, 1.797693134862e+308, 8.3558e-01, 6.2668e-03, 
 2DIAGNOSTIC,     3, -2.785666853844e-01, 1.797693134862e+308, 8.4197e-01, 6.3920e-03, 
 2DIAGNOSTIC,     4, -2.838145532384e-01, 1.797693134862e+308, 8.4870e-01, 6.7308e-03, 
 2DIAGNOSTIC,     5, -2.919444579323e-01, 1.797693134862e+308, 8.5542e-01, 6.7172e-03, 
 2DIAGNOSTIC,     6, -2.987908221409e-01, 1.797693134862e+308, 8.6211e-01, 6.6891e-03, 
 2DIAGNOSTIC,     7, -3.196764731833e-01, 1.797693134862e+308, 8.6926e-01, 7.1521e-03, 
 2DIAGNOSTIC,     8, -3.668175441309e-01, 1.797693134862e+308, 8.8402e-01, 1.4760e-02, 
 2DIAGNOSTIC,     9, -3.701145833888e-01, 1.797693134862e+308, 8.9052e-01, 6.4940e-03, 
 2DIAGNOSTIC,    10, -3.728450109305e-01, 2.228939745603e-02, 8.9742e-01, 6.9091e-03, 
 2DIAGNOSTIC,    11, -3.782679214644e-01, 2.272817909781e-02, 9.0419e-01, 6.7661e-03, 
 2DIAGNOSTIC,    12, -3.822297117283e-01, 2.066452854148e-02, 9.1217e-01, 7.9839e-03, 
 2DIAGNOSTIC,    13, -3.832738671326e-01, 1.719157648371e-02, 9.1974e-01, 7.5660e-03, 
 2DIAGNOSTIC,    14, -3.841613129249e-01, 1.311855619163e-02, 9.2647e-01, 6.7251e-03, 
 2DIAGNOSTIC,    15, -3.869956190036e-01, 9.134217881568e-03, 9.3324e-01, 6.7739e-03, 
 2DIAGNOSTIC,    16, -4.006175053827e-01, 5.931155173916e-03, 9.4422e-01, 1.0983e-02, 
 2DIAGNOSTIC,    17, -4.061031999682e-01, 3.817862977128e-03, 9.5098e-01, 6.7561e-03, 
 2DIAGNOSTIC,    18, -4.107733828102e-01, 3.974862946223e-03, 9.5954e-01, 8.5640e-03, 
 2DIAGNOSTIC,    19, -4.123462571632e-01, 3.961296613660e-03, 9.6732e-01, 7.7801e-03, 
 2DIAGNOSTIC,    20, -4.123435564869e-01, 3.689927364685e-03, 9.7448e-01, 7.1599e-03, 
 2DIAGNOSTIC,    21, -4.133614731986e-01, 3.340912683645e-03, 9.8103e-01, 6.5479e-03, 
 2DIAGNOSTIC,    22, -4.145509215978e-01, 2.897907967334e-03, 9.9168e-01, 1.0648e-02, 
 2DIAGNOSTIC,    23, -4.147989149896e-01, 2.277148523523e-03, 9.9882e-01, 7.1390e-03, 
 2DIAGNOSTIC,    24, -4.148573746172e-01, 1.538728944541e-03, 1.0070e+00, 8.1439e-03, 
 2DIAGNOSTIC,    25, -4.148231932416e-01, 8.028853833190e-04, 1.0159e+00, 8.9738e-03, 
 2DIAGNOSTIC,    26, -4.147521506677e-01, 4.545299150922e-04, 1.0238e+00, 7.8599e-03, 
 2DIAGNOSTIC,    27, -4.148699372960e-01, 2.478256770814e-04, 1.0308e+00, 7.0069e-03, 
 2DIAGNOSTIC,    28, -4.148748621012e-01, 1.607811075705e-04, 1.0384e+00, 7.5810e-03, 
 2DIAGNOSTIC,    29, -4.151638842932e-01, 1.150173967205e-04, 1.0462e+00, 7.8280e-03, 
 2DIAGNOSTIC,    30, -4.150838362823e-01, 5.940468257257e-05, 1.0537e+00, 7.4649e-03, 
 2DIAGNOSTIC,    31, -4.152370701600e-01, 3.021584817496e-05, 1.0601e+00, 6.4731e-03, 
 2DIAGNOSTIC,    32, -4.154593589288e-01, 3.327572835734e-05, 1.0667e+00, 6.5701e-03, 
 2DIAGNOSTIC,    33, -4.159618671213e-01, 4.991121491057e-05, 1.0736e+00, 6.8340e-03, 
 2DIAGNOSTIC,    34, -4.180195441848e-01, 1.071454329930e-04, 1.0834e+00, 9.8209e-03, 
 2DIAGNOSTIC,    35, -4.176007433085e-01, 1.401065972224e-04, 1.0942e+00, 1.0815e-02, 
 2DIAGNOSTIC,    36, -4.175821673801e-01, 1.569131076527e-04, 1.1016e+00, 7.3771e-03, 
 2DIAGNOSTIC,    37, -4.175142693192e-01, 1.594244014414e-04, 1.1080e+00, 6.4051e-03, 
 2DIAGNOSTIC,    38, -4.175091003555e-01, 1.461648786957e-04, 1.1143e+00, 6.3009e-03, 
 2DIAGNOSTIC,    39, -4.174542403792e-01, 1.237323286318e-04, 1.1210e+00, 6.7160e-03, 
 2DIAGNOSTIC,    40, -4.174032076922e-01, 8.852343144199e-05, 1.1283e+00, 7.3040e-03, 
 2DIAGNOSTIC,    41, -4.173334278633e-01, 4.896729171705e-05, 1.1355e+00, 7.2501e-03, 
 2DIAGNOSTIC,    42, -4.173262212994e-01, 1.070830063405e-05, 1.1432e+00, 7.6320e-03, 
DIAGNOSTIC,Iteration,metricValue,convergenceValue,ITERATION_TIME_INDEX,SINCE_LAST
 2DIAGNOSTIC,     1, -3.112636130620e-01, 1.797693134862e+308, 1.6045e+00, 4.6129e-01, 
 2DIAGNOSTIC,     2, -3.112497673921e-01, 1.797693134862e+308, 1.6530e+00, 4.8489e-02, 
 2DIAGNOSTIC,     3, -3.112278642907e-01, 1.797693134862e+308, 1.7267e+00, 7.3734e-02, 
 2DIAGNOSTIC,     4, -3.112285472300e-01, 1.797693134862e+308, 1.7827e+00, 5.5996e-02, 
 2DIAGNOSTIC,     5, -3.112229422456e-01, 1.797693134862e+308, 1.8323e+00, 4.9664e-02, 
 2DIAGNOSTIC,     6, -3.112218975175e-01, 1.797693134862e+308, 1.8841e+00, 5.1720e-02, 
 2DIAGNOSTIC,     7, -3.112243822311e-01, 1.797693134862e+308, 1.9381e+00, 5.4042e-02, 
 2DIAGNOSTIC,     8, -3.112241966581e-01, 1.797693134862e+308, 1.9897e+00, 5.1553e-02, 
 2DIAGNOSTIC,     9, -3.112158328855e-01, 1.797693134862e+308, 2.0337e+00, 4.4062e-02, 
DIAGNOSTIC,Iteration,metricValue,convergenceValue,ITERATION_TIME_INDEX,SINCE_LAST
 2DIAGNOSTIC,     1, -2.478596317191e-01, 1.797693134862e+308, 2.9973e+00, 9.6355e-01, 
 2DIAGNOSTIC,     2, -2.479652674067e-01, 1.797693134862e+308, 3.2979e+00, 3.0060e-01, 
 2DIAGNOSTIC,     3, -2.480084229781e-01, 1.797693134862e+308, 3.5942e+00, 2.9628e-01, 
 2DIAGNOSTIC,     4, -2.480126572181e-01, 1.797693134862e+308, 3.9261e+00, 3.3198e-01, 
 2DIAGNOSTIC,     5, -2.480136598004e-01, 1.797693134862e+308, 4.2293e+00, 3.0321e-01, 
 2DIAGNOSTIC,     6, -2.480132842693e-01, 1.797693134862e+308, 4.5374e+00, 3.0802e-01, 
 2DIAGNOSTIC,     7, -2.480108484314e-01, 1.797693134862e+308, 4.8448e+00, 3.0739e-01, 
 2DIAGNOSTIC,     8, -2.480101143456e-01, 1.797693134862e+308, 5.2615e+00, 4.1672e-01, 
 2DIAGNOSTIC,     9, -2.480092364457e-01, 1.797693134862e+308, 5.5696e+00, 3.0815e-01, 
 2DIAGNOSTIC,    10, -2.480083143301e-01, 2.465497785113e-05, 5.9479e+00, 3.7832e-01, 
 2DIAGNOSTIC,    11, -2.480083258678e-01, 6.903576519654e-06, 6.2549e+00, 3.0693e-01, 
 2DIAGNOSTIC,    12, -2.480081410239e-01, 1.712204845614e-06, 6.6029e+00, 3.4805e-01, 
 2DIAGNOSTIC,    13, -2.480081436472e-01, 1.200144521818e-06, 6.9168e+00, 3.1389e-01, 
 2DIAGNOSTIC,    14, -2.480078026681e-01, 1.188766025936e-06, 7.2269e+00, 3.1013e-01, 
 2DIAGNOSTIC,    15, -2.480081474839e-01, 1.380380432889e-06, 7.4979e+00, 2.7101e-01, 
 2DIAGNOSTIC,    16, -2.480080563522e-01, 1.585141946578e-06, 7.8059e+00, 3.0792e-01, 
 2DIAGNOSTIC,    17, -2.480084471017e-01, 1.665032032416e-06, 8.1122e+00, 3.0634e-01, 
 2DIAGNOSTIC,    18, -2.480076359037e-01, 1.657320443632e-06, 8.3739e+00, 2.6172e-01, 
 2DIAGNOSTIC,    19, -2.480077479074e-01, 1.617697123368e-06, 8.6748e+00, 3.0092e-01, 
 2DIAGNOSTIC,    20, -2.480081753255e-01, 1.558182519332e-06, 8.9857e+00, 3.1084e-01, 
 2DIAGNOSTIC,    21, -2.480081251064e-01, 1.503845968351e-06, 9.2616e+00, 2.7594e-01, 
 2DIAGNOSTIC,    22, -2.480082007428e-01, 1.450130514315e-06, 9.6109e+00, 3.4933e-01, 
 2DIAGNOSTIC,    23, -2.480083853704e-01, 1.411441575984e-06, 9.8801e+00, 2.6911e-01, 
 2DIAGNOSTIC,    24, -2.480076911144e-01, 1.323397797917e-06, 1.0195e+01, 3.1496e-01, 
 2DIAGNOSTIC,    25, -2.480074452082e-01, 1.247581802775e-06, 1.0465e+01, 2.6948e-01, 
 2DIAGNOSTIC,    26, -2.480077877590e-01, 1.190199494815e-06, 1.0773e+01, 3.0836e-01, 
 2DIAGNOSTIC,    27, -2.480074856047e-01, 1.144207784701e-06, 1.1078e+01, 3.0501e-01, 
 2DIAGNOSTIC,    28, -2.480076012431e-01, 1.076608825819e-06, 1.1425e+01, 3.4684e-01, 
 2DIAGNOSTIC,    29, -2.480073133269e-01, 1.012297263459e-06, 1.1701e+01, 2.7651e-01, 
 2DIAGNOSTIC,    30, -2.480059701614e-01, 9.258886355945e-07, 1.2010e+01, 3.0914e-01, 
 2DIAGNOSTIC,    31, -2.480059140415e-01, 8.546595654593e-07, 1.2321e+01, 3.1056e-01, 
 2DIAGNOSTIC,    32, -2.480056541074e-01, 7.963299330851e-07, 1.2630e+01, 3.0866e-01, 
 2DIAGNOSTIC,    33, -2.480059738739e-01, 7.780738086605e-07, 1.2937e+01, 3.0743e-01, 
 2DIAGNOSTIC,    34, -2.480061255630e-01, 7.603363268091e-07, 1.3240e+01, 3.0283e-01, 
 2DIAGNOSTIC,    35, -2.480054873221e-01, 7.315675769927e-07, 1.3507e+01, 2.6726e-01, 
 2DIAGNOSTIC,    36, -2.480059909625e-01, 7.493920610828e-07, 1.3779e+01, 2.7181e-01, 
 2DIAGNOSTIC,    37, -2.480068464469e-01, 7.947732915854e-07, 1.4092e+01, 3.1308e-01, 
 2DIAGNOSTIC,    38, -2.480073674667e-01, 8.618669240790e-07, 1.4408e+01, 3.1555e-01, 
 2DIAGNOSTIC,    39, -2.480077913501e-01, 9.282093902420e-07, 1.4722e+01, 3.1444e-01, 
 2DIAGNOSTIC,    40, -2.480079101621e-01, 9.459977528235e-07, 1.5030e+01, 3.0785e-01, 
 2DIAGNOSTIC,    41, -2.480074394996e-01, 9.342201757780e-07, 1.5419e+01, 3.8878e-01, 
 2DIAGNOSTIC,    42, -2.480065239947e-01, 8.754228379079e-07, 1.5714e+01, 2.9542e-01, 
 2DIAGNOSTIC,    43, -2.480064990952e-01, 8.160756201601e-07, 1.6041e+01, 3.2677e-01, 
 2DIAGNOSTIC,    44, -2.480060253827e-01, 7.440267762206e-07, 1.6351e+01, 3.1039e-01, 
 2DIAGNOSTIC,    45, -2.480062458902e-01, 6.625490635917e-07, 1.6619e+01, 2.6787e-01, 
 2DIAGNOSTIC,    46, -2.480063476801e-01, 6.036208990666e-07, 1.6932e+01, 3.1286e-01, 
 2DIAGNOSTIC,    47, -2.480066898675e-01, 5.848531393175e-07, 1.7240e+01, 3.0764e-01, 
 2DIAGNOSTIC,    48, -2.480059684612e-01, 5.704687015898e-07, 1.7548e+01, 3.0859e-01, 
 2DIAGNOSTIC,    49, -2.480055322360e-01, 5.654475536271e-07, 1.7819e+01, 2.7065e-01, 
 2DIAGNOSTIC,    50, -2.480052659951e-01, 5.654841881489e-07, 1.8153e+01, 3.3442e-01, 
 2DIAGNOSTIC,    51, -2.480051251609e-01, 5.586729466232e-07, 1.8462e+01, 3.0888e-01, 
 2DIAGNOSTIC,    52, -2.480046935777e-01, 5.284323504051e-07, 1.8774e+01, 3.1175e-01, 
 2DIAGNOSTIC,    53, -2.480048719325e-01, 5.114393487084e-07, 1.9080e+01, 3.0645e-01, 
  Elapsed time (stage 0): 1.9356e+01


Stage 1
  iterations = 1000x500x250x100
  convergence threshold = 4.0000e-07
  convergence window size = 10
  number of levels = 4
  using the Mattes MI metric (number of bins = 32, weight = 1.0000e+00)
  Shrink factors (level 1 out of 4): [8, 8, 8]
  Shrink factors (level 2 out of 4): [4, 4, 4]
  Shrink factors (level 3 out of 4): [2, 2, 2]
  Shrink factors (level 4 out of 4): [1, 1, 1]
  smoothing sigmas per level: [3, 2, 1, 0]
  regular sampling (percentage = 2.5000e-01)

*** Running AffineTransform registration ***

DIAGNOSTIC,Iteration,metricValue,convergenceValue,ITERATION_TIME_INDEX,SINCE_LAST
 2DIAGNOSTIC,     1, -5.242126378449e-01, 1.797693134862e+308, 3.2455e-01, 3.2455e-01, 
 2DIAGNOSTIC,     2, -5.257605266475e-01, 1.797693134862e+308, 3.2730e-01, 2.7411e-03, 
 2DIAGNOSTIC,     3, -5.264736492814e-01, 1.797693134862e+308, 3.2988e-01, 2.5821e-03, 
 2DIAGNOSTIC,     4, -5.277879561875e-01, 1.797693134862e+308, 3.3261e-01, 2.7292e-03, 
 2DIAGNOSTIC,     5, -5.329288516877e-01, 1.797693134862e+308, 3.3576e-01, 3.1579e-03, 
 2DIAGNOSTIC,     6, -5.487839798236e-01, 1.797693134862e+308, 3.4035e-01, 4.5810e-03, 
 2DIAGNOSTIC,     7, -5.493859240233e-01, 1.797693134862e+308, 3.4513e-01, 4.7839e-03, 
 2DIAGNOSTIC,     8, -5.497525351131e-01, 1.797693134862e+308, 3.4811e-01, 2.9860e-03, 
 2DIAGNOSTIC,     9, -5.500442262658e-01, 1.797693134862e+308, 3.5089e-01, 2.7750e-03, 
 2DIAGNOSTIC,    10, -5.513975864293e-01, 4.089519992637e-03, 3.5417e-01, 3.2830e-03, 
 2DIAGNOSTIC,    11, -5.528002065816e-01, 3.467067332750e-03, 3.5705e-01, 2.8751e-03, 
 2DIAGNOSTIC,    12, -5.536414132808e-01, 2.744378454067e-03, 3.6036e-01, 3.3090e-03, 
 2DIAGNOSTIC,    13, -5.544969810226e-01, 1.962800053780e-03, 3.6387e-01, 3.5169e-03, 
 2DIAGNOSTIC,    14, -5.541131669145e-01, 1.154221014480e-03, 3.6705e-01, 3.1810e-03, 
 2DIAGNOSTIC,    15, -5.543632722516e-01, 5.231624280372e-04, 3.7021e-01, 3.1600e-03, 
 2DIAGNOSTIC,    16, -5.546721610183e-01, 4.508808838768e-04, 3.7317e-01, 2.9550e-03, 
 2DIAGNOSTIC,    17, -5.549510449890e-01, 3.723809375003e-04, 3.7629e-01, 3.1209e-03, 
 2DIAGNOSTIC,    18, -5.583006195561e-01, 3.763979957860e-04, 3.7965e-01, 3.3581e-03, 
 2DIAGNOSTIC,    19, -5.589156785435e-01, 3.675587726283e-04, 3.8433e-01, 4.6809e-03, 
 2DIAGNOSTIC,    20, -5.589829375123e-01, 3.627508368745e-04, 3.8723e-01, 2.9020e-03, 
 2DIAGNOSTIC,    21, -5.585442679552e-01, 3.494493761797e-04, 3.9021e-01, 2.9829e-03, 
 2DIAGNOSTIC,    22, -5.586601714371e-01, 3.270045289920e-04, 3.9301e-01, 2.7990e-03, 
 2DIAGNOSTIC,    23, -5.592606609234e-01, 3.078096980895e-04, 3.9641e-01, 3.4010e-03, 
 2DIAGNOSTIC,    24, -5.606278219552e-01, 2.817520828429e-04, 4.0151e-01, 5.0969e-03, 
 2DIAGNOSTIC,    25, -5.602263122276e-01, 2.287470644584e-04, 4.1342e-01, 1.1913e-02, 
 2DIAGNOSTIC,    26, -5.602262909432e-01, 1.663844020148e-04, 4.1639e-01, 2.9659e-03, 
 2DIAGNOSTIC,    27, -5.602263109388e-01, 9.712447157570e-05, 4.1932e-01, 2.9290e-03, 
 2DIAGNOSTIC,    28, -5.602263447497e-01, 8.474137525455e-05, 4.2235e-01, 3.0272e-03, 
 2DIAGNOSTIC,    29, -5.602264019191e-01, 7.575921726190e-05, 4.2550e-01, 3.1581e-03, 
 2DIAGNOSTIC,    30, -5.602264985799e-01, 6.192535135455e-05, 4.2845e-01, 2.9471e-03, 
 2DIAGNOSTIC,    31, -5.602266619978e-01, 3.641383089289e-05, 4.3145e-01, 2.9979e-03, 
 2DIAGNOSTIC,    32, -5.602269382384e-01, 1.092307618757e-05, 4.3435e-01, 2.9001e-03, 
DIAGNOSTIC,Iteration,metricValue,convergenceValue,ITERATION_TIME_INDEX,SINCE_LAST
 2DIAGNOSTIC,     1, -4.529269729991e-01, 1.797693134862e+308, 7.7048e-01, 3.3613e-01, 
 2DIAGNOSTIC,     2, -4.521255163904e-01, 1.797693134862e+308, 7.7779e-01, 7.3140e-03, 
 2DIAGNOSTIC,     3, -4.535905735089e-01, 1.797693134862e+308, 7.8467e-01, 6.8820e-03, 
 2DIAGNOSTIC,     4, -4.556391931364e-01, 1.797693134862e+308, 7.9238e-01, 7.7019e-03, 
 2DIAGNOSTIC,     5, -4.610774792949e-01, 1.797693134862e+308, 7.9964e-01, 7.2689e-03, 
 2DIAGNOSTIC,     6, -4.659650241007e-01, 1.797693134862e+308, 8.0663e-01, 6.9840e-03, 
 2DIAGNOSTIC,     7, -4.685680662404e-01, 1.797693134862e+308, 8.1606e-01, 9.4330e-03, 
 2DIAGNOSTIC,     8, -4.699225214538e-01, 1.797693134862e+308, 8.3034e-01, 1.4278e-02, 
 2DIAGNOSTIC,     9, -4.700083215348e-01, 1.797693134862e+308, 8.3846e-01, 8.1220e-03, 
 2DIAGNOSTIC,    10, -4.701122157696e-01, 3.147874260482e-03, 8.4573e-01, 7.2680e-03, 
 2DIAGNOSTIC,    11, -4.702056892717e-01, 2.636211453462e-03, 8.5390e-01, 8.1711e-03, 
 2DIAGNOSTIC,    12, -4.702964934793e-01, 1.939140015825e-03, 8.6203e-01, 8.1310e-03, 
 2DIAGNOSTIC,    13, -4.704632059432e-01, 1.255546528285e-03, 8.7020e-01, 8.1689e-03, 
 2DIAGNOSTIC,    14, -4.705479269554e-01, 6.476569263029e-04, 8.7948e-01, 9.2790e-03, 
 2DIAGNOSTIC,    15, -4.705139649741e-01, 2.796732152090e-04, 8.8738e-01, 7.9031e-03, 
 2DIAGNOSTIC,    16, -4.705016581729e-01, 1.168790646636e-04, 8.9648e-01, 9.0969e-03, 
 2DIAGNOSTIC,    17, -4.705012721593e-01, 5.501638645920e-05, 9.0362e-01, 7.1399e-03, 
 2DIAGNOSTIC,    18, -4.704462930201e-01, 3.911657985153e-05, 9.1186e-01, 8.2381e-03, 
 2DIAGNOSTIC,    19, -4.704301012469e-01, 2.365346004003e-05, 9.1921e-01, 7.3509e-03, 
 2DIAGNOSTIC,    20, -4.703719817855e-01, 9.143512642300e-06, 9.2658e-01, 7.3760e-03, 
 2DIAGNOSTIC,    21, -4.704629353584e-01, 7.258397137777e-07, 9.3519e-01, 8.6010e-03, 
DIAGNOSTIC,Iteration,metricValue,convergenceValue,ITERATION_TIME_INDEX,SINCE_LAST
 2DIAGNOSTIC,     1, -3.493526699673e-01, 1.797693134862e+308, 1.3927e+00, 4.5749e-01, 
 2DIAGNOSTIC,     2, -3.493929381537e-01, 1.797693134862e+308, 1.4831e+00, 9.0468e-02, 
 2DIAGNOSTIC,     3, -3.493952998311e-01, 1.797693134862e+308, 1.5450e+00, 6.1876e-02, 
 2DIAGNOSTIC,     4, -3.493884220649e-01, 1.797693134862e+308, 1.6080e+00, 6.2959e-02, 
 2DIAGNOSTIC,     5, -3.493897704830e-01, 1.797693134862e+308, 1.6637e+00, 5.5678e-02, 
 2DIAGNOSTIC,     6, -3.493762749211e-01, 1.797693134862e+308, 1.7259e+00, 6.2240e-02, 
 2DIAGNOSTIC,     7, -3.493734305325e-01, 1.797693134862e+308, 1.7817e+00, 5.5782e-02, 
 2DIAGNOSTIC,     8, -3.493725482173e-01, 1.797693134862e+308, 1.8298e+00, 4.8157e-02, 
 2DIAGNOSTIC,     9, -3.493700189940e-01, 1.797693134862e+308, 1.9017e+00, 7.1819e-02, 
 2DIAGNOSTIC,    10, -3.493707784080e-01, 9.750512075940e-07, 1.9524e+00, 5.0770e-02, 
DIAGNOSTIC,Iteration,metricValue,convergenceValue,ITERATION_TIME_INDEX,SINCE_LAST
 2DIAGNOSTIC,     1, -2.790508987593e-01, 1.797693134862e+308, 3.1199e+00, 1.1675e+00, 
 2DIAGNOSTIC,     2, -2.790563880225e-01, 1.797693134862e+308, 3.6073e+00, 4.8737e-01, 
 2DIAGNOSTIC,     3, -2.790558132981e-01, 1.797693134862e+308, 4.0282e+00, 4.2090e-01, 
 2DIAGNOSTIC,     4, -2.790556301025e-01, 1.797693134862e+308, 4.3708e+00, 3.4257e-01, 
 2DIAGNOSTIC,     5, -2.790544782826e-01, 1.797693134862e+308, 4.7153e+00, 3.4459e-01, 
 2DIAGNOSTIC,     6, -2.790540197031e-01, 1.797693134862e+308, 5.0962e+00, 3.8085e-01, 
 2DIAGNOSTIC,     7, -2.790537675879e-01, 1.797693134862e+308, 5.4378e+00, 3.4157e-01, 
 2DIAGNOSTIC,     8, -2.790536739442e-01, 1.797693134862e+308, 5.7823e+00, 3.4452e-01, 
 2DIAGNOSTIC,     9, -2.790536985278e-01, 1.797693134862e+308, 6.1185e+00, 3.3619e-01, 
 2DIAGNOSTIC,    10, -2.790536140568e-01, 2.968998298061e-06, 6.4229e+00, 3.0445e-01, 
 2DIAGNOSTIC,    11, -2.790525791835e-01, 2.197073294324e-06, 6.7679e+00, 3.4501e-01, 
 2DIAGNOSTIC,    12, -2.790529399786e-01, 2.115219392598e-06, 7.0704e+00, 3.0252e-01, 
 2DIAGNOSTIC,    13, -2.790525821095e-01, 2.018291571107e-06, 7.4107e+00, 3.4024e-01, 
 2DIAGNOSTIC,    14, -2.790531918112e-01, 2.006720532799e-06, 7.7108e+00, 3.0013e-01, 
 2DIAGNOSTIC,    15, -2.790530343743e-01, 1.931887401496e-06, 8.0804e+00, 3.6960e-01, 
 2DIAGNOSTIC,    16, -2.790528514790e-01, 1.844727480577e-06, 8.4114e+00, 3.3094e-01, 
 2DIAGNOSTIC,    17, -2.790525705012e-01, 1.749925655936e-06, 8.7416e+00, 3.3020e-01, 
 2DIAGNOSTIC,    18, -2.790523536945e-01, 1.658559180232e-06, 9.0427e+00, 3.0113e-01, 
 2DIAGNOSTIC,    19, -2.790521029520e-01, 1.574076655672e-06, 9.4624e+00, 4.1976e-01, 
 2DIAGNOSTIC,    20, -2.790522531214e-01, 1.512179745276e-06, 9.8053e+00, 3.4288e-01, 
 2DIAGNOSTIC,    21, -2.790523980467e-01, 1.419785609004e-06, 1.0145e+01, 3.3976e-01, 
 2DIAGNOSTIC,    22, -2.790520508127e-01, 1.345974785079e-06, 1.0487e+01, 3.4183e-01, 
 2DIAGNOSTIC,    23, -2.790519237206e-01, 1.266342211134e-06, 1.0778e+01, 2.9122e-01, 
 2DIAGNOSTIC,    24, -2.790518739287e-01, 1.228215745705e-06, 1.1068e+01, 2.9003e-01, 
 2DIAGNOSTIC,    25, -2.790523238234e-01, 1.213789301992e-06, 1.1397e+01, 3.2851e-01, 
 2DIAGNOSTIC,    26, -2.790527203787e-01, 1.213731048368e-06, 1.1730e+01, 3.3311e-01, 
 2DIAGNOSTIC,    27, -2.790518731358e-01, 1.172213626457e-06, 1.2032e+01, 3.0197e-01, 
 2DIAGNOSTIC,    28, -2.790519575741e-01, 1.131273325107e-06, 1.2372e+01, 3.4070e-01, 
 2DIAGNOSTIC,    29, -2.790519291748e-01, 1.083287337382e-06, 1.2675e+01, 3.0296e-01, 
 2DIAGNOSTIC,    30, -2.790512164363e-01, 1.019626546861e-06, 1.2976e+01, 3.0085e-01, 
 2DIAGNOSTIC,    31, -2.790523015864e-01, 1.005120406732e-06, 1.3270e+01, 2.9421e-01, 
 2DIAGNOSTIC,    32, -2.790529712284e-01, 1.003223541567e-06, 1.3618e+01, 3.4730e-01, 
 2DIAGNOSTIC,    33, -2.790521152040e-01, 9.701541144047e-07, 1.3961e+01, 3.4303e-01, 
 2DIAGNOSTIC,    34, -2.790516483166e-01, 9.238955438508e-07, 1.4264e+01, 3.0307e-01, 
 2DIAGNOSTIC,    35, -2.790497488604e-01, 8.392637116834e-07, 1.4607e+01, 3.4356e-01, 
 2DIAGNOSTIC,    36, -2.790501437815e-01, 7.895151719652e-07, 1.4951e+01, 3.4388e-01, 
 2DIAGNOSTIC,    37, -2.790501830283e-01, 7.272882077726e-07, 1.5301e+01, 3.4953e-01, 
 2DIAGNOSTIC,    38, -2.790495944264e-01, 6.673374226621e-07, 1.5636e+01, 3.3525e-01, 
 2DIAGNOSTIC,    39, -2.790490160962e-01, 6.130535211701e-07, 1.5977e+01, 3.4118e-01, 
 2DIAGNOSTIC,    40, -2.790490371300e-01, 5.633281605320e-07, 1.6323e+01, 3.4592e-01, 
 2DIAGNOSTIC,    41, -2.790490496809e-01, 5.640870289168e-07, 1.6665e+01, 3.4159e-01, 
 2DIAGNOSTIC,    42, -2.790487367705e-01, 5.931586369336e-07, 1.6967e+01, 3.0253e-01, 
 2DIAGNOSTIC,    43, -2.790489099205e-01, 6.208265056033e-07, 1.7319e+01, 3.5124e-01, 
 2DIAGNOSTIC,    44, -2.790487072259e-01, 6.445708255094e-07, 1.7661e+01, 3.4254e-01, 
 2DIAGNOSTIC,    45, -2.790484502146e-01, 6.255886612072e-07, 1.8030e+01, 3.6854e-01, 
 2DIAGNOSTIC,    46, -2.790480408143e-01, 6.146900835488e-07, 1.8372e+01, 3.4284e-01, 
 2DIAGNOSTIC,    47, -2.790475590239e-01, 6.024566225754e-07, 1.8712e+01, 3.3934e-01, 
 2DIAGNOSTIC,    48, -2.790473810180e-01, 5.820267230568e-07, 1.9015e+01, 3.0313e-01, 
 2DIAGNOSTIC,    49, -2.790475426333e-01, 5.613073606227e-07, 1.9320e+01, 3.0458e-01, 
 2DIAGNOSTIC,    50, -2.790478441311e-01, 5.562198650624e-07, 1.9622e+01, 3.0265e-01, 
 2DIAGNOSTIC,    51, -2.790483397710e-01, 5.693061392725e-07, 1.9929e+01, 3.0663e-01, 
 2DIAGNOSTIC,    52, -2.790488983651e-01, 5.917407002731e-07, 2.0237e+01, 3.0795e-01, 
 2DIAGNOSTIC,    53, -2.790501697795e-01, 6.429118819436e-07, 2.0533e+01, 2.9611e-01, 
 2DIAGNOSTIC,    54, -2.790501969601e-01, 6.842062744185e-07, 2.0956e+01, 4.2304e-01, 
 2DIAGNOSTIC,    55, -2.790506833697e-01, 7.194638070515e-07, 2.1336e+01, 3.8019e-01, 
 2DIAGNOSTIC,    56, -2.790498915160e-01, 7.182387498396e-07, 2.1678e+01, 3.4238e-01, 
 2DIAGNOSTIC,    57, -2.790493792164e-01, 6.853036002598e-07, 2.1983e+01, 3.0453e-01, 
 2DIAGNOSTIC,    58, -2.790493381209e-01, 6.373637350988e-07, 2.2331e+01, 3.4801e-01, 
 2DIAGNOSTIC,    59, -2.790491485317e-01, 5.816959406345e-07, 2.2673e+01, 3.4233e-01, 
 2DIAGNOSTIC,    60, -2.790488959637e-01, 5.246986131829e-07, 2.3006e+01, 3.3242e-01, 
 2DIAGNOSTIC,    61, -2.790490701670e-01, 4.815713735944e-07, 2.3352e+01, 3.4582e-01, 
 2DIAGNOSTIC,    62, -2.790488562080e-01, 4.488841731931e-07, 2.3692e+01, 3.4041e-01, 
 2DIAGNOSTIC,    63, -2.790494054796e-01, 4.528396276779e-07, 2.4033e+01, 3.4080e-01, 
 2DIAGNOSTIC,    64, -2.790494914558e-01, 4.628021980195e-07, 2.4374e+01, 3.4155e-01, 
 2DIAGNOSTIC,    65, -2.790494935893e-01, 4.837361017307e-07, 2.4681e+01, 3.0656e-01, 
 2DIAGNOSTIC,    66, -2.790492435725e-01, 4.888081011380e-07, 2.5097e+01, 4.1576e-01, 
 2DIAGNOSTIC,    67, -2.790491938685e-01, 4.845905592493e-07, 2.5432e+01, 3.3536e-01, 
 2DIAGNOSTIC,    68, -2.790489250002e-01, 4.748319547172e-07, 2.5733e+01, 3.0077e-01, 
 2DIAGNOSTIC,    69, -2.790493163936e-01, 4.677347962643e-07, 2.6080e+01, 3.4735e-01, 
 2DIAGNOSTIC,    70, -2.790487215924e-01, 4.476702081084e-07, 2.6382e+01, 3.0158e-01, 
 2DIAGNOSTIC,    71, -2.790487298319e-01, 4.319542459674e-07, 2.6801e+01, 4.1920e-01, 
 2DIAGNOSTIC,    72, -2.790489995455e-01, 4.188307506925e-07, 2.7150e+01, 3.4868e-01, 
 2DIAGNOSTIC,    73, -2.790487311357e-01, 4.119144965623e-07, 2.7532e+01, 3.8245e-01, 
 2DIAGNOSTIC,    74, -2.790482867603e-01, 4.026051752155e-07, 2.7860e+01, 3.2805e-01, 
  Elapsed time (stage 1): 2.8156e+01


Total elapsed time: 4.7516e+01
