Running T1-THOMAS on sub-25
INFO:    Mounting image with FUSE.
Some packages in this Docker container are non-free
If you are considering commercial use of this container, please consult the relevant license:
https://fsl.fmrib.ox.ac.uk/fsl/fslwiki/Licence
THOMAS_HOME setting of /opt/thomas_new
Linux OS detected
File name OK
Running left and right thalamus MV big
All_Command_lines_OK
Using double precision for computations.
=============================================================================
The composite transform comprises the following transforms (in order): 
  1. Center of mass alignment using fixed image: sub-25_desc-preproc_T1w.nii.gz and moving image: /opt/thomas_new/origtemplate.nii.gz (type = Euler3DTransform)
=============================================================================
  number of levels = 4
  number of levels = 4
  fixed image: sub-25_desc-preproc_T1w.nii.gz
  moving image: /opt/thomas_new/origtemplate.nii.gz
  fixed image: sub-25_desc-preproc_T1w.nii.gz
  moving image: /opt/thomas_new/origtemplate.nii.gz
Dimension = 3
Number of stages = 2
Use Histogram Matching false
Winsorize image intensities false
Lower quantile = 0
Upper quantile = 1
Stage 1 State
   Image metric = Mattes
     Fixed image = Image (0x40e8960)
  RTTI typeinfo:   itk::Image<double, 3u>
  Reference Count: 2
  Modified Time: 1696
  Debug: Off
  Object Name: 
  Observers: 
    none
  Source: (none)
  Source output name: (none)
  Release Data: Off
  Data Released: False
  Global Release Data: Off
  PipelineMTime: 0
  UpdateMTime: 1479
  RealTimeStamp: 0 seconds 
  LargestPossibleRegion: 
    Dimension: 3
    Index: [0, 0, 0]
    Size: [192, 256, 256]
  BufferedRegion: 
    Dimension: 3
    Index: [0, 0, 0]
    Size: [192, 256, 256]
  RequestedRegion: 
    Dimension: 3
    Index: [0, 0, 0]
    Size: [192, 256, 256]
  Spacing: [1, 0.976563, 0.976562]
  Origin: [95.1702, 135.059, -112.613]
  Direction: 
-0.999692 0.0204845 -0.0140262
-0.019343 -0.99683 -0.0771789
-0.0155627 -0.0768838 0.996919

  IndexToPointMatrix: 
-0.999692 0.0200044 -0.0136974
-0.019343 -0.973466 -0.07537
-0.0155627 -0.0750818 0.973553

  PointToIndexMatrix: 
-0.999692 -0.019343 -0.0155627
0.0209761 -1.02075 -0.078729
-0.0143628 -0.0790312 1.02084

  Inverse Direction: 
-0.999692 -0.019343 -0.0155627
0.0204845 -0.99683 -0.0768838
-0.0140262 -0.0771789 0.996919

  PixelContainer: 
    ImportImageContainer (0x40e1440)
      RTTI typeinfo:   itk::ImportImageContainer<unsigned long, double>
      Reference Count: 1
      Modified Time: 1476
      Debug: Off
      Object Name: 
      Observers: 
        none
      Pointer: 0x152b90160010
      Container manages memory: true
      Size: 12582912
      Capacity: 12582912

     Moving image = Image (0x40e2210)
  RTTI typeinfo:   itk::Image<double, 3u>
  Reference Count: 2
  Modified Time: 1697
  Debug: Off
  Object Name: 
  Observers: 
    none
  Source: (none)
  Source output name: (none)
  Release Data: Off
  Data Released: False
  Global Release Data: Off
  PipelineMTime: 0
  UpdateMTime: 1694
  RealTimeStamp: 0 seconds 
  LargestPossibleRegion: 
    Dimension: 3
    Index: [0, 0, 0]
    Size: [256, 440, 256]
  BufferedRegion: 
    Dimension: 3
    Index: [0, 0, 0]
    Size: [256, 440, 256]
  RequestedRegion: 
    Dimension: 3
    Index: [0, 0, 0]
    Size: [256, 440, 256]
  Spacing: [0.7031, 0.5, 0.7031]
  Origin: [83.5844, 59.822, -106.951]
  Direction: 
-1 0 0
0 -1 0
0 0 1

  IndexToPointMatrix: 
-0.7031 0 0
0 -0.5 0
0 0 0.7031

  PointToIndexMatrix: 
-1.42227 0 0
0 -2 0
0 0 1.42227

  Inverse Direction: 
-1 0 0
0 -1 0
0 0 1

  PixelContainer: 
    ImportImageContainer (0x40e24a0)
      RTTI typeinfo:   itk::ImportImageContainer<unsigned long, double>
      Reference Count: 1
      Modified Time: 1691
      Debug: Off
      Object Name: 
      Observers: 
        none
      Pointer: 0x152b8255f010
      Container manages memory: true
      Size: 28835840
      Capacity: 28835840

     Weighting = 1
     Sampling strategy = regular
     Number of bins = 32
     Radius = 4
     Sampling percentage  = 0.25
   Transform = Rigid
     Gradient step = 0.1
     Update field sigma (voxel space) = 0
     Total field sigma (voxel space) = 0
     Update field time sigma = 0
     Total field time sigma  = 0
     Number of time indices = 0
     Number of time point samples = 0
Stage 2 State
   Image metric = Mattes
     Fixed image = Image (0x40f4980)
  RTTI typeinfo:   itk::Image<double, 3u>
  Reference Count: 2
  Modified Time: 2128
  Debug: Off
  Object Name: 
  Observers: 
    none
  Source: (none)
  Source output name: (none)
  Release Data: Off
  Data Released: False
  Global Release Data: Off
  PipelineMTime: 0
  UpdateMTime: 1911
  RealTimeStamp: 0 seconds 
  LargestPossibleRegion: 
    Dimension: 3
    Index: [0, 0, 0]
    Size: [192, 256, 256]
  BufferedRegion: 
    Dimension: 3
    Index: [0, 0, 0]
    Size: [192, 256, 256]
  RequestedRegion: 
    Dimension: 3
    Index: [0, 0, 0]
    Size: [192, 256, 256]
  Spacing: [1, 0.976563, 0.976562]
  Origin: [95.1702, 135.059, -112.613]
  Direction: 
-0.999692 0.0204845 -0.0140262
-0.019343 -0.99683 -0.0771789
-0.0155627 -0.0768838 0.996919

  IndexToPointMatrix: 
-0.999692 0.0200044 -0.0136974
-0.019343 -0.973466 -0.07537
-0.0155627 -0.0750818 0.973553

  PointToIndexMatrix: 
-0.999692 -0.019343 -0.0155627
0.0209761 -1.02075 -0.078729
-0.0143628 -0.0790312 1.02084

  Inverse Direction: 
-0.999692 -0.019343 -0.0155627
0.0204845 -0.99683 -0.0768838
-0.0140262 -0.0771789 0.996919

  PixelContainer: 
    ImportImageContainer (0x40e0240)
      RTTI typeinfo:   itk::ImportImageContainer<unsigned long, double>
      Reference Count: 1
      Modified Time: 1908
      Debug: Off
      Object Name: 
      Observers: 
        none
      Pointer: 0x152b7c55e010
      Container manages memory: true
      Size: 12582912
      Capacity: 12582912

     Moving image = Image (0x40f6410)
  RTTI typeinfo:   itk::Image<double, 3u>
  Reference Count: 2
  Modified Time: 2129
  Debug: Off
  Object Name: 
  Observers: 
    none
  Source: (none)
  Source output name: (none)
  Release Data: Off
  Data Released: False
  Global Release Data: Off
  PipelineMTime: 0
  UpdateMTime: 2126
  RealTimeStamp: 0 seconds 
  LargestPossibleRegion: 
    Dimension: 3
    Index: [0, 0, 0]
    Size: [256, 440, 256]
  BufferedRegion: 
    Dimension: 3
    Index: [0, 0, 0]
    Size: [256, 440, 256]
  RequestedRegion: 
    Dimension: 3
    Index: [0, 0, 0]
    Size: [256, 440, 256]
  Spacing: [0.7031, 0.5, 0.7031]
  Origin: [83.5844, 59.822, -106.951]
  Direction: 
-1 0 0
0 -1 0
0 0 1

  IndexToPointMatrix: 
-0.7031 0 0
0 -0.5 0
0 0 0.7031

  PointToIndexMatrix: 
-1.42227 0 0
0 -2 0
0 0 1.42227

  Inverse Direction: 
-1 0 0
0 -1 0
0 0 1

  PixelContainer: 
    ImportImageContainer (0x40e6d50)
      RTTI typeinfo:   itk::ImportImageContainer<unsigned long, double>
      Reference Count: 1
      Modified Time: 2123
      Debug: Off
      Object Name: 
      Observers: 
        none
      Pointer: 0x152b6e95d010
      Container manages memory: true
      Size: 28835840
      Capacity: 28835840

     Weighting = 1
     Sampling strategy = regular
     Number of bins = 32
     Radius = 4
     Sampling percentage  = 0.25
   Transform = Affine
     Gradient step = 0.1
     Update field sigma (voxel space) = 0
     Total field sigma (voxel space) = 0
     Update field time sigma = 0
     Total field time sigma  = 0
     Number of time indices = 0
     Number of time point samples = 0
Registration using 2 total stages.

Stage 0
  iterations = 1000x500x250x100
  convergence threshold = 5e-07
  convergence window size = 10
  number of levels = 4
  using the Mattes MI metric (number of bins = 32, weight = 1)
  Shrink factors (level 1 out of 4): [8, 8, 8]
  Shrink factors (level 2 out of 4): [4, 4, 4]
  Shrink factors (level 3 out of 4): [2, 2, 2]
  Shrink factors (level 4 out of 4): [1, 1, 1]
  smoothing sigmas per level: [3, 2, 1, 0]
  regular sampling (percentage = 0.25)

*** Running Euler3DTransform registration ***

DIAGNOSTIC,Iteration,metricValue,convergenceValue,ITERATION_TIME_INDEX,SINCE_LAST
 2DIAGNOSTIC,     1, -3.093496220910e-01, 1.797693134862e+308, 3.4175e-01, 3.4175e-01, 
 2DIAGNOSTIC,     2, -3.104547621979e-01, 1.797693134862e+308, 3.4473e-01, 2.9790e-03, 
 2DIAGNOSTIC,     3, -3.114023597622e-01, 1.797693134862e+308, 3.4755e-01, 2.8200e-03, 
 2DIAGNOSTIC,     4, -3.121970701827e-01, 1.797693134862e+308, 3.5074e-01, 3.1948e-03, 
 2DIAGNOSTIC,     5, -3.121019759417e-01, 1.797693134862e+308, 3.5405e-01, 3.3031e-03, 
 2DIAGNOSTIC,     6, -3.123755416321e-01, 1.797693134862e+308, 3.5803e-01, 3.9840e-03, 
 2DIAGNOSTIC,     7, -3.122028267698e-01, 1.797693134862e+308, 3.6081e-01, 2.7819e-03, 
 2DIAGNOSTIC,     8, -3.121350776670e-01, 1.797693134862e+308, 3.6350e-01, 2.6858e-03, 
 2DIAGNOSTIC,     9, -3.124725693985e-01, 1.797693134862e+308, 3.6720e-01, 3.7000e-03, 
 2DIAGNOSTIC,    10, -3.133975549482e-01, 5.840734392908e-04, 3.7186e-01, 4.6630e-03, 
 2DIAGNOSTIC,    11, -3.134080931679e-01, 4.067889792626e-04, 3.7539e-01, 3.5260e-03, 
 2DIAGNOSTIC,    12, -3.136766230277e-01, 3.271544216082e-04, 3.8023e-01, 4.8451e-03, 
 2DIAGNOSTIC,    13, -3.139473101473e-01, 3.150259869598e-04, 3.8434e-01, 4.1039e-03, 
 2DIAGNOSTIC,    14, -3.138570746859e-01, 3.213984550139e-04, 3.8738e-01, 3.0420e-03, 
 2DIAGNOSTIC,    15, -3.137495038170e-01, 2.844357071796e-04, 3.9130e-01, 3.9258e-03, 
 2DIAGNOSTIC,    16, -3.139819101656e-01, 2.556219152676e-04, 3.9427e-01, 2.9631e-03, 
 2DIAGNOSTIC,    17, -3.143556513910e-01, 2.179300383171e-04, 3.9796e-01, 3.6881e-03, 
 2DIAGNOSTIC,    18, -3.152394917613e-01, 2.049944301294e-04, 4.0078e-01, 2.8241e-03, 
 2DIAGNOSTIC,    19, -3.218859859188e-01, 5.060565089777e-04, 4.0362e-01, 2.8379e-03, 
 2DIAGNOSTIC,    20, -3.732204831364e-01, 3.064104127451e-03, 4.0679e-01, 3.1760e-03, 
 2DIAGNOSTIC,    21, -4.146684168778e-01, 6.712903202922e-03, 4.0961e-01, 2.8181e-03, 
 2DIAGNOSTIC,    22, -4.394046340980e-01, 1.025905059435e-02, 4.1296e-01, 3.3519e-03, 
 2DIAGNOSTIC,    23, -4.668393361705e-01, 1.345780500765e-02, 4.1730e-01, 4.3368e-03, 
 2DIAGNOSTIC,    24, -4.762635334334e-01, 1.535332084542e-02, 4.2041e-01, 3.1052e-03, 
 2DIAGNOSTIC,    25, -5.105241677498e-01, 1.666395057264e-02, 4.2367e-01, 3.2620e-03, 
 2DIAGNOSTIC,    26, -5.424001634019e-01, 1.718718940706e-02, 4.2719e-01, 3.5200e-03, 
 2DIAGNOSTIC,    27, -5.432332284820e-01, 1.609497061868e-02, 4.3041e-01, 3.2248e-03, 
 2DIAGNOSTIC,    28, -5.488775652986e-01, 1.384038866998e-02, 4.3419e-01, 3.7742e-03, 
 2DIAGNOSTIC,    29, -5.506884741081e-01, 1.073454114400e-02, 4.3947e-01, 5.2838e-03, 
 2DIAGNOSTIC,    30, -5.508096208143e-01, 8.188157809232e-03, 4.4303e-01, 3.5591e-03, 
 2DIAGNOSTIC,    31, -5.508659234738e-01, 6.084207386977e-03, 4.4770e-01, 4.6721e-03, 
 2DIAGNOSTIC,    32, -5.509586380464e-01, 4.157772346041e-03, 4.5109e-01, 3.3908e-03, 
 2DIAGNOSTIC,    33, -5.509291585899e-01, 2.615309251318e-03, 4.5442e-01, 3.3290e-03, 
 2DIAGNOSTIC,    34, -5.509017083768e-01, 1.136249995749e-03, 4.5730e-01, 2.8820e-03, 
 2DIAGNOSTIC,    35, -5.508888138666e-01, 3.385692699723e-04, 4.6134e-01, 4.0412e-03, 
 2DIAGNOSTIC,    36, -5.508391449074e-01, 1.868063128005e-04, 4.6481e-01, 3.4690e-03, 
 2DIAGNOSTIC,    37, -5.508517257130e-01, 4.171822789719e-05, 4.6752e-01, 2.7020e-03, 
 2DIAGNOSTIC,    38, -5.508095702401e-01, 2.947351481083e-06, 4.7137e-01, 3.8531e-03, 
DIAGNOSTIC,Iteration,metricValue,convergenceValue,ITERATION_TIME_INDEX,SINCE_LAST
 2DIAGNOSTIC,     1, -4.208519282286e-01, 1.797693134862e+308, 8.3010e-01, 3.5873e-01, 
 2DIAGNOSTIC,     2, -4.222880201765e-01, 1.797693134862e+308, 8.3888e-01, 8.7831e-03, 
 2DIAGNOSTIC,     3, -4.245279640941e-01, 1.797693134862e+308, 8.4787e-01, 8.9891e-03, 
 2DIAGNOSTIC,     4, -4.275933455037e-01, 1.797693134862e+308, 8.5661e-01, 8.7419e-03, 
 2DIAGNOSTIC,     5, -4.297370492167e-01, 1.797693134862e+308, 8.6557e-01, 8.9610e-03, 
 2DIAGNOSTIC,     6, -4.305455322834e-01, 1.797693134862e+308, 8.7443e-01, 8.8570e-03, 
 2DIAGNOSTIC,     7, -4.315964394962e-01, 1.797693134862e+308, 8.8750e-01, 1.3067e-02, 
 2DIAGNOSTIC,     8, -4.316055990369e-01, 1.797693134862e+308, 8.9792e-01, 1.0424e-02, 
 2DIAGNOSTIC,     9, -4.317272205501e-01, 1.797693134862e+308, 9.0812e-01, 1.0196e-02, 
 2DIAGNOSTIC,    10, -4.319192760789e-01, 1.747661329481e-03, 9.1679e-01, 8.6780e-03, 
 2DIAGNOSTIC,    11, -4.321242804304e-01, 1.223155865043e-03, 9.2545e-01, 8.6610e-03, 
 2DIAGNOSTIC,    12, -4.326379795356e-01, 7.841735899327e-04, 9.3446e-01, 9.0079e-03, 
 2DIAGNOSTIC,    13, -4.354232178477e-01, 5.952224757916e-04, 9.4341e-01, 8.9428e-03, 
 2DIAGNOSTIC,    14, -4.382524474728e-01, 6.528214750724e-04, 9.5373e-01, 1.0323e-02, 
 2DIAGNOSTIC,    15, -4.425371371184e-01, 9.231621260492e-04, 9.6943e-01, 1.5700e-02, 
 2DIAGNOSTIC,    16, -4.433661945532e-01, 1.138616648832e-03, 9.7835e-01, 8.9240e-03, 
 2DIAGNOSTIC,    17, -4.435176810637e-01, 1.272335009606e-03, 9.8831e-01, 9.9578e-03, 
 2DIAGNOSTIC,    18, -4.436689955946e-01, 1.280126302365e-03, 9.9845e-01, 1.0144e-02, 
 2DIAGNOSTIC,    19, -4.435755441267e-01, 1.167758824563e-03, 1.0107e+00, 1.2244e-02, 
 2DIAGNOSTIC,    20, -4.435169668696e-01, 9.619314276869e-04, 1.0207e+00, 1.0043e-02, 
 2DIAGNOSTIC,    21, -4.434318924705e-01, 6.916521056057e-04, 1.0307e+00, 9.9759e-03, 
 2DIAGNOSTIC,    22, -4.433882520503e-01, 3.965529953322e-04, 1.0396e+00, 8.8768e-03, 
 2DIAGNOSTIC,    23, -4.434515715541e-01, 1.709748506679e-04, 1.0497e+00, 1.0084e-02, 
 2DIAGNOSTIC,    24, -4.434264488547e-01, 2.181026282231e-05, 1.0594e+00, 9.7361e-03, 
DIAGNOSTIC,Iteration,metricValue,convergenceValue,ITERATION_TIME_INDEX,SINCE_LAST
 2DIAGNOSTIC,     1, -3.479585250004e-01, 1.797693134862e+308, 1.5996e+00, 5.4014e-01, 
 2DIAGNOSTIC,     2, -3.479886214513e-01, 1.797693134862e+308, 1.6852e+00, 8.5615e-02, 
 2DIAGNOSTIC,     3, -3.479970409593e-01, 1.797693134862e+308, 1.7607e+00, 7.5550e-02, 
 2DIAGNOSTIC,     4, -3.480028464330e-01, 1.797693134862e+308, 1.8352e+00, 7.4441e-02, 
 2DIAGNOSTIC,     5, -3.479932730603e-01, 1.797693134862e+308, 1.9187e+00, 8.3569e-02, 
 2DIAGNOSTIC,     6, -3.479848757683e-01, 1.797693134862e+308, 1.9925e+00, 7.3739e-02, 
 2DIAGNOSTIC,     7, -3.479695672625e-01, 1.797693134862e+308, 2.0566e+00, 6.4139e-02, 
 2DIAGNOSTIC,     8, -3.479885940517e-01, 1.797693134862e+308, 2.1315e+00, 7.4867e-02, 
 2DIAGNOSTIC,     9, -3.479928051600e-01, 1.797693134862e+308, 2.2044e+00, 7.2889e-02, 
 2DIAGNOSTIC,    10, -3.479932185316e-01, 4.446667594443e-06, 2.2796e+00, 7.5223e-02, 
 2DIAGNOSTIC,    11, -3.479930894811e-01, 2.102023706513e-06, 2.3505e+00, 7.0934e-02, 
 2DIAGNOSTIC,    12, -3.480006319884e-01, 2.778477634233e-06, 2.4235e+00, 7.2938e-02, 
 2DIAGNOSTIC,    13, -3.480061666083e-01, 4.158901191070e-06, 2.5058e+00, 8.2361e-02, 
 2DIAGNOSTIC,    14, -3.480047796344e-01, 5.427469856670e-06, 2.5690e+00, 6.3148e-02, 
 2DIAGNOSTIC,    15, -3.480110419082e-01, 6.089756977273e-06, 2.6887e+00, 1.1970e-01, 
 2DIAGNOSTIC,    16, -3.480136455870e-01, 6.040370068905e-06, 2.7638e+00, 7.5149e-02, 
 2DIAGNOSTIC,    17, -3.480126191714e-01, 4.807411324192e-06, 2.8543e+00, 9.0444e-02, 
 2DIAGNOSTIC,    18, -3.480122813289e-01, 4.284929459128e-06, 2.9245e+00, 7.0192e-02, 
 2DIAGNOSTIC,    19, -3.480113489534e-01, 3.730600415940e-06, 2.9967e+00, 7.2280e-02, 
 2DIAGNOSTIC,    20, -3.480100428760e-01, 3.007464486969e-06, 3.0670e+00, 7.0226e-02, 
 2DIAGNOSTIC,    21, -3.480086411277e-01, 2.153306630261e-06, 3.1386e+00, 7.1645e-02, 
 2DIAGNOSTIC,    22, -3.480071749708e-01, 1.540704366386e-06, 3.2104e+00, 7.1774e-02, 
 2DIAGNOSTIC,    23, -3.480057689783e-01, 1.125311624738e-06, 3.2740e+00, 6.3662e-02, 
 2DIAGNOSTIC,    24, -3.480064683046e-01, 7.404195455918e-07, 3.3367e+00, 6.2673e-02, 
 2DIAGNOSTIC,    25, -3.480067284917e-01, 6.503254761994e-07, 3.4096e+00, 7.2882e-02, 
 2DIAGNOSTIC,    26, -3.480065786016e-01, 7.034498495442e-07, 3.4830e+00, 7.3429e-02, 
 2DIAGNOSTIC,    27, -3.480074579671e-01, 7.981184353342e-07, 3.5588e+00, 7.5824e-02, 
 2DIAGNOSTIC,    28, -3.480065137467e-01, 8.842451428223e-07, 3.6527e+00, 9.3859e-02, 
 2DIAGNOSTIC,    29, -3.480061120483e-01, 9.513317179438e-07, 3.7267e+00, 7.3973e-02, 
 2DIAGNOSTIC,    30, -3.480056354924e-01, 9.793893782223e-07, 3.7997e+00, 7.3035e-02, 
 2DIAGNOSTIC,    31, -3.480054618791e-01, 9.725389955098e-07, 3.8648e+00, 6.5132e-02, 
 2DIAGNOSTIC,    32, -3.480046964843e-01, 9.151365045340e-07, 3.9389e+00, 7.4076e-02, 
 2DIAGNOSTIC,    33, -3.480032844527e-01, 7.991285797121e-07, 4.0038e+00, 6.4877e-02, 
 2DIAGNOSTIC,    34, -3.480043894488e-01, 7.500252347768e-07, 4.0772e+00, 7.3451e-02, 
 2DIAGNOSTIC,    35, -3.480030789210e-01, 6.956545470990e-07, 4.1501e+00, 7.2831e-02, 
 2DIAGNOSTIC,    36, -3.479975652605e-01, 5.359260743971e-07, 4.2147e+00, 6.4591e-02, 
 2DIAGNOSTIC,    37, -3.480004420791e-01, 5.050933082999e-07, 4.2876e+00, 7.2923e-02, 
DIAGNOSTIC,Iteration,metricValue,convergenceValue,ITERATION_TIME_INDEX,SINCE_LAST
 2DIAGNOSTIC,     1, -2.777173251769e-01, 1.797693134862e+308, 5.7078e+00, 1.4202e+00, 
 2DIAGNOSTIC,     2, -2.778594919368e-01, 1.797693134862e+308, 6.0771e+00, 3.6929e-01, 
 2DIAGNOSTIC,     3, -2.779980539013e-01, 1.797693134862e+308, 6.4445e+00, 3.6741e-01, 
 2DIAGNOSTIC,     4, -2.781224535727e-01, 1.797693134862e+308, 6.8171e+00, 3.7255e-01, 
 2DIAGNOSTIC,     5, -2.783237949822e-01, 1.797693134862e+308, 7.1881e+00, 3.7103e-01, 
 2DIAGNOSTIC,     6, -2.786629892402e-01, 1.797693134862e+308, 7.5645e+00, 3.7637e-01, 
 2DIAGNOSTIC,     7, -2.796569512571e-01, 1.797693134862e+308, 7.9837e+00, 4.1919e-01, 
 2DIAGNOSTIC,     8, -2.807638749896e-01, 1.797693134862e+308, 8.4625e+00, 4.7882e-01, 
 2DIAGNOSTIC,     9, -2.823319655577e-01, 1.797693134862e+308, 8.9960e+00, 5.3355e-01, 
 2DIAGNOSTIC,    10, -2.829731393037e-01, 1.211171413571e-03, 9.3745e+00, 3.7852e-01, 
 2DIAGNOSTIC,    11, -2.840111427766e-01, 1.365297663230e-03, 9.8041e+00, 4.2959e-01, 
 2DIAGNOSTIC,    12, -2.841522865028e-01, 1.393765307207e-03, 1.0183e+01, 3.7885e-01, 
 2DIAGNOSTIC,    13, -2.843041573207e-01, 1.314519675638e-03, 1.0561e+01, 3.7845e-01, 
 2DIAGNOSTIC,    14, -2.846948684025e-01, 1.164498505445e-03, 1.0995e+01, 4.3368e-01, 
 2DIAGNOSTIC,    15, -2.849616840471e-01, 9.597329276784e-04, 1.1371e+01, 3.7608e-01, 
 2DIAGNOSTIC,    16, -2.852736608787e-01, 7.335547982210e-04, 1.1855e+01, 4.8409e-01, 
 2DIAGNOSTIC,    17, -2.854592798376e-01, 5.365435702615e-04, 1.2281e+01, 4.2590e-01, 
 2DIAGNOSTIC,    18, -2.855751905230e-01, 3.796175004875e-04, 1.2710e+01, 4.2851e-01, 
 2DIAGNOSTIC,    19, -2.857946137959e-01, 2.988173925864e-04, 1.3090e+01, 3.7985e-01, 
 2DIAGNOSTIC,    20, -2.861986916435e-01, 2.494785849080e-04, 1.3461e+01, 3.7096e-01, 
 2DIAGNOSTIC,    21, -2.865978066728e-01, 2.502029461092e-04, 1.3836e+01, 3.7534e-01, 
 2DIAGNOSTIC,    22, -2.886065401441e-01, 3.256771420749e-04, 1.4472e+01, 6.3647e-01, 
 2DIAGNOSTIC,    23, -2.888652810745e-01, 3.797767129739e-04, 1.5157e+01, 6.8418e-01, 
 2DIAGNOSTIC,    24, -2.888557081778e-01, 4.104780537212e-04, 1.5636e+01, 4.7907e-01, 
 2DIAGNOSTIC,    25, -2.888567030792e-01, 4.119183951692e-04, 1.6215e+01, 5.7980e-01, 
 2DIAGNOSTIC,    26, -2.888564218675e-01, 3.861988972109e-04, 1.6743e+01, 5.2786e-01, 
 2DIAGNOSTIC,    27, -2.888550833672e-01, 3.318827332583e-04, 1.7266e+01, 5.2296e-01, 
 2DIAGNOSTIC,    28, -2.888550873249e-01, 2.542422558041e-04, 1.7685e+01, 4.1918e-01, 
 2DIAGNOSTIC,    29, -2.888550723764e-01, 1.665888560680e-04, 1.8113e+01, 4.2734e-01, 
 2DIAGNOSTIC,    30, -2.888544637581e-01, 8.324142958661e-05, 1.8536e+01, 4.2368e-01, 
 2DIAGNOSTIC,    31, -2.888544869102e-01, 8.681421504432e-06, 1.8962e+01, 4.2552e-01, 
 2DIAGNOSTIC,    32, -2.888543675466e-01, 5.662502567741e-07, 1.9390e+01, 4.2799e-01, 
 2DIAGNOSTIC,    33, -2.888539301451e-01, 8.123679127864e-07, 1.9817e+01, 4.2715e-01, 
 2DIAGNOSTIC,    34, -2.888534604443e-01, 7.636708095268e-07, 2.0242e+01, 4.2511e-01, 
 2DIAGNOSTIC,    35, -2.888534702233e-01, 7.642245789911e-07, 2.0618e+01, 3.7541e-01, 
 2DIAGNOSTIC,    36, -2.888531171992e-01, 7.628621767689e-07, 2.1040e+01, 4.2194e-01, 
 2DIAGNOSTIC,    37, -2.888532396048e-01, 7.413029976290e-07, 2.1410e+01, 3.7099e-01, 
 2DIAGNOSTIC,    38, -2.888533568092e-01, 7.362698590391e-07, 2.1826e+01, 4.1577e-01, 
 2DIAGNOSTIC,    39, -2.888537092782e-01, 7.511654577415e-07, 2.2248e+01, 4.2147e-01, 
 2DIAGNOSTIC,    40, -2.888535245749e-01, 7.523283513527e-07, 2.2671e+01, 4.2347e-01, 
 2DIAGNOSTIC,    41, -2.888534777569e-01, 7.580282045880e-07, 2.3086e+01, 4.1476e-01, 
 2DIAGNOSTIC,    42, -2.888530501251e-01, 7.533033704703e-07, 2.3500e+01, 4.1355e-01, 
 2DIAGNOSTIC,    43, -2.888530100839e-01, 7.392519183469e-07, 2.3912e+01, 4.1290e-01, 
 2DIAGNOSTIC,    44, -2.888526125005e-01, 7.067749063713e-07, 2.4279e+01, 3.6618e-01, 
 2DIAGNOSTIC,    45, -2.888520442327e-01, 6.661335938789e-07, 2.4640e+01, 3.6141e-01, 
 2DIAGNOSTIC,    46, -2.888521870828e-01, 6.277217679956e-07, 2.5111e+01, 4.7147e-01, 
 2DIAGNOSTIC,    47, -2.888522649333e-01, 6.017254610066e-07, 2.5475e+01, 3.6330e-01, 
 2DIAGNOSTIC,    48, -2.888520595526e-01, 5.824417310223e-07, 2.5885e+01, 4.1053e-01, 
 2DIAGNOSTIC,    49, -2.888523819878e-01, 5.862689532524e-07, 2.6298e+01, 4.1311e-01, 
 2DIAGNOSTIC,    50, -2.888522708267e-01, 5.906055480474e-07, 2.6667e+01, 3.6832e-01, 
 2DIAGNOSTIC,    51, -2.888521666468e-01, 5.969405268355e-07, 2.7140e+01, 4.7355e-01, 
 2DIAGNOSTIC,    52, -2.888522242135e-01, 5.989493974401e-07, 2.7514e+01, 3.7329e-01, 
 2DIAGNOSTIC,    53, -2.888517131792e-01, 5.923953542188e-07, 2.7888e+01, 3.7432e-01, 
 2DIAGNOSTIC,    54, -2.888520006913e-01, 5.858486106375e-07, 2.8311e+01, 4.2349e-01, 
 2DIAGNOSTIC,    55, -2.888518068099e-01, 5.662522261189e-07, 2.8741e+01, 4.2952e-01, 
 2DIAGNOSTIC,    56, -2.888520847611e-01, 5.565114782127e-07, 2.9219e+01, 4.7796e-01, 
 2DIAGNOSTIC,    57, -2.888518673007e-01, 5.463156345399e-07, 2.9691e+01, 4.7240e-01, 
 2DIAGNOSTIC,    58, -2.888520453101e-01, 5.376024639556e-07, 3.0122e+01, 4.3074e-01, 
 2DIAGNOSTIC,    59, -2.888519981628e-01, 5.352422763442e-07, 3.0549e+01, 4.2691e-01, 
 2DIAGNOSTIC,    60, -2.888515032463e-01, 5.236748823259e-07, 3.0981e+01, 4.3195e-01, 
 2DIAGNOSTIC,    61, -2.888510626041e-01, 5.048241835323e-07, 3.1359e+01, 3.7830e-01, 
  Elapsed time (stage 0): 3.1685e+01


Stage 1
  iterations = 1000x500x250x100
  convergence threshold = 4.0000e-07
  convergence window size = 10
  number of levels = 4
  using the Mattes MI metric (number of bins = 32, weight = 1.0000e+00)
  Shrink factors (level 1 out of 4): [8, 8, 8]
  Shrink factors (level 2 out of 4): [4, 4, 4]
  Shrink factors (level 3 out of 4): [2, 2, 2]
  Shrink factors (level 4 out of 4): [1, 1, 1]
  smoothing sigmas per level: [3, 2, 1, 0]
  regular sampling (percentage = 2.5000e-01)

*** Running AffineTransform registration ***

DIAGNOSTIC,Iteration,metricValue,convergenceValue,ITERATION_TIME_INDEX,SINCE_LAST
 2DIAGNOSTIC,     1, -5.823808982979e-01, 1.797693134862e+308, 3.5112e-01, 3.5112e-01, 
 2DIAGNOSTIC,     2, -5.827394890546e-01, 1.797693134862e+308, 3.5413e-01, 3.0060e-03, 
 2DIAGNOSTIC,     3, -5.829218281758e-01, 1.797693134862e+308, 3.5740e-01, 3.2730e-03, 
 2DIAGNOSTIC,     4, -5.834884162508e-01, 1.797693134862e+308, 3.6027e-01, 2.8660e-03, 
 2DIAGNOSTIC,     5, -5.833147223327e-01, 1.797693134862e+308, 3.6316e-01, 2.8920e-03, 
 2DIAGNOSTIC,     6, -5.845716981759e-01, 1.797693134862e+308, 3.6708e-01, 3.9229e-03, 
 2DIAGNOSTIC,     7, -5.843769905535e-01, 1.797693134862e+308, 3.6988e-01, 2.7950e-03, 
 2DIAGNOSTIC,     8, -5.846792454327e-01, 1.797693134862e+308, 3.7367e-01, 3.7930e-03, 
 2DIAGNOSTIC,     9, -5.854190975690e-01, 1.797693134862e+308, 3.7737e-01, 3.7000e-03, 
 2DIAGNOSTIC,    10, -5.845391951036e-01, 3.125745601248e-04, 3.8161e-01, 4.2331e-03, 
 2DIAGNOSTIC,    11, -5.845649090349e-01, 2.329337567074e-04, 3.8464e-01, 3.0310e-03, 
 2DIAGNOSTIC,    12, -5.847030879811e-01, 1.659750220937e-04, 3.8807e-01, 3.4339e-03, 
 2DIAGNOSTIC,    13, -5.848193057092e-01, 1.048985991025e-04, 3.9202e-01, 3.9480e-03, 
 2DIAGNOSTIC,    14, -5.848389622808e-01, 6.381763074340e-05, 3.9518e-01, 3.1650e-03, 
 2DIAGNOSTIC,    15, -5.846585748357e-01, 1.052061065665e-05, 3.9812e-01, 2.9399e-03, 
 2DIAGNOSTIC,    16, -5.848402579191e-01, 7.807976983382e-06, 4.0181e-01, 3.6888e-03, 
 2DIAGNOSTIC,    17, -5.850005089244e-01, 3.205840891266e-06, 4.0536e-01, 3.5470e-03, 
DIAGNOSTIC,Iteration,metricValue,convergenceValue,ITERATION_TIME_INDEX,SINCE_LAST
 2DIAGNOSTIC,     1, -4.588046654130e-01, 1.797693134862e+308, 7.6754e-01, 3.6218e-01, 
 2DIAGNOSTIC,     2, -4.596842531926e-01, 1.797693134862e+308, 7.7715e-01, 9.6130e-03, 
 2DIAGNOSTIC,     3, -4.608874471329e-01, 1.797693134862e+308, 7.8662e-01, 9.4640e-03, 
 2DIAGNOSTIC,     4, -4.622667387621e-01, 1.797693134862e+308, 7.9607e-01, 9.4469e-03, 
 2DIAGNOSTIC,     5, -4.645519404953e-01, 1.797693134862e+308, 8.0564e-01, 9.5751e-03, 
 2DIAGNOSTIC,     6, -4.680280224291e-01, 1.797693134862e+308, 8.1509e-01, 9.4500e-03, 
 2DIAGNOSTIC,     7, -4.778350207005e-01, 1.797693134862e+308, 8.2464e-01, 9.5520e-03, 
 2DIAGNOSTIC,     8, -4.852317526707e-01, 1.797693134862e+308, 8.3905e-01, 1.4412e-02, 
 2DIAGNOSTIC,     9, -4.896523122282e-01, 1.797693134862e+308, 8.6572e-01, 2.6669e-02, 
 2DIAGNOSTIC,    10, -4.896510988775e-01, 4.941972752464e-03, 8.7558e-01, 9.8538e-03, 
 2DIAGNOSTIC,    11, -4.897509216445e-01, 4.681072907487e-03, 8.8535e-01, 9.7680e-03, 
 2DIAGNOSTIC,    12, -4.898959502798e-01, 4.091937002096e-03, 8.9527e-01, 9.9289e-03, 
 2DIAGNOSTIC,    13, -4.900534148264e-01, 3.283956728664e-03, 9.0508e-01, 9.8050e-03, 
 2DIAGNOSTIC,    14, -4.904791636037e-01, 2.375261861072e-03, 9.1506e-01, 9.9771e-03, 
 2DIAGNOSTIC,    15, -4.910194150539e-01, 1.491172931594e-03, 9.2515e-01, 1.0089e-02, 
 2DIAGNOSTIC,    16, -4.917005934255e-01, 7.335187996186e-04, 9.3506e-01, 9.9130e-03, 
 2DIAGNOSTIC,    17, -4.925911260452e-01, 3.671228766420e-04, 9.4501e-01, 9.9559e-03, 
 2DIAGNOSTIC,    18, -4.938188245823e-01, 2.877470518387e-04, 9.5510e-01, 1.0082e-02, 
 2DIAGNOSTIC,    19, -4.948425681265e-01, 3.591406062368e-04, 9.6499e-01, 9.8979e-03, 
 2DIAGNOSTIC,    20, -4.954562283074e-01, 4.077252221293e-04, 9.7660e-01, 1.1607e-02, 
 2DIAGNOSTIC,    21, -4.958153201936e-01, 4.267092413621e-04, 9.8805e-01, 1.1453e-02, 
 2DIAGNOSTIC,    22, -4.959576261841e-01, 4.119813222892e-04, 9.9932e-01, 1.1262e-02, 
 2DIAGNOSTIC,    23, -4.959585929835e-01, 3.639390555814e-04, 1.0108e+00, 1.1480e-02, 
 2DIAGNOSTIC,    24, -4.956658800485e-01, 2.890826134693e-04, 1.0251e+00, 1.4318e-02, 
 2DIAGNOSTIC,    25, -4.956206491632e-01, 2.051218436265e-04, 1.0379e+00, 1.2760e-02, 
 2DIAGNOSTIC,    26, -4.956411777860e-01, 1.243053775475e-04, 1.0535e+00, 1.5641e-02, 
 2DIAGNOSTIC,    27, -4.956382318123e-01, 5.677867888997e-05, 1.0650e+00, 1.1515e-02, 
 2DIAGNOSTIC,    28, -4.956338852031e-01, 1.416296530736e-05, 1.0747e+00, 9.7089e-03, 
DIAGNOSTIC,Iteration,metricValue,convergenceValue,ITERATION_TIME_INDEX,SINCE_LAST
 2DIAGNOSTIC,     1, -3.889070463443e-01, 1.797693134862e+308, 1.6407e+00, 5.6594e-01, 
 2DIAGNOSTIC,     2, -3.890396384054e-01, 1.797693134862e+308, 1.7241e+00, 8.3378e-02, 
 2DIAGNOSTIC,     3, -3.890957335322e-01, 1.797693134862e+308, 1.8057e+00, 8.1680e-02, 
 2DIAGNOSTIC,     4, -3.890991631127e-01, 1.797693134862e+308, 1.9076e+00, 1.0186e-01, 
 2DIAGNOSTIC,     5, -3.890905595047e-01, 1.797693134862e+308, 2.0243e+00, 1.1669e-01, 
 2DIAGNOSTIC,     6, -3.890887694373e-01, 1.797693134862e+308, 2.1102e+00, 8.5947e-02, 
 2DIAGNOSTIC,     7, -3.890875817469e-01, 1.797693134862e+308, 2.2236e+00, 1.1339e-01, 
 2DIAGNOSTIC,     8, -3.890875142233e-01, 1.797693134862e+308, 2.3090e+00, 8.5360e-02, 
 2DIAGNOSTIC,     9, -3.890873775888e-01, 1.797693134862e+308, 2.3964e+00, 8.7451e-02, 
 2DIAGNOSTIC,    10, -3.890874920012e-01, 1.857066881573e-05, 2.4891e+00, 9.2703e-02, 
 2DIAGNOSTIC,    11, -3.890855346968e-01, 4.804695241861e-06, 2.5704e+00, 8.1281e-02, 
 2DIAGNOSTIC,    12, -3.890858600368e-01, 1.153872710616e-06, 2.6527e+00, 8.2287e-02, 
 2DIAGNOSTIC,    13, -3.890847144056e-01, 1.273186612555e-06, 2.7413e+00, 8.8597e-02, 
 2DIAGNOSTIC,    14, -3.890842230767e-01, 1.646480781547e-06, 2.8236e+00, 8.2272e-02, 
 2DIAGNOSTIC,    15, -3.890830991353e-01, 1.555719562327e-06, 2.8945e+00, 7.0931e-02, 
 2DIAGNOSTIC,    16, -3.890833193737e-01, 1.459636710402e-06, 2.9655e+00, 7.0980e-02, 
 2DIAGNOSTIC,    17, -3.890839971687e-01, 1.400766600330e-06, 3.0404e+00, 7.4949e-02, 
 2DIAGNOSTIC,    18, -3.890851404630e-01, 1.433859843893e-06, 3.1281e+00, 8.7641e-02, 
 2DIAGNOSTIC,    19, -3.890861433408e-01, 1.526678972574e-06, 3.2124e+00, 8.4336e-02, 
 2DIAGNOSTIC,    20, -3.890852389565e-01, 1.597177045710e-06, 3.3030e+00, 9.0556e-02, 
 2DIAGNOSTIC,    21, -3.890860139283e-01, 1.620026907588e-06, 3.3961e+00, 9.3130e-02, 
 2DIAGNOSTIC,    22, -3.890848597268e-01, 1.602635614099e-06, 3.4796e+00, 8.3493e-02, 
 2DIAGNOSTIC,    23, -3.890842934064e-01, 1.517919803816e-06, 3.5617e+00, 8.2094e-02, 
 2DIAGNOSTIC,    24, -3.890815515931e-01, 1.330532507351e-06, 3.6329e+00, 7.1271e-02, 
 2DIAGNOSTIC,    25, -3.890811199096e-01, 1.114595757329e-06, 3.7023e+00, 6.9371e-02, 
 2DIAGNOSTIC,    26, -3.890817678099e-01, 9.538135761974e-07, 3.7743e+00, 7.1978e-02, 
 2DIAGNOSTIC,    27, -3.890781080415e-01, 7.473652518450e-07, 3.8573e+00, 8.3026e-02, 
 2DIAGNOSTIC,    28, -3.890791974459e-01, 6.572191190019e-07, 3.9512e+00, 9.3890e-02, 
 2DIAGNOSTIC,    29, -3.890788497751e-01, 6.350632522703e-07, 4.0318e+00, 8.0601e-02, 
 2DIAGNOSTIC,    30, -3.890777349848e-01, 6.072623107561e-07, 4.1127e+00, 8.0905e-02, 
 2DIAGNOSTIC,    31, -3.890769508687e-01, 6.246699561160e-07, 4.1995e+00, 8.6803e-02, 
 2DIAGNOSTIC,    32, -3.890774257773e-01, 6.643150402483e-07, 4.2716e+00, 7.2122e-02, 
 2DIAGNOSTIC,    33, -3.890774976286e-01, 7.227631780155e-07, 4.3524e+00, 8.0719e-02, 
 2DIAGNOSTIC,    34, -3.890786412475e-01, 7.654159768535e-07, 4.4260e+00, 7.3676e-02, 
 2DIAGNOSTIC,    35, -3.890735800310e-01, 7.062060280068e-07, 4.5065e+00, 8.0506e-02, 
 2DIAGNOSTIC,    36, -3.890739016937e-01, 6.950680752106e-07, 4.5907e+00, 8.4149e-02, 
 2DIAGNOSTIC,    37, -3.890706787612e-01, 5.644156187146e-07, 4.6616e+00, 7.0896e-02, 
 2DIAGNOSTIC,    38, -3.890718843182e-01, 5.126868128612e-07, 4.7575e+00, 9.5935e-02, 
 2DIAGNOSTIC,    39, -3.890730130614e-01, 5.084408360376e-07, 4.8437e+00, 8.6185e-02, 
 2DIAGNOSTIC,    40, -3.890708744456e-01, 4.750032885567e-07, 4.9259e+00, 8.2235e-02, 
 2DIAGNOSTIC,    41, -3.890708192031e-01, 4.610481006313e-07, 5.0062e+00, 8.0305e-02, 
 2DIAGNOSTIC,    42, -3.890708729872e-01, 4.865238858141e-07, 5.0767e+00, 7.0437e-02, 
 2DIAGNOSTIC,    43, -3.890708414535e-01, 5.350302111004e-07, 5.1745e+00, 9.7823e-02, 
 2DIAGNOSTIC,    44, -3.890706079560e-01, 6.173664066356e-07, 5.2469e+00, 7.2426e-02, 
 2DIAGNOSTIC,    45, -3.890700126582e-01, 6.144951444839e-07, 5.3277e+00, 8.0758e-02, 
 2DIAGNOSTIC,    46, -3.890708844070e-01, 6.418871133992e-07, 5.4081e+00, 8.0415e-02, 
 2DIAGNOSTIC,    47, -3.890714873898e-01, 6.307092992770e-07, 5.4888e+00, 8.0717e-02, 
 2DIAGNOSTIC,    48, -3.890716085603e-01, 6.434711628915e-07, 5.5714e+00, 8.2579e-02, 
 2DIAGNOSTIC,    49, -3.890718539427e-01, 6.793192273008e-07, 5.6541e+00, 8.2715e-02, 
 2DIAGNOSTIC,    50, -3.890709044015e-01, 6.659269118255e-07, 5.7253e+00, 7.1176e-02, 
 2DIAGNOSTIC,    51, -3.890700771338e-01, 6.377349032610e-07, 5.7995e+00, 7.4177e-02, 
 2DIAGNOSTIC,    52, -3.890699727893e-01, 6.084414377987e-07, 5.8819e+00, 8.2462e-02, 
 2DIAGNOSTIC,    53, -3.890644800988e-01, 5.042411584597e-07, 5.9756e+00, 9.3622e-02, 
