Running T1-THOMAS on sub-22
INFO:    Mounting image with FUSE.
Some packages in this Docker container are non-free
If you are considering commercial use of this container, please consult the relevant license:
https://fsl.fmrib.ox.ac.uk/fsl/fslwiki/Licence
THOMAS_HOME setting of /opt/thomas_new
Linux OS detected
File name OK
Running left and right thalamus MV big
All_Command_lines_OK
Using double precision for computations.
=============================================================================
The composite transform comprises the following transforms (in order): 
  1. Center of mass alignment using fixed image: sub-22_desc-preproc_T1w.nii.gz and moving image: /opt/thomas_new/origtemplate.nii.gz (type = Euler3DTransform)
=============================================================================
  number of levels = 4
  number of levels = 4
  fixed image: sub-22_desc-preproc_T1w.nii.gz
  moving image: /opt/thomas_new/origtemplate.nii.gz
  fixed image: sub-22_desc-preproc_T1w.nii.gz
  moving image: /opt/thomas_new/origtemplate.nii.gz
Dimension = 3
Number of stages = 2
Use Histogram Matching false
Winsorize image intensities false
Lower quantile = 0
Upper quantile = 1
Stage 1 State
   Image metric = Mattes
     Fixed image = Image (0x312d960)
  RTTI typeinfo:   itk::Image<double, 3u>
  Reference Count: 2
  Modified Time: 1696
  Debug: Off
  Object Name: 
  Observers: 
    none
  Source: (none)
  Source output name: (none)
  Release Data: Off
  Data Released: False
  Global Release Data: Off
  PipelineMTime: 0
  UpdateMTime: 1479
  RealTimeStamp: 0 seconds 
  LargestPossibleRegion: 
    Dimension: 3
    Index: [0, 0, 0]
    Size: [176, 256, 176]
  BufferedRegion: 
    Dimension: 3
    Index: [0, 0, 0]
    Size: [176, 256, 176]
  RequestedRegion: 
    Dimension: 3
    Index: [0, 0, 0]
    Size: [176, 256, 176]
  Spacing: [0.976562, 0.976562, 1]
  Origin: [88.5066, 118.782, -91.6172]
  Direction: 
-0.999813 -0.00872509 -0.01727
0.00784069 -0.998687 0.0506313
-0.0176891 0.0504864 0.998568

  IndexToPointMatrix: 
-0.97638 -0.00852059 -0.01727
0.00765693 -0.97528 0.0506313
-0.0172745 0.0493031 0.998568

  PointToIndexMatrix: 
-1.02381 0.00802887 -0.0181136
-0.00893449 -1.02266 0.0516981
-0.01727 0.0506313 0.998568

  Inverse Direction: 
-0.999813 0.00784069 -0.0176891
-0.00872509 -0.998687 0.0504864
-0.01727 0.0506313 0.998568

  PixelContainer: 
    ImportImageContainer (0x3126440)
      RTTI typeinfo:   itk::ImportImageContainer<unsigned long, double>
      Reference Count: 1
      Modified Time: 1476
      Debug: Off
      Object Name: 
      Observers: 
        none
      Pointer: 0x149260552010
      Container manages memory: true
      Size: 7929856
      Capacity: 7929856

     Moving image = Image (0x3127210)
  RTTI typeinfo:   itk::Image<double, 3u>
  Reference Count: 2
  Modified Time: 1697
  Debug: Off
  Object Name: 
  Observers: 
    none
  Source: (none)
  Source output name: (none)
  Release Data: Off
  Data Released: False
  Global Release Data: Off
  PipelineMTime: 0
  UpdateMTime: 1694
  RealTimeStamp: 0 seconds 
  LargestPossibleRegion: 
    Dimension: 3
    Index: [0, 0, 0]
    Size: [256, 440, 256]
  BufferedRegion: 
    Dimension: 3
    Index: [0, 0, 0]
    Size: [256, 440, 256]
  RequestedRegion: 
    Dimension: 3
    Index: [0, 0, 0]
    Size: [256, 440, 256]
  Spacing: [0.7031, 0.5, 0.7031]
  Origin: [83.5844, 59.822, -106.951]
  Direction: 
-1 0 0
0 -1 0
0 0 1

  IndexToPointMatrix: 
-0.7031 0 0
0 -0.5 0
0 0 0.7031

  PointToIndexMatrix: 
-1.42227 0 0
0 -2 0
0 0 1.42227

  Inverse Direction: 
-1 0 0
0 -1 0
0 0 1

  PixelContainer: 
    ImportImageContainer (0x31274a0)
      RTTI typeinfo:   itk::ImportImageContainer<unsigned long, double>
      Reference Count: 1
      Modified Time: 1691
      Debug: Off
      Object Name: 
      Observers: 
        none
      Pointer: 0x149252951010
      Container manages memory: true
      Size: 28835840
      Capacity: 28835840

     Weighting = 1
     Sampling strategy = regular
     Number of bins = 32
     Radius = 4
     Sampling percentage  = 0.25
   Transform = Rigid
     Gradient step = 0.1
     Update field sigma (voxel space) = 0
     Total field sigma (voxel space) = 0
     Update field time sigma = 0
     Total field time sigma  = 0
     Number of time indices = 0
     Number of time point samples = 0
Stage 2 State
   Image metric = Mattes
     Fixed image = Image (0x3139980)
  RTTI typeinfo:   itk::Image<double, 3u>
  Reference Count: 2
  Modified Time: 2128
  Debug: Off
  Object Name: 
  Observers: 
    none
  Source: (none)
  Source output name: (none)
  Release Data: Off
  Data Released: False
  Global Release Data: Off
  PipelineMTime: 0
  UpdateMTime: 1911
  RealTimeStamp: 0 seconds 
  LargestPossibleRegion: 
    Dimension: 3
    Index: [0, 0, 0]
    Size: [176, 256, 176]
  BufferedRegion: 
    Dimension: 3
    Index: [0, 0, 0]
    Size: [176, 256, 176]
  RequestedRegion: 
    Dimension: 3
    Index: [0, 0, 0]
    Size: [176, 256, 176]
  Spacing: [0.976562, 0.976562, 1]
  Origin: [88.5066, 118.782, -91.6172]
  Direction: 
-0.999813 -0.00872509 -0.01727
0.00784069 -0.998687 0.0506313
-0.0176891 0.0504864 0.998568

  IndexToPointMatrix: 
-0.97638 -0.00852059 -0.01727
0.00765693 -0.97528 0.0506313
-0.0172745 0.0493031 0.998568

  PointToIndexMatrix: 
-1.02381 0.00802887 -0.0181136
-0.00893449 -1.02266 0.0516981
-0.01727 0.0506313 0.998568

  Inverse Direction: 
-0.999813 0.00784069 -0.0176891
-0.00872509 -0.998687 0.0504864
-0.01727 0.0506313 0.998568

  PixelContainer: 
    ImportImageContainer (0x3125240)
      RTTI typeinfo:   itk::ImportImageContainer<unsigned long, double>
      Reference Count: 1
      Modified Time: 1908
      Debug: Off
      Object Name: 
      Observers: 
        none
      Pointer: 0x14924ecd0010
      Container manages memory: true
      Size: 7929856
      Capacity: 7929856

     Moving image = Image (0x313b410)
  RTTI typeinfo:   itk::Image<double, 3u>
  Reference Count: 2
  Modified Time: 2129
  Debug: Off
  Object Name: 
  Observers: 
    none
  Source: (none)
  Source output name: (none)
  Release Data: Off
  Data Released: False
  Global Release Data: Off
  PipelineMTime: 0
  UpdateMTime: 2126
  RealTimeStamp: 0 seconds 
  LargestPossibleRegion: 
    Dimension: 3
    Index: [0, 0, 0]
    Size: [256, 440, 256]
  BufferedRegion: 
    Dimension: 3
    Index: [0, 0, 0]
    Size: [256, 440, 256]
  RequestedRegion: 
    Dimension: 3
    Index: [0, 0, 0]
    Size: [256, 440, 256]
  Spacing: [0.7031, 0.5, 0.7031]
  Origin: [83.5844, 59.822, -106.951]
  Direction: 
-1 0 0
0 -1 0
0 0 1

  IndexToPointMatrix: 
-0.7031 0 0
0 -0.5 0
0 0 0.7031

  PointToIndexMatrix: 
-1.42227 0 0
0 -2 0
0 0 1.42227

  Inverse Direction: 
-1 0 0
0 -1 0
0 0 1

  PixelContainer: 
    ImportImageContainer (0x312bd50)
      RTTI typeinfo:   itk::ImportImageContainer<unsigned long, double>
      Reference Count: 1
      Modified Time: 2123
      Debug: Off
      Object Name: 
      Observers: 
        none
      Pointer: 0x1492410cf010
      Container manages memory: true
      Size: 28835840
      Capacity: 28835840

     Weighting = 1
     Sampling strategy = regular
     Number of bins = 32
     Radius = 4
     Sampling percentage  = 0.25
   Transform = Affine
     Gradient step = 0.1
     Update field sigma (voxel space) = 0
     Total field sigma (voxel space) = 0
     Update field time sigma = 0
     Total field time sigma  = 0
     Number of time indices = 0
     Number of time point samples = 0
Registration using 2 total stages.

Stage 0
  iterations = 1000x500x250x100
  convergence threshold = 5e-07
  convergence window size = 10
  number of levels = 4
  using the Mattes MI metric (number of bins = 32, weight = 1)
  Shrink factors (level 1 out of 4): [8, 8, 8]
  Shrink factors (level 2 out of 4): [4, 4, 4]
  Shrink factors (level 3 out of 4): [2, 2, 2]
  Shrink factors (level 4 out of 4): [1, 1, 1]
  smoothing sigmas per level: [3, 2, 1, 0]
  regular sampling (percentage = 0.25)

*** Running Euler3DTransform registration ***

DIAGNOSTIC,Iteration,metricValue,convergenceValue,ITERATION_TIME_INDEX,SINCE_LAST
 2DIAGNOSTIC,     1, -4.899564715817e-01, 1.797693134862e+308, 3.2891e-01, 3.2891e-01, 
 2DIAGNOSTIC,     2, -4.914964416764e-01, 1.797693134862e+308, 3.3163e-01, 2.7180e-03, 
 2DIAGNOSTIC,     3, -4.939221323040e-01, 1.797693134862e+308, 3.3452e-01, 2.8911e-03, 
 2DIAGNOSTIC,     4, -4.944808423463e-01, 1.797693134862e+308, 3.3721e-01, 2.6920e-03, 
 2DIAGNOSTIC,     5, -4.979733975301e-01, 1.797693134862e+308, 3.3990e-01, 2.6920e-03, 
 2DIAGNOSTIC,     6, -5.155083523687e-01, 1.797693134862e+308, 3.4295e-01, 3.0451e-03, 
 2DIAGNOSTIC,     7, -5.541233091354e-01, 1.797693134862e+308, 3.4598e-01, 3.0279e-03, 
 2DIAGNOSTIC,     8, -5.597348821439e-01, 1.797693134862e+308, 3.4917e-01, 3.1950e-03, 
 2DIAGNOSTIC,     9, -5.682349750938e-01, 1.797693134862e+308, 3.5189e-01, 2.7220e-03, 
 2DIAGNOSTIC,    10, -5.737058138675e-01, 1.235726865832e-02, 3.5777e-01, 5.8780e-03, 
 2DIAGNOSTIC,    11, -5.767836299220e-01, 1.182813807335e-02, 3.6101e-01, 3.2430e-03, 
 2DIAGNOSTIC,    12, -5.791690068529e-01, 1.048487410240e-02, 3.6425e-01, 3.2339e-03, 
 2DIAGNOSTIC,    13, -5.833376564131e-01, 8.692083157506e-03, 3.6758e-01, 3.3300e-03, 
 2DIAGNOSTIC,    14, -5.823775745030e-01, 6.396616005405e-03, 3.7064e-01, 3.0661e-03, 
 2DIAGNOSTIC,    15, -5.833323305350e-01, 4.004730297628e-03, 3.7549e-01, 4.8480e-03, 
 2DIAGNOSTIC,    16, -5.839742533153e-01, 2.127972082651e-03, 3.7935e-01, 3.8571e-03, 
 2DIAGNOSTIC,    17, -5.840048535496e-01, 1.469375792915e-03, 3.8293e-01, 3.5760e-03, 
 2DIAGNOSTIC,    18, -5.839651280891e-01, 9.082795157666e-04, 3.8632e-01, 3.3960e-03, 
 2DIAGNOSTIC,    19, -5.839385573113e-01, 5.538378515834e-04, 3.8890e-01, 2.5830e-03, 
 2DIAGNOSTIC,    20, -5.828433031380e-01, 2.979451664947e-04, 3.9164e-01, 2.7390e-03, 
 2DIAGNOSTIC,    21, -5.830592722684e-01, 1.200797828337e-04, 3.9505e-01, 3.4070e-03, 
DIAGNOSTIC,Iteration,metricValue,convergenceValue,ITERATION_TIME_INDEX,SINCE_LAST
 2DIAGNOSTIC,     1, -4.740344893337e-01, 1.797693134862e+308, 7.2439e-01, 3.2934e-01, 
 2DIAGNOSTIC,     2, -4.678229628992e-01, 1.797693134862e+308, 7.3152e-01, 7.1330e-03, 
 2DIAGNOSTIC,     3, -4.684657765923e-01, 1.797693134862e+308, 7.3839e-01, 6.8698e-03, 
 2DIAGNOSTIC,     4, -4.686917025507e-01, 1.797693134862e+308, 7.4521e-01, 6.8171e-03, 
 2DIAGNOSTIC,     5, -4.688637700183e-01, 1.797693134862e+308, 7.5308e-01, 7.8700e-03, 
 2DIAGNOSTIC,     6, -4.695290076341e-01, 1.797693134862e+308, 7.5999e-01, 6.9132e-03, 
 2DIAGNOSTIC,     7, -4.704045683217e-01, 1.797693134862e+308, 7.6809e-01, 8.0950e-03, 
 2DIAGNOSTIC,     8, -4.734746309781e-01, 1.797693134862e+308, 7.7932e-01, 1.1233e-02, 
 2DIAGNOSTIC,     9, -4.736090992611e-01, 1.797693134862e+308, 7.8657e-01, 7.2460e-03, 
 2DIAGNOSTIC,    10, -4.739488737799e-01, 5.702745222455e-04, 7.9357e-01, 7.0031e-03, 
 2DIAGNOSTIC,    11, -4.743803210911e-01, 9.403665854674e-04, 8.0283e-01, 9.2571e-03, 
 2DIAGNOSTIC,    12, -4.746200362314e-01, 8.619537356830e-04, 8.0975e-01, 6.9211e-03, 
 2DIAGNOSTIC,    13, -4.747904587281e-01, 7.537034510207e-04, 8.1753e-01, 7.7829e-03, 
 2DIAGNOSTIC,    14, -4.751056350465e-01, 6.163673493350e-04, 8.2541e-01, 7.8790e-03, 
 2DIAGNOSTIC,    15, -4.753023363369e-01, 4.574322736653e-04, 8.3348e-01, 8.0669e-03, 
 2DIAGNOSTIC,    16, -4.758514931473e-01, 3.226015878753e-04, 8.4040e-01, 6.9189e-03, 
 2DIAGNOSTIC,    17, -4.765489662235e-01, 2.264863752584e-04, 8.4713e-01, 6.7339e-03, 
 2DIAGNOSTIC,    18, -4.768827866304e-01, 2.337769855527e-04, 8.5427e-01, 7.1380e-03, 
 2DIAGNOSTIC,    19, -4.778344232917e-01, 2.531312399343e-04, 8.6397e-01, 9.7010e-03, 
 2DIAGNOSTIC,    20, -4.780184481024e-01, 2.621428373780e-04, 8.7293e-01, 8.9619e-03, 
 2DIAGNOSTIC,    21, -4.780616360535e-01, 2.595707133830e-04, 8.8084e-01, 7.9100e-03, 
 2DIAGNOSTIC,    22, -4.780992901570e-01, 2.408090738640e-04, 8.9061e-01, 9.7680e-03, 
 2DIAGNOSTIC,    23, -4.780887993483e-01, 2.052916297214e-04, 8.9831e-01, 7.7012e-03, 
 2DIAGNOSTIC,    24, -4.780755691872e-01, 1.610883264820e-04, 9.0622e-01, 7.9041e-03, 
 2DIAGNOSTIC,    25, -4.780730665090e-01, 1.099184952966e-04, 9.1425e-01, 8.0330e-03, 
 2DIAGNOSTIC,    26, -4.780702459842e-01, 6.503407294259e-05, 9.2210e-01, 7.8490e-03, 
 2DIAGNOSTIC,    27, -4.780124783231e-01, 3.176680210822e-05, 9.2983e-01, 7.7350e-03, 
 2DIAGNOSTIC,    28, -4.780175697249e-01, 4.769266004942e-06, 9.3667e-01, 6.8359e-03, 
DIAGNOSTIC,Iteration,metricValue,convergenceValue,ITERATION_TIME_INDEX,SINCE_LAST
 2DIAGNOSTIC,     1, -3.651158516577e-01, 1.797693134862e+308, 1.3907e+00, 4.5400e-01, 
 2DIAGNOSTIC,     2, -3.655053073348e-01, 1.797693134862e+308, 1.4429e+00, 5.2214e-02, 
 2DIAGNOSTIC,     3, -3.659058704965e-01, 1.797693134862e+308, 1.4928e+00, 4.9866e-02, 
 2DIAGNOSTIC,     4, -3.662187345900e-01, 1.797693134862e+308, 1.5423e+00, 4.9535e-02, 
 2DIAGNOSTIC,     5, -3.663922021189e-01, 1.797693134862e+308, 1.5927e+00, 5.0421e-02, 
 2DIAGNOSTIC,     6, -3.667804087042e-01, 1.797693134862e+308, 1.6452e+00, 5.2530e-02, 
 2DIAGNOSTIC,     7, -3.674177415305e-01, 1.797693134862e+308, 1.7107e+00, 6.5482e-02, 
 2DIAGNOSTIC,     8, -3.679699982456e-01, 1.797693134862e+308, 1.7603e+00, 4.9569e-02, 
 2DIAGNOSTIC,     9, -3.684629474866e-01, 1.797693134862e+308, 1.8329e+00, 7.2648e-02, 
 2DIAGNOSTIC,    10, -3.692087107426e-01, 6.809647434737e-04, 1.8916e+00, 5.8698e-02, 
 2DIAGNOSTIC,    11, -3.692715453180e-01, 6.411761740792e-04, 1.9407e+00, 4.9038e-02, 
 2DIAGNOSTIC,    12, -3.693347283479e-01, 5.797768834327e-04, 1.9902e+00, 4.9537e-02, 
 2DIAGNOSTIC,    13, -3.696239729858e-01, 5.166160960976e-04, 2.0524e+00, 6.2222e-02, 
 2DIAGNOSTIC,    14, -3.698193379538e-01, 4.433647245198e-04, 2.1003e+00, 4.7843e-02, 
 2DIAGNOSTIC,    15, -3.699741923110e-01, 3.560611264713e-04, 2.1554e+00, 5.5076e-02, 
 2DIAGNOSTIC,    16, -3.700311799197e-01, 2.685338375151e-04, 2.2045e+00, 4.9171e-02, 
 2DIAGNOSTIC,    17, -3.701713281106e-01, 2.022895261669e-04, 2.2676e+00, 6.3039e-02, 
 2DIAGNOSTIC,    18, -3.703332542962e-01, 1.550986045412e-04, 2.3170e+00, 4.9478e-02, 
 2DIAGNOSTIC,    19, -3.704421733889e-01, 1.220614748059e-04, 2.3732e+00, 5.6123e-02, 
 2DIAGNOSTIC,    20, -3.704992594079e-01, 1.121770963383e-04, 2.4307e+00, 5.7497e-02, 
 2DIAGNOSTIC,    21, -3.705420602586e-01, 9.700718220378e-05, 2.4896e+00, 5.8921e-02, 
 2DIAGNOSTIC,    22, -3.707661468982e-01, 8.418760630093e-05, 2.5451e+00, 5.5559e-02, 
 2DIAGNOSTIC,    23, -3.709519943511e-01, 8.028668176114e-05, 2.6098e+00, 6.4626e-02, 
 2DIAGNOSTIC,    24, -3.710154774744e-01, 7.743519056265e-05, 2.6737e+00, 6.3892e-02, 
 2DIAGNOSTIC,    25, -3.710282252117e-01, 7.299476915770e-05, 2.7299e+00, 5.6250e-02, 
 2DIAGNOSTIC,    26, -3.710273227636e-01, 6.385596322488e-05, 2.7862e+00, 5.6270e-02, 
 2DIAGNOSTIC,    27, -3.710284613394e-01, 5.336354449750e-05, 2.8489e+00, 6.2735e-02, 
 2DIAGNOSTIC,    28, -3.710281620133e-01, 4.298887364393e-05, 2.9188e+00, 6.9913e-02, 
 2DIAGNOSTIC,    29, -3.710276809701e-01, 3.227947230093e-05, 2.9754e+00, 5.6610e-02, 
 2DIAGNOSTIC,    30, -3.710260157540e-01, 2.086662144630e-05, 3.0315e+00, 5.6088e-02, 
 2DIAGNOSTIC,    31, -3.710242798972e-01, 9.260587393187e-06, 3.0795e+00, 4.7949e-02, 
 2DIAGNOSTIC,    32, -3.710257319630e-01, 2.921922943509e-06, 3.1365e+00, 5.6993e-02, 
 2DIAGNOSTIC,    33, -3.710251671760e-01, 1.064960563103e-06, 3.1923e+00, 5.5841e-02, 
 2DIAGNOSTIC,    34, -3.710245236462e-01, 7.225921272100e-07, 3.2467e+00, 5.4420e-02, 
 2DIAGNOSTIC,    35, -3.710237684771e-01, 6.863603200721e-07, 3.2956e+00, 4.8836e-02, 
 2DIAGNOSTIC,    36, -3.710222305923e-01, 6.213271677921e-07, 3.3434e+00, 4.7825e-02, 
 2DIAGNOSTIC,    37, -3.710227764762e-01, 6.197946604489e-07, 3.3986e+00, 5.5261e-02, 
 2DIAGNOSTIC,    38, -3.710244647097e-01, 6.681015306265e-07, 3.4468e+00, 4.8145e-02, 
 2DIAGNOSTIC,    39, -3.710259846898e-01, 7.507983696836e-07, 3.5035e+00, 5.6688e-02, 
 2DIAGNOSTIC,    40, -3.710263488859e-01, 8.120547821504e-07, 3.5551e+00, 5.1576e-02, 
 2DIAGNOSTIC,    41, -3.710268117848e-01, 8.451732703106e-07, 3.6033e+00, 4.8201e-02, 
 2DIAGNOSTIC,    42, -3.710334819174e-01, 1.019024827503e-06, 3.6658e+00, 6.2533e-02, 
 2DIAGNOSTIC,    43, -3.710356098283e-01, 1.183818441493e-06, 3.7224e+00, 5.6611e-02, 
 2DIAGNOSTIC,    44, -3.710351511517e-01, 1.279737124132e-06, 3.7776e+00, 5.5185e-02, 
 2DIAGNOSTIC,    45, -3.710350865963e-01, 1.307980896516e-06, 3.8324e+00, 5.4785e-02, 
 2DIAGNOSTIC,    46, -3.710313058657e-01, 1.189292671615e-06, 3.8872e+00, 5.4782e-02, 
 2DIAGNOSTIC,    47, -3.710311168554e-01, 1.033300210534e-06, 3.9436e+00, 5.6463e-02, 
 2DIAGNOSTIC,    48, -3.710273996042e-01, 8.152952904149e-07, 3.9931e+00, 4.9491e-02, 
 2DIAGNOSTIC,    49, -3.710274279825e-01, 6.183539024637e-07, 4.0637e+00, 7.0624e-02, 
DIAGNOSTIC,Iteration,metricValue,convergenceValue,ITERATION_TIME_INDEX,SINCE_LAST
 2DIAGNOSTIC,     1, -3.018829177321e-01, 1.797693134862e+308, 5.0927e+00, 1.0290e+00, 
 2DIAGNOSTIC,     2, -3.019353311709e-01, 1.797693134862e+308, 5.4009e+00, 3.0812e-01, 
 2DIAGNOSTIC,     3, -3.019677537729e-01, 1.797693134862e+308, 5.7133e+00, 3.1247e-01, 
 2DIAGNOSTIC,     4, -3.020610233932e-01, 1.797693134862e+308, 6.0156e+00, 3.0232e-01, 
 2DIAGNOSTIC,     5, -3.023409056299e-01, 1.797693134862e+308, 6.3707e+00, 3.5507e-01, 
 2DIAGNOSTIC,     6, -3.026182187160e-01, 1.797693134862e+308, 6.7595e+00, 3.8880e-01, 
 2DIAGNOSTIC,     7, -3.026809916062e-01, 1.797693134862e+308, 7.1028e+00, 3.4329e-01, 
 2DIAGNOSTIC,     8, -3.027925572970e-01, 1.797693134862e+308, 7.5349e+00, 4.3214e-01, 
 2DIAGNOSTIC,     9, -3.028383738360e-01, 1.797693134862e+308, 7.8916e+00, 3.5661e-01, 
 2DIAGNOSTIC,    10, -3.028765089494e-01, 2.566454342628e-04, 8.2107e+00, 3.1915e-01, 
 2DIAGNOSTIC,    11, -3.028804867600e-01, 2.169827322556e-04, 8.5061e+00, 2.9544e-01, 
 2DIAGNOSTIC,    12, -3.028897213348e-01, 1.698330155855e-04, 8.8361e+00, 3.2995e-01, 
 2DIAGNOSTIC,    13, -3.028906168068e-01, 1.175021094274e-04, 9.1270e+00, 2.9095e-01, 
 2DIAGNOSTIC,    14, -3.029401444262e-01, 7.146246282187e-05, 9.4235e+00, 2.9648e-01, 
 2DIAGNOSTIC,    15, -3.031344653633e-01, 5.447831675184e-05, 9.9300e+00, 5.0651e-01, 
 2DIAGNOSTIC,    16, -3.031882737240e-01, 5.396841644904e-05, 1.0244e+01, 3.1348e-01, 
 2DIAGNOSTIC,    17, -3.031905984669e-01, 5.229732180302e-05, 1.0595e+01, 3.5152e-01, 
 2DIAGNOSTIC,    18, -3.031901305251e-01, 5.209199578247e-05, 1.0949e+01, 3.5349e-01, 
 2DIAGNOSTIC,    19, -3.031919976766e-01, 4.952534435192e-05, 1.1298e+01, 3.4948e-01, 
 2DIAGNOSTIC,    20, -3.031917793302e-01, 4.437712361773e-05, 1.1691e+01, 3.9311e-01, 
 2DIAGNOSTIC,    21, -3.031916692781e-01, 3.585951053981e-05, 1.2127e+01, 4.3553e-01, 
 2DIAGNOSTIC,    22, -3.031910718439e-01, 2.543020435071e-05, 1.2636e+01, 5.0928e-01, 
 2DIAGNOSTIC,    23, -3.031912531611e-01, 1.378286682797e-05, 1.2993e+01, 3.5666e-01, 
 2DIAGNOSTIC,    24, -3.031910851862e-01, 3.682783314571e-06, 1.3343e+01, 3.5056e-01, 
 2DIAGNOSTIC,    25, -3.031910459911e-01, 1.406664536345e-06, 1.3738e+01, 3.9518e-01, 
 2DIAGNOSTIC,    26, -3.031909695897e-01, 1.231579561646e-06, 1.4088e+01, 3.4973e-01, 
 2DIAGNOSTIC,    27, -3.031906371519e-01, 1.139525112805e-06, 1.4402e+01, 3.1386e-01, 
 2DIAGNOSTIC,    28, -3.031904328126e-01, 1.033606124842e-06, 1.4715e+01, 3.1296e-01, 
 2DIAGNOSTIC,    29, -3.031905307910e-01, 1.008316289144e-06, 1.5070e+01, 3.5495e-01, 
 2DIAGNOSTIC,    30, -3.031903556314e-01, 9.805704553334e-07, 1.5381e+01, 3.1086e-01, 
 2DIAGNOSTIC,    31, -3.031905915366e-01, 9.667458129511e-07, 1.5695e+01, 3.1475e-01, 
 2DIAGNOSTIC,    32, -3.031909019264e-01, 9.508421493012e-07, 1.6085e+01, 3.8964e-01, 
 2DIAGNOSTIC,    33, -3.031908846943e-01, 9.447148267491e-07, 1.6440e+01, 3.5448e-01, 
 2DIAGNOSTIC,    34, -3.031907550487e-01, 9.327167074247e-07, 1.6794e+01, 3.5474e-01, 
 2DIAGNOSTIC,    35, -3.031904033908e-01, 9.114163552620e-07, 1.7143e+01, 3.4860e-01, 
 2DIAGNOSTIC,    36, -3.031902662603e-01, 8.858895315413e-07, 1.7498e+01, 3.5519e-01, 
 2DIAGNOSTIC,    37, -3.031903988834e-01, 8.564213618834e-07, 1.7853e+01, 3.5503e-01, 
 2DIAGNOSTIC,    38, -3.031903479069e-01, 8.222717061517e-07, 1.8208e+01, 3.5532e-01, 
 2DIAGNOSTIC,    39, -3.031900323079e-01, 7.865337788293e-07, 1.8558e+01, 3.4976e-01, 
 2DIAGNOSTIC,    40, -3.031900695974e-01, 7.525194347727e-07, 1.8907e+01, 3.4901e-01, 
 2DIAGNOSTIC,    41, -3.031898755395e-01, 7.249423027850e-07, 1.9220e+01, 3.1304e-01, 
 2DIAGNOSTIC,    42, -3.031895861508e-01, 7.038969879296e-07, 1.9611e+01, 3.9058e-01, 
 2DIAGNOSTIC,    43, -3.031895092053e-01, 6.870545655527e-07, 2.0005e+01, 3.9410e-01, 
 2DIAGNOSTIC,    44, -3.031891513482e-01, 6.659190969031e-07, 2.0312e+01, 3.0669e-01, 
 2DIAGNOSTIC,    45, -3.031889649873e-01, 6.402311069041e-07, 2.0625e+01, 3.1341e-01, 
 2DIAGNOSTIC,    46, -3.031890219797e-01, 6.203359203330e-07, 2.0929e+01, 3.0400e-01, 
 2DIAGNOSTIC,    47, -3.031888725473e-01, 6.076996467777e-07, 2.1283e+01, 3.5357e-01, 
 2DIAGNOSTIC,    48, -3.031889934901e-01, 6.038517654412e-07, 2.1629e+01, 3.4659e-01, 
 2DIAGNOSTIC,    49, -3.031891718415e-01, 6.031085546185e-07, 2.1970e+01, 3.4032e-01, 
 2DIAGNOSTIC,    50, -3.031896388886e-01, 6.162917197544e-07, 2.2280e+01, 3.1063e-01, 
 2DIAGNOSTIC,    51, -3.031896554530e-01, 6.275027065218e-07, 2.2668e+01, 3.8828e-01, 
 2DIAGNOSTIC,    52, -3.031895783900e-01, 6.314310171014e-07, 2.3064e+01, 3.9576e-01, 
 2DIAGNOSTIC,    53, -3.031894877310e-01, 6.306856381762e-07, 2.3373e+01, 3.0864e-01, 
 2DIAGNOSTIC,    54, -3.031893217920e-01, 6.179802248263e-07, 2.3709e+01, 3.3609e-01, 
 2DIAGNOSTIC,    55, -3.031895198424e-01, 6.030606140850e-07, 2.4034e+01, 3.2474e-01, 
 2DIAGNOSTIC,    56, -3.031894309119e-01, 5.857594820753e-07, 2.4365e+01, 3.3158e-01, 
 2DIAGNOSTIC,    57, -3.031895963226e-01, 5.678206066277e-07, 2.4718e+01, 3.5254e-01, 
 2DIAGNOSTIC,    58, -3.031895748777e-01, 5.512110098568e-07, 2.5068e+01, 3.5032e-01, 
 2DIAGNOSTIC,    59, -3.031893113433e-01, 5.333989958438e-07, 2.5424e+01, 3.5599e-01, 
 2DIAGNOSTIC,    60, -3.031893956271e-01, 5.254521473763e-07, 2.5776e+01, 3.5243e-01, 
 2DIAGNOSTIC,    61, -3.031893363021e-01, 5.174738809573e-07, 2.6090e+01, 3.1364e-01, 
 2DIAGNOSTIC,    62, -3.031893105778e-01, 5.086059661555e-07, 2.6448e+01, 3.5739e-01, 
  Elapsed time (stage 0): 2.6749e+01


Stage 1
  iterations = 1000x500x250x100
  convergence threshold = 4.0000e-07
  convergence window size = 10
  number of levels = 4
  using the Mattes MI metric (number of bins = 32, weight = 1.0000e+00)
  Shrink factors (level 1 out of 4): [8, 8, 8]
  Shrink factors (level 2 out of 4): [4, 4, 4]
  Shrink factors (level 3 out of 4): [2, 2, 2]
  Shrink factors (level 4 out of 4): [1, 1, 1]
  smoothing sigmas per level: [3, 2, 1, 0]
  regular sampling (percentage = 2.5000e-01)

*** Running AffineTransform registration ***

DIAGNOSTIC,Iteration,metricValue,convergenceValue,ITERATION_TIME_INDEX,SINCE_LAST
 2DIAGNOSTIC,     1, -5.829747212287e-01, 1.797693134862e+308, 3.4472e-01, 3.4472e-01, 
 2DIAGNOSTIC,     2, -5.852579266129e-01, 1.797693134862e+308, 3.4775e-01, 3.0279e-03, 
 2DIAGNOSTIC,     3, -5.882030747883e-01, 1.797693134862e+308, 3.5078e-01, 3.0339e-03, 
 2DIAGNOSTIC,     4, -5.911219802518e-01, 1.797693134862e+308, 3.5382e-01, 3.0451e-03, 
 2DIAGNOSTIC,     5, -5.961430818590e-01, 1.797693134862e+308, 3.5690e-01, 3.0770e-03, 
 2DIAGNOSTIC,     6, -6.031909044143e-01, 1.797693134862e+308, 3.5999e-01, 3.0911e-03, 
 2DIAGNOSTIC,     7, -6.102563809614e-01, 1.797693134862e+308, 3.6543e-01, 5.4400e-03, 
 2DIAGNOSTIC,     8, -6.170733061316e-01, 1.797693134862e+308, 3.6875e-01, 3.3140e-03, 
 2DIAGNOSTIC,     9, -6.199788138948e-01, 1.797693134862e+308, 3.7194e-01, 3.1919e-03, 
 2DIAGNOSTIC,    10, -6.226280827782e-01, 4.743460296365e-03, 3.7554e-01, 3.6030e-03, 
 2DIAGNOSTIC,    11, -6.238281962071e-01, 4.276056688727e-03, 3.7952e-01, 3.9809e-03, 
 2DIAGNOSTIC,    12, -6.242306038826e-01, 3.608049802097e-03, 3.8459e-01, 5.0681e-03, 
 2DIAGNOSTIC,    13, -6.240076908406e-01, 2.818629883674e-03, 3.8872e-01, 4.1301e-03, 
 2DIAGNOSTIC,    14, -6.244002023563e-01, 2.000215040764e-03, 3.9254e-01, 3.8168e-03, 
 2DIAGNOSTIC,    15, -6.258033427205e-01, 1.308912371413e-03, 3.9614e-01, 3.6070e-03, 
 2DIAGNOSTIC,    16, -6.282525676349e-01, 8.586002574836e-04, 3.9975e-01, 3.6008e-03, 
 2DIAGNOSTIC,    17, -6.298017344968e-01, 6.146523849760e-04, 4.0304e-01, 3.2918e-03, 
 2DIAGNOSTIC,    18, -6.302547390255e-01, 5.288211239923e-04, 4.0695e-01, 3.9110e-03, 
 2DIAGNOSTIC,    19, -6.307590131330e-01, 4.861190048873e-04, 4.1127e-01, 4.3180e-03, 
 2DIAGNOSTIC,    20, -6.310459270063e-01, 4.695595630976e-04, 4.1623e-01, 4.9589e-03, 
 2DIAGNOSTIC,    21, -6.311158396489e-01, 4.378077738757e-04, 4.1973e-01, 3.5012e-03, 
 2DIAGNOSTIC,    22, -6.310672585124e-01, 3.758899215243e-04, 4.2293e-01, 3.2039e-03, 
 2DIAGNOSTIC,    23, -6.311954471544e-01, 2.833326316548e-04, 4.2621e-01, 3.2752e-03, 
 2DIAGNOSTIC,    24, -6.313102065487e-01, 1.819958134694e-04, 4.3004e-01, 3.8300e-03, 
 2DIAGNOSTIC,    25, -6.313237293809e-01, 9.707594728674e-05, 4.3384e-01, 3.8090e-03, 
 2DIAGNOSTIC,    26, -6.313303904416e-01, 5.271611926819e-05, 4.3783e-01, 3.9861e-03, 
 2DIAGNOSTIC,    27, -6.313483304228e-01, 3.351660272184e-05, 4.4316e-01, 5.3248e-03, 
 2DIAGNOSTIC,    28, -6.313515119084e-01, 1.994222443267e-05, 4.4669e-01, 3.5350e-03, 
 2DIAGNOSTIC,    29, -6.313584596326e-01, 1.346927287187e-05, 4.4996e-01, 3.2699e-03, 
 2DIAGNOSTIC,    30, -6.313677448674e-01, 1.077791786946e-05, 4.5303e-01, 3.0692e-03, 
 2DIAGNOSTIC,    31, -6.313714413882e-01, 8.499236476382e-06, 4.5694e-01, 3.9060e-03, 
 2DIAGNOSTIC,    32, -6.313987596183e-01, 5.322329678918e-06, 4.6141e-01, 4.4720e-03, 
 2DIAGNOSTIC,    33, -6.314027017635e-01, 3.712599785544e-06, 4.6452e-01, 3.1102e-03, 
 2DIAGNOSTIC,    34, -6.314067650169e-01, 3.539500049596e-06, 4.6818e-01, 3.6619e-03, 
 2DIAGNOSTIC,    35, -6.313753852100e-01, 2.900701016800e-06, 4.8208e-01, 1.3898e-02, 
 2DIAGNOSTIC,    36, -6.313753852005e-01, 2.200170521126e-06, 4.9543e-01, 1.3348e-02, 
 2DIAGNOSTIC,    37, -6.313753852005e-01, 1.627453560853e-06, 4.9933e-01, 3.9070e-03, 
 2DIAGNOSTIC,    38, -6.313753852005e-01, 1.042968488265e-06, 5.0359e-01, 4.2610e-03, 
 2DIAGNOSTIC,    39, -6.313753852005e-01, 5.547466702185e-07, 5.0754e-01, 3.9499e-03, 
DIAGNOSTIC,Iteration,metricValue,convergenceValue,ITERATION_TIME_INDEX,SINCE_LAST
 2DIAGNOSTIC,     1, -5.214478358941e-01, 1.797693134862e+308, 8.6471e-01, 3.5716e-01, 
 2DIAGNOSTIC,     2, -5.123357857021e-01, 1.797693134862e+308, 8.7382e-01, 9.1109e-03, 
 2DIAGNOSTIC,     3, -5.134255565863e-01, 1.797693134862e+308, 8.8270e-01, 8.8818e-03, 
 2DIAGNOSTIC,     4, -5.149633365960e-01, 1.797693134862e+308, 8.9113e-01, 8.4360e-03, 
 2DIAGNOSTIC,     5, -5.165072195834e-01, 1.797693134862e+308, 8.9970e-01, 8.5621e-03, 
 2DIAGNOSTIC,     6, -5.185179273613e-01, 1.797693134862e+308, 9.0943e-01, 9.7339e-03, 
 2DIAGNOSTIC,     7, -5.205006362388e-01, 1.797693134862e+308, 9.2020e-01, 1.0772e-02, 
 2DIAGNOSTIC,     8, -5.226319871218e-01, 1.797693134862e+308, 9.3076e-01, 1.0554e-02, 
 2DIAGNOSTIC,     9, -5.230376157462e-01, 1.797693134862e+308, 9.3928e-01, 8.5230e-03, 
 2DIAGNOSTIC,    10, -5.234523444485e-01, 1.139349381357e-03, 9.4966e-01, 1.0381e-02, 
 2DIAGNOSTIC,    11, -5.239107442261e-01, 1.455628092880e-03, 9.6017e-01, 1.0512e-02, 
 2DIAGNOSTIC,    12, -5.242857458113e-01, 1.188503109488e-03, 9.7075e-01, 1.0578e-02, 
 2DIAGNOSTIC,    13, -5.252433304802e-01, 9.402564635232e-04, 9.8104e-01, 1.0289e-02, 
 2DIAGNOSTIC,    14, -5.282506741419e-01, 8.188904150464e-04, 9.9095e-01, 9.9108e-03, 
 2DIAGNOSTIC,    15, -5.291089965216e-01, 7.238904450576e-04, 1.0010e+00, 1.0035e-02, 
 2DIAGNOSTIC,    16, -5.293722883786e-01, 6.519510365686e-04, 1.0113e+00, 1.0325e-02, 
 2DIAGNOSTIC,    17, -5.297677106643e-01, 6.046295154500e-04, 1.0212e+00, 9.9108e-03, 
 2DIAGNOSTIC,    18, -5.299606825786e-01, 5.765469619465e-04, 1.0302e+00, 8.9998e-03, 
 2DIAGNOSTIC,    19, -5.302130965896e-01, 5.154943561247e-04, 1.0390e+00, 8.8151e-03, 
 2DIAGNOSTIC,    20, -5.306024909440e-01, 4.342379010519e-04, 1.0480e+00, 8.9350e-03, 
 2DIAGNOSTIC,    21, -5.308849074955e-01, 3.406043389974e-04, 1.0604e+00, 1.2433e-02, 
 2DIAGNOSTIC,    22, -5.309099646086e-01, 2.341893937240e-04, 1.0707e+00, 1.0332e-02, 
 2DIAGNOSTIC,    23, -5.309289520891e-01, 1.367863453708e-04, 1.0795e+00, 8.7702e-03, 
 2DIAGNOSTIC,    24, -5.310229134986e-01, 1.045299932622e-04, 1.0887e+00, 9.2049e-03, 
 2DIAGNOSTIC,    25, -5.313855269268e-01, 9.141785336361e-05, 1.1000e+00, 1.1337e-02, 
 2DIAGNOSTIC,    26, -5.315711978260e-01, 7.977788644757e-05, 1.1179e+00, 1.7874e-02, 
 2DIAGNOSTIC,    27, -5.315664057525e-01, 6.949994004597e-05, 1.1286e+00, 1.0711e-02, 
 2DIAGNOSTIC,    28, -5.315709085826e-01, 5.752258866273e-05, 1.1398e+00, 1.1140e-02, 
 2DIAGNOSTIC,    29, -5.315677030660e-01, 4.556260162249e-05, 1.1488e+00, 9.0399e-03, 
 2DIAGNOSTIC,    30, -5.315608511153e-01, 3.683353575458e-05, 1.1575e+00, 8.6620e-03, 
 2DIAGNOSTIC,    31, -5.315652784144e-01, 3.023125365667e-05, 1.1672e+00, 9.6850e-03, 
 2DIAGNOSTIC,    32, -5.315679473090e-01, 2.184257348496e-05, 1.1762e+00, 9.0010e-03, 
 2DIAGNOSTIC,    33, -5.315672471468e-01, 1.236434702111e-05, 1.1853e+00, 9.1119e-03, 
 2DIAGNOSTIC,    34, -5.315736562815e-01, 3.832938317572e-06, 1.1955e+00, 1.0265e-02, 
 2DIAGNOSTIC,    35, -5.315793870885e-01, 1.114312242569e-06, 1.2043e+00, 8.7340e-03, 
 2DIAGNOSTIC,    36, -5.315878695078e-01, 1.437862622220e-06, 1.2134e+00, 9.0959e-03, 
 2DIAGNOSTIC,    37, -5.315984982534e-01, 1.770890439744e-06, 1.2233e+00, 9.9120e-03, 
 2DIAGNOSTIC,    38, -5.316066623330e-01, 2.179186523437e-06, 1.2333e+00, 1.0003e-02, 
 2DIAGNOSTIC,    39, -5.316194057140e-01, 2.573717322468e-06, 1.2436e+00, 1.0284e-02, 
 2DIAGNOSTIC,    40, -5.316207990007e-01, 2.703086528461e-06, 1.2523e+00, 8.7099e-03, 
 2DIAGNOSTIC,    41, -5.316297789967e-01, 2.821658618826e-06, 1.2614e+00, 9.0950e-03, 
 2DIAGNOSTIC,    42, -5.316473944471e-01, 2.998885254488e-06, 1.2704e+00, 9.0580e-03, 
 2DIAGNOSTIC,    43, -5.316750468343e-01, 3.284601375324e-06, 1.2794e+00, 8.9760e-03, 
 2DIAGNOSTIC,    44, -5.317036869610e-01, 3.736464924027e-06, 1.2883e+00, 8.9290e-03, 
 2DIAGNOSTIC,    45, -5.317629789681e-01, 4.654930518041e-06, 1.2972e+00, 8.9040e-03, 
 2DIAGNOSTIC,    46, -5.319036416108e-01, 6.888059130374e-06, 1.3119e+00, 1.4659e-02, 
 2DIAGNOSTIC,    47, -5.319224767530e-01, 8.732028787199e-06, 1.3217e+00, 9.7690e-03, 
 2DIAGNOSTIC,    48, -5.319315500534e-01, 9.935275994490e-06, 1.3304e+00, 8.6899e-03, 
 2DIAGNOSTIC,    49, -5.319470963472e-01, 1.053161205779e-05, 1.3395e+00, 9.1882e-03, 
 2DIAGNOSTIC,    50, -5.319676285053e-01, 1.037951631431e-05, 1.3499e+00, 1.0382e-02, 
 2DIAGNOSTIC,    51, -5.320728060225e-01, 1.047591296380e-05, 1.3621e+00, 1.2148e-02, 
 2DIAGNOSTIC,    52, -5.320986625722e-01, 1.004389438014e-05, 1.3704e+00, 8.3728e-03, 
 2DIAGNOSTIC,    53, -5.321186197799e-01, 9.234740858777e-06, 1.3792e+00, 8.7230e-03, 
 2DIAGNOSTIC,    54, -5.321558882515e-01, 8.297329737811e-06, 1.3895e+00, 1.0307e-02, 
 2DIAGNOSTIC,    55, -5.321966330396e-01, 7.584717360700e-06, 1.4041e+00, 1.4600e-02, 
 2DIAGNOSTIC,    56, -5.322237382661e-01, 7.811367643749e-06, 1.4132e+00, 9.1450e-03, 
 2DIAGNOSTIC,    57, -5.322848743190e-01, 8.085415288413e-06, 1.4234e+00, 1.0146e-02, 
 2DIAGNOSTIC,    58, -5.323016595922e-01, 7.868106677873e-06, 1.4347e+00, 1.1336e-02, 
 2DIAGNOSTIC,    59, -5.322970715008e-01, 7.063186321352e-06, 1.4443e+00, 9.6130e-03, 
 2DIAGNOSTIC,    60, -5.323003370973e-01, 5.853546542735e-06, 1.4540e+00, 9.6660e-03, 
 2DIAGNOSTIC,    61, -5.322930917359e-01, 5.029207310617e-06, 1.4628e+00, 8.7969e-03, 
 2DIAGNOSTIC,    62, -5.322898100047e-01, 3.989587075461e-06, 1.4717e+00, 8.9061e-03, 
 2DIAGNOSTIC,    63, -5.322927583759e-01, 2.839272600270e-06, 1.4806e+00, 8.8799e-03, 
 2DIAGNOSTIC,    64, -5.323122425850e-01, 1.976232497324e-06, 1.4894e+00, 8.8799e-03, 
 2DIAGNOSTIC,    65, -5.323160912038e-01, 1.363277242320e-06, 1.4982e+00, 8.7252e-03, 
 2DIAGNOSTIC,    66, -5.323271688551e-01, 9.849447289573e-07, 1.5072e+00, 9.0551e-03, 
 2DIAGNOSTIC,    67, -5.323511065337e-01, 1.248657203350e-06, 1.5173e+00, 1.0100e-02, 
 2DIAGNOSTIC,    68, -5.323607475810e-01, 1.634593388342e-06, 1.5259e+00, 8.5571e-03, 
 2DIAGNOSTIC,    69, -5.323944941163e-01, 2.120851848695e-06, 1.5348e+00, 8.8799e-03, 
 2DIAGNOSTIC,    70, -5.325467344130e-01, 3.622628492371e-06, 1.5514e+00, 1.6678e-02, 
 2DIAGNOSTIC,    71, -5.325409471009e-01, 4.650595450477e-06, 1.5603e+00, 8.8980e-03, 
 2DIAGNOSTIC,    72, -5.325395017556e-01, 5.226520000904e-06, 1.5692e+00, 8.8990e-03, 
 2DIAGNOSTIC,    73, -5.325428492925e-01, 5.384337056233e-06, 1.5790e+00, 9.7301e-03, 
 2DIAGNOSTIC,    74, -5.325582901507e-01, 5.306849564062e-06, 1.5876e+00, 8.5871e-03, 
 2DIAGNOSTIC,    75, -5.325555745505e-01, 4.747887835338e-06, 1.5971e+00, 9.5260e-03, 
 2DIAGNOSTIC,    76, -5.325617451694e-01, 3.907172119911e-06, 1.6058e+00, 8.6899e-03, 
 2DIAGNOSTIC,    77, -5.325631754485e-01, 2.947350852931e-06, 1.6155e+00, 9.7041e-03, 
 2DIAGNOSTIC,    78, -5.325587301700e-01, 1.808027235942e-06, 1.6240e+00, 8.5721e-03, 
 2DIAGNOSTIC,    79, -5.325593667143e-01, 7.657673620140e-07, 1.6333e+00, 9.2640e-03, 
 2DIAGNOSTIC,    80, -5.325716666768e-01, 8.189286169816e-07, 1.6433e+00, 1.0016e-02, 
 2DIAGNOSTIC,    81, -5.325779613183e-01, 8.324228220717e-07, 1.6522e+00, 8.8751e-03, 
 2DIAGNOSTIC,    82, -5.325836206395e-01, 8.308192436350e-07, 1.6655e+00, 1.3250e-02, 
 2DIAGNOSTIC,    83, -5.325769374835e-01, 7.638463974304e-07, 1.6959e+00, 3.0453e-02, 
 2DIAGNOSTIC,    84, -5.325769374486e-01, 7.636347047306e-07, 1.7050e+00, 9.1081e-03, 
 2DIAGNOSTIC,    85, -5.325769375598e-01, 7.064046902341e-07, 1.7140e+00, 8.9688e-03, 
 2DIAGNOSTIC,    86, -5.325769377477e-01, 6.547665043610e-07, 1.7230e+00, 8.9810e-03, 
 2DIAGNOSTIC,    87, -5.325769380653e-01, 5.872578442562e-07, 1.7326e+00, 9.6760e-03, 
 2DIAGNOSTIC,    88, -5.325769386019e-01, 4.749225305540e-07, 1.7416e+00, 8.9900e-03, 
DIAGNOSTIC,Iteration,metricValue,convergenceValue,ITERATION_TIME_INDEX,SINCE_LAST
 2DIAGNOSTIC,     1, -4.163857203912e-01, 1.797693134862e+308, 2.2574e+00, 5.1581e-01, 
 2DIAGNOSTIC,     2, -4.168021241774e-01, 1.797693134862e+308, 2.3208e+00, 6.3339e-02, 
 2DIAGNOSTIC,     3, -4.172374843272e-01, 1.797693134862e+308, 2.3828e+00, 6.2022e-02, 
 2DIAGNOSTIC,     4, -4.175997258802e-01, 1.797693134862e+308, 2.4425e+00, 5.9700e-02, 
 2DIAGNOSTIC,     5, -4.177704882742e-01, 1.797693134862e+308, 2.5047e+00, 6.2176e-02, 
 2DIAGNOSTIC,     6, -4.180321213209e-01, 1.797693134862e+308, 2.5656e+00, 6.0938e-02, 
 2DIAGNOSTIC,     7, -4.184974270329e-01, 1.797693134862e+308, 2.6510e+00, 8.5397e-02, 
 2DIAGNOSTIC,     8, -4.185427472996e-01, 1.797693134862e+308, 2.7110e+00, 6.0001e-02, 
 2DIAGNOSTIC,     9, -4.185663971634e-01, 1.797693134862e+308, 2.7719e+00, 6.0846e-02, 
 2DIAGNOSTIC,    10, -4.186150468067e-01, 3.534643394319e-04, 2.9155e+00, 1.4366e-01, 
 2DIAGNOSTIC,    11, -4.186154974763e-01, 2.584311736984e-04, 2.9761e+00, 6.0584e-02, 
 2DIAGNOSTIC,    12, -4.186170875622e-01, 1.792827995795e-04, 3.0370e+00, 6.0909e-02, 
 2DIAGNOSTIC,    13, -4.186195614957e-01, 1.189742024794e-04, 3.1134e+00, 7.6403e-02, 
 2DIAGNOSTIC,    14, -4.186202717361e-01, 7.458151494512e-05, 3.1746e+00, 6.1140e-02, 
 2DIAGNOSTIC,    15, -4.186192593676e-01, 3.711619891075e-05, 3.2344e+00, 5.9870e-02, 
 2DIAGNOSTIC,    16, -4.186221838561e-01, 1.183826915359e-05, 3.2961e+00, 6.1721e-02, 
 2DIAGNOSTIC,    17, -4.186278208480e-01, 7.446808180871e-06, 3.3648e+00, 6.8666e-02, 
 2DIAGNOSTIC,    18, -4.186299773241e-01, 4.811164496139e-06, 3.4327e+00, 6.7876e-02, 
 2DIAGNOSTIC,    19, -4.186299436691e-01, 2.968621596919e-06, 3.5173e+00, 8.4635e-02, 
 2DIAGNOSTIC,    20, -4.186298757125e-01, 2.846898238561e-06, 3.5872e+00, 6.9858e-02, 
 2DIAGNOSTIC,    21, -4.186293942671e-01, 2.617784585400e-06, 3.6570e+00, 6.9836e-02, 
 2DIAGNOSTIC,    22, -4.186280158452e-01, 2.307626942567e-06, 3.7345e+00, 7.7488e-02, 
 2DIAGNOSTIC,    23, -4.186276322464e-01, 2.005429327288e-06, 3.7982e+00, 6.3724e-02, 
 2DIAGNOSTIC,    24, -4.186268325720e-01, 1.671511552767e-06, 3.8576e+00, 5.9366e-02, 
 2DIAGNOSTIC,    25, -4.186273004415e-01, 1.317626394270e-06, 3.9271e+00, 6.9511e-02, 
 2DIAGNOSTIC,    26, -4.186266081621e-01, 1.041187331338e-06, 3.9972e+00, 7.0071e-02, 
 2DIAGNOSTIC,    27, -4.186253290706e-01, 9.115405218557e-07, 4.0565e+00, 5.9318e-02, 
 2DIAGNOSTIC,    28, -4.186261376732e-01, 8.893703574153e-07, 4.1252e+00, 6.8659e-02, 
 2DIAGNOSTIC,    29, -4.186265986968e-01, 9.006395946948e-07, 4.1951e+00, 6.9954e-02, 
 2DIAGNOSTIC,    30, -4.186253536901e-01, 8.992457320722e-07, 4.2725e+00, 7.7366e-02, 
 2DIAGNOSTIC,    31, -4.186248335191e-01, 8.932991620858e-07, 4.3346e+00, 6.2131e-02, 
 2DIAGNOSTIC,    32, -4.186239825472e-01, 8.538415608023e-07, 4.4052e+00, 7.0614e-02, 
 2DIAGNOSTIC,    33, -4.186241740128e-01, 8.262714162877e-07, 4.4665e+00, 6.1332e-02, 
 2DIAGNOSTIC,    34, -4.186238669617e-01, 7.898784856498e-07, 4.5286e+00, 6.2018e-02, 
 2DIAGNOSTIC,    35, -4.186250365490e-01, 8.019416162415e-07, 4.5968e+00, 6.8228e-02, 
 2DIAGNOSTIC,    36, -4.186261826561e-01, 8.328023629357e-07, 4.6680e+00, 7.1189e-02, 
 2DIAGNOSTIC,    37, -4.186253824036e-01, 8.278563114889e-07, 4.7258e+00, 5.7766e-02, 
 2DIAGNOSTIC,    38, -4.186267692434e-01, 8.658531597330e-07, 4.7945e+00, 6.8796e-02, 
 2DIAGNOSTIC,    39, -4.186274165296e-01, 9.182430192219e-07, 4.8623e+00, 6.7709e-02, 
 2DIAGNOSTIC,    40, -4.186277069649e-01, 9.415475823067e-07, 4.9335e+00, 7.1277e-02, 
 2DIAGNOSTIC,    41, -4.186275480623e-01, 9.389237992687e-07, 4.9954e+00, 6.1890e-02, 
 2DIAGNOSTIC,    42, -4.186270545419e-01, 8.996714043370e-07, 5.0605e+00, 6.5109e-02, 
 2DIAGNOSTIC,    43, -4.186280815037e-01, 8.684947650217e-07, 5.1189e+00, 5.8328e-02, 
 2DIAGNOSTIC,    44, -4.186298718993e-01, 8.480029122862e-07, 5.1830e+00, 6.4156e-02, 
 2DIAGNOSTIC,    45, -4.186300896372e-01, 8.363236689950e-07, 5.2413e+00, 5.8303e-02, 
 2DIAGNOSTIC,    46, -4.186314784459e-01, 8.514909572641e-07, 5.3143e+00, 7.2950e-02, 
 2DIAGNOSTIC,    47, -4.186349629388e-01, 8.890796648862e-07, 5.3742e+00, 5.9914e-02, 
 2DIAGNOSTIC,    48, -4.186386604443e-01, 9.750516553469e-07, 5.4409e+00, 6.6763e-02, 
 2DIAGNOSTIC,    49, -4.186397549750e-01, 1.050447340400e-06, 5.5094e+00, 6.8426e-02, 
 2DIAGNOSTIC,    50, -4.186410553794e-01, 1.106943698748e-06, 5.5701e+00, 6.0724e-02, 
 2DIAGNOSTIC,    51, -4.186461013549e-01, 1.181912496821e-06, 5.6312e+00, 6.1069e-02, 
 2DIAGNOSTIC,    52, -4.186542783036e-01, 1.298299157602e-06, 5.6954e+00, 6.4242e-02, 
 2DIAGNOSTIC,    53, -4.186672302607e-01, 1.520250308411e-06, 5.7548e+00, 5.9434e-02, 
 2DIAGNOSTIC,    54, -4.186870743934e-01, 1.915750035379e-06, 5.8253e+00, 7.0453e-02, 
 2DIAGNOSTIC,    55, -4.186963523594e-01, 2.283506514558e-06, 5.8950e+00, 6.9731e-02, 
 2DIAGNOSTIC,    56, -4.187226312668e-01, 2.810184570639e-06, 6.0156e+00, 1.2057e-01, 
 2DIAGNOSTIC,    57, -4.187206264459e-01, 3.113492068409e-06, 6.1119e+00, 9.6269e-02, 
 2DIAGNOSTIC,    58, -4.187206287615e-01, 3.207171897706e-06, 6.1833e+00, 7.1423e-02, 
 2DIAGNOSTIC,    59, -4.187199313159e-01, 3.048262719470e-06, 6.3838e+00, 2.0051e-01, 
 2DIAGNOSTIC,    60, -4.187199313159e-01, 2.666051654963e-06, 6.4604e+00, 7.6617e-02, 
 2DIAGNOSTIC,    61, -4.187199313159e-01, 2.144486405682e-06, 6.5280e+00, 6.7580e-02, 
 2DIAGNOSTIC,    62, -4.187199313159e-01, 1.572524012533e-06, 6.5972e+00, 6.9163e-02, 
 2DIAGNOSTIC,    63, -4.187199313159e-01, 1.056181491654e-06, 6.6742e+00, 7.7082e-02, 
 2DIAGNOSTIC,    64, -4.187199313159e-01, 7.138069628917e-07, 6.7432e+00, 6.8919e-02, 
 2DIAGNOSTIC,    65, -4.187199313159e-01, 4.499503844548e-07, 6.8195e+00, 7.6313e-02, 
 2DIAGNOSTIC,    66, -4.187199313159e-01, 4.687765875859e-07, 6.8865e+00, 6.7051e-02, 
 2DIAGNOSTIC,    67, -4.187199313159e-01, 4.679279410405e-07, 6.9640e+00, 7.7466e-02, 
 2DIAGNOSTIC,    68, -4.187199313159e-01, 4.680084267419e-07, 7.0324e+00, 6.8371e-02, 
 2DIAGNOSTIC,    69, -4.187199313159e-01, 4.612226174264e-07, 7.1063e+00, 7.3975e-02, 
 2DIAGNOSTIC,    70, -4.187199313159e-01, 4.546307751270e-07, 7.1908e+00, 8.4426e-02, 
 2DIAGNOSTIC,    71, -4.187199313159e-01, 4.482247004216e-07, 7.2691e+00, 7.8301e-02, 
 2DIAGNOSTIC,    72, -4.187199313159e-01, 4.419966496364e-07, 7.3390e+00, 6.9924e-02, 
 2DIAGNOSTIC,    73, -4.187199313159e-01, 4.359393035672e-07, 7.4157e+00, 7.6760e-02, 
 2DIAGNOSTIC,    74, -4.187199313159e-01, 4.300457388355e-07, 7.5002e+00, 8.4503e-02, 
 2DIAGNOSTIC,    75, -4.187199313159e-01, 4.243094014634e-07, 7.5710e+00, 7.0764e-02, 
 2DIAGNOSTIC,    76, -4.187199313159e-01, 4.187240825321e-07, 7.6469e+00, 7.5915e-02, 
 2DIAGNOSTIC,    77, -4.187199313159e-01, 4.132838958212e-07, 7.7211e+00, 7.4187e-02, 
 2DIAGNOSTIC,    78, -4.187199313159e-01, 4.079832570687e-07, 7.7818e+00, 6.0686e-02, 
 2DIAGNOSTIC,    79, -4.187199313159e-01, 4.028168649056e-07, 7.8490e+00, 6.7219e-02, 
DIAGNOSTIC,Iteration,metricValue,convergenceValue,ITERATION_TIME_INDEX,SINCE_LAST
 2DIAGNOSTIC,     1, -3.376897199841e-01, 1.797693134862e+308, 8.9456e+00, 1.0966e+00, 
 2DIAGNOSTIC,     2, -3.379890431444e-01, 1.797693134862e+308, 9.2868e+00, 3.4121e-01, 
 2DIAGNOSTIC,     3, -3.382924349417e-01, 1.797693134862e+308, 9.6289e+00, 3.4212e-01, 
 2DIAGNOSTIC,     4, -3.384316693367e-01, 1.797693134862e+308, 9.9742e+00, 3.4526e-01, 
 2DIAGNOSTIC,     5, -3.385251572984e-01, 1.797693134862e+308, 1.0610e+01, 6.3596e-01, 
 2DIAGNOSTIC,     6, -3.385317631614e-01, 1.797693134862e+308, 1.0957e+01, 3.4702e-01, 
 2DIAGNOSTIC,     7, -3.385387191608e-01, 1.797693134862e+308, 1.1302e+01, 3.4516e-01, 
 2DIAGNOSTIC,     8, -3.385463927574e-01, 1.797693134862e+308, 1.1649e+01, 3.4630e-01, 
 2DIAGNOSTIC,     9, -3.385480908094e-01, 1.797693134862e+308, 1.2034e+01, 3.8505e-01, 
 2DIAGNOSTIC,    10, -3.385498869044e-01, 1.357191460098e-04, 1.2420e+01, 3.8644e-01, 
 2DIAGNOSTIC,    11, -3.385488947626e-01, 6.989992153585e-05, 1.2823e+01, 4.0304e-01, 
