Running T1-THOMAS on sub-19
INFO:    Mounting image with FUSE.
Some packages in this Docker container are non-free
If you are considering commercial use of this container, please consult the relevant license:
https://fsl.fmrib.ox.ac.uk/fsl/fslwiki/Licence
THOMAS_HOME setting of /opt/thomas_new
Linux OS detected
File name OK
Running left and right thalamus MV big
All_Command_lines_OK
Using double precision for computations.
=============================================================================
The composite transform comprises the following transforms (in order): 
  1. Center of mass alignment using fixed image: sub-19_desc-preproc_T1w.nii.gz and moving image: /opt/thomas_new/origtemplate.nii.gz (type = Euler3DTransform)
=============================================================================
  number of levels = 4
  number of levels = 4
  fixed image: sub-19_desc-preproc_T1w.nii.gz
  moving image: /opt/thomas_new/origtemplate.nii.gz
  fixed image: sub-19_desc-preproc_T1w.nii.gz
  moving image: /opt/thomas_new/origtemplate.nii.gz
Dimension = 3
Number of stages = 2
Use Histogram Matching false
Winsorize image intensities false
Lower quantile = 0
Upper quantile = 1
Stage 1 State
   Image metric = Mattes
     Fixed image = Image (0x4b29960)
  RTTI typeinfo:   itk::Image<double, 3u>
  Reference Count: 2
  Modified Time: 1696
  Debug: Off
  Object Name: 
  Observers: 
    none
  Source: (none)
  Source output name: (none)
  Release Data: Off
  Data Released: False
  Global Release Data: Off
  PipelineMTime: 0
  UpdateMTime: 1479
  RealTimeStamp: 0 seconds 
  LargestPossibleRegion: 
    Dimension: 3
    Index: [0, 0, 0]
    Size: [160, 256, 256]
  BufferedRegion: 
    Dimension: 3
    Index: [0, 0, 0]
    Size: [160, 256, 256]
  RequestedRegion: 
    Dimension: 3
    Index: [0, 0, 0]
    Size: [160, 256, 256]
  Spacing: [1, 0.859375, 0.859375]
  Origin: [77.0704, 112.324, -108.013]
  Direction: 
-0.999097 0.0401318 -0.01395
-0.0401279 -0.999194 -0.000560313
-0.0139613 -2.29939e-08 0.999903

  IndexToPointMatrix: 
-0.999097 0.0344882 -0.0119883
-0.0401279 -0.858683 -0.000481519
-0.0139613 -1.97604e-08 0.859291

  PointToIndexMatrix: 
-0.999097 -0.0401279 -0.0139613
0.0466988 -1.1627 -2.67349e-08
-0.0162327 -0.000652001 1.16352

  Inverse Direction: 
-0.999097 -0.0401279 -0.0139613
0.0401318 -0.999194 -2.29753e-08
-0.01395 -0.000560313 0.999903

  PixelContainer: 
    ImportImageContainer (0x4b22440)
      RTTI typeinfo:   itk::ImportImageContainer<unsigned long, double>
      Reference Count: 1
      Modified Time: 1476
      Debug: Off
      Object Name: 
      Observers: 
        none
      Pointer: 0x14bc4ecad010
      Container manages memory: true
      Size: 10485760
      Capacity: 10485760

     Moving image = Image (0x4b23210)
  RTTI typeinfo:   itk::Image<double, 3u>
  Reference Count: 2
  Modified Time: 1697
  Debug: Off
  Object Name: 
  Observers: 
    none
  Source: (none)
  Source output name: (none)
  Release Data: Off
  Data Released: False
  Global Release Data: Off
  PipelineMTime: 0
  UpdateMTime: 1694
  RealTimeStamp: 0 seconds 
  LargestPossibleRegion: 
    Dimension: 3
    Index: [0, 0, 0]
    Size: [256, 440, 256]
  BufferedRegion: 
    Dimension: 3
    Index: [0, 0, 0]
    Size: [256, 440, 256]
  RequestedRegion: 
    Dimension: 3
    Index: [0, 0, 0]
    Size: [256, 440, 256]
  Spacing: [0.7031, 0.5, 0.7031]
  Origin: [83.5844, 59.822, -106.951]
  Direction: 
-1 0 0
0 -1 0
0 0 1

  IndexToPointMatrix: 
-0.7031 0 0
0 -0.5 0
0 0 0.7031

  PointToIndexMatrix: 
-1.42227 0 0
0 -2 0
0 0 1.42227

  Inverse Direction: 
-1 0 0
0 -1 0
0 0 1

  PixelContainer: 
    ImportImageContainer (0x4b234a0)
      RTTI typeinfo:   itk::ImportImageContainer<unsigned long, double>
      Reference Count: 1
      Modified Time: 1691
      Debug: Off
      Object Name: 
      Observers: 
        none
      Pointer: 0x14bc410ac010
      Container manages memory: true
      Size: 28835840
      Capacity: 28835840

     Weighting = 1
     Sampling strategy = regular
     Number of bins = 32
     Radius = 4
     Sampling percentage  = 0.25
   Transform = Rigid
     Gradient step = 0.1
     Update field sigma (voxel space) = 0
     Total field sigma (voxel space) = 0
     Update field time sigma = 0
     Total field time sigma  = 0
     Number of time indices = 0
     Number of time point samples = 0
Stage 2 State
   Image metric = Mattes
     Fixed image = Image (0x4b35980)
  RTTI typeinfo:   itk::Image<double, 3u>
  Reference Count: 2
  Modified Time: 2128
  Debug: Off
  Object Name: 
  Observers: 
    none
  Source: (none)
  Source output name: (none)
  Release Data: Off
  Data Released: False
  Global Release Data: Off
  PipelineMTime: 0
  UpdateMTime: 1911
  RealTimeStamp: 0 seconds 
  LargestPossibleRegion: 
    Dimension: 3
    Index: [0, 0, 0]
    Size: [160, 256, 256]
  BufferedRegion: 
    Dimension: 3
    Index: [0, 0, 0]
    Size: [160, 256, 256]
  RequestedRegion: 
    Dimension: 3
    Index: [0, 0, 0]
    Size: [160, 256, 256]
  Spacing: [1, 0.859375, 0.859375]
  Origin: [77.0704, 112.324, -108.013]
  Direction: 
-0.999097 0.0401318 -0.01395
-0.0401279 -0.999194 -0.000560313
-0.0139613 -2.29939e-08 0.999903

  IndexToPointMatrix: 
-0.999097 0.0344882 -0.0119883
-0.0401279 -0.858683 -0.000481519
-0.0139613 -1.97604e-08 0.859291

  PointToIndexMatrix: 
-0.999097 -0.0401279 -0.0139613
0.0466988 -1.1627 -2.67349e-08
-0.0162327 -0.000652001 1.16352

  Inverse Direction: 
-0.999097 -0.0401279 -0.0139613
0.0401318 -0.999194 -2.29753e-08
-0.01395 -0.000560313 0.999903

  PixelContainer: 
    ImportImageContainer (0x4b21240)
      RTTI typeinfo:   itk::ImportImageContainer<unsigned long, double>
      Reference Count: 1
      Modified Time: 1908
      Debug: Off
      Object Name: 
      Observers: 
        none
      Pointer: 0x14bc3c0ab010
      Container manages memory: true
      Size: 10485760
      Capacity: 10485760

     Moving image = Image (0x4b37410)
  RTTI typeinfo:   itk::Image<double, 3u>
  Reference Count: 2
  Modified Time: 2129
  Debug: Off
  Object Name: 
  Observers: 
    none
  Source: (none)
  Source output name: (none)
  Release Data: Off
  Data Released: False
  Global Release Data: Off
  PipelineMTime: 0
  UpdateMTime: 2126
  RealTimeStamp: 0 seconds 
  LargestPossibleRegion: 
    Dimension: 3
    Index: [0, 0, 0]
    Size: [256, 440, 256]
  BufferedRegion: 
    Dimension: 3
    Index: [0, 0, 0]
    Size: [256, 440, 256]
  RequestedRegion: 
    Dimension: 3
    Index: [0, 0, 0]
    Size: [256, 440, 256]
  Spacing: [0.7031, 0.5, 0.7031]
  Origin: [83.5844, 59.822, -106.951]
  Direction: 
-1 0 0
0 -1 0
0 0 1

  IndexToPointMatrix: 
-0.7031 0 0
0 -0.5 0
0 0 0.7031

  PointToIndexMatrix: 
-1.42227 0 0
0 -2 0
0 0 1.42227

  Inverse Direction: 
-1 0 0
0 -1 0
0 0 1

  PixelContainer: 
    ImportImageContainer (0x4b27d50)
      RTTI typeinfo:   itk::ImportImageContainer<unsigned long, double>
      Reference Count: 1
      Modified Time: 2123
      Debug: Off
      Object Name: 
      Observers: 
        none
      Pointer: 0x14bc2e4aa010
      Container manages memory: true
      Size: 28835840
      Capacity: 28835840

     Weighting = 1
     Sampling strategy = regular
     Number of bins = 32
     Radius = 4
     Sampling percentage  = 0.25
   Transform = Affine
     Gradient step = 0.1
     Update field sigma (voxel space) = 0
     Total field sigma (voxel space) = 0
     Update field time sigma = 0
     Total field time sigma  = 0
     Number of time indices = 0
     Number of time point samples = 0
Registration using 2 total stages.

Stage 0
  iterations = 1000x500x250x100
  convergence threshold = 5e-07
  convergence window size = 10
  number of levels = 4
  using the Mattes MI metric (number of bins = 32, weight = 1)
  Shrink factors (level 1 out of 4): [7, 8, 8]
  Shrink factors (level 2 out of 4): [3, 4, 4]
  Shrink factors (level 3 out of 4): [2, 2, 2]
  Shrink factors (level 4 out of 4): [1, 1, 1]
  smoothing sigmas per level: [3, 2, 1, 0]
  regular sampling (percentage = 0.25)

*** Running Euler3DTransform registration ***

DIAGNOSTIC,Iteration,metricValue,convergenceValue,ITERATION_TIME_INDEX,SINCE_LAST
 2DIAGNOSTIC,     1, -3.388509181024e-01, 1.797693134862e+308, 3.4153e-01, 3.4153e-01, 
 2DIAGNOSTIC,     2, -3.403887602573e-01, 1.797693134862e+308, 3.4445e-01, 2.9180e-03, 
 2DIAGNOSTIC,     3, -3.424019487442e-01, 1.797693134862e+308, 3.4814e-01, 3.6941e-03, 
 2DIAGNOSTIC,     4, -3.432586027235e-01, 1.797693134862e+308, 3.5158e-01, 3.4342e-03, 
 2DIAGNOSTIC,     5, -3.440378636542e-01, 1.797693134862e+308, 3.5439e-01, 2.8081e-03, 
 2DIAGNOSTIC,     6, -3.454849608786e-01, 1.797693134862e+308, 3.5713e-01, 2.7490e-03, 
 2DIAGNOSTIC,     7, -3.496933419221e-01, 1.797693134862e+308, 3.6007e-01, 2.9318e-03, 
 2DIAGNOSTIC,     8, -3.629610492112e-01, 1.797693134862e+308, 3.6293e-01, 2.8670e-03, 
 2DIAGNOSTIC,     9, -3.764692467530e-01, 1.797693134862e+308, 3.6567e-01, 2.7330e-03, 
 2DIAGNOSTIC,    10, -4.034251636913e-01, 9.119337294552e-03, 3.7092e-01, 5.2540e-03, 
 2DIAGNOSTIC,    11, -4.693443656419e-01, 1.522474878128e-02, 3.8288e-01, 1.1960e-02, 
 2DIAGNOSTIC,    12, -4.699300514637e-01, 1.875638453164e-02, 3.8579e-01, 2.9101e-03, 
 2DIAGNOSTIC,    13, -4.699426211943e-01, 2.012757880433e-02, 3.8868e-01, 2.8880e-03, 
 2DIAGNOSTIC,    14, -4.699639130594e-01, 1.954925995461e-02, 3.9166e-01, 2.9860e-03, 
 2DIAGNOSTIC,    15, -4.699999979693e-01, 1.731775902703e-02, 3.9484e-01, 3.1710e-03, 
 2DIAGNOSTIC,    16, -4.700612492149e-01, 1.387161923175e-02, 3.9830e-01, 3.4621e-03, 
 2DIAGNOSTIC,    17, -4.701155551749e-01, 9.811656943993e-03, 4.0120e-01, 2.9058e-03, 
 2DIAGNOSTIC,    18, -4.696162453394e-01, 5.912743027188e-03, 4.0457e-01, 3.3629e-03, 
 2DIAGNOSTIC,    19, -4.697754484992e-01, 2.442776888607e-03, 4.0776e-01, 3.1900e-03, 
 2DIAGNOSTIC,    20, -4.700500782161e-01, 1.636933873984e-05, 4.1076e-01, 3.0031e-03, 
 2DIAGNOSTIC,    21, -4.705239211636e-01, 1.427633200943e-05, 4.1392e-01, 3.1579e-03, 
 2DIAGNOSTIC,    22, -4.713235726515e-01, 5.388529472585e-05, 4.1718e-01, 3.2640e-03, 
 2DIAGNOSTIC,    23, -4.725121549464e-01, 1.199689511416e-04, 4.2020e-01, 3.0150e-03, 
 2DIAGNOSTIC,    24, -4.743113163313e-01, 2.193655388820e-04, 4.2329e-01, 3.0921e-03, 
 2DIAGNOSTIC,    25, -4.764404924221e-01, 3.463693431120e-04, 4.2628e-01, 2.9910e-03, 
 2DIAGNOSTIC,    26, -4.809730182439e-01, 5.467494313187e-04, 4.2934e-01, 3.0599e-03, 
 2DIAGNOSTIC,    27, -4.917201129606e-01, 9.419143647597e-04, 4.3249e-01, 3.1462e-03, 
 2DIAGNOSTIC,    28, -4.981248941257e-01, 1.349229540288e-03, 4.3572e-01, 3.2399e-03, 
 2DIAGNOSTIC,    29, -5.071846273612e-01, 1.804364105280e-03, 4.3966e-01, 3.9392e-03, 
 2DIAGNOSTIC,    30, -5.094157742316e-01, 2.107615510505e-03, 4.4334e-01, 3.6790e-03, 
 2DIAGNOSTIC,    31, -5.089319818297e-01, 2.190658795944e-03, 4.4702e-01, 3.6769e-03, 
 2DIAGNOSTIC,    32, -5.099430385785e-01, 2.097340825521e-03, 4.5143e-01, 4.4062e-03, 
 2DIAGNOSTIC,    33, -5.115944419626e-01, 1.865025098544e-03, 4.5518e-01, 3.7582e-03, 
 2DIAGNOSTIC,    34, -5.131250745897e-01, 1.533486614828e-03, 4.6012e-01, 4.9360e-03, 
 2DIAGNOSTIC,    35, -5.131321445167e-01, 1.117970128673e-03, 4.6314e-01, 3.0169e-03, 
 2DIAGNOSTIC,    36, -5.134291437927e-01, 7.071846795996e-04, 4.6666e-01, 3.5250e-03, 
 2DIAGNOSTIC,    37, -5.147153630172e-01, 4.589805244971e-04, 4.7138e-01, 4.7150e-03, 
 2DIAGNOSTIC,    38, -5.153998638877e-01, 2.941741909414e-04, 4.7457e-01, 3.1970e-03, 
 2DIAGNOSTIC,    39, -5.165469497552e-01, 2.734973360252e-04, 4.7818e-01, 3.6061e-03, 
 2DIAGNOSTIC,    40, -5.170575106676e-01, 2.714791234102e-04, 4.8220e-01, 4.0240e-03, 
 2DIAGNOSTIC,    41, -5.172420752375e-01, 2.395452461921e-04, 4.8526e-01, 3.0510e-03, 
 2DIAGNOSTIC,    42, -5.173785787232e-01, 2.030233774011e-04, 4.8843e-01, 3.1750e-03, 
 2DIAGNOSTIC,    43, -5.177037709040e-01, 1.767835010163e-04, 4.9144e-01, 3.0100e-03, 
 2DIAGNOSTIC,    44, -5.186537654684e-01, 1.697699203007e-04, 4.9634e-01, 4.9009e-03, 
 2DIAGNOSTIC,    45, -5.186595838313e-01, 1.469415248534e-04, 5.0082e-01, 4.4749e-03, 
 2DIAGNOSTIC,    46, -5.186837390462e-01, 1.155661943980e-04, 5.0395e-01, 3.1350e-03, 
 2DIAGNOSTIC,    47, -5.187405316400e-01, 9.235037641475e-05, 5.0702e-01, 3.0680e-03, 
 2DIAGNOSTIC,    48, -5.187610243252e-01, 6.997401692348e-05, 5.1076e-01, 3.7358e-03, 
 2DIAGNOSTIC,    49, -5.187860225850e-01, 5.620658130041e-05, 5.1422e-01, 3.4621e-03, 
 2DIAGNOSTIC,    50, -5.186288635867e-01, 4.201192286105e-05, 5.1729e-01, 3.0711e-03, 
 2DIAGNOSTIC,    51, -5.186484105597e-01, 2.714059588635e-05, 5.2120e-01, 3.9098e-03, 
 2DIAGNOSTIC,    52, -5.188579750525e-01, 1.437873357281e-05, 5.2702e-01, 5.8219e-03, 
 2DIAGNOSTIC,    53, -5.187974842977e-01, 3.440342839847e-06, 5.3020e-01, 3.1841e-03, 
 2DIAGNOSTIC,    54, -5.186014050868e-01, 1.150595158386e-06, 5.3380e-01, 3.5961e-03, 
DIAGNOSTIC,Iteration,metricValue,convergenceValue,ITERATION_TIME_INDEX,SINCE_LAST
 2DIAGNOSTIC,     1, -4.040509828188e-01, 1.797693134862e+308, 8.9073e-01, 3.5693e-01, 
 2DIAGNOSTIC,     2, -4.045320598246e-01, 1.797693134862e+308, 9.0449e-01, 1.3754e-02, 
 2DIAGNOSTIC,     3, -4.048804493024e-01, 1.797693134862e+308, 9.1607e-01, 1.1584e-02, 
 2DIAGNOSTIC,     4, -4.052716584215e-01, 1.797693134862e+308, 9.2880e-01, 1.2731e-02, 
 2DIAGNOSTIC,     5, -4.059204244191e-01, 1.797693134862e+308, 9.4267e-01, 1.3873e-02, 
 2DIAGNOSTIC,     6, -4.059582189935e-01, 1.797693134862e+308, 9.5707e-01, 1.4394e-02, 
 2DIAGNOSTIC,     7, -4.059046751308e-01, 1.797693134862e+308, 9.7092e-01, 1.3853e-02, 
 2DIAGNOSTIC,     8, -4.058755388880e-01, 1.797693134862e+308, 9.8476e-01, 1.3837e-02, 
 2DIAGNOSTIC,     9, -4.058470299337e-01, 1.797693134862e+308, 9.9746e-01, 1.2702e-02, 
 2DIAGNOSTIC,    10, -4.058475722362e-01, 2.797990177924e-04, 1.0101e+00, 1.2615e-02, 
 2DIAGNOSTIC,    11, -4.058477149669e-01, 1.644211205858e-04, 1.0215e+00, 1.1423e-02, 
 2DIAGNOSTIC,    12, -4.058445197458e-01, 8.205530234494e-05, 1.0329e+00, 1.1413e-02, 
 2DIAGNOSTIC,    13, -4.058509535911e-01, 2.423117301226e-05, 1.0459e+00, 1.2974e-02, 
DIAGNOSTIC,Iteration,metricValue,convergenceValue,ITERATION_TIME_INDEX,SINCE_LAST
 2DIAGNOSTIC,     1, -3.197697969111e-01, 1.797693134862e+308, 1.5567e+00, 5.1084e-01, 
 2DIAGNOSTIC,     2, -3.200752262223e-01, 1.797693134862e+308, 1.6215e+00, 6.4724e-02, 
 2DIAGNOSTIC,     3, -3.203014708633e-01, 1.797693134862e+308, 1.7230e+00, 1.0157e-01, 
 2DIAGNOSTIC,     4, -3.202822702427e-01, 1.797693134862e+308, 1.8407e+00, 1.1767e-01, 
 2DIAGNOSTIC,     5, -3.202833213526e-01, 1.797693134862e+308, 1.9057e+00, 6.5046e-02, 
 2DIAGNOSTIC,     6, -3.202788289917e-01, 1.797693134862e+308, 1.9872e+00, 8.1459e-02, 
 2DIAGNOSTIC,     7, -3.202806779307e-01, 1.797693134862e+308, 2.0686e+00, 8.1369e-02, 
 2DIAGNOSTIC,     8, -3.202796823279e-01, 1.797693134862e+308, 2.1423e+00, 7.3718e-02, 
 2DIAGNOSTIC,     9, -3.202786400035e-01, 1.797693134862e+308, 2.2046e+00, 6.2360e-02, 
 2DIAGNOSTIC,    10, -3.202768961155e-01, 6.247107638156e-05, 2.2762e+00, 7.1508e-02, 
 2DIAGNOSTIC,    11, -3.202759422850e-01, 1.703744496490e-05, 2.3443e+00, 6.8128e-02, 
DIAGNOSTIC,Iteration,metricValue,convergenceValue,ITERATION_TIME_INDEX,SINCE_LAST
 2DIAGNOSTIC,     1, -2.692495504586e-01, 1.797693134862e+308, 4.1591e+00, 1.8148e+00, 
 2DIAGNOSTIC,     2, -2.692500190269e-01, 1.797693134862e+308, 4.6397e+00, 4.8068e-01, 
 2DIAGNOSTIC,     3, -2.692495920401e-01, 1.797693134862e+308, 5.0777e+00, 4.3793e-01, 
 2DIAGNOSTIC,     4, -2.692498187369e-01, 1.797693134862e+308, 5.5010e+00, 4.2337e-01, 
 2DIAGNOSTIC,     5, -2.692497199338e-01, 1.797693134862e+308, 5.9408e+00, 4.3973e-01, 
 2DIAGNOSTIC,     6, -2.692491429749e-01, 1.797693134862e+308, 6.4208e+00, 4.8003e-01, 
 2DIAGNOSTIC,     7, -2.692486751505e-01, 1.797693134862e+308, 6.8620e+00, 4.4119e-01, 
 2DIAGNOSTIC,     8, -2.692486276855e-01, 1.797693134862e+308, 7.2473e+00, 3.8536e-01, 
 2DIAGNOSTIC,     9, -2.692483411683e-01, 1.797693134862e+308, 7.6930e+00, 4.4563e-01, 
 2DIAGNOSTIC,    10, -2.692484453699e-01, 2.771741504787e-06, 8.0517e+00, 3.5867e-01, 
 2DIAGNOSTIC,    11, -2.692484495732e-01, 2.489170787739e-06, 8.4134e+00, 3.6172e-01, 
 2DIAGNOSTIC,    12, -2.692478619732e-01, 2.281094446166e-06, 8.8240e+00, 4.1062e-01, 
 2DIAGNOSTIC,    13, -2.692480472714e-01, 2.119200349190e-06, 9.2635e+00, 4.3949e-01, 
 2DIAGNOSTIC,    14, -2.692477584924e-01, 2.004053474419e-06, 9.7022e+00, 4.3873e-01, 
 2DIAGNOSTIC,    15, -2.692471036940e-01, 1.876431984210e-06, 1.0144e+01, 4.4220e-01, 
 2DIAGNOSTIC,    16, -2.692472101468e-01, 1.757977265787e-06, 1.0527e+01, 3.8263e-01, 
 2DIAGNOSTIC,    17, -2.692470743372e-01, 1.636739680393e-06, 1.0916e+01, 3.8883e-01, 
 2DIAGNOSTIC,    18, -2.692472490941e-01, 1.558340203531e-06, 1.1355e+01, 4.3894e-01, 
 2DIAGNOSTIC,    19, -2.692475949960e-01, 1.510247964298e-06, 1.1793e+01, 4.3814e-01, 
 2DIAGNOSTIC,    20, -2.692475090784e-01, 1.483035619899e-06, 1.2183e+01, 3.9009e-01, 
 2DIAGNOSTIC,    21, -2.692474684436e-01, 1.467851988013e-06, 1.2618e+01, 4.3497e-01, 
 2DIAGNOSTIC,    22, -2.692476413617e-01, 1.437931951440e-06, 1.3057e+01, 4.3901e-01, 
 2DIAGNOSTIC,    23, -2.692471233164e-01, 1.395701356183e-06, 1.3499e+01, 4.4221e-01, 
 2DIAGNOSTIC,    24, -2.692465647915e-01, 1.319765454720e-06, 1.3938e+01, 4.3911e-01, 
 2DIAGNOSTIC,    25, -2.692464548955e-01, 1.218611819571e-06, 1.4425e+01, 4.8668e-01, 
 2DIAGNOSTIC,    26, -2.692462305797e-01, 1.125511491847e-06, 1.4860e+01, 4.3495e-01, 
 2DIAGNOSTIC,    27, -2.692461480328e-01, 1.039719866217e-06, 1.5247e+01, 3.8694e-01, 
 2DIAGNOSTIC,    28, -2.692461075782e-01, 9.780409102253e-07, 1.5686e+01, 4.3868e-01, 
 2DIAGNOSTIC,    29, -2.692460239207e-01, 9.455612448028e-07, 1.6128e+01, 4.4207e-01, 
 2DIAGNOSTIC,    30, -2.692459149834e-01, 9.227050959820e-07, 1.6514e+01, 3.8617e-01, 
 2DIAGNOSTIC,    31, -2.692455403674e-01, 8.997225096480e-07, 1.6957e+01, 4.4351e-01, 
 2DIAGNOSTIC,    32, -2.692454867239e-01, 8.946407656571e-07, 1.7393e+01, 4.3601e-01, 
 2DIAGNOSTIC,    33, -2.692452659906e-01, 8.759080802820e-07, 1.7782e+01, 3.8882e-01, 
 2DIAGNOSTIC,    34, -2.692450744870e-01, 8.433682946521e-07, 1.8171e+01, 3.8912e-01, 
 2DIAGNOSTIC,    35, -2.692452147401e-01, 8.226752982073e-07, 1.8666e+01, 4.9474e-01, 
 2DIAGNOSTIC,    36, -2.692451758212e-01, 8.035359030968e-07, 1.9099e+01, 4.3293e-01, 
 2DIAGNOSTIC,    37, -2.692449272366e-01, 7.836387824790e-07, 1.9545e+01, 4.4593e-01, 
 2DIAGNOSTIC,    38, -2.692447980502e-01, 7.675602357558e-07, 1.9929e+01, 3.8425e-01, 
 2DIAGNOSTIC,    39, -2.692445468933e-01, 7.499076888906e-07, 2.0405e+01, 4.7547e-01, 
 2DIAGNOSTIC,    40, -2.692441540746e-01, 7.263387743067e-07, 2.0889e+01, 4.8452e-01, 
 2DIAGNOSTIC,    41, -2.692441119155e-01, 6.998398848490e-07, 2.1311e+01, 4.2152e-01, 
 2DIAGNOSTIC,    42, -2.692441601010e-01, 6.818113110624e-07, 2.1798e+01, 4.8749e-01, 
 2DIAGNOSTIC,    43, -2.692437414044e-01, 6.562008489364e-07, 2.2235e+01, 4.3656e-01, 
 2DIAGNOSTIC,    44, -2.692436184654e-01, 6.324268298739e-07, 2.2615e+01, 3.8017e-01, 
 2DIAGNOSTIC,    45, -2.692435000775e-01, 6.189500465076e-07, 2.3003e+01, 3.8825e-01, 
 2DIAGNOSTIC,    46, -2.692435553723e-01, 6.148157754918e-07, 2.3366e+01, 3.6319e-01, 
 2DIAGNOSTIC,    47, -2.692437908888e-01, 6.176856563074e-07, 2.3774e+01, 4.0806e-01, 
 2DIAGNOSTIC,    48, -2.692435855235e-01, 6.187654445801e-07, 2.4165e+01, 3.9026e-01, 
 2DIAGNOSTIC,    49, -2.692439143575e-01, 6.262278212966e-07, 2.4557e+01, 3.9204e-01, 
 2DIAGNOSTIC,    50, -2.692439225934e-01, 6.272437284710e-07, 2.4998e+01, 4.4085e-01, 
 2DIAGNOSTIC,    51, -2.692442969719e-01, 6.357584919001e-07, 2.5442e+01, 4.4448e-01, 
 2DIAGNOSTIC,    52, -2.692439933542e-01, 6.376046642435e-07, 2.5828e+01, 3.8563e-01, 
 2DIAGNOSTIC,    53, -2.692441073385e-01, 6.311802962546e-07, 2.6269e+01, 4.4126e-01, 
 2DIAGNOSTIC,    54, -2.692439033280e-01, 6.156716644626e-07, 2.6739e+01, 4.6982e-01, 
 2DIAGNOSTIC,    55, -2.692437179609e-01, 5.922920569695e-07, 2.7113e+01, 3.7409e-01, 
 2DIAGNOSTIC,    56, -2.692436037969e-01, 5.672168664206e-07, 2.7549e+01, 4.3652e-01, 
 2DIAGNOSTIC,    57, -2.692439699828e-01, 5.544454699143e-07, 2.7978e+01, 4.2864e-01, 
 2DIAGNOSTIC,    58, -2.692444197217e-01, 5.465799558478e-07, 2.8403e+01, 4.2488e-01, 
 2DIAGNOSTIC,    59, -2.692438101992e-01, 5.340086768196e-07, 2.8890e+01, 4.8667e-01, 
 2DIAGNOSTIC,    60, -2.692439347378e-01, 5.250488718314e-07, 2.9324e+01, 4.3493e-01, 
 2DIAGNOSTIC,    61, -2.692437217337e-01, 5.197439705770e-07, 2.9713e+01, 3.8868e-01, 
 2DIAGNOSTIC,    62, -2.692435886024e-01, 5.070249526513e-07, 3.0153e+01, 4.4037e-01, 
  Elapsed time (stage 0): 3.0508e+01


Stage 1
  iterations = 1000x500x250x100
  convergence threshold = 4.0000e-07
  convergence window size = 10
  number of levels = 4
  using the Mattes MI metric (number of bins = 32, weight = 1.0000e+00)
  Shrink factors (level 1 out of 4): [7, 8, 8]
  Shrink factors (level 2 out of 4): [3, 4, 4]
  Shrink factors (level 3 out of 4): [2, 2, 2]
  Shrink factors (level 4 out of 4): [1, 1, 1]
  smoothing sigmas per level: [3, 2, 1, 0]
  regular sampling (percentage = 2.5000e-01)

*** Running AffineTransform registration ***

DIAGNOSTIC,Iteration,metricValue,convergenceValue,ITERATION_TIME_INDEX,SINCE_LAST
 2DIAGNOSTIC,     1, -4.847437516646e-01, 1.797693134862e+308, 3.5836e-01, 3.5836e-01, 
 2DIAGNOSTIC,     2, -4.865341187488e-01, 1.797693134862e+308, 3.6147e-01, 3.1121e-03, 
 2DIAGNOSTIC,     3, -4.907596117762e-01, 1.797693134862e+308, 3.6436e-01, 2.8858e-03, 
 2DIAGNOSTIC,     4, -5.016133811341e-01, 1.797693134862e+308, 3.6756e-01, 3.2060e-03, 
 2DIAGNOSTIC,     5, -5.353334200191e-01, 1.797693134862e+308, 3.7250e-01, 4.9360e-03, 
 2DIAGNOSTIC,     6, -5.390530434327e-01, 1.797693134862e+308, 3.7861e-01, 6.1140e-03, 
 2DIAGNOSTIC,     7, -5.395113896192e-01, 1.797693134862e+308, 3.8172e-01, 3.1002e-03, 
 2DIAGNOSTIC,     8, -5.397782354863e-01, 1.797693134862e+308, 3.8549e-01, 3.7720e-03, 
 2DIAGNOSTIC,     9, -5.400904635416e-01, 1.797693134862e+308, 3.8853e-01, 3.0391e-03, 
 2DIAGNOSTIC,    10, -5.403363958755e-01, 8.484135159038e-03, 3.9211e-01, 3.5789e-03, 
 2DIAGNOSTIC,    11, -5.406603532756e-01, 6.273419029754e-03, 3.9595e-01, 3.8431e-03, 
 2DIAGNOSTIC,    12, -5.409968483475e-01, 4.003183051681e-03, 3.9910e-01, 3.1562e-03, 
 2DIAGNOSTIC,    13, -5.419176587739e-01, 1.953137131007e-03, 4.0262e-01, 3.5162e-03, 
 2DIAGNOSTIC,    14, -5.428810702423e-01, 4.479136132636e-04, 4.0598e-01, 3.3631e-03, 
 2DIAGNOSTIC,    15, -5.434887265257e-01, 3.385186362606e-04, 4.0965e-01, 3.6700e-03, 
 2DIAGNOSTIC,    16, -5.432927668863e-01, 3.308088261255e-04, 4.1346e-01, 3.8068e-03, 
 2DIAGNOSTIC,    17, -5.439415873468e-01, 3.293563819867e-04, 4.1709e-01, 3.6271e-03, 
 2DIAGNOSTIC,    18, -5.442679115031e-01, 3.145725901184e-04, 4.2011e-01, 3.0220e-03, 
 2DIAGNOSTIC,    19, -5.447334659286e-01, 2.936648419074e-04, 4.2359e-01, 3.4821e-03, 
 2DIAGNOSTIC,    20, -5.464386107227e-01, 2.998709258533e-04, 4.2719e-01, 3.5980e-03, 
 2DIAGNOSTIC,    21, -5.467788242498e-01, 2.940418410985e-04, 4.3106e-01, 3.8679e-03, 
 2DIAGNOSTIC,    22, -5.477784472699e-01, 2.938953554382e-04, 4.3625e-01, 5.1961e-03, 
 2DIAGNOSTIC,    23, -5.479491494321e-01, 2.910169168701e-04, 4.4019e-01, 3.9401e-03, 
 2DIAGNOSTIC,    24, -5.480394501854e-01, 2.843583421082e-04, 4.4386e-01, 3.6659e-03, 
 2DIAGNOSTIC,    25, -5.477283516715e-01, 2.580679710634e-04, 4.4732e-01, 3.4571e-03, 
 2DIAGNOSTIC,    26, -5.477891926283e-01, 2.067507413031e-04, 4.5045e-01, 3.1381e-03, 
 2DIAGNOSTIC,    27, -5.478034398074e-01, 1.530344496557e-04, 4.5381e-01, 3.3581e-03, 
 2DIAGNOSTIC,    28, -5.479413688355e-01, 9.773704597586e-05, 4.5732e-01, 3.5052e-03, 
 2DIAGNOSTIC,    29, -5.481305690177e-01, 4.858933847037e-05, 4.6054e-01, 3.2210e-03, 
 2DIAGNOSTIC,    30, -5.486684860171e-01, 3.798524008694e-05, 4.6484e-01, 4.2980e-03, 
 2DIAGNOSTIC,    31, -5.487846797566e-01, 3.176321778578e-05, 4.6853e-01, 3.6891e-03, 
 2DIAGNOSTIC,    32, -5.491016902042e-01, 4.471601544447e-05, 4.7226e-01, 3.7298e-03, 
 2DIAGNOSTIC,    33, -5.485640554090e-01, 4.673620954836e-05, 4.7618e-01, 3.9279e-03, 
 2DIAGNOSTIC,    34, -5.488293354609e-01, 5.020625138049e-05, 4.7933e-01, 3.1500e-03, 
 2DIAGNOSTIC,    35, -5.487956752683e-01, 4.332176130982e-05, 4.8258e-01, 3.2511e-03, 
 2DIAGNOSTIC,    36, -5.491068471036e-01, 3.816603547813e-05, 4.8616e-01, 3.5701e-03, 
 2DIAGNOSTIC,    37, -5.496282149435e-01, 3.735457853794e-05, 4.9092e-01, 4.7660e-03, 
 2DIAGNOSTIC,    38, -5.498037052312e-01, 3.743252450938e-05, 4.9672e-01, 5.7950e-03, 
 2DIAGNOSTIC,    39, -5.497054232822e-01, 3.518400558042e-05, 5.0070e-01, 3.9830e-03, 
 2DIAGNOSTIC,    40, -5.495864963290e-01, 3.533475286720e-05, 5.0415e-01, 3.4540e-03, 
 2DIAGNOSTIC,    41, -5.497343046651e-01, 3.540168488906e-05, 5.0759e-01, 3.4418e-03, 
 2DIAGNOSTIC,    42, -5.498378239927e-01, 3.742891410121e-05, 5.1169e-01, 4.0958e-03, 
 2DIAGNOSTIC,    43, -5.496711581436e-01, 2.712057827848e-05, 5.1585e-01, 4.1621e-03, 
 2DIAGNOSTIC,    44, -5.495935239834e-01, 1.728536145753e-05, 5.1920e-01, 3.3460e-03, 
 2DIAGNOSTIC,    45, -5.494075715073e-01, 3.794538831245e-06, 5.2246e-01, 3.2580e-03, 
DIAGNOSTIC,Iteration,metricValue,convergenceValue,ITERATION_TIME_INDEX,SINCE_LAST
 2DIAGNOSTIC,     1, -4.583166526620e-01, 1.797693134862e+308, 9.1193e-01, 3.8947e-01, 
 2DIAGNOSTIC,     2, -4.591498371602e-01, 1.797693134862e+308, 9.2604e-01, 1.4106e-02, 
 2DIAGNOSTIC,     3, -4.601330970622e-01, 1.797693134862e+308, 9.3990e-01, 1.3864e-02, 
 2DIAGNOSTIC,     4, -4.610457823103e-01, 1.797693134862e+308, 9.5383e-01, 1.3926e-02, 
 2DIAGNOSTIC,     5, -4.621985699382e-01, 1.797693134862e+308, 9.6722e-01, 1.3393e-02, 
 2DIAGNOSTIC,     6, -4.626874037541e-01, 1.797693134862e+308, 9.8065e-01, 1.3429e-02, 
 2DIAGNOSTIC,     7, -4.637278721158e-01, 1.797693134862e+308, 9.9606e-01, 1.5412e-02, 
 2DIAGNOSTIC,     8, -4.641378192732e-01, 1.797693134862e+308, 1.0236e+00, 2.7562e-02, 
 2DIAGNOSTIC,     9, -4.640566753087e-01, 1.797693134862e+308, 1.0395e+00, 1.5874e-02, 
 2DIAGNOSTIC,    10, -4.640957295632e-01, 8.774523396491e-04, 1.0534e+00, 1.3928e-02, 
 2DIAGNOSTIC,    11, -4.641352896816e-01, 6.535621853541e-04, 1.0688e+00, 1.5358e-02, 
 2DIAGNOSTIC,    12, -4.641504768241e-01, 4.511826825303e-04, 1.0830e+00, 1.4191e-02, 
 2DIAGNOSTIC,    13, -4.641667739777e-01, 2.861507460626e-04, 1.0988e+00, 1.5805e-02, 
 2DIAGNOSTIC,    14, -4.642028056616e-01, 1.602030631557e-04, 1.1141e+00, 1.5343e-02, 
 2DIAGNOSTIC,    15, -4.641626779175e-01, 8.242203384586e-05, 1.1296e+00, 1.5429e-02, 
 2DIAGNOSTIC,    16, -4.642134484276e-01, 2.677345336759e-05, 1.1456e+00, 1.6022e-02, 
 2DIAGNOSTIC,    17, -4.642173082055e-01, 1.262718653153e-05, 1.1609e+00, 1.5359e-02, 
 2DIAGNOSTIC,    18, -4.642380125299e-01, 1.384830461258e-05, 1.1747e+00, 1.3774e-02, 
 2DIAGNOSTIC,    19, -4.642793416979e-01, 1.251485029496e-05, 1.1904e+00, 1.5674e-02, 
 2DIAGNOSTIC,    20, -4.642973402063e-01, 1.202201729299e-05, 1.2061e+00, 1.5706e-02, 
 2DIAGNOSTIC,    21, -4.643005673908e-01, 1.185380974221e-05, 1.2218e+00, 1.5757e-02, 
 2DIAGNOSTIC,    22, -4.643495896851e-01, 1.252052841006e-05, 1.2379e+00, 1.6074e-02, 
 2DIAGNOSTIC,    23, -4.643745858782e-01, 1.313406943591e-05, 1.2523e+00, 1.4420e-02, 
 2DIAGNOSTIC,    24, -4.644055238495e-01, 1.433026810378e-05, 1.2685e+00, 1.6210e-02, 
 2DIAGNOSTIC,    25, -4.644017932978e-01, 1.310109677024e-05, 1.2825e+00, 1.3994e-02, 
 2DIAGNOSTIC,    26, -4.643690532548e-01, 1.131279417642e-05, 1.2965e+00, 1.3939e-02, 
 2DIAGNOSTIC,    27, -4.643957975648e-01, 9.417340883236e-06, 1.3105e+00, 1.4042e-02, 
 2DIAGNOSTIC,    28, -4.645984688984e-01, 1.171005961172e-05, 1.3265e+00, 1.5989e-02, 
 2DIAGNOSTIC,    29, -4.648095444677e-01, 1.804951881474e-05, 1.3444e+00, 1.7855e-02, 
 2DIAGNOSTIC,    30, -4.649438708110e-01, 2.543078325323e-05, 1.3621e+00, 1.7775e-02, 
 2DIAGNOSTIC,    31, -4.649900143977e-01, 3.104122363848e-05, 1.3780e+00, 1.5874e-02, 
 2DIAGNOSTIC,    32, -4.650130306127e-01, 3.487919841292e-05, 1.3937e+00, 1.5713e-02, 
 2DIAGNOSTIC,    33, -4.648972203195e-01, 3.351538743397e-05, 1.4111e+00, 1.7361e-02, 
 2DIAGNOSTIC,    34, -4.648784830386e-01, 2.935599614477e-05, 1.4265e+00, 1.5459e-02, 
 2DIAGNOSTIC,    35, -4.648685298027e-01, 2.251007512518e-05, 1.4423e+00, 1.5703e-02, 
 2DIAGNOSTIC,    36, -4.648504704881e-01, 1.315948271798e-05, 1.4563e+00, 1.4046e-02, 
 2DIAGNOSTIC,    37, -4.648350833513e-01, 3.317132149887e-06, 1.4699e+00, 1.3618e-02, 
DIAGNOSTIC,Iteration,metricValue,convergenceValue,ITERATION_TIME_INDEX,SINCE_LAST
 2DIAGNOSTIC,     1, -3.669176629733e-01, 1.797693134862e+308, 2.0380e+00, 5.6807e-01, 
 2DIAGNOSTIC,     2, -3.671368833629e-01, 1.797693134862e+308, 2.1156e+00, 7.7575e-02, 
 2DIAGNOSTIC,     3, -3.672964472380e-01, 1.797693134862e+308, 2.1906e+00, 7.5036e-02, 
 2DIAGNOSTIC,     4, -3.674611352184e-01, 1.797693134862e+308, 2.2666e+00, 7.5971e-02, 
 2DIAGNOSTIC,     5, -3.675670980324e-01, 1.797693134862e+308, 2.3476e+00, 8.0985e-02, 
 2DIAGNOSTIC,     6, -3.679228481082e-01, 1.797693134862e+308, 2.4439e+00, 9.6309e-02, 
 2DIAGNOSTIC,     7, -3.679745729208e-01, 1.797693134862e+308, 2.5209e+00, 7.7060e-02, 
 2DIAGNOSTIC,     8, -3.682549374704e-01, 1.797693134862e+308, 2.5959e+00, 7.5001e-02, 
 2DIAGNOSTIC,     9, -3.690563066541e-01, 1.797693134862e+308, 2.7034e+00, 1.0745e-01, 
 2DIAGNOSTIC,    10, -3.694251032124e-01, 4.014633211122e-04, 2.7894e+00, 8.6074e-02, 
 2DIAGNOSTIC,    11, -3.695009243091e-01, 4.011657157794e-04, 2.8751e+00, 8.5614e-02, 
 2DIAGNOSTIC,    12, -3.695092795456e-01, 3.805796991104e-04, 2.9510e+00, 7.5909e-02, 
 2DIAGNOSTIC,    13, -3.695411339821e-01, 3.404846253799e-04, 3.0372e+00, 8.6209e-02, 
 2DIAGNOSTIC,    14, -3.696001166279e-01, 2.870231350383e-04, 3.1134e+00, 7.6208e-02, 
 2DIAGNOSTIC,    15, -3.696835962580e-01, 2.236538597090e-04, 3.2042e+00, 9.0775e-02, 
 2DIAGNOSTIC,    16, -3.696806224081e-01, 1.654597536194e-04, 3.2909e+00, 8.6706e-02, 
 2DIAGNOSTIC,    17, -3.697008306809e-01, 1.027628863029e-04, 3.3789e+00, 8.8076e-02, 
 2DIAGNOSTIC,    18, -3.697283010317e-01, 5.017470814845e-05, 3.4817e+00, 1.0278e-01, 
 2DIAGNOSTIC,    19, -3.697277021969e-01, 3.067029724906e-05, 3.6073e+00, 1.2560e-01, 
 2DIAGNOSTIC,    20, -3.697254141206e-01, 2.445493949658e-05, 3.6877e+00, 8.0360e-02, 
 2DIAGNOSTIC,    21, -3.697275860154e-01, 1.961230171175e-05, 3.7701e+00, 8.2382e-02, 
 2DIAGNOSTIC,    22, -3.697215890006e-01, 1.362629152654e-05, 3.8579e+00, 8.7881e-02, 
 2DIAGNOSTIC,    23, -3.697195096523e-01, 7.982980479541e-06, 3.9486e+00, 9.0607e-02, 
 2DIAGNOSTIC,    24, -3.697207893211e-01, 4.057547344456e-06, 4.0280e+00, 7.9490e-02, 
 2DIAGNOSTIC,    25, -3.697193499953e-01, 2.738395849244e-06, 4.1208e+00, 9.2733e-02, 
 2DIAGNOSTIC,    26, -3.697169581656e-01, 1.217205863747e-06, 4.2012e+00, 8.0466e-02, 
DIAGNOSTIC,Iteration,metricValue,convergenceValue,ITERATION_TIME_INDEX,SINCE_LAST
 2DIAGNOSTIC,     1, -3.078662230158e-01, 1.797693134862e+308, 5.6556e+00, 1.4543e+00, 
 2DIAGNOSTIC,     2, -3.078853031368e-01, 1.797693134862e+308, 6.2919e+00, 6.3632e-01, 
 2DIAGNOSTIC,     3, -3.078833632076e-01, 1.797693134862e+308, 6.7675e+00, 4.7559e-01, 
 2DIAGNOSTIC,     4, -3.078832150943e-01, 1.797693134862e+308, 7.2463e+00, 4.7885e-01, 
 2DIAGNOSTIC,     5, -3.078839978348e-01, 1.797693134862e+308, 7.7221e+00, 4.7582e-01, 
 2DIAGNOSTIC,     6, -3.078817510774e-01, 1.797693134862e+308, 8.2483e+00, 5.2612e-01, 
 2DIAGNOSTIC,     7, -3.078807027684e-01, 1.797693134862e+308, 8.7363e+00, 4.8803e-01, 
