Running T1-THOMAS on sub-14
INFO:    Mounting image with FUSE.
Some packages in this Docker container are non-free
If you are considering commercial use of this container, please consult the relevant license:
https://fsl.fmrib.ox.ac.uk/fsl/fslwiki/Licence
THOMAS_HOME setting of /opt/thomas_new
Linux OS detected
File name OK
Running left and right thalamus MV big
All_Command_lines_OK
Using double precision for computations.
=============================================================================
The composite transform comprises the following transforms (in order): 
  1. Center of mass alignment using fixed image: sub-14_desc-preproc_T1w.nii.gz and moving image: /opt/thomas_new/origtemplate.nii.gz (type = Euler3DTransform)
=============================================================================
  number of levels = 4
  number of levels = 4
  fixed image: sub-14_desc-preproc_T1w.nii.gz
  moving image: /opt/thomas_new/origtemplate.nii.gz
  fixed image: sub-14_desc-preproc_T1w.nii.gz
  moving image: /opt/thomas_new/origtemplate.nii.gz
Dimension = 3
Number of stages = 2
Use Histogram Matching false
Winsorize image intensities false
Lower quantile = 0
Upper quantile = 1
Stage 1 State
   Image metric = Mattes
     Fixed image = Image (0x4d89960)
  RTTI typeinfo:   itk::Image<double, 3u>
  Reference Count: 2
  Modified Time: 1696
  Debug: Off
  Object Name: 
  Observers: 
    none
  Source: (none)
  Source output name: (none)
  Release Data: Off
  Data Released: False
  Global Release Data: Off
  PipelineMTime: 0
  UpdateMTime: 1479
  RealTimeStamp: 0 seconds 
  LargestPossibleRegion: 
    Dimension: 3
    Index: [0, 0, 0]
    Size: [304, 256, 256]
  BufferedRegion: 
    Dimension: 3
    Index: [0, 0, 0]
    Size: [304, 256, 256]
  RequestedRegion: 
    Dimension: 3
    Index: [0, 0, 0]
    Size: [304, 256, 256]
  Spacing: [0.600001, 0.937505, 0.937502]
  Origin: [94.5062, 121.973, -113.404]
  Direction: 
-0.997764 0.0301602 -0.0596399
-0.0301041 -0.999545 -0.00183974
-0.0596682 -4.02242e-05 0.998218

  IndexToPointMatrix: 
-0.598659 0.0282754 -0.0559125
-0.0180625 -0.937078 -0.00172476
-0.035801 -3.77104e-05 0.935831

  PointToIndexMatrix: 
-1.66294 -0.0501734 -0.0994469
0.0321708 -1.06618 -4.29057e-05
-0.0636157 -0.00196239 1.06476

  Inverse Direction: 
-0.997764 -0.0301041 -0.0596682
0.0301602 -0.999545 -4.02243e-05
-0.0596399 -0.00183974 0.998218

  PixelContainer: 
    ImportImageContainer (0x4d82440)
      RTTI typeinfo:   itk::ImportImageContainer<unsigned long, double>
      Reference Count: 1
      Modified Time: 1476
      Debug: Off
      Object Name: 
      Observers: 
        none
      Pointer: 0x14f5985c5010
      Container manages memory: true
      Size: 19922944
      Capacity: 19922944

     Moving image = Image (0x4d83210)
  RTTI typeinfo:   itk::Image<double, 3u>
  Reference Count: 2
  Modified Time: 1697
  Debug: Off
  Object Name: 
  Observers: 
    none
  Source: (none)
  Source output name: (none)
  Release Data: Off
  Data Released: False
  Global Release Data: Off
  PipelineMTime: 0
  UpdateMTime: 1694
  RealTimeStamp: 0 seconds 
  LargestPossibleRegion: 
    Dimension: 3
    Index: [0, 0, 0]
    Size: [256, 440, 256]
  BufferedRegion: 
    Dimension: 3
    Index: [0, 0, 0]
    Size: [256, 440, 256]
  RequestedRegion: 
    Dimension: 3
    Index: [0, 0, 0]
    Size: [256, 440, 256]
  Spacing: [0.7031, 0.5, 0.7031]
  Origin: [83.5844, 59.822, -106.951]
  Direction: 
-1 0 0
0 -1 0
0 0 1

  IndexToPointMatrix: 
-0.7031 0 0
0 -0.5 0
0 0 0.7031

  PointToIndexMatrix: 
-1.42227 0 0
0 -2 0
0 0 1.42227

  Inverse Direction: 
-1 0 0
0 -1 0
0 0 1

  PixelContainer: 
    ImportImageContainer (0x4d834a0)
      RTTI typeinfo:   itk::ImportImageContainer<unsigned long, double>
      Reference Count: 1
      Modified Time: 1691
      Debug: Off
      Object Name: 
      Observers: 
        none
      Pointer: 0x14f58a9c4010
      Container manages memory: true
      Size: 28835840
      Capacity: 28835840

     Weighting = 1
     Sampling strategy = regular
     Number of bins = 32
     Radius = 4
     Sampling percentage  = 0.25
   Transform = Rigid
     Gradient step = 0.1
     Update field sigma (voxel space) = 0
     Total field sigma (voxel space) = 0
     Update field time sigma = 0
     Total field time sigma  = 0
     Number of time indices = 0
     Number of time point samples = 0
Stage 2 State
   Image metric = Mattes
     Fixed image = Image (0x4d95980)
  RTTI typeinfo:   itk::Image<double, 3u>
  Reference Count: 2
  Modified Time: 2128
  Debug: Off
  Object Name: 
  Observers: 
    none
  Source: (none)
  Source output name: (none)
  Release Data: Off
  Data Released: False
  Global Release Data: Off
  PipelineMTime: 0
  UpdateMTime: 1911
  RealTimeStamp: 0 seconds 
  LargestPossibleRegion: 
    Dimension: 3
    Index: [0, 0, 0]
    Size: [304, 256, 256]
  BufferedRegion: 
    Dimension: 3
    Index: [0, 0, 0]
    Size: [304, 256, 256]
  RequestedRegion: 
    Dimension: 3
    Index: [0, 0, 0]
    Size: [304, 256, 256]
  Spacing: [0.600001, 0.937505, 0.937502]
  Origin: [94.5062, 121.973, -113.404]
  Direction: 
-0.997764 0.0301602 -0.0596399
-0.0301041 -0.999545 -0.00183974
-0.0596682 -4.02242e-05 0.998218

  IndexToPointMatrix: 
-0.598659 0.0282754 -0.0559125
-0.0180625 -0.937078 -0.00172476
-0.035801 -3.77104e-05 0.935831

  PointToIndexMatrix: 
-1.66294 -0.0501734 -0.0994469
0.0321708 -1.06618 -4.29057e-05
-0.0636157 -0.00196239 1.06476

  Inverse Direction: 
-0.997764 -0.0301041 -0.0596682
0.0301602 -0.999545 -4.02243e-05
-0.0596399 -0.00183974 0.998218

  PixelContainer: 
    ImportImageContainer (0x4d81240)
      RTTI typeinfo:   itk::ImportImageContainer<unsigned long, double>
      Reference Count: 1
      Modified Time: 1908
      Debug: Off
      Object Name: 
      Observers: 
        none
      Pointer: 0x14f5811c3010
      Container manages memory: true
      Size: 19922944
      Capacity: 19922944

     Moving image = Image (0x4d97410)
  RTTI typeinfo:   itk::Image<double, 3u>
  Reference Count: 2
  Modified Time: 2129
  Debug: Off
  Object Name: 
  Observers: 
    none
  Source: (none)
  Source output name: (none)
  Release Data: Off
  Data Released: False
  Global Release Data: Off
  PipelineMTime: 0
  UpdateMTime: 2126
  RealTimeStamp: 0 seconds 
  LargestPossibleRegion: 
    Dimension: 3
    Index: [0, 0, 0]
    Size: [256, 440, 256]
  BufferedRegion: 
    Dimension: 3
    Index: [0, 0, 0]
    Size: [256, 440, 256]
  RequestedRegion: 
    Dimension: 3
    Index: [0, 0, 0]
    Size: [256, 440, 256]
  Spacing: [0.7031, 0.5, 0.7031]
  Origin: [83.5844, 59.822, -106.951]
  Direction: 
-1 0 0
0 -1 0
0 0 1

  IndexToPointMatrix: 
-0.7031 0 0
0 -0.5 0
0 0 0.7031

  PointToIndexMatrix: 
-1.42227 0 0
0 -2 0
0 0 1.42227

  Inverse Direction: 
-1 0 0
0 -1 0
0 0 1

  PixelContainer: 
    ImportImageContainer (0x4d87d50)
      RTTI typeinfo:   itk::ImportImageContainer<unsigned long, double>
      Reference Count: 1
      Modified Time: 2123
      Debug: Off
      Object Name: 
      Observers: 
        none
      Pointer: 0x14f5735c2010
      Container manages memory: true
      Size: 28835840
      Capacity: 28835840

     Weighting = 1
     Sampling strategy = regular
     Number of bins = 32
     Radius = 4
     Sampling percentage  = 0.25
   Transform = Affine
     Gradient step = 0.1
     Update field sigma (voxel space) = 0
     Total field sigma (voxel space) = 0
     Update field time sigma = 0
     Total field time sigma  = 0
     Number of time indices = 0
     Number of time point samples = 0
Registration using 2 total stages.

Stage 0
  iterations = 1000x500x250x100
  convergence threshold = 5e-07
  convergence window size = 10
  number of levels = 4
  using the Mattes MI metric (number of bins = 32, weight = 1)
  Shrink factors (level 1 out of 4): [8, 5, 5]
  Shrink factors (level 2 out of 4): [4, 3, 3]
  Shrink factors (level 3 out of 4): [2, 1, 1]
  Shrink factors (level 4 out of 4): [1, 1, 1]
  smoothing sigmas per level: [3, 2, 1, 0]
  regular sampling (percentage = 0.25)

*** Running Euler3DTransform registration ***

DIAGNOSTIC,Iteration,metricValue,convergenceValue,ITERATION_TIME_INDEX,SINCE_LAST
 2DIAGNOSTIC,     1, -3.009854856991e-01, 1.797693134862e+308, 3.9300e-01, 3.9300e-01, 
 2DIAGNOSTIC,     2, -3.018011775272e-01, 1.797693134862e+308, 3.9945e-01, 6.4559e-03, 
 2DIAGNOSTIC,     3, -3.026722374657e-01, 1.797693134862e+308, 4.0487e-01, 5.4159e-03, 
 2DIAGNOSTIC,     4, -3.040789843554e-01, 1.797693134862e+308, 4.1042e-01, 5.5530e-03, 
 2DIAGNOSTIC,     5, -3.079109391066e-01, 1.797693134862e+308, 4.1684e-01, 6.4211e-03, 
 2DIAGNOSTIC,     6, -3.151173890681e-01, 1.797693134862e+308, 4.2264e-01, 5.7969e-03, 
 2DIAGNOSTIC,     7, -3.271269425082e-01, 1.797693134862e+308, 4.2821e-01, 5.5699e-03, 
 2DIAGNOSTIC,     8, -3.543395497888e-01, 1.797693134862e+308, 4.3378e-01, 5.5668e-03, 
 2DIAGNOSTIC,     9, -3.752572966591e-01, 1.797693134862e+308, 4.4012e-01, 6.3429e-03, 
 2DIAGNOSTIC,    10, -4.642124810840e-01, 2.336213018716e-02, 4.5227e-01, 1.2148e-02, 
 2DIAGNOSTIC,    11, -4.678945997960e-01, 2.832739581142e-02, 4.5815e-01, 5.8858e-03, 
 2DIAGNOSTIC,    12, -4.817852065242e-01, 3.068435339859e-02, 4.6383e-01, 5.6779e-03, 
 2DIAGNOSTIC,    13, -4.902614678003e-01, 3.040696125420e-02, 4.6957e-01, 5.7380e-03, 
 2DIAGNOSTIC,    14, -4.930456612836e-01, 2.765986381175e-02, 4.7759e-01, 8.0171e-03, 
 2DIAGNOSTIC,    15, -4.929999647721e-01, 2.304606000651e-02, 4.8539e-01, 7.8001e-03, 
 2DIAGNOSTIC,    16, -4.930149150549e-01, 1.741006605772e-02, 4.9432e-01, 8.9369e-03, 
 2DIAGNOSTIC,    17, -4.930352893030e-01, 1.155102545076e-02, 5.0063e-01, 6.3019e-03, 
 2DIAGNOSTIC,    18, -4.928647623291e-01, 6.506773034968e-03, 5.0607e-01, 5.4400e-03, 
 2DIAGNOSTIC,    19, -4.928206645654e-01, 2.187278678508e-03, 5.1127e-01, 5.2052e-03, 
 2DIAGNOSTIC,    20, -4.926743105073e-01, 1.251463736403e-03, 5.1813e-01, 6.8588e-03, 
 2DIAGNOSTIC,    21, -4.927260986227e-01, 4.191916113758e-04, 5.2316e-01, 5.0349e-03, 
 2DIAGNOSTIC,    22, -4.927812369382e-01, 5.999394863641e-05, 5.3041e-01, 7.2491e-03, 
DIAGNOSTIC,Iteration,metricValue,convergenceValue,ITERATION_TIME_INDEX,SINCE_LAST
 2DIAGNOSTIC,     1, -4.255491741474e-01, 1.797693134862e+308, 9.7990e-01, 4.4948e-01, 
 2DIAGNOSTIC,     2, -4.256088454199e-01, 1.797693134862e+308, 1.0075e+00, 2.7607e-02, 
 2DIAGNOSTIC,     3, -4.258756219036e-01, 1.797693134862e+308, 1.0341e+00, 2.6570e-02, 
 2DIAGNOSTIC,     4, -4.261645164914e-01, 1.797693134862e+308, 1.0600e+00, 2.5937e-02, 
 2DIAGNOSTIC,     5, -4.273742223897e-01, 1.797693134862e+308, 1.1182e+00, 5.8145e-02, 
 2DIAGNOSTIC,     6, -4.273589220622e-01, 1.797693134862e+308, 1.1537e+00, 3.5565e-02, 
 2DIAGNOSTIC,     7, -4.273514390737e-01, 1.797693134862e+308, 1.2004e+00, 4.6691e-02, 
 2DIAGNOSTIC,     8, -4.273540203148e-01, 1.797693134862e+308, 1.2318e+00, 3.1428e-02, 
 2DIAGNOSTIC,     9, -4.273457636434e-01, 1.797693134862e+308, 1.2618e+00, 2.9981e-02, 
 2DIAGNOSTIC,    10, -4.273461687918e-01, 3.297894514823e-04, 1.2920e+00, 3.0195e-02, 
 2DIAGNOSTIC,    11, -4.273424700601e-01, 2.351887800102e-04, 1.3182e+00, 2.6231e-02, 
 2DIAGNOSTIC,    12, -4.273277287761e-01, 1.389130174372e-04, 1.3523e+00, 3.4095e-02, 
 2DIAGNOSTIC,    13, -4.273280457918e-01, 5.917254853581e-05, 1.3823e+00, 2.9971e-02, 
DIAGNOSTIC,Iteration,metricValue,convergenceValue,ITERATION_TIME_INDEX,SINCE_LAST
 2DIAGNOSTIC,     1, -3.463985072472e-01, 1.797693134862e+308, 2.8496e+00, 1.4673e+00, 
 2DIAGNOSTIC,     2, -3.465723869912e-01, 1.797693134862e+308, 3.2105e+00, 3.6092e-01, 
 2DIAGNOSTIC,     3, -3.467572397927e-01, 1.797693134862e+308, 3.5776e+00, 3.6715e-01, 
 2DIAGNOSTIC,     4, -3.470191853176e-01, 1.797693134862e+308, 3.9342e+00, 3.5657e-01, 
 2DIAGNOSTIC,     5, -3.473521662194e-01, 1.797693134862e+308, 4.2997e+00, 3.6547e-01, 
 2DIAGNOSTIC,     6, -3.479868932456e-01, 1.797693134862e+308, 5.1131e+00, 8.1343e-01, 
 2DIAGNOSTIC,     7, -3.479834698859e-01, 1.797693134862e+308, 5.5834e+00, 4.7028e-01, 
 2DIAGNOSTIC,     8, -3.479813599891e-01, 1.797693134862e+308, 5.9993e+00, 4.1596e-01, 
 2DIAGNOSTIC,     9, -3.479801835771e-01, 1.797693134862e+308, 6.5222e+00, 5.2286e-01, 
 2DIAGNOSTIC,    10, -3.479789225310e-01, 3.488156400062e-04, 6.9188e+00, 3.9657e-01, 
 2DIAGNOSTIC,    11, -3.479781873522e-01, 2.587693564813e-04, 7.3598e+00, 4.4106e-01, 
 2DIAGNOSTIC,    12, -3.479772283354e-01, 1.726625481465e-04, 7.7506e+00, 3.9074e-01, 
 2DIAGNOSTIC,    13, -3.479773378317e-01, 9.654115949478e-05, 8.1719e+00, 4.2131e-01, 
 2DIAGNOSTIC,    14, -3.479765764316e-01, 3.790342899171e-05, 8.5945e+00, 4.2260e-01, 
 2DIAGNOSTIC,    15, -3.479770559399e-01, 1.022761986977e-06, 9.0157e+00, 4.2121e-01, 
 2DIAGNOSTIC,    16, -3.479780579496e-01, 1.346170360211e-06, 9.4338e+00, 4.1810e-01, 
 2DIAGNOSTIC,    17, -3.479760533967e-01, 1.430182025010e-06, 9.8030e+00, 3.6927e-01, 
 2DIAGNOSTIC,    18, -3.479778861356e-01, 1.537177930409e-06, 1.0220e+01, 4.1652e-01, 
 2DIAGNOSTIC,    19, -3.479791659549e-01, 1.657182211096e-06, 1.0642e+01, 4.2261e-01, 
 2DIAGNOSTIC,    20, -3.479781759768e-01, 1.673058943226e-06, 1.1108e+01, 4.6590e-01, 
 2DIAGNOSTIC,    21, -3.479781572956e-01, 1.653580882062e-06, 1.1525e+01, 4.1709e-01, 
 2DIAGNOSTIC,    22, -3.479780934894e-01, 1.586068750642e-06, 1.1937e+01, 4.1199e-01, 
 2DIAGNOSTIC,    23, -3.479776288670e-01, 1.498844922301e-06, 1.2356e+01, 4.1880e-01, 
 2DIAGNOSTIC,    24, -3.479777484095e-01, 1.384677627489e-06, 1.2782e+01, 4.2560e-01, 
 2DIAGNOSTIC,    25, -3.479775879924e-01, 1.283912402922e-06, 1.3253e+01, 4.7140e-01, 
 2DIAGNOSTIC,    26, -3.479773269514e-01, 1.216435161558e-06, 1.3677e+01, 4.2366e-01, 
 2DIAGNOSTIC,    27, -3.479772248526e-01, 1.089630588272e-06, 1.4148e+01, 4.7101e-01, 
 2DIAGNOSTIC,    28, -3.479771324654e-01, 1.029812324339e-06, 1.4569e+01, 4.2128e-01, 
 2DIAGNOSTIC,    29, -3.479771539785e-01, 1.021585293359e-06, 1.4938e+01, 3.6863e-01, 
 2DIAGNOSTIC,    30, -3.479766990341e-01, 9.815107478786e-07, 1.5310e+01, 3.7247e-01, 
 2DIAGNOSTIC,    31, -3.479768822695e-01, 9.562809854674e-07, 1.5678e+01, 3.6838e-01, 
 2DIAGNOSTIC,    32, -3.479771078249e-01, 9.435527799639e-07, 1.6095e+01, 4.1656e-01, 
 2DIAGNOSTIC,    33, -3.479764537479e-01, 9.082538697872e-07, 1.6467e+01, 3.7182e-01, 
 2DIAGNOSTIC,    34, -3.479768509255e-01, 8.934051628495e-07, 1.6886e+01, 4.1884e-01, 
 2DIAGNOSTIC,    35, -3.479755832326e-01, 8.500248593127e-07, 1.7253e+01, 3.6706e-01, 
 2DIAGNOSTIC,    36, -3.479760513731e-01, 8.200791047040e-07, 1.7672e+01, 4.1898e-01, 
 2DIAGNOSTIC,    37, -3.479768808512e-01, 8.132658413755e-07, 1.8039e+01, 3.6745e-01, 
 2DIAGNOSTIC,    38, -3.479763093012e-01, 7.962835609325e-07, 1.8406e+01, 3.6711e-01, 
 2DIAGNOSTIC,    39, -3.479762925831e-01, 7.853175823733e-07, 1.8822e+01, 4.1588e-01, 
 2DIAGNOSTIC,    40, -3.479768500877e-01, 7.801649380655e-07, 1.9292e+01, 4.6996e-01, 
 2DIAGNOSTIC,    41, -3.479766350672e-01, 7.753121736391e-07, 1.9714e+01, 4.2220e-01, 
 2DIAGNOSTIC,    42, -3.479759318324e-01, 7.615160388455e-07, 2.0082e+01, 3.6788e-01, 
 2DIAGNOSTIC,    43, -3.479747360782e-01, 7.131152146497e-07, 2.0499e+01, 4.1639e-01, 
 2DIAGNOSTIC,    44, -3.479752728895e-01, 6.882829728279e-07, 2.0920e+01, 4.2185e-01, 
 2DIAGNOSTIC,    45, -3.479753614199e-01, 6.453519771910e-07, 2.1290e+01, 3.6959e-01, 
 2DIAGNOSTIC,    46, -3.479746348336e-01, 6.048591961669e-07, 2.1707e+01, 4.1668e-01, 
 2DIAGNOSTIC,    47, -3.479763431451e-01, 6.197949171290e-07, 2.2120e+01, 4.1338e-01, 
 2DIAGNOSTIC,    48, -3.479764543723e-01, 6.312164206081e-07, 2.2539e+01, 4.1943e-01, 
 2DIAGNOSTIC,    49, -3.479755502320e-01, 6.293668625701e-07, 2.2909e+01, 3.6995e-01, 
 2DIAGNOSTIC,    50, -3.479754953904e-01, 6.382555860149e-07, 2.3435e+01, 5.2562e-01, 
 2DIAGNOSTIC,    51, -3.479763200488e-01, 6.565840576199e-07, 2.3841e+01, 4.0638e-01, 
 2DIAGNOSTIC,    52, -3.479760723402e-01, 6.557679555347e-07, 2.4252e+01, 4.1096e-01, 
 2DIAGNOSTIC,    53, -3.479757245816e-01, 6.267510388146e-07, 2.4670e+01, 4.1768e-01, 
 2DIAGNOSTIC,    54, -3.479759228308e-01, 6.081846319443e-07, 2.5037e+01, 3.6655e-01, 
 2DIAGNOSTIC,    55, -3.479770261966e-01, 6.066337863153e-07, 2.5392e+01, 3.5531e-01, 
 2DIAGNOSTIC,    56, -3.479774975061e-01, 5.971096019471e-07, 2.5792e+01, 4.0035e-01, 
 2DIAGNOSTIC,    57, -3.479774557843e-01, 6.088922251193e-07, 2.6368e+01, 5.7544e-01, 
 2DIAGNOSTIC,    58, -3.479775736201e-01, 6.196056969998e-07, 2.6772e+01, 4.0461e-01, 
 2DIAGNOSTIC,    59, -3.479775945266e-01, 6.109688954412e-07, 2.7194e+01, 4.2176e-01, 
 2DIAGNOSTIC,    60, -3.479769114999e-01, 5.849546574656e-07, 2.7605e+01, 4.1126e-01, 
 2DIAGNOSTIC,    61, -3.479760909471e-01, 5.548049201234e-07, 2.7994e+01, 3.8877e-01, 
 2DIAGNOSTIC,    62, -3.479761538411e-01, 5.205840673816e-07, 2.8434e+01, 4.4005e-01, 
DIAGNOSTIC,Iteration,metricValue,convergenceValue,ITERATION_TIME_INDEX,SINCE_LAST
 2DIAGNOSTIC,     1, -2.907473368538e-01, 1.797693134862e+308, 3.0906e+01, 2.4722e+00, 
 2DIAGNOSTIC,     2, -2.908481762831e-01, 1.797693134862e+308, 3.1549e+01, 6.4277e-01, 
 2DIAGNOSTIC,     3, -2.909281418215e-01, 1.797693134862e+308, 3.2195e+01, 6.4638e-01, 
 2DIAGNOSTIC,     4, -2.911527471083e-01, 1.797693134862e+308, 3.2837e+01, 6.4191e-01, 
 2DIAGNOSTIC,     5, -2.915269263445e-01, 1.797693134862e+308, 3.3485e+01, 6.4776e-01, 
 2DIAGNOSTIC,     6, -2.916926769378e-01, 1.797693134862e+308, 3.4479e+01, 9.9415e-01, 
 2DIAGNOSTIC,     7, -2.917101828861e-01, 1.797693134862e+308, 3.5703e+01, 1.2233e+00, 
 2DIAGNOSTIC,     8, -2.917101718606e-01, 1.797693134862e+308, 3.6822e+01, 1.1196e+00, 
 2DIAGNOSTIC,     9, -2.917101963348e-01, 1.797693134862e+308, 3.7523e+01, 7.0038e-01, 
 2DIAGNOSTIC,    10, -2.917098022790e-01, 2.521303821247e-04, 3.8309e+01, 7.8651e-01, 
 2DIAGNOSTIC,    11, -2.917097604018e-01, 1.823769633952e-04, 3.8993e+01, 6.8405e-01, 
 2DIAGNOSTIC,    12, -2.917097136316e-01, 1.168147587004e-04, 3.9765e+01, 7.7141e-01, 
 2DIAGNOSTIC,    13, -2.917096609549e-01, 5.708812529197e-05, 4.0451e+01, 6.8655e-01, 
 2DIAGNOSTIC,    14, -2.917096152986e-01, 1.599065708843e-05, 4.1051e+01, 5.9958e-01, 
 2DIAGNOSTIC,    15, -2.917096229288e-01, 3.153183645674e-06, 4.1648e+01, 5.9717e-01, 
 2DIAGNOSTIC,    16, -2.917096358458e-01, 1.897642106674e-06, 4.2258e+01, 6.0986e-01, 
 2DIAGNOSTIC,    17, -2.917095244442e-01, 1.795626766922e-06, 4.2987e+01, 7.2901e-01, 
 2DIAGNOSTIC,    18, -2.917094441592e-01, 1.707026508771e-06, 4.3715e+01, 7.2825e-01, 
 2DIAGNOSTIC,    19, -2.917095140085e-01, 1.638902935377e-06, 4.4458e+01, 7.4289e-01, 
 2DIAGNOSTIC,    20, -2.917095845709e-01, 1.564958216599e-06, 4.5106e+01, 6.4785e-01, 
 2DIAGNOSTIC,    21, -2.917095526592e-01, 1.496989692575e-06, 4.5846e+01, 7.4043e-01, 
 2DIAGNOSTIC,    22, -2.917094721794e-01, 1.431572843401e-06, 4.6590e+01, 7.4357e-01, 
 2DIAGNOSTIC,    23, -2.917092395971e-01, 1.361432045169e-06, 4.7329e+01, 7.3967e-01, 
 2DIAGNOSTIC,    24, -2.917093152070e-01, 1.300532794492e-06, 4.7961e+01, 6.3158e-01, 
 2DIAGNOSTIC,    25, -2.917092754107e-01, 1.245235144463e-06, 4.8665e+01, 7.0360e-01, 
 2DIAGNOSTIC,    26, -2.917092163280e-01, 1.195154561956e-06, 4.9387e+01, 7.2256e-01, 
 2DIAGNOSTIC,    27, -2.917093970602e-01, 1.154332945792e-06, 5.0105e+01, 7.1779e-01, 
 2DIAGNOSTIC,    28, -2.917087025208e-01, 1.091602454067e-06, 5.0912e+01, 8.0671e-01, 
 2DIAGNOSTIC,    29, -2.917087123727e-01, 1.040696876939e-06, 5.1636e+01, 7.2472e-01, 
 2DIAGNOSTIC,    30, -2.917086698772e-01, 9.991623980618e-07, 5.2269e+01, 6.3255e-01, 
 2DIAGNOSTIC,    31, -2.917086257119e-01, 9.634689713753e-07, 5.2909e+01, 6.3991e-01, 
 2DIAGNOSTIC,    32, -2.917087090699e-01, 9.363004801061e-07, 5.3544e+01, 6.3571e-01, 
 2DIAGNOSTIC,    33, -2.917089084553e-01, 9.154221316601e-07, 5.4274e+01, 7.2945e-01, 
 2DIAGNOSTIC,    34, -2.917088328081e-01, 9.004252035996e-07, 5.5005e+01, 7.3067e-01, 
 2DIAGNOSTIC,    35, -2.917089156562e-01, 8.908360609287e-07, 5.5745e+01, 7.4056e-01, 
 2DIAGNOSTIC,    36, -2.917086755411e-01, 8.750744264346e-07, 5.6481e+01, 7.3591e-01, 
 2DIAGNOSTIC,    37, -2.917085783387e-01, 8.638361530117e-07, 5.7223e+01, 7.4150e-01, 
 2DIAGNOSTIC,    38, -2.917082722561e-01, 8.270668272227e-07, 5.7961e+01, 7.3822e-01, 
 2DIAGNOSTIC,    39, -2.917082374386e-01, 7.926884733438e-07, 5.8785e+01, 8.2378e-01, 
 2DIAGNOSTIC,    40, -2.917081349626e-01, 7.587343910792e-07, 5.9428e+01, 6.4316e-01, 
 2DIAGNOSTIC,    41, -2.917080290471e-01, 7.263854757862e-07, 6.0162e+01, 7.3424e-01, 
 2DIAGNOSTIC,    42, -2.917080951758e-01, 7.037815918376e-07, 6.0820e+01, 6.5758e-01, 
 2DIAGNOSTIC,    43, -2.917078537116e-01, 6.864178532032e-07, 6.1468e+01, 6.4884e-01, 
 2DIAGNOSTIC,    44, -2.917075134352e-01, 6.657774771386e-07, 6.2214e+01, 7.4552e-01, 
 2DIAGNOSTIC,    45, -2.917076450846e-01, 6.564215531968e-07, 6.2930e+01, 7.1629e-01, 
 2DIAGNOSTIC,    46, -2.917073052067e-01, 6.397908993185e-07, 6.3655e+01, 7.2486e-01, 
 2DIAGNOSTIC,    47, -2.917072933120e-01, 6.268365308100e-07, 6.4294e+01, 6.3871e-01, 
 2DIAGNOSTIC,    48, -2.917071209094e-01, 6.095403534030e-07, 6.5018e+01, 7.2444e-01, 
 2DIAGNOSTIC,    49, -2.917069567200e-01, 5.942635988611e-07, 6.5668e+01, 6.4959e-01, 
 2DIAGNOSTIC,    50, -2.917069866951e-01, 5.835154892192e-07, 6.6675e+01, 1.0073e+00, 
 2DIAGNOSTIC,    51, -2.917069969942e-01, 5.762228376914e-07, 6.7421e+01, 7.4623e-01, 
 2DIAGNOSTIC,    52, -2.917069017192e-01, 5.733188112381e-07, 6.8082e+01, 6.6068e-01, 
 2DIAGNOSTIC,    53, -2.917064775338e-01, 5.622180674486e-07, 6.8741e+01, 6.5893e-01, 
 2DIAGNOSTIC,    54, -2.917063923001e-01, 5.476222608332e-07, 6.9483e+01, 7.4233e-01, 
 2DIAGNOSTIC,    55, -2.917062363233e-01, 5.371656067073e-07, 7.0229e+01, 7.4560e-01, 
 2DIAGNOSTIC,    56, -2.917061964612e-01, 5.243071381812e-07, 7.0880e+01, 6.5149e-01, 
 2DIAGNOSTIC,    57, -2.917059093899e-01, 5.110786468372e-07, 7.1624e+01, 7.4359e-01, 
 2DIAGNOSTIC,    58, -2.917059300322e-01, 5.005908195743e-07, 7.2634e+01, 1.0097e+00, 
  Elapsed time (stage 0): 7.3117e+01


Stage 1
  iterations = 1000x500x250x100
  convergence threshold = 4.0000e-07
  convergence window size = 10
  number of levels = 4
  using the Mattes MI metric (number of bins = 32, weight = 1.0000e+00)
  Shrink factors (level 1 out of 4): [8, 5, 5]
  Shrink factors (level 2 out of 4): [4, 3, 3]
  Shrink factors (level 3 out of 4): [2, 1, 1]
  Shrink factors (level 4 out of 4): [1, 1, 1]
  smoothing sigmas per level: [3, 2, 1, 0]
  regular sampling (percentage = 2.5000e-01)

*** Running AffineTransform registration ***

DIAGNOSTIC,Iteration,metricValue,convergenceValue,ITERATION_TIME_INDEX,SINCE_LAST
 2DIAGNOSTIC,     1, -4.939027258484e-01, 1.797693134862e+308, 4.2285e-01, 4.2285e-01, 
 2DIAGNOSTIC,     2, -4.952968469908e-01, 1.797693134862e+308, 4.2919e-01, 6.3369e-03, 
 2DIAGNOSTIC,     3, -4.976632630953e-01, 1.797693134862e+308, 4.3586e-01, 6.6760e-03, 
 2DIAGNOSTIC,     4, -5.013742157968e-01, 1.797693134862e+308, 4.4221e-01, 6.3510e-03, 
 2DIAGNOSTIC,     5, -5.084156852823e-01, 1.797693134862e+308, 4.4873e-01, 6.5141e-03, 
 2DIAGNOSTIC,     6, -5.193411591199e-01, 1.797693134862e+308, 4.5517e-01, 6.4418e-03, 
 2DIAGNOSTIC,     7, -5.329058432584e-01, 1.797693134862e+308, 4.6266e-01, 7.4868e-03, 
 2DIAGNOSTIC,     8, -5.350829450744e-01, 1.797693134862e+308, 4.6955e-01, 6.8920e-03, 
 2DIAGNOSTIC,     9, -5.404623646974e-01, 1.797693134862e+308, 4.7880e-01, 9.2530e-03, 
 2DIAGNOSTIC,    10, -5.427096804167e-01, 7.211987536265e-03, 4.8608e-01, 7.2830e-03, 
 2DIAGNOSTIC,    11, -5.447108734142e-01, 6.516345033728e-03, 4.9509e-01, 9.0010e-03, 
 2DIAGNOSTIC,    12, -5.457012666595e-01, 5.461797188992e-03, 5.0494e-01, 9.8522e-03, 
 2DIAGNOSTIC,    13, -5.456898901855e-01, 4.187055742605e-03, 5.1179e-01, 6.8569e-03, 
 2DIAGNOSTIC,    14, -5.456273722678e-01, 2.867255180501e-03, 5.2127e-01, 9.4712e-03, 
 2DIAGNOSTIC,    15, -5.456836646000e-01, 1.718704670430e-03, 5.2875e-01, 7.4871e-03, 
 2DIAGNOSTIC,    16, -5.455869856325e-01, 9.153792444917e-04, 5.3559e-01, 6.8400e-03, 
 2DIAGNOSTIC,    17, -5.454122110044e-01, 5.497611336828e-04, 5.4354e-01, 7.9470e-03, 
 2DIAGNOSTIC,    18, -5.454758435103e-01, 2.395088418887e-04, 5.5048e-01, 6.9449e-03, 
 2DIAGNOSTIC,    19, -5.454230546701e-01, 9.028311013486e-05, 5.5818e-01, 7.6971e-03, 
 2DIAGNOSTIC,    20, -5.455005743815e-01, 9.124510252381e-06, 5.6489e-01, 6.7132e-03, 
DIAGNOSTIC,Iteration,metricValue,convergenceValue,ITERATION_TIME_INDEX,SINCE_LAST
 2DIAGNOSTIC,     1, -4.666174173888e-01, 1.797693134862e+308, 1.0686e+00, 5.0371e-01, 
 2DIAGNOSTIC,     2, -4.668945069791e-01, 1.797693134862e+308, 1.1050e+00, 3.6410e-02, 
 2DIAGNOSTIC,     3, -4.669637149350e-01, 1.797693134862e+308, 1.1423e+00, 3.7260e-02, 
 2DIAGNOSTIC,     4, -4.669595217752e-01, 1.797693134862e+308, 1.1796e+00, 3.7292e-02, 
 2DIAGNOSTIC,     5, -4.669300815132e-01, 1.797693134862e+308, 1.2208e+00, 4.1232e-02, 
 2DIAGNOSTIC,     6, -4.669272205770e-01, 1.797693134862e+308, 1.2618e+00, 4.1044e-02, 
 2DIAGNOSTIC,     7, -4.669219372797e-01, 1.797693134862e+308, 1.2984e+00, 3.6519e-02, 
 2DIAGNOSTIC,     8, -4.669181203820e-01, 1.797693134862e+308, 1.3333e+00, 3.4932e-02, 
 2DIAGNOSTIC,     9, -4.669066411497e-01, 1.797693134862e+308, 1.3651e+00, 3.1815e-02, 
 2DIAGNOSTIC,    10, -4.668994702370e-01, 1.795002607086e-05, 1.4022e+00, 3.7131e-02, 
DIAGNOSTIC,Iteration,metricValue,convergenceValue,ITERATION_TIME_INDEX,SINCE_LAST
 2DIAGNOSTIC,     1, -3.810993122159e-01, 1.797693134862e+308, 3.2657e+00, 1.8634e+00, 
 2DIAGNOSTIC,     2, -3.810929604949e-01, 1.797693134862e+308, 3.8149e+00, 5.4920e-01, 
 2DIAGNOSTIC,     3, -3.810917883723e-01, 1.797693134862e+308, 4.3629e+00, 5.4799e-01, 
 2DIAGNOSTIC,     4, -3.810861236612e-01, 1.797693134862e+308, 4.9107e+00, 5.4789e-01, 
 2DIAGNOSTIC,     5, -3.810861497342e-01, 1.797693134862e+308, 5.4001e+00, 4.8940e-01, 
 2DIAGNOSTIC,     6, -3.810850105424e-01, 1.797693134862e+308, 5.8321e+00, 4.3194e-01, 
 2DIAGNOSTIC,     7, -3.810854587097e-01, 1.797693134862e+308, 6.4948e+00, 6.6273e-01, 
 2DIAGNOSTIC,     8, -3.810856775508e-01, 1.797693134862e+308, 6.9217e+00, 4.2688e-01, 
 2DIAGNOSTIC,     9, -3.810857168454e-01, 1.797693134862e+308, 7.4159e+00, 4.9426e-01, 
 2DIAGNOSTIC,    10, -3.810848803420e-01, 1.275522785393e-06, 7.9610e+00, 5.4501e-01, 
 2DIAGNOSTIC,    11, -3.810848411052e-01, 1.902909135570e-06, 8.4512e+00, 4.9022e-01, 
 2DIAGNOSTIC,    12, -3.810847475973e-01, 2.110934045826e-06, 8.9396e+00, 4.8844e-01, 
 2DIAGNOSTIC,    13, -3.810842580087e-01, 2.247672708983e-06, 9.4327e+00, 4.9310e-01, 
 2DIAGNOSTIC,    14, -3.810837103814e-01, 2.052397547803e-06, 9.9260e+00, 4.9325e-01, 
 2DIAGNOSTIC,    15, -3.810838542364e-01, 1.914848222401e-06, 1.0474e+01, 5.4851e-01, 
 2DIAGNOSTIC,    16, -3.810838888451e-01, 1.760754174837e-06, 1.0963e+01, 4.8893e-01, 
 2DIAGNOSTIC,    17, -3.810838945029e-01, 1.664572750977e-06, 1.1382e+01, 4.1895e-01, 
 2DIAGNOSTIC,    18, -3.810838106724e-01, 1.603815467453e-06, 1.1800e+01, 4.1803e-01, 
 2DIAGNOSTIC,    19, -3.810842502968e-01, 1.584787987223e-06, 1.2282e+01, 4.8129e-01, 
 2DIAGNOSTIC,    20, -3.810843596264e-01, 1.548035909286e-06, 1.2703e+01, 4.2122e-01, 
 2DIAGNOSTIC,    21, -3.810841582095e-01, 1.509748642145e-06, 1.3182e+01, 4.7925e-01, 
 2DIAGNOSTIC,    22, -3.810844912582e-01, 1.484346372295e-06, 1.3607e+01, 4.2483e-01, 
 2DIAGNOSTIC,    23, -3.810836124962e-01, 1.413432976577e-06, 1.4092e+01, 4.8522e-01, 
 2DIAGNOSTIC,    24, -3.810828148079e-01, 1.304233077280e-06, 1.4571e+01, 4.7839e-01, 
 2DIAGNOSTIC,    25, -3.810827912887e-01, 1.209723756612e-06, 1.4995e+01, 4.2444e-01, 
 2DIAGNOSTIC,    26, -3.810828870824e-01, 1.131673072211e-06, 1.5478e+01, 4.8285e-01, 
 2DIAGNOSTIC,    27, -3.810822481484e-01, 1.050333854551e-06, 1.5965e+01, 4.8718e-01, 
 2DIAGNOSTIC,    28, -3.810808678671e-01, 9.484239352070e-07, 1.6449e+01, 4.8394e-01, 
 2DIAGNOSTIC,    29, -3.810810054433e-01, 8.873936966705e-07, 1.6872e+01, 4.2332e-01, 
 2DIAGNOSTIC,    30, -3.810816324315e-01, 8.677369404061e-07, 1.7358e+01, 4.8582e-01, 
 2DIAGNOSTIC,    31, -3.810814210084e-01, 8.559372494388e-07, 1.7786e+01, 4.2834e-01, 
 2DIAGNOSTIC,    32, -3.810812164233e-01, 8.650825904927e-07, 1.8562e+01, 7.7601e-01, 
 2DIAGNOSTIC,    33, -3.810812640061e-01, 8.685421358026e-07, 1.9051e+01, 4.8831e-01, 
 2DIAGNOSTIC,    34, -3.810813683383e-01, 8.653082524089e-07, 1.9539e+01, 4.8818e-01, 
 2DIAGNOSTIC,    35, -3.810806435027e-01, 8.519464860662e-07, 2.0027e+01, 4.8850e-01, 
 2DIAGNOSTIC,    36, -3.810807677278e-01, 8.498898440741e-07, 2.0512e+01, 4.8422e-01, 
 2DIAGNOSTIC,    37, -3.810803542790e-01, 8.308468153681e-07, 2.0999e+01, 4.8689e-01, 
 2DIAGNOSTIC,    38, -3.810804847071e-01, 7.910503920655e-07, 2.1478e+01, 4.7968e-01, 
 2DIAGNOSTIC,    39, -3.810804880147e-01, 7.598082083435e-07, 2.2084e+01, 6.0561e-01, 
 2DIAGNOSTIC,    40, -3.810805403333e-01, 7.483127871209e-07, 2.2572e+01, 4.8831e-01, 
 2DIAGNOSTIC,    41, -3.810795827726e-01, 7.207933888850e-07, 2.3057e+01, 4.8467e-01, 
 2DIAGNOSTIC,    42, -3.810795939159e-01, 6.967993875368e-07, 2.3543e+01, 4.8609e-01, 
 2DIAGNOSTIC,    43, -3.810787292370e-01, 6.651668508530e-07, 2.4023e+01, 4.8049e-01, 
 2DIAGNOSTIC,    44, -3.810787038359e-01, 6.438479972365e-07, 2.4448e+01, 4.2478e-01, 
 2DIAGNOSTIC,    45, -3.810788176421e-01, 6.206957165328e-07, 2.4928e+01, 4.7998e-01, 
 2DIAGNOSTIC,    46, -3.810789339313e-01, 6.108865058772e-07, 2.5413e+01, 4.8434e-01, 
 2DIAGNOSTIC,    47, -3.810789148599e-01, 6.023731762284e-07, 2.5899e+01, 4.8628e-01, 
 2DIAGNOSTIC,    48, -3.810786165080e-01, 5.987860993185e-07, 2.6384e+01, 4.8519e-01, 
 2DIAGNOSTIC,    49, -3.810785808051e-01, 6.009853525356e-07, 2.6868e+01, 4.8363e-01, 
 2DIAGNOSTIC,    50, -3.810785352373e-01, 6.079412726186e-07, 2.7300e+01, 4.3265e-01, 
