Running T1-THOMAS on sub-21
INFO:    Mounting image with FUSE.
Some packages in this Docker container are non-free
If you are considering commercial use of this container, please consult the relevant license:
https://fsl.fmrib.ox.ac.uk/fsl/fslwiki/Licence
THOMAS_HOME setting of /opt/thomas_new
Linux OS detected
File name OK
Running left and right thalamus MV big
All_Command_lines_OK
Using double precision for computations.
=============================================================================
The composite transform comprises the following transforms (in order): 
  1. Center of mass alignment using fixed image: sub-21_desc-preproc_T1w.nii.gz and moving image: /opt/thomas_new/origtemplate.nii.gz (type = Euler3DTransform)
=============================================================================
  number of levels = 4
  number of levels = 4
  fixed image: sub-21_desc-preproc_T1w.nii.gz
  moving image: /opt/thomas_new/origtemplate.nii.gz
  fixed image: sub-21_desc-preproc_T1w.nii.gz
  moving image: /opt/thomas_new/origtemplate.nii.gz
Dimension = 3
Number of stages = 2
Use Histogram Matching false
Winsorize image intensities false
Lower quantile = 0
Upper quantile = 1
Stage 1 State
   Image metric = Mattes
     Fixed image = Image (0x3da3960)
  RTTI typeinfo:   itk::Image<double, 3u>
  Reference Count: 2
  Modified Time: 1696
  Debug: Off
  Object Name: 
  Observers: 
    none
  Source: (none)
  Source output name: (none)
  Release Data: Off
  Data Released: False
  Global Release Data: Off
  PipelineMTime: 0
  UpdateMTime: 1479
  RealTimeStamp: 0 seconds 
  LargestPossibleRegion: 
    Dimension: 3
    Index: [0, 0, 0]
    Size: [176, 512, 512]
  BufferedRegion: 
    Dimension: 3
    Index: [0, 0, 0]
    Size: [176, 512, 512]
  RequestedRegion: 
    Dimension: 3
    Index: [0, 0, 0]
    Size: [176, 512, 512]
  Spacing: [1, 0.488281, 0.488281]
  Origin: [88.9908, 127.046, -121.204]
  Direction: 
-0.998939 0.0279216 -0.0366278
-0.0279028 -0.99961 -0.00102309
-0.0366421 1.21027e-08 0.999328

  IndexToPointMatrix: 
-0.998939 0.0136336 -0.0178847
-0.0279028 -0.488091 -0.000499557
-0.0366421 5.90951e-09 0.487953

  PointToIndexMatrix: 
-0.998939 -0.0279028 -0.0366421
0.0571834 -2.0472 2.47416e-08
-0.0750137 -0.00209529 2.04662

  Inverse Direction: 
-0.998939 -0.0279028 -0.0366421
0.0279216 -0.99961 1.20809e-08
-0.0366278 -0.00102309 0.999328

  PixelContainer: 
    ImportImageContainer (0x3d9c440)
      RTTI typeinfo:   itk::ImportImageContainer<unsigned long, double>
      Reference Count: 1
      Modified Time: 1476
      Debug: Off
      Object Name: 
      Observers: 
        none
      Pointer: 0x145e35144010
      Container manages memory: true
      Size: 46137344
      Capacity: 46137344

     Moving image = Image (0x3d9d210)
  RTTI typeinfo:   itk::Image<double, 3u>
  Reference Count: 2
  Modified Time: 1697
  Debug: Off
  Object Name: 
  Observers: 
    none
  Source: (none)
  Source output name: (none)
  Release Data: Off
  Data Released: False
  Global Release Data: Off
  PipelineMTime: 0
  UpdateMTime: 1694
  RealTimeStamp: 0 seconds 
  LargestPossibleRegion: 
    Dimension: 3
    Index: [0, 0, 0]
    Size: [256, 440, 256]
  BufferedRegion: 
    Dimension: 3
    Index: [0, 0, 0]
    Size: [256, 440, 256]
  RequestedRegion: 
    Dimension: 3
    Index: [0, 0, 0]
    Size: [256, 440, 256]
  Spacing: [0.7031, 0.5, 0.7031]
  Origin: [83.5844, 59.822, -106.951]
  Direction: 
-1 0 0
0 -1 0
0 0 1

  IndexToPointMatrix: 
-0.7031 0 0
0 -0.5 0
0 0 0.7031

  PointToIndexMatrix: 
-1.42227 0 0
0 -2 0
0 0 1.42227

  Inverse Direction: 
-1 0 0
0 -1 0
0 0 1

  PixelContainer: 
    ImportImageContainer (0x3d9d4a0)
      RTTI typeinfo:   itk::ImportImageContainer<unsigned long, double>
      Reference Count: 1
      Modified Time: 1691
      Debug: Off
      Object Name: 
      Observers: 
        none
      Pointer: 0x145e27543010
      Container manages memory: true
      Size: 28835840
      Capacity: 28835840

     Weighting = 1
     Sampling strategy = regular
     Number of bins = 32
     Radius = 4
     Sampling percentage  = 0.25
   Transform = Rigid
     Gradient step = 0.1
     Update field sigma (voxel space) = 0
     Total field sigma (voxel space) = 0
     Update field time sigma = 0
     Total field time sigma  = 0
     Number of time indices = 0
     Number of time point samples = 0
Stage 2 State
   Image metric = Mattes
     Fixed image = Image (0x3daf980)
  RTTI typeinfo:   itk::Image<double, 3u>
  Reference Count: 2
  Modified Time: 2128
  Debug: Off
  Object Name: 
  Observers: 
    none
  Source: (none)
  Source output name: (none)
  Release Data: Off
  Data Released: False
  Global Release Data: Off
  PipelineMTime: 0
  UpdateMTime: 1911
  RealTimeStamp: 0 seconds 
  LargestPossibleRegion: 
    Dimension: 3
    Index: [0, 0, 0]
    Size: [176, 512, 512]
  BufferedRegion: 
    Dimension: 3
    Index: [0, 0, 0]
    Size: [176, 512, 512]
  RequestedRegion: 
    Dimension: 3
    Index: [0, 0, 0]
    Size: [176, 512, 512]
  Spacing: [1, 0.488281, 0.488281]
  Origin: [88.9908, 127.046, -121.204]
  Direction: 
-0.998939 0.0279216 -0.0366278
-0.0279028 -0.99961 -0.00102309
-0.0366421 1.21027e-08 0.999328

  IndexToPointMatrix: 
-0.998939 0.0136336 -0.0178847
-0.0279028 -0.488091 -0.000499557
-0.0366421 5.90951e-09 0.487953

  PointToIndexMatrix: 
-0.998939 -0.0279028 -0.0366421
0.0571834 -2.0472 2.47416e-08
-0.0750137 -0.00209529 2.04662

  Inverse Direction: 
-0.998939 -0.0279028 -0.0366421
0.0279216 -0.99961 1.20809e-08
-0.0366278 -0.00102309 0.999328

  PixelContainer: 
    ImportImageContainer (0x3d9b240)
      RTTI typeinfo:   itk::ImportImageContainer<unsigned long, double>
      Reference Count: 1
      Modified Time: 1908
      Debug: Off
      Object Name: 
      Observers: 
        none
      Pointer: 0x145e11542010
      Container manages memory: true
      Size: 46137344
      Capacity: 46137344

     Moving image = Image (0x3db1410)
  RTTI typeinfo:   itk::Image<double, 3u>
  Reference Count: 2
  Modified Time: 2129
  Debug: Off
  Object Name: 
  Observers: 
    none
  Source: (none)
  Source output name: (none)
  Release Data: Off
  Data Released: False
  Global Release Data: Off
  PipelineMTime: 0
  UpdateMTime: 2126
  RealTimeStamp: 0 seconds 
  LargestPossibleRegion: 
    Dimension: 3
    Index: [0, 0, 0]
    Size: [256, 440, 256]
  BufferedRegion: 
    Dimension: 3
    Index: [0, 0, 0]
    Size: [256, 440, 256]
  RequestedRegion: 
    Dimension: 3
    Index: [0, 0, 0]
    Size: [256, 440, 256]
  Spacing: [0.7031, 0.5, 0.7031]
  Origin: [83.5844, 59.822, -106.951]
  Direction: 
-1 0 0
0 -1 0
0 0 1

  IndexToPointMatrix: 
-0.7031 0 0
0 -0.5 0
0 0 0.7031

  PointToIndexMatrix: 
-1.42227 0 0
0 -2 0
0 0 1.42227

  Inverse Direction: 
-1 0 0
0 -1 0
0 0 1

  PixelContainer: 
    ImportImageContainer (0x3da1d50)
      RTTI typeinfo:   itk::ImportImageContainer<unsigned long, double>
      Reference Count: 1
      Modified Time: 2123
      Debug: Off
      Object Name: 
      Observers: 
        none
      Pointer: 0x145e03941010
      Container manages memory: true
      Size: 28835840
      Capacity: 28835840

     Weighting = 1
     Sampling strategy = regular
     Number of bins = 32
     Radius = 4
     Sampling percentage  = 0.25
   Transform = Affine
     Gradient step = 0.1
     Update field sigma (voxel space) = 0
     Total field sigma (voxel space) = 0
     Update field time sigma = 0
     Total field time sigma  = 0
     Number of time indices = 0
     Number of time point samples = 0
Registration using 2 total stages.

Stage 0
  iterations = 1000x500x250x100
  convergence threshold = 5e-07
  convergence window size = 10
  number of levels = 4
  using the Mattes MI metric (number of bins = 32, weight = 1)
  Shrink factors (level 1 out of 4): [4, 8, 8]
  Shrink factors (level 2 out of 4): [2, 4, 4]
  Shrink factors (level 3 out of 4): [1, 2, 2]
  Shrink factors (level 4 out of 4): [1, 1, 1]
  smoothing sigmas per level: [3, 2, 1, 0]
  regular sampling (percentage = 0.25)

*** Running Euler3DTransform registration ***

DIAGNOSTIC,Iteration,metricValue,convergenceValue,ITERATION_TIME_INDEX,SINCE_LAST
 2DIAGNOSTIC,     1, -2.234169298164e-01, 1.797693134862e+308, 6.1058e-01, 6.1058e-01, 
 2DIAGNOSTIC,     2, -2.244796010248e-01, 1.797693134862e+308, 6.2165e-01, 1.1070e-02, 
 2DIAGNOSTIC,     3, -2.245963240177e-01, 1.797693134862e+308, 6.3116e-01, 9.5091e-03, 
 2DIAGNOSTIC,     4, -2.248126054602e-01, 1.797693134862e+308, 6.4012e-01, 8.9550e-03, 
 2DIAGNOSTIC,     5, -2.258946250322e-01, 1.797693134862e+308, 6.4961e-01, 9.4969e-03, 
 2DIAGNOSTIC,     6, -2.278020725074e-01, 1.797693134862e+308, 6.5934e-01, 9.7289e-03, 
 2DIAGNOSTIC,     7, -2.307440671911e-01, 1.797693134862e+308, 6.6894e-01, 9.5999e-03, 
 2DIAGNOSTIC,     8, -2.374814041607e-01, 1.797693134862e+308, 6.7869e-01, 9.7511e-03, 
 2DIAGNOSTIC,     9, -2.495152621302e-01, 1.797693134862e+308, 6.8816e-01, 9.4681e-03, 
 2DIAGNOSTIC,    10, -2.691565017241e-01, 9.696905314407e-03, 7.0061e-01, 1.2448e-02, 
 2DIAGNOSTIC,    11, -3.020645706737e-01, 1.504790315978e-02, 7.1026e-01, 9.6462e-03, 
 2DIAGNOSTIC,    12, -3.362853610710e-01, 2.108727526557e-02, 7.2010e-01, 9.8450e-03, 
 2DIAGNOSTIC,    13, -4.202120990352e-01, 3.045257181887e-02, 7.3308e-01, 1.2975e-02, 
 2DIAGNOSTIC,    14, -4.778594213344e-01, 3.870164988017e-02, 7.5656e-01, 2.3485e-02, 
 2DIAGNOSTIC,    15, -4.779006504101e-01, 4.181057217511e-02, 7.6612e-01, 9.5620e-03, 
 2DIAGNOSTIC,    16, -4.779552108329e-01, 4.082254371349e-02, 7.7713e-01, 1.1004e-02, 
 2DIAGNOSTIC,    17, -4.782030648243e-01, 3.655864734934e-02, 7.8740e-01, 1.0274e-02, 
 2DIAGNOSTIC,    18, -4.782384528015e-01, 2.998598956324e-02, 7.9838e-01, 1.0977e-02, 
 2DIAGNOSTIC,    19, -4.781913376187e-01, 2.221128065877e-02, 8.0931e-01, 1.0930e-02, 
 2DIAGNOSTIC,    20, -4.781842185809e-01, 1.437493029763e-02, 8.2020e-01, 1.0894e-02, 
 2DIAGNOSTIC,    21, -4.781099228469e-01, 7.594137019503e-03, 8.3239e-01, 1.2188e-02, 
 2DIAGNOSTIC,    22, -4.781506188946e-01, 2.160432438674e-03, 8.4308e-01, 1.0685e-02, 
 2DIAGNOSTIC,    23, -4.781157709783e-01, 2.155859221451e-05, 8.5251e-01, 9.4321e-03, 
 2DIAGNOSTIC,    24, -4.782731081756e-01, 1.537435938943e-05, 8.6173e-01, 9.2211e-03, 
 2DIAGNOSTIC,    25, -4.783442475286e-01, 1.201963207218e-05, 8.7131e-01, 9.5809e-03, 
 2DIAGNOSTIC,    26, -4.787589506210e-01, 2.170188604035e-05, 8.8374e-01, 1.2426e-02, 
 2DIAGNOSTIC,    27, -4.788028194419e-01, 3.651333795882e-05, 8.9784e-01, 1.4105e-02, 
 2DIAGNOSTIC,    28, -4.787717812785e-01, 4.696012618485e-05, 9.0870e-01, 1.0861e-02, 
 2DIAGNOSTIC,    29, -4.787713135559e-01, 5.115584179079e-05, 9.1954e-01, 1.0839e-02, 
 2DIAGNOSTIC,    30, -4.786461213879e-01, 4.705154765524e-05, 9.3055e-01, 1.1010e-02, 
 2DIAGNOSTIC,    31, -4.784295455793e-01, 3.201509551245e-05, 9.4019e-01, 9.6419e-03, 
 2DIAGNOSTIC,    32, -4.783782565248e-01, 1.514693721092e-05, 9.4984e-01, 9.6459e-03, 
DIAGNOSTIC,Iteration,metricValue,convergenceValue,ITERATION_TIME_INDEX,SINCE_LAST
 2DIAGNOSTIC,     1, -4.059134862276e-01, 1.797693134862e+308, 1.7312e+00, 7.8139e-01, 
 2DIAGNOSTIC,     2, -4.061611082824e-01, 1.797693134862e+308, 1.8023e+00, 7.1115e-02, 
 2DIAGNOSTIC,     3, -4.063217925897e-01, 1.797693134862e+308, 1.9037e+00, 1.0131e-01, 
 2DIAGNOSTIC,     4, -4.063011665160e-01, 1.797693134862e+308, 1.9915e+00, 8.7819e-02, 
 2DIAGNOSTIC,     5, -4.062850474182e-01, 1.797693134862e+308, 2.1103e+00, 1.1887e-01, 
 2DIAGNOSTIC,     6, -4.062838102166e-01, 1.797693134862e+308, 2.1892e+00, 7.8904e-02, 
 2DIAGNOSTIC,     7, -4.062821847912e-01, 1.797693134862e+308, 2.2673e+00, 7.8053e-02, 
 2DIAGNOSTIC,     8, -4.062753999718e-01, 1.797693134862e+308, 2.3444e+00, 7.7102e-02, 
 2DIAGNOSTIC,     9, -4.062604148510e-01, 1.797693134862e+308, 2.4221e+00, 7.7652e-02, 
 2DIAGNOSTIC,    10, -4.062634368510e-01, 3.081993747352e-05, 2.5000e+00, 7.7979e-02, 
 2DIAGNOSTIC,    11, -4.062608869567e-01, 3.872399637034e-06, 2.5790e+00, 7.8935e-02, 
DIAGNOSTIC,Iteration,metricValue,convergenceValue,ITERATION_TIME_INDEX,SINCE_LAST
 2DIAGNOSTIC,     1, -3.308457587057e-01, 1.797693134862e+308, 5.1707e+00, 2.5918e+00, 
 2DIAGNOSTIC,     2, -3.308448325245e-01, 1.797693134862e+308, 5.8437e+00, 6.7294e-01, 
 2DIAGNOSTIC,     3, -3.308438272916e-01, 1.797693134862e+308, 6.3782e+00, 5.3454e-01, 
 2DIAGNOSTIC,     4, -3.308431356084e-01, 1.797693134862e+308, 6.9796e+00, 6.0137e-01, 
 2DIAGNOSTIC,     5, -3.308426506108e-01, 1.797693134862e+308, 7.5114e+00, 5.3186e-01, 
 2DIAGNOSTIC,     6, -3.308429956275e-01, 1.797693134862e+308, 8.0424e+00, 5.3101e-01, 
 2DIAGNOSTIC,     7, -3.308424712443e-01, 1.797693134862e+308, 8.5634e+00, 5.2092e-01, 
 2DIAGNOSTIC,     8, -3.308422146753e-01, 1.797693134862e+308, 9.0319e+00, 4.6849e-01, 
 2DIAGNOSTIC,     9, -3.308424658598e-01, 1.797693134862e+308, 9.6964e+00, 6.6455e-01, 
 2DIAGNOSTIC,    10, -3.308425953124e-01, 2.612617357692e-06, 1.0223e+01, 5.2615e-01, 
 2DIAGNOSTIC,    11, -3.308426026796e-01, 2.574231571587e-06, 1.0769e+01, 5.4604e-01, 
 2DIAGNOSTIC,    12, -3.308417743071e-01, 2.447016905854e-06, 1.1297e+01, 5.2872e-01, 
 2DIAGNOSTIC,    13, -3.308419180435e-01, 2.304207055673e-06, 1.1835e+01, 5.3758e-01, 
 2DIAGNOSTIC,    14, -3.308418949535e-01, 2.150397484732e-06, 1.2291e+01, 4.5627e-01, 
 2DIAGNOSTIC,    15, -3.308419557867e-01, 2.001931789800e-06, 1.2751e+01, 4.5988e-01, 
 2DIAGNOSTIC,    16, -3.308419940868e-01, 1.904505457367e-06, 1.3283e+01, 5.3158e-01, 
 2DIAGNOSTIC,    17, -3.308415208746e-01, 1.777099947677e-06, 1.3815e+01, 5.3219e-01, 
 2DIAGNOSTIC,    18, -3.308415615402e-01, 1.662725155900e-06, 1.4355e+01, 5.3973e-01, 
 2DIAGNOSTIC,    19, -3.308414731686e-01, 1.576359831910e-06, 1.4813e+01, 4.5834e-01, 
 2DIAGNOSTIC,    20, -3.308417150247e-01, 1.523085372809e-06, 1.5336e+01, 5.2295e-01, 
 2DIAGNOSTIC,    21, -3.308421005648e-01, 1.498001203241e-06, 1.5784e+01, 4.4784e-01, 
 2DIAGNOSTIC,    22, -3.308420366696e-01, 1.441714635127e-06, 1.6442e+01, 6.5850e-01, 
 2DIAGNOSTIC,    23, -3.308420184733e-01, 1.395921035471e-06, 1.6975e+01, 5.3254e-01, 
 2DIAGNOSTIC,    24, -3.308419569777e-01, 1.349617429279e-06, 1.7499e+01, 5.2474e-01, 
 2DIAGNOSTIC,    25, -3.308417890486e-01, 1.300692782154e-06, 1.7963e+01, 4.6382e-01, 
 2DIAGNOSTIC,    26, -3.308420422706e-01, 1.262806154541e-06, 1.8497e+01, 5.3327e-01, 
 2DIAGNOSTIC,    27, -3.308408776840e-01, 1.171630122296e-06, 1.9055e+01, 5.5868e-01, 
 2DIAGNOSTIC,    28, -3.308406813924e-01, 1.084221884273e-06, 1.9591e+01, 5.3591e-01, 
 2DIAGNOSTIC,    29, -3.308405974261e-01, 1.002458879219e-06, 2.0053e+01, 4.6208e-01, 
 2DIAGNOSTIC,    30, -3.308406576489e-01, 9.428962504665e-07, 2.0514e+01, 4.6060e-01, 
 2DIAGNOSTIC,    31, -3.308407594775e-01, 9.116710419643e-07, 2.0981e+01, 4.6670e-01, 
 2DIAGNOSTIC,    32, -3.308409317359e-01, 8.964980874743e-07, 2.1450e+01, 4.6934e-01, 
 2DIAGNOSTIC,    33, -3.308403729414e-01, 8.767170965873e-07, 2.2177e+01, 7.2733e-01, 
 2DIAGNOSTIC,    34, -3.308404173376e-01, 8.662133982040e-07, 2.2688e+01, 5.1037e-01, 
 2DIAGNOSTIC,    35, -3.308404167843e-01, 8.580105020223e-07, 2.3220e+01, 5.3259e-01, 
 2DIAGNOSTIC,    36, -3.308403265908e-01, 8.594303260480e-07, 2.3674e+01, 4.5374e-01, 
 2DIAGNOSTIC,    37, -3.308395359914e-01, 8.178592760151e-07, 2.4132e+01, 4.5778e-01, 
 2DIAGNOSTIC,    38, -3.308396336153e-01, 7.810219965002e-07, 2.4597e+01, 4.6539e-01, 
 2DIAGNOSTIC,    39, -3.308397454550e-01, 7.518092528386e-07, 2.5130e+01, 5.3310e-01, 
 2DIAGNOSTIC,    40, -3.308399810626e-01, 7.359671082008e-07, 2.5589e+01, 4.5847e-01, 
 2DIAGNOSTIC,    41, -3.308382616281e-01, 6.924484103089e-07, 2.6129e+01, 5.4048e-01, 
 2DIAGNOSTIC,    42, -3.308384266542e-01, 6.675755836009e-07, 2.6646e+01, 5.1702e-01, 
 2DIAGNOSTIC,    43, -3.308380658038e-01, 6.335984392286e-07, 2.7098e+01, 4.5165e-01, 
 2DIAGNOSTIC,    44, -3.308369682698e-01, 5.901124703334e-07, 2.7630e+01, 5.3174e-01, 
 2DIAGNOSTIC,    45, -3.308372486215e-01, 5.671097674451e-07, 2.8202e+01, 5.7264e-01, 
 2DIAGNOSTIC,    46, -3.308372924653e-01, 5.581023550562e-07, 2.8730e+01, 5.2775e-01, 
 2DIAGNOSTIC,    47, -3.308361714812e-01, 5.271592841589e-07, 2.9185e+01, 4.5473e-01, 
 2DIAGNOSTIC,    48, -3.308358359698e-01, 5.079085835941e-07, 2.9710e+01, 5.2563e-01, 
 2DIAGNOSTIC,    49, -3.308355004253e-01, 5.001927046722e-07, 3.0196e+01, 4.8618e-01, 
 2DIAGNOSTIC,    50, -3.308348703111e-01, 5.008376430318e-07, 3.0692e+01, 4.9541e-01, 
