Running T1-THOMAS on sub-18
INFO:    Mounting image with FUSE.
Some packages in this Docker container are non-free
If you are considering commercial use of this container, please consult the relevant license:
https://fsl.fmrib.ox.ac.uk/fsl/fslwiki/Licence
THOMAS_HOME setting of /opt/thomas_new
Linux OS detected
File name OK
Running left and right thalamus MV big
All_Command_lines_OK
Using double precision for computations.
=============================================================================
The composite transform comprises the following transforms (in order): 
  1. Center of mass alignment using fixed image: sub-18_desc-preproc_T1w.nii.gz and moving image: /opt/thomas_new/origtemplate.nii.gz (type = Euler3DTransform)
=============================================================================
  number of levels = 4
  number of levels = 4
  fixed image: sub-18_desc-preproc_T1w.nii.gz
  moving image: /opt/thomas_new/origtemplate.nii.gz
  fixed image: sub-18_desc-preproc_T1w.nii.gz
  moving image: /opt/thomas_new/origtemplate.nii.gz
Dimension = 3
Number of stages = 2
Use Histogram Matching false
Winsorize image intensities false
Lower quantile = 0
Upper quantile = 1
Stage 1 State
   Image metric = Mattes
     Fixed image = Image (0x4b7b960)
  RTTI typeinfo:   itk::Image<double, 3u>
  Reference Count: 2
  Modified Time: 1696
  Debug: Off
  Object Name: 
  Observers: 
    none
  Source: (none)
  Source output name: (none)
  Release Data: Off
  Data Released: False
  Global Release Data: Off
  PipelineMTime: 0
  UpdateMTime: 1479
  RealTimeStamp: 0 seconds 
  LargestPossibleRegion: 
    Dimension: 3
    Index: [0, 0, 0]
    Size: [144, 256, 256]
  BufferedRegion: 
    Dimension: 3
    Index: [0, 0, 0]
    Size: [144, 256, 256]
  RequestedRegion: 
    Dimension: 3
    Index: [0, 0, 0]
    Size: [144, 256, 256]
  Spacing: [1, 0.976562, 0.976562]
  Origin: [75.9311, 126.332, -119.258]
  Direction: 
-0.997587 0.0296662 -0.0627629
-0.0296077 -0.99956 -0.00186279
-0.0627905 -3.68451e-08 0.998027

  IndexToPointMatrix: 
-0.997587 0.0289709 -0.0612919
-0.0296077 -0.976133 -0.00181914
-0.0627905 -3.59815e-08 0.974635

  PointToIndexMatrix: 
-0.997587 -0.0296077 -0.0627905
0.0303782 -1.02355 -3.77486e-08
-0.0642692 -0.0019075 1.02198

  Inverse Direction: 
-0.997587 -0.0296077 -0.0627905
0.0296662 -0.99956 -3.68639e-08
-0.0627629 -0.00186279 0.998027

  PixelContainer: 
    ImportImageContainer (0x4b74440)
      RTTI typeinfo:   itk::ImportImageContainer<unsigned long, double>
      Reference Count: 1
      Modified Time: 1476
      Debug: Off
      Object Name: 
      Observers: 
        none
      Pointer: 0x15056b06a010
      Container manages memory: true
      Size: 9437184
      Capacity: 9437184

     Moving image = Image (0x4b75210)
  RTTI typeinfo:   itk::Image<double, 3u>
  Reference Count: 2
  Modified Time: 1697
  Debug: Off
  Object Name: 
  Observers: 
    none
  Source: (none)
  Source output name: (none)
  Release Data: Off
  Data Released: False
  Global Release Data: Off
  PipelineMTime: 0
  UpdateMTime: 1694
  RealTimeStamp: 0 seconds 
  LargestPossibleRegion: 
    Dimension: 3
    Index: [0, 0, 0]
    Size: [256, 440, 256]
  BufferedRegion: 
    Dimension: 3
    Index: [0, 0, 0]
    Size: [256, 440, 256]
  RequestedRegion: 
    Dimension: 3
    Index: [0, 0, 0]
    Size: [256, 440, 256]
  Spacing: [0.7031, 0.5, 0.7031]
  Origin: [83.5844, 59.822, -106.951]
  Direction: 
-1 0 0
0 -1 0
0 0 1

  IndexToPointMatrix: 
-0.7031 0 0
0 -0.5 0
0 0 0.7031

  PointToIndexMatrix: 
-1.42227 0 0
0 -2 0
0 0 1.42227

  Inverse Direction: 
-1 0 0
0 -1 0
0 0 1

  PixelContainer: 
    ImportImageContainer (0x4b754a0)
      RTTI typeinfo:   itk::ImportImageContainer<unsigned long, double>
      Reference Count: 1
      Modified Time: 1691
      Debug: Off
      Object Name: 
      Observers: 
        none
      Pointer: 0x15055d469010
      Container manages memory: true
      Size: 28835840
      Capacity: 28835840

     Weighting = 1
     Sampling strategy = regular
     Number of bins = 32
     Radius = 4
     Sampling percentage  = 0.25
   Transform = Rigid
     Gradient step = 0.1
     Update field sigma (voxel space) = 0
     Total field sigma (voxel space) = 0
     Update field time sigma = 0
     Total field time sigma  = 0
     Number of time indices = 0
     Number of time point samples = 0
Stage 2 State
   Image metric = Mattes
     Fixed image = Image (0x4b87980)
  RTTI typeinfo:   itk::Image<double, 3u>
  Reference Count: 2
  Modified Time: 2128
  Debug: Off
  Object Name: 
  Observers: 
    none
  Source: (none)
  Source output name: (none)
  Release Data: Off
  Data Released: False
  Global Release Data: Off
  PipelineMTime: 0
  UpdateMTime: 1911
  RealTimeStamp: 0 seconds 
  LargestPossibleRegion: 
    Dimension: 3
    Index: [0, 0, 0]
    Size: [144, 256, 256]
  BufferedRegion: 
    Dimension: 3
    Index: [0, 0, 0]
    Size: [144, 256, 256]
  RequestedRegion: 
    Dimension: 3
    Index: [0, 0, 0]
    Size: [144, 256, 256]
  Spacing: [1, 0.976562, 0.976562]
  Origin: [75.9311, 126.332, -119.258]
  Direction: 
-0.997587 0.0296662 -0.0627629
-0.0296077 -0.99956 -0.00186279
-0.0627905 -3.68451e-08 0.998027

  IndexToPointMatrix: 
-0.997587 0.0289709 -0.0612919
-0.0296077 -0.976133 -0.00181914
-0.0627905 -3.59815e-08 0.974635

  PointToIndexMatrix: 
-0.997587 -0.0296077 -0.0627905
0.0303782 -1.02355 -3.77486e-08
-0.0642692 -0.0019075 1.02198

  Inverse Direction: 
-0.997587 -0.0296077 -0.0627905
0.0296662 -0.99956 -3.68639e-08
-0.0627629 -0.00186279 0.998027

  PixelContainer: 
    ImportImageContainer (0x4b73240)
      RTTI typeinfo:   itk::ImportImageContainer<unsigned long, double>
      Reference Count: 1
      Modified Time: 1908
      Debug: Off
      Object Name: 
      Observers: 
        none
      Pointer: 0x150558c68010
      Container manages memory: true
      Size: 9437184
      Capacity: 9437184

     Moving image = Image (0x4b89410)
  RTTI typeinfo:   itk::Image<double, 3u>
  Reference Count: 2
  Modified Time: 2129
  Debug: Off
  Object Name: 
  Observers: 
    none
  Source: (none)
  Source output name: (none)
  Release Data: Off
  Data Released: False
  Global Release Data: Off
  PipelineMTime: 0
  UpdateMTime: 2126
  RealTimeStamp: 0 seconds 
  LargestPossibleRegion: 
    Dimension: 3
    Index: [0, 0, 0]
    Size: [256, 440, 256]
  BufferedRegion: 
    Dimension: 3
    Index: [0, 0, 0]
    Size: [256, 440, 256]
  RequestedRegion: 
    Dimension: 3
    Index: [0, 0, 0]
    Size: [256, 440, 256]
  Spacing: [0.7031, 0.5, 0.7031]
  Origin: [83.5844, 59.822, -106.951]
  Direction: 
-1 0 0
0 -1 0
0 0 1

  IndexToPointMatrix: 
-0.7031 0 0
0 -0.5 0
0 0 0.7031

  PointToIndexMatrix: 
-1.42227 0 0
0 -2 0
0 0 1.42227

  Inverse Direction: 
-1 0 0
0 -1 0
0 0 1

  PixelContainer: 
    ImportImageContainer (0x4b79d50)
      RTTI typeinfo:   itk::ImportImageContainer<unsigned long, double>
      Reference Count: 1
      Modified Time: 2123
      Debug: Off
      Object Name: 
      Observers: 
        none
      Pointer: 0x15054b067010
      Container manages memory: true
      Size: 28835840
      Capacity: 28835840

     Weighting = 1
     Sampling strategy = regular
     Number of bins = 32
     Radius = 4
     Sampling percentage  = 0.25
   Transform = Affine
     Gradient step = 0.1
     Update field sigma (voxel space) = 0
     Total field sigma (voxel space) = 0
     Update field time sigma = 0
     Total field time sigma  = 0
     Number of time indices = 0
     Number of time point samples = 0
Registration using 2 total stages.

Stage 0
  iterations = 1000x500x250x100
  convergence threshold = 5e-07
  convergence window size = 10
  number of levels = 4
  using the Mattes MI metric (number of bins = 32, weight = 1)
  Shrink factors (level 1 out of 4): [8, 8, 8]
  Shrink factors (level 2 out of 4): [4, 4, 4]
  Shrink factors (level 3 out of 4): [2, 2, 2]
  Shrink factors (level 4 out of 4): [1, 1, 1]
  smoothing sigmas per level: [3, 2, 1, 0]
  regular sampling (percentage = 0.25)

*** Running Euler3DTransform registration ***

DIAGNOSTIC,Iteration,metricValue,convergenceValue,ITERATION_TIME_INDEX,SINCE_LAST
 2DIAGNOSTIC,     1, -3.486482949330e-01, 1.797693134862e+308, 3.1756e-01, 3.1756e-01, 
 2DIAGNOSTIC,     2, -3.498853124035e-01, 1.797693134862e+308, 3.2030e-01, 2.7399e-03, 
 2DIAGNOSTIC,     3, -3.509907731048e-01, 1.797693134862e+308, 3.2317e-01, 2.8710e-03, 
 2DIAGNOSTIC,     4, -3.540138038957e-01, 1.797693134862e+308, 3.2683e-01, 3.6590e-03, 
 2DIAGNOSTIC,     5, -3.594571809505e-01, 1.797693134862e+308, 3.2956e-01, 2.7339e-03, 
 2DIAGNOSTIC,     6, -3.623116217484e-01, 1.797693134862e+308, 3.3294e-01, 3.3801e-03, 
 2DIAGNOSTIC,     7, -3.690693940484e-01, 1.797693134862e+308, 3.3563e-01, 2.6910e-03, 
 2DIAGNOSTIC,     8, -3.801209639794e-01, 1.797693134862e+308, 3.3827e-01, 2.6350e-03, 
 2DIAGNOSTIC,     9, -4.155621400722e-01, 1.797693134862e+308, 3.4106e-01, 2.7909e-03, 
 2DIAGNOSTIC,    10, -4.401559110218e-01, 1.347624404163e-02, 3.4687e-01, 5.8100e-03, 
 2DIAGNOSTIC,    11, -4.693143221218e-01, 1.701013115245e-02, 3.5016e-01, 3.2871e-03, 
 2DIAGNOSTIC,    12, -4.944352256301e-01, 1.983298983930e-02, 3.5457e-01, 4.4119e-03, 
 2DIAGNOSTIC,    13, -5.112065454118e-01, 2.125783850408e-02, 3.6078e-01, 6.2110e-03, 
 2DIAGNOSTIC,    14, -5.117369724250e-01, 2.068733867027e-02, 3.6385e-01, 3.0670e-03, 
 2DIAGNOSTIC,    15, -5.119284975992e-01, 1.861548670050e-02, 3.6676e-01, 2.9161e-03, 
 2DIAGNOSTIC,    16, -5.123612750189e-01, 1.531834761627e-02, 3.6961e-01, 2.8479e-03, 
 2DIAGNOSTIC,    17, -5.147309944319e-01, 1.144519895961e-02, 3.7427e-01, 4.6589e-03, 
 2DIAGNOSTIC,    18, -5.146306690841e-01, 7.415668692464e-03, 3.7761e-01, 3.3422e-03, 
 2DIAGNOSTIC,    19, -5.147324465798e-01, 4.426542044046e-03, 3.8079e-01, 3.1819e-03, 
 2DIAGNOSTIC,    20, -5.149466680628e-01, 2.173282728387e-03, 3.8433e-01, 3.5400e-03, 
 2DIAGNOSTIC,    21, -5.148423938285e-01, 8.386884349686e-04, 3.8853e-01, 4.2000e-03, 
 2DIAGNOSTIC,    22, -5.149889236820e-01, 2.822487728454e-04, 3.9203e-01, 3.4981e-03, 
 2DIAGNOSTIC,    23, -5.150460694864e-01, 2.170357088953e-04, 3.9564e-01, 3.6080e-03, 
 2DIAGNOSTIC,    24, -5.149616955155e-01, 1.505146884045e-04, 3.9899e-01, 3.3550e-03, 
 2DIAGNOSTIC,    25, -5.148781075240e-01, 7.920900287930e-05, 4.0247e-01, 3.4790e-03, 
 2DIAGNOSTIC,    26, -5.144357102492e-01, 5.022927348254e-06, 4.0552e-01, 3.0499e-03, 
DIAGNOSTIC,Iteration,metricValue,convergenceValue,ITERATION_TIME_INDEX,SINCE_LAST
 2DIAGNOSTIC,     1, -4.072811343377e-01, 1.797693134862e+308, 7.3395e-01, 3.2842e-01, 
 2DIAGNOSTIC,     2, -4.081219985597e-01, 1.797693134862e+308, 7.4162e-01, 7.6771e-03, 
 2DIAGNOSTIC,     3, -4.095977416467e-01, 1.797693134862e+308, 7.4881e-01, 7.1862e-03, 
 2DIAGNOSTIC,     4, -4.111586809096e-01, 1.797693134862e+308, 7.5612e-01, 7.3161e-03, 
 2DIAGNOSTIC,     5, -4.137307415793e-01, 1.797693134862e+308, 7.6429e-01, 8.1699e-03, 
 2DIAGNOSTIC,     6, -4.143322818700e-01, 1.797693134862e+308, 7.7372e-01, 9.4280e-03, 
 2DIAGNOSTIC,     7, -4.148488118530e-01, 1.797693134862e+308, 7.8162e-01, 7.9010e-03, 
 2DIAGNOSTIC,     8, -4.148166270630e-01, 1.797693134862e+308, 7.8983e-01, 8.2071e-03, 
 2DIAGNOSTIC,     9, -4.149263513283e-01, 1.797693134862e+308, 7.9688e-01, 7.0469e-03, 
 2DIAGNOSTIC,    10, -4.153450673169e-01, 1.346618893432e-03, 8.0412e-01, 7.2381e-03, 
 2DIAGNOSTIC,    11, -4.162558213103e-01, 1.028993005213e-03, 8.1149e-01, 7.3779e-03, 
 2DIAGNOSTIC,    12, -4.171142974703e-01, 7.694142265332e-04, 8.2027e-01, 8.7800e-03, 
 2DIAGNOSTIC,    13, -4.201197023240e-01, 7.168407203979e-04, 8.3260e-01, 1.2326e-02, 
 2DIAGNOSTIC,    14, -4.205210350352e-01, 6.972282262440e-04, 8.4048e-01, 7.8840e-03, 
 2DIAGNOSTIC,    15, -4.221228093180e-01, 8.081770366692e-04, 8.4808e-01, 7.5939e-03, 
 2DIAGNOSTIC,    16, -4.266815558604e-01, 1.050164254514e-03, 8.5559e-01, 7.5140e-03, 
 2DIAGNOSTIC,    17, -4.295515316968e-01, 1.297143187143e-03, 8.6451e-01, 8.9149e-03, 
 2DIAGNOSTIC,    18, -4.299259874022e-01, 1.407796325932e-03, 8.7217e-01, 7.6630e-03, 
 2DIAGNOSTIC,    19, -4.329669463664e-01, 1.491754221287e-03, 8.8238e-01, 1.0214e-02, 
 2DIAGNOSTIC,    20, -4.377569806839e-01, 1.603077589477e-03, 8.9322e-01, 1.0840e-02, 
 2DIAGNOSTIC,    21, -4.378906360066e-01, 1.582653785946e-03, 9.0056e-01, 7.3378e-03, 
 2DIAGNOSTIC,    22, -4.393947903085e-01, 1.488577839987e-03, 9.0890e-01, 8.3420e-03, 
 2DIAGNOSTIC,    23, -4.401452754270e-01, 1.376821408041e-03, 9.1879e-01, 9.8860e-03, 
 2DIAGNOSTIC,    24, -4.401126610286e-01, 1.155974734755e-03, 9.2964e-01, 1.0851e-02, 
 2DIAGNOSTIC,    25, -4.401145589445e-01, 8.843897867366e-04, 9.3742e-01, 7.7751e-03, 
 2DIAGNOSTIC,    26, -4.401239318677e-01, 6.683563028096e-04, 9.4649e-01, 9.0771e-03, 
 2DIAGNOSTIC,    27, -4.400482792315e-01, 4.773628874523e-04, 9.5531e-01, 8.8220e-03, 
 2DIAGNOSTIC,    28, -4.400224753716e-01, 2.629496947450e-04, 9.6320e-01, 7.8831e-03, 
 2DIAGNOSTIC,    29, -4.400351317222e-01, 1.068837925942e-04, 9.7011e-01, 6.9141e-03, 
 2DIAGNOSTIC,    30, -4.400101285867e-01, 5.813988620142e-05, 9.7819e-01, 8.0750e-03, 
 2DIAGNOSTIC,    31, -4.400497917542e-01, 1.024292170911e-05, 9.8608e-01, 7.8950e-03, 
DIAGNOSTIC,Iteration,metricValue,convergenceValue,ITERATION_TIME_INDEX,SINCE_LAST
 2DIAGNOSTIC,     1, -3.388045588402e-01, 1.797693134862e+308, 1.4675e+00, 4.8143e-01, 
 2DIAGNOSTIC,     2, -3.390596306560e-01, 1.797693134862e+308, 1.5243e+00, 5.6825e-02, 
 2DIAGNOSTIC,     3, -3.391628156379e-01, 1.797693134862e+308, 1.5978e+00, 7.3426e-02, 
 2DIAGNOSTIC,     4, -3.391541043936e-01, 1.797693134862e+308, 1.6555e+00, 5.7723e-02, 
 2DIAGNOSTIC,     5, -3.391425584779e-01, 1.797693134862e+308, 1.7146e+00, 5.9098e-02, 
 2DIAGNOSTIC,     6, -3.391447297654e-01, 1.797693134862e+308, 1.7710e+00, 5.6384e-02, 
 2DIAGNOSTIC,     7, -3.391408218911e-01, 1.797693134862e+308, 1.8195e+00, 4.8584e-02, 
 2DIAGNOSTIC,     8, -3.391374612571e-01, 1.797693134862e+308, 1.8808e+00, 6.1266e-02, 
 2DIAGNOSTIC,     9, -3.391473059977e-01, 1.797693134862e+308, 1.9365e+00, 5.5642e-02, 
 2DIAGNOSTIC,    10, -3.391650783209e-01, 3.783390569510e-05, 1.9864e+00, 4.9937e-02, 
 2DIAGNOSTIC,    11, -3.391784136321e-01, 1.149858610787e-05, 2.0363e+00, 4.9918e-02, 
 2DIAGNOSTIC,    12, -3.392051923808e-01, 8.243349076689e-06, 2.1037e+00, 6.7413e-02, 
 2DIAGNOSTIC,    13, -3.392308752042e-01, 1.328293730721e-05, 2.1618e+00, 5.8028e-02, 
 2DIAGNOSTIC,    14, -3.392160857398e-01, 1.520429988711e-05, 2.2276e+00, 6.5855e-02, 
 2DIAGNOSTIC,    15, -3.392137072591e-01, 1.494543030829e-05, 2.2992e+00, 7.1639e-02, 
 2DIAGNOSTIC,    16, -3.392068649515e-01, 1.330606377889e-05, 2.3580e+00, 5.8736e-02, 
 2DIAGNOSTIC,    17, -3.392001566844e-01, 1.028614408354e-05, 2.4136e+00, 5.5629e-02, 
 2DIAGNOSTIC,    18, -3.392000356056e-01, 6.650369428145e-06, 2.4773e+00, 6.3715e-02, 
 2DIAGNOSTIC,    19, -3.391996962742e-01, 3.366803561715e-06, 2.5478e+00, 7.0496e-02, 
 2DIAGNOSTIC,    20, -3.391986804124e-01, 9.723823134605e-07, 2.6030e+00, 5.5139e-02, 
DIAGNOSTIC,Iteration,metricValue,convergenceValue,ITERATION_TIME_INDEX,SINCE_LAST
 2DIAGNOSTIC,     1, -2.709244566448e-01, 1.797693134862e+308, 3.7116e+00, 1.1086e+00, 
 2DIAGNOSTIC,     2, -2.709335342728e-01, 1.797693134862e+308, 4.1103e+00, 3.9870e-01, 
 2DIAGNOSTIC,     3, -2.709423202058e-01, 1.797693134862e+308, 4.4847e+00, 3.7444e-01, 
 2DIAGNOSTIC,     4, -2.709408266817e-01, 1.797693134862e+308, 4.8554e+00, 3.7068e-01, 
 2DIAGNOSTIC,     5, -2.709377569029e-01, 1.797693134862e+308, 5.3085e+00, 4.5313e-01, 
 2DIAGNOSTIC,     6, -2.709381163918e-01, 1.797693134862e+308, 5.6375e+00, 3.2894e-01, 
 2DIAGNOSTIC,     7, -2.709378417598e-01, 1.797693134862e+308, 6.0107e+00, 3.7321e-01, 
 2DIAGNOSTIC,     8, -2.709371367215e-01, 1.797693134862e+308, 6.3411e+00, 3.3045e-01, 
 2DIAGNOSTIC,     9, -2.709360631876e-01, 1.797693134862e+308, 6.6806e+00, 3.3945e-01, 
 2DIAGNOSTIC,    10, -2.709360767076e-01, 4.109906511396e-06, 7.0145e+00, 3.3389e-01, 
 2DIAGNOSTIC,    11, -2.709360577080e-01, 2.261416354205e-06, 7.3484e+00, 3.3397e-01, 
 2DIAGNOSTIC,    12, -2.709354601692e-01, 1.489902509949e-06, 7.6430e+00, 2.9456e-01, 
 2DIAGNOSTIC,    13, -2.709356993430e-01, 1.673845079916e-06, 7.9745e+00, 3.3151e-01, 
 2DIAGNOSTIC,    14, -2.709356008457e-01, 1.789502344113e-06, 8.3066e+00, 3.3203e-01, 
 2DIAGNOSTIC,    15, -2.709351340370e-01, 1.684709507344e-06, 8.5943e+00, 2.8777e-01, 
 2DIAGNOSTIC,    16, -2.709350635537e-01, 1.651970168728e-06, 8.9317e+00, 3.3736e-01, 
 2DIAGNOSTIC,    17, -2.709349781036e-01, 1.632521142297e-06, 9.2700e+00, 3.3833e-01, 
 2DIAGNOSTIC,    18, -2.709350730125e-01, 1.603075123889e-06, 9.6096e+00, 3.3959e-01, 
 2DIAGNOSTIC,    19, -2.709349021095e-01, 1.522530439502e-06, 9.9051e+00, 2.9549e-01, 
 2DIAGNOSTIC,    20, -2.709347796244e-01, 1.458963968651e-06, 1.0282e+01, 3.7694e-01, 
 2DIAGNOSTIC,    21, -2.709348209897e-01, 1.416053667658e-06, 1.0613e+01, 3.3081e-01, 
 2DIAGNOSTIC,    22, -2.709343019114e-01, 1.332076781338e-06, 1.0908e+01, 2.9530e-01, 
 2DIAGNOSTIC,    23, -2.709341397708e-01, 1.269964850184e-06, 1.1203e+01, 2.9473e-01, 
 2DIAGNOSTIC,    24, -2.709343483617e-01, 1.229016018060e-06, 1.1535e+01, 3.3176e-01, 
 2DIAGNOSTIC,    25, -2.709347452731e-01, 1.196987229758e-06, 1.1912e+01, 3.7688e-01, 
 2DIAGNOSTIC,    26, -2.709343830609e-01, 1.156696110081e-06, 1.2250e+01, 3.3810e-01, 
 2DIAGNOSTIC,    27, -2.709339868999e-01, 1.107781434410e-06, 1.2544e+01, 2.9430e-01, 
 2DIAGNOSTIC,    28, -2.709335350388e-01, 1.056427930989e-06, 1.2886e+01, 3.4169e-01, 
 2DIAGNOSTIC,    29, -2.709336479483e-01, 1.013799804932e-06, 1.3224e+01, 3.3800e-01, 
 2DIAGNOSTIC,    30, -2.709326848022e-01, 9.428150889515e-07, 1.3515e+01, 2.9176e-01, 
 2DIAGNOSTIC,    31, -2.709325652320e-01, 8.863753754654e-07, 1.3814e+01, 2.9867e-01, 
 2DIAGNOSTIC,    32, -2.709324991113e-01, 8.280802638594e-07, 1.4149e+01, 3.3512e-01, 
 2DIAGNOSTIC,    33, -2.709326223324e-01, 7.873889052504e-07, 1.4437e+01, 2.8802e-01, 
 2DIAGNOSTIC,    34, -2.709324555149e-01, 7.663675047238e-07, 1.4764e+01, 3.2693e-01, 
 2DIAGNOSTIC,    35, -2.709326637864e-01, 7.813536763226e-07, 1.5088e+01, 3.2385e-01, 
 2DIAGNOSTIC,    36, -2.709325863715e-01, 7.950455291998e-07, 1.5417e+01, 3.2874e-01, 
 2DIAGNOSTIC,    37, -2.709319349530e-01, 7.867744968894e-07, 1.5742e+01, 3.2575e-01, 
 2DIAGNOSTIC,    38, -2.709317872723e-01, 7.694210910313e-07, 1.6079e+01, 3.3615e-01, 
 2DIAGNOSTIC,    39, -2.709316446837e-01, 7.591952581112e-07, 1.6371e+01, 2.9288e-01, 
 2DIAGNOSTIC,    40, -2.709318336229e-01, 7.343947325232e-07, 1.6749e+01, 3.7732e-01, 
 2DIAGNOSTIC,    41, -2.709319137234e-01, 7.154498171541e-07, 1.7043e+01, 2.9439e-01, 
 2DIAGNOSTIC,    42, -2.709312491009e-01, 6.851068917804e-07, 1.7386e+01, 3.4245e-01, 
 2DIAGNOSTIC,    43, -2.709311773488e-01, 6.651782380046e-07, 1.7726e+01, 3.4043e-01, 
 2DIAGNOSTIC,    44, -2.709315126279e-01, 6.568253924297e-07, 1.8070e+01, 3.4346e-01, 
 2DIAGNOSTIC,    45, -2.709312180961e-01, 6.524046040728e-07, 1.8410e+01, 3.4012e-01, 
 2DIAGNOSTIC,    46, -2.709313674544e-01, 6.556291569371e-07, 1.8710e+01, 2.9987e-01, 
 2DIAGNOSTIC,    47, -2.709311425338e-01, 6.429147130088e-07, 1.9049e+01, 3.3936e-01, 
 2DIAGNOSTIC,    48, -2.709309176159e-01, 6.261289766801e-07, 1.9387e+01, 3.3849e-01, 
 2DIAGNOSTIC,    49, -2.709308261156e-01, 6.082341015949e-07, 1.9722e+01, 3.3496e-01, 
 2DIAGNOSTIC,    50, -2.709306915242e-01, 5.958661313255e-07, 2.0065e+01, 3.4307e-01, 
 2DIAGNOSTIC,    51, -2.709308492820e-01, 5.931988181322e-07, 2.0365e+01, 2.9926e-01, 
 2DIAGNOSTIC,    52, -2.709310683213e-01, 5.845274768691e-07, 2.0699e+01, 3.3399e-01, 
 2DIAGNOSTIC,    53, -2.709312816459e-01, 5.813516283995e-07, 2.1038e+01, 3.3956e-01, 
 2DIAGNOSTIC,    54, -2.709299526096e-01, 5.609643372421e-07, 2.1385e+01, 3.4660e-01, 
 2DIAGNOSTIC,    55, -2.709296640328e-01, 5.335730061604e-07, 2.1682e+01, 2.9767e-01, 
 2DIAGNOSTIC,    56, -2.709296484505e-01, 5.138741583470e-07, 2.2020e+01, 3.3787e-01, 
  Elapsed time (stage 0): 2.2299e+01


Stage 1
  iterations = 1000x500x250x100
  convergence threshold = 4.0000e-07
  convergence window size = 10
  number of levels = 4
  using the Mattes MI metric (number of bins = 32, weight = 1.0000e+00)
  Shrink factors (level 1 out of 4): [8, 8, 8]
  Shrink factors (level 2 out of 4): [4, 4, 4]
  Shrink factors (level 3 out of 4): [2, 2, 2]
  Shrink factors (level 4 out of 4): [1, 1, 1]
  smoothing sigmas per level: [3, 2, 1, 0]
  regular sampling (percentage = 2.5000e-01)

*** Running AffineTransform registration ***

DIAGNOSTIC,Iteration,metricValue,convergenceValue,ITERATION_TIME_INDEX,SINCE_LAST
 2DIAGNOSTIC,     1, -5.582032001471e-01, 1.797693134862e+308, 3.3373e-01, 3.3372e-01, 
 2DIAGNOSTIC,     2, -5.604873625880e-01, 1.797693134862e+308, 3.3664e-01, 2.9130e-03, 
 2DIAGNOSTIC,     3, -5.626067280395e-01, 1.797693134862e+308, 3.3946e-01, 2.8169e-03, 
 2DIAGNOSTIC,     4, -5.650080965383e-01, 1.797693134862e+308, 3.4303e-01, 3.5760e-03, 
 2DIAGNOSTIC,     5, -5.659818479253e-01, 1.797693134862e+308, 3.4663e-01, 3.5992e-03, 
 2DIAGNOSTIC,     6, -5.670767249344e-01, 1.797693134862e+308, 3.4956e-01, 2.9240e-03, 
 2DIAGNOSTIC,     7, -5.737550525781e-01, 1.797693134862e+308, 3.5279e-01, 3.2330e-03, 
 2DIAGNOSTIC,     8, -5.781756564492e-01, 1.797693134862e+308, 3.5637e-01, 3.5841e-03, 
 2DIAGNOSTIC,     9, -5.783573440674e-01, 1.797693134862e+308, 3.5968e-01, 3.3031e-03, 
 2DIAGNOSTIC,    10, -5.836510978880e-01, 2.811423555973e-03, 3.6289e-01, 3.2160e-03, 
 2DIAGNOSTIC,    11, -5.936548058472e-01, 3.064248817951e-03, 3.6587e-01, 2.9819e-03, 
 2DIAGNOSTIC,    12, -5.988265144757e-01, 3.290102788602e-03, 3.6949e-01, 3.6201e-03, 
 2DIAGNOSTIC,    13, -6.043595495259e-01, 3.468930870740e-03, 3.7387e-01, 4.3800e-03, 
 2DIAGNOSTIC,    14, -6.121045589558e-01, 3.664314409880e-03, 3.8122e-01, 7.3469e-03, 
 2DIAGNOSTIC,    15, -6.119990297349e-01, 3.525065160308e-03, 3.8408e-01, 2.8560e-03, 
 2DIAGNOSTIC,    16, -6.122331069773e-01, 3.117754996755e-03, 3.8702e-01, 2.9430e-03, 
 2DIAGNOSTIC,    17, -6.127153533480e-01, 2.677397148366e-03, 3.8999e-01, 2.9669e-03, 
 2DIAGNOSTIC,    18, -6.135064096756e-01, 2.183694734950e-03, 3.9303e-01, 3.0408e-03, 
 2DIAGNOSTIC,    19, -6.144735811961e-01, 1.568834246837e-03, 3.9615e-01, 3.1252e-03, 
 2DIAGNOSTIC,    20, -6.154497164157e-01, 1.019815161921e-03, 3.9940e-01, 3.2461e-03, 
 2DIAGNOSTIC,    21, -6.164221170809e-01, 6.830400418053e-04, 4.0265e-01, 3.2561e-03, 
 2DIAGNOSTIC,    22, -6.178928760631e-01, 4.579269381222e-04, 4.0664e-01, 3.9811e-03, 
 2DIAGNOSTIC,    23, -6.187491807496e-01, 3.384854459524e-04, 4.1045e-01, 3.8121e-03, 
 2DIAGNOSTIC,    24, -6.201089357216e-01, 3.793697201415e-04, 4.1503e-01, 4.5800e-03, 
 2DIAGNOSTIC,    25, -6.205505707727e-01, 3.875106448562e-04, 4.1790e-01, 2.8741e-03, 
 2DIAGNOSTIC,    26, -6.212378002725e-01, 3.756823659346e-04, 4.2085e-01, 2.9531e-03, 
 2DIAGNOSTIC,    27, -6.216412380096e-01, 3.448277434570e-04, 4.2441e-01, 3.5532e-03, 
 2DIAGNOSTIC,    28, -6.224402963742e-01, 3.105221044371e-04, 4.2845e-01, 4.0390e-03, 
 2DIAGNOSTIC,    29, -6.226570862066e-01, 2.684374848512e-04, 4.3314e-01, 4.6980e-03, 
 2DIAGNOSTIC,    30, -6.227321920818e-01, 2.206142988966e-04, 4.3659e-01, 3.4461e-03, 
 2DIAGNOSTIC,    31, -6.227168171688e-01, 1.696869714993e-04, 4.3963e-01, 3.0370e-03, 
 2DIAGNOSTIC,    32, -6.227302376532e-01, 1.279049285672e-04, 4.4316e-01, 3.5338e-03, 
 2DIAGNOSTIC,    33, -6.228052803520e-01, 8.951525486858e-05, 4.4631e-01, 3.1490e-03, 
 2DIAGNOSTIC,    34, -6.227940346004e-01, 6.368446288455e-05, 4.4944e-01, 3.1321e-03, 
 2DIAGNOSTIC,    35, -6.228832627111e-01, 4.054266680376e-05, 4.5306e-01, 3.6199e-03, 
 2DIAGNOSTIC,    36, -6.228556252118e-01, 2.359539450073e-05, 4.5721e-01, 4.1442e-03, 
 2DIAGNOSTIC,    37, -6.228775249447e-01, 1.061843134606e-05, 4.6033e-01, 3.1228e-03, 
 2DIAGNOSTIC,    38, -6.227187658634e-01, 5.263465036303e-06, 4.6342e-01, 3.0951e-03, 
 2DIAGNOSTIC,    39, -6.227576563537e-01, 2.873912055678e-06, 4.6644e-01, 3.0169e-03, 
 2DIAGNOSTIC,    40, -6.228205421577e-01, 2.007172654795e-06, 4.6995e-01, 3.5059e-03, 
 2DIAGNOSTIC,    41, -6.231431794165e-01, 4.545759417950e-06, 4.7341e-01, 3.4659e-03, 
 2DIAGNOSTIC,    42, -6.234228826272e-01, 9.781152023165e-06, 4.7775e-01, 4.3409e-03, 
 2DIAGNOSTIC,    43, -6.237362181809e-01, 1.814133486876e-05, 4.8187e-01, 4.1189e-03, 
 2DIAGNOSTIC,    44, -6.237884072166e-01, 2.485254962628e-05, 4.8530e-01, 3.4280e-03, 
 2DIAGNOSTIC,    45, -6.237417795380e-01, 2.942598034236e-05, 4.8837e-01, 3.0670e-03, 
 2DIAGNOSTIC,    46, -6.235248405568e-01, 2.854861152489e-05, 4.9173e-01, 3.3650e-03, 
 2DIAGNOSTIC,    47, -6.235784423530e-01, 2.585059959987e-05, 4.9486e-01, 3.1281e-03, 
 2DIAGNOSTIC,    48, -6.235567135232e-01, 1.903959006215e-05, 4.9828e-01, 3.4161e-03, 
 2DIAGNOSTIC,    49, -6.236190590515e-01, 1.174336701290e-05, 5.0137e-01, 3.0949e-03, 
 2DIAGNOSTIC,    50, -6.236089299907e-01, 4.171985827615e-06, 5.0508e-01, 3.7081e-03, 
DIAGNOSTIC,Iteration,metricValue,convergenceValue,ITERATION_TIME_INDEX,SINCE_LAST
 2DIAGNOSTIC,     1, -4.860969881341e-01, 1.797693134862e+308, 8.5526e-01, 3.5018e-01, 
 2DIAGNOSTIC,     2, -4.868789188751e-01, 1.797693134862e+308, 8.6348e-01, 8.2190e-03, 
 2DIAGNOSTIC,     3, -4.877201422748e-01, 1.797693134862e+308, 8.7162e-01, 8.1439e-03, 
 2DIAGNOSTIC,     4, -4.888604058183e-01, 1.797693134862e+308, 8.7959e-01, 7.9670e-03, 
 2DIAGNOSTIC,     5, -4.897940393029e-01, 1.797693134862e+308, 8.8891e-01, 9.3188e-03, 
 2DIAGNOSTIC,     6, -4.901404281783e-01, 1.797693134862e+308, 8.9867e-01, 9.7601e-03, 
 2DIAGNOSTIC,     7, -4.902838528515e-01, 1.797693134862e+308, 9.0824e-01, 9.5780e-03, 
 2DIAGNOSTIC,     8, -4.905528732715e-01, 1.797693134862e+308, 9.1610e-01, 7.8590e-03, 
 2DIAGNOSTIC,     9, -4.909231102220e-01, 1.797693134862e+308, 9.2525e-01, 9.1429e-03, 
 2DIAGNOSTIC,    10, -4.910780939852e-01, 6.552653332723e-04, 9.3341e-01, 8.1689e-03, 
 2DIAGNOSTIC,    11, -4.911761964454e-01, 4.810404518652e-04, 9.4153e-01, 8.1110e-03, 
 2DIAGNOSTIC,    12, -4.914373688777e-01, 3.437906180978e-04, 9.4931e-01, 7.7798e-03, 
 2DIAGNOSTIC,    13, -4.916242984651e-01, 2.416679001803e-04, 9.5854e-01, 9.2330e-03, 
 2DIAGNOSTIC,    14, -4.920932888766e-01, 1.979503996178e-04, 9.7206e-01, 1.3520e-02, 
 2DIAGNOSTIC,    15, -4.921565202142e-01, 1.801855755053e-04, 9.8109e-01, 9.0280e-03, 
 2DIAGNOSTIC,    16, -4.921643659933e-01, 1.614831232535e-04, 9.9023e-01, 9.1469e-03, 
 2DIAGNOSTIC,    17, -4.921777585774e-01, 1.357245789077e-04, 9.9921e-01, 8.9729e-03, 
 2DIAGNOSTIC,    18, -4.922007346366e-01, 1.094808468463e-04, 1.0095e+00, 1.0332e-02, 
 2DIAGNOSTIC,    19, -4.922188624002e-01, 8.762292246298e-05, 1.0189e+00, 9.3608e-03, 
 2DIAGNOSTIC,    20, -4.922095131207e-01, 6.420632367118e-05, 1.0276e+00, 8.7349e-03, 
 2DIAGNOSTIC,    21, -4.922551793105e-01, 4.123912442246e-05, 1.0366e+00, 9.0139e-03, 
 2DIAGNOSTIC,    22, -4.922916164420e-01, 2.448897841134e-05, 1.0467e+00, 1.0072e-02, 
 2DIAGNOSTIC,    23, -4.922772058410e-01, 1.104280559427e-05, 1.0560e+00, 9.3009e-03, 
 2DIAGNOSTIC,    24, -4.922719418137e-01, 8.996304771233e-06, 1.0641e+00, 8.0552e-03, 
 2DIAGNOSTIC,    25, -4.922719070967e-01, 7.876057405876e-06, 1.0729e+00, 8.8310e-03, 
 2DIAGNOSTIC,    26, -4.922925524463e-01, 6.833968343715e-06, 1.0824e+00, 9.4962e-03, 
 2DIAGNOSTIC,    27, -4.922942462034e-01, 5.621665024429e-06, 1.0916e+00, 9.1660e-03, 
 2DIAGNOSTIC,    28, -4.922899607092e-01, 4.472754890072e-06, 1.0995e+00, 7.9129e-03, 
 2DIAGNOSTIC,    29, -4.922933344087e-01, 3.558125748510e-06, 1.1086e+00, 9.1181e-03, 
 2DIAGNOSTIC,    30, -4.922984838116e-01, 2.366391099004e-06, 1.1177e+00, 9.0849e-03, 
 2DIAGNOSTIC,    31, -4.922952368927e-01, 1.885825051763e-06, 1.1271e+00, 9.4440e-03, 
 2DIAGNOSTIC,    32, -4.923029011416e-01, 2.159967097348e-06, 1.1350e+00, 7.9200e-03, 
 2DIAGNOSTIC,    33, -4.922874505994e-01, 1.790009939336e-06, 1.1443e+00, 9.2409e-03, 
 2DIAGNOSTIC,    34, -4.923066784115e-01, 1.613091651639e-06, 1.1523e+00, 8.0221e-03, 
 2DIAGNOSTIC,    35, -4.923056777956e-01, 1.342857108292e-06, 1.1602e+00, 7.8881e-03, 
 2DIAGNOSTIC,    36, -4.923253981778e-01, 1.694644536587e-06, 1.1693e+00, 9.1138e-03, 
 2DIAGNOSTIC,    37, -4.923291933151e-01, 2.035009545032e-06, 1.1784e+00, 9.0852e-03, 
 2DIAGNOSTIC,    38, -4.923337004445e-01, 2.251830224551e-06, 1.1872e+00, 8.8060e-03, 
 2DIAGNOSTIC,    39, -4.923397173722e-01, 2.460812308626e-06, 1.1976e+00, 1.0380e-02, 
 2DIAGNOSTIC,    40, -4.923430278406e-01, 2.621241973106e-06, 1.2065e+00, 8.8890e-03, 
 2DIAGNOSTIC,    41, -4.923360404309e-01, 2.449956504263e-06, 1.2147e+00, 8.2262e-03, 
 2DIAGNOSTIC,    42, -4.923322337173e-01, 2.191822538428e-06, 1.2229e+00, 8.2369e-03, 
 2DIAGNOSTIC,    43, -4.923472486817e-01, 1.799216871903e-06, 1.2327e+00, 9.7160e-03, 
 2DIAGNOSTIC,    44, -4.923894451840e-01, 2.125360885605e-06, 1.2407e+00, 8.0101e-03, 
 2DIAGNOSTIC,    45, -4.924034338103e-01, 2.449467717238e-06, 1.2498e+00, 9.1062e-03, 
 2DIAGNOSTIC,    46, -4.925142053358e-01, 4.239396660558e-06, 1.2589e+00, 9.0840e-03, 
 2DIAGNOSTIC,    47, -4.925383337395e-01, 5.928912926268e-06, 1.2679e+00, 9.0640e-03, 
 2DIAGNOSTIC,    48, -4.925343893412e-01, 7.054526548648e-06, 1.2773e+00, 9.3999e-03, 
 2DIAGNOSTIC,    49, -4.925332346736e-01, 7.592689881725e-06, 1.2856e+00, 8.2378e-03, 
 2DIAGNOSTIC,    50, -4.925653761418e-01, 7.853293235639e-06, 1.2959e+00, 1.0296e-02, 
 2DIAGNOSTIC,    51, -4.925651216276e-01, 7.306598953961e-06, 1.3051e+00, 9.2540e-03, 
 2DIAGNOSTIC,    52, -4.925635590327e-01, 6.078890844158e-06, 1.3133e+00, 8.2359e-03, 
 2DIAGNOSTIC,    53, -4.926161528400e-01, 5.124637420972e-06, 1.3214e+00, 8.0760e-03, 
 2DIAGNOSTIC,    54, -4.926487493555e-01, 4.569026008251e-06, 1.3322e+00, 1.0737e-02, 
 2DIAGNOSTIC,    55, -4.926756606734e-01, 4.041286930326e-06, 1.3436e+00, 1.1484e-02, 
 2DIAGNOSTIC,    56, -4.926656540400e-01, 4.235819187955e-06, 1.3527e+00, 9.0749e-03, 
 2DIAGNOSTIC,    57, -4.926557446533e-01, 4.231493613928e-06, 1.3618e+00, 9.0768e-03, 
 2DIAGNOSTIC,    58, -4.926480402437e-01, 3.758378896788e-06, 1.3698e+00, 7.9970e-03, 
 2DIAGNOSTIC,    59, -4.926457783237e-01, 2.941077525433e-06, 1.3791e+00, 9.3210e-03, 
 2DIAGNOSTIC,    60, -4.926595883886e-01, 2.363842529565e-06, 1.3882e+00, 9.0671e-03, 
 2DIAGNOSTIC,    61, -4.926798386330e-01, 1.825926174228e-06, 1.3972e+00, 8.9889e-03, 
 2DIAGNOSTIC,    62, -4.926889108087e-01, 1.241614276115e-06, 1.4052e+00, 7.9901e-03, 
 2DIAGNOSTIC,    63, -4.927665462934e-01, 1.796705739781e-06, 1.4132e+00, 8.0371e-03, 
 2DIAGNOSTIC,    64, -4.928494598836e-01, 3.227500266496e-06, 1.4234e+00, 1.0205e-02, 
 2DIAGNOSTIC,    65, -4.928769703682e-01, 4.821308816117e-06, 1.4326e+00, 9.2189e-03, 
 2DIAGNOSTIC,    66, -4.928452462004e-01, 5.594753893955e-06, 1.4420e+00, 9.3868e-03, 
 2DIAGNOSTIC,    67, -4.928454113970e-01, 5.789946066388e-06, 1.4504e+00, 8.4331e-03, 
 2DIAGNOSTIC,    68, -4.928279269647e-01, 5.244453177471e-06, 1.4614e+00, 1.0982e-02, 
 2DIAGNOSTIC,    69, -4.928548851574e-01, 4.446026234282e-06, 1.4693e+00, 7.9160e-03, 
 2DIAGNOSTIC,    70, -4.928511927008e-01, 3.362889235197e-06, 1.4787e+00, 9.3229e-03, 
 2DIAGNOSTIC,    71, -4.928282955323e-01, 2.029584502209e-06, 1.4878e+00, 9.1369e-03, 
 2DIAGNOSTIC,    72, -4.928293229016e-01, 6.655843926284e-07, 1.4959e+00, 8.0781e-03, 
DIAGNOSTIC,Iteration,metricValue,convergenceValue,ITERATION_TIME_INDEX,SINCE_LAST
 2DIAGNOSTIC,     1, -3.796619953635e-01, 1.797693134862e+308, 1.9930e+00, 4.9712e-01, 
 2DIAGNOSTIC,     2, -3.799977463526e-01, 1.797693134862e+308, 2.0490e+00, 5.6017e-02, 
 2DIAGNOSTIC,     3, -3.801606444832e-01, 1.797693134862e+308, 2.1053e+00, 5.6339e-02, 
 2DIAGNOSTIC,     4, -3.804707946765e-01, 1.797693134862e+308, 2.1614e+00, 5.6065e-02, 
 2DIAGNOSTIC,     5, -3.810326125280e-01, 1.797693134862e+308, 2.2169e+00, 5.5532e-02, 
 2DIAGNOSTIC,     6, -3.821210400225e-01, 1.797693134862e+308, 2.2800e+00, 6.3072e-02, 
 2DIAGNOSTIC,     7, -3.821617798189e-01, 1.797693134862e+308, 2.3363e+00, 5.6310e-02, 
 2DIAGNOSTIC,     8, -3.827937112865e-01, 1.797693134862e+308, 2.4083e+00, 7.1968e-02, 
 2DIAGNOSTIC,     9, -3.835689208885e-01, 1.797693134862e+308, 2.4721e+00, 6.3825e-02, 
 2DIAGNOSTIC,    10, -3.836508922139e-01, 7.425808082092e-04, 2.5298e+00, 5.7692e-02, 
 2DIAGNOSTIC,    11, -3.839773628012e-01, 6.818739332324e-04, 2.6025e+00, 7.2660e-02, 
 2DIAGNOSTIC,    12, -3.841236748013e-01, 6.006918743956e-04, 2.7027e+00, 1.0020e-01, 
 2DIAGNOSTIC,    13, -3.840860091249e-01, 4.854300655521e-04, 2.7780e+00, 7.5318e-02, 
 2DIAGNOSTIC,    14, -3.840828923902e-01, 3.586387567892e-04, 2.8554e+00, 7.7420e-02, 
 2DIAGNOSTIC,    15, -3.840814071951e-01, 2.428828045317e-04, 2.9533e+00, 9.7891e-02, 
 2DIAGNOSTIC,    16, -3.840819907279e-01, 1.707203994538e-04, 3.0175e+00, 6.4203e-02, 
 2DIAGNOSTIC,    17, -3.840787481948e-01, 9.270594675775e-05, 3.0812e+00, 6.3694e-02, 
 2DIAGNOSTIC,    18, -3.840720260400e-01, 4.014924740392e-05, 3.1372e+00, 5.6048e-02, 
 2DIAGNOSTIC,    19, -3.840726608783e-01, 2.007891811175e-05, 3.2005e+00, 6.3265e-02, 
 2DIAGNOSTIC,    20, -3.840717018303e-01, 3.010788578874e-06, 3.2636e+00, 6.3139e-02, 
DIAGNOSTIC,Iteration,metricValue,convergenceValue,ITERATION_TIME_INDEX,SINCE_LAST
 2DIAGNOSTIC,     1, -3.100544209529e-01, 1.797693134862e+308, 4.4403e+00, 1.1767e+00, 
 2DIAGNOSTIC,     2, -3.100989980632e-01, 1.797693134862e+308, 4.9421e+00, 5.0182e-01, 
 2DIAGNOSTIC,     3, -3.101011833272e-01, 1.797693134862e+308, 5.7134e+00, 7.7127e-01, 
 2DIAGNOSTIC,     4, -3.101016077451e-01, 1.797693134862e+308, 6.0940e+00, 3.8065e-01, 
 2DIAGNOSTIC,     5, -3.101014632214e-01, 1.797693134862e+308, 6.4797e+00, 3.8565e-01, 
 2DIAGNOSTIC,     6, -3.101011331667e-01, 1.797693134862e+308, 6.8205e+00, 3.4084e-01, 
 2DIAGNOSTIC,     7, -3.101010715176e-01, 1.797693134862e+308, 7.2460e+00, 4.2543e-01, 
 2DIAGNOSTIC,     8, -3.101010065446e-01, 1.797693134862e+308, 7.6342e+00, 3.8824e-01, 
 2DIAGNOSTIC,     9, -3.101008885102e-01, 1.797693134862e+308, 8.0192e+00, 3.8498e-01, 
 2DIAGNOSTIC,    10, -3.101005715010e-01, 7.522882206665e-06, 8.3622e+00, 3.4296e-01, 
 2DIAGNOSTIC,    11, -3.101005145764e-01, 2.912986208831e-06, 8.6999e+00, 3.3775e-01, 
 2DIAGNOSTIC,    12, -3.101009422027e-01, 2.502138286731e-06, 9.0883e+00, 3.8841e-01, 
 2DIAGNOSTIC,    13, -3.101009185022e-01, 2.317809967498e-06, 9.4240e+00, 3.3570e-01, 
 2DIAGNOSTIC,    14, -3.101003455106e-01, 2.162309377204e-06, 9.8017e+00, 3.7771e-01, 
 2DIAGNOSTIC,    15, -3.101002760726e-01, 2.026742686373e-06, 1.0185e+01, 3.8307e-01, 
 2DIAGNOSTIC,    16, -3.101000090745e-01, 1.882209784893e-06, 1.0609e+01, 4.2430e-01, 
 2DIAGNOSTIC,    17, -3.101000751426e-01, 1.763906209866e-06, 1.1037e+01, 4.2782e-01, 
 2DIAGNOSTIC,    18, -3.100998222679e-01, 1.652135969227e-06, 1.1422e+01, 3.8508e-01, 
 2DIAGNOSTIC,    19, -3.100991573706e-01, 1.526433306365e-06, 1.1855e+01, 4.3344e-01, 
 2DIAGNOSTIC,    20, -3.100989947363e-01, 1.406326733330e-06, 1.2233e+01, 3.7722e-01, 
 2DIAGNOSTIC,    21, -3.100988643376e-01, 1.305556000974e-06, 1.2573e+01, 3.4075e-01, 
 2DIAGNOSTIC,    22, -3.100985924742e-01, 1.239319983179e-06, 1.2910e+01, 3.3675e-01, 
 2DIAGNOSTIC,    23, -3.100987318536e-01, 1.203631331756e-06, 1.3293e+01, 3.8257e-01, 
 2DIAGNOSTIC,    24, -3.100988342623e-01, 1.169887513169e-06, 1.3632e+01, 3.3956e-01, 
 2DIAGNOSTIC,    25, -3.100988266159e-01, 1.150782437613e-06, 1.4020e+01, 3.8736e-01, 
 2DIAGNOSTIC,    26, -3.100990331282e-01, 1.142162762612e-06, 1.4401e+01, 3.8137e-01, 
 2DIAGNOSTIC,    27, -3.100989868699e-01, 1.142403271710e-06, 1.4786e+01, 3.8510e-01, 
 2DIAGNOSTIC,    28, -3.100987821656e-01, 1.131575477042e-06, 1.5171e+01, 3.8533e-01, 
 2DIAGNOSTIC,    29, -3.100987148986e-01, 1.098940821592e-06, 1.5550e+01, 3.7831e-01, 
 2DIAGNOSTIC,    30, -3.100984453499e-01, 1.055097736527e-06, 1.5891e+01, 3.4167e-01, 
 2DIAGNOSTIC,    31, -3.100982881603e-01, 1.006414271351e-06, 1.6315e+01, 4.2348e-01, 
 2DIAGNOSTIC,    32, -3.100985351004e-01, 9.618711601725e-07, 1.6652e+01, 3.3705e-01, 
 2DIAGNOSTIC,    33, -3.100980616786e-01, 9.135504343283e-07, 1.7034e+01, 3.8233e-01, 
 2DIAGNOSTIC,    34, -3.100982785505e-01, 8.819695435126e-07, 1.7461e+01, 4.2655e-01, 
 2DIAGNOSTIC,    35, -3.100979754632e-01, 8.488290539309e-07, 1.7837e+01, 3.7655e-01, 
 2DIAGNOSTIC,    36, -3.100978602825e-01, 8.256666314786e-07, 1.8181e+01, 3.4395e-01, 
 2DIAGNOSTIC,    37, -3.100978010099e-01, 8.067074360948e-07, 1.8518e+01, 3.3646e-01, 
 2DIAGNOSTIC,    38, -3.100978531757e-01, 7.900615950733e-07, 1.8902e+01, 3.8449e-01, 
 2DIAGNOSTIC,    39, -3.100978127321e-01, 7.763400497497e-07, 1.9284e+01, 3.8163e-01, 
 2DIAGNOSTIC,    40, -3.100977383900e-01, 7.592946512057e-07, 1.9623e+01, 3.3915e-01, 
 2DIAGNOSTIC,    41, -3.100983431616e-01, 7.564389763251e-07, 2.0050e+01, 4.2676e-01, 
 2DIAGNOSTIC,    42, -3.100979320765e-01, 7.518524850654e-07, 2.0433e+01, 3.8307e-01, 
 2DIAGNOSTIC,    43, -3.100975260786e-01, 7.293821050400e-07, 2.0776e+01, 3.4283e-01, 
 2DIAGNOSTIC,    44, -3.100975034045e-01, 7.134627269256e-07, 2.1158e+01, 3.8242e-01, 
 2DIAGNOSTIC,    45, -3.100975650026e-01, 6.940693369588e-07, 2.1504e+01, 3.4559e-01, 
 2DIAGNOSTIC,    46, -3.100977025458e-01, 6.768850699841e-07, 2.1838e+01, 3.3455e-01, 
 2DIAGNOSTIC,    47, -3.100974713801e-01, 6.561584304614e-07, 2.2226e+01, 3.8785e-01, 
 2DIAGNOSTIC,    48, -3.100975932502e-01, 6.421281622260e-07, 2.2694e+01, 4.6750e-01, 
 2DIAGNOSTIC,    49, -3.100975177886e-01, 6.284812784120e-07, 2.3031e+01, 3.3694e-01, 
 2DIAGNOSTIC,    50, -3.100971050615e-01, 6.078769135415e-07, 2.3376e+01, 3.4497e-01, 
 2DIAGNOSTIC,    51, -3.100968159955e-01, 5.967886559238e-07, 2.3714e+01, 3.3844e-01, 
 2DIAGNOSTIC,    52, -3.100972247358e-01, 5.889750657531e-07, 2.4098e+01, 3.8429e-01, 
 2DIAGNOSTIC,    53, -3.100973943189e-01, 5.792200946132e-07, 2.4480e+01, 3.8163e-01, 
 2DIAGNOSTIC,    54, -3.100978932805e-01, 5.798182807007e-07, 2.4864e+01, 3.8446e-01, 
 2DIAGNOSTIC,    55, -3.100977663543e-01, 5.801619165809e-07, 2.5203e+01, 3.3847e-01, 
 2DIAGNOSTIC,    56, -3.100978066515e-01, 5.836262656558e-07, 2.5673e+01, 4.7038e-01, 
 2DIAGNOSTIC,    57, -3.100979304902e-01, 5.835497479678e-07, 2.6056e+01, 3.8281e-01, 
 2DIAGNOSTIC,    58, -3.100974903036e-01, 5.756975194615e-07, 2.6441e+01, 3.8541e-01, 
 2DIAGNOSTIC,    59, -3.100973490344e-01, 5.624534475321e-07, 2.6827e+01, 3.8581e-01, 
 2DIAGNOSTIC,    60, -3.100973337182e-01, 5.411284100670e-07, 2.7165e+01, 3.3738e-01, 
 2DIAGNOSTIC,    61, -3.100974542689e-01, 5.167557174841e-07, 2.7511e+01, 3.4670e-01, 
 2DIAGNOSTIC,    62, -3.100972547717e-01, 4.966066340650e-07, 2.7984e+01, 4.7285e-01, 
 2DIAGNOSTIC,    63, -3.100976058334e-01, 4.862438710354e-07, 2.8368e+01, 3.8366e-01, 
 2DIAGNOSTIC,    64, -3.100973046231e-01, 4.808318076858e-07, 2.8756e+01, 3.8799e-01, 
 2DIAGNOSTIC,    65, -3.100974006704e-01, 4.767542386222e-07, 2.9144e+01, 3.8798e-01, 
 2DIAGNOSTIC,    66, -3.100969675121e-01, 4.683804210974e-07, 2.9484e+01, 3.4051e-01, 
 2DIAGNOSTIC,    67, -3.100969562714e-01, 4.633918298906e-07, 2.9865e+01, 3.8018e-01, 
 2DIAGNOSTIC,    68, -3.100967010329e-01, 4.502533285690e-07, 3.0206e+01, 3.4189e-01, 
 2DIAGNOSTIC,    69, -3.100967262034e-01, 4.376725662360e-07, 3.0589e+01, 3.8285e-01, 
 2DIAGNOSTIC,    70, -3.100971478104e-01, 4.329820662476e-07, 3.0974e+01, 3.8459e-01, 
 2DIAGNOSTIC,    71, -3.100961487462e-01, 4.191016322458e-07, 3.1406e+01, 4.3244e-01, 
 2DIAGNOSTIC,    72, -3.100958515657e-01, 4.023888479539e-07, 3.1789e+01, 3.8304e-01, 
  Elapsed time (stage 1): 3.2122e+01


Total elapsed time: 5.4422e+01
