Running T1-THOMAS on sub-23
INFO:    Mounting image with FUSE.
Some packages in this Docker container are non-free
If you are considering commercial use of this container, please consult the relevant license:
https://fsl.fmrib.ox.ac.uk/fsl/fslwiki/Licence
THOMAS_HOME setting of /opt/thomas_new
Linux OS detected
File name OK
Running left and right thalamus MV big
All_Command_lines_OK
Using double precision for computations.
=============================================================================
The composite transform comprises the following transforms (in order): 
  1. Center of mass alignment using fixed image: sub-23_desc-preproc_T1w.nii.gz and moving image: /opt/thomas_new/origtemplate.nii.gz (type = Euler3DTransform)
=============================================================================
  number of levels = 4
  number of levels = 4
  fixed image: sub-23_desc-preproc_T1w.nii.gz
  moving image: /opt/thomas_new/origtemplate.nii.gz
  fixed image: sub-23_desc-preproc_T1w.nii.gz
  moving image: /opt/thomas_new/origtemplate.nii.gz
Dimension = 3
Number of stages = 2
Use Histogram Matching false
Winsorize image intensities false
Lower quantile = 0
Upper quantile = 1
Stage 1 State
   Image metric = Mattes
     Fixed image = Image (0x3325960)
  RTTI typeinfo:   itk::Image<double, 3u>
  Reference Count: 2
  Modified Time: 1696
  Debug: Off
  Object Name: 
  Observers: 
    none
  Source: (none)
  Source output name: (none)
  Release Data: Off
  Data Released: False
  Global Release Data: Off
  PipelineMTime: 0
  UpdateMTime: 1479
  RealTimeStamp: 0 seconds 
  LargestPossibleRegion: 
    Dimension: 3
    Index: [0, 0, 0]
    Size: [148, 256, 256]
  BufferedRegion: 
    Dimension: 3
    Index: [0, 0, 0]
    Size: [148, 256, 256]
  RequestedRegion: 
    Dimension: 3
    Index: [0, 0, 0]
    Size: [148, 256, 256]
  Spacing: [1.2, 1.0938, 1.0938]
  Origin: [84.0707, 147.007, -133.417]
  Direction: 
-0.997398 0.0645321 -0.0321497
-0.0639225 -0.997762 -0.0196433
-0.0333454 -0.0175371 0.99929

  IndexToPointMatrix: 
-1.19688 0.0705852 -0.0351653
-0.076707 -1.09135 -0.0214858
-0.0400145 -0.0191821 1.09302

  PointToIndexMatrix: 
-0.831164 -0.0532687 -0.0277878
0.058998 -0.912197 -0.0160331
-0.0293927 -0.0179587 0.913595

  Inverse Direction: 
-0.997398 -0.0639225 -0.0333454
0.0645321 -0.997762 -0.0175371
-0.0321497 -0.0196433 0.99929

  PixelContainer: 
    ImportImageContainer (0x331e440)
      RTTI typeinfo:   itk::ImportImageContainer<unsigned long, double>
      Reference Count: 1
      Modified Time: 1476
      Debug: Off
      Object Name: 
      Observers: 
        none
      Pointer: 0x149a2784c010
      Container manages memory: true
      Size: 9699328
      Capacity: 9699328

     Moving image = Image (0x331f210)
  RTTI typeinfo:   itk::Image<double, 3u>
  Reference Count: 2
  Modified Time: 1697
  Debug: Off
  Object Name: 
  Observers: 
    none
  Source: (none)
  Source output name: (none)
  Release Data: Off
  Data Released: False
  Global Release Data: Off
  PipelineMTime: 0
  UpdateMTime: 1694
  RealTimeStamp: 0 seconds 
  LargestPossibleRegion: 
    Dimension: 3
    Index: [0, 0, 0]
    Size: [256, 440, 256]
  BufferedRegion: 
    Dimension: 3
    Index: [0, 0, 0]
    Size: [256, 440, 256]
  RequestedRegion: 
    Dimension: 3
    Index: [0, 0, 0]
    Size: [256, 440, 256]
  Spacing: [0.7031, 0.5, 0.7031]
  Origin: [83.5844, 59.822, -106.951]
  Direction: 
-1 0 0
0 -1 0
0 0 1

  IndexToPointMatrix: 
-0.7031 0 0
0 -0.5 0
0 0 0.7031

  PointToIndexMatrix: 
-1.42227 0 0
0 -2 0
0 0 1.42227

  Inverse Direction: 
-1 0 0
0 -1 0
0 0 1

  PixelContainer: 
    ImportImageContainer (0x331f4a0)
      RTTI typeinfo:   itk::ImportImageContainer<unsigned long, double>
      Reference Count: 1
      Modified Time: 1691
      Debug: Off
      Object Name: 
      Observers: 
        none
      Pointer: 0x149a19c4b010
      Container manages memory: true
      Size: 28835840
      Capacity: 28835840

     Weighting = 1
     Sampling strategy = regular
     Number of bins = 32
     Radius = 4
     Sampling percentage  = 0.25
   Transform = Rigid
     Gradient step = 0.1
     Update field sigma (voxel space) = 0
     Total field sigma (voxel space) = 0
     Update field time sigma = 0
     Total field time sigma  = 0
     Number of time indices = 0
     Number of time point samples = 0
Stage 2 State
   Image metric = Mattes
     Fixed image = Image (0x3331980)
  RTTI typeinfo:   itk::Image<double, 3u>
  Reference Count: 2
  Modified Time: 2128
  Debug: Off
  Object Name: 
  Observers: 
    none
  Source: (none)
  Source output name: (none)
  Release Data: Off
  Data Released: False
  Global Release Data: Off
  PipelineMTime: 0
  UpdateMTime: 1911
  RealTimeStamp: 0 seconds 
  LargestPossibleRegion: 
    Dimension: 3
    Index: [0, 0, 0]
    Size: [148, 256, 256]
  BufferedRegion: 
    Dimension: 3
    Index: [0, 0, 0]
    Size: [148, 256, 256]
  RequestedRegion: 
    Dimension: 3
    Index: [0, 0, 0]
    Size: [148, 256, 256]
  Spacing: [1.2, 1.0938, 1.0938]
  Origin: [84.0707, 147.007, -133.417]
  Direction: 
-0.997398 0.0645321 -0.0321497
-0.0639225 -0.997762 -0.0196433
-0.0333454 -0.0175371 0.99929

  IndexToPointMatrix: 
-1.19688 0.0705852 -0.0351653
-0.076707 -1.09135 -0.0214858
-0.0400145 -0.0191821 1.09302

  PointToIndexMatrix: 
-0.831164 -0.0532687 -0.0277878
0.058998 -0.912197 -0.0160331
-0.0293927 -0.0179587 0.913595

  Inverse Direction: 
-0.997398 -0.0639225 -0.0333454
0.0645321 -0.997762 -0.0175371
-0.0321497 -0.0196433 0.99929

  PixelContainer: 
    ImportImageContainer (0x331d240)
      RTTI typeinfo:   itk::ImportImageContainer<unsigned long, double>
      Reference Count: 1
      Modified Time: 1908
      Debug: Off
      Object Name: 
      Observers: 
        none
      Pointer: 0x149a1524a010
      Container manages memory: true
      Size: 9699328
      Capacity: 9699328

     Moving image = Image (0x3333410)
  RTTI typeinfo:   itk::Image<double, 3u>
  Reference Count: 2
  Modified Time: 2129
  Debug: Off
  Object Name: 
  Observers: 
    none
  Source: (none)
  Source output name: (none)
  Release Data: Off
  Data Released: False
  Global Release Data: Off
  PipelineMTime: 0
  UpdateMTime: 2126
  RealTimeStamp: 0 seconds 
  LargestPossibleRegion: 
    Dimension: 3
    Index: [0, 0, 0]
    Size: [256, 440, 256]
  BufferedRegion: 
    Dimension: 3
    Index: [0, 0, 0]
    Size: [256, 440, 256]
  RequestedRegion: 
    Dimension: 3
    Index: [0, 0, 0]
    Size: [256, 440, 256]
  Spacing: [0.7031, 0.5, 0.7031]
  Origin: [83.5844, 59.822, -106.951]
  Direction: 
-1 0 0
0 -1 0
0 0 1

  IndexToPointMatrix: 
-0.7031 0 0
0 -0.5 0
0 0 0.7031

  PointToIndexMatrix: 
-1.42227 0 0
0 -2 0
0 0 1.42227

  Inverse Direction: 
-1 0 0
0 -1 0
0 0 1

  PixelContainer: 
    ImportImageContainer (0x3323d50)
      RTTI typeinfo:   itk::ImportImageContainer<unsigned long, double>
      Reference Count: 1
      Modified Time: 2123
      Debug: Off
      Object Name: 
      Observers: 
        none
      Pointer: 0x149a07649010
      Container manages memory: true
      Size: 28835840
      Capacity: 28835840

     Weighting = 1
     Sampling strategy = regular
     Number of bins = 32
     Radius = 4
     Sampling percentage  = 0.25
   Transform = Affine
     Gradient step = 0.1
     Update field sigma (voxel space) = 0
     Total field sigma (voxel space) = 0
     Update field time sigma = 0
     Total field time sigma  = 0
     Number of time indices = 0
     Number of time point samples = 0
Registration using 2 total stages.

Stage 0
  iterations = 1000x500x250x100
  convergence threshold = 5e-07
  convergence window size = 10
  number of levels = 4
  using the Mattes MI metric (number of bins = 32, weight = 1)
  Shrink factors (level 1 out of 4): [7, 8, 8]
  Shrink factors (level 2 out of 4): [4, 4, 4]
  Shrink factors (level 3 out of 4): [2, 2, 2]
  Shrink factors (level 4 out of 4): [1, 1, 1]
  smoothing sigmas per level: [3, 2, 1, 0]
  regular sampling (percentage = 0.25)

*** Running Euler3DTransform registration ***

DIAGNOSTIC,Iteration,metricValue,convergenceValue,ITERATION_TIME_INDEX,SINCE_LAST
 2DIAGNOSTIC,     1, -3.704393791582e-01, 1.797693134862e+308, 3.2631e-01, 3.2631e-01, 
 2DIAGNOSTIC,     2, -3.724467633301e-01, 1.797693134862e+308, 3.2914e-01, 2.8300e-03, 
 2DIAGNOSTIC,     3, -3.757662833488e-01, 1.797693134862e+308, 3.3202e-01, 2.8849e-03, 
 2DIAGNOSTIC,     4, -3.795069074481e-01, 1.797693134862e+308, 3.3506e-01, 3.0339e-03, 
 2DIAGNOSTIC,     5, -3.843499024505e-01, 1.797693134862e+308, 3.3809e-01, 3.0329e-03, 
 2DIAGNOSTIC,     6, -3.911261065037e-01, 1.797693134862e+308, 3.4087e-01, 2.7812e-03, 
 2DIAGNOSTIC,     7, -3.945223701187e-01, 1.797693134862e+308, 3.4351e-01, 2.6360e-03, 
 2DIAGNOSTIC,     8, -4.283289291969e-01, 1.797693134862e+308, 3.4680e-01, 3.2961e-03, 
 2DIAGNOSTIC,     9, -4.558018338930e-01, 1.797693134862e+308, 3.5034e-01, 3.5419e-03, 
 2DIAGNOSTIC,    10, -4.830792654317e-01, 1.623675969939e-02, 3.5514e-01, 4.7910e-03, 
 2DIAGNOSTIC,    11, -5.128372637151e-01, 1.929914570725e-02, 3.5820e-01, 3.0630e-03, 
 2DIAGNOSTIC,    12, -5.351040270845e-01, 2.129975215018e-02, 3.6096e-01, 2.7609e-03, 
 2DIAGNOSTIC,    13, -5.378474457878e-01, 2.130764031872e-02, 3.6564e-01, 4.6771e-03, 
 2DIAGNOSTIC,    14, -5.380486557189e-01, 1.959253320003e-02, 3.6862e-01, 2.9821e-03, 
 2DIAGNOSTIC,    15, -5.393999704646e-01, 1.665505928355e-02, 3.7220e-01, 3.5760e-03, 
 2DIAGNOSTIC,    16, -5.395836373421e-01, 1.292396982618e-02, 3.7504e-01, 2.8410e-03, 
 2DIAGNOSTIC,    17, -5.404177861600e-01, 8.663247285674e-03, 3.7799e-01, 2.9528e-03, 
 2DIAGNOSTIC,    18, -5.430243924407e-01, 5.402711116100e-03, 3.8140e-01, 3.4101e-03, 
 2DIAGNOSTIC,    19, -5.449120994073e-01, 2.981920318798e-03, 3.8609e-01, 4.6911e-03, 
 2DIAGNOSTIC,    20, -5.455523197090e-01, 1.392495598659e-03, 3.9103e-01, 4.9400e-03, 
 2DIAGNOSTIC,    21, -5.455202583881e-01, 6.809205986728e-04, 3.9397e-01, 2.9399e-03, 
 2DIAGNOSTIC,    22, -5.456657797086e-01, 5.856714258906e-04, 3.9672e-01, 2.7540e-03, 
 2DIAGNOSTIC,    23, -5.457025442959e-01, 5.161428090037e-04, 3.9939e-01, 2.6660e-03, 
 2DIAGNOSTIC,    24, -5.457610752138e-01, 4.099219433596e-04, 4.0230e-01, 2.9089e-03, 
 2DIAGNOSTIC,    25, -5.458646389559e-01, 3.098710315452e-04, 4.0501e-01, 2.7120e-03, 
 2DIAGNOSTIC,    26, -5.460907329726e-01, 1.995005480694e-04, 4.0973e-01, 4.7200e-03, 
 2DIAGNOSTIC,    27, -5.461383614107e-01, 9.756011457398e-05, 4.1244e-01, 2.7130e-03, 
 2DIAGNOSTIC,    28, -5.461905821506e-01, 4.856705293152e-05, 4.1561e-01, 3.1669e-03, 
 2DIAGNOSTIC,    29, -5.463760562980e-01, 3.969004106408e-05, 4.1868e-01, 3.0680e-03, 
 2DIAGNOSTIC,    30, -5.469664409275e-01, 5.128934704304e-05, 4.2253e-01, 3.8531e-03, 
 2DIAGNOSTIC,    31, -5.484416373082e-01, 8.354167689875e-05, 4.2661e-01, 4.0832e-03, 
 2DIAGNOSTIC,    32, -5.478067472026e-01, 9.650967254799e-05, 4.2971e-01, 3.0930e-03, 
 2DIAGNOSTIC,    33, -5.478437059318e-01, 1.016714652854e-04, 4.3366e-01, 3.9520e-03, 
 2DIAGNOSTIC,    34, -5.481230959042e-01, 1.027742077300e-04, 4.3789e-01, 4.2250e-03, 
 2DIAGNOSTIC,    35, -5.482014568358e-01, 9.646830059411e-05, 4.4096e-01, 3.0770e-03, 
 2DIAGNOSTIC,    36, -5.475833687901e-01, 7.503043032042e-05, 4.4447e-01, 3.5069e-03, 
 2DIAGNOSTIC,    37, -5.475692271500e-01, 4.890894182531e-05, 4.4811e-01, 3.6440e-03, 
 2DIAGNOSTIC,    38, -5.475771917038e-01, 2.090908564150e-05, 4.5097e-01, 2.8601e-03, 
DIAGNOSTIC,Iteration,metricValue,convergenceValue,ITERATION_TIME_INDEX,SINCE_LAST
 2DIAGNOSTIC,     1, -4.425387004275e-01, 1.797693134862e+308, 7.9619e-01, 3.4521e-01, 
 2DIAGNOSTIC,     2, -4.435769150143e-01, 1.797693134862e+308, 8.0257e-01, 6.3810e-03, 
 2DIAGNOSTIC,     3, -4.442037294549e-01, 1.797693134862e+308, 8.0936e-01, 6.7911e-03, 
 2DIAGNOSTIC,     4, -4.447885387838e-01, 1.797693134862e+308, 8.1568e-01, 6.3150e-03, 
 2DIAGNOSTIC,     5, -4.457620928169e-01, 1.797693134862e+308, 8.2311e-01, 7.4341e-03, 
 2DIAGNOSTIC,     6, -4.468149849220e-01, 1.797693134862e+308, 8.2942e-01, 6.3081e-03, 
 2DIAGNOSTIC,     7, -4.474077251467e-01, 1.797693134862e+308, 8.4246e-01, 1.3040e-02, 
 2DIAGNOSTIC,     8, -4.474396637742e-01, 1.797693134862e+308, 8.5087e-01, 8.4159e-03, 
 2DIAGNOSTIC,     9, -4.474616863683e-01, 1.797693134862e+308, 8.5796e-01, 7.0841e-03, 
 2DIAGNOSTIC,    10, -4.473911072075e-01, 7.628942297544e-04, 8.6582e-01, 7.8580e-03, 
 2DIAGNOSTIC,    11, -4.473832720267e-01, 5.446223673181e-04, 8.7414e-01, 8.3251e-03, 
 2DIAGNOSTIC,    12, -4.473586800500e-01, 3.676103596027e-04, 8.8178e-01, 7.6370e-03, 
 2DIAGNOSTIC,    13, -4.473600409060e-01, 2.161758916600e-04, 8.8964e-01, 7.8580e-03, 
 2DIAGNOSTIC,    14, -4.473728733408e-01, 9.392911843437e-05, 8.9630e-01, 6.6659e-03, 
 2DIAGNOSTIC,    15, -4.473959101249e-01, 2.102704025048e-05, 9.0275e-01, 6.4490e-03, 
DIAGNOSTIC,Iteration,metricValue,convergenceValue,ITERATION_TIME_INDEX,SINCE_LAST
 2DIAGNOSTIC,     1, -3.538994093552e-01, 1.797693134862e+308, 1.3999e+00, 4.9715e-01, 
 2DIAGNOSTIC,     2, -3.541739188708e-01, 1.797693134862e+308, 1.4494e+00, 4.9509e-02, 
 2DIAGNOSTIC,     3, -3.545934331337e-01, 1.797693134862e+308, 1.4945e+00, 4.5079e-02, 
 2DIAGNOSTIC,     4, -3.548471096936e-01, 1.797693134862e+308, 1.5392e+00, 4.4739e-02, 
 2DIAGNOSTIC,     5, -3.555102906941e-01, 1.797693134862e+308, 1.5847e+00, 4.5490e-02, 
 2DIAGNOSTIC,     6, -3.567434405638e-01, 1.797693134862e+308, 1.6457e+00, 6.1024e-02, 
 2DIAGNOSTIC,     7, -3.574723786960e-01, 1.797693134862e+308, 1.6914e+00, 4.5669e-02, 
 2DIAGNOSTIC,     8, -3.585383633852e-01, 1.797693134862e+308, 1.7434e+00, 5.1971e-02, 
 2DIAGNOSTIC,     9, -3.594064467837e-01, 1.797693134862e+308, 1.8122e+00, 6.8796e-02, 
 2DIAGNOSTIC,    10, -3.599238547820e-01, 1.182615116415e-03, 1.8578e+00, 4.5614e-02, 
 2DIAGNOSTIC,    11, -3.614630055755e-01, 1.210284043555e-03, 1.9056e+00, 4.7831e-02, 
 2DIAGNOSTIC,    12, -3.631788919236e-01, 1.253728728462e-03, 1.9588e+00, 5.3139e-02, 
 2DIAGNOSTIC,    13, -3.635272199862e-01, 1.222837897577e-03, 2.0102e+00, 5.1475e-02, 
 2DIAGNOSTIC,    14, -3.640272000829e-01, 1.129585134241e-03, 2.0555e+00, 4.5304e-02, 
 2DIAGNOSTIC,    15, -3.643752742970e-01, 9.990042101058e-04, 2.1096e+00, 5.4051e-02, 
 2DIAGNOSTIC,    16, -3.649209696716e-01, 8.802488833053e-04, 2.1766e+00, 6.6991e-02, 
 2DIAGNOSTIC,    17, -3.655110605472e-01, 7.537963836951e-04, 2.2229e+00, 4.6275e-02, 
 2DIAGNOSTIC,    18, -3.658322265992e-01, 6.325040273465e-04, 2.2776e+00, 5.4704e-02, 
 2DIAGNOSTIC,    19, -3.659612816038e-01, 5.083242160089e-04, 2.3746e+00, 9.7022e-02, 
 2DIAGNOSTIC,    20, -3.659511914794e-01, 3.690083413642e-04, 2.4576e+00, 8.3006e-02, 
 2DIAGNOSTIC,    21, -3.659521170477e-01, 2.651328110282e-04, 2.5252e+00, 6.7563e-02, 
 2DIAGNOSTIC,    22, -3.659506168013e-01, 2.072457219813e-04, 2.5780e+00, 5.2877e-02, 
 2DIAGNOSTIC,    23, -3.659495931008e-01, 1.467740211393e-04, 2.6246e+00, 4.6617e-02, 
 2DIAGNOSTIC,    24, -3.659481476960e-01, 9.421594442052e-05, 2.6708e+00, 4.6199e-02, 
 2DIAGNOSTIC,    25, -3.659471219182e-01, 4.799442902580e-05, 2.7168e+00, 4.5951e-02, 
 2DIAGNOSTIC,    26, -3.659466553494e-01, 1.712405973977e-05, 2.7827e+00, 6.5907e-02, 
 2DIAGNOSTIC,    27, -3.659468604041e-01, 4.011970818868e-06, 2.8351e+00, 5.2368e-02, 
DIAGNOSTIC,Iteration,metricValue,convergenceValue,ITERATION_TIME_INDEX,SINCE_LAST
 2DIAGNOSTIC,     1, -3.003829215938e-01, 1.797693134862e+308, 4.3614e+00, 1.5264e+00, 
 2DIAGNOSTIC,     2, -3.003832919766e-01, 1.797693134862e+308, 4.7051e+00, 3.4366e-01, 
 2DIAGNOSTIC,     3, -3.003829075033e-01, 1.797693134862e+308, 5.0077e+00, 3.0259e-01, 
 2DIAGNOSTIC,     4, -3.003826523041e-01, 1.797693134862e+308, 5.3051e+00, 2.9741e-01, 
 2DIAGNOSTIC,     5, -3.003822850054e-01, 1.797693134862e+308, 5.5720e+00, 2.6687e-01, 
 2DIAGNOSTIC,     6, -3.003818754933e-01, 1.797693134862e+308, 5.8782e+00, 3.0627e-01, 
 2DIAGNOSTIC,     7, -3.003819966169e-01, 1.797693134862e+308, 6.1828e+00, 3.0456e-01, 
 2DIAGNOSTIC,     8, -3.003823883244e-01, 1.797693134862e+308, 6.4895e+00, 3.0667e-01, 
 2DIAGNOSTIC,     9, -3.003820005173e-01, 1.797693134862e+308, 6.7981e+00, 3.0865e-01, 
 2DIAGNOSTIC,    10, -3.003807287639e-01, 2.796926721851e-06, 7.0705e+00, 2.7237e-01, 
 2DIAGNOSTIC,    11, -3.003806015279e-01, 2.463189843260e-06, 7.3422e+00, 2.7170e-01, 
 2DIAGNOSTIC,    12, -3.003811940577e-01, 2.298006168897e-06, 7.6526e+00, 3.1041e-01, 
 2DIAGNOSTIC,    13, -3.003806616050e-01, 2.119820745466e-06, 8.0437e+00, 3.9108e-01, 
 2DIAGNOSTIC,    14, -3.003806512217e-01, 1.981399469761e-06, 8.4420e+00, 3.9836e-01, 
 2DIAGNOSTIC,    15, -3.003802517042e-01, 1.842542949812e-06, 8.7552e+00, 3.1320e-01, 
 2DIAGNOSTIC,    16, -3.003801225069e-01, 1.714822751159e-06, 9.0234e+00, 2.6818e-01, 
 2DIAGNOSTIC,    17, -3.003793732102e-01, 1.589798216489e-06, 9.3401e+00, 3.1665e-01, 
 2DIAGNOSTIC,    18, -3.003792431883e-01, 1.519142281990e-06, 9.6132e+00, 2.7317e-01, 
 2DIAGNOSTIC,    19, -3.003791209250e-01, 1.455546508648e-06, 9.8828e+00, 2.6954e-01, 
 2DIAGNOSTIC,    20, -3.003791814993e-01, 1.361286116768e-06, 1.0152e+01, 2.6905e-01, 
 2DIAGNOSTIC,    21, -3.003789136621e-01, 1.278545462342e-06, 1.0428e+01, 2.7656e-01, 
 2DIAGNOSTIC,    22, -3.003780750409e-01, 1.216030197336e-06, 1.0741e+01, 3.1226e-01, 
 2DIAGNOSTIC,    23, -3.003780909192e-01, 1.160053863289e-06, 1.1051e+01, 3.1067e-01, 
 2DIAGNOSTIC,    24, -3.003780282080e-01, 1.126174129888e-06, 1.1360e+01, 3.0832e-01, 
 2DIAGNOSTIC,    25, -3.003780215762e-01, 1.097634172449e-06, 1.1636e+01, 2.7632e-01, 
 2DIAGNOSTIC,    26, -3.003774827685e-01, 1.064329393778e-06, 1.1948e+01, 3.1241e-01, 
 2DIAGNOSTIC,    27, -3.003776299743e-01, 1.028523635004e-06, 1.2261e+01, 3.1288e-01, 
 2DIAGNOSTIC,    28, -3.003774636948e-01, 9.991106281818e-07, 1.2537e+01, 2.7587e-01, 
 2DIAGNOSTIC,    29, -3.003775217895e-01, 9.819175713008e-07, 1.2850e+01, 3.1270e-01, 
 2DIAGNOSTIC,    30, -3.003772744733e-01, 9.708186997914e-07, 1.3127e+01, 2.7706e-01, 
 2DIAGNOSTIC,    31, -3.003773553453e-01, 9.643259933564e-07, 1.3442e+01, 3.1509e-01, 
 2DIAGNOSTIC,    32, -3.003765261416e-01, 9.146191228687e-07, 1.3755e+01, 3.1262e-01, 
 2DIAGNOSTIC,    33, -3.003761445739e-01, 8.654222150642e-07, 1.4027e+01, 2.7256e-01, 
 2DIAGNOSTIC,    34, -3.003758824984e-01, 8.194028859251e-07, 1.4339e+01, 3.1220e-01, 
 2DIAGNOSTIC,    35, -3.003754337755e-01, 7.749467644154e-07, 1.4692e+01, 3.5315e-01, 
 2DIAGNOSTIC,    36, -3.003755668831e-01, 7.350535861650e-07, 1.4967e+01, 2.7454e-01, 
 2DIAGNOSTIC,    37, -3.003745346539e-01, 6.889016930349e-07, 1.5284e+01, 3.1650e-01, 
 2DIAGNOSTIC,    38, -3.003741441857e-01, 6.483575264067e-07, 1.5637e+01, 3.5330e-01, 
 2DIAGNOSTIC,    39, -3.003744043252e-01, 6.356731072979e-07, 1.5951e+01, 3.1370e-01, 
 2DIAGNOSTIC,    40, -3.003739861271e-01, 6.241098960136e-07, 1.6226e+01, 2.7518e-01, 
 2DIAGNOSTIC,    41, -3.003731753479e-01, 6.132200002437e-07, 1.6499e+01, 2.7357e-01, 
 2DIAGNOSTIC,    42, -3.003734190807e-01, 6.061156794766e-07, 1.6815e+01, 3.1533e-01, 
 2DIAGNOSTIC,    43, -3.003725023333e-01, 5.850096998182e-07, 1.7126e+01, 3.1135e-01, 
 2DIAGNOSTIC,    44, -3.003726258103e-01, 5.769377495642e-07, 1.7486e+01, 3.6001e-01, 
 2DIAGNOSTIC,    45, -3.003725667394e-01, 5.720047124569e-07, 1.7803e+01, 3.1725e-01, 
 2DIAGNOSTIC,    46, -3.003725440354e-01, 5.831146300088e-07, 1.8080e+01, 2.7631e-01, 
 2DIAGNOSTIC,    47, -3.003726710348e-01, 5.861437306701e-07, 1.8349e+01, 2.6940e-01, 
 2DIAGNOSTIC,    48, -3.003729085218e-01, 5.943875547691e-07, 1.8661e+01, 3.1173e-01, 
 2DIAGNOSTIC,    49, -3.003734667783e-01, 6.246841150401e-07, 1.8934e+01, 2.7322e-01, 
 2DIAGNOSTIC,    50, -3.003733374967e-01, 6.457716247681e-07, 1.9262e+01, 3.2798e-01, 
 2DIAGNOSTIC,    51, -3.003739816293e-01, 6.619910460741e-07, 1.9574e+01, 3.1265e-01, 
 2DIAGNOSTIC,    52, -3.003740360763e-01, 6.795766172886e-07, 1.9886e+01, 3.1109e-01, 
 2DIAGNOSTIC,    53, -3.003723586259e-01, 6.435481866678e-07, 2.0199e+01, 3.1341e-01, 
 2DIAGNOSTIC,    54, -3.003718487202e-01, 5.988450227229e-07, 2.0516e+01, 3.1663e-01, 
 2DIAGNOSTIC,    55, -3.003698279430e-01, 5.190318141633e-07, 2.0826e+01, 3.1020e-01, 
  Elapsed time (stage 0): 2.1091e+01


Stage 1
  iterations = 1000x500x250x100
  convergence threshold = 4.0000e-07
  convergence window size = 10
  number of levels = 4
  using the Mattes MI metric (number of bins = 32, weight = 1.0000e+00)
  Shrink factors (level 1 out of 4): [7, 8, 8]
  Shrink factors (level 2 out of 4): [4, 4, 4]
  Shrink factors (level 3 out of 4): [2, 2, 2]
  Shrink factors (level 4 out of 4): [1, 1, 1]
  smoothing sigmas per level: [3, 2, 1, 0]
  regular sampling (percentage = 2.5000e-01)

*** Running AffineTransform registration ***

DIAGNOSTIC,Iteration,metricValue,convergenceValue,ITERATION_TIME_INDEX,SINCE_LAST
 2DIAGNOSTIC,     1, -5.667160894881e-01, 1.797693134862e+308, 3.3158e-01, 3.3158e-01, 
 2DIAGNOSTIC,     2, -5.678058983984e-01, 1.797693134862e+308, 3.3448e-01, 2.9039e-03, 
 2DIAGNOSTIC,     3, -5.692890634530e-01, 1.797693134862e+308, 3.3783e-01, 3.3450e-03, 
 2DIAGNOSTIC,     4, -5.709356165909e-01, 1.797693134862e+308, 3.4060e-01, 2.7668e-03, 
 2DIAGNOSTIC,     5, -5.733420057763e-01, 1.797693134862e+308, 3.4354e-01, 2.9461e-03, 
 2DIAGNOSTIC,     6, -5.837942529494e-01, 1.797693134862e+308, 3.4742e-01, 3.8769e-03, 
 2DIAGNOSTIC,     7, -5.888769822847e-01, 1.797693134862e+308, 3.5063e-01, 3.2139e-03, 
 2DIAGNOSTIC,     8, -5.914485781645e-01, 1.797693134862e+308, 3.5362e-01, 2.9821e-03, 
 2DIAGNOSTIC,     9, -5.953691467122e-01, 1.797693134862e+308, 3.5672e-01, 3.1078e-03, 
 2DIAGNOSTIC,    10, -6.010714325777e-01, 4.117886835293e-03, 3.6171e-01, 4.9870e-03, 
 2DIAGNOSTIC,    11, -6.019461392546e-01, 3.919977970618e-03, 3.6479e-01, 3.0770e-03, 
 2DIAGNOSTIC,    12, -6.044163247199e-01, 3.548390517258e-03, 3.6823e-01, 3.4440e-03, 
 2DIAGNOSTIC,    13, -6.069953164298e-01, 3.070949113818e-03, 3.7234e-01, 4.1099e-03, 
 2DIAGNOSTIC,    14, -6.070258841576e-01, 2.444303334840e-03, 3.7572e-01, 3.3810e-03, 
 2DIAGNOSTIC,    15, -6.092159944436e-01, 1.820967685481e-03, 3.8033e-01, 4.6060e-03, 
 2DIAGNOSTIC,    16, -6.096551161593e-01, 1.435665106948e-03, 3.8413e-01, 3.7968e-03, 
 2DIAGNOSTIC,    17, -6.103455212073e-01, 1.129145829837e-03, 3.8716e-01, 3.0391e-03, 
 2DIAGNOSTIC,    18, -6.108116167127e-01, 8.330069489784e-04, 3.9015e-01, 2.9869e-03, 
 2DIAGNOSTIC,    19, -6.116895889525e-01, 6.096457823368e-04, 3.9326e-01, 3.1071e-03, 
 2DIAGNOSTIC,    20, -6.128943545842e-01, 5.178658985585e-04, 3.9672e-01, 3.4640e-03, 
 2DIAGNOSTIC,    21, -6.128917388761e-01, 4.052027688078e-04, 4.0078e-01, 4.0550e-03, 
 2DIAGNOSTIC,    22, -6.130094370024e-01, 3.209664676032e-04, 4.0422e-01, 3.4399e-03, 
 2DIAGNOSTIC,    23, -6.124668456072e-01, 2.572796012235e-04, 4.0777e-01, 3.5560e-03, 
 2DIAGNOSTIC,    24, -6.123395919900e-01, 1.721588603780e-04, 4.1070e-01, 2.9309e-03, 
 2DIAGNOSTIC,    25, -6.124810479528e-01, 1.218849015854e-04, 4.1427e-01, 3.5670e-03, 
 2DIAGNOSTIC,    26, -6.125846120332e-01, 7.379081059011e-05, 4.1843e-01, 4.1580e-03, 
 2DIAGNOSTIC,    27, -6.125317519578e-01, 3.394774480822e-05, 4.2193e-01, 3.4959e-03, 
 2DIAGNOSTIC,    28, -6.125923507118e-01, 2.898272668757e-06, 4.2492e-01, 2.9960e-03, 
DIAGNOSTIC,Iteration,metricValue,convergenceValue,ITERATION_TIME_INDEX,SINCE_LAST
 2DIAGNOSTIC,     1, -4.795822678727e-01, 1.797693134862e+308, 7.7179e-01, 3.4687e-01, 
 2DIAGNOSTIC,     2, -4.804233250146e-01, 1.797693134862e+308, 7.7906e-01, 7.2660e-03, 
 2DIAGNOSTIC,     3, -4.811246744737e-01, 1.797693134862e+308, 7.8617e-01, 7.1151e-03, 
 2DIAGNOSTIC,     4, -4.823403234086e-01, 1.797693134862e+308, 7.9353e-01, 7.3569e-03, 
 2DIAGNOSTIC,     5, -4.837959669435e-01, 1.797693134862e+308, 8.0194e-01, 8.4069e-03, 
 2DIAGNOSTIC,     6, -4.883964009108e-01, 1.797693134862e+308, 8.1244e-01, 1.0498e-02, 
 2DIAGNOSTIC,     7, -4.889952454527e-01, 1.797693134862e+308, 8.2062e-01, 8.1820e-03, 
 2DIAGNOSTIC,     8, -4.890360092052e-01, 1.797693134862e+308, 8.2997e-01, 9.3548e-03, 
 2DIAGNOSTIC,     9, -4.889290014760e-01, 1.797693134862e+308, 8.3850e-01, 8.5249e-03, 
 2DIAGNOSTIC,    10, -4.888826467465e-01, 1.535260794223e-03, 8.4885e-01, 1.0355e-02, 
 2DIAGNOSTIC,    11, -4.888759984374e-01, 1.195068189224e-03, 8.5764e-01, 8.7850e-03, 
 2DIAGNOSTIC,    12, -4.888315113759e-01, 8.433945649613e-04, 8.6509e-01, 7.4508e-03, 
 2DIAGNOSTIC,    13, -4.888282823935e-01, 5.041728548306e-04, 8.7344e-01, 8.3499e-03, 
 2DIAGNOSTIC,    14, -4.888768990706e-01, 2.219419919691e-04, 8.8080e-01, 7.3581e-03, 
 2DIAGNOSTIC,    15, -4.889143131124e-01, 1.078148184763e-05, 8.8842e-01, 7.6289e-03, 
DIAGNOSTIC,Iteration,metricValue,convergenceValue,ITERATION_TIME_INDEX,SINCE_LAST
 2DIAGNOSTIC,     1, -3.882967553969e-01, 1.797693134862e+308, 1.3852e+00, 4.9677e-01, 
 2DIAGNOSTIC,     2, -3.886201023519e-01, 1.797693134862e+308, 1.4387e+00, 5.3505e-02, 
 2DIAGNOSTIC,     3, -3.889402120921e-01, 1.797693134862e+308, 1.4909e+00, 5.2253e-02, 
 2DIAGNOSTIC,     4, -3.891692090591e-01, 1.797693134862e+308, 1.5434e+00, 5.2479e-02, 
 2DIAGNOSTIC,     5, -3.893803853304e-01, 1.797693134862e+308, 1.6037e+00, 6.0296e-02, 
 2DIAGNOSTIC,     6, -3.894521516006e-01, 1.797693134862e+308, 1.6623e+00, 5.8598e-02, 
 2DIAGNOSTIC,     7, -3.893715093699e-01, 1.797693134862e+308, 1.7237e+00, 6.1427e-02, 
 2DIAGNOSTIC,     8, -3.893718426438e-01, 1.797693134862e+308, 1.7855e+00, 6.1738e-02, 
 2DIAGNOSTIC,     9, -3.893972591602e-01, 1.797693134862e+308, 1.8367e+00, 5.1258e-02, 
 2DIAGNOSTIC,    10, -3.895610497975e-01, 1.749950884642e-04, 1.8902e+00, 5.3464e-02, 
 2DIAGNOSTIC,    11, -3.897178957015e-01, 1.212524289250e-04, 1.9438e+00, 5.3598e-02, 
 2DIAGNOSTIC,    12, -3.899404232329e-01, 9.883279998588e-05, 1.9950e+00, 5.1213e-02, 
 2DIAGNOSTIC,    13, -3.908249259181e-01, 1.385537359107e-04, 2.0621e+00, 6.7042e-02, 
 2DIAGNOSTIC,    14, -3.915906500242e-01, 2.105979028283e-04, 2.1699e+00, 1.0782e-01, 
 2DIAGNOSTIC,    15, -3.916017206023e-01, 2.640980675579e-04, 2.2402e+00, 7.0356e-02, 
 2DIAGNOSTIC,    16, -3.916012983349e-01, 2.911157640529e-04, 2.3003e+00, 6.0101e-02, 
 2DIAGNOSTIC,    17, -3.915861875764e-01, 2.845661742808e-04, 2.3730e+00, 7.2675e-02, 
 2DIAGNOSTIC,    18, -3.915833969483e-01, 2.519632386211e-04, 2.4404e+00, 6.7373e-02, 
 2DIAGNOSTIC,    19, -3.915830645082e-01, 1.999910394531e-04, 2.4929e+00, 5.2477e-02, 
 2DIAGNOSTIC,    20, -3.915749379723e-01, 1.408183935632e-04, 2.5533e+00, 6.0444e-02, 
 2DIAGNOSTIC,    21, -3.915791045619e-01, 8.050644535149e-05, 2.6137e+00, 6.0370e-02, 
 2DIAGNOSTIC,    22, -3.915532063049e-01, 2.430381566709e-05, 2.6734e+00, 5.9699e-02, 
DIAGNOSTIC,Iteration,metricValue,convergenceValue,ITERATION_TIME_INDEX,SINCE_LAST
 2DIAGNOSTIC,     1, -3.206379168332e-01, 1.797693134862e+308, 3.8884e+00, 1.2150e+00, 
 2DIAGNOSTIC,     2, -3.206421788655e-01, 1.797693134862e+308, 4.3177e+00, 4.2929e-01, 
 2DIAGNOSTIC,     3, -3.206449434321e-01, 1.797693134862e+308, 4.7027e+00, 3.8499e-01, 
 2DIAGNOSTIC,     4, -3.206386175714e-01, 1.797693134862e+308, 5.0506e+00, 3.4795e-01, 
 2DIAGNOSTIC,     5, -3.206385557790e-01, 1.797693134862e+308, 5.3994e+00, 3.4878e-01, 
 2DIAGNOSTIC,     6, -3.206364965714e-01, 1.797693134862e+308, 5.7920e+00, 3.9262e-01, 
 2DIAGNOSTIC,     7, -3.206365478619e-01, 1.797693134862e+308, 6.3522e+00, 5.6011e-01, 
 2DIAGNOSTIC,     8, -3.206364712467e-01, 1.797693134862e+308, 6.6723e+00, 3.2014e-01, 
 2DIAGNOSTIC,     9, -3.206361321843e-01, 1.797693134862e+308, 7.0244e+00, 3.5213e-01, 
 2DIAGNOSTIC,    10, -3.206359268606e-01, 1.893220228824e-06, 7.3760e+00, 3.5159e-01, 
 2DIAGNOSTIC,    11, -3.206352189869e-01, 1.477949688605e-06, 7.7267e+00, 3.5068e-01, 
 2DIAGNOSTIC,    12, -3.206351958885e-01, 1.561642020961e-06, 8.0821e+00, 3.5536e-01, 
 2DIAGNOSTIC,    13, -3.206349003157e-01, 1.908574650072e-06, 8.4370e+00, 3.5493e-01, 
 2DIAGNOSTIC,    14, -3.206349532012e-01, 1.856484745183e-06, 8.7488e+00, 3.1179e-01, 
 2DIAGNOSTIC,    15, -3.206349035569e-01, 1.846268606429e-06, 9.0561e+00, 3.0736e-01, 
 2DIAGNOSTIC,    16, -3.206351412163e-01, 1.761693687749e-06, 9.4503e+00, 3.9419e-01, 
 2DIAGNOSTIC,    17, -3.206353334904e-01, 1.720215180682e-06, 9.8078e+00, 3.5747e-01, 
 2DIAGNOSTIC,    18, -3.206354718260e-01, 1.700187574089e-06, 1.0156e+01, 3.4852e-01, 
 2DIAGNOSTIC,    19, -3.206345854223e-01, 1.631292109658e-06, 1.0513e+01, 3.5709e-01, 
 2DIAGNOSTIC,    20, -3.206343442923e-01, 1.555485403537e-06, 1.0825e+01, 3.1137e-01, 
 2DIAGNOSTIC,    21, -3.206343625850e-01, 1.460709880108e-06, 1.1138e+01, 3.1351e-01, 
 2DIAGNOSTIC,    22, -3.206346164810e-01, 1.388321103614e-06, 1.1452e+01, 3.1376e-01, 
 2DIAGNOSTIC,    23, -3.206354490354e-01, 1.347963078067e-06, 1.1757e+01, 3.0519e-01, 
 2DIAGNOSTIC,    24, -3.206364951664e-01, 1.354929276914e-06, 1.2108e+01, 3.5048e-01, 
 2DIAGNOSTIC,    25, -3.206372333192e-01, 1.382598599095e-06, 1.2455e+01, 3.4695e-01, 
 2DIAGNOSTIC,    26, -3.206363927387e-01, 1.376757425758e-06, 1.2758e+01, 3.0310e-01, 
 2DIAGNOSTIC,    27, -3.206352471990e-01, 1.326400619360e-06, 1.3063e+01, 3.0497e-01, 
 2DIAGNOSTIC,    28, -3.206362677818e-01, 1.303563287175e-06, 1.3413e+01, 3.5002e-01, 
 2DIAGNOSTIC,    29, -3.206370177108e-01, 1.260202049026e-06, 1.3761e+01, 3.4837e-01, 
 2DIAGNOSTIC,    30, -3.206358594599e-01, 1.162208444670e-06, 1.4108e+01, 3.4724e-01, 
 2DIAGNOSTIC,    31, -3.206364243703e-01, 1.080265240039e-06, 1.4460e+01, 3.5145e-01, 
 2DIAGNOSTIC,    32, -3.206358942104e-01, 9.907039217188e-07, 1.4850e+01, 3.9009e-01, 
 2DIAGNOSTIC,    33, -3.206367477663e-01, 9.509027515536e-07, 1.5239e+01, 3.8902e-01, 
 2DIAGNOSTIC,    34, -3.206366481703e-01, 9.371749449677e-07, 1.5551e+01, 3.1256e-01, 
 2DIAGNOSTIC,    35, -3.206361199410e-01, 9.305629475424e-07, 1.5898e+01, 3.4694e-01, 
 2DIAGNOSTIC,    36, -3.206362304072e-01, 9.062967718972e-07, 1.6253e+01, 3.5498e-01, 
 2DIAGNOSTIC,    37, -3.206358899308e-01, 8.444655383646e-07, 1.6603e+01, 3.4914e-01, 
 2DIAGNOSTIC,    38, -3.206362896426e-01, 8.196359798651e-07, 1.6910e+01, 3.0757e-01, 
 2DIAGNOSTIC,    39, -3.206368839723e-01, 8.287079101971e-07, 1.7261e+01, 3.5085e-01, 
 2DIAGNOSTIC,    40, -3.206374311297e-01, 8.221489403784e-07, 1.7559e+01, 2.9837e-01, 
 2DIAGNOSTIC,    41, -3.206380665535e-01, 8.397966036883e-07, 1.7901e+01, 3.4136e-01, 
 2DIAGNOSTIC,    42, -3.206387877746e-01, 8.538466463037e-07, 1.8284e+01, 3.8315e-01, 
