Running T1-THOMAS on sub-4
INFO:    Mounting image with FUSE.
Some packages in this Docker container are non-free
If you are considering commercial use of this container, please consult the relevant license:
https://fsl.fmrib.ox.ac.uk/fsl/fslwiki/Licence
THOMAS_HOME setting of /opt/thomas_new
Linux OS detected
File name OK
Running left and right thalamus MV big
All_Command_lines_OK
Using double precision for computations.
=============================================================================
The composite transform comprises the following transforms (in order): 
  1. Center of mass alignment using fixed image: sub-4_desc-preproc_T1w.nii.gz and moving image: /opt/thomas_new/origtemplate.nii.gz (type = Euler3DTransform)
=============================================================================
  number of levels = 4
  number of levels = 4
  fixed image: sub-4_desc-preproc_T1w.nii.gz
  moving image: /opt/thomas_new/origtemplate.nii.gz
  fixed image: sub-4_desc-preproc_T1w.nii.gz
  moving image: /opt/thomas_new/origtemplate.nii.gz
Dimension = 3
Number of stages = 2
Use Histogram Matching false
Winsorize image intensities false
Lower quantile = 0
Upper quantile = 1
Stage 1 State
   Image metric = Mattes
     Fixed image = Image (0x4730940)
  RTTI typeinfo:   itk::Image<double, 3u>
  Reference Count: 2
  Modified Time: 1696
  Debug: Off
  Object Name: 
  Observers: 
    none
  Source: (none)
  Source output name: (none)
  Release Data: Off
  Data Released: False
  Global Release Data: Off
  PipelineMTime: 0
  UpdateMTime: 1479
  RealTimeStamp: 0 seconds 
  LargestPossibleRegion: 
    Dimension: 3
    Index: [0, 0, 0]
    Size: [160, 256, 256]
  BufferedRegion: 
    Dimension: 3
    Index: [0, 0, 0]
    Size: [160, 256, 256]
  RequestedRegion: 
    Dimension: 3
    Index: [0, 0, 0]
    Size: [160, 256, 256]
  Spacing: [1, 0.976562, 0.976562]
  Origin: [96.2462, 123.621, -112.33]
  Direction: 
-0.993321 -0.0220415 -0.113261
0.0235871 -0.999646 -0.012324
-0.112949 -0.0149132 0.993489

  IndexToPointMatrix: 
-0.993321 -0.0215249 -0.110606
0.0235871 -0.976217 -0.0120352
-0.112949 -0.0145637 0.970204

  PointToIndexMatrix: 
-0.993321 0.0235871 -0.112949
-0.0225705 -1.02364 -0.0152711
-0.115979 -0.0126198 1.01733

  Inverse Direction: 
-0.993321 0.0235871 -0.112949
-0.0220415 -0.999646 -0.0149132
-0.113261 -0.012324 0.993489

  PixelContainer: 
    ImportImageContainer (0x4729420)
      RTTI typeinfo:   itk::ImportImageContainer<unsigned long, double>
      Reference Count: 1
      Modified Time: 1476
      Debug: Off
      Object Name: 
      Observers: 
        none
      Pointer: 0x14d5460e3010
      Container manages memory: true
      Size: 10485760
      Capacity: 10485760

     Moving image = Image (0x472a1f0)
  RTTI typeinfo:   itk::Image<double, 3u>
  Reference Count: 2
  Modified Time: 1697
  Debug: Off
  Object Name: 
  Observers: 
    none
  Source: (none)
  Source output name: (none)
  Release Data: Off
  Data Released: False
  Global Release Data: Off
  PipelineMTime: 0
  UpdateMTime: 1694
  RealTimeStamp: 0 seconds 
  LargestPossibleRegion: 
    Dimension: 3
    Index: [0, 0, 0]
    Size: [256, 440, 256]
  BufferedRegion: 
    Dimension: 3
    Index: [0, 0, 0]
    Size: [256, 440, 256]
  RequestedRegion: 
    Dimension: 3
    Index: [0, 0, 0]
    Size: [256, 440, 256]
  Spacing: [0.7031, 0.5, 0.7031]
  Origin: [83.5844, 59.822, -106.951]
  Direction: 
-1 0 0
0 -1 0
0 0 1

  IndexToPointMatrix: 
-0.7031 0 0
0 -0.5 0
0 0 0.7031

  PointToIndexMatrix: 
-1.42227 0 0
0 -2 0
0 0 1.42227

  Inverse Direction: 
-1 0 0
0 -1 0
0 0 1

  PixelContainer: 
    ImportImageContainer (0x472a480)
      RTTI typeinfo:   itk::ImportImageContainer<unsigned long, double>
      Reference Count: 1
      Modified Time: 1691
      Debug: Off
      Object Name: 
      Observers: 
        none
      Pointer: 0x14d5384e2010
      Container manages memory: true
      Size: 28835840
      Capacity: 28835840

     Weighting = 1
     Sampling strategy = regular
     Number of bins = 32
     Radius = 4
     Sampling percentage  = 0.25
   Transform = Rigid
     Gradient step = 0.1
     Update field sigma (voxel space) = 0
     Total field sigma (voxel space) = 0
     Update field time sigma = 0
     Total field time sigma  = 0
     Number of time indices = 0
     Number of time point samples = 0
Stage 2 State
   Image metric = Mattes
     Fixed image = Image (0x473c960)
  RTTI typeinfo:   itk::Image<double, 3u>
  Reference Count: 2
  Modified Time: 2128
  Debug: Off
  Object Name: 
  Observers: 
    none
  Source: (none)
  Source output name: (none)
  Release Data: Off
  Data Released: False
  Global Release Data: Off
  PipelineMTime: 0
  UpdateMTime: 1911
  RealTimeStamp: 0 seconds 
  LargestPossibleRegion: 
    Dimension: 3
    Index: [0, 0, 0]
    Size: [160, 256, 256]
  BufferedRegion: 
    Dimension: 3
    Index: [0, 0, 0]
    Size: [160, 256, 256]
  RequestedRegion: 
    Dimension: 3
    Index: [0, 0, 0]
    Size: [160, 256, 256]
  Spacing: [1, 0.976562, 0.976562]
  Origin: [96.2462, 123.621, -112.33]
  Direction: 
-0.993321 -0.0220415 -0.113261
0.0235871 -0.999646 -0.012324
-0.112949 -0.0149132 0.993489

  IndexToPointMatrix: 
-0.993321 -0.0215249 -0.110606
0.0235871 -0.976217 -0.0120352
-0.112949 -0.0145637 0.970204

  PointToIndexMatrix: 
-0.993321 0.0235871 -0.112949
-0.0225705 -1.02364 -0.0152711
-0.115979 -0.0126198 1.01733

  Inverse Direction: 
-0.993321 0.0235871 -0.112949
-0.0220415 -0.999646 -0.0149132
-0.113261 -0.012324 0.993489

  PixelContainer: 
    ImportImageContainer (0x4728220)
      RTTI typeinfo:   itk::ImportImageContainer<unsigned long, double>
      Reference Count: 1
      Modified Time: 1908
      Debug: Off
      Object Name: 
      Observers: 
        none
      Pointer: 0x14d5334e1010
      Container manages memory: true
      Size: 10485760
      Capacity: 10485760

     Moving image = Image (0x473e3f0)
  RTTI typeinfo:   itk::Image<double, 3u>
  Reference Count: 2
  Modified Time: 2129
  Debug: Off
  Object Name: 
  Observers: 
    none
  Source: (none)
  Source output name: (none)
  Release Data: Off
  Data Released: False
  Global Release Data: Off
  PipelineMTime: 0
  UpdateMTime: 2126
  RealTimeStamp: 0 seconds 
  LargestPossibleRegion: 
    Dimension: 3
    Index: [0, 0, 0]
    Size: [256, 440, 256]
  BufferedRegion: 
    Dimension: 3
    Index: [0, 0, 0]
    Size: [256, 440, 256]
  RequestedRegion: 
    Dimension: 3
    Index: [0, 0, 0]
    Size: [256, 440, 256]
  Spacing: [0.7031, 0.5, 0.7031]
  Origin: [83.5844, 59.822, -106.951]
  Direction: 
-1 0 0
0 -1 0
0 0 1

  IndexToPointMatrix: 
-0.7031 0 0
0 -0.5 0
0 0 0.7031

  PointToIndexMatrix: 
-1.42227 0 0
0 -2 0
0 0 1.42227

  Inverse Direction: 
-1 0 0
0 -1 0
0 0 1

  PixelContainer: 
    ImportImageContainer (0x472ed30)
      RTTI typeinfo:   itk::ImportImageContainer<unsigned long, double>
      Reference Count: 1
      Modified Time: 2123
      Debug: Off
      Object Name: 
      Observers: 
        none
      Pointer: 0x14d5258e0010
      Container manages memory: true
      Size: 28835840
      Capacity: 28835840

     Weighting = 1
     Sampling strategy = regular
     Number of bins = 32
     Radius = 4
     Sampling percentage  = 0.25
   Transform = Affine
     Gradient step = 0.1
     Update field sigma (voxel space) = 0
     Total field sigma (voxel space) = 0
     Update field time sigma = 0
     Total field time sigma  = 0
     Number of time indices = 0
     Number of time point samples = 0
Registration using 2 total stages.

Stage 0
  iterations = 1000x500x250x100
  convergence threshold = 5e-07
  convergence window size = 10
  number of levels = 4
  using the Mattes MI metric (number of bins = 32, weight = 1)
  Shrink factors (level 1 out of 4): [8, 8, 8]
  Shrink factors (level 2 out of 4): [4, 4, 4]
  Shrink factors (level 3 out of 4): [2, 2, 2]
  Shrink factors (level 4 out of 4): [1, 1, 1]
  smoothing sigmas per level: [3, 2, 1, 0]
  regular sampling (percentage = 0.25)

*** Running Euler3DTransform registration ***

DIAGNOSTIC,Iteration,metricValue,convergenceValue,ITERATION_TIME_INDEX,SINCE_LAST
 2DIAGNOSTIC,     1, -4.197504303806e-01, 1.797693134862e+308, 3.6041e-01, 3.6041e-01, 
 2DIAGNOSTIC,     2, -4.215642225012e-01, 1.797693134862e+308, 3.6328e-01, 2.8710e-03, 
 2DIAGNOSTIC,     3, -4.267786412847e-01, 1.797693134862e+308, 3.6621e-01, 2.9342e-03, 
 2DIAGNOSTIC,     4, -4.359539734761e-01, 1.797693134862e+308, 3.6945e-01, 3.2310e-03, 
 2DIAGNOSTIC,     5, -4.413514633578e-01, 1.797693134862e+308, 3.7249e-01, 3.0408e-03, 
 2DIAGNOSTIC,     6, -4.589121177964e-01, 1.797693134862e+308, 3.7585e-01, 3.3679e-03, 
 2DIAGNOSTIC,     7, -4.656515077572e-01, 1.797693134862e+308, 3.7962e-01, 3.7611e-03, 
 2DIAGNOSTIC,     8, -4.700028787119e-01, 1.797693134862e+308, 3.8312e-01, 3.5040e-03, 
 2DIAGNOSTIC,     9, -4.706436619856e-01, 1.797693134862e+308, 3.8592e-01, 2.7981e-03, 
 2DIAGNOSTIC,    10, -4.707165867556e-01, 8.942851091720e-03, 3.9139e-01, 5.4739e-03, 
 2DIAGNOSTIC,    11, -4.706647548476e-01, 7.253372078855e-03, 3.9484e-01, 3.4521e-03, 
 2DIAGNOSTIC,    12, -4.712806767422e-01, 5.329240753626e-03, 3.9781e-01, 2.9678e-03, 
 2DIAGNOSTIC,    13, -4.714577362534e-01, 3.491841478421e-03, 4.0094e-01, 3.1259e-03, 
 2DIAGNOSTIC,    14, -4.794216359104e-01, 2.379014908340e-03, 4.0468e-01, 3.7408e-03, 
 2DIAGNOSTIC,    15, -4.792818456989e-01, 1.400072521623e-03, 4.0796e-01, 3.2799e-03, 
 2DIAGNOSTIC,    16, -4.819132747061e-01, 1.202365654993e-03, 4.1111e-01, 3.1509e-03, 
 2DIAGNOSTIC,    17, -4.851496179644e-01, 1.278332051585e-03, 4.1424e-01, 3.1331e-03, 
 2DIAGNOSTIC,    18, -5.104641601824e-01, 2.232167367399e-03, 4.1759e-01, 3.3438e-03, 
 2DIAGNOSTIC,    19, -5.441932608149e-01, 3.935349523170e-03, 4.2401e-01, 6.4242e-03, 
 2DIAGNOSTIC,    20, -5.447466326553e-01, 5.078715333747e-03, 4.2695e-01, 2.9430e-03, 
 2DIAGNOSTIC,    21, -5.458243321861e-01, 5.680827814611e-03, 4.3042e-01, 3.4690e-03, 
 2DIAGNOSTIC,    22, -5.481356108535e-01, 5.783908386144e-03, 4.3337e-01, 2.9528e-03, 
 2DIAGNOSTIC,    23, -5.493939568864e-01, 5.354986605559e-03, 4.3761e-01, 4.2338e-03, 
 2DIAGNOSTIC,    24, -5.495717034350e-01, 4.653062087129e-03, 4.4045e-01, 2.8441e-03, 
 2DIAGNOSTIC,    25, -5.496331840188e-01, 3.584925591738e-03, 4.4381e-01, 3.3600e-03, 
 2DIAGNOSTIC,    26, -5.499669619129e-01, 2.356892198639e-03, 4.4708e-01, 3.2721e-03, 
 2DIAGNOSTIC,    27, -5.521156408559e-01, 1.117273545823e-03, 4.5407e-01, 6.9811e-03, 
 2DIAGNOSTIC,    28, -5.521798230987e-01, 3.727826367559e-04, 4.5729e-01, 3.2229e-03, 
 2DIAGNOSTIC,    29, -5.523366487348e-01, 3.219279307835e-04, 4.6093e-01, 3.6449e-03, 
 2DIAGNOSTIC,    30, -5.525842683754e-01, 2.607544709228e-04, 4.6395e-01, 3.0191e-03, 
 2DIAGNOSTIC,    31, -5.527538893304e-01, 2.011548831488e-04, 4.6703e-01, 3.0742e-03, 
 2DIAGNOSTIC,    32, -5.530112485168e-01, 1.710819503220e-04, 4.7004e-01, 3.0179e-03, 
 2DIAGNOSTIC,    33, -5.532041245317e-01, 1.516460114027e-04, 4.7343e-01, 3.3810e-03, 
 2DIAGNOSTIC,    34, -5.533729684278e-01, 1.255202681445e-04, 4.7698e-01, 3.5541e-03, 
 2DIAGNOSTIC,    35, -5.535388670117e-01, 9.310521912904e-05, 4.8051e-01, 3.5300e-03, 
 2DIAGNOSTIC,    36, -5.537683593941e-01, 6.172070695956e-05, 4.8348e-01, 2.9688e-03, 
 2DIAGNOSTIC,    37, -5.535989038022e-01, 5.629559556246e-05, 4.8677e-01, 3.2959e-03, 
 2DIAGNOSTIC,    38, -5.542411121490e-01, 5.639344358316e-05, 4.9075e-01, 3.9780e-03, 
 2DIAGNOSTIC,    39, -5.549660431325e-01, 6.348802029434e-05, 4.9350e-01, 2.7502e-03, 
 2DIAGNOSTIC,    40, -5.558434061365e-01, 7.960494971901e-05, 4.9810e-01, 4.5960e-03, 
 2DIAGNOSTIC,    41, -5.563426130919e-01, 9.625036474886e-05, 5.0167e-01, 3.5760e-03, 
 2DIAGNOSTIC,    42, -5.565221038534e-01, 1.087905230637e-04, 5.0522e-01, 3.5491e-03, 
 2DIAGNOSTIC,    43, -5.567300691237e-01, 1.155917829051e-04, 5.0872e-01, 3.4978e-03, 
 2DIAGNOSTIC,    44, -5.567966325946e-01, 1.138252769209e-04, 5.1175e-01, 3.0248e-03, 
 2DIAGNOSTIC,    45, -5.566242389413e-01, 1.011006970113e-04, 5.1529e-01, 3.5448e-03, 
 2DIAGNOSTIC,    46, -5.566597320146e-01, 8.280309713681e-05, 5.1830e-01, 3.0041e-03, 
 2DIAGNOSTIC,    47, -5.567587778299e-01, 5.664109418930e-05, 5.2151e-01, 3.2151e-03, 
 2DIAGNOSTIC,    48, -5.572708395378e-01, 3.933466578173e-05, 5.2451e-01, 2.9960e-03, 
 2DIAGNOSTIC,    49, -5.586508356434e-01, 4.223595869520e-05, 5.2956e-01, 5.0581e-03, 
 2DIAGNOSTIC,    50, -5.588229416733e-01, 5.208057585664e-05, 5.3265e-01, 3.0890e-03, 
 2DIAGNOSTIC,    51, -5.589159772656e-01, 6.311368887763e-05, 5.3592e-01, 3.2659e-03, 
 2DIAGNOSTIC,    52, -5.592525742710e-01, 7.321854520585e-05, 5.3904e-01, 3.1202e-03, 
 2DIAGNOSTIC,    53, -5.602055689892e-01, 8.762646526126e-05, 5.4211e-01, 3.0732e-03, 
 2DIAGNOSTIC,    54, -5.620512399384e-01, 1.119326309289e-04, 5.4751e-01, 5.3990e-03, 
 2DIAGNOSTIC,    55, -5.623759322837e-01, 1.257638559198e-04, 5.5278e-01, 5.2700e-03, 
 2DIAGNOSTIC,    56, -5.623987913199e-01, 1.281145523457e-04, 5.5631e-01, 3.5329e-03, 
 2DIAGNOSTIC,    57, -5.623831398481e-01, 1.192004707351e-04, 5.5930e-01, 2.9860e-03, 
 2DIAGNOSTIC,    58, -5.623127889988e-01, 1.028355850678e-04, 5.6261e-01, 3.3059e-03, 
 2DIAGNOSTIC,    59, -5.623262227121e-01, 8.968981353313e-05, 5.6554e-01, 2.9359e-03, 
 2DIAGNOSTIC,    60, -5.624195345241e-01, 7.085931321087e-05, 5.6846e-01, 2.9130e-03, 
 2DIAGNOSTIC,    61, -5.624700200262e-01, 4.743302180661e-05, 5.7132e-01, 2.8629e-03, 
 2DIAGNOSTIC,    62, -5.629381611641e-01, 2.728781855419e-05, 5.7472e-01, 3.3998e-03, 
 2DIAGNOSTIC,    63, -5.631595927101e-01, 1.476400453003e-05, 5.8009e-01, 5.3680e-03, 
 2DIAGNOSTIC,    64, -5.631213371864e-01, 1.636252787051e-05, 5.8290e-01, 2.8131e-03, 
 2DIAGNOSTIC,    65, -5.631351185583e-01, 1.923936587429e-05, 5.8610e-01, 3.2020e-03, 
 2DIAGNOSTIC,    66, -5.631467871843e-01, 2.049906177147e-05, 5.8953e-01, 3.4292e-03, 
 2DIAGNOSTIC,    67, -5.630728174437e-01, 1.903106587868e-05, 5.9371e-01, 4.1769e-03, 
 2DIAGNOSTIC,    68, -5.631608403109e-01, 1.595333129914e-05, 5.9736e-01, 3.6540e-03, 
 2DIAGNOSTIC,    69, -5.631967356078e-01, 1.187939630911e-05, 6.0019e-01, 2.8288e-03, 
 2DIAGNOSTIC,    70, -5.630814852137e-01, 6.713523561838e-06, 6.0377e-01, 3.5791e-03, 
 2DIAGNOSTIC,    71, -5.631563683622e-01, 1.995927165214e-06, 6.0654e-01, 2.7719e-03, 
 2DIAGNOSTIC,    72, -5.631622411569e-01, 7.139535349344e-07, 6.1036e-01, 3.8202e-03, 
 2DIAGNOSTIC,    73, -5.631681275787e-01, 1.095672418927e-06, 6.1342e-01, 3.0580e-03, 
 2DIAGNOSTIC,    74, -5.631789378937e-01, 1.201822248494e-06, 6.1652e-01, 3.0980e-03, 
 2DIAGNOSTIC,    75, -5.632386649660e-01, 1.765160083152e-06, 6.1947e-01, 2.9550e-03, 
 2DIAGNOSTIC,    76, -5.638139951187e-01, 6.299039874104e-06, 6.2259e-01, 3.1199e-03, 
 2DIAGNOSTIC,    77, -5.639645778819e-01, 1.053444522429e-05, 6.2887e-01, 6.2799e-03, 
 2DIAGNOSTIC,    78, -5.640391139709e-01, 1.480184885733e-05, 6.3255e-01, 3.6788e-03, 
 2DIAGNOSTIC,    79, -5.640336170832e-01, 1.785926406501e-05, 6.3560e-01, 3.0489e-03, 
 2DIAGNOSTIC,    80, -5.640440928033e-01, 1.844813462919e-05, 6.3867e-01, 3.0699e-03, 
 2DIAGNOSTIC,    81, -5.640598398399e-01, 1.781091144592e-05, 6.4196e-01, 3.2899e-03, 
 2DIAGNOSTIC,    82, -5.640418754897e-01, 1.540318107034e-05, 6.4496e-01, 3.0041e-03, 
 2DIAGNOSTIC,    83, -5.642571204433e-01, 1.307346046706e-05, 6.4988e-01, 4.9169e-03, 
 2DIAGNOSTIC,    84, -5.642602036858e-01, 9.673841512186e-06, 6.5299e-01, 3.1140e-03, 
 2DIAGNOSTIC,    85, -5.642682148499e-01, 5.811583461123e-06, 6.5565e-01, 2.6538e-03, 
 2DIAGNOSTIC,    86, -5.642784955516e-01, 5.112175355761e-06, 6.5915e-01, 3.5000e-03, 
 2DIAGNOSTIC,    87, -5.642823929093e-01, 4.893290150390e-06, 6.6240e-01, 3.2508e-03, 
 2DIAGNOSTIC,    88, -5.642914042514e-01, 4.727046463673e-06, 6.6750e-01, 5.0962e-03, 
 2DIAGNOSTIC,    89, -5.642925879997e-01, 4.110887367766e-06, 6.7040e-01, 2.9001e-03, 
 2DIAGNOSTIC,    90, -5.643015419828e-01, 3.277867468407e-06, 6.7381e-01, 3.4180e-03, 
 2DIAGNOSTIC,    91, -5.643048785025e-01, 2.309690917321e-06, 6.7657e-01, 2.7599e-03, 
 2DIAGNOSTIC,    92, -5.643059661518e-01, 1.043983719699e-06, 6.7985e-01, 3.2730e-03, 
 2DIAGNOSTIC,    93, -5.643105426557e-01, 9.849433681638e-07, 6.8291e-01, 3.0611e-03, 
 2DIAGNOSTIC,    94, -5.643174883532e-01, 9.215112796741e-07, 6.8578e-01, 2.8720e-03, 
 2DIAGNOSTIC,    95, -5.643253011153e-01, 8.898537511327e-07, 6.8913e-01, 3.3519e-03, 
 2DIAGNOSTIC,    96, -5.644598166733e-01, 1.598082382750e-06, 6.9468e-01, 5.5459e-03, 
 2DIAGNOSTIC,    97, -5.643984849869e-01, 1.838523455588e-06, 6.9876e-01, 4.0820e-03, 
 2DIAGNOSTIC,    98, -5.643237006515e-01, 1.595655357520e-06, 7.0205e-01, 3.2890e-03, 
 2DIAGNOSTIC,    99, -5.643265517559e-01, 1.274697467463e-06, 7.0515e-01, 3.1021e-03, 
 2DIAGNOSTIC,   100, -5.643313277218e-01, 9.275141460759e-07, 7.0815e-01, 2.9950e-03, 
 2DIAGNOSTIC,   101, -5.643435851023e-01, 5.938193022529e-07, 7.1168e-01, 3.5381e-03, 
DIAGNOSTIC,Iteration,metricValue,convergenceValue,ITERATION_TIME_INDEX,SINCE_LAST
 2DIAGNOSTIC,     1, -4.148664430023e-01, 1.797693134862e+308, 1.0956e+00, 3.8395e-01, 
 2DIAGNOSTIC,     2, -4.166303307076e-01, 1.797693134862e+308, 1.1043e+00, 8.6441e-03, 
 2DIAGNOSTIC,     3, -4.198997076555e-01, 1.797693134862e+308, 1.1128e+00, 8.5039e-03, 
 2DIAGNOSTIC,     4, -4.236707190994e-01, 1.797693134862e+308, 1.1211e+00, 8.3151e-03, 
 2DIAGNOSTIC,     5, -4.278088647314e-01, 1.797693134862e+308, 1.1293e+00, 8.2469e-03, 
 2DIAGNOSTIC,     6, -4.294513743763e-01, 1.797693134862e+308, 1.1378e+00, 8.4271e-03, 
 2DIAGNOSTIC,     7, -4.300816299915e-01, 1.797693134862e+308, 1.1459e+00, 8.1429e-03, 
 2DIAGNOSTIC,     8, -4.324118453577e-01, 1.797693134862e+308, 1.1545e+00, 8.6310e-03, 
 2DIAGNOSTIC,     9, -4.479358510937e-01, 1.797693134862e+308, 1.1704e+00, 1.5874e-02, 
 2DIAGNOSTIC,    10, -4.494375932714e-01, 4.900986447275e-03, 1.1876e+00, 1.7204e-02, 
 2DIAGNOSTIC,    11, -4.495176926649e-01, 4.677091685576e-03, 1.1958e+00, 8.1830e-03, 
 2DIAGNOSTIC,    12, -4.495143915791e-01, 4.185122982212e-03, 1.2051e+00, 9.3210e-03, 
 2DIAGNOSTIC,    13, -4.495093563905e-01, 3.554198914585e-03, 1.2150e+00, 9.9030e-03, 
 2DIAGNOSTIC,    14, -4.495095512298e-01, 2.853674216843e-03, 1.2246e+00, 9.6080e-03, 
 2DIAGNOSTIC,    15, -4.495013177046e-01, 2.165480580773e-03, 1.2332e+00, 8.5630e-03, 
 2DIAGNOSTIC,    16, -4.494963992029e-01, 1.444831006475e-03, 1.2418e+00, 8.5540e-03, 
 2DIAGNOSTIC,    17, -4.495624636826e-01, 7.108006409465e-04, 1.2502e+00, 8.4519e-03, 
 2DIAGNOSTIC,    18, -4.496615509808e-01, 6.715940308946e-05, 1.2597e+00, 9.5041e-03, 
 2DIAGNOSTIC,    19, -4.497428088793e-01, 1.729965979129e-05, 1.2689e+00, 9.2180e-03, 
 2DIAGNOSTIC,    20, -4.497755266738e-01, 2.064774567451e-05, 1.2780e+00, 9.0830e-03, 
 2DIAGNOSTIC,    21, -4.498161207935e-01, 2.566105726884e-05, 1.2890e+00, 1.1023e-02, 
 2DIAGNOSTIC,    22, -4.498545866764e-01, 2.896488472327e-05, 1.2997e+00, 1.0643e-02, 
 2DIAGNOSTIC,    23, -4.498490478063e-01, 2.903987817552e-05, 1.3094e+00, 9.7210e-03, 
 2DIAGNOSTIC,    24, -4.498409554090e-01, 2.632689879271e-05, 1.3176e+00, 8.2531e-03, 
 2DIAGNOSTIC,    25, -4.498357306330e-01, 2.120525713323e-05, 1.3262e+00, 8.5101e-03, 
 2DIAGNOSTIC,    26, -4.498509511211e-01, 1.485943675385e-05, 1.3346e+00, 8.4560e-03, 
 2DIAGNOSTIC,    27, -4.499078194213e-01, 1.057210434101e-05, 1.3442e+00, 9.6362e-03, 
 2DIAGNOSTIC,    28, -4.499543224763e-01, 8.988326024660e-06, 1.3541e+00, 9.8290e-03, 
 2DIAGNOSTIC,    29, -4.499561519165e-01, 8.614903558662e-06, 1.3634e+00, 9.2800e-03, 
 2DIAGNOSTIC,    30, -4.499716190840e-01, 8.603759446536e-06, 1.3714e+00, 8.0080e-03, 
 2DIAGNOSTIC,    31, -4.500250059152e-01, 9.796316887502e-06, 1.3805e+00, 9.1770e-03, 
 2DIAGNOSTIC,    32, -4.500415875243e-01, 1.113622857406e-05, 1.3903e+00, 9.7749e-03, 
 2DIAGNOSTIC,    33, -4.500426738966e-01, 1.134391126946e-05, 1.4011e+00, 1.0739e-02, 
 2DIAGNOSTIC,    34, -4.500374483527e-01, 1.034297992076e-05, 1.4095e+00, 8.4710e-03, 
 2DIAGNOSTIC,    35, -4.499934368104e-01, 7.624937064132e-06, 1.4189e+00, 9.4140e-03, 
 2DIAGNOSTIC,    36, -4.499923154396e-01, 4.658225351815e-06, 1.4274e+00, 8.4260e-03, 
 2DIAGNOSTIC,    37, -4.499908698691e-01, 2.417501627060e-06, 1.4383e+00, 1.0900e-02, 
 2DIAGNOSTIC,    38, -4.500130833892e-01, 1.309719754983e-06, 1.4469e+00, 8.6498e-03, 
DIAGNOSTIC,Iteration,metricValue,convergenceValue,ITERATION_TIME_INDEX,SINCE_LAST
 2DIAGNOSTIC,     1, -3.364318449674e-01, 1.797693134862e+308, 1.9992e+00, 5.5230e-01, 
 2DIAGNOSTIC,     2, -3.369396667927e-01, 1.797693134862e+308, 2.0591e+00, 5.9909e-02, 
 2DIAGNOSTIC,     3, -3.375521962815e-01, 1.797693134862e+308, 2.1190e+00, 5.9822e-02, 
 2DIAGNOSTIC,     4, -3.381561639364e-01, 1.797693134862e+308, 2.1803e+00, 6.1327e-02, 
 2DIAGNOSTIC,     5, -3.388001290436e-01, 1.797693134862e+308, 2.2476e+00, 6.7361e-02, 
 2DIAGNOSTIC,     6, -3.389907692048e-01, 1.797693134862e+308, 2.3089e+00, 6.1288e-02, 
 2DIAGNOSTIC,     7, -3.390523966636e-01, 1.797693134862e+308, 2.3682e+00, 5.9271e-02, 
 2DIAGNOSTIC,     8, -3.394523352562e-01, 1.797693134862e+308, 2.4892e+00, 1.2105e-01, 
 2DIAGNOSTIC,     9, -3.394508116946e-01, 1.797693134862e+308, 2.5934e+00, 1.0419e-01, 
 2DIAGNOSTIC,    10, -3.394506029513e-01, 5.907508005680e-04, 2.6631e+00, 6.9685e-02, 
 2DIAGNOSTIC,    11, -3.394517085598e-01, 4.145986146040e-04, 2.7307e+00, 6.7536e-02, 
 2DIAGNOSTIC,    12, -3.394500650204e-01, 2.661620990971e-04, 2.7992e+00, 6.8557e-02, 
 2DIAGNOSTIC,    13, -3.394455895695e-01, 1.552179236038e-04, 2.8678e+00, 6.8556e-02, 
 2DIAGNOSTIC,    14, -3.394375856321e-01, 8.101240637345e-05, 2.9287e+00, 6.0949e-02, 
 2DIAGNOSTIC,    15, -3.394374412658e-01, 4.565184908295e-05, 2.9966e+00, 6.7894e-02, 
 2DIAGNOSTIC,    16, -3.394297500403e-01, 2.046990394682e-05, 3.0663e+00, 6.9686e-02, 
DIAGNOSTIC,Iteration,metricValue,convergenceValue,ITERATION_TIME_INDEX,SINCE_LAST
 2DIAGNOSTIC,     1, -2.623378687133e-01, 1.797693134862e+308, 4.3364e+00, 1.2701e+00, 
 2DIAGNOSTIC,     2, -2.624049294966e-01, 1.797693134862e+308, 4.9861e+00, 6.4970e-01, 
 2DIAGNOSTIC,     3, -2.624040122729e-01, 1.797693134862e+308, 5.3727e+00, 3.8668e-01, 
 2DIAGNOSTIC,     4, -2.624032110350e-01, 1.797693134862e+308, 5.7600e+00, 3.8728e-01, 
 2DIAGNOSTIC,     5, -2.624036740344e-01, 1.797693134862e+308, 6.1515e+00, 3.9147e-01, 
 2DIAGNOSTIC,     6, -2.624013927550e-01, 1.797693134862e+308, 6.5377e+00, 3.8622e-01, 
 2DIAGNOSTIC,     7, -2.624016241856e-01, 1.797693134862e+308, 7.0142e+00, 4.7645e-01, 
 2DIAGNOSTIC,     8, -2.624013078796e-01, 1.797693134862e+308, 7.4964e+00, 4.8224e-01, 
 2DIAGNOSTIC,     9, -2.624012097221e-01, 1.797693134862e+308, 7.8597e+00, 3.6334e-01, 
 2DIAGNOSTIC,    10, -2.624006789653e-01, 9.305553280339e-06, 8.2135e+00, 3.5372e-01, 
 2DIAGNOSTIC,    11, -2.624005705453e-01, 1.932594561688e-06, 8.5666e+00, 3.5315e-01, 
 2DIAGNOSTIC,    12, -2.624005791001e-01, 1.930513794574e-06, 8.9196e+00, 3.5302e-01, 
 2DIAGNOSTIC,    13, -2.624004837203e-01, 1.908259282285e-06, 9.3163e+00, 3.9663e-01, 
 2DIAGNOSTIC,    14, -2.624004068880e-01, 1.867773107150e-06, 9.6224e+00, 3.0617e-01, 
 2DIAGNOSTIC,    15, -2.624002251319e-01, 1.895254322287e-06, 9.9757e+00, 3.5331e-01, 
 2DIAGNOSTIC,    16, -2.623998710215e-01, 1.761194462671e-06, 1.0325e+01, 3.4925e-01, 
 2DIAGNOSTIC,    17, -2.624001575587e-01, 1.697216571533e-06, 1.0680e+01, 3.5465e-01, 
 2DIAGNOSTIC,    18, -2.623998257058e-01, 1.616280130866e-06, 1.1030e+01, 3.5083e-01, 
 2DIAGNOSTIC,    19, -2.623997947494e-01, 1.551834613735e-06, 1.1383e+01, 3.5220e-01, 
 2DIAGNOSTIC,    20, -2.623995532776e-01, 1.463813757402e-06, 1.1780e+01, 3.9746e-01, 
 2DIAGNOSTIC,    21, -2.623996443055e-01, 1.395289854794e-06, 1.2134e+01, 3.5406e-01, 
 2DIAGNOSTIC,    22, -2.623995677443e-01, 1.340339104532e-06, 1.2487e+01, 3.5234e-01, 
 2DIAGNOSTIC,    23, -2.623993429079e-01, 1.284881457009e-06, 1.2807e+01, 3.2017e-01, 
 2DIAGNOSTIC,    24, -2.623992005297e-01, 1.234044478937e-06, 1.3130e+01, 3.2323e-01, 
 2DIAGNOSTIC,    25, -2.623991620922e-01, 1.186841764055e-06, 1.3502e+01, 3.7194e-01, 
 2DIAGNOSTIC,    26, -2.623986262534e-01, 1.113521623894e-06, 1.3862e+01, 3.6028e-01, 
 2DIAGNOSTIC,    27, -2.623989656681e-01, 1.081881953600e-06, 1.4221e+01, 3.5878e-01, 
 2DIAGNOSTIC,    28, -2.623990223022e-01, 1.050444209706e-06, 1.4584e+01, 3.6334e-01, 
 2DIAGNOSTIC,    29, -2.623991239120e-01, 1.032045743740e-06, 1.5020e+01, 4.3572e-01, 
 2DIAGNOSTIC,    30, -2.623986865286e-01, 9.964720913760e-07, 1.5374e+01, 3.5419e-01, 
 2DIAGNOSTIC,    31, -2.623985504791e-01, 9.683546894138e-07, 1.5739e+01, 3.6467e-01, 
 2DIAGNOSTIC,    32, -2.623982887567e-01, 9.360350404705e-07, 1.6102e+01, 3.6294e-01, 
 2DIAGNOSTIC,    33, -2.623982215977e-01, 9.012982026754e-07, 1.6422e+01, 3.2024e-01, 
 2DIAGNOSTIC,    34, -2.623981898914e-01, 8.688927277678e-07, 1.6787e+01, 3.6459e-01, 
 2DIAGNOSTIC,    35, -2.623979442726e-01, 8.366201380873e-07, 1.7110e+01, 3.2324e-01, 
 2DIAGNOSTIC,    36, -2.623977812891e-01, 7.920772643957e-07, 1.7519e+01, 4.0944e-01, 
 2DIAGNOSTIC,    37, -2.623980299598e-01, 7.758340613943e-07, 1.7878e+01, 3.5851e-01, 
 2DIAGNOSTIC,    38, -2.623975843114e-01, 7.567424927732e-07, 1.8203e+01, 3.2508e-01, 
 2DIAGNOSTIC,    39, -2.623965632904e-01, 7.213509063339e-07, 1.8592e+01, 3.8903e-01, 
 2DIAGNOSTIC,    40, -2.623966294393e-01, 6.875459872165e-07, 1.8940e+01, 3.4844e-01, 
 2DIAGNOSTIC,    41, -2.623964198010e-01, 6.562044254470e-07, 1.9271e+01, 3.3084e-01, 
 2DIAGNOSTIC,    42, -2.623966088552e-01, 6.355387704784e-07, 1.9653e+01, 3.8154e-01, 
 2DIAGNOSTIC,    43, -2.623967310780e-01, 6.288327976389e-07, 2.0048e+01, 3.9517e-01, 
 2DIAGNOSTIC,    44, -2.623955357769e-01, 6.034019632874e-07, 2.0424e+01, 3.7582e-01, 
 2DIAGNOSTIC,    45, -2.623954753320e-01, 5.841948065854e-07, 2.0806e+01, 3.8230e-01, 
 2DIAGNOSTIC,    46, -2.623950624419e-01, 5.631258945607e-07, 2.1188e+01, 3.8181e-01, 
 2DIAGNOSTIC,    47, -2.623950238654e-01, 5.598624455358e-07, 2.1527e+01, 3.3916e-01, 
 2DIAGNOSTIC,    48, -2.623952131226e-01, 5.626804109558e-07, 2.1912e+01, 3.8536e-01, 
 2DIAGNOSTIC,    49, -2.623954005821e-01, 5.566734883854e-07, 2.2296e+01, 3.8411e-01, 
 2DIAGNOSTIC,    50, -2.623948425655e-01, 5.494150518565e-07, 2.2684e+01, 3.8736e-01, 
 2DIAGNOSTIC,    51, -2.623944535850e-01, 5.381601754471e-07, 2.3000e+01, 3.1624e-01, 
 2DIAGNOSTIC,    52, -2.623948739370e-01, 5.480318158758e-07, 2.3366e+01, 3.6601e-01, 
 2DIAGNOSTIC,    53, -2.623951507725e-01, 5.717425203312e-07, 2.3687e+01, 3.2087e-01, 
 2DIAGNOSTIC,    54, -2.623953323715e-01, 5.766746934630e-07, 2.4090e+01, 4.0330e-01, 
 2DIAGNOSTIC,    55, -2.623953347101e-01, 5.820567991269e-07, 2.4576e+01, 4.8581e-01, 
 2DIAGNOSTIC,    56, -2.623953896915e-01, 5.803584816368e-07, 2.4914e+01, 3.3829e-01, 
 2DIAGNOSTIC,    57, -2.623951199935e-01, 5.713443131834e-07, 2.5234e+01, 3.1965e-01, 
 2DIAGNOSTIC,    58, -2.623949544651e-01, 5.614907201135e-07, 2.5559e+01, 3.2460e-01, 
 2DIAGNOSTIC,    59, -2.623949432503e-01, 5.542537690716e-07, 2.5892e+01, 3.3368e-01, 
 2DIAGNOSTIC,    60, -2.623951580378e-01, 5.398568280017e-07, 2.6271e+01, 3.7902e-01, 
 2DIAGNOSTIC,    61, -2.623951978365e-01, 5.185387240356e-07, 2.6602e+01, 3.3069e-01, 
 2DIAGNOSTIC,    62, -2.623951810213e-01, 5.052491957799e-07, 2.6936e+01, 3.3441e-01, 
  Elapsed time (stage 0): 2.7260e+01


Stage 1
  iterations = 1000x500x250x100
  convergence threshold = 4.0000e-07
  convergence window size = 10
  number of levels = 4
  using the Mattes MI metric (number of bins = 32, weight = 1.0000e+00)
  Shrink factors (level 1 out of 4): [8, 8, 8]
  Shrink factors (level 2 out of 4): [4, 4, 4]
  Shrink factors (level 3 out of 4): [2, 2, 2]
  Shrink factors (level 4 out of 4): [1, 1, 1]
  smoothing sigmas per level: [3, 2, 1, 0]
  regular sampling (percentage = 2.5000e-01)

*** Running AffineTransform registration ***

DIAGNOSTIC,Iteration,metricValue,convergenceValue,ITERATION_TIME_INDEX,SINCE_LAST
 2DIAGNOSTIC,     1, -5.700875276300e-01, 1.797693134862e+308, 3.4671e-01, 3.4671e-01, 
 2DIAGNOSTIC,     2, -5.735997911962e-01, 1.797693134862e+308, 3.4957e-01, 2.8591e-03, 
 2DIAGNOSTIC,     3, -5.778234134241e-01, 1.797693134862e+308, 3.5258e-01, 3.0088e-03, 
 2DIAGNOSTIC,     4, -5.813591431037e-01, 1.797693134862e+308, 3.5567e-01, 3.0961e-03, 
 2DIAGNOSTIC,     5, -5.897953037913e-01, 1.797693134862e+308, 3.5855e-01, 2.8780e-03, 
 2DIAGNOSTIC,     6, -6.005137076587e-01, 1.797693134862e+308, 3.6159e-01, 3.0360e-03, 
 2DIAGNOSTIC,     7, -6.101504745239e-01, 1.797693134862e+308, 3.6439e-01, 2.8031e-03, 
 2DIAGNOSTIC,     8, -6.169773178924e-01, 1.797693134862e+308, 3.6731e-01, 2.9221e-03, 
 2DIAGNOSTIC,     9, -6.213870643606e-01, 1.797693134862e+308, 3.7195e-01, 4.6411e-03, 
 2DIAGNOSTIC,    10, -6.254049384017e-01, 6.660218454708e-03, 3.7730e-01, 5.3458e-03, 
 2DIAGNOSTIC,    11, -6.255947499830e-01, 5.863654261147e-03, 3.8103e-01, 3.7339e-03, 
 2DIAGNOSTIC,    12, -6.258808389606e-01, 4.828799139810e-03, 3.8477e-01, 3.7410e-03, 
 2DIAGNOSTIC,    13, -6.263828516685e-01, 3.698076388689e-03, 3.8868e-01, 3.9051e-03, 
 2DIAGNOSTIC,    14, -6.264627359746e-01, 2.518460887380e-03, 3.9213e-01, 3.4461e-03, 
 2DIAGNOSTIC,    15, -6.259804109756e-01, 1.515794533828e-03, 3.9512e-01, 2.9891e-03, 
 2DIAGNOSTIC,    16, -6.258119403192e-01, 8.086252739581e-04, 3.9841e-01, 3.2899e-03, 
 2DIAGNOSTIC,    17, -6.255951452776e-01, 3.692490937437e-04, 4.0139e-01, 2.9881e-03, 
 2DIAGNOSTIC,    18, -6.257676744678e-01, 1.250580247213e-04, 4.0450e-01, 3.1080e-03, 
 2DIAGNOSTIC,    19, -6.260981943876e-01, 9.004402007726e-06, 4.0763e-01, 3.1300e-03, 
 2DIAGNOSTIC,    20, -6.266369038170e-01, 1.016373572948e-05, 4.1056e-01, 2.9271e-03, 
 2DIAGNOSTIC,    21, -6.271947892754e-01, 2.685815534235e-05, 4.1411e-01, 3.5520e-03, 
 2DIAGNOSTIC,    22, -6.276814374376e-01, 5.546843063547e-05, 4.1757e-01, 3.4590e-03, 
 2DIAGNOSTIC,    23, -6.273332877219e-01, 7.933466718330e-05, 4.2390e-01, 6.3291e-03, 
 2DIAGNOSTIC,    24, -6.274219482143e-01, 9.760211848796e-05, 4.2702e-01, 3.1190e-03, 
 2DIAGNOSTIC,    25, -6.271586808554e-01, 9.144276088591e-05, 4.3060e-01, 3.5810e-03, 
 2DIAGNOSTIC,    26, -6.272760358440e-01, 7.644518396636e-05, 4.3421e-01, 3.6089e-03, 
 2DIAGNOSTIC,    27, -6.274999608957e-01, 5.551610068896e-05, 4.3794e-01, 3.7301e-03, 
 2DIAGNOSTIC,    28, -6.275055764549e-01, 3.393508768389e-05, 4.4115e-01, 3.2089e-03, 
 2DIAGNOSTIC,    29, -6.276561956605e-01, 1.849711513322e-05, 4.4468e-01, 3.5369e-03, 
 2DIAGNOSTIC,    30, -6.272391926735e-01, 4.138486779943e-06, 4.4972e-01, 5.0340e-03, 
DIAGNOSTIC,Iteration,metricValue,convergenceValue,ITERATION_TIME_INDEX,SINCE_LAST
 2DIAGNOSTIC,     1, -4.686006983191e-01, 1.797693134862e+308, 8.2552e-01, 3.7581e-01, 
 2DIAGNOSTIC,     2, -4.697723707083e-01, 1.797693134862e+308, 8.3487e-01, 9.3470e-03, 
 2DIAGNOSTIC,     3, -4.729350496496e-01, 1.797693134862e+308, 8.4440e-01, 9.5270e-03, 
 2DIAGNOSTIC,     4, -4.812000652859e-01, 1.797693134862e+308, 8.5949e-01, 1.5094e-02, 
 2DIAGNOSTIC,     5, -4.836045528959e-01, 1.797693134862e+308, 8.7435e-01, 1.4862e-02, 
 2DIAGNOSTIC,     6, -4.836227012180e-01, 1.797693134862e+308, 8.8557e-01, 1.1217e-02, 
 2DIAGNOSTIC,     7, -4.837031621079e-01, 1.797693134862e+308, 8.9628e-01, 1.0713e-02, 
 2DIAGNOSTIC,     8, -4.838446596817e-01, 1.797693134862e+308, 9.0562e-01, 9.3391e-03, 
 2DIAGNOSTIC,     9, -4.840342621871e-01, 1.797693134862e+308, 9.1450e-01, 8.8732e-03, 
 2DIAGNOSTIC,    10, -4.844010503151e-01, 2.201355134170e-03, 9.2385e-01, 9.3558e-03, 
 2DIAGNOSTIC,    11, -4.849873371110e-01, 1.474711369928e-03, 9.3370e-01, 9.8510e-03, 
 2DIAGNOSTIC,    12, -4.858109239959e-01, 8.385116257085e-04, 9.4356e-01, 9.8548e-03, 
 2DIAGNOSTIC,    13, -4.867754652329e-01, 4.032429862413e-04, 9.5343e-01, 9.8729e-03, 
 2DIAGNOSTIC,    14, -4.878765960834e-01, 3.859545185625e-04, 9.6279e-01, 9.3570e-03, 
 2DIAGNOSTIC,    15, -4.887277705140e-01, 4.634421564510e-04, 9.7233e-01, 9.5389e-03, 
 2DIAGNOSTIC,    16, -4.894041943414e-01, 5.141147942379e-04, 9.8198e-01, 9.6560e-03, 
 2DIAGNOSTIC,    17, -4.905004091421e-01, 5.520743991877e-04, 9.9572e-01, 1.3743e-02, 
 2DIAGNOSTIC,    18, -4.918663690443e-01, 5.833287459286e-04, 1.0067e+00, 1.0981e-02, 
 2DIAGNOSTIC,    19, -4.918412941298e-01, 5.615515862988e-04, 1.0162e+00, 9.4931e-03, 
 2DIAGNOSTIC,    20, -4.921614156593e-01, 5.108149354696e-04, 1.0272e+00, 1.0980e-02, 
 2DIAGNOSTIC,    21, -4.923038642700e-01, 4.379304608991e-04, 1.0429e+00, 1.5720e-02, 
 2DIAGNOSTIC,    22, -4.923727333428e-01, 3.540965546372e-04, 1.0529e+00, 9.9530e-03, 
 2DIAGNOSTIC,    23, -4.925183954198e-01, 2.721254901682e-04, 1.0642e+00, 1.1380e-02, 
 2DIAGNOSTIC,    24, -4.925935759088e-01, 2.002731902062e-04, 1.0735e+00, 9.2280e-03, 
 2DIAGNOSTIC,    25, -4.927302704772e-01, 1.389457492716e-04, 1.0825e+00, 9.0790e-03, 
 2DIAGNOSTIC,    26, -4.929707702085e-01, 8.962606144070e-05, 1.0936e+00, 1.1029e-02, 
 2DIAGNOSTIC,    27, -4.932119692610e-01, 6.375008431986e-05, 1.1117e+00, 1.8160e-02, 
 2DIAGNOSTIC,    28, -4.931756960539e-01, 6.162560130882e-05, 1.1215e+00, 9.7630e-03, 
 2DIAGNOSTIC,    29, -4.931405847936e-01, 5.271327266364e-05, 1.1325e+00, 1.1038e-02, 
 2DIAGNOSTIC,    30, -4.930902241312e-01, 4.477421283017e-05, 1.1424e+00, 9.8779e-03, 
 2DIAGNOSTIC,    31, -4.930550710428e-01, 3.516092848380e-05, 1.1531e+00, 1.0712e-02, 
 2DIAGNOSTIC,    32, -4.930934261881e-01, 2.476627632690e-05, 1.1638e+00, 1.0638e-02, 
 2DIAGNOSTIC,    33, -4.930929638147e-01, 1.533603906621e-05, 1.1745e+00, 1.0763e-02, 
 2DIAGNOSTIC,    34, -4.930124171171e-01, 5.075629226033e-06, 1.1840e+00, 9.4490e-03, 
DIAGNOSTIC,Iteration,metricValue,convergenceValue,ITERATION_TIME_INDEX,SINCE_LAST
 2DIAGNOSTIC,     1, -3.752693076452e-01, 1.797693134862e+308, 1.7347e+00, 5.5072e-01, 
 2DIAGNOSTIC,     2, -3.755832340213e-01, 1.797693134862e+308, 1.8059e+00, 7.1213e-02, 
 2DIAGNOSTIC,     3, -3.758978188299e-01, 1.797693134862e+308, 1.8747e+00, 6.8759e-02, 
 2DIAGNOSTIC,     4, -3.763905749896e-01, 1.797693134862e+308, 1.9470e+00, 7.2337e-02, 
 2DIAGNOSTIC,     5, -3.767830982352e-01, 1.797693134862e+308, 2.0196e+00, 7.2578e-02, 
 2DIAGNOSTIC,     6, -3.772790455941e-01, 1.797693134862e+308, 2.0879e+00, 6.8290e-02, 
 2DIAGNOSTIC,     7, -3.780857392227e-01, 1.797693134862e+308, 2.1657e+00, 7.7846e-02, 
 2DIAGNOSTIC,     8, -3.785745598886e-01, 1.797693134862e+308, 2.2632e+00, 9.7521e-02, 
 2DIAGNOSTIC,     9, -3.787219017259e-01, 1.797693134862e+308, 2.3309e+00, 6.7704e-02, 
 2DIAGNOSTIC,    10, -3.789044318544e-01, 6.911812464134e-04, 2.4040e+00, 7.3072e-02, 
 2DIAGNOSTIC,    11, -3.790438269731e-01, 5.981966003171e-04, 2.4719e+00, 6.7911e-02, 
 2DIAGNOSTIC,    12, -3.792551088856e-01, 4.995095109227e-04, 2.5552e+00, 8.3236e-02, 
 2DIAGNOSTIC,    13, -3.794735901730e-01, 4.012285517390e-04, 2.6723e+00, 1.1713e-01, 
 2DIAGNOSTIC,    14, -3.795245971409e-01, 3.101393729198e-04, 2.7810e+00, 1.0869e-01, 
 2DIAGNOSTIC,    15, -3.795352056371e-01, 2.235611171269e-04, 2.8582e+00, 7.7238e-02, 
 2DIAGNOSTIC,    16, -3.795241678422e-01, 1.496416343655e-04, 2.9350e+00, 7.6801e-02, 
 2DIAGNOSTIC,    17, -3.795202586214e-01, 1.057902930247e-04, 3.0175e+00, 8.2439e-02, 
 2DIAGNOSTIC,    18, -3.795209892407e-01, 7.749347506632e-05, 3.1053e+00, 8.7813e-02, 
 2DIAGNOSTIC,    19, -3.795259633316e-01, 5.111163875141e-05, 3.1825e+00, 7.7282e-02, 
 2DIAGNOSTIC,    20, -3.795251357750e-01, 2.966911137354e-05, 3.2633e+00, 8.0703e-02, 
 2DIAGNOSTIC,    21, -3.795201942362e-01, 1.238605364037e-05, 3.3406e+00, 7.7332e-02, 
 2DIAGNOSTIC,    22, -3.795175642490e-01, 2.611417380415e-06, 3.4223e+00, 8.1706e-02, 
 2DIAGNOSTIC,    23, -3.795133086359e-01, 5.252584861504e-07, 3.4911e+00, 6.8795e-02, 
DIAGNOSTIC,Iteration,metricValue,convergenceValue,ITERATION_TIME_INDEX,SINCE_LAST
 2DIAGNOSTIC,     1, -2.973322306774e-01, 1.797693134862e+308, 4.8466e+00, 1.3555e+00, 
 2DIAGNOSTIC,     2, -2.973740958690e-01, 1.797693134862e+308, 5.4533e+00, 6.0671e-01, 
 2DIAGNOSTIC,     3, -2.973801141965e-01, 1.797693134862e+308, 5.9057e+00, 4.5240e-01, 
 2DIAGNOSTIC,     4, -2.973804099800e-01, 1.797693134862e+308, 6.4119e+00, 5.0622e-01, 
 2DIAGNOSTIC,     5, -2.973790472331e-01, 1.797693134862e+308, 6.9101e+00, 4.9816e-01, 
 2DIAGNOSTIC,     6, -2.973779935178e-01, 1.797693134862e+308, 7.3289e+00, 4.1884e-01, 
 2DIAGNOSTIC,     7, -2.973781655290e-01, 1.797693134862e+308, 8.0662e+00, 7.3729e-01, 
 2DIAGNOSTIC,     8, -2.973782577303e-01, 1.797693134862e+308, 8.5194e+00, 4.5313e-01, 
 2DIAGNOSTIC,     9, -2.973780329225e-01, 1.797693134862e+308, 8.9223e+00, 4.0296e-01, 
 2DIAGNOSTIC,    10, -2.973780351753e-01, 7.646059026173e-06, 9.3754e+00, 4.5307e-01, 
 2DIAGNOSTIC,    11, -2.973776943257e-01, 2.872130198506e-06, 9.7767e+00, 4.0134e-01, 
 2DIAGNOSTIC,    12, -2.973777185927e-01, 2.217205662736e-06, 1.0179e+01, 4.0263e-01, 
 2DIAGNOSTIC,    13, -2.973779209856e-01, 2.155983104865e-06, 1.0633e+01, 4.5374e-01, 
 2DIAGNOSTIC,    14, -2.973777193368e-01, 2.137833605254e-06, 1.1092e+01, 4.5917e-01, 
 2DIAGNOSTIC,    15, -2.973776146965e-01, 2.043707177768e-06, 1.1494e+01, 4.0161e-01, 
 2DIAGNOSTIC,    16, -2.973773645315e-01, 1.890641910876e-06, 1.1894e+01, 4.0060e-01, 
 2DIAGNOSTIC,    17, -2.973778418273e-01, 1.800915993881e-06, 1.2458e+01, 5.6397e-01, 
 2DIAGNOSTIC,    18, -2.973777425185e-01, 1.726201913542e-06, 1.2921e+01, 4.6262e-01, 
 2DIAGNOSTIC,    19, -2.973776814214e-01, 1.648962712604e-06, 1.3317e+01, 3.9625e-01, 
 2DIAGNOSTIC,    20, -2.973769158859e-01, 1.546524150700e-06, 1.3938e+01, 6.2033e-01, 
 2DIAGNOSTIC,    21, -2.973769650336e-01, 1.445610049097e-06, 1.4396e+01, 4.5812e-01, 
 2DIAGNOSTIC,    22, -2.973768708957e-01, 1.356062533590e-06, 1.4802e+01, 4.0648e-01, 
 2DIAGNOSTIC,    23, -2.973764693209e-01, 1.274073291549e-06, 1.5254e+01, 4.5211e-01, 
 2DIAGNOSTIC,    24, -2.973757657853e-01, 1.174010725746e-06, 1.5655e+01, 4.0084e-01, 
 2DIAGNOSTIC,    25, -2.973752953912e-01, 1.075641464066e-06, 1.6115e+01, 4.5934e-01, 
 2DIAGNOSTIC,    26, -2.973753712450e-01, 9.963839258456e-07, 1.6566e+01, 4.5141e-01, 
 2DIAGNOSTIC,    27, -2.973753375576e-01, 9.591413503152e-07, 1.7020e+01, 4.5415e-01, 
 2DIAGNOSTIC,    28, -2.973753293091e-01, 9.414526282586e-07, 1.7476e+01, 4.5608e-01, 
 2DIAGNOSTIC,    29, -2.973753292754e-01, 9.425758835460e-07, 1.7877e+01, 4.0079e-01, 
 2DIAGNOSTIC,    30, -2.973754892024e-01, 9.389396704793e-07, 1.8280e+01, 4.0328e-01, 
 2DIAGNOSTIC,    31, -2.973761197382e-01, 9.674365656631e-07, 1.8735e+01, 4.5425e-01, 
 2DIAGNOSTIC,    32, -2.973763566204e-01, 1.003366538722e-06, 1.9191e+01, 4.5650e-01, 
 2DIAGNOSTIC,    33, -2.973763108870e-01, 1.023844526216e-06, 1.9646e+01, 4.5455e-01, 
 2DIAGNOSTIC,    34, -2.973764099528e-01, 1.021218247698e-06, 2.0104e+01, 4.5839e-01, 
 2DIAGNOSTIC,    35, -2.973763561491e-01, 9.960917597487e-07, 2.0666e+01, 5.6207e-01, 
 2DIAGNOSTIC,    36, -2.973761090381e-01, 9.592728366543e-07, 2.1175e+01, 5.0935e-01, 
 2DIAGNOSTIC,    37, -2.973759066006e-01, 9.112652235507e-07, 2.1632e+01, 4.5672e-01, 
 2DIAGNOSTIC,    38, -2.973759759501e-01, 8.627560590772e-07, 2.2037e+01, 4.0452e-01, 
 2DIAGNOSTIC,    39, -2.973756336270e-01, 8.058301493551e-07, 2.2441e+01, 4.0479e-01, 
 2DIAGNOSTIC,    40, -2.973758312217e-01, 7.610565271252e-07, 2.2897e+01, 4.5608e-01, 
 2DIAGNOSTIC,    41, -2.973761125164e-01, 7.427693660376e-07, 2.3408e+01, 5.1006e-01, 
 2DIAGNOSTIC,    42, -2.973761261811e-01, 7.340873492342e-07, 2.3861e+01, 4.5389e-01, 
 2DIAGNOSTIC,    43, -2.973750238045e-01, 7.025080864496e-07, 2.4316e+01, 4.5504e-01, 
 2DIAGNOSTIC,    44, -2.973750179839e-01, 6.787396483778e-07, 2.4825e+01, 5.0857e-01, 
 2DIAGNOSTIC,    45, -2.973749543955e-01, 6.575459948858e-07, 2.5275e+01, 4.4951e-01, 
 2DIAGNOSTIC,    46, -2.973747462963e-01, 6.321074398526e-07, 2.5696e+01, 4.2111e-01, 
 2DIAGNOSTIC,    47, -2.973746824973e-01, 6.081281736132e-07, 2.6069e+01, 3.7356e-01, 
 2DIAGNOSTIC,    48, -2.973747761806e-01, 5.956414084358e-07, 2.6446e+01, 3.7639e-01, 
 2DIAGNOSTIC,    49, -2.973749496618e-01, 5.867109067158e-07, 2.6825e+01, 3.7948e-01, 
 2DIAGNOSTIC,    50, -2.973750995008e-01, 5.902148020979e-07, 2.7200e+01, 3.7447e-01, 
 2DIAGNOSTIC,    51, -2.973755960694e-01, 6.123714135914e-07, 2.7621e+01, 4.2139e-01, 
 2DIAGNOSTIC,    52, -2.973760752783e-01, 6.442357439948e-07, 2.8045e+01, 4.2437e-01, 
 2DIAGNOSTIC,    53, -2.973760232542e-01, 6.507579645119e-07, 2.8469e+01, 4.2351e-01, 
 2DIAGNOSTIC,    54, -2.973746764762e-01, 6.284186933568e-07, 2.8847e+01, 3.7775e-01, 
 2DIAGNOSTIC,    55, -2.973749239740e-01, 6.071318208144e-07, 2.9270e+01, 4.2332e-01, 
 2DIAGNOSTIC,    56, -2.973753131629e-01, 5.864349090917e-07, 2.9647e+01, 3.7667e-01, 
 2DIAGNOSTIC,    57, -2.973754666709e-01, 5.655626883656e-07, 3.0020e+01, 3.7300e-01, 
 2DIAGNOSTIC,    58, -2.973755934161e-01, 5.485429118886e-07, 3.0444e+01, 4.2481e-01, 
 2DIAGNOSTIC,    59, -2.973756693120e-01, 5.367143099677e-07, 3.0924e+01, 4.7955e-01, 
 2DIAGNOSTIC,    60, -2.973755316476e-01, 5.255805029039e-07, 3.1384e+01, 4.5955e-01, 
 2DIAGNOSTIC,    61, -2.973754511036e-01, 5.211835954026e-07, 3.1847e+01, 4.6327e-01, 
 2DIAGNOSTIC,    62, -2.973757586602e-01, 5.288783132794e-07, 3.2306e+01, 4.5885e-01, 
 2DIAGNOSTIC,    63, -2.973757870301e-01, 5.349473446957e-07, 3.2765e+01, 4.5926e-01, 
 2DIAGNOSTIC,    64, -2.973755622570e-01, 5.144737713243e-07, 3.3177e+01, 4.1182e-01, 
 2DIAGNOSTIC,    65, -2.973758162018e-01, 5.004240794318e-07, 3.3641e+01, 4.6423e-01, 
 2DIAGNOSTIC,    66, -2.973752894311e-01, 4.835936483170e-07, 3.4104e+01, 4.6265e-01, 
 2DIAGNOSTIC,    67, -2.973744995201e-01, 4.580957057403e-07, 3.4507e+01, 4.0333e-01, 
 2DIAGNOSTIC,    68, -2.973751102906e-01, 4.455234150907e-07, 3.5080e+01, 5.7299e-01, 
 2DIAGNOSTIC,    69, -2.973748462573e-01, 4.325123134537e-07, 3.5599e+01, 5.1866e-01, 
 2DIAGNOSTIC,    70, -2.973747465876e-01, 4.194769480589e-07, 3.6061e+01, 4.6240e-01, 
 2DIAGNOSTIC,    71, -2.973747298682e-01, 4.089828256511e-07, 3.6527e+01, 4.6577e-01, 
 2DIAGNOSTIC,    72, -2.973744390263e-01, 4.028822745295e-07, 3.6980e+01, 4.5335e-01, 
  Elapsed time (stage 1): 3.7343e+01


Total elapsed time: 6.4606e+01
