Running T1-THOMAS on sub-148
INFO:    Mounting image with FUSE.
Some packages in this Docker container are non-free
If you are considering commercial use of this container, please consult the relevant license:
https://fsl.fmrib.ox.ac.uk/fsl/fslwiki/Licence
THOMAS_HOME setting of /opt/thomas_new
Linux OS detected
File name OK
Running left and right thalamus MV big
All_Command_lines_OK
Using double precision for computations.
=============================================================================
The composite transform comprises the following transforms (in order): 
  1. Center of mass alignment using fixed image: sub-148_desc-preproc_T1w.nii.gz and moving image: /opt/thomas_new/origtemplate.nii.gz (type = Euler3DTransform)
=============================================================================
  number of levels = 4
  number of levels = 4
  fixed image: sub-148_desc-preproc_T1w.nii.gz
  moving image: /opt/thomas_new/origtemplate.nii.gz
  fixed image: sub-148_desc-preproc_T1w.nii.gz
  moving image: /opt/thomas_new/origtemplate.nii.gz
Dimension = 3
Number of stages = 2
Use Histogram Matching false
Winsorize image intensities false
Lower quantile = 0
Upper quantile = 1
Stage 1 State
   Image metric = Mattes
     Fixed image = Image (0x3c15960)
  RTTI typeinfo:   itk::Image<double, 3u>
  Reference Count: 2
  Modified Time: 1696
  Debug: Off
  Object Name: 
  Observers: 
    none
  Source: (none)
  Source output name: (none)
  Release Data: Off
  Data Released: False
  Global Release Data: Off
  PipelineMTime: 0
  UpdateMTime: 1479
  RealTimeStamp: 0 seconds 
  LargestPossibleRegion: 
    Dimension: 3
    Index: [0, 0, 0]
    Size: [192, 256, 144]
  BufferedRegion: 
    Dimension: 3
    Index: [0, 0, 0]
    Size: [192, 256, 144]
  RequestedRegion: 
    Dimension: 3
    Index: [0, 0, 0]
    Size: [192, 256, 144]
  Spacing: [0.976562, 0.976562, 1]
  Origin: [100.807, 106.346, -87.979]
  Direction: 
-0.99777 -0.0226426 -0.0627903
0.00960146 -0.97961 0.200681
-0.0660539 0.199631 0.977642

  IndexToPointMatrix: 
-0.974385 -0.0221119 -0.0627903
0.00937642 -0.95665 0.200681
-0.0645058 0.194952 0.977642

  PointToIndexMatrix: 
-1.02172 0.00983189 -0.0676392
-0.023186 -1.00312 0.204422
-0.0627903 0.200681 0.977642

  Inverse Direction: 
-0.99777 0.00960146 -0.0660539
-0.0226426 -0.97961 0.199631
-0.0627903 0.200681 0.977642

  PixelContainer: 
    ImportImageContainer (0x3c0e440)
      RTTI typeinfo:   itk::ImportImageContainer<unsigned long, double>
      Reference Count: 1
      Modified Time: 1476
      Debug: Off
      Object Name: 
      Observers: 
        none
      Pointer: 0x154c3939d010
      Container manages memory: true
      Size: 7077888
      Capacity: 7077888

     Moving image = Image (0x3c0f210)
  RTTI typeinfo:   itk::Image<double, 3u>
  Reference Count: 2
  Modified Time: 1697
  Debug: Off
  Object Name: 
  Observers: 
    none
  Source: (none)
  Source output name: (none)
  Release Data: Off
  Data Released: False
  Global Release Data: Off
  PipelineMTime: 0
  UpdateMTime: 1694
  RealTimeStamp: 0 seconds 
  LargestPossibleRegion: 
    Dimension: 3
    Index: [0, 0, 0]
    Size: [256, 440, 256]
  BufferedRegion: 
    Dimension: 3
    Index: [0, 0, 0]
    Size: [256, 440, 256]
  RequestedRegion: 
    Dimension: 3
    Index: [0, 0, 0]
    Size: [256, 440, 256]
  Spacing: [0.7031, 0.5, 0.7031]
  Origin: [83.5844, 59.822, -106.951]
  Direction: 
-1 0 0
0 -1 0
0 0 1

  IndexToPointMatrix: 
-0.7031 0 0
0 -0.5 0
0 0 0.7031

  PointToIndexMatrix: 
-1.42227 0 0
0 -2 0
0 0 1.42227

  Inverse Direction: 
-1 0 0
0 -1 0
0 0 1

  PixelContainer: 
    ImportImageContainer (0x3c0f4a0)
      RTTI typeinfo:   itk::ImportImageContainer<unsigned long, double>
      Reference Count: 1
      Modified Time: 1691
      Debug: Off
      Object Name: 
      Observers: 
        none
      Pointer: 0x154c2b79c010
      Container manages memory: true
      Size: 28835840
      Capacity: 28835840

     Weighting = 1
     Sampling strategy = regular
     Number of bins = 32
     Radius = 4
     Sampling percentage  = 0.25
   Transform = Rigid
     Gradient step = 0.1
     Update field sigma (voxel space) = 0
     Total field sigma (voxel space) = 0
     Update field time sigma = 0
     Total field time sigma  = 0
     Number of time indices = 0
     Number of time point samples = 0
Stage 2 State
   Image metric = Mattes
     Fixed image = Image (0x3c21980)
  RTTI typeinfo:   itk::Image<double, 3u>
  Reference Count: 2
  Modified Time: 2128
  Debug: Off
  Object Name: 
  Observers: 
    none
  Source: (none)
  Source output name: (none)
  Release Data: Off
  Data Released: False
  Global Release Data: Off
  PipelineMTime: 0
  UpdateMTime: 1911
  RealTimeStamp: 0 seconds 
  LargestPossibleRegion: 
    Dimension: 3
    Index: [0, 0, 0]
    Size: [192, 256, 144]
  BufferedRegion: 
    Dimension: 3
    Index: [0, 0, 0]
    Size: [192, 256, 144]
  RequestedRegion: 
    Dimension: 3
    Index: [0, 0, 0]
    Size: [192, 256, 144]
  Spacing: [0.976562, 0.976562, 1]
  Origin: [100.807, 106.346, -87.979]
  Direction: 
-0.99777 -0.0226426 -0.0627903
0.00960146 -0.97961 0.200681
-0.0660539 0.199631 0.977642

  IndexToPointMatrix: 
-0.974385 -0.0221119 -0.0627903
0.00937642 -0.95665 0.200681
-0.0645058 0.194952 0.977642

  PointToIndexMatrix: 
-1.02172 0.00983189 -0.0676392
-0.023186 -1.00312 0.204422
-0.0627903 0.200681 0.977642

  Inverse Direction: 
-0.99777 0.00960146 -0.0660539
-0.0226426 -0.97961 0.199631
-0.0627903 0.200681 0.977642

  PixelContainer: 
    ImportImageContainer (0x3c0d240)
      RTTI typeinfo:   itk::ImportImageContainer<unsigned long, double>
      Reference Count: 1
      Modified Time: 1908
      Debug: Off
      Object Name: 
      Observers: 
        none
      Pointer: 0x154c2819b010
      Container manages memory: true
      Size: 7077888
      Capacity: 7077888

     Moving image = Image (0x3c23410)
  RTTI typeinfo:   itk::Image<double, 3u>
  Reference Count: 2
  Modified Time: 2129
  Debug: Off
  Object Name: 
  Observers: 
    none
  Source: (none)
  Source output name: (none)
  Release Data: Off
  Data Released: False
  Global Release Data: Off
  PipelineMTime: 0
  UpdateMTime: 2126
  RealTimeStamp: 0 seconds 
  LargestPossibleRegion: 
    Dimension: 3
    Index: [0, 0, 0]
    Size: [256, 440, 256]
  BufferedRegion: 
    Dimension: 3
    Index: [0, 0, 0]
    Size: [256, 440, 256]
  RequestedRegion: 
    Dimension: 3
    Index: [0, 0, 0]
    Size: [256, 440, 256]
  Spacing: [0.7031, 0.5, 0.7031]
  Origin: [83.5844, 59.822, -106.951]
  Direction: 
-1 0 0
0 -1 0
0 0 1

  IndexToPointMatrix: 
-0.7031 0 0
0 -0.5 0
0 0 0.7031

  PointToIndexMatrix: 
-1.42227 0 0
0 -2 0
0 0 1.42227

  Inverse Direction: 
-1 0 0
0 -1 0
0 0 1

  PixelContainer: 
    ImportImageContainer (0x3c13d50)
      RTTI typeinfo:   itk::ImportImageContainer<unsigned long, double>
      Reference Count: 1
      Modified Time: 2123
      Debug: Off
      Object Name: 
      Observers: 
        none
      Pointer: 0x154c1a59a010
      Container manages memory: true
      Size: 28835840
      Capacity: 28835840

     Weighting = 1
     Sampling strategy = regular
     Number of bins = 32
     Radius = 4
     Sampling percentage  = 0.25
   Transform = Affine
     Gradient step = 0.1
     Update field sigma (voxel space) = 0
     Total field sigma (voxel space) = 0
     Update field time sigma = 0
     Total field time sigma  = 0
     Number of time indices = 0
     Number of time point samples = 0
Registration using 2 total stages.

Stage 0
  iterations = 1000x500x250x100
  convergence threshold = 5e-07
  convergence window size = 10
  number of levels = 4
  using the Mattes MI metric (number of bins = 32, weight = 1)
  Shrink factors (level 1 out of 4): [8, 8, 8]
  Shrink factors (level 2 out of 4): [4, 4, 4]
  Shrink factors (level 3 out of 4): [2, 2, 2]
  Shrink factors (level 4 out of 4): [1, 1, 1]
  smoothing sigmas per level: [3, 2, 1, 0]
  regular sampling (percentage = 0.25)

*** Running Euler3DTransform registration ***

DIAGNOSTIC,Iteration,metricValue,convergenceValue,ITERATION_TIME_INDEX,SINCE_LAST
 2DIAGNOSTIC,     1, -5.423717147517e-01, 1.797693134862e+308, 2.9765e-01, 2.9765e-01, 
 2DIAGNOSTIC,     2, -5.442939181110e-01, 1.797693134862e+308, 3.0056e-01, 2.9120e-03, 
 2DIAGNOSTIC,     3, -5.464634947846e-01, 1.797693134862e+308, 3.0307e-01, 2.5132e-03, 
 2DIAGNOSTIC,     4, -5.490347448168e-01, 1.797693134862e+308, 3.0562e-01, 2.5451e-03, 
 2DIAGNOSTIC,     5, -5.574414279749e-01, 1.797693134862e+308, 3.0835e-01, 2.7330e-03, 
 2DIAGNOSTIC,     6, -5.640623771587e-01, 1.797693134862e+308, 3.1085e-01, 2.4989e-03, 
 2DIAGNOSTIC,     7, -5.735524676058e-01, 1.797693134862e+308, 3.1390e-01, 3.0501e-03, 
 2DIAGNOSTIC,     8, -5.798442546668e-01, 1.797693134862e+308, 3.1649e-01, 2.5890e-03, 
 2DIAGNOSTIC,     9, -5.856078354744e-01, 1.797693134862e+308, 3.1925e-01, 2.7640e-03, 
 2DIAGNOSTIC,    10, -6.021121138753e-01, 6.639616735988e-03, 3.2565e-01, 6.4011e-03, 
 2DIAGNOSTIC,    11, -6.039166369452e-01, 6.640802667343e-03, 3.2916e-01, 3.5081e-03, 
 2DIAGNOSTIC,    12, -6.036784040850e-01, 6.125519088466e-03, 3.3239e-01, 3.2310e-03, 
 2DIAGNOSTIC,    13, -6.066994528522e-01, 5.349231243177e-03, 3.3634e-01, 3.9439e-03, 
 2DIAGNOSTIC,    14, -6.075765272928e-01, 4.318329594032e-03, 3.3935e-01, 3.0110e-03, 
 2DIAGNOSTIC,    15, -6.089270483641e-01, 3.349501576082e-03, 3.4262e-01, 3.2680e-03, 
 2DIAGNOSTIC,    16, -6.109014128321e-01, 2.459114946918e-03, 3.4654e-01, 3.9220e-03, 
 2DIAGNOSTIC,    17, -6.106188764975e-01, 1.720988437673e-03, 3.4995e-01, 3.4120e-03, 
 2DIAGNOSTIC,    18, -6.106848934880e-01, 1.083952661299e-03, 3.5344e-01, 3.4909e-03, 
 2DIAGNOSTIC,    19, -6.105614164432e-01, 5.492873201736e-04, 3.5620e-01, 2.7552e-03, 
 2DIAGNOSTIC,    20, -6.105473306946e-01, 4.181535170756e-04, 3.5912e-01, 2.9211e-03, 
 2DIAGNOSTIC,    21, -6.106632835788e-01, 3.059696442396e-04, 3.6213e-01, 3.0138e-03, 
 2DIAGNOSTIC,    22, -6.108724121049e-01, 1.739829801754e-04, 3.6590e-01, 3.7661e-03, 
 2DIAGNOSTIC,    23, -6.110899039898e-01, 1.060421116851e-04, 3.6945e-01, 3.5579e-03, 
 2DIAGNOSTIC,    24, -6.110845258928e-01, 5.125934306079e-05, 3.7270e-01, 3.2430e-03, 
 2DIAGNOSTIC,    25, -6.109740770492e-01, 1.915802467080e-05, 3.7644e-01, 3.7398e-03, 
 2DIAGNOSTIC,    26, -6.110263868528e-01, 2.554452182334e-05, 3.7929e-01, 2.8498e-03, 
 2DIAGNOSTIC,    27, -6.110209434046e-01, 2.384451289757e-05, 3.8257e-01, 3.2871e-03, 
 2DIAGNOSTIC,    28, -6.110562239126e-01, 2.186669256473e-05, 3.8639e-01, 3.8168e-03, 
 2DIAGNOSTIC,    29, -6.111516925891e-01, 1.769149007314e-05, 3.9047e-01, 4.0772e-03, 
 2DIAGNOSTIC,    30, -6.110639423965e-01, 1.064783333171e-05, 3.9381e-01, 3.3431e-03, 
 2DIAGNOSTIC,    31, -6.111313075686e-01, 5.995620414478e-06, 3.9737e-01, 3.5539e-03, 
 2DIAGNOSTIC,    32, -6.111397817752e-01, 4.272701187157e-06, 4.0032e-01, 2.9590e-03, 
 2DIAGNOSTIC,    33, -6.114296623561e-01, 9.647718957825e-06, 4.0416e-01, 3.8340e-03, 
 2DIAGNOSTIC,    34, -6.116138230758e-01, 1.631483101257e-05, 4.0772e-01, 3.5629e-03, 
 2DIAGNOSTIC,    35, -6.114534278639e-01, 1.742601647450e-05, 4.1118e-01, 3.4549e-03, 
 2DIAGNOSTIC,    36, -6.115962539402e-01, 1.965440927441e-05, 4.1422e-01, 3.0410e-03, 
 2DIAGNOSTIC,    37, -6.115815139995e-01, 1.964247027183e-05, 4.1793e-01, 3.7138e-03, 
 2DIAGNOSTIC,    38, -6.120464612223e-01, 2.398928505945e-05, 4.2242e-01, 4.4880e-03, 
 2DIAGNOSTIC,    39, -6.125066295429e-01, 3.253173755316e-05, 4.2554e-01, 3.1171e-03, 
 2DIAGNOSTIC,    40, -6.133582020313e-01, 4.663527989656e-05, 4.2904e-01, 3.5059e-03, 
 2DIAGNOSTIC,    41, -6.139382188637e-01, 6.307339642156e-05, 4.3256e-01, 3.5200e-03, 
 2DIAGNOSTIC,    42, -6.142413400109e-01, 7.617389344215e-05, 4.3686e-01, 4.2951e-03, 
 2DIAGNOSTIC,    43, -6.143096702802e-01, 8.537258503925e-05, 4.4062e-01, 3.7670e-03, 
 2DIAGNOSTIC,    44, -6.142136254778e-01, 8.705628112146e-05, 4.4350e-01, 2.8729e-03, 
 2DIAGNOSTIC,    45, -6.141196703827e-01, 7.767002396448e-05, 4.4660e-01, 3.1052e-03, 
 2DIAGNOSTIC,    46, -6.142697349332e-01, 6.437362931536e-05, 4.5040e-01, 3.7980e-03, 
 2DIAGNOSTIC,    47, -6.144611140813e-01, 4.725460413524e-05, 4.5354e-01, 3.1350e-03, 
 2DIAGNOSTIC,    48, -6.146544702361e-01, 3.288095666916e-05, 4.5718e-01, 3.6409e-03, 
 2DIAGNOSTIC,    49, -6.152441048192e-01, 2.602913504613e-05, 4.6151e-01, 4.3371e-03, 
 2DIAGNOSTIC,    50, -6.149891461662e-01, 2.245355710696e-05, 4.6453e-01, 3.0129e-03, 
 2DIAGNOSTIC,    51, -6.151305675093e-01, 2.365446930439e-05, 4.6795e-01, 3.4239e-03, 
 2DIAGNOSTIC,    52, -6.152578582449e-01, 2.644456148888e-05, 4.7144e-01, 3.4881e-03, 
 2DIAGNOSTIC,    53, -6.154296608870e-01, 2.871314679797e-05, 4.7623e-01, 4.7920e-03, 
 2DIAGNOSTIC,    54, -6.156046555609e-01, 2.886056647529e-05, 4.7929e-01, 3.0589e-03, 
 2DIAGNOSTIC,    55, -6.155454287076e-01, 2.499330565788e-05, 4.8301e-01, 3.7231e-03, 
 2DIAGNOSTIC,    56, -6.153952183453e-01, 1.901613737688e-05, 4.8596e-01, 2.9452e-03, 
 2DIAGNOSTIC,    57, -6.154246173645e-01, 1.330942925849e-05, 4.8929e-01, 3.3290e-03, 
 2DIAGNOSTIC,    58, -6.155564410613e-01, 9.012056912318e-06, 4.9298e-01, 3.6900e-03, 
 2DIAGNOSTIC,    59, -6.154901492003e-01, 8.238786250486e-06, 4.9634e-01, 3.3681e-03, 
 2DIAGNOSTIC,    60, -6.154303854463e-01, 4.325656508750e-06, 4.9979e-01, 3.4492e-03, 
 2DIAGNOSTIC,    61, -6.153993355991e-01, 1.083627836219e-06, 5.0307e-01, 3.2811e-03, 
DIAGNOSTIC,Iteration,metricValue,convergenceValue,ITERATION_TIME_INDEX,SINCE_LAST
 2DIAGNOSTIC,     1, -4.576194432029e-01, 1.797693134862e+308, 8.1075e-01, 3.0768e-01, 
 2DIAGNOSTIC,     2, -4.582863558371e-01, 1.797693134862e+308, 8.1702e-01, 6.2680e-03, 
 2DIAGNOSTIC,     3, -4.591452819559e-01, 1.797693134862e+308, 8.2310e-01, 6.0771e-03, 
 2DIAGNOSTIC,     4, -4.611658157087e-01, 1.797693134862e+308, 8.2926e-01, 6.1619e-03, 
 2DIAGNOSTIC,     5, -4.625977939635e-01, 1.797693134862e+308, 8.3648e-01, 7.2238e-03, 
 2DIAGNOSTIC,     6, -4.635521955855e-01, 1.797693134862e+308, 8.4569e-01, 9.2049e-03, 
 2DIAGNOSTIC,     7, -4.657657042278e-01, 1.797693134862e+308, 8.5554e-01, 9.8491e-03, 
 2DIAGNOSTIC,     8, -4.665498960025e-01, 1.797693134862e+308, 8.6170e-01, 6.1672e-03, 
 2DIAGNOSTIC,     9, -4.707092518073e-01, 1.797693134862e+308, 8.6748e-01, 5.7731e-03, 
 2DIAGNOSTIC,    10, -4.739157012411e-01, 2.126038333905e-03, 8.7373e-01, 6.2521e-03, 
 2DIAGNOSTIC,    11, -4.755794505079e-01, 2.175943125045e-03, 8.7976e-01, 6.0351e-03, 
 2DIAGNOSTIC,    12, -4.766267358588e-01, 2.111569741041e-03, 8.8717e-01, 7.4029e-03, 
 2DIAGNOSTIC,    13, -4.769036398708e-01, 1.919405785714e-03, 8.9620e-01, 9.0289e-03, 
 2DIAGNOSTIC,    14, -4.770556522197e-01, 1.673667407176e-03, 9.0235e-01, 6.1500e-03, 
 2DIAGNOSTIC,    15, -4.785761327206e-01, 1.426181337989e-03, 9.0928e-01, 6.9349e-03, 
 2DIAGNOSTIC,    16, -4.802635055694e-01, 1.177117017448e-03, 9.1556e-01, 6.2771e-03, 
 2DIAGNOSTIC,    17, -4.809739370037e-01, 9.549583957129e-04, 9.2264e-01, 7.0860e-03, 
 2DIAGNOSTIC,    18, -4.820126120240e-01, 7.299456656849e-04, 9.2882e-01, 6.1741e-03, 
 2DIAGNOSTIC,    19, -4.823579752407e-01, 6.029851864248e-04, 9.3529e-01, 6.4678e-03, 
 2DIAGNOSTIC,    20, -4.845965506193e-01, 5.956581323023e-04, 9.4265e-01, 7.3638e-03, 
 2DIAGNOSTIC,    21, -4.850654284476e-01, 5.918796624716e-04, 9.5105e-01, 8.4021e-03, 
 2DIAGNOSTIC,    22, -4.851079294706e-01, 5.635962565109e-04, 9.5747e-01, 6.4209e-03, 
 2DIAGNOSTIC,    23, -4.861011914646e-01, 5.199909898270e-04, 9.6499e-01, 7.5150e-03, 
 2DIAGNOSTIC,    24, -4.878733163349e-01, 4.782960200635e-04, 9.7330e-01, 8.3129e-03, 
 2DIAGNOSTIC,    25, -4.879644946779e-01, 4.314572268098e-04, 9.8081e-01, 7.5150e-03, 
 2DIAGNOSTIC,    26, -4.882509420663e-01, 3.936763243094e-04, 9.8797e-01, 7.1549e-03, 
 2DIAGNOSTIC,    27, -4.882760627328e-01, 3.387050658806e-04, 9.9599e-01, 8.0190e-03, 
 2DIAGNOSTIC,    28, -4.883114485423e-01, 2.789692882702e-04, 1.0027e+00, 6.7601e-03, 
 2DIAGNOSTIC,    29, -4.883083137036e-01, 2.024730527400e-04, 1.0090e+00, 6.2311e-03, 
 2DIAGNOSTIC,    30, -4.883089619202e-01, 1.565542257540e-04, 1.0161e+00, 7.0920e-03, 
 2DIAGNOSTIC,    31, -4.883096520049e-01, 1.086512769642e-04, 1.0224e+00, 6.2902e-03, 
 2DIAGNOSTIC,    32, -4.882939607707e-01, 5.398265844023e-05, 1.0286e+00, 6.2110e-03, 
 2DIAGNOSTIC,    33, -4.883411428542e-01, 1.561054322633e-05, 1.0356e+00, 7.0291e-03, 
 2DIAGNOSTIC,    34, -4.883908542074e-01, 9.991051229050e-06, 1.0427e+00, 7.1468e-03, 
 2DIAGNOSTIC,    35, -4.884960744258e-01, 7.030309466867e-06, 1.0499e+00, 7.1490e-03, 
 2DIAGNOSTIC,    36, -4.884709056200e-01, 7.933150595999e-06, 1.0568e+00, 6.9280e-03, 
 2DIAGNOSTIC,    37, -4.885119069629e-01, 9.206943384164e-06, 1.0631e+00, 6.2599e-03, 
 2DIAGNOSTIC,    38, -4.888858832716e-01, 1.599713276651e-05, 1.0704e+00, 7.3459e-03, 
 2DIAGNOSTIC,    39, -4.889155575587e-01, 2.120626556398e-05, 1.0787e+00, 8.2860e-03, 
 2DIAGNOSTIC,    40, -4.889738885416e-01, 2.512571384451e-05, 1.0862e+00, 7.5200e-03, 
 2DIAGNOSTIC,    41, -4.889803405662e-01, 2.672789574218e-05, 1.0932e+00, 7.0071e-03, 
 2DIAGNOSTIC,    42, -4.889801604571e-01, 2.555258653375e-05, 1.1004e+00, 7.2041e-03, 
 2DIAGNOSTIC,    43, -4.889750353818e-01, 2.256082841494e-05, 1.1069e+00, 6.4330e-03, 
 2DIAGNOSTIC,    44, -4.889734938953e-01, 1.821002886533e-05, 1.1134e+00, 6.5329e-03, 
 2DIAGNOSTIC,    45, -4.890042213173e-01, 1.425191108999e-05, 1.1206e+00, 7.2081e-03, 
 2DIAGNOSTIC,    46, -4.890499864941e-01, 9.470984589918e-06, 1.1282e+00, 7.5688e-03, 
 2DIAGNOSTIC,    47, -4.890826982022e-01, 4.853547715438e-06, 1.1354e+00, 7.2360e-03, 
 2DIAGNOSTIC,    48, -4.890637177089e-01, 4.401450509298e-06, 1.1418e+00, 6.3369e-03, 
 2DIAGNOSTIC,    49, -4.890974790751e-01, 4.375248294317e-06, 1.1500e+00, 8.2550e-03, 
 2DIAGNOSTIC,    50, -4.891781470498e-01, 5.615204007426e-06, 1.1572e+00, 7.1490e-03, 
 2DIAGNOSTIC,    51, -4.891662659490e-01, 6.228433387930e-06, 1.1635e+00, 6.3071e-03, 
 2DIAGNOSTIC,    52, -4.892442171322e-01, 7.183843589789e-06, 1.1729e+00, 9.3820e-03, 
 2DIAGNOSTIC,    53, -4.892409019813e-01, 7.381054818453e-06, 1.1800e+00, 7.1781e-03, 
 2DIAGNOSTIC,    54, -4.892429239061e-01, 6.928779693591e-06, 1.1864e+00, 6.3410e-03, 
 2DIAGNOSTIC,    55, -4.892514754906e-01, 6.290062549992e-06, 1.1929e+00, 6.4912e-03, 
 2DIAGNOSTIC,    56, -4.892464491592e-01, 5.541681209260e-06, 1.2004e+00, 7.5738e-03, 
 2DIAGNOSTIC,    57, -4.892910181725e-01, 5.154580092041e-06, 1.2076e+00, 7.2041e-03, 
 2DIAGNOSTIC,    58, -4.893172089544e-01, 4.396629652789e-06, 1.2150e+00, 7.3590e-03, 
 2DIAGNOSTIC,    59, -4.893639848035e-01, 4.083668847792e-06, 1.2222e+00, 7.2222e-03, 
 2DIAGNOSTIC,    60, -4.893981076768e-01, 4.574833579258e-06, 1.2285e+00, 6.2258e-03, 
 2DIAGNOSTIC,    61, -4.894209179175e-01, 4.744098787101e-06, 1.2358e+00, 7.3369e-03, 
 2DIAGNOSTIC,    62, -4.897438352467e-01, 8.304849439086e-06, 1.2433e+00, 7.4670e-03, 
 2DIAGNOSTIC,    63, -4.898882191713e-01, 1.223244827370e-05, 1.2567e+00, 1.3465e-02, 
 2DIAGNOSTIC,    64, -4.899657615973e-01, 1.563398675433e-05, 1.2630e+00, 6.3000e-03, 
 2DIAGNOSTIC,    65, -4.900187353389e-01, 1.807466233923e-05, 1.2691e+00, 6.1030e-03, 
 2DIAGNOSTIC,    66, -4.901252286203e-01, 1.964938753704e-05, 1.2767e+00, 7.5338e-03, 
 2DIAGNOSTIC,    67, -4.902348156007e-01, 2.062240761729e-05, 1.2831e+00, 6.4430e-03, 
 2DIAGNOSTIC,    68, -4.902793409178e-01, 2.018916865556e-05, 1.2913e+00, 8.1539e-03, 
 2DIAGNOSTIC,    69, -4.902820121366e-01, 1.832602385254e-05, 1.3004e+00, 9.1670e-03, 
 2DIAGNOSTIC,    70, -4.902805229747e-01, 1.512146833468e-05, 1.3074e+00, 7.0069e-03, 
 2DIAGNOSTIC,    71, -4.902440926464e-01, 1.041708399075e-05, 1.3134e+00, 6.0000e-03, 
 2DIAGNOSTIC,    72, -4.902502116144e-01, 7.536887439191e-06, 1.3206e+00, 7.1831e-03, 
 2DIAGNOSTIC,    73, -4.902544482342e-01, 5.234376556433e-06, 1.3268e+00, 6.1829e-03, 
 2DIAGNOSTIC,    74, -4.902764242010e-01, 3.327230763069e-06, 1.3334e+00, 6.5651e-03, 
 2DIAGNOSTIC,    75, -4.903164383881e-01, 1.909540241795e-06, 1.3396e+00, 6.2661e-03, 
 2DIAGNOSTIC,    76, -4.903226357097e-01, 1.235201194223e-06, 1.3467e+00, 7.1220e-03, 
 2DIAGNOSTIC,    77, -4.902933401685e-01, 1.107415571555e-06, 1.3542e+00, 7.4909e-03, 
 2DIAGNOSTIC,    78, -4.902917040737e-01, 1.244124126523e-06, 1.3613e+00, 7.1089e-03, 
 2DIAGNOSTIC,    79, -4.902780762503e-01, 1.208002775558e-06, 1.3682e+00, 6.8932e-03, 
 2DIAGNOSTIC,    80, -4.902641262392e-01, 9.845140622466e-07, 1.3761e+00, 7.8740e-03, 
DIAGNOSTIC,Iteration,metricValue,convergenceValue,ITERATION_TIME_INDEX,SINCE_LAST
 2DIAGNOSTIC,     1, -3.856599600959e-01, 1.797693134862e+308, 1.8014e+00, 4.2524e-01, 
 2DIAGNOSTIC,     2, -3.857366073377e-01, 1.797693134862e+308, 1.8541e+00, 5.2769e-02, 
 2DIAGNOSTIC,     3, -3.857355866976e-01, 1.797693134862e+308, 1.8976e+00, 4.3497e-02, 
 2DIAGNOSTIC,     4, -3.857450503512e-01, 1.797693134862e+308, 1.9422e+00, 4.4582e-02, 
 2DIAGNOSTIC,     5, -3.858091306390e-01, 1.797693134862e+308, 1.9914e+00, 4.9209e-02, 
 2DIAGNOSTIC,     6, -3.858646365761e-01, 1.797693134862e+308, 2.0395e+00, 4.8078e-02, 
 2DIAGNOSTIC,     7, -3.859019680616e-01, 1.797693134862e+308, 2.1051e+00, 6.5642e-02, 
 2DIAGNOSTIC,     8, -3.859002501090e-01, 1.797693134862e+308, 2.1770e+00, 7.1848e-02, 
 2DIAGNOSTIC,     9, -3.859009759245e-01, 1.797693134862e+308, 2.2251e+00, 4.8156e-02, 
 2DIAGNOSTIC,    10, -3.859000098014e-01, 4.603052061870e-05, 2.2734e+00, 4.8270e-02, 
 2DIAGNOSTIC,    11, -3.858974423789e-01, 3.387523945333e-05, 2.3158e+00, 4.2360e-02, 
 2DIAGNOSTIC,    12, -3.858965029367e-01, 2.564196537069e-05, 2.3579e+00, 4.2144e-02, 
 2DIAGNOSTIC,    13, -3.858958116804e-01, 1.657484767545e-05, 2.4055e+00, 4.7568e-02, 
 2DIAGNOSTIC,    14, -3.858937203016e-01, 7.876640255353e-06, 2.4538e+00, 4.8274e-02, 
 2DIAGNOSTIC,    15, -3.858934802741e-01, 2.907172432287e-06, 2.5041e+00, 5.0351e-02, 
 2DIAGNOSTIC,    16, -3.858932214661e-01, 9.815419368675e-07, 2.5465e+00, 4.2415e-02, 
 2DIAGNOSTIC,    17, -3.858938238400e-01, 1.020560156426e-06, 2.5949e+00, 4.8427e-02, 
 2DIAGNOSTIC,    18, -3.858979787907e-01, 1.230468991781e-06, 2.6428e+00, 4.7893e-02, 
 2DIAGNOSTIC,    19, -3.858996616979e-01, 1.557707968274e-06, 2.7028e+00, 5.9962e-02, 
 2DIAGNOSTIC,    20, -3.859001661792e-01, 1.848846142620e-06, 2.7514e+00, 4.8625e-02, 
 2DIAGNOSTIC,    21, -3.858991351626e-01, 1.964132529383e-06, 2.7994e+00, 4.7980e-02, 
 2DIAGNOSTIC,    22, -3.858981462536e-01, 1.963400528167e-06, 2.8415e+00, 4.2052e-02, 
 2DIAGNOSTIC,    23, -3.858988605372e-01, 1.915009160525e-06, 2.8893e+00, 4.7821e-02, 
 2DIAGNOSTIC,    24, -3.859012929546e-01, 1.828759814866e-06, 2.9376e+00, 4.8359e-02, 
 2DIAGNOSTIC,    25, -3.859022028954e-01, 1.721729346177e-06, 2.9817e+00, 4.4036e-02, 
 2DIAGNOSTIC,    26, -3.858991652004e-01, 1.489975226150e-06, 3.0234e+00, 4.1760e-02, 
 2DIAGNOSTIC,    27, -3.858988638724e-01, 1.260273472400e-06, 3.0718e+00, 4.8331e-02, 
 2DIAGNOSTIC,    28, -3.859004567870e-01, 1.188082747204e-06, 3.1255e+00, 5.3779e-02, 
 2DIAGNOSTIC,    29, -3.858971773372e-01, 1.070625675149e-06, 3.1805e+00, 5.4970e-02, 
 2DIAGNOSTIC,    30, -3.858947968658e-01, 9.204875274019e-07, 3.2282e+00, 4.7686e-02, 
 2DIAGNOSTIC,    31, -3.858936687098e-01, 7.462610768783e-07, 3.2769e+00, 4.8737e-02, 
 2DIAGNOSTIC,    32, -3.858909972257e-01, 5.248412837180e-07, 3.3252e+00, 4.8219e-02, 
DIAGNOSTIC,Iteration,metricValue,convergenceValue,ITERATION_TIME_INDEX,SINCE_LAST
 2DIAGNOSTIC,     1, -3.155309644109e-01, 1.797693134862e+308, 4.1935e+00, 8.6839e-01, 
 2DIAGNOSTIC,     2, -3.160607512098e-01, 1.797693134862e+308, 4.4454e+00, 2.5190e-01, 
 2DIAGNOSTIC,     3, -3.163834249432e-01, 1.797693134862e+308, 4.6964e+00, 2.5100e-01, 
 2DIAGNOSTIC,     4, -3.164807080425e-01, 1.797693134862e+308, 4.9464e+00, 2.4996e-01, 
 2DIAGNOSTIC,     5, -3.165707745240e-01, 1.797693134862e+308, 5.2035e+00, 2.5708e-01, 
 2DIAGNOSTIC,     6, -3.166625289883e-01, 1.797693134862e+308, 5.4583e+00, 2.5479e-01, 
 2DIAGNOSTIC,     7, -3.167344779782e-01, 1.797693134862e+308, 5.7431e+00, 2.8481e-01, 
 2DIAGNOSTIC,     8, -3.168450019753e-01, 1.797693134862e+308, 5.9926e+00, 2.4947e-01, 
 2DIAGNOSTIC,     9, -3.173434518382e-01, 1.797693134862e+308, 6.3768e+00, 3.8425e-01, 
 2DIAGNOSTIC,    10, -3.175359034471e-01, 3.248243430926e-04, 6.6260e+00, 2.4920e-01, 
 2DIAGNOSTIC,    11, -3.176053734526e-01, 2.718770047220e-04, 6.9466e+00, 3.2063e-01, 
 2DIAGNOSTIC,    12, -3.177824426427e-01, 2.564913129527e-04, 7.2353e+00, 2.8868e-01, 
 2DIAGNOSTIC,    13, -3.178257876850e-01, 2.454502687932e-04, 7.4819e+00, 2.4662e-01, 
 2DIAGNOSTIC,    14, -3.178800227237e-01, 2.231256161885e-04, 7.7611e+00, 2.7915e-01, 
 2DIAGNOSTIC,    15, -3.179764188358e-01, 1.945598538596e-04, 8.0453e+00, 2.8421e-01, 
 2DIAGNOSTIC,    16, -3.180132740562e-01, 1.593282693411e-04, 8.3300e+00, 2.8471e-01, 
 2DIAGNOSTIC,    17, -3.180609274384e-01, 1.202627454556e-04, 8.6120e+00, 2.8201e-01, 
 2DIAGNOSTIC,    18, -3.180816227354e-01, 8.055969448185e-05, 8.8933e+00, 2.8129e-01, 
 2DIAGNOSTIC,    19, -3.182920335674e-01, 7.104384520164e-05, 9.1471e+00, 2.5379e-01, 
 2DIAGNOSTIC,    20, -3.185605124931e-01, 7.640381761742e-05, 9.4304e+00, 2.8330e-01, 
 2DIAGNOSTIC,    21, -3.185943770248e-01, 7.827874782235e-05, 9.7489e+00, 3.1854e-01, 
 2DIAGNOSTIC,    22, -3.185922436388e-01, 8.016675432069e-05, 1.0163e+01, 4.1435e-01, 
 2DIAGNOSTIC,    23, -3.185917957858e-01, 7.634125023235e-05, 1.0443e+01, 2.7993e-01, 
 2DIAGNOSTIC,    24, -3.185921670256e-01, 6.763666063030e-05, 1.0729e+01, 2.8534e-01, 
 2DIAGNOSTIC,    25, -3.185916916094e-01, 5.663697629318e-05, 1.1018e+01, 2.8992e-01, 
 2DIAGNOSTIC,    26, -3.185919427339e-01, 4.258287605775e-05, 1.1335e+01, 3.1656e-01, 
 2DIAGNOSTIC,    27, -3.185920033211e-01, 2.746550132576e-05, 1.1653e+01, 3.1770e-01, 
 2DIAGNOSTIC,    28, -3.185918768485e-01, 1.153790140287e-05, 1.1937e+01, 2.8472e-01, 
 2DIAGNOSTIC,    29, -3.185915605154e-01, 1.984799063090e-06, 1.2222e+01, 2.8408e-01, 
 2DIAGNOSTIC,    30, -3.185914019178e-01, 9.573397744336e-07, 1.2475e+01, 2.5342e-01, 
 2DIAGNOSTIC,    31, -3.185914288843e-01, 9.858539425991e-07, 1.2729e+01, 2.5372e-01, 
 2DIAGNOSTIC,    32, -3.185916184418e-01, 9.623307126241e-07, 1.3013e+01, 2.8454e-01, 
 2DIAGNOSTIC,    33, -3.185911834516e-01, 9.191026983449e-07, 1.3262e+01, 2.4860e-01, 
 2DIAGNOSTIC,    34, -3.185917590244e-01, 9.088349440176e-07, 1.3547e+01, 2.8561e-01, 
 2DIAGNOSTIC,    35, -3.185910345768e-01, 8.706584736506e-07, 1.3837e+01, 2.8954e-01, 
 2DIAGNOSTIC,    36, -3.185906599787e-01, 8.356597339526e-07, 1.4157e+01, 3.1980e-01, 
 2DIAGNOSTIC,    37, -3.185903791770e-01, 8.021549219896e-07, 1.4504e+01, 3.4727e-01, 
 2DIAGNOSTIC,    38, -3.185898828047e-01, 7.615145007703e-07, 1.4789e+01, 2.8485e-01, 
 2DIAGNOSTIC,    39, -3.185897356885e-01, 7.198804373651e-07, 1.5080e+01, 2.9068e-01, 
 2DIAGNOSTIC,    40, -3.185897188575e-01, 6.856938106516e-07, 1.5335e+01, 2.5498e-01, 
 2DIAGNOSTIC,    41, -3.185895683531e-01, 6.610790591888e-07, 1.5623e+01, 2.8871e-01, 
 2DIAGNOSTIC,    42, -3.185897277617e-01, 6.565371546315e-07, 1.5907e+01, 2.8388e-01, 
 2DIAGNOSTIC,    43, -3.185895763698e-01, 6.492091261801e-07, 1.6196e+01, 2.8842e-01, 
 2DIAGNOSTIC,    44, -3.185892646244e-01, 6.567659913241e-07, 1.6445e+01, 2.4965e-01, 
 2DIAGNOSTIC,    45, -3.185896067056e-01, 6.630541780107e-07, 1.6729e+01, 2.8350e-01, 
 2DIAGNOSTIC,    46, -3.185898044874e-01, 6.696696074407e-07, 1.7016e+01, 2.8766e-01, 
 2DIAGNOSTIC,    47, -3.185896434747e-01, 6.698866423099e-07, 1.7269e+01, 2.5296e-01, 
 2DIAGNOSTIC,    48, -3.185898136558e-01, 6.651166577915e-07, 1.7584e+01, 3.1477e-01, 
 2DIAGNOSTIC,    49, -3.185898293385e-01, 6.580607271461e-07, 1.7874e+01, 2.9014e-01, 
 2DIAGNOSTIC,    50, -3.185896767514e-01, 6.474645501929e-07, 1.8161e+01, 2.8642e-01, 
 2DIAGNOSTIC,    51, -3.185895357775e-01, 6.310525708306e-07, 1.8414e+01, 2.5331e-01, 
 2DIAGNOSTIC,    52, -3.185897369664e-01, 6.210303962993e-07, 1.8700e+01, 2.8572e-01, 
 2DIAGNOSTIC,    53, -3.185899227782e-01, 6.112330407024e-07, 1.8982e+01, 2.8226e-01, 
 2DIAGNOSTIC,    54, -3.185894518217e-01, 5.876191094580e-07, 1.9234e+01, 2.5175e-01, 
 2DIAGNOSTIC,    55, -3.185894867398e-01, 5.714917940963e-07, 1.9492e+01, 2.5853e-01, 
 2DIAGNOSTIC,    56, -3.185897444580e-01, 5.640361373932e-07, 1.9782e+01, 2.8975e-01, 
 2DIAGNOSTIC,    57, -3.185896438250e-01, 5.528066615371e-07, 2.0103e+01, 3.2093e-01, 
 2DIAGNOSTIC,    58, -3.185895053830e-01, 5.430328788060e-07, 2.0387e+01, 2.8391e-01, 
 2DIAGNOSTIC,    59, -3.185893534389e-01, 5.324244869848e-07, 2.0669e+01, 2.8216e-01, 
 2DIAGNOSTIC,    60, -3.185893339029e-01, 5.204851484079e-07, 2.0953e+01, 2.8419e-01, 
 2DIAGNOSTIC,    61, -3.185891901993e-01, 5.054928186241e-07, 2.1207e+01, 2.5375e-01, 
  Elapsed time (stage 0): 2.1472e+01


Stage 1
  iterations = 1000x500x250x100
  convergence threshold = 4.0000e-07
  convergence window size = 10
  number of levels = 4
  using the Mattes MI metric (number of bins = 32, weight = 1.0000e+00)
  Shrink factors (level 1 out of 4): [8, 8, 8]
  Shrink factors (level 2 out of 4): [4, 4, 4]
  Shrink factors (level 3 out of 4): [2, 2, 2]
  Shrink factors (level 4 out of 4): [1, 1, 1]
  smoothing sigmas per level: [3, 2, 1, 0]
  regular sampling (percentage = 2.5000e-01)

*** Running AffineTransform registration ***

DIAGNOSTIC,Iteration,metricValue,convergenceValue,ITERATION_TIME_INDEX,SINCE_LAST
 2DIAGNOSTIC,     1, -6.206931048328e-01, 1.797693134862e+308, 3.0556e-01, 3.0556e-01, 
 2DIAGNOSTIC,     2, -6.221105177858e-01, 1.797693134862e+308, 3.0838e-01, 2.8188e-03, 
 2DIAGNOSTIC,     3, -6.244662216836e-01, 1.797693134862e+308, 3.1117e-01, 2.7881e-03, 
 2DIAGNOSTIC,     4, -6.284976227332e-01, 1.797693134862e+308, 3.1391e-01, 2.7361e-03, 
 2DIAGNOSTIC,     5, -6.324512152615e-01, 1.797693134862e+308, 3.1662e-01, 2.7149e-03, 
 2DIAGNOSTIC,     6, -6.383004477976e-01, 1.797693134862e+308, 3.2075e-01, 4.1330e-03, 
 2DIAGNOSTIC,     7, -6.462775434385e-01, 1.797693134862e+308, 3.2346e-01, 2.7111e-03, 
 2DIAGNOSTIC,     8, -6.500265979685e-01, 1.797693134862e+308, 3.2795e-01, 4.4830e-03, 
 2DIAGNOSTIC,     9, -6.524261546407e-01, 1.797693134862e+308, 3.3106e-01, 3.1159e-03, 
 2DIAGNOSTIC,    10, -6.545126956340e-01, 3.908060259794e-03, 3.3407e-01, 3.0072e-03, 
 2DIAGNOSTIC,    11, -6.608277561029e-01, 3.693254561332e-03, 3.3753e-01, 3.4630e-03, 
 2DIAGNOSTIC,    12, -6.703755732144e-01, 3.577212159769e-03, 3.4074e-01, 3.2039e-03, 
 2DIAGNOSTIC,    13, -6.787879974824e-01, 3.512083989590e-03, 3.4606e-01, 5.3210e-03, 
 2DIAGNOSTIC,    14, -6.799896095741e-01, 3.302967120915e-03, 3.4898e-01, 2.9171e-03, 
 2DIAGNOSTIC,    15, -6.820034178403e-01, 3.000456177347e-03, 3.5181e-01, 2.8379e-03, 
 2DIAGNOSTIC,    16, -6.858880239174e-01, 2.722351743467e-03, 3.5554e-01, 3.7241e-03, 
 2DIAGNOSTIC,    17, -6.886961379072e-01, 2.495698398362e-03, 3.5951e-01, 3.9721e-03, 
 2DIAGNOSTIC,    18, -6.899496628186e-01, 2.183024547144e-03, 3.6240e-01, 2.8920e-03, 
 2DIAGNOSTIC,    19, -6.908392092966e-01, 1.781938045215e-03, 3.6628e-01, 3.8781e-03, 
 2DIAGNOSTIC,    20, -6.916435608188e-01, 1.321238509711e-03, 3.7035e-01, 4.0700e-03, 
 2DIAGNOSTIC,    21, -6.916535974147e-01, 9.086433347698e-04, 3.7330e-01, 2.9509e-03, 
 2DIAGNOSTIC,    22, -6.922477905243e-01, 6.438660733569e-04, 3.7639e-01, 3.0911e-03, 
 2DIAGNOSTIC,    23, -6.926999452012e-01, 5.084184311314e-04, 3.7991e-01, 3.5200e-03, 
 2DIAGNOSTIC,    24, -6.927976434134e-01, 3.605468191446e-04, 3.8339e-01, 3.4750e-03, 
 2DIAGNOSTIC,    25, -6.929491905452e-01, 2.272142405200e-04, 3.8768e-01, 4.2961e-03, 
 2DIAGNOSTIC,    26, -6.929385663400e-01, 1.459502440139e-04, 3.9102e-01, 3.3331e-03, 
 2DIAGNOSTIC,    27, -6.928962283236e-01, 1.005854242287e-04, 3.9412e-01, 3.1030e-03, 
 2DIAGNOSTIC,    28, -6.929376591259e-01, 6.852836427556e-05, 3.9719e-01, 3.0751e-03, 
 2DIAGNOSTIC,    29, -6.929899363196e-01, 4.590841689994e-05, 4.0000e-01, 2.8028e-03, 
 2DIAGNOSTIC,    30, -6.930596846595e-01, 3.310484819573e-05, 4.0305e-01, 3.0551e-03, 
 2DIAGNOSTIC,    31, -6.931486338716e-01, 1.933017241938e-05, 4.0609e-01, 3.0351e-03, 
 2DIAGNOSTIC,    32, -6.932122843157e-01, 1.328263792255e-05, 4.1146e-01, 5.3749e-03, 
 2DIAGNOSTIC,    33, -6.933228366972e-01, 1.363745752373e-05, 4.1525e-01, 3.7911e-03, 
 2DIAGNOSTIC,    34, -6.933445328713e-01, 1.416194535921e-05, 4.1834e-01, 3.0890e-03, 
 2DIAGNOSTIC,    35, -6.932938702612e-01, 1.462459374984e-05, 4.2126e-01, 2.9190e-03, 
 2DIAGNOSTIC,    36, -6.934508522310e-01, 1.552108071211e-05, 4.2483e-01, 3.5698e-03, 
 2DIAGNOSTIC,    37, -6.935978222622e-01, 1.610075945782e-05, 4.2781e-01, 2.9790e-03, 
 2DIAGNOSTIC,    38, -6.936424573940e-01, 1.610378149852e-05, 4.3134e-01, 3.5260e-03, 
 2DIAGNOSTIC,    39, -6.936861448458e-01, 1.571728132500e-05, 4.3652e-01, 5.1820e-03, 
 2DIAGNOSTIC,    40, -6.937744387516e-01, 1.561264124480e-05, 4.3996e-01, 3.4401e-03, 
 2DIAGNOSTIC,    41, -6.937777858957e-01, 1.500226138273e-05, 4.4289e-01, 2.9268e-03, 
 2DIAGNOSTIC,    42, -6.936966504024e-01, 1.283834713462e-05, 4.4575e-01, 2.8601e-03, 
 2DIAGNOSTIC,    43, -6.937073089795e-01, 1.084391725919e-05, 4.4847e-01, 2.7230e-03, 
 2DIAGNOSTIC,    44, -6.936346970878e-01, 7.524711381011e-06, 4.5142e-01, 2.9490e-03, 
 2DIAGNOSTIC,    45, -6.936635911570e-01, 3.479126371553e-06, 4.5437e-01, 2.9478e-03, 
 2DIAGNOSTIC,    46, -6.936968405739e-01, 1.040275431168e-06, 4.5835e-01, 3.9868e-03, 
DIAGNOSTIC,Iteration,metricValue,convergenceValue,ITERATION_TIME_INDEX,SINCE_LAST
 2DIAGNOSTIC,     1, -5.629037816438e-01, 1.797693134862e+308, 7.7863e-01, 3.2028e-01, 
 2DIAGNOSTIC,     2, -5.636923594990e-01, 1.797693134862e+308, 7.8555e-01, 6.9211e-03, 
 2DIAGNOSTIC,     3, -5.643596295660e-01, 1.797693134862e+308, 7.9271e-01, 7.1590e-03, 
 2DIAGNOSTIC,     4, -5.650409158047e-01, 1.797693134862e+308, 7.9969e-01, 6.9818e-03, 
 2DIAGNOSTIC,     5, -5.656528470166e-01, 1.797693134862e+308, 8.0668e-01, 6.9871e-03, 
 2DIAGNOSTIC,     6, -5.660168027862e-01, 1.797693134862e+308, 8.1785e-01, 1.1168e-02, 
 2DIAGNOSTIC,     7, -5.661090237335e-01, 1.797693134862e+308, 8.2484e-01, 6.9919e-03, 
 2DIAGNOSTIC,     8, -5.665065317341e-01, 1.797693134862e+308, 8.3159e-01, 6.7470e-03, 
 2DIAGNOSTIC,     9, -5.667815197331e-01, 1.797693134862e+308, 8.3866e-01, 7.0760e-03, 
 2DIAGNOSTIC,    10, -5.672469260854e-01, 4.609892930535e-04, 8.4673e-01, 8.0650e-03, 
 2DIAGNOSTIC,    11, -5.675095191986e-01, 3.672043701503e-04, 8.5757e-01, 1.0843e-02, 
 2DIAGNOSTIC,    12, -5.675780934564e-01, 2.922040786202e-04, 8.6462e-01, 7.0438e-03, 
 2DIAGNOSTIC,    13, -5.679861313250e-01, 2.439521630741e-04, 8.7314e-01, 8.5208e-03, 
 2DIAGNOSTIC,    14, -5.681787474693e-01, 2.110843930901e-04, 8.8027e-01, 7.1321e-03, 
 2DIAGNOSTIC,    15, -5.682305944401e-01, 1.853575314361e-04, 8.8831e-01, 8.0431e-03, 
 2DIAGNOSTIC,    16, -5.682737189450e-01, 1.590655674967e-04, 8.9664e-01, 8.3301e-03, 
 2DIAGNOSTIC,    17, -5.683336911557e-01, 1.258612983301e-04, 9.0464e-01, 7.9961e-03, 
 2DIAGNOSTIC,    18, -5.684004536109e-01, 9.767021614811e-05, 9.1223e-01, 7.5951e-03, 
 2DIAGNOSTIC,    19, -5.684864210174e-01, 7.271415824124e-05, 9.2124e-01, 9.0041e-03, 
 2DIAGNOSTIC,    20, -5.684832252588e-01, 5.518754897231e-05, 9.2917e-01, 7.9310e-03, 
 2DIAGNOSTIC,    21, -5.684796433684e-01, 4.069789680589e-05, 9.3674e-01, 7.5750e-03, 
 2DIAGNOSTIC,    22, -5.684773478288e-01, 2.518814539929e-05, 9.4374e-01, 6.9940e-03, 
 2DIAGNOSTIC,    23, -5.684630113460e-01, 1.726128591200e-05, 9.5040e-01, 6.6659e-03, 
 2DIAGNOSTIC,    24, -5.684652915423e-01, 1.255044606419e-05, 9.5815e-01, 7.7441e-03, 
 2DIAGNOSTIC,    25, -5.684680196253e-01, 8.258590820993e-06, 9.6715e-01, 8.9991e-03, 
 2DIAGNOSTIC,    26, -5.684710507449e-01, 4.535926912783e-06, 9.7554e-01, 8.3971e-03, 
 2DIAGNOSTIC,    27, -5.684583476058e-01, 1.639509937430e-06, 9.8387e-01, 8.3289e-03, 
DIAGNOSTIC,Iteration,metricValue,convergenceValue,ITERATION_TIME_INDEX,SINCE_LAST
 2DIAGNOSTIC,     1, -4.499794252449e-01, 1.797693134862e+308, 1.4035e+00, 4.1958e-01, 
 2DIAGNOSTIC,     2, -4.501424483978e-01, 1.797693134862e+308, 1.4535e+00, 5.0057e-02, 
 2DIAGNOSTIC,     3, -4.502600565392e-01, 1.797693134862e+308, 1.5084e+00, 5.4939e-02, 
 2DIAGNOSTIC,     4, -4.503059114114e-01, 1.797693134862e+308, 1.5555e+00, 4.7021e-02, 
 2DIAGNOSTIC,     5, -4.503695261076e-01, 1.797693134862e+308, 1.6089e+00, 5.3397e-02, 
 2DIAGNOSTIC,     6, -4.503919913430e-01, 1.797693134862e+308, 1.6552e+00, 4.6329e-02, 
 2DIAGNOSTIC,     7, -4.504202582862e-01, 1.797693134862e+308, 1.7089e+00, 5.3668e-02, 
 2DIAGNOSTIC,     8, -4.504402132790e-01, 1.797693134862e+308, 1.7808e+00, 7.1943e-02, 
 2DIAGNOSTIC,     9, -4.504360075767e-01, 1.797693134862e+308, 1.8342e+00, 5.3345e-02, 
 2DIAGNOSTIC,    10, -4.504381010524e-01, 5.990164409639e-05, 1.8875e+00, 5.3346e-02, 
 2DIAGNOSTIC,    11, -4.504329070869e-01, 3.588321405111e-05, 1.9606e+00, 7.3064e-02, 
 2DIAGNOSTIC,    12, -4.504331184744e-01, 2.137385200054e-05, 2.0159e+00, 5.5332e-02, 
 2DIAGNOSTIC,    13, -4.504310878218e-01, 1.298628671215e-05, 2.0692e+00, 5.3353e-02, 
 2DIAGNOSTIC,    14, -4.504307578111e-01, 6.841219949275e-06, 2.1227e+00, 5.3488e-02, 
 2DIAGNOSTIC,    15, -4.504292152588e-01, 3.710486259745e-06, 2.1782e+00, 5.5451e-02, 
 2DIAGNOSTIC,    16, -4.504293156689e-01, 1.693632640520e-06, 2.2306e+00, 5.2379e-02, 
 2DIAGNOSTIC,    17, -4.504288582772e-01, 9.515856608105e-07, 2.2837e+00, 5.3096e-02, 
 2DIAGNOSTIC,    18, -4.504276193659e-01, 1.036125254802e-06, 2.3308e+00, 4.7122e-02, 
 2DIAGNOSTIC,    19, -4.504283547017e-01, 1.061989812930e-06, 2.3787e+00, 4.7878e-02, 
 2DIAGNOSTIC,    20, -4.504322927282e-01, 1.335695292516e-06, 2.4384e+00, 5.9744e-02, 
 2DIAGNOSTIC,    21, -4.504333278155e-01, 1.477480090870e-06, 2.4894e+00, 5.1011e-02, 
 2DIAGNOSTIC,    22, -4.504334445546e-01, 1.621317457137e-06, 2.5437e+00, 5.4326e-02, 
 2DIAGNOSTIC,    23, -4.504329506386e-01, 1.669334827759e-06, 2.5976e+00, 5.3874e-02, 
 2DIAGNOSTIC,    24, -4.504322531917e-01, 1.660770651578e-06, 2.6511e+00, 5.3524e-02, 
 2DIAGNOSTIC,    25, -4.504315963943e-01, 1.563735029249e-06, 2.7044e+00, 5.3241e-02, 
 2DIAGNOSTIC,    26, -4.504304764206e-01, 1.421541185168e-06, 2.7509e+00, 4.6552e-02, 
 2DIAGNOSTIC,    27, -4.504313090494e-01, 1.282746908221e-06, 2.8041e+00, 5.3156e-02, 
 2DIAGNOSTIC,    28, -4.504325461007e-01, 1.144098909216e-06, 2.8580e+00, 5.3919e-02, 
 2DIAGNOSTIC,    29, -4.504326435886e-01, 1.029643686729e-06, 2.9044e+00, 4.6433e-02, 
 2DIAGNOSTIC,    30, -4.504302221767e-01, 9.612434468675e-07, 2.9600e+00, 5.5578e-02, 
 2DIAGNOSTIC,    31, -4.504314644586e-01, 9.547943638777e-07, 3.0066e+00, 4.6601e-02, 
 2DIAGNOSTIC,    32, -4.504312941919e-01, 9.528324543609e-07, 3.0602e+00, 5.3628e-02, 
 2DIAGNOSTIC,    33, -4.504337040063e-01, 9.905812420746e-07, 3.1071e+00, 4.6881e-02, 
 2DIAGNOSTIC,    34, -4.504366420010e-01, 1.064629940109e-06, 3.1543e+00, 4.7204e-02, 
 2DIAGNOSTIC,    35, -4.504411900610e-01, 1.193071936193e-06, 3.2019e+00, 4.7574e-02, 
 2DIAGNOSTIC,    36, -4.504485077604e-01, 1.394688968447e-06, 3.2498e+00, 4.7880e-02, 
 2DIAGNOSTIC,    37, -4.504552815845e-01, 1.663230345922e-06, 3.3045e+00, 5.4676e-02, 
 2DIAGNOSTIC,    38, -4.504638659263e-01, 2.002636321139e-06, 3.3519e+00, 4.7417e-02, 
 2DIAGNOSTIC,    39, -4.504749680168e-01, 2.394131009942e-06, 3.4050e+00, 5.3075e-02, 
 2DIAGNOSTIC,    40, -4.504979487390e-01, 2.936396485173e-06, 3.4715e+00, 6.6542e-02, 
 2DIAGNOSTIC,    41, -4.504982382149e-01, 3.264264903699e-06, 3.5176e+00, 4.6092e-02, 
 2DIAGNOSTIC,    42, -4.505215923738e-01, 3.691958341510e-06, 3.5641e+00, 4.6529e-02, 
 2DIAGNOSTIC,    43, -4.506264081914e-01, 5.386723929589e-06, 3.6362e+00, 7.2131e-02, 
 2DIAGNOSTIC,    44, -4.506236224016e-01, 6.520125834891e-06, 3.6958e+00, 5.9519e-02, 
 2DIAGNOSTIC,    45, -4.506187528984e-01, 7.062495748320e-06, 3.7486e+00, 5.2847e-02, 
 2DIAGNOSTIC,    46, -4.506176553206e-01, 7.082130465422e-06, 3.8088e+00, 6.0196e-02, 
 2DIAGNOSTIC,    47, -4.506148356852e-01, 6.534194009162e-06, 3.8691e+00, 6.0304e-02, 
 2DIAGNOSTIC,    48, -4.506138994287e-01, 5.523768596940e-06, 3.9226e+00, 5.3470e-02, 
 2DIAGNOSTIC,    49, -4.506107340555e-01, 4.182953967848e-06, 3.9757e+00, 5.3075e-02, 
 2DIAGNOSTIC,    50, -4.506117792967e-01, 2.886922862086e-06, 4.0225e+00, 4.6868e-02, 
 2DIAGNOSTIC,    51, -4.506108513577e-01, 1.424366873233e-06, 4.0699e+00, 4.7331e-02, 
DIAGNOSTIC,Iteration,metricValue,convergenceValue,ITERATION_TIME_INDEX,SINCE_LAST
 2DIAGNOSTIC,     1, -3.661766273740e-01, 1.797693134862e+308, 5.0095e+00, 9.3967e-01, 
 2DIAGNOSTIC,     2, -3.662200112219e-01, 1.797693134862e+308, 5.6800e+00, 6.7050e-01, 
 2DIAGNOSTIC,     3, -3.662202128011e-01, 1.797693134862e+308, 6.0020e+00, 3.2200e-01, 
 2DIAGNOSTIC,     4, -3.662196447604e-01, 1.797693134862e+308, 6.3892e+00, 3.8721e-01, 
 2DIAGNOSTIC,     5, -3.662198155959e-01, 1.797693134862e+308, 6.7828e+00, 3.9357e-01, 
 2DIAGNOSTIC,     6, -3.662196275380e-01, 1.797693134862e+308, 7.1007e+00, 3.1790e-01, 
 2DIAGNOSTIC,     7, -3.662194379906e-01, 1.797693134862e+308, 7.4187e+00, 3.1799e-01, 
 2DIAGNOSTIC,     8, -3.662194960162e-01, 1.797693134862e+308, 7.7400e+00, 3.2132e-01, 
 2DIAGNOSTIC,     9, -3.662191755123e-01, 1.797693134862e+308, 8.0579e+00, 3.1785e-01, 
 2DIAGNOSTIC,    10, -3.662190898414e-01, 6.370812699955e-06, 8.3775e+00, 3.1960e-01, 
 2DIAGNOSTIC,    11, -3.662189863066e-01, 2.714341916538e-06, 8.6665e+00, 2.8900e-01, 
 2DIAGNOSTIC,    12, -3.662187650919e-01, 2.474040906961e-06, 8.9533e+00, 2.8689e-01, 
 2DIAGNOSTIC,    13, -3.662188648938e-01, 2.305853771242e-06, 9.2755e+00, 3.2216e-01, 
 2DIAGNOSTIC,    14, -3.662186460650e-01, 2.130226521388e-06, 9.5696e+00, 2.9406e-01, 
 2DIAGNOSTIC,    15, -3.662186131677e-01, 1.998676632378e-06, 9.8982e+00, 3.2867e-01, 
 2DIAGNOSTIC,    16, -3.662185690773e-01, 1.883679352804e-06, 1.0257e+01, 3.5897e-01, 
 2DIAGNOSTIC,    17, -3.662186125590e-01, 1.784890388136e-06, 1.0574e+01, 3.1656e-01, 
 2DIAGNOSTIC,    18, -3.662183779411e-01, 1.697614615305e-06, 1.0863e+01, 2.8927e-01, 
 2DIAGNOSTIC,    19, -3.662184253717e-01, 1.615131020795e-06, 1.1146e+01, 2.8297e-01, 
 2DIAGNOSTIC,    20, -3.662185054435e-01, 1.546168642640e-06, 1.1427e+01, 2.8143e-01, 
 2DIAGNOSTIC,    21, -3.662185080826e-01, 1.484143693983e-06, 1.1744e+01, 3.1614e-01, 
 2DIAGNOSTIC,    22, -3.662185951476e-01, 1.425740810274e-06, 1.2066e+01, 3.2239e-01, 
 2DIAGNOSTIC,    23, -3.662185302201e-01, 1.375737656850e-06, 1.2354e+01, 2.8768e-01, 
 2DIAGNOSTIC,    24, -3.662185185663e-01, 1.323258027944e-06, 1.2675e+01, 3.2137e-01, 
 2DIAGNOSTIC,    25, -3.662186731370e-01, 1.278875574905e-06, 1.2994e+01, 3.1933e-01, 
 2DIAGNOSTIC,    26, -3.662185485031e-01, 1.231975803977e-06, 1.3313e+01, 3.1821e-01, 
 2DIAGNOSTIC,    27, -3.662185428669e-01, 1.189198472452e-06, 1.3632e+01, 3.1919e-01, 
 2DIAGNOSTIC,    28, -3.662184960593e-01, 1.140679751398e-06, 1.3916e+01, 2.8424e-01, 
 2DIAGNOSTIC,    29, -3.662185030317e-01, 1.096481125791e-06, 1.4234e+01, 3.1793e-01, 
 2DIAGNOSTIC,    30, -3.662185395238e-01, 1.058205299387e-06, 1.4554e+01, 3.2017e-01, 
 2DIAGNOSTIC,    31, -3.662185544862e-01, 1.022949595024e-06, 1.4876e+01, 3.2229e-01, 
 2DIAGNOSTIC,    32, -3.662185693079e-01, 9.927935349652e-07, 1.5163e+01, 2.8693e-01, 
 2DIAGNOSTIC,    33, -3.662186966018e-01, 9.660826400387e-07, 1.5484e+01, 3.2083e-01, 
 2DIAGNOSTIC,    34, -3.662187301140e-01, 9.410255862249e-07, 1.5800e+01, 3.1577e-01, 
 2DIAGNOSTIC,    35, -3.662187066876e-01, 9.198551360230e-07, 1.6158e+01, 3.5807e-01, 
 2DIAGNOSTIC,    36, -3.662186257686e-01, 8.944358791362e-07, 1.6483e+01, 3.2507e-01, 
 2DIAGNOSTIC,    37, -3.662185288860e-01, 8.672902223478e-07, 1.6804e+01, 3.2084e-01, 
 2DIAGNOSTIC,    38, -3.662184203663e-01, 8.376722984461e-07, 1.7086e+01, 2.8176e-01, 
 2DIAGNOSTIC,    39, -3.662183275527e-01, 8.077919442170e-07, 1.7367e+01, 2.8117e-01, 
 2DIAGNOSTIC,    40, -3.662184099869e-01, 7.825034978974e-07, 1.7657e+01, 2.8985e-01, 
 2DIAGNOSTIC,    41, -3.662182859843e-01, 7.575676213047e-07, 1.7978e+01, 3.2176e-01, 
 2DIAGNOSTIC,    42, -3.662183605959e-01, 7.372498736918e-07, 1.8267e+01, 2.8871e-01, 
 2DIAGNOSTIC,    43, -3.662186037856e-01, 7.264451811900e-07, 1.8587e+01, 3.1956e-01, 
 2DIAGNOSTIC,    44, -3.662189435723e-01, 7.238426555679e-07, 1.8907e+01, 3.1991e-01, 
 2DIAGNOSTIC,    45, -3.662186298271e-01, 7.153396007244e-07, 1.9228e+01, 3.2183e-01, 
 2DIAGNOSTIC,    46, -3.662186597523e-01, 7.058490957487e-07, 1.9622e+01, 3.9392e-01, 
 2DIAGNOSTIC,    47, -3.662184571959e-01, 6.904884233029e-07, 1.9943e+01, 3.2078e-01, 
 2DIAGNOSTIC,    48, -3.662185252153e-01, 6.737543214175e-07, 2.0231e+01, 2.8775e-01, 
 2DIAGNOSTIC,    49, -3.662185154641e-01, 6.548302770547e-07, 2.0552e+01, 3.2074e-01, 
 2DIAGNOSTIC,    50, -3.662182103352e-01, 6.328226282992e-07, 2.0870e+01, 3.1790e-01, 
 2DIAGNOSTIC,    51, -3.662180534944e-01, 6.079944855839e-07, 2.1191e+01, 3.2185e-01, 
 2DIAGNOSTIC,    52, -3.662180292253e-01, 5.863175430477e-07, 2.1513e+01, 3.2173e-01, 
 2DIAGNOSTIC,    53, -3.662180437773e-01, 5.713850762396e-07, 2.1798e+01, 2.8473e-01, 
 2DIAGNOSTIC,    54, -3.662178741497e-01, 5.622717006992e-07, 2.2118e+01, 3.1971e-01, 
 2DIAGNOSTIC,    55, -3.662177876831e-01, 5.505324106279e-07, 2.2492e+01, 3.7402e-01, 
 2DIAGNOSTIC,    56, -3.662176923764e-01, 5.411326640462e-07, 2.2808e+01, 3.1658e-01, 
 2DIAGNOSTIC,    57, -3.662175916512e-01, 5.304209692580e-07, 2.3117e+01, 3.0877e-01, 
 2DIAGNOSTIC,    58, -3.662173511968e-01, 5.203603393247e-07, 2.3396e+01, 2.7906e-01, 
 2DIAGNOSTIC,    59, -3.662171455167e-01, 5.106881074586e-07, 2.3706e+01, 3.0990e-01, 
 2DIAGNOSTIC,    60, -3.662172066569e-01, 5.010266385941e-07, 2.3983e+01, 2.7725e-01, 
 2DIAGNOSTIC,    61, -3.662171775323e-01, 4.920211051848e-07, 2.4258e+01, 2.7499e-01, 
 2DIAGNOSTIC,    62, -3.662173517800e-01, 4.879839837074e-07, 2.4535e+01, 2.7676e-01, 
 2DIAGNOSTIC,    63, -3.662173743792e-01, 4.869854557769e-07, 2.4850e+01, 3.1536e-01, 
 2DIAGNOSTIC,    64, -3.662173895857e-01, 4.859306300294e-07, 2.5163e+01, 3.1295e-01, 
 2DIAGNOSTIC,    65, -3.662168356526e-01, 4.783329192251e-07, 2.5475e+01, 3.1135e-01, 
 2DIAGNOSTIC,    66, -3.662171195124e-01, 4.743953853185e-07, 2.5787e+01, 3.1293e-01, 
 2DIAGNOSTIC,    67, -3.662171269068e-01, 4.700844719804e-07, 2.6104e+01, 3.1660e-01, 
 2DIAGNOSTIC,    68, -3.662170235530e-01, 4.624199577922e-07, 2.6421e+01, 3.1688e-01, 
 2DIAGNOSTIC,    69, -3.662170361501e-01, 4.534379876072e-07, 2.6766e+01, 3.4524e-01, 
 2DIAGNOSTIC,    70, -3.662169943562e-01, 4.457687218674e-07, 2.7050e+01, 2.8329e-01, 
 2DIAGNOSTIC,    71, -3.662168673445e-01, 4.373613509707e-07, 2.7360e+01, 3.1086e-01, 
 2DIAGNOSTIC,    72, -3.662169307248e-01, 4.327023924097e-07, 2.7638e+01, 2.7736e-01, 
 2DIAGNOSTIC,    73, -3.662171376868e-01, 4.314380308377e-07, 2.7992e+01, 3.5405e-01, 
 2DIAGNOSTIC,    74, -3.662172940153e-01, 4.325544540953e-07, 2.8312e+01, 3.2003e-01, 
 2DIAGNOSTIC,    75, -3.662171443388e-01, 4.260019783910e-07, 2.8632e+01, 3.1998e-01, 
 2DIAGNOSTIC,    76, -3.662169729744e-01, 4.206958367520e-07, 2.8951e+01, 3.1896e-01, 
 2DIAGNOSTIC,    77, -3.662169056673e-01, 4.147842346276e-07, 2.9271e+01, 3.2030e-01, 
 2DIAGNOSTIC,    78, -3.662168779662e-01, 4.074612685711e-07, 2.9552e+01, 2.8113e-01, 
  Elapsed time (stage 1): 2.9835e+01


Total elapsed time: 5.1309e+01
