Running T1-THOMAS on sub-24
INFO:    Mounting image with FUSE.
Some packages in this Docker container are non-free
If you are considering commercial use of this container, please consult the relevant license:
https://fsl.fmrib.ox.ac.uk/fsl/fslwiki/Licence
THOMAS_HOME setting of /opt/thomas_new
Linux OS detected
File name OK
Running left and right thalamus MV big
All_Command_lines_OK
Using double precision for computations.
=============================================================================
The composite transform comprises the following transforms (in order): 
  1. Center of mass alignment using fixed image: sub-24_desc-preproc_T1w.nii.gz and moving image: /opt/thomas_new/origtemplate.nii.gz (type = Euler3DTransform)
=============================================================================
  number of levels = 4
  number of levels = 4
  fixed image: sub-24_desc-preproc_T1w.nii.gz
  moving image: /opt/thomas_new/origtemplate.nii.gz
  fixed image: sub-24_desc-preproc_T1w.nii.gz
  moving image: /opt/thomas_new/origtemplate.nii.gz
Dimension = 3
Number of stages = 2
Use Histogram Matching false
Winsorize image intensities false
Lower quantile = 0
Upper quantile = 1
Stage 1 State
   Image metric = Mattes
     Fixed image = Image (0x3733960)
  RTTI typeinfo:   itk::Image<double, 3u>
  Reference Count: 2
  Modified Time: 1696
  Debug: Off
  Object Name: 
  Observers: 
    none
  Source: (none)
  Source output name: (none)
  Release Data: Off
  Data Released: False
  Global Release Data: Off
  PipelineMTime: 0
  UpdateMTime: 1479
  RealTimeStamp: 0 seconds 
  LargestPossibleRegion: 
    Dimension: 3
    Index: [0, 0, 0]
    Size: [160, 256, 256]
  BufferedRegion: 
    Dimension: 3
    Index: [0, 0, 0]
    Size: [160, 256, 256]
  RequestedRegion: 
    Dimension: 3
    Index: [0, 0, 0]
    Size: [160, 256, 256]
  Spacing: [1, 1, 1]
  Origin: [82.0027, 109.407, -141.632]
  Direction: 
-0.999753 -0.022163 -0.00145715
0.0218083 -0.991952 0.124725
-0.0042097 0.124662 0.99219

  IndexToPointMatrix: 
-0.999756 -0.022163 -0.00145715
0.0218084 -0.991952 0.124725
-0.00420971 0.124662 0.99219

  PointToIndexMatrix: 
-0.999751 0.0218082 -0.00420969
-0.022163 -0.991952 0.124662
-0.00145715 0.124725 0.99219

  Inverse Direction: 
-0.999753 0.0218083 -0.0042097
-0.022163 -0.991952 0.124662
-0.00145715 0.124725 0.99219

  PixelContainer: 
    ImportImageContainer (0x372c440)
      RTTI typeinfo:   itk::ImportImageContainer<unsigned long, double>
      Reference Count: 1
      Modified Time: 1476
      Debug: Off
      Object Name: 
      Observers: 
        none
      Pointer: 0x1549a3dea010
      Container manages memory: true
      Size: 10485760
      Capacity: 10485760

     Moving image = Image (0x372d210)
  RTTI typeinfo:   itk::Image<double, 3u>
  Reference Count: 2
  Modified Time: 1697
  Debug: Off
  Object Name: 
  Observers: 
    none
  Source: (none)
  Source output name: (none)
  Release Data: Off
  Data Released: False
  Global Release Data: Off
  PipelineMTime: 0
  UpdateMTime: 1694
  RealTimeStamp: 0 seconds 
  LargestPossibleRegion: 
    Dimension: 3
    Index: [0, 0, 0]
    Size: [256, 440, 256]
  BufferedRegion: 
    Dimension: 3
    Index: [0, 0, 0]
    Size: [256, 440, 256]
  RequestedRegion: 
    Dimension: 3
    Index: [0, 0, 0]
    Size: [256, 440, 256]
  Spacing: [0.7031, 0.5, 0.7031]
  Origin: [83.5844, 59.822, -106.951]
  Direction: 
-1 0 0
0 -1 0
0 0 1

  IndexToPointMatrix: 
-0.7031 0 0
0 -0.5 0
0 0 0.7031

  PointToIndexMatrix: 
-1.42227 0 0
0 -2 0
0 0 1.42227

  Inverse Direction: 
-1 0 0
0 -1 0
0 0 1

  PixelContainer: 
    ImportImageContainer (0x372d4a0)
      RTTI typeinfo:   itk::ImportImageContainer<unsigned long, double>
      Reference Count: 1
      Modified Time: 1691
      Debug: Off
      Object Name: 
      Observers: 
        none
      Pointer: 0x1549961e9010
      Container manages memory: true
      Size: 28835840
      Capacity: 28835840

     Weighting = 1
     Sampling strategy = regular
     Number of bins = 32
     Radius = 4
     Sampling percentage  = 0.25
   Transform = Rigid
     Gradient step = 0.1
     Update field sigma (voxel space) = 0
     Total field sigma (voxel space) = 0
     Update field time sigma = 0
     Total field time sigma  = 0
     Number of time indices = 0
     Number of time point samples = 0
Stage 2 State
   Image metric = Mattes
     Fixed image = Image (0x373f980)
  RTTI typeinfo:   itk::Image<double, 3u>
  Reference Count: 2
  Modified Time: 2128
  Debug: Off
  Object Name: 
  Observers: 
    none
  Source: (none)
  Source output name: (none)
  Release Data: Off
  Data Released: False
  Global Release Data: Off
  PipelineMTime: 0
  UpdateMTime: 1911
  RealTimeStamp: 0 seconds 
  LargestPossibleRegion: 
    Dimension: 3
    Index: [0, 0, 0]
    Size: [160, 256, 256]
  BufferedRegion: 
    Dimension: 3
    Index: [0, 0, 0]
    Size: [160, 256, 256]
  RequestedRegion: 
    Dimension: 3
    Index: [0, 0, 0]
    Size: [160, 256, 256]
  Spacing: [1, 1, 1]
  Origin: [82.0027, 109.407, -141.632]
  Direction: 
-0.999753 -0.022163 -0.00145715
0.0218083 -0.991952 0.124725
-0.0042097 0.124662 0.99219

  IndexToPointMatrix: 
-0.999756 -0.022163 -0.00145715
0.0218084 -0.991952 0.124725
-0.00420971 0.124662 0.99219

  PointToIndexMatrix: 
-0.999751 0.0218082 -0.00420969
-0.022163 -0.991952 0.124662
-0.00145715 0.124725 0.99219

  Inverse Direction: 
-0.999753 0.0218083 -0.0042097
-0.022163 -0.991952 0.124662
-0.00145715 0.124725 0.99219

  PixelContainer: 
    ImportImageContainer (0x372b240)
      RTTI typeinfo:   itk::ImportImageContainer<unsigned long, double>
      Reference Count: 1
      Modified Time: 1908
      Debug: Off
      Object Name: 
      Observers: 
        none
      Pointer: 0x1549911e8010
      Container manages memory: true
      Size: 10485760
      Capacity: 10485760

     Moving image = Image (0x3741410)
  RTTI typeinfo:   itk::Image<double, 3u>
  Reference Count: 2
  Modified Time: 2129
  Debug: Off
  Object Name: 
  Observers: 
    none
  Source: (none)
  Source output name: (none)
  Release Data: Off
  Data Released: False
  Global Release Data: Off
  PipelineMTime: 0
  UpdateMTime: 2126
  RealTimeStamp: 0 seconds 
  LargestPossibleRegion: 
    Dimension: 3
    Index: [0, 0, 0]
    Size: [256, 440, 256]
  BufferedRegion: 
    Dimension: 3
    Index: [0, 0, 0]
    Size: [256, 440, 256]
  RequestedRegion: 
    Dimension: 3
    Index: [0, 0, 0]
    Size: [256, 440, 256]
  Spacing: [0.7031, 0.5, 0.7031]
  Origin: [83.5844, 59.822, -106.951]
  Direction: 
-1 0 0
0 -1 0
0 0 1

  IndexToPointMatrix: 
-0.7031 0 0
0 -0.5 0
0 0 0.7031

  PointToIndexMatrix: 
-1.42227 0 0
0 -2 0
0 0 1.42227

  Inverse Direction: 
-1 0 0
0 -1 0
0 0 1

  PixelContainer: 
    ImportImageContainer (0x3731d50)
      RTTI typeinfo:   itk::ImportImageContainer<unsigned long, double>
      Reference Count: 1
      Modified Time: 2123
      Debug: Off
      Object Name: 
      Observers: 
        none
      Pointer: 0x1549835e7010
      Container manages memory: true
      Size: 28835840
      Capacity: 28835840

     Weighting = 1
     Sampling strategy = regular
     Number of bins = 32
     Radius = 4
     Sampling percentage  = 0.25
   Transform = Affine
     Gradient step = 0.1
     Update field sigma (voxel space) = 0
     Total field sigma (voxel space) = 0
     Update field time sigma = 0
     Total field time sigma  = 0
     Number of time indices = 0
     Number of time point samples = 0
Registration using 2 total stages.

Stage 0
  iterations = 1000x500x250x100
  convergence threshold = 5e-07
  convergence window size = 10
  number of levels = 4
  using the Mattes MI metric (number of bins = 32, weight = 1)
  Shrink factors (level 1 out of 4): [8, 8, 8]
  Shrink factors (level 2 out of 4): [4, 4, 4]
  Shrink factors (level 3 out of 4): [2, 2, 2]
  Shrink factors (level 4 out of 4): [1, 1, 1]
  smoothing sigmas per level: [3, 2, 1, 0]
  regular sampling (percentage = 0.25)

*** Running Euler3DTransform registration ***

DIAGNOSTIC,Iteration,metricValue,convergenceValue,ITERATION_TIME_INDEX,SINCE_LAST
 2DIAGNOSTIC,     1, -2.834447430096e-01, 1.797693134862e+308, 3.2745e-01, 3.2745e-01, 
 2DIAGNOSTIC,     2, -2.839562314096e-01, 1.797693134862e+308, 3.3037e-01, 2.9199e-03, 
 2DIAGNOSTIC,     3, -2.845729426251e-01, 1.797693134862e+308, 3.3306e-01, 2.6901e-03, 
 2DIAGNOSTIC,     4, -2.861189664359e-01, 1.797693134862e+308, 3.3575e-01, 2.6920e-03, 
 2DIAGNOSTIC,     5, -2.924020990956e-01, 1.797693134862e+308, 3.3936e-01, 3.6039e-03, 
 2DIAGNOSTIC,     6, -2.936902889170e-01, 1.797693134862e+308, 3.4216e-01, 2.8079e-03, 
 2DIAGNOSTIC,     7, -2.994032033377e-01, 1.797693134862e+308, 3.4501e-01, 2.8419e-03, 
 2DIAGNOSTIC,     8, -3.156892143355e-01, 1.797693134862e+308, 3.4849e-01, 3.4811e-03, 
 2DIAGNOSTIC,     9, -3.230443530957e-01, 1.797693134862e+308, 3.5173e-01, 3.2480e-03, 
 2DIAGNOSTIC,    10, -3.224493530548e-01, 9.659877570607e-03, 3.5802e-01, 6.2809e-03, 
 2DIAGNOSTIC,    11, -3.217451371325e-01, 9.339303675860e-03, 3.6165e-01, 3.6371e-03, 
 2DIAGNOSTIC,    12, -3.219911189819e-01, 8.307889320718e-03, 3.6565e-01, 3.9971e-03, 
 2DIAGNOSTIC,    13, -3.224214012684e-01, 6.751706611117e-03, 3.6927e-01, 3.6221e-03, 
 2DIAGNOSTIC,    14, -3.224098082449e-01, 4.903744833312e-03, 3.7247e-01, 3.2001e-03, 
 2DIAGNOSTIC,    15, -3.224594022980e-01, 3.278933261248e-03, 3.7595e-01, 3.4790e-03, 
 2DIAGNOSTIC,    16, -3.225580766214e-01, 1.657680470168e-03, 3.7927e-01, 3.3140e-03, 
 2DIAGNOSTIC,    17, -3.225194404018e-01, 3.703833807539e-04, 3.8290e-01, 3.6390e-03, 
 2DIAGNOSTIC,    18, -3.228410159330e-01, 3.481348524570e-05, 3.8593e-01, 3.0270e-03, 
 2DIAGNOSTIC,    19, -3.237702669373e-01, 1.331025405451e-04, 3.9001e-01, 4.0741e-03, 
 2DIAGNOSTIC,    20, -3.236675925152e-01, 1.773054072091e-04, 3.9604e-01, 6.0310e-03, 
 2DIAGNOSTIC,    21, -3.237905830528e-01, 1.761961810726e-04, 3.9904e-01, 2.9991e-03, 
 2DIAGNOSTIC,    22, -3.237416132106e-01, 1.669908376858e-04, 4.0191e-01, 2.8701e-03, 
 2DIAGNOSTIC,    23, -3.238714364296e-01, 1.651188004870e-04, 4.0559e-01, 3.6829e-03, 
 2DIAGNOSTIC,    24, -3.239329444014e-01, 1.492326894840e-04, 4.0922e-01, 3.6359e-03, 
 2DIAGNOSTIC,    25, -3.238528997344e-01, 1.196462637968e-04, 4.1197e-01, 2.7411e-03, 
 2DIAGNOSTIC,    26, -3.238684406960e-01, 8.610485828049e-05, 4.1511e-01, 3.1402e-03, 
 2DIAGNOSTIC,    27, -3.239036599760e-01, 4.702198218983e-05, 4.1862e-01, 3.5150e-03, 
 2DIAGNOSTIC,    28, -3.242578138384e-01, 2.734040094768e-05, 4.2162e-01, 3.0022e-03, 
 2DIAGNOSTIC,    29, -3.253890154976e-01, 7.052300630617e-05, 4.2519e-01, 3.5648e-03, 
 2DIAGNOSTIC,    30, -3.242929630781e-01, 6.729285680396e-05, 4.2928e-01, 4.0910e-03, 
 2DIAGNOSTIC,    31, -3.245957297720e-01, 7.197886376049e-05, 4.3278e-01, 3.5019e-03, 
 2DIAGNOSTIC,    32, -3.244564411185e-01, 6.408069560335e-05, 4.3600e-01, 3.2229e-03, 
 2DIAGNOSTIC,    33, -3.249624910065e-01, 6.739948380919e-05, 4.3879e-01, 2.7871e-03, 
 2DIAGNOSTIC,    34, -3.248831206574e-01, 6.310061412605e-05, 4.4279e-01, 3.9968e-03, 
 2DIAGNOSTIC,    35, -3.249690403858e-01, 5.394418327444e-05, 4.4712e-01, 4.3280e-03, 
 2DIAGNOSTIC,    36, -3.248757124603e-01, 3.898385885365e-05, 4.4996e-01, 2.8470e-03, 
 2DIAGNOSTIC,    37, -3.247908232186e-01, 1.972011526810e-05, 4.5264e-01, 2.6820e-03, 
 2DIAGNOSTIC,    38, -3.247299069036e-01, 5.539372264760e-06, 4.5559e-01, 2.9440e-03, 
 2DIAGNOSTIC,    39, -3.248397481762e-01, 2.087373383678e-05, 4.5931e-01, 3.7191e-03, 
 2DIAGNOSTIC,    40, -3.249084033002e-01, 1.033891718944e-05, 4.6203e-01, 2.7239e-03, 
 2DIAGNOSTIC,    41, -3.247682795338e-01, 3.161015992202e-06, 4.6498e-01, 2.9480e-03, 
DIAGNOSTIC,Iteration,metricValue,convergenceValue,ITERATION_TIME_INDEX,SINCE_LAST
 2DIAGNOSTIC,     1, -2.254349359545e-01, 1.797693134862e+308, 8.2345e-01, 3.5847e-01, 
 2DIAGNOSTIC,     2, -2.257431093736e-01, 1.797693134862e+308, 8.3167e-01, 8.2169e-03, 
 2DIAGNOSTIC,     3, -2.260280709229e-01, 1.797693134862e+308, 8.3981e-01, 8.1451e-03, 
 2DIAGNOSTIC,     4, -2.268211399222e-01, 1.797693134862e+308, 8.4865e-01, 8.8379e-03, 
 2DIAGNOSTIC,     5, -2.270155044004e-01, 1.797693134862e+308, 8.6079e-01, 1.2141e-02, 
 2DIAGNOSTIC,     6, -2.271049707316e-01, 1.797693134862e+308, 8.6942e-01, 8.6310e-03, 
 2DIAGNOSTIC,     7, -2.270758068305e-01, 1.797693134862e+308, 8.7885e-01, 9.4271e-03, 
 2DIAGNOSTIC,     8, -2.271095425978e-01, 1.797693134862e+308, 8.8755e-01, 8.7020e-03, 
 2DIAGNOSTIC,     9, -2.271756501113e-01, 1.797693134862e+308, 8.9712e-01, 9.5680e-03, 
 2DIAGNOSTIC,    10, -2.271570600127e-01, 4.880100273879e-04, 9.0588e-01, 8.7540e-03, 
 2DIAGNOSTIC,    11, -2.271433554061e-01, 3.076959213218e-04, 9.1481e-01, 8.9371e-03, 
 2DIAGNOSTIC,    12, -2.271388749106e-01, 1.624929250996e-04, 9.2417e-01, 9.3579e-03, 
 2DIAGNOSTIC,    13, -2.271039036449e-01, 4.740846100564e-05, 9.3179e-01, 7.6170e-03, 
 2DIAGNOSTIC,    14, -2.271468264501e-01, 1.904852460605e-05, 9.4049e-01, 8.7061e-03, 
 2DIAGNOSTIC,    15, -2.271462320478e-01, 8.798687201397e-06, 9.4799e-01, 7.4949e-03, 
 2DIAGNOSTIC,    16, -2.271841031064e-01, 9.394628909642e-06, 9.5660e-01, 8.6112e-03, 
 2DIAGNOSTIC,    17, -2.271403609955e-01, 3.821774942549e-06, 9.6402e-01, 7.4239e-03, 
 2DIAGNOSTIC,    18, -2.271797815630e-01, 3.765967849359e-06, 9.7282e-01, 8.7922e-03, 
 2DIAGNOSTIC,    19, -2.272385491810e-01, 1.167546252251e-05, 9.8143e-01, 8.6160e-03, 
 2DIAGNOSTIC,    20, -2.272679732795e-01, 1.838900365778e-05, 9.9090e-01, 9.4721e-03, 
 2DIAGNOSTIC,    21, -2.274177196961e-01, 3.103597521961e-05, 9.9961e-01, 8.7030e-03, 
 2DIAGNOSTIC,    22, -2.276233646673e-01, 5.116500863191e-05, 1.0085e+00, 8.8489e-03, 
 2DIAGNOSTIC,    23, -2.276743140577e-01, 6.548803351026e-05, 1.0192e+00, 1.0785e-02, 
 2DIAGNOSTIC,    24, -2.276385698132e-01, 7.308375004785e-05, 1.0273e+00, 8.0781e-03, 
 2DIAGNOSTIC,    25, -2.276549827778e-01, 7.426172028679e-05, 1.0347e+00, 7.4170e-03, 
 2DIAGNOSTIC,    26, -2.275861342650e-01, 6.695657954973e-05, 1.0435e+00, 8.8100e-03, 
 2DIAGNOSTIC,    27, -2.275940386185e-01, 5.222207495890e-05, 1.0522e+00, 8.6319e-03, 
 2DIAGNOSTIC,    28, -2.276771567600e-01, 3.915186322233e-05, 1.0606e+00, 8.4701e-03, 
 2DIAGNOSTIC,    29, -2.277353344792e-01, 2.849546505496e-05, 1.0707e+00, 1.0013e-02, 
 2DIAGNOSTIC,    30, -2.277168670564e-01, 1.635972529936e-05, 1.0796e+00, 8.9040e-03, 
 2DIAGNOSTIC,    31, -2.276550820942e-01, 7.021624893265e-06, 1.0907e+00, 1.1104e-02, 
 2DIAGNOSTIC,    32, -2.276579314990e-01, 5.877901776558e-06, 1.0994e+00, 8.7359e-03, 
 2DIAGNOSTIC,    33, -2.276224395014e-01, 4.825166511291e-06, 1.1081e+00, 8.6660e-03, 
 2DIAGNOSTIC,    34, -2.276071020892e-01, 1.502232180001e-06, 1.1166e+00, 8.5270e-03, 
DIAGNOSTIC,Iteration,metricValue,convergenceValue,ITERATION_TIME_INDEX,SINCE_LAST
 2DIAGNOSTIC,     1, -1.621318162296e-01, 1.797693134862e+308, 1.6219e+00, 5.0526e-01, 
 2DIAGNOSTIC,     2, -1.624490848836e-01, 1.797693134862e+308, 1.6762e+00, 5.4362e-02, 
 2DIAGNOSTIC,     3, -1.629521493082e-01, 1.797693134862e+308, 1.7304e+00, 5.4165e-02, 
 2DIAGNOSTIC,     4, -1.635607131176e-01, 1.797693134862e+308, 1.7839e+00, 5.3504e-02, 
 2DIAGNOSTIC,     5, -1.645432568216e-01, 1.797693134862e+308, 1.8373e+00, 5.3452e-02, 
 2DIAGNOSTIC,     6, -1.653879978093e-01, 1.797693134862e+308, 1.8993e+00, 6.2007e-02, 
 2DIAGNOSTIC,     7, -1.664716043510e-01, 1.797693134862e+308, 1.9937e+00, 9.4335e-02, 
 2DIAGNOSTIC,     8, -1.664461673417e-01, 1.797693134862e+308, 2.0969e+00, 1.0326e-01, 
 2DIAGNOSTIC,     9, -1.664479080106e-01, 1.797693134862e+308, 2.1950e+00, 9.8054e-02, 
 2DIAGNOSTIC,    10, -1.664481604880e-01, 2.032958424892e-03, 2.2608e+00, 6.5813e-02, 
 2DIAGNOSTIC,    11, -1.664445763090e-01, 1.592887195900e-03, 2.3287e+00, 6.7870e-02, 
 2DIAGNOSTIC,    12, -1.664427080207e-01, 1.127882487408e-03, 2.3839e+00, 5.5224e-02, 
 2DIAGNOSTIC,    13, -1.664413824022e-01, 7.005209874518e-04, 2.4478e+00, 6.3859e-02, 
 2DIAGNOSTIC,    14, -1.664396224039e-01, 3.458464809084e-04, 2.5104e+00, 6.2597e-02, 
 2DIAGNOSTIC,    15, -1.664376706744e-01, 1.185414922239e-04, 2.5664e+00, 5.6063e-02, 
DIAGNOSTIC,Iteration,metricValue,convergenceValue,ITERATION_TIME_INDEX,SINCE_LAST
 2DIAGNOSTIC,     1, -1.353653592724e-01, 1.797693134862e+308, 3.7726e+00, 1.2062e+00, 
 2DIAGNOSTIC,     2, -1.354667471501e-01, 1.797693134862e+308, 4.0806e+00, 3.0795e-01, 
 2DIAGNOSTIC,     3, -1.356880538059e-01, 1.797693134862e+308, 4.3906e+00, 3.0999e-01, 
 2DIAGNOSTIC,     4, -1.360867999677e-01, 1.797693134862e+308, 4.6960e+00, 3.0539e-01, 
 2DIAGNOSTIC,     5, -1.365978205060e-01, 1.797693134862e+308, 5.1712e+00, 4.7527e-01, 
 2DIAGNOSTIC,     6, -1.366040743908e-01, 1.797693134862e+308, 5.6415e+00, 4.7023e-01, 
 2DIAGNOSTIC,     7, -1.366014436376e-01, 1.797693134862e+308, 6.2067e+00, 5.6527e-01, 
 2DIAGNOSTIC,     8, -1.366042379668e-01, 1.797693134862e+308, 6.7643e+00, 5.5754e-01, 
 2DIAGNOSTIC,     9, -1.366041222484e-01, 1.797693134862e+308, 7.1200e+00, 3.5573e-01, 
 2DIAGNOSTIC,    10, -1.366039894773e-01, 6.534649272885e-04, 7.4330e+00, 3.1296e-01, 
 2DIAGNOSTIC,    11, -1.366039608511e-01, 4.396300438780e-04, 7.7446e+00, 3.1168e-01, 
 2DIAGNOSTIC,    12, -1.366033417330e-01, 2.410611962964e-04, 8.1048e+00, 3.6019e-01, 
 2DIAGNOSTIC,    13, -1.366034124842e-01, 8.625815614302e-05, 8.5422e+00, 4.3733e-01, 
 2DIAGNOSTIC,    14, -1.366032660559e-01, 3.177444214394e-06, 8.8998e+00, 3.5760e-01, 
 2DIAGNOSTIC,    15, -1.366031618215e-01, 2.087180957067e-06, 9.2056e+00, 3.0579e-01, 
 2DIAGNOSTIC,    16, -1.366028032840e-01, 1.919523000785e-06, 9.5109e+00, 3.0538e-01, 
 2DIAGNOSTIC,    17, -1.366032656005e-01, 1.504241235177e-06, 9.8755e+00, 3.6457e-01, 
 2DIAGNOSTIC,    18, -1.366036764357e-01, 1.538510620923e-06, 1.0187e+01, 3.1168e-01, 
 2DIAGNOSTIC,    19, -1.366033677056e-01, 1.542306854486e-06, 1.0545e+01, 3.5761e-01, 
 2DIAGNOSTIC,    20, -1.366028486708e-01, 1.492338927288e-06, 1.0905e+01, 3.5976e-01, 
 2DIAGNOSTIC,    21, -1.366018810166e-01, 1.361497253854e-06, 1.1257e+01, 3.5257e-01, 
 2DIAGNOSTIC,    22, -1.366026850504e-01, 1.274842253457e-06, 1.1568e+01, 3.1052e-01, 
 2DIAGNOSTIC,    23, -1.366028174563e-01, 1.225459297531e-06, 1.1963e+01, 3.9543e-01, 
 2DIAGNOSTIC,    24, -1.366032531564e-01, 1.220397588021e-06, 1.2318e+01, 3.5490e-01, 
 2DIAGNOSTIC,    25, -1.366018827949e-01, 1.106091649800e-06, 1.2669e+01, 3.5128e-01, 
 2DIAGNOSTIC,    26, -1.366019184358e-01, 9.943798283812e-07, 1.3024e+01, 3.5479e-01, 
 2DIAGNOSTIC,    27, -1.366015733443e-01, 9.182381079317e-07, 1.3380e+01, 3.5583e-01, 
 2DIAGNOSTIC,    28, -1.366017965293e-01, 9.169366543757e-07, 1.3744e+01, 3.6388e-01, 
 2DIAGNOSTIC,    29, -1.366016454319e-01, 9.037701297621e-07, 1.4100e+01, 3.5608e-01, 
 2DIAGNOSTIC,    30, -1.366017845518e-01, 8.877950736438e-07, 1.4415e+01, 3.1482e-01, 
 2DIAGNOSTIC,    31, -1.366018267856e-01, 8.263939599643e-07, 1.4725e+01, 3.0989e-01, 
 2DIAGNOSTIC,    32, -1.366014097064e-01, 8.118540370042e-07, 1.5120e+01, 3.9592e-01, 
 2DIAGNOSTIC,    33, -1.366014550924e-01, 8.257917239185e-07, 1.5470e+01, 3.4987e-01, 
 2DIAGNOSTIC,    34, -1.366004673425e-01, 8.201100957783e-07, 1.5784e+01, 3.1327e-01, 
 2DIAGNOSTIC,    35, -1.366005170618e-01, 7.483312173054e-07, 1.6136e+01, 3.5285e-01, 
 2DIAGNOSTIC,    36, -1.366004574489e-01, 6.943672137515e-07, 1.6447e+01, 3.1093e-01, 
 2DIAGNOSTIC,    37, -1.366007317305e-01, 6.566768003848e-07, 1.6807e+01, 3.5988e-01, 
 2DIAGNOSTIC,    38, -1.366010614219e-01, 6.708532840870e-07, 1.7158e+01, 3.5035e-01, 
 2DIAGNOSTIC,    39, -1.366002267143e-01, 6.475204635155e-07, 1.7599e+01, 4.4141e-01, 
 2DIAGNOSTIC,    40, -1.366002580124e-01, 6.518700055753e-07, 1.7956e+01, 3.5735e-01, 
 2DIAGNOSTIC,    41, -1.366002187128e-01, 6.694135795404e-07, 1.8272e+01, 3.1529e-01, 
 2DIAGNOSTIC,    42, -1.366000717859e-01, 6.668816842428e-07, 1.8631e+01, 3.5979e-01, 
 2DIAGNOSTIC,    43, -1.365999627663e-01, 6.714718816213e-07, 1.8939e+01, 3.0803e-01, 
 2DIAGNOSTIC,    44, -1.365995670499e-01, 6.177129747778e-07, 1.9253e+01, 3.1389e-01, 
 2DIAGNOSTIC,    45, -1.366005710491e-01, 6.261599000031e-07, 1.9607e+01, 3.5333e-01, 
 2DIAGNOSTIC,    46, -1.366002873623e-01, 6.241306640675e-07, 1.9918e+01, 3.1152e-01, 
 2DIAGNOSTIC,    47, -1.366005073430e-01, 6.504724436758e-07, 2.0275e+01, 3.5636e-01, 
 2DIAGNOSTIC,    48, -1.366005858865e-01, 6.974650339150e-07, 2.0629e+01, 3.5409e-01, 
 2DIAGNOSTIC,    49, -1.366000997066e-01, 6.829282168663e-07, 2.0986e+01, 3.5708e-01, 
 2DIAGNOSTIC,    50, -1.366003534658e-01, 6.777090305055e-07, 2.1342e+01, 3.5605e-01, 
 2DIAGNOSTIC,    51, -1.366001858480e-01, 6.596808839465e-07, 2.1694e+01, 3.5255e-01, 
 2DIAGNOSTIC,    52, -1.365996993570e-01, 6.140416958893e-07, 2.2089e+01, 3.9426e-01, 
 2DIAGNOSTIC,    53, -1.365995617117e-01, 5.616029865527e-07, 2.2438e+01, 3.4909e-01, 
  Elapsed time (stage 0): 2.2733e+01


Stage 1
  iterations = 1000x500x250x100
  convergence threshold = 4.0000e-07
  convergence window size = 10
  number of levels = 4
  using the Mattes MI metric (number of bins = 32, weight = 1.0000e+00)
  Shrink factors (level 1 out of 4): [8, 8, 8]
  Shrink factors (level 2 out of 4): [4, 4, 4]
  Shrink factors (level 3 out of 4): [2, 2, 2]
  Shrink factors (level 4 out of 4): [1, 1, 1]
  smoothing sigmas per level: [3, 2, 1, 0]
  regular sampling (percentage = 2.5000e-01)

*** Running AffineTransform registration ***

DIAGNOSTIC,Iteration,metricValue,convergenceValue,ITERATION_TIME_INDEX,SINCE_LAST
 2DIAGNOSTIC,     1, -2.992377095863e-01, 1.797693134862e+308, 3.2724e-01, 3.2724e-01, 
 2DIAGNOSTIC,     2, -3.000665282482e-01, 1.797693134862e+308, 3.3053e-01, 3.2821e-03, 
 2DIAGNOSTIC,     3, -3.010043214812e-01, 1.797693134862e+308, 3.3352e-01, 2.9919e-03, 
 2DIAGNOSTIC,     4, -3.045964035911e-01, 1.797693134862e+308, 3.3664e-01, 3.1250e-03, 
 2DIAGNOSTIC,     5, -3.180544515125e-01, 1.797693134862e+308, 3.4038e-01, 3.7320e-03, 
 2DIAGNOSTIC,     6, -3.199644228219e-01, 1.797693134862e+308, 3.4390e-01, 3.5250e-03, 
 2DIAGNOSTIC,     7, -3.231801452738e-01, 1.797693134862e+308, 3.4734e-01, 3.4430e-03, 
 2DIAGNOSTIC,     8, -3.285484246159e-01, 1.797693134862e+308, 3.5114e-01, 3.7999e-03, 
 2DIAGNOSTIC,     9, -3.316709783233e-01, 1.797693134862e+308, 3.5400e-01, 2.8570e-03, 
 2DIAGNOSTIC,    10, -3.308338076895e-01, 7.883280117944e-03, 3.5683e-01, 2.8281e-03, 
 2DIAGNOSTIC,    11, -3.443879130361e-01, 7.699280514486e-03, 3.5963e-01, 2.7962e-03, 
 2DIAGNOSTIC,    12, -3.846266411537e-01, 9.780997325458e-03, 3.6446e-01, 4.8389e-03, 
 2DIAGNOSTIC,    13, -3.993747417883e-01, 1.155315082932e-02, 3.7159e-01, 7.1270e-03, 
 2DIAGNOSTIC,    14, -3.996102233465e-01, 1.221540999902e-02, 3.7455e-01, 2.9590e-03, 
 2DIAGNOSTIC,    15, -3.999089756644e-01, 1.248854539125e-02, 3.7816e-01, 3.6130e-03, 
 2DIAGNOSTIC,    16, -4.000705552408e-01, 1.169040284891e-02, 3.8134e-01, 3.1750e-03, 
 2DIAGNOSTIC,    17, -4.002404276914e-01, 1.005437164253e-02, 3.8437e-01, 3.0351e-03, 
 2DIAGNOSTIC,    18, -4.009611936827e-01, 7.967899515274e-03, 3.8757e-01, 3.2001e-03, 
 2DIAGNOSTIC,    19, -4.016673241367e-01, 5.593903470347e-03, 3.9126e-01, 3.6819e-03, 
 2DIAGNOSTIC,    20, -4.021567772414e-01, 2.971666213986e-03, 3.9480e-01, 3.5429e-03, 
 2DIAGNOSTIC,    21, -4.021807094430e-01, 8.342671051087e-04, 3.9780e-01, 2.9979e-03, 
 2DIAGNOSTIC,    22, -4.023062542123e-01, 2.759335792129e-04, 4.0088e-01, 3.0880e-03, 
 2DIAGNOSTIC,    23, -4.037766171880e-01, 3.013322342769e-04, 4.0362e-01, 2.7361e-03, 
 2DIAGNOSTIC,    24, -4.103971032842e-01, 5.179460469018e-04, 4.0677e-01, 3.1521e-03, 
 2DIAGNOSTIC,    25, -4.185695721482e-01, 9.246521646901e-04, 4.1408e-01, 7.3030e-03, 
 2DIAGNOSTIC,    26, -4.186943780001e-01, 1.214362400001e-03, 4.1766e-01, 3.5861e-03, 
 2DIAGNOSTIC,    27, -4.189186193981e-01, 1.382716647806e-03, 4.2092e-01, 3.2561e-03, 
 2DIAGNOSTIC,    28, -4.192225902854e-01, 1.437577498413e-03, 4.2390e-01, 2.9812e-03, 
 2DIAGNOSTIC,    29, -4.196454761787e-01, 1.378483135247e-03, 4.2673e-01, 2.8288e-03, 
 2DIAGNOSTIC,    30, -4.206509008198e-01, 1.228247207706e-03, 4.3054e-01, 3.8152e-03, 
 2DIAGNOSTIC,    31, -4.213041679751e-01, 9.913487928373e-04, 4.3520e-01, 4.6580e-03, 
 2DIAGNOSTIC,    32, -4.205533819481e-01, 6.667404414323e-04, 4.3890e-01, 3.6979e-03, 
 2DIAGNOSTIC,    33, -4.206364334957e-01, 3.352717807693e-04, 4.4176e-01, 2.8601e-03, 
 2DIAGNOSTIC,    34, -4.203518810878e-01, 1.279650461821e-04, 4.4531e-01, 3.5520e-03, 
 2DIAGNOSTIC,    35, -4.206068790090e-01, 1.009956827111e-04, 4.4905e-01, 3.7370e-03, 
 2DIAGNOSTIC,    36, -4.206383558479e-01, 6.906982456640e-05, 4.5212e-01, 3.0701e-03, 
 2DIAGNOSTIC,    37, -4.207312964695e-01, 3.934341083995e-05, 4.5580e-01, 3.6809e-03, 
 2DIAGNOSTIC,    38, -4.208476738980e-01, 1.616440965756e-05, 4.5923e-01, 3.4332e-03, 
DIAGNOSTIC,Iteration,metricValue,convergenceValue,ITERATION_TIME_INDEX,SINCE_LAST
 2DIAGNOSTIC,     1, -3.059508778439e-01, 1.797693134862e+308, 8.0700e-01, 3.4777e-01, 
 2DIAGNOSTIC,     2, -3.062734478764e-01, 1.797693134862e+308, 8.1583e-01, 8.8229e-03, 
 2DIAGNOSTIC,     3, -3.065048886756e-01, 1.797693134862e+308, 8.2562e-01, 9.7909e-03, 
 2DIAGNOSTIC,     4, -3.066575571779e-01, 1.797693134862e+308, 8.3420e-01, 8.5869e-03, 
 2DIAGNOSTIC,     5, -3.070718465491e-01, 1.797693134862e+308, 8.4276e-01, 8.5561e-03, 
 2DIAGNOSTIC,     6, -3.079200425815e-01, 1.797693134862e+308, 8.5141e-01, 8.6529e-03, 
 2DIAGNOSTIC,     7, -3.096964785165e-01, 1.797693134862e+308, 8.6022e-01, 8.8110e-03, 
 2DIAGNOSTIC,     8, -3.117967500323e-01, 1.797693134862e+308, 8.6909e-01, 8.8639e-03, 
 2DIAGNOSTIC,     9, -3.185560868068e-01, 1.797693134862e+308, 8.8108e-01, 1.1991e-02, 
 2DIAGNOSTIC,    10, -3.213267388368e-01, 2.878459119413e-03, 8.9036e-01, 9.2802e-03, 
 2DIAGNOSTIC,    11, -3.270151813045e-01, 3.695117728512e-03, 8.9970e-01, 9.3391e-03, 
 2DIAGNOSTIC,    12, -3.413624923509e-01, 5.125937156189e-03, 9.1182e-01, 1.2123e-02, 
 2DIAGNOSTIC,    13, -3.441443961666e-01, 6.039679035469e-03, 9.2253e-01, 1.0713e-02, 
 2DIAGNOSTIC,    14, -3.450724030237e-01, 6.340149721090e-03, 9.3597e-01, 1.3438e-02, 
 2DIAGNOSTIC,    15, -3.454570967117e-01, 6.079399904849e-03, 9.4759e-01, 1.1614e-02, 
 2DIAGNOSTIC,    16, -3.453552781638e-01, 5.338690242030e-03, 9.5818e-01, 1.0598e-02, 
 2DIAGNOSTIC,    17, -3.453412779280e-01, 4.283491382116e-03, 9.6864e-01, 1.0454e-02, 
 2DIAGNOSTIC,    18, -3.452938653115e-01, 3.050845473686e-03, 9.7924e-01, 1.0599e-02, 
 2DIAGNOSTIC,    19, -3.452770011299e-01, 1.992960633500e-03, 9.9463e-01, 1.5394e-02, 
 2DIAGNOSTIC,    20, -3.452977237654e-01, 9.858882623168e-04, 1.0053e+00, 1.0637e-02, 
 2DIAGNOSTIC,    21, -3.452481375367e-01, 2.065231345239e-04, 1.0158e+00, 1.0540e-02, 
 2DIAGNOSTIC,    22, -3.452247226654e-01, 4.392660176243e-05, 1.0262e+00, 1.0364e-02, 
DIAGNOSTIC,Iteration,metricValue,convergenceValue,ITERATION_TIME_INDEX,SINCE_LAST
 2DIAGNOSTIC,     1, -2.460242698147e-01, 1.797693134862e+308, 1.5319e+00, 5.0573e-01, 
 2DIAGNOSTIC,     2, -2.465518142083e-01, 1.797693134862e+308, 1.6002e+00, 6.8261e-02, 
 2DIAGNOSTIC,     3, -2.475476050348e-01, 1.797693134862e+308, 1.6633e+00, 6.3129e-02, 
 2DIAGNOSTIC,     4, -2.490283283928e-01, 1.797693134862e+308, 1.7276e+00, 6.4332e-02, 
 2DIAGNOSTIC,     5, -2.514794868833e-01, 1.797693134862e+308, 1.7904e+00, 6.2770e-02, 
 2DIAGNOSTIC,     6, -2.535731500140e-01, 1.797693134862e+308, 1.8544e+00, 6.4036e-02, 
 2DIAGNOSTIC,     7, -2.546400518303e-01, 1.797693134862e+308, 1.9334e+00, 7.8969e-02, 
 2DIAGNOSTIC,     8, -2.549128948557e-01, 1.797693134862e+308, 2.0462e+00, 1.1283e-01, 
 2DIAGNOSTIC,     9, -2.548781689730e-01, 1.797693134862e+308, 2.1207e+00, 7.4481e-02, 
 2DIAGNOSTIC,    10, -2.548738955753e-01, 2.746407800015e-03, 2.2150e+00, 9.4294e-02, 
 2DIAGNOSTIC,    11, -2.548664190575e-01, 2.117907234140e-03, 2.3081e+00, 9.3046e-02, 
 2DIAGNOSTIC,    12, -2.548693407438e-01, 1.455990784319e-03, 2.3824e+00, 7.4362e-02, 
 2DIAGNOSTIC,    13, -2.548624104408e-01, 8.527176110659e-04, 2.4764e+00, 9.3935e-02, 
 2DIAGNOSTIC,    14, -2.548647663946e-01, 3.763719609613e-04, 2.5629e+00, 8.6535e-02, 
 2DIAGNOSTIC,    15, -2.548614984251e-01, 1.104742044952e-04, 2.6479e+00, 8.5009e-02, 
 2DIAGNOSTIC,    16, -2.548610739722e-01, 1.338295978466e-05, 2.7245e+00, 7.6653e-02, 
DIAGNOSTIC,Iteration,metricValue,convergenceValue,ITERATION_TIME_INDEX,SINCE_LAST
 2DIAGNOSTIC,     1, -1.998798673870e-01, 1.797693134862e+308, 4.0581e+00, 1.3335e+00, 
 2DIAGNOSTIC,     2, -2.000151895827e-01, 1.797693134862e+308, 4.4554e+00, 3.9728e-01, 
 2DIAGNOSTIC,     3, -2.001578369205e-01, 1.797693134862e+308, 4.8571e+00, 4.0173e-01, 
 2DIAGNOSTIC,     4, -2.003537781275e-01, 1.797693134862e+308, 5.6875e+00, 8.3040e-01, 
 2DIAGNOSTIC,     5, -2.003485469032e-01, 1.797693134862e+308, 6.3043e+00, 6.1683e-01, 
 2DIAGNOSTIC,     6, -2.003493129618e-01, 1.797693134862e+308, 6.8130e+00, 5.0865e-01, 
 2DIAGNOSTIC,     7, -2.003489910621e-01, 1.797693134862e+308, 7.2710e+00, 4.5803e-01, 
 2DIAGNOSTIC,     8, -2.003486898301e-01, 1.797693134862e+308, 7.6753e+00, 4.0435e-01, 
 2DIAGNOSTIC,     9, -2.003482958613e-01, 1.797693134862e+308, 8.2356e+00, 5.6028e-01, 
 2DIAGNOSTIC,    10, -2.003483069870e-01, 1.296884745518e-04, 8.6851e+00, 4.4946e-01, 
 2DIAGNOSTIC,    11, -2.003484031834e-01, 6.685500932288e-05, 9.1425e+00, 4.5740e-01, 
 2DIAGNOSTIC,    12, -2.003480558038e-01, 2.451068590384e-05, 9.6059e+00, 4.6346e-01, 
 2DIAGNOSTIC,    13, -2.003477252030e-01, 1.628554590793e-06, 1.0060e+01, 4.5415e-01, 
 2DIAGNOSTIC,    14, -2.003476534604e-01, 1.961840126255e-06, 1.0513e+01, 4.5341e-01, 
 2DIAGNOSTIC,    15, -2.003467591342e-01, 1.696040161259e-06, 1.0967e+01, 4.5311e-01, 
 2DIAGNOSTIC,    16, -2.003467670586e-01, 1.572728368412e-06, 1.1365e+01, 3.9805e-01, 
 2DIAGNOSTIC,    17, -2.003465476992e-01, 1.456932969476e-06, 1.1817e+01, 4.5206e-01, 
 2DIAGNOSTIC,    18, -2.003466880661e-01, 1.380583302117e-06, 1.2214e+01, 3.9711e-01, 
 2DIAGNOSTIC,    19, -2.003469229213e-01, 1.335847427078e-06, 1.2671e+01, 4.5706e-01, 
 2DIAGNOSTIC,    20, -2.003471978334e-01, 1.346960912946e-06, 1.3119e+01, 4.4826e-01, 
 2DIAGNOSTIC,    21, -2.003471212658e-01, 1.381478209488e-06, 1.3621e+01, 5.0218e-01, 
 2DIAGNOSTIC,    22, -2.003462920504e-01, 1.349870036305e-06, 1.4075e+01, 4.5384e-01, 
 2DIAGNOSTIC,    23, -2.003462623979e-01, 1.308803813563e-06, 1.4476e+01, 4.0069e-01, 
 2DIAGNOSTIC,    24, -2.003462567105e-01, 1.273938510585e-06, 1.4927e+01, 4.5090e-01, 
 2DIAGNOSTIC,    25, -2.003465356000e-01, 1.210683621029e-06, 1.5327e+01, 4.0019e-01, 
 2DIAGNOSTIC,    26, -2.003467599323e-01, 1.171160495625e-06, 1.5775e+01, 4.4759e-01, 
 2DIAGNOSTIC,    27, -2.003469014760e-01, 1.136186510958e-06, 1.6218e+01, 4.4297e-01, 
 2DIAGNOSTIC,    28, -2.003463289543e-01, 1.085901342762e-06, 1.6662e+01, 4.4438e-01, 
